#
# There is insufficient memory for the Java Runtime Environment to continue.
# Native memory allocation (malloc) failed to allocate 736976 bytes for Chunk::new
# Possible reasons:
#   The system is out of physical RAM or swap space
#   The process is running with CompressedOops enabled, and the Java Heap may be blocking the growth of the native heap
# Possible solutions:
#   Reduce memory load on the system
#   Increase physical memory or swap space
#   Check if swap backing store is full
#   Decrease Java heap size (-Xmx/-Xms)
#   Decrease number of Java threads
#   Decrease Java thread stack sizes (-Xss)
#   Set larger code cache with -XX:ReservedCodeCacheSize=
#   JVM is running with Zero Based Compressed Oops mode in which the Java heap is
#     placed in the first 32GB address space. The Java Heap base address is the
#     maximum limit for the native heap growth. Please use -XX:HeapBaseMinAddress
#     to set the Java Heap base and to place the Java Heap above 32GB virtual address.
# This output file may be truncated or incomplete.
#
#  Out of Memory Error (arena.cpp:168), pid=10224, tid=9416
#
# JRE version: Java(TM) SE Runtime Environment (21.0.6+8) (build 21.0.6+8-LTS-188)
# Java VM: Java HotSpot(TM) 64-Bit Server VM (21.0.6+8-LTS-188, mixed mode, sharing, tiered, compressed oops, compressed class ptrs, g1 gc, windows-amd64)
# No core dump will be written. Minidumps are not enabled by default on client versions of Windows
#

---------------  S U M M A R Y ------------

Command Line: -Djava.util.logging.config.file=C:\Users\dell\AppData\Local\JetBrains\IntelliJIdea2024.3\tomcat\637303c7-005e-4fa5-a411-b0f41081b1ea\conf\logging.properties -Djava.util.logging.manager=org.apache.juli.ClassLoaderLogManager -javaagent:D:\CODE WEB\page-movie-management\apache-tomee-webprofile-10.0.0\lib\openejb-javaagent.jar -Dcom.sun.management.jmxremote= -Dcom.sun.management.jmxremote.port=1099 -Dcom.sun.management.jmxremote.ssl=false -Dcom.sun.management.jmxremote.password.file=C:\Users\dell\AppData\Local\JetBrains\IntelliJIdea2024.3\tomcat\637303c7-005e-4fa5-a411-b0f41081b1ea\jmxremote.password -Dcom.sun.management.jmxremote.access.file=C:\Users\dell\AppData\Local\JetBrains\IntelliJIdea2024.3\tomcat\637303c7-005e-4fa5-a411-b0f41081b1ea\jmxremote.access -Djava.rmi.server.hostname=127.0.0.1 -Dtomee.serialization.class.whitelist= -Dtomee.serialization.class.blacklist=- -Dtomee.remote.support=true -Dopenejb.system.apps=true -Djdk.tls.ephemeralDHKeySize=2048 -Djava.protocol.handler.pkgs=org.apache.catalina.webresources --add-opens=java.base/java.lang=ALL-UNNAMED --add-opens=java.base/java.io=ALL-UNNAMED --add-opens=java.base/java.util=ALL-UNNAMED --add-opens=java.base/java.util.concurrent=ALL-UNNAMED --add-opens=java.rmi/sun.rmi.transport=ALL-UNNAMED -Dcatalina.base=C:\Users\dell\AppData\Local\JetBrains\IntelliJIdea2024.3\tomcat\637303c7-005e-4fa5-a411-b0f41081b1ea -Dcatalina.home=D:\CODE WEB\page-movie-management\apache-tomee-webprofile-10.0.0 -Djava.io.tmpdir=C:\Users\dell\AppData\Local\JetBrains\IntelliJIdea2024.3\tomcat\637303c7-005e-4fa5-a411-b0f41081b1ea\temp org.apache.catalina.startup.Bootstrap start

Host: 11th Gen Intel(R) Core(TM) i5-1135G7 @ 2.40GHz, 8 cores, 15G,  Windows 10 , 64 bit Build 19041 (10.0.19041.5438)
Time: Wed Apr  2 23:40:47 2025 SE Asia Standard Time elapsed time: 0.488810 seconds (0d 0h 0m 0s)

---------------  T H R E A D  ---------------

Current thread (0x00000201fa4de810):  JavaThread "C2 CompilerThread1" daemon [_thread_in_native, id=9416, stack(0x000000a7bca00000,0x000000a7bcb00000) (1024K)]


Current CompileTask:
C2:    488 1025       4       jdk.internal.util.xml.impl.Parser::step (891 bytes)

Stack: [0x000000a7bca00000,0x000000a7bcb00000]
Native frames: (J=compiled Java code, j=interpreted, Vv=VM code, C=native code)
V  [jvm.dll+0x6ca6d9]
V  [jvm.dll+0x854f51]
V  [jvm.dll+0x85747e]
V  [jvm.dll+0x857b53]
V  [jvm.dll+0x27dcc6]
V  [jvm.dll+0xc4c2d]
V  [jvm.dll+0xc5163]
V  [jvm.dll+0x3b5122]
V  [jvm.dll+0x381855]
V  [jvm.dll+0x380cca]
V  [jvm.dll+0x246920]
V  [jvm.dll+0x245eff]
V  [jvm.dll+0x1c6d2e]
V  [jvm.dll+0x2554f9]
V  [jvm.dll+0x253a8a]
V  [jvm.dll+0x3ee576]
V  [jvm.dll+0x7ff2fb]
V  [jvm.dll+0x6c8dbd]
C  [ucrtbase.dll+0x21bb2]
C  [KERNEL32.DLL+0x17374]
C  [ntdll.dll+0x4cc91]


---------------  P R O C E S S  ---------------

Threads class SMR info:
_java_thread_list=0x00000201fa4fb090, length=14, elements={
0x00000201d8e9ddc0, 0x00000201fa026fe0, 0x00000201fa027b90, 0x00000201fa0288a0,
0x00000201fa0310b0, 0x00000201fa031b00, 0x00000201fa032550, 0x00000201fa0373c0,
0x00000201fa03d360, 0x00000201fa2107f0, 0x00000201fa4c8bb0, 0x00000201fa4de810,
0x00000201fa4a4c20, 0x00000201fa56e410
}

Java Threads: ( => current thread )
  0x00000201d8e9ddc0 JavaThread "main"                              [_thread_in_Java, id=1420, stack(0x000000a7bb800000,0x000000a7bb900000) (1024K)]
  0x00000201fa026fe0 JavaThread "Reference Handler"          daemon [_thread_blocked, id=20592, stack(0x000000a7bc000000,0x000000a7bc100000) (1024K)]
  0x00000201fa027b90 JavaThread "Finalizer"                  daemon [_thread_blocked, id=18740, stack(0x000000a7bc100000,0x000000a7bc200000) (1024K)]
  0x00000201fa0288a0 JavaThread "Signal Dispatcher"          daemon [_thread_blocked, id=20780, stack(0x000000a7bc200000,0x000000a7bc300000) (1024K)]
  0x00000201fa0310b0 JavaThread "Attach Listener"            daemon [_thread_blocked, id=16804, stack(0x000000a7bc300000,0x000000a7bc400000) (1024K)]
  0x00000201fa031b00 JavaThread "Service Thread"             daemon [_thread_blocked, id=8712, stack(0x000000a7bc400000,0x000000a7bc500000) (1024K)]
  0x00000201fa032550 JavaThread "Monitor Deflation Thread"   daemon [_thread_blocked, id=19892, stack(0x000000a7bc500000,0x000000a7bc600000) (1024K)]
  0x00000201fa0373c0 JavaThread "C2 CompilerThread0"         daemon [_thread_in_native, id=8476, stack(0x000000a7bc600000,0x000000a7bc700000) (1024K)]
  0x00000201fa03d360 JavaThread "C1 CompilerThread0"         daemon [_thread_in_vm, id=16088, stack(0x000000a7bc700000,0x000000a7bc800000) (1024K)]
  0x00000201fa2107f0 JavaThread "Common-Cleaner"             daemon [_thread_blocked, id=18604, stack(0x000000a7bc800000,0x000000a7bc900000) (1024K)]
  0x00000201fa4c8bb0 JavaThread "FileHandlerLogFilesCleaner-1" daemon [_thread_blocked, id=9580, stack(0x000000a7bc900000,0x000000a7bca00000) (1024K)]
=>0x00000201fa4de810 JavaThread "C2 CompilerThread1"         daemon [_thread_in_native, id=9416, stack(0x000000a7bca00000,0x000000a7bcb00000) (1024K)]
  0x00000201fa4a4c20 JavaThread "Notification Thread"        daemon [_thread_blocked, id=8816, stack(0x000000a7bcb00000,0x000000a7bcc00000) (1024K)]
  0x00000201fa56e410 JavaThread "C2 CompilerThread2"         daemon [_thread_in_native, id=9104, stack(0x000000a7bcc00000,0x000000a7bcd00000) (1024K)]
Total: 14

Other Threads:
  0x00000201d8e6eee0 VMThread "VM Thread"                           [id=13012, stack(0x000000a7bbf00000,0x000000a7bc000000) (1024K)]
  0x00000201f9ff69a0 WatcherThread "VM Periodic Task Thread"        [id=17768, stack(0x000000a7bbe00000,0x000000a7bbf00000) (1024K)]
  0x00000201d8e6f620 WorkerThread "GC Thread#0"                     [id=1524, stack(0x000000a7bb900000,0x000000a7bba00000) (1024K)]
  0x00000201dafeefd0 ConcurrentGCThread "G1 Main Marker"            [id=7820, stack(0x000000a7bba00000,0x000000a7bbb00000) (1024K)]
  0x00000201d8e70840 WorkerThread "G1 Conc#0"                       [id=21380, stack(0x000000a7bbb00000,0x000000a7bbc00000) (1024K)]
  0x00000201f9ecd940 ConcurrentGCThread "G1 Refine#0"               [id=7268, stack(0x000000a7bbc00000,0x000000a7bbd00000) (1024K)]
  0x00000201f9ece160 ConcurrentGCThread "G1 Service"                [id=10556, stack(0x000000a7bbd00000,0x000000a7bbe00000) (1024K)]
Total: 7

Threads with active compile tasks:
C2 CompilerThread0      500 1112       4       java.lang.String$CaseInsensitiveComparator::compare (13 bytes)
C1 CompilerThread0      500 1123   !   3       java.nio.DirectIntBufferU::get (34 bytes)
C2 CompilerThread1      500 1025       4       jdk.internal.util.xml.impl.Parser::step (891 bytes)
C2 CompilerThread2      500 1119       4       java.lang.StringBuilder::append (8 bytes)
Total: 4

VM state: not at safepoint (normal execution)

VM Mutex/Monitor currently owned by a thread:  ([mutex/lock_event])
[0x00007ff8ee6eca18] MethodCompileQueue_lock - owner thread: 0x00000201fa56e410

Heap address: 0x0000000704200000, size: 4030 MB, Compressed Oops mode: Zero based, Oop shift amount: 3

CDS archive(s) mapped at: [0x0000020180000000-0x0000020180c90000-0x0000020180c90000), size 13172736, SharedBaseAddress: 0x0000020180000000, ArchiveRelocationMode: 1.
Compressed class space mapped at: 0x0000020181000000-0x00000201c1000000, reserved size: 1073741824
Narrow klass base: 0x0000020180000000, Narrow klass shift: 0, Narrow klass range: 0x100000000

GC Precious Log:
 CardTable entry size: 512
 Card Set container configuration: InlinePtr #cards 4 size 8 Array Of Cards #cards 16 size 48 Howl #buckets 8 coarsen threshold 3686 Howl Bitmap #cards 512 size 80 coarsen threshold 460 Card regions per heap region 1 cards per card region 4096
 CPUs: 8 total, 8 available
 Memory: 16118M
 Large Page Support: Disabled
 NUMA Support: Disabled
 Compressed Oops: Enabled (Zero based)
 Heap Region Size: 2M
 Heap Min Capacity: 8M
 Heap Initial Capacity: 252M
 Heap Max Capacity: 4030M
 Pre-touch: Disabled
 Parallel Workers: 8
 Concurrent Workers: 2
 Concurrent Refinement Workers: 8
 Periodic GC: Disabled

Heap:
 garbage-first heap   total 258048K, used 12288K [0x0000000704200000, 0x0000000800000000)
  region size 2048K, 7 young (14336K), 0 survivors (0K)
 Metaspace       used 4827K, committed 4992K, reserved 1114112K
  class space    used 488K, committed 576K, reserved 1048576K

Heap Regions: E=young(eden), S=young(survivor), O=old, HS=humongous(starts), HC=humongous(continues), CS=collection set, F=free, TAMS=top-at-mark-start, PB=parsable bottom
|   0|0x0000000704200000, 0x0000000704200000, 0x0000000704400000|  0%| F|  |TAMS 0x0000000704200000| PB 0x0000000704200000| Untracked 
|   1|0x0000000704400000, 0x0000000704400000, 0x0000000704600000|  0%| F|  |TAMS 0x0000000704400000| PB 0x0000000704400000| Untracked 
|   2|0x0000000704600000, 0x0000000704600000, 0x0000000704800000|  0%| F|  |TAMS 0x0000000704600000| PB 0x0000000704600000| Untracked 
|   3|0x0000000704800000, 0x0000000704800000, 0x0000000704a00000|  0%| F|  |TAMS 0x0000000704800000| PB 0x0000000704800000| Untracked 
|   4|0x0000000704a00000, 0x0000000704a00000, 0x0000000704c00000|  0%| F|  |TAMS 0x0000000704a00000| PB 0x0000000704a00000| Untracked 
|   5|0x0000000704c00000, 0x0000000704c00000, 0x0000000704e00000|  0%| F|  |TAMS 0x0000000704c00000| PB 0x0000000704c00000| Untracked 
|   6|0x0000000704e00000, 0x0000000704e00000, 0x0000000705000000|  0%| F|  |TAMS 0x0000000704e00000| PB 0x0000000704e00000| Untracked 
|   7|0x0000000705000000, 0x0000000705000000, 0x0000000705200000|  0%| F|  |TAMS 0x0000000705000000| PB 0x0000000705000000| Untracked 
|   8|0x0000000705200000, 0x0000000705200000, 0x0000000705400000|  0%| F|  |TAMS 0x0000000705200000| PB 0x0000000705200000| Untracked 
|   9|0x0000000705400000, 0x0000000705400000, 0x0000000705600000|  0%| F|  |TAMS 0x0000000705400000| PB 0x0000000705400000| Untracked 
|  10|0x0000000705600000, 0x0000000705600000, 0x0000000705800000|  0%| F|  |TAMS 0x0000000705600000| PB 0x0000000705600000| Untracked 
|  11|0x0000000705800000, 0x0000000705800000, 0x0000000705a00000|  0%| F|  |TAMS 0x0000000705800000| PB 0x0000000705800000| Untracked 
|  12|0x0000000705a00000, 0x0000000705a00000, 0x0000000705c00000|  0%| F|  |TAMS 0x0000000705a00000| PB 0x0000000705a00000| Untracked 
|  13|0x0000000705c00000, 0x0000000705c00000, 0x0000000705e00000|  0%| F|  |TAMS 0x0000000705c00000| PB 0x0000000705c00000| Untracked 
|  14|0x0000000705e00000, 0x0000000705e00000, 0x0000000706000000|  0%| F|  |TAMS 0x0000000705e00000| PB 0x0000000705e00000| Untracked 
|  15|0x0000000706000000, 0x0000000706000000, 0x0000000706200000|  0%| F|  |TAMS 0x0000000706000000| PB 0x0000000706000000| Untracked 
|  16|0x0000000706200000, 0x0000000706200000, 0x0000000706400000|  0%| F|  |TAMS 0x0000000706200000| PB 0x0000000706200000| Untracked 
|  17|0x0000000706400000, 0x0000000706400000, 0x0000000706600000|  0%| F|  |TAMS 0x0000000706400000| PB 0x0000000706400000| Untracked 
|  18|0x0000000706600000, 0x0000000706600000, 0x0000000706800000|  0%| F|  |TAMS 0x0000000706600000| PB 0x0000000706600000| Untracked 
|  19|0x0000000706800000, 0x0000000706800000, 0x0000000706a00000|  0%| F|  |TAMS 0x0000000706800000| PB 0x0000000706800000| Untracked 
|  20|0x0000000706a00000, 0x0000000706a00000, 0x0000000706c00000|  0%| F|  |TAMS 0x0000000706a00000| PB 0x0000000706a00000| Untracked 
|  21|0x0000000706c00000, 0x0000000706c00000, 0x0000000706e00000|  0%| F|  |TAMS 0x0000000706c00000| PB 0x0000000706c00000| Untracked 
|  22|0x0000000706e00000, 0x0000000706e00000, 0x0000000707000000|  0%| F|  |TAMS 0x0000000706e00000| PB 0x0000000706e00000| Untracked 
|  23|0x0000000707000000, 0x0000000707000000, 0x0000000707200000|  0%| F|  |TAMS 0x0000000707000000| PB 0x0000000707000000| Untracked 
|  24|0x0000000707200000, 0x0000000707200000, 0x0000000707400000|  0%| F|  |TAMS 0x0000000707200000| PB 0x0000000707200000| Untracked 
|  25|0x0000000707400000, 0x0000000707400000, 0x0000000707600000|  0%| F|  |TAMS 0x0000000707400000| PB 0x0000000707400000| Untracked 
|  26|0x0000000707600000, 0x0000000707600000, 0x0000000707800000|  0%| F|  |TAMS 0x0000000707600000| PB 0x0000000707600000| Untracked 
|  27|0x0000000707800000, 0x0000000707800000, 0x0000000707a00000|  0%| F|  |TAMS 0x0000000707800000| PB 0x0000000707800000| Untracked 
|  28|0x0000000707a00000, 0x0000000707a00000, 0x0000000707c00000|  0%| F|  |TAMS 0x0000000707a00000| PB 0x0000000707a00000| Untracked 
|  29|0x0000000707c00000, 0x0000000707c00000, 0x0000000707e00000|  0%| F|  |TAMS 0x0000000707c00000| PB 0x0000000707c00000| Untracked 
|  30|0x0000000707e00000, 0x0000000707e00000, 0x0000000708000000|  0%| F|  |TAMS 0x0000000707e00000| PB 0x0000000707e00000| Untracked 
|  31|0x0000000708000000, 0x0000000708000000, 0x0000000708200000|  0%| F|  |TAMS 0x0000000708000000| PB 0x0000000708000000| Untracked 
|  32|0x0000000708200000, 0x0000000708200000, 0x0000000708400000|  0%| F|  |TAMS 0x0000000708200000| PB 0x0000000708200000| Untracked 
|  33|0x0000000708400000, 0x0000000708400000, 0x0000000708600000|  0%| F|  |TAMS 0x0000000708400000| PB 0x0000000708400000| Untracked 
|  34|0x0000000708600000, 0x0000000708600000, 0x0000000708800000|  0%| F|  |TAMS 0x0000000708600000| PB 0x0000000708600000| Untracked 
|  35|0x0000000708800000, 0x0000000708800000, 0x0000000708a00000|  0%| F|  |TAMS 0x0000000708800000| PB 0x0000000708800000| Untracked 
|  36|0x0000000708a00000, 0x0000000708a00000, 0x0000000708c00000|  0%| F|  |TAMS 0x0000000708a00000| PB 0x0000000708a00000| Untracked 
|  37|0x0000000708c00000, 0x0000000708c00000, 0x0000000708e00000|  0%| F|  |TAMS 0x0000000708c00000| PB 0x0000000708c00000| Untracked 
|  38|0x0000000708e00000, 0x0000000708e00000, 0x0000000709000000|  0%| F|  |TAMS 0x0000000708e00000| PB 0x0000000708e00000| Untracked 
|  39|0x0000000709000000, 0x0000000709000000, 0x0000000709200000|  0%| F|  |TAMS 0x0000000709000000| PB 0x0000000709000000| Untracked 
|  40|0x0000000709200000, 0x0000000709200000, 0x0000000709400000|  0%| F|  |TAMS 0x0000000709200000| PB 0x0000000709200000| Untracked 
|  41|0x0000000709400000, 0x0000000709400000, 0x0000000709600000|  0%| F|  |TAMS 0x0000000709400000| PB 0x0000000709400000| Untracked 
|  42|0x0000000709600000, 0x0000000709600000, 0x0000000709800000|  0%| F|  |TAMS 0x0000000709600000| PB 0x0000000709600000| Untracked 
|  43|0x0000000709800000, 0x0000000709800000, 0x0000000709a00000|  0%| F|  |TAMS 0x0000000709800000| PB 0x0000000709800000| Untracked 
|  44|0x0000000709a00000, 0x0000000709a00000, 0x0000000709c00000|  0%| F|  |TAMS 0x0000000709a00000| PB 0x0000000709a00000| Untracked 
|  45|0x0000000709c00000, 0x0000000709c00000, 0x0000000709e00000|  0%| F|  |TAMS 0x0000000709c00000| PB 0x0000000709c00000| Untracked 
|  46|0x0000000709e00000, 0x0000000709e00000, 0x000000070a000000|  0%| F|  |TAMS 0x0000000709e00000| PB 0x0000000709e00000| Untracked 
|  47|0x000000070a000000, 0x000000070a000000, 0x000000070a200000|  0%| F|  |TAMS 0x000000070a000000| PB 0x000000070a000000| Untracked 
|  48|0x000000070a200000, 0x000000070a200000, 0x000000070a400000|  0%| F|  |TAMS 0x000000070a200000| PB 0x000000070a200000| Untracked 
|  49|0x000000070a400000, 0x000000070a400000, 0x000000070a600000|  0%| F|  |TAMS 0x000000070a400000| PB 0x000000070a400000| Untracked 
|  50|0x000000070a600000, 0x000000070a600000, 0x000000070a800000|  0%| F|  |TAMS 0x000000070a600000| PB 0x000000070a600000| Untracked 
|  51|0x000000070a800000, 0x000000070a800000, 0x000000070aa00000|  0%| F|  |TAMS 0x000000070a800000| PB 0x000000070a800000| Untracked 
|  52|0x000000070aa00000, 0x000000070aa00000, 0x000000070ac00000|  0%| F|  |TAMS 0x000000070aa00000| PB 0x000000070aa00000| Untracked 
|  53|0x000000070ac00000, 0x000000070ac00000, 0x000000070ae00000|  0%| F|  |TAMS 0x000000070ac00000| PB 0x000000070ac00000| Untracked 
|  54|0x000000070ae00000, 0x000000070ae00000, 0x000000070b000000|  0%| F|  |TAMS 0x000000070ae00000| PB 0x000000070ae00000| Untracked 
|  55|0x000000070b000000, 0x000000070b000000, 0x000000070b200000|  0%| F|  |TAMS 0x000000070b000000| PB 0x000000070b000000| Untracked 
|  56|0x000000070b200000, 0x000000070b200000, 0x000000070b400000|  0%| F|  |TAMS 0x000000070b200000| PB 0x000000070b200000| Untracked 
|  57|0x000000070b400000, 0x000000070b400000, 0x000000070b600000|  0%| F|  |TAMS 0x000000070b400000| PB 0x000000070b400000| Untracked 
|  58|0x000000070b600000, 0x000000070b600000, 0x000000070b800000|  0%| F|  |TAMS 0x000000070b600000| PB 0x000000070b600000| Untracked 
|  59|0x000000070b800000, 0x000000070b800000, 0x000000070ba00000|  0%| F|  |TAMS 0x000000070b800000| PB 0x000000070b800000| Untracked 
|  60|0x000000070ba00000, 0x000000070ba00000, 0x000000070bc00000|  0%| F|  |TAMS 0x000000070ba00000| PB 0x000000070ba00000| Untracked 
|  61|0x000000070bc00000, 0x000000070bc00000, 0x000000070be00000|  0%| F|  |TAMS 0x000000070bc00000| PB 0x000000070bc00000| Untracked 
|  62|0x000000070be00000, 0x000000070be00000, 0x000000070c000000|  0%| F|  |TAMS 0x000000070be00000| PB 0x000000070be00000| Untracked 
|  63|0x000000070c000000, 0x000000070c000000, 0x000000070c200000|  0%| F|  |TAMS 0x000000070c000000| PB 0x000000070c000000| Untracked 
|  64|0x000000070c200000, 0x000000070c200000, 0x000000070c400000|  0%| F|  |TAMS 0x000000070c200000| PB 0x000000070c200000| Untracked 
|  65|0x000000070c400000, 0x000000070c400000, 0x000000070c600000|  0%| F|  |TAMS 0x000000070c400000| PB 0x000000070c400000| Untracked 
|  66|0x000000070c600000, 0x000000070c600000, 0x000000070c800000|  0%| F|  |TAMS 0x000000070c600000| PB 0x000000070c600000| Untracked 
|  67|0x000000070c800000, 0x000000070c800000, 0x000000070ca00000|  0%| F|  |TAMS 0x000000070c800000| PB 0x000000070c800000| Untracked 
|  68|0x000000070ca00000, 0x000000070ca00000, 0x000000070cc00000|  0%| F|  |TAMS 0x000000070ca00000| PB 0x000000070ca00000| Untracked 
|  69|0x000000070cc00000, 0x000000070cc00000, 0x000000070ce00000|  0%| F|  |TAMS 0x000000070cc00000| PB 0x000000070cc00000| Untracked 
|  70|0x000000070ce00000, 0x000000070ce00000, 0x000000070d000000|  0%| F|  |TAMS 0x000000070ce00000| PB 0x000000070ce00000| Untracked 
|  71|0x000000070d000000, 0x000000070d000000, 0x000000070d200000|  0%| F|  |TAMS 0x000000070d000000| PB 0x000000070d000000| Untracked 
|  72|0x000000070d200000, 0x000000070d200000, 0x000000070d400000|  0%| F|  |TAMS 0x000000070d200000| PB 0x000000070d200000| Untracked 
|  73|0x000000070d400000, 0x000000070d400000, 0x000000070d600000|  0%| F|  |TAMS 0x000000070d400000| PB 0x000000070d400000| Untracked 
|  74|0x000000070d600000, 0x000000070d600000, 0x000000070d800000|  0%| F|  |TAMS 0x000000070d600000| PB 0x000000070d600000| Untracked 
|  75|0x000000070d800000, 0x000000070d800000, 0x000000070da00000|  0%| F|  |TAMS 0x000000070d800000| PB 0x000000070d800000| Untracked 
|  76|0x000000070da00000, 0x000000070da00000, 0x000000070dc00000|  0%| F|  |TAMS 0x000000070da00000| PB 0x000000070da00000| Untracked 
|  77|0x000000070dc00000, 0x000000070dc00000, 0x000000070de00000|  0%| F|  |TAMS 0x000000070dc00000| PB 0x000000070dc00000| Untracked 
|  78|0x000000070de00000, 0x000000070de00000, 0x000000070e000000|  0%| F|  |TAMS 0x000000070de00000| PB 0x000000070de00000| Untracked 
|  79|0x000000070e000000, 0x000000070e000000, 0x000000070e200000|  0%| F|  |TAMS 0x000000070e000000| PB 0x000000070e000000| Untracked 
|  80|0x000000070e200000, 0x000000070e200000, 0x000000070e400000|  0%| F|  |TAMS 0x000000070e200000| PB 0x000000070e200000| Untracked 
|  81|0x000000070e400000, 0x000000070e400000, 0x000000070e600000|  0%| F|  |TAMS 0x000000070e400000| PB 0x000000070e400000| Untracked 
|  82|0x000000070e600000, 0x000000070e600000, 0x000000070e800000|  0%| F|  |TAMS 0x000000070e600000| PB 0x000000070e600000| Untracked 
|  83|0x000000070e800000, 0x000000070e800000, 0x000000070ea00000|  0%| F|  |TAMS 0x000000070e800000| PB 0x000000070e800000| Untracked 
|  84|0x000000070ea00000, 0x000000070ea00000, 0x000000070ec00000|  0%| F|  |TAMS 0x000000070ea00000| PB 0x000000070ea00000| Untracked 
|  85|0x000000070ec00000, 0x000000070ec00000, 0x000000070ee00000|  0%| F|  |TAMS 0x000000070ec00000| PB 0x000000070ec00000| Untracked 
|  86|0x000000070ee00000, 0x000000070ee00000, 0x000000070f000000|  0%| F|  |TAMS 0x000000070ee00000| PB 0x000000070ee00000| Untracked 
|  87|0x000000070f000000, 0x000000070f000000, 0x000000070f200000|  0%| F|  |TAMS 0x000000070f000000| PB 0x000000070f000000| Untracked 
|  88|0x000000070f200000, 0x000000070f200000, 0x000000070f400000|  0%| F|  |TAMS 0x000000070f200000| PB 0x000000070f200000| Untracked 
|  89|0x000000070f400000, 0x000000070f400000, 0x000000070f600000|  0%| F|  |TAMS 0x000000070f400000| PB 0x000000070f400000| Untracked 
|  90|0x000000070f600000, 0x000000070f600000, 0x000000070f800000|  0%| F|  |TAMS 0x000000070f600000| PB 0x000000070f600000| Untracked 
|  91|0x000000070f800000, 0x000000070f800000, 0x000000070fa00000|  0%| F|  |TAMS 0x000000070f800000| PB 0x000000070f800000| Untracked 
|  92|0x000000070fa00000, 0x000000070fa00000, 0x000000070fc00000|  0%| F|  |TAMS 0x000000070fa00000| PB 0x000000070fa00000| Untracked 
|  93|0x000000070fc00000, 0x000000070fc00000, 0x000000070fe00000|  0%| F|  |TAMS 0x000000070fc00000| PB 0x000000070fc00000| Untracked 
|  94|0x000000070fe00000, 0x000000070fe00000, 0x0000000710000000|  0%| F|  |TAMS 0x000000070fe00000| PB 0x000000070fe00000| Untracked 
|  95|0x0000000710000000, 0x0000000710000000, 0x0000000710200000|  0%| F|  |TAMS 0x0000000710000000| PB 0x0000000710000000| Untracked 
|  96|0x0000000710200000, 0x0000000710200000, 0x0000000710400000|  0%| F|  |TAMS 0x0000000710200000| PB 0x0000000710200000| Untracked 
|  97|0x0000000710400000, 0x0000000710400000, 0x0000000710600000|  0%| F|  |TAMS 0x0000000710400000| PB 0x0000000710400000| Untracked 
|  98|0x0000000710600000, 0x0000000710600000, 0x0000000710800000|  0%| F|  |TAMS 0x0000000710600000| PB 0x0000000710600000| Untracked 
|  99|0x0000000710800000, 0x0000000710800000, 0x0000000710a00000|  0%| F|  |TAMS 0x0000000710800000| PB 0x0000000710800000| Untracked 
| 100|0x0000000710a00000, 0x0000000710a00000, 0x0000000710c00000|  0%| F|  |TAMS 0x0000000710a00000| PB 0x0000000710a00000| Untracked 
| 101|0x0000000710c00000, 0x0000000710c00000, 0x0000000710e00000|  0%| F|  |TAMS 0x0000000710c00000| PB 0x0000000710c00000| Untracked 
| 102|0x0000000710e00000, 0x0000000710e00000, 0x0000000711000000|  0%| F|  |TAMS 0x0000000710e00000| PB 0x0000000710e00000| Untracked 
| 103|0x0000000711000000, 0x0000000711000000, 0x0000000711200000|  0%| F|  |TAMS 0x0000000711000000| PB 0x0000000711000000| Untracked 
| 104|0x0000000711200000, 0x0000000711200000, 0x0000000711400000|  0%| F|  |TAMS 0x0000000711200000| PB 0x0000000711200000| Untracked 
| 105|0x0000000711400000, 0x0000000711400000, 0x0000000711600000|  0%| F|  |TAMS 0x0000000711400000| PB 0x0000000711400000| Untracked 
| 106|0x0000000711600000, 0x0000000711600000, 0x0000000711800000|  0%| F|  |TAMS 0x0000000711600000| PB 0x0000000711600000| Untracked 
| 107|0x0000000711800000, 0x0000000711800000, 0x0000000711a00000|  0%| F|  |TAMS 0x0000000711800000| PB 0x0000000711800000| Untracked 
| 108|0x0000000711a00000, 0x0000000711a00000, 0x0000000711c00000|  0%| F|  |TAMS 0x0000000711a00000| PB 0x0000000711a00000| Untracked 
| 109|0x0000000711c00000, 0x0000000711c00000, 0x0000000711e00000|  0%| F|  |TAMS 0x0000000711c00000| PB 0x0000000711c00000| Untracked 
| 110|0x0000000711e00000, 0x0000000711e00000, 0x0000000712000000|  0%| F|  |TAMS 0x0000000711e00000| PB 0x0000000711e00000| Untracked 
| 111|0x0000000712000000, 0x0000000712000000, 0x0000000712200000|  0%| F|  |TAMS 0x0000000712000000| PB 0x0000000712000000| Untracked 
| 112|0x0000000712200000, 0x0000000712200000, 0x0000000712400000|  0%| F|  |TAMS 0x0000000712200000| PB 0x0000000712200000| Untracked 
| 113|0x0000000712400000, 0x0000000712400000, 0x0000000712600000|  0%| F|  |TAMS 0x0000000712400000| PB 0x0000000712400000| Untracked 
| 114|0x0000000712600000, 0x0000000712600000, 0x0000000712800000|  0%| F|  |TAMS 0x0000000712600000| PB 0x0000000712600000| Untracked 
| 115|0x0000000712800000, 0x0000000712800000, 0x0000000712a00000|  0%| F|  |TAMS 0x0000000712800000| PB 0x0000000712800000| Untracked 
| 116|0x0000000712a00000, 0x0000000712a00000, 0x0000000712c00000|  0%| F|  |TAMS 0x0000000712a00000| PB 0x0000000712a00000| Untracked 
| 117|0x0000000712c00000, 0x0000000712c00000, 0x0000000712e00000|  0%| F|  |TAMS 0x0000000712c00000| PB 0x0000000712c00000| Untracked 
| 118|0x0000000712e00000, 0x0000000712e00000, 0x0000000713000000|  0%| F|  |TAMS 0x0000000712e00000| PB 0x0000000712e00000| Untracked 
| 119|0x0000000713000000, 0x00000007131ccfa8, 0x0000000713200000| 90%| E|  |TAMS 0x0000000713000000| PB 0x0000000713000000| Complete 
| 120|0x0000000713200000, 0x0000000713400000, 0x0000000713400000|100%| E|CS|TAMS 0x0000000713200000| PB 0x0000000713200000| Complete 
| 121|0x0000000713400000, 0x0000000713600000, 0x0000000713600000|100%| E|CS|TAMS 0x0000000713400000| PB 0x0000000713400000| Complete 
| 122|0x0000000713600000, 0x0000000713800000, 0x0000000713800000|100%| E|CS|TAMS 0x0000000713600000| PB 0x0000000713600000| Complete 
| 123|0x0000000713800000, 0x0000000713a00000, 0x0000000713a00000|100%| E|CS|TAMS 0x0000000713800000| PB 0x0000000713800000| Complete 
| 124|0x0000000713a00000, 0x0000000713c00000, 0x0000000713c00000|100%| E|CS|TAMS 0x0000000713a00000| PB 0x0000000713a00000| Complete 
| 125|0x0000000713c00000, 0x0000000713e00000, 0x0000000713e00000|100%| E|CS|TAMS 0x0000000713c00000| PB 0x0000000713c00000| Complete 

Card table byte_map: [0x00000201f2f20000,0x00000201f3700000] _byte_map_base: 0x00000201ef6ff000

Marking Bits: (CMBitMap*) 0x00000201dafde960
 Bits: [0x00000201f3700000, 0x00000201f75f8000)

Polling page: 0x00000201d8e50000

Metaspace:

Usage:
  Non-class:      4.26 MB used.
      Class:    490.80 KB used.
       Both:      4.74 MB used.

Virtual space:
  Non-class space:       64.00 MB reserved,       4.38 MB (  7%) committed,  1 nodes.
      Class space:        1.00 GB reserved,     576.00 KB ( <1%) committed,  1 nodes.
             Both:        1.06 GB reserved,       4.94 MB ( <1%) committed. 

Chunk freelists:
   Non-Class:  10.75 MB
       Class:  15.25 MB
        Both:  26.00 MB

MaxMetaspaceSize: unlimited
CompressedClassSpaceSize: 1.00 GB
Initial GC threshold: 21.00 MB
Current GC threshold: 21.00 MB
CDS: on
 - commit_granule_bytes: 65536.
 - commit_granule_words: 8192.
 - virtual_space_node_default_size: 8388608.
 - enlarge_chunks_in_place: 1.
 - use_allocation_guard: 0.


Internal statistics:

num_allocs_failed_limit: 0.
num_arena_births: 144.
num_arena_deaths: 0.
num_vsnodes_births: 2.
num_vsnodes_deaths: 0.
num_space_committed: 79.
num_space_uncommitted: 0.
num_chunks_returned_to_freelist: 0.
num_chunks_taken_from_freelist: 203.
num_chunk_merges: 0.
num_chunk_splits: 113.
num_chunks_enlarged: 33.
num_inconsistent_stats: 0.

CodeHeap 'non-profiled nmethods': size=120000Kb used=345Kb max_used=345Kb free=119654Kb
 bounds [0x00000201eaed0000, 0x00000201eb140000, 0x00000201f2400000]
CodeHeap 'profiled nmethods': size=120000Kb used=1825Kb max_used=1825Kb free=118174Kb
 bounds [0x00000201e3400000, 0x00000201e3670000, 0x00000201ea930000]
CodeHeap 'non-nmethods': size=5760Kb used=1527Kb max_used=1542Kb free=4232Kb
 bounds [0x00000201ea930000, 0x00000201eaba0000, 0x00000201eaed0000]
 total_blobs=1610 nmethods=1123 adapters=392
 compilation: enabled
              stopped_count=0, restarted_count=0
 full_count=0

Compilation events (20 events):
Event: 0.482 Thread 0x00000201fa03d360 nmethod 1094 0x00000201e35bac10 code [0x00000201e35badc0, 0x00000201e35bb038]
Event: 0.482 Thread 0x00000201fa03d360 1095       3       java.lang.ref.Cleaner$1::apply (5 bytes)
Event: 0.482 Thread 0x00000201fa03d360 nmethod 1095 0x00000201e35bb110 code [0x00000201e35bb2a0, 0x00000201e35bb3b8]
Event: 0.483 Thread 0x00000201fa03d360 1096       3       java.lang.invoke.MethodHandles$Lookup::isArrayClone (50 bytes)
Event: 0.483 Thread 0x00000201fa03d360 nmethod 1096 0x00000201e35bb490 code [0x00000201e35bb6a0, 0x00000201e35bbd78]
Event: 0.483 Thread 0x00000201fa03d360 1097       3       sun.invoke.util.VerifyAccess::isMemberAccessible (338 bytes)
Event: 0.484 Thread 0x00000201fa03d360 nmethod 1097 0x00000201e35bbf90 code [0x00000201e35bc320, 0x00000201e35bd5e0]
Event: 0.484 Thread 0x00000201fa03d360 1099       3       com.sun.jmx.mbeanserver.MXBeanSupport::transitiveInterfaces (64 bytes)
Event: 0.485 Thread 0x00000201fa03d360 nmethod 1099 0x00000201e35bdb10 code [0x00000201e35bdd20, 0x00000201e35be1d8]
Event: 0.485 Thread 0x00000201fa03d360 1098       3       jdk.internal.access.SharedSecrets::getJavaLangAccess (4 bytes)
Event: 0.485 Thread 0x00000201fa03d360 nmethod 1098 0x00000201e35be410 code [0x00000201e35be5a0, 0x00000201e35be6a0]
Event: 0.486 Thread 0x00000201fa03d360 1100       3       jdk.internal.reflect.ReflectionFactory::copyMethod (11 bytes)
Event: 0.486 Thread 0x00000201fa03d360 nmethod 1100 0x00000201e35be710 code [0x00000201e35be8c0, 0x00000201e35beab8]
Event: 0.486 Thread 0x00000201fa03d360 1101       3       java.lang.reflect.ReflectAccess::copyMethod (5 bytes)
Event: 0.486 Thread 0x00000201fa03d360 nmethod 1101 0x00000201e35bec10 code [0x00000201e35bedc0, 0x00000201e35bef00]
Event: 0.486 Thread 0x00000201fa03d360 1102       3       java.lang.reflect.Method::copy (84 bytes)
Event: 0.486 Thread 0x00000201fa03d360 nmethod 1102 0x00000201e35bf010 code [0x00000201e35bf1e0, 0x00000201e35bf630]
Event: 0.486 Thread 0x00000201fa03d360 1103       3       java.lang.reflect.Method::<init> (68 bytes)
Event: 0.487 Thread 0x00000201fa56e410 1104       4       java.lang.Class::getClassLoader (28 bytes)
Event: 0.487 Thread 0x00000201fa03d360 nmethod 1103 0x00000201e35bf710 code [0x00000201e35bf8e0, 0x00000201e35bfec0]

GC Heap History (0 events):
No events

Dll operation events (11 events):
Event: 0.007 Loaded shared library D:\java\jdk21\bin\java.dll
Event: 0.038 Loaded shared library D:\java\jdk21\bin\jsvml.dll
Event: 0.082 Loaded shared library D:\java\jdk21\bin\zip.dll
Event: 0.085 Loaded shared library D:\java\jdk21\bin\instrument.dll
Event: 0.089 Loaded shared library D:\java\jdk21\bin\net.dll
Event: 0.090 Loaded shared library D:\java\jdk21\bin\nio.dll
Event: 0.093 Loaded shared library D:\java\jdk21\bin\zip.dll
Event: 0.151 Loaded shared library D:\java\jdk21\bin\jimage.dll
Event: 0.290 Loaded shared library D:\java\jdk21\bin\management_agent.dll
Event: 0.292 Loaded shared library D:\java\jdk21\bin\management.dll
Event: 0.302 Loaded shared library D:\java\jdk21\bin\management_ext.dll

Deoptimization events (20 events):
Event: 0.445 Thread 0x00000201d8e9ddc0 Uncommon trap: trap_request=0xffffff76 fr.pc=0x00000201eaef67e4 relative=0x0000000000000464
Event: 0.445 Thread 0x00000201d8e9ddc0 Uncommon trap: reason=predicate action=maybe_recompile pc=0x00000201eaef67e4 method=java.util.regex.Pattern$Start.match(Ljava/util/regex/Matcher;ILjava/lang/CharSequence;)Z @ 34 c2
Event: 0.445 Thread 0x00000201d8e9ddc0 DEOPT PACKING pc=0x00000201eaef67e4 sp=0x000000a7bb8fd7f0
Event: 0.445 Thread 0x00000201d8e9ddc0 DEOPT UNPACKING pc=0x00000201ea987da2 sp=0x000000a7bb8fd760 mode 2
Event: 0.445 Thread 0x00000201d8e9ddc0 Uncommon trap: trap_request=0xffffff45 fr.pc=0x00000201eaf1b9e8 relative=0x00000000000000c8
Event: 0.445 Thread 0x00000201d8e9ddc0 Uncommon trap: reason=unstable_if action=reinterpret pc=0x00000201eaf1b9e8 method=jdk.internal.util.xml.impl.Parser.bappend(CC)V @ 1 c2
Event: 0.445 Thread 0x00000201d8e9ddc0 DEOPT PACKING pc=0x00000201eaf1b9e8 sp=0x000000a7bb8fd590
Event: 0.445 Thread 0x00000201d8e9ddc0 DEOPT UNPACKING pc=0x00000201ea987da2 sp=0x000000a7bb8fd518 mode 2
Event: 0.445 Thread 0x00000201d8e9ddc0 Uncommon trap: trap_request=0xffffff45 fr.pc=0x00000201eaf1b614 relative=0x0000000000000074
Event: 0.445 Thread 0x00000201d8e9ddc0 Uncommon trap: reason=unstable_if action=reinterpret pc=0x00000201eaf1b614 method=jdk.internal.util.xml.impl.Parser.ensureCapacity(I)V @ 40 c2
Event: 0.445 Thread 0x00000201d8e9ddc0 DEOPT PACKING pc=0x00000201eaf1b614 sp=0x000000a7bb8fd590
Event: 0.445 Thread 0x00000201d8e9ddc0 DEOPT UNPACKING pc=0x00000201ea987da2 sp=0x000000a7bb8fd508 mode 2
Event: 0.469 Thread 0x00000201d8e9ddc0 Uncommon trap: trap_request=0xffffffde fr.pc=0x00000201eaf0f3f8 relative=0x0000000000000318
Event: 0.469 Thread 0x00000201d8e9ddc0 Uncommon trap: reason=class_check action=maybe_recompile pc=0x00000201eaf0f3f8 method=java.util.HashMap.getNode(Ljava/lang/Object;)Ljava/util/HashMap$Node; @ 128 c2
Event: 0.469 Thread 0x00000201d8e9ddc0 DEOPT PACKING pc=0x00000201eaf0f3f8 sp=0x000000a7bb8fde20
Event: 0.469 Thread 0x00000201d8e9ddc0 DEOPT UNPACKING pc=0x00000201ea987da2 sp=0x000000a7bb8fdd88 mode 2
Event: 0.469 Thread 0x00000201d8e9ddc0 Uncommon trap: trap_request=0xffffffde fr.pc=0x00000201eaf0f3f8 relative=0x0000000000000318
Event: 0.469 Thread 0x00000201d8e9ddc0 Uncommon trap: reason=class_check action=maybe_recompile pc=0x00000201eaf0f3f8 method=java.util.HashMap.getNode(Ljava/lang/Object;)Ljava/util/HashMap$Node; @ 128 c2
Event: 0.469 Thread 0x00000201d8e9ddc0 DEOPT PACKING pc=0x00000201eaf0f3f8 sp=0x000000a7bb8fde20
Event: 0.469 Thread 0x00000201d8e9ddc0 DEOPT UNPACKING pc=0x00000201ea987da2 sp=0x000000a7bb8fdd88 mode 2

Classes loaded (20 events):
Event: 0.480 Loading class java/lang/management/BufferPoolMXBean done
Event: 0.482 Loading class sun/management/ManagementFactoryHelper$1
Event: 0.482 Loading class sun/management/ManagementFactoryHelper$1 done
Event: 0.484 Loading class jdk/management/jfr/SettingDescriptorInfo
Event: 0.484 Loading class jdk/management/jfr/SettingDescriptorInfo done
Event: 0.484 Loading class jdk/management/jfr/SettingDescriptorInfo$1
Event: 0.484 Loading class jdk/management/jfr/SettingDescriptorInfo$1 done
Event: 0.484 Loading class jdk/management/jfr/FlightRecorderMXBeanImpl
Event: 0.484 Loading class jdk/management/jfr/FlightRecorderMXBeanImpl done
Event: 0.484 Loading class javax/management/AttributeChangeNotification
Event: 0.485 Loading class javax/management/AttributeChangeNotification done
Event: 0.485 Loading class sun/reflect/generics/tree/LongSignature
Event: 0.485 Loading class sun/reflect/generics/tree/LongSignature done
Event: 0.485 Loading class sun/reflect/generics/tree/VoidDescriptor
Event: 0.485 Loading class sun/reflect/generics/tree/VoidDescriptor done
Event: 0.485 Loading class jdk/management/jfr/RecordingInfo
Event: 0.486 Loading class jdk/management/jfr/RecordingInfo done
Event: 0.486 Loading class jdk/management/jfr/ConfigurationInfo
Event: 0.486 Loading class jdk/management/jfr/ConfigurationInfo done
Event: 0.487 Loading class jdk/management/jfr/EventTypeInfo

Classes unloaded (0 events):
No events

Classes redefined (0 events):
No events

Internal exceptions (7 events):
Event: 0.116 Thread 0x00000201d8e9ddc0 Exception <a 'java/lang/NoSuchMethodError'{0x0000000713b72c10}: 'void java.lang.invoke.DirectMethodHandle$Holder.invokeStatic(java.lang.Object, java.lang.Object)'> (0x0000000713b72c10) 
thrown [s\open\src\hotspot\share\interpreter\linkResolver.cpp, line 773]
Event: 0.269 Thread 0x00000201d8e9ddc0 Exception <a 'java/lang/NoSuchMethodError'{0x0000000713999680}: 'void java.lang.invoke.DirectMethodHandle$Holder.invokeStatic(java.lang.Object, java.lang.Object, java.lang.Object)'> (0x0000000713999680) 
thrown [s\open\src\hotspot\share\interpreter\linkResolver.cpp, line 773]
Event: 0.273 Thread 0x00000201d8e9ddc0 Exception <a 'java/lang/NoSuchMethodError'{0x00000007139adfb0}: 'java.lang.Object java.lang.invoke.Invokers$Holder.invokeExact_MT(java.lang.Object, java.lang.Object, java.lang.Object, java.lang.Object, java.lang.Object)'> (0x00000007139adfb0) 
thrown [s\open\src\hotspot\share\interpreter\linkResolver.cpp, line 773]
Event: 0.306 Thread 0x00000201d8e9ddc0 Exception <a 'java/lang/NoSuchMethodError'{0x00000007137458d8}: 'int java.lang.invoke.DirectMethodHandle$Holder.invokeInterface(java.lang.Object, java.lang.Object)'> (0x00000007137458d8) 
thrown [s\open\src\hotspot\share\interpreter\linkResolver.cpp, line 773]
Event: 0.307 Thread 0x00000201d8e9ddc0 Exception <a 'java/lang/IncompatibleClassChangeError'{0x0000000713748c00}: Found class java.lang.Object, but interface was expected> (0x0000000713748c00) 
thrown [s\open\src\hotspot\share\interpreter\linkResolver.cpp, line 840]
Event: 0.350 Thread 0x00000201d8e9ddc0 Exception <a 'java/lang/NoSuchMethodError'{0x0000000713487408}: 'int java.lang.invoke.DirectMethodHandle$Holder.invokeSpecial(java.lang.Object, java.lang.Object, java.lang.Object)'> (0x0000000713487408) 
thrown [s\open\src\hotspot\share\interpreter\linkResolver.cpp, line 773]
Event: 0.388 Thread 0x00000201d8e9ddc0 Exception <a 'java/lang/NoSuchMethodError'{0x00000007135d3ee8}: 'java.lang.Object java.lang.invoke.DirectMethodHandle$Holder.invokeStaticInit(java.lang.Object, java.lang.Object, java.lang.Object)'> (0x00000007135d3ee8) 
thrown [s\open\src\hotspot\share\interpreter\linkResolver.cpp, line 773]

ZGC Phase Switch (0 events):
No events

VM Operations (2 events):
Event: 0.066 Executing VM operation: HandshakeAllThreads (Deoptimize)
Event: 0.066 Executing VM operation: HandshakeAllThreads (Deoptimize) done

Events (14 events):
Event: 0.022 Thread 0x00000201d8e9ddc0 Thread added: 0x00000201d8e9ddc0
Event: 0.036 Thread 0x00000201fa026fe0 Thread added: 0x00000201fa026fe0
Event: 0.036 Thread 0x00000201fa027b90 Thread added: 0x00000201fa027b90
Event: 0.036 Thread 0x00000201fa0288a0 Thread added: 0x00000201fa0288a0
Event: 0.036 Thread 0x00000201fa0310b0 Thread added: 0x00000201fa0310b0
Event: 0.036 Thread 0x00000201fa031b00 Thread added: 0x00000201fa031b00
Event: 0.036 Thread 0x00000201fa032550 Thread added: 0x00000201fa032550
Event: 0.036 Thread 0x00000201fa0373c0 Thread added: 0x00000201fa0373c0
Event: 0.036 Thread 0x00000201fa03d360 Thread added: 0x00000201fa03d360
Event: 0.058 Thread 0x00000201fa2107f0 Thread added: 0x00000201fa2107f0
Event: 0.255 Thread 0x00000201fa4c8bb0 Thread added: 0x00000201fa4c8bb0
Event: 0.263 Thread 0x00000201fa4de810 Thread added: 0x00000201fa4de810
Event: 0.274 Thread 0x00000201fa4a4c20 Thread added: 0x00000201fa4a4c20
Event: 0.455 Thread 0x00000201fa56e410 Thread added: 0x00000201fa56e410


Dynamic libraries:
0x00007ff7c1ba0000 - 0x00007ff7c1bb0000 	D:\java\jdk21\bin\java.exe
0x00007ff94a170000 - 0x00007ff94a368000 	C:\WINDOWS\SYSTEM32\ntdll.dll
0x00007ff949550000 - 0x00007ff949612000 	C:\WINDOWS\System32\KERNEL32.DLL
0x00007ff947bb0000 - 0x00007ff947eaf000 	C:\WINDOWS\System32\KERNELBASE.dll
0x00007ff947a10000 - 0x00007ff947b10000 	C:\WINDOWS\System32\ucrtbase.dll
0x00007ff943c60000 - 0x00007ff943c7b000 	D:\java\jdk21\bin\VCRUNTIME140.dll
0x00007ff943c80000 - 0x00007ff943c99000 	D:\java\jdk21\bin\jli.dll
0x00007ff948250000 - 0x00007ff9482ff000 	C:\WINDOWS\System32\ADVAPI32.dll
0x00007ff948860000 - 0x00007ff9488fe000 	C:\WINDOWS\System32\msvcrt.dll
0x00007ff948330000 - 0x00007ff9483cf000 	C:\WINDOWS\System32\sechost.dll
0x00007ff948c40000 - 0x00007ff948d63000 	C:\WINDOWS\System32\RPCRT4.dll
0x00007ff947810000 - 0x00007ff947837000 	C:\WINDOWS\System32\bcrypt.dll
0x00007ff9483d0000 - 0x00007ff94856d000 	C:\WINDOWS\System32\USER32.dll
0x00007ff9480d0000 - 0x00007ff9480f2000 	C:\WINDOWS\System32\win32u.dll
0x00007ff948830000 - 0x00007ff94885b000 	C:\WINDOWS\System32\GDI32.dll
0x00007ff935490000 - 0x00007ff93572a000 	C:\WINDOWS\WinSxS\amd64_microsoft.windows.common-controls_6595b64144ccf1df_6.0.19041.4355_none_60b8b9eb71f62e16\COMCTL32.dll
0x00007ff9478f0000 - 0x00007ff947a0a000 	C:\WINDOWS\System32\gdi32full.dll
0x00007ff947b10000 - 0x00007ff947bad000 	C:\WINDOWS\System32\msvcp_win.dll
0x00007ff940450000 - 0x00007ff94045a000 	C:\WINDOWS\SYSTEM32\VERSION.dll
0x00007ff948300000 - 0x00007ff94832f000 	C:\WINDOWS\System32\IMM32.DLL
0x00007ff943cf0000 - 0x00007ff943cfc000 	D:\java\jdk21\bin\vcruntime140_1.dll
0x00007ff925970000 - 0x00007ff9259fe000 	D:\java\jdk21\bin\msvcp140.dll
0x00007ff8edab0000 - 0x00007ff8ee7ca000 	D:\java\jdk21\bin\server\jvm.dll
0x00007ff948b60000 - 0x00007ff948bcb000 	C:\WINDOWS\System32\WS2_32.dll
0x00007ff9475c0000 - 0x00007ff94760b000 	C:\WINDOWS\SYSTEM32\POWRPROF.dll
0x00007ff93bac0000 - 0x00007ff93bae7000 	C:\WINDOWS\SYSTEM32\WINMM.dll
0x00007ff947530000 - 0x00007ff947542000 	C:\WINDOWS\SYSTEM32\UMPDC.dll
0x00007ff946030000 - 0x00007ff946042000 	C:\WINDOWS\SYSTEM32\kernel.appcore.dll
0x00007ff943c50000 - 0x00007ff943c5a000 	D:\java\jdk21\bin\jimage.dll
0x00007ff945400000 - 0x00007ff9455e4000 	C:\WINDOWS\SYSTEM32\DBGHELP.DLL
0x00007ff926dd0000 - 0x00007ff926e04000 	C:\WINDOWS\SYSTEM32\dbgcore.DLL
0x00007ff948100000 - 0x00007ff948182000 	C:\WINDOWS\System32\bcryptPrimitives.dll
0x00007ff93ecf0000 - 0x00007ff93ecff000 	D:\java\jdk21\bin\instrument.dll
0x00007ff941c50000 - 0x00007ff941c6f000 	D:\java\jdk21\bin\java.dll
0x00007ff9499c0000 - 0x00007ff94a12d000 	C:\WINDOWS\System32\SHELL32.dll
0x00007ff945870000 - 0x00007ff946014000 	C:\WINDOWS\SYSTEM32\windows.storage.dll
0x00007ff9491f0000 - 0x00007ff949545000 	C:\WINDOWS\System32\combase.dll
0x00007ff9471d0000 - 0x00007ff9471fb000 	C:\WINDOWS\SYSTEM32\Wldp.dll
0x00007ff949620000 - 0x00007ff9496ed000 	C:\WINDOWS\System32\OLEAUT32.dll
0x00007ff948900000 - 0x00007ff9489ad000 	C:\WINDOWS\System32\SHCORE.dll
0x00007ff948190000 - 0x00007ff9481e5000 	C:\WINDOWS\System32\shlwapi.dll
0x00007ff947740000 - 0x00007ff947765000 	C:\WINDOWS\SYSTEM32\profapi.dll
0x00007ff9244c0000 - 0x00007ff924597000 	D:\java\jdk21\bin\jsvml.dll
0x00007ff92a5f0000 - 0x00007ff92a608000 	D:\java\jdk21\bin\zip.dll
0x00007ff93d350000 - 0x00007ff93d360000 	D:\java\jdk21\bin\net.dll
0x00007ff9447d0000 - 0x00007ff9448da000 	C:\WINDOWS\SYSTEM32\WINHTTP.dll
0x00007ff946f30000 - 0x00007ff946f9c000 	C:\WINDOWS\system32\mswsock.dll
0x00007ff92c270000 - 0x00007ff92c286000 	D:\java\jdk21\bin\nio.dll
0x00007ff93d360000 - 0x00007ff93d369000 	D:\java\jdk21\bin\management_agent.dll
0x00007ff9358b0000 - 0x00007ff9358ba000 	D:\java\jdk21\bin\management.dll
0x00007ff92a620000 - 0x00007ff92a62b000 	D:\java\jdk21\bin\management_ext.dll
0x00007ff949820000 - 0x00007ff949828000 	C:\WINDOWS\System32\PSAPI.DLL
0x00007ff943d30000 - 0x00007ff943d47000 	C:\WINDOWS\system32\napinsp.dll
0x00007ff943cc0000 - 0x00007ff943cdb000 	C:\WINDOWS\system32\pnrpnsp.dll
0x00007ff921440000 - 0x00007ff921455000 	C:\WINDOWS\system32\wshbth.dll
0x00007ff9448e0000 - 0x00007ff9448fd000 	C:\WINDOWS\system32\NLAapi.dll
0x00007ff946c10000 - 0x00007ff946c4b000 	C:\WINDOWS\SYSTEM32\IPHLPAPI.DLL
0x00007ff946c50000 - 0x00007ff946d1a000 	C:\WINDOWS\SYSTEM32\DNSAPI.dll
0x00007ff949810000 - 0x00007ff949818000 	C:\WINDOWS\System32\NSI.dll
0x00007ff943ca0000 - 0x00007ff943cb2000 	C:\WINDOWS\System32\winrnr.dll
0x00007ff9415d0000 - 0x00007ff9415da000 	C:\Windows\System32\rasadhlp.dll
0x00007ff9402c0000 - 0x00007ff940340000 	C:\WINDOWS\System32\fwpuclnt.dll

dbghelp: loaded successfully - version: 4.0.5 - missing functions: none
symbol engine: initialized successfully - sym options: 0x614 - pdb path: .;D:\java\jdk21\bin;C:\WINDOWS\SYSTEM32;C:\WINDOWS\WinSxS\amd64_microsoft.windows.common-controls_6595b64144ccf1df_6.0.19041.4355_none_60b8b9eb71f62e16;D:\java\jdk21\bin\server

VM Arguments:
jvm_args: -Djava.util.logging.config.file=C:\Users\dell\AppData\Local\JetBrains\IntelliJIdea2024.3\tomcat\637303c7-005e-4fa5-a411-b0f41081b1ea\conf\logging.properties -Djava.util.logging.manager=org.apache.juli.ClassLoaderLogManager -javaagent:D:\CODE WEB\page-movie-management\apache-tomee-webprofile-10.0.0\lib\openejb-javaagent.jar -Dcom.sun.management.jmxremote= -Dcom.sun.management.jmxremote.port=1099 -Dcom.sun.management.jmxremote.ssl=false -Dcom.sun.management.jmxremote.password.file=C:\Users\dell\AppData\Local\JetBrains\IntelliJIdea2024.3\tomcat\637303c7-005e-4fa5-a411-b0f41081b1ea\jmxremote.password -Dcom.sun.management.jmxremote.access.file=C:\Users\dell\AppData\Local\JetBrains\IntelliJIdea2024.3\tomcat\637303c7-005e-4fa5-a411-b0f41081b1ea\jmxremote.access -Djava.rmi.server.hostname=127.0.0.1 -Dtomee.serialization.class.whitelist= -Dtomee.serialization.class.blacklist=- -Dtomee.remote.support=true -Dopenejb.system.apps=true -Djdk.tls.ephemeralDHKeySize=2048 -Djava.protocol.handler.pkgs=org.apache.catalina.webresources --add-opens=java.base/java.lang=ALL-UNNAMED --add-opens=java.base/java.io=ALL-UNNAMED --add-opens=java.base/java.util=ALL-UNNAMED --add-opens=java.base/java.util.concurrent=ALL-UNNAMED --add-opens=java.rmi/sun.rmi.transport=ALL-UNNAMED -Dcatalina.base=C:\Users\dell\AppData\Local\JetBrains\IntelliJIdea2024.3\tomcat\637303c7-005e-4fa5-a411-b0f41081b1ea -Dcatalina.home=D:\CODE WEB\page-movie-management\apache-tomee-webprofile-10.0.0 -Djava.io.tmpdir=C:\Users\dell\AppData\Local\JetBrains\IntelliJIdea2024.3\tomcat\637303c7-005e-4fa5-a411-b0f41081b1ea\temp 
java_command: org.apache.catalina.startup.Bootstrap start
java_class_path (initial): D:\CODE WEB\page-movie-management\apache-tomee-webprofile-10.0.0\bin\bootstrap.jar;D:\CODE WEB\page-movie-management\apache-tomee-webprofile-10.0.0\bin\tomcat-juli.jar
Launcher Type: SUN_STANDARD

[Global flags]
     intx CICompilerCount                          = 4                                         {product} {ergonomic}
     uint ConcGCThreads                            = 2                                         {product} {ergonomic}
     uint G1ConcRefinementThreads                  = 8                                         {product} {ergonomic}
   size_t G1HeapRegionSize                         = 2097152                                   {product} {ergonomic}
    uintx GCDrainStackTargetSize                   = 64                                        {product} {ergonomic}
   size_t InitialHeapSize                          = 264241152                                 {product} {ergonomic}
     bool ManagementServer                         = true                                      {product} {command line}
   size_t MarkStackSize                            = 4194304                                   {product} {ergonomic}
   size_t MaxHeapSize                              = 4225761280                                {product} {ergonomic}
   size_t MaxNewSize                               = 2535456768                                {product} {ergonomic}
   size_t MinHeapDeltaBytes                        = 2097152                                   {product} {ergonomic}
   size_t MinHeapSize                              = 8388608                                   {product} {ergonomic}
    uintx NonNMethodCodeHeapSize                   = 5839372                                {pd product} {ergonomic}
    uintx NonProfiledCodeHeapSize                  = 122909434                              {pd product} {ergonomic}
    uintx ProfiledCodeHeapSize                     = 122909434                              {pd product} {ergonomic}
    uintx ReservedCodeCacheSize                    = 251658240                              {pd product} {ergonomic}
     bool SegmentedCodeCache                       = true                                      {product} {ergonomic}
   size_t SoftMaxHeapSize                          = 4225761280                             {manageable} {ergonomic}
     bool UseCompressedOops                        = true                           {product lp64_product} {ergonomic}
     bool UseG1GC                                  = true                                      {product} {ergonomic}
     bool UseLargePagesIndividualAllocation        = false                                  {pd product} {ergonomic}

Logging:
Log output configuration:
 #0: stdout all=warning uptime,level,tags foldmultilines=false
 #1: stderr all=off uptime,level,tags foldmultilines=false

Environment Variables:
JAVA_HOME=D:\java\jdk21
CLASSPATH=D:\CODE WEB\page-movie-management\apache-tomee-webprofile-10.0.0\bin\bootstrap.jar;D:\CODE WEB\page-movie-management\apache-tomee-webprofile-10.0.0\bin\tomcat-juli.jar
PATH=C:\Program Files\Microsoft MPI\Bin\;C:\Program Files\Common Files\Oracle\Java\javapath;C:\WINDOWS\system32;C:\WINDOWS;C:\WINDOWS\System32\Wbem;C:\WINDOWS\System32\WindowsPowerShell\v1.0\;C:\WINDOWS\System32\OpenSSH\;C:\Program Files\Microsoft SQL Server\Client SDK\ODBC\170\Tools\Binn\;D:\Install\bin;D:\Git\cmd;D:\XAMPP\php;C:\ProgramData\ComposerSetup\bin;C:\mingw64\bin;C:\TDM-GCC-32\bin;D:\notejs\;D:\XAMPP\mysql\bin;D:\Maven\bin;D:\Maven\apache-maven-3.9.9\bin;C:\Program Files (x86)\Microsoft SQL Server\160\Tools\Binn\;C:\Program Files\Microsoft SQL Server\160\Tools\Binn\;C:\Program Files\Microsoft SQL Server\160\DTS\Binn\;C:\Program Files (x86)\Microsoft SQL Server\160\DTS\Binn\;D:\python\Scripts\;D:\python\;D:\java\jdk21\bin;D:\Microsoft VS Code\bin;C:\Users\dell\AppData\Roaming\Composer\vendor\bin;C:\mingw64\bin;C:\Users\dell\AppData\Roaming\npm;D:\nodejs;D:\PyCharm\PyCharm Community Edition 2024.2.4\bin;;D:\Wireshark;D:\python3.10;D:\python39;D:\JetBrains\IntelliJ IDEA 2024.3.4.1\bin;;D:\Maven\bin;
USERNAME=dell
OS=Windows_NT
PROCESSOR_IDENTIFIER=Intel64 Family 6 Model 140 Stepping 1, GenuineIntel
TMP=C:\Users\dell\AppData\Local\Temp
TEMP=C:\Users\dell\AppData\Local\Temp




Periodic native trim disabled

---------------  S Y S T E M  ---------------

OS:
 Windows 10 , 64 bit Build 19041 (10.0.19041.5438)
OS uptime: 1 days 4:03 hours

CPU: total 8 (initial active 8) (4 cores per cpu, 2 threads per core) family 6 model 140 stepping 1 microcode 0xba, cx8, cmov, fxsr, ht, mmx, 3dnowpref, sse, sse2, sse3, ssse3, sse4.1, sse4.2, popcnt, lzcnt, tsc, tscinvbit, avx, avx2, aes, erms, clmul, bmi1, bmi2, adx, avx512f, avx512dq, avx512cd, avx512bw, avx512vl, sha, fma, vzeroupper, avx512_vpopcntdq, avx512_vpclmulqdq, avx512_vaes, avx512_vnni, clflush, clflushopt, clwb, avx512_vbmi2, avx512_vbmi, rdtscp, rdpid, fsrm, gfni, avx512_bitalg, f16c, pku, cet_ibt, cet_ss, avx512_ifma
Processor Information for all 8 processors :
  Max Mhz: 2419, Current Mhz: 2419, Mhz Limit: 2419

Memory: 4k page, system-wide physical 16118M (5152M free)
TotalPageFile size 17082M (AvailPageFile size 5M)
current process WorkingSet (physical memory assigned to process): 64M, peak: 65M
current process commit charge ("private bytes"): 348M, peak: 348M

vm_info: Java HotSpot(TM) 64-Bit Server VM (21.0.6+8-LTS-188) for windows-amd64 JRE (21.0.6+8-LTS-188), built on 2024-12-03T10:50:54Z by "mach5one" with MS VC++ 17.6 (VS2022)

END.
