#
# There is insufficient memory for the Java Runtime Environment to continue.
# Native memory allocation (malloc) failed to allocate 2423376 bytes for Chunk::new
# Possible reasons:
#   The system is out of physical RAM or swap space
#   The process is running with CompressedOops enabled, and the Java Heap may be blocking the growth of the native heap
# Possible solutions:
#   Reduce memory load on the system
#   Increase physical memory or swap space
#   Check if swap backing store is full
#   Decrease Java heap size (-Xmx/-Xms)
#   Decrease number of Java threads
#   Decrease Java thread stack sizes (-Xss)
#   Set larger code cache with -XX:ReservedCodeCacheSize=
#   JVM is running with Zero Based Compressed Oops mode in which the Java heap is
#     placed in the first 32GB address space. The Java Heap base address is the
#     maximum limit for the native heap growth. Please use -XX:HeapBaseMinAddress
#     to set the Java Heap base and to place the Java Heap above 32GB virtual address.
# This output file may be truncated or incomplete.
#
#  Out of Memory Error (arena.cpp:168), pid=20884, tid=9344
#
# JRE version: Java(TM) SE Runtime Environment (21.0.6+8) (build 21.0.6+8-LTS-188)
# Java VM: Java HotSpot(TM) 64-Bit Server VM (21.0.6+8-LTS-188, mixed mode, sharing, tiered, compressed oops, compressed class ptrs, g1 gc, windows-amd64)
# No core dump will be written. Minidumps are not enabled by default on client versions of Windows
#

---------------  S U M M A R Y ------------

Command Line: -Djava.util.logging.config.file=C:\Users\dell\AppData\Local\JetBrains\IntelliJIdea2024.3\tomcat\637303c7-005e-4fa5-a411-b0f41081b1ea\conf\logging.properties -Djava.util.logging.manager=org.apache.juli.ClassLoaderLogManager -javaagent:D:\CODE WEB\page-movie-management\apache-tomee-webprofile-10.0.0\lib\openejb-javaagent.jar -Dcom.sun.management.jmxremote= -Dcom.sun.management.jmxremote.port=1099 -Dcom.sun.management.jmxremote.ssl=false -Dcom.sun.management.jmxremote.password.file=C:\Users\dell\AppData\Local\JetBrains\IntelliJIdea2024.3\tomcat\637303c7-005e-4fa5-a411-b0f41081b1ea\jmxremote.password -Dcom.sun.management.jmxremote.access.file=C:\Users\dell\AppData\Local\JetBrains\IntelliJIdea2024.3\tomcat\637303c7-005e-4fa5-a411-b0f41081b1ea\jmxremote.access -Djava.rmi.server.hostname=127.0.0.1 -Dtomee.serialization.class.whitelist= -Dtomee.serialization.class.blacklist=- -Dtomee.remote.support=true -Dopenejb.system.apps=true -Djdk.tls.ephemeralDHKeySize=2048 -Djava.protocol.handler.pkgs=org.apache.catalina.webresources --add-opens=java.base/java.lang=ALL-UNNAMED --add-opens=java.base/java.io=ALL-UNNAMED --add-opens=java.base/java.util=ALL-UNNAMED --add-opens=java.base/java.util.concurrent=ALL-UNNAMED --add-opens=java.rmi/sun.rmi.transport=ALL-UNNAMED -Dcatalina.base=C:\Users\dell\AppData\Local\JetBrains\IntelliJIdea2024.3\tomcat\637303c7-005e-4fa5-a411-b0f41081b1ea -Dcatalina.home=D:\CODE WEB\page-movie-management\apache-tomee-webprofile-10.0.0 -Djava.io.tmpdir=C:\Users\dell\AppData\Local\JetBrains\IntelliJIdea2024.3\tomcat\637303c7-005e-4fa5-a411-b0f41081b1ea\temp org.apache.catalina.startup.Bootstrap start

Host: 11th Gen Intel(R) Core(TM) i5-1135G7 @ 2.40GHz, 8 cores, 15G,  Windows 10 , 64 bit Build 19041 (10.0.19041.5438)
Time: Wed Apr  2 23:36:57 2025 SE Asia Standard Time elapsed time: 19.834792 seconds (0d 0h 0m 19s)

---------------  T H R E A D  ---------------

Current thread (0x00000172808533e0):  JavaThread "C2 CompilerThread2" daemon [_thread_in_native, id=9344, stack(0x000000108da00000,0x000000108db00000) (1024K)]


Current CompileTask:
C2:  19834 7369       4       org.eclipse.jdt.internal.compiler.lookup.BinaryTypeBinding::createMethod (1719 bytes)

Stack: [0x000000108da00000,0x000000108db00000]
Native frames: (J=compiled Java code, j=interpreted, Vv=VM code, C=native code)
V  [jvm.dll+0x6ca6d9]
V  [jvm.dll+0x854f51]
V  [jvm.dll+0x85747e]
V  [jvm.dll+0x857b53]
V  [jvm.dll+0x27dcc6]
V  [jvm.dll+0xc4c2d]
V  [jvm.dll+0xc5163]
V  [jvm.dll+0x3b5122]
V  [jvm.dll+0x381855]
V  [jvm.dll+0x380cca]
V  [jvm.dll+0x246920]
V  [jvm.dll+0x245eff]
V  [jvm.dll+0x1c6d2e]
V  [jvm.dll+0x2554f9]
V  [jvm.dll+0x253a8a]
V  [jvm.dll+0x3ee576]
V  [jvm.dll+0x7ff2fb]
V  [jvm.dll+0x6c8dbd]
C  [ucrtbase.dll+0x21bb2]
C  [KERNEL32.DLL+0x17374]
C  [ntdll.dll+0x4cc91]


---------------  P R O C E S S  ---------------

Threads class SMR info:
_java_thread_list=0x00000172811b37e0, length=42, elements={
0x0000017295fa8f50, 0x00000172b7188570, 0x00000172b718b390, 0x00000172b718d0b0,
0x00000172b718ed90, 0x00000172b71917f0, 0x00000172b7192240, 0x00000172b7194fd0,
0x00000172b71a2f80, 0x00000172b715ad80, 0x00000172b763dbc0, 0x00000172b764d3f0,
0x00000172b7995a60, 0x00000172b79974a0, 0x00000172b7996780, 0x00000172b7994d40,
0x00000172b7997b30, 0x00000172b79960f0, 0x00000172b7996e10, 0x00000172b79981c0,
0x00000172fe3b9200, 0x00000172fe3bac40, 0x00000172fe3bbff0, 0x00000172fe3bb2d0,
0x00000172fe3bc680, 0x00000172fe3bcd10, 0x00000172fe3b9890, 0x00000172fe3b5d80,
0x00000172fe3bb960, 0x00000172fe3b9f20, 0x00000172fe3bd3a0, 0x00000172fe3b6410,
0x00000172fe3b6aa0, 0x00000172fe3ba5b0, 0x00000172fe3b7130, 0x00000172fe3b77c0,
0x00000172fe3b7e50, 0x00000172fe3b84e0, 0x00000172b79953d0, 0x00000172fe3b8b70,
0x0000017280854850, 0x00000172808533e0
}

Java Threads: ( => current thread )
  0x0000017295fa8f50 JavaThread "main"                              [_thread_in_native, id=6660, stack(0x000000108a400000,0x000000108a500000) (1024K)]
  0x00000172b7188570 JavaThread "Reference Handler"          daemon [_thread_blocked, id=3796, stack(0x000000108ac00000,0x000000108ad00000) (1024K)]
  0x00000172b718b390 JavaThread "Finalizer"                  daemon [_thread_blocked, id=16564, stack(0x000000108ad00000,0x000000108ae00000) (1024K)]
  0x00000172b718d0b0 JavaThread "Signal Dispatcher"          daemon [_thread_blocked, id=12444, stack(0x000000108ae00000,0x000000108af00000) (1024K)]
  0x00000172b718ed90 JavaThread "Attach Listener"            daemon [_thread_blocked, id=7600, stack(0x000000108af00000,0x000000108b000000) (1024K)]
  0x00000172b71917f0 JavaThread "Service Thread"             daemon [_thread_blocked, id=15156, stack(0x000000108b000000,0x000000108b100000) (1024K)]
  0x00000172b7192240 JavaThread "Monitor Deflation Thread"   daemon [_thread_blocked, id=16880, stack(0x000000108b100000,0x000000108b200000) (1024K)]
  0x00000172b7194fd0 JavaThread "C2 CompilerThread0"         daemon [_thread_blocked, id=1244, stack(0x000000108b200000,0x000000108b300000) (1024K)]
  0x00000172b71a2f80 JavaThread "C1 CompilerThread0"         daemon [_thread_blocked, id=19168, stack(0x000000108b300000,0x000000108b400000) (1024K)]
  0x00000172b715ad80 JavaThread "Common-Cleaner"             daemon [_thread_blocked, id=6016, stack(0x000000108b400000,0x000000108b500000) (1024K)]
  0x00000172b763dbc0 JavaThread "FileHandlerLogFilesCleaner-1" daemon [_thread_blocked, id=15744, stack(0x000000108b600000,0x000000108b700000) (1024K)]
  0x00000172b764d3f0 JavaThread "Notification Thread"        daemon [_thread_blocked, id=9416, stack(0x000000108b700000,0x000000108b800000) (1024K)]
  0x00000172b7995a60 JavaThread "RMI TCP Accept-0"           daemon [_thread_in_native, id=17920, stack(0x000000108b900000,0x000000108ba00000) (1024K)]
  0x00000172b79974a0 JavaThread "RMI TCP Accept-1099"        daemon [_thread_in_native, id=2968, stack(0x000000108ba00000,0x000000108bb00000) (1024K)]
  0x00000172b7996780 JavaThread "RMI TCP Accept-0"           daemon [_thread_in_native, id=19288, stack(0x000000108bb00000,0x000000108bc00000) (1024K)]
  0x00000172b7994d40 JavaThread "RMI TCP Connection(1)-127.0.0.1" daemon [_thread_in_native, id=19564, stack(0x000000108c300000,0x000000108c400000) (1024K)]
  0x00000172b7997b30 JavaThread "RMI Scheduler(0)"           daemon [_thread_blocked, id=2184, stack(0x000000108c400000,0x000000108c500000) (1024K)]
  0x00000172b79960f0 JavaThread "RMI TCP Connection(2)-127.0.0.1" daemon [_thread_in_native, id=8976, stack(0x000000108c500000,0x000000108c600000) (1024K)]
  0x00000172b7996e10 JavaThread "AsyncFileHandlerWriter-1"   daemon [_thread_blocked, id=844, stack(0x000000108c600000,0x000000108c700000) (1024K)]
  0x00000172b79981c0 JavaThread "mysql-cj-abandoned-connection-cleanup" daemon [_thread_blocked, id=12916, stack(0x000000108c700000,0x000000108c800000) (1024K)]
  0x00000172fe3b9200 JavaThread "RetryTimer"                 daemon [_thread_blocked, id=19784, stack(0x000000108c800000,0x000000108c900000) (1024K)]
  0x00000172fe3bac40 JavaThread "Tomcat JDBC Pool Cleaner[1935972447:1743611799756]" daemon [_thread_blocked, id=9964, stack(0x000000108c900000,0x000000108ca00000) (1024K)]
  0x00000172fe3bbff0 JavaThread "DelayedCachedOutputStreamCleaner" daemon [_thread_blocked, id=1392, stack(0x000000108cb00000,0x000000108cc00000) (1024K)]
  0x00000172fe3bb2d0 JavaThread "Catalina-utility-1"                [_thread_blocked, id=11316, stack(0x000000108cc00000,0x000000108cd00000) (1024K)]
  0x00000172fe3bc680 JavaThread "Catalina-utility-2"                [_thread_blocked, id=6668, stack(0x000000108cd00000,0x000000108ce00000) (1024K)]
  0x00000172fe3bcd10 JavaThread "http-nio-8080-exec-1"       daemon [_thread_blocked, id=8388, stack(0x000000108ce00000,0x000000108cf00000) (1024K)]
  0x00000172fe3b9890 JavaThread "http-nio-8080-exec-2"       daemon [_thread_blocked, id=16872, stack(0x000000108cf00000,0x000000108d000000) (1024K)]
  0x00000172fe3b5d80 JavaThread "http-nio-8080-exec-3"       daemon [_thread_blocked, id=16476, stack(0x000000108d000000,0x000000108d100000) (1024K)]
  0x00000172fe3bb960 JavaThread "http-nio-8080-exec-4"       daemon [_thread_blocked, id=19264, stack(0x000000108d100000,0x000000108d200000) (1024K)]
  0x00000172fe3b9f20 JavaThread "http-nio-8080-exec-5"       daemon [_thread_blocked, id=3084, stack(0x000000108d200000,0x000000108d300000) (1024K)]
  0x00000172fe3bd3a0 JavaThread "http-nio-8080-exec-6"       daemon [_thread_blocked, id=18808, stack(0x000000108d300000,0x000000108d400000) (1024K)]
  0x00000172fe3b6410 JavaThread "http-nio-8080-exec-7"       daemon [_thread_blocked, id=4612, stack(0x000000108d400000,0x000000108d500000) (1024K)]
  0x00000172fe3b6aa0 JavaThread "http-nio-8080-exec-8"       daemon [_thread_blocked, id=17056, stack(0x000000108d500000,0x000000108d600000) (1024K)]
  0x00000172fe3ba5b0 JavaThread "http-nio-8080-exec-9"       daemon [_thread_blocked, id=19076, stack(0x000000108d600000,0x000000108d700000) (1024K)]
  0x00000172fe3b7130 JavaThread "http-nio-8080-exec-10"      daemon [_thread_blocked, id=9680, stack(0x000000108d700000,0x000000108d800000) (1024K)]
  0x00000172fe3b77c0 JavaThread "http-nio-8080-Poller"       daemon [_thread_in_native, id=2908, stack(0x000000108d800000,0x000000108d900000) (1024K)]
  0x00000172fe3b7e50 JavaThread "http-nio-8080-Acceptor"     daemon [_thread_in_native, id=4012, stack(0x000000108d900000,0x000000108da00000) (1024K)]
  0x00000172fe3b84e0 JavaThread "Thread-24"                  daemon [_thread_blocked, id=19292, stack(0x000000108b500000,0x000000108b600000) (1024K)]
  0x00000172b79953d0 JavaThread "mysql-cj-abandoned-connection-cleanup" daemon [_thread_blocked, id=11804, stack(0x000000108db00000,0x000000108dc00000) (1024K)]
  0x00000172fe3b8b70 JavaThread "Default Stateless Container - 1" daemon [_thread_blocked, id=15988, stack(0x000000108dc00000,0x000000108dd00000) (1024K)]
  0x0000017280854850 JavaThread "C2 CompilerThread1"         daemon [_thread_blocked, id=17476, stack(0x000000108b800000,0x000000108b900000) (1024K)]
=>0x00000172808533e0 JavaThread "C2 CompilerThread2"         daemon [_thread_in_native, id=9344, stack(0x000000108da00000,0x000000108db00000) (1024K)]
Total: 42

Other Threads:
  0x00000172b716d910 VMThread "VM Thread"                           [id=16780, stack(0x000000108ab00000,0x000000108ac00000) (1024K)]
  0x00000172b7158ee0 WatcherThread "VM Periodic Task Thread"        [id=8752, stack(0x000000108aa00000,0x000000108ab00000) (1024K)]
  0x000001729814ed00 WorkerThread "GC Thread#0"                     [id=7496, stack(0x000000108a500000,0x000000108a600000) (1024K)]
  0x00000172b770f0e0 WorkerThread "GC Thread#1"                     [id=8912, stack(0x000000108bc00000,0x000000108bd00000) (1024K)]
  0x00000172b770f480 WorkerThread "GC Thread#2"                     [id=20820, stack(0x000000108bd00000,0x000000108be00000) (1024K)]
  0x00000172b770f820 WorkerThread "GC Thread#3"                     [id=14936, stack(0x000000108be00000,0x000000108bf00000) (1024K)]
  0x00000172b770fbc0 WorkerThread "GC Thread#4"                     [id=6852, stack(0x000000108bf00000,0x000000108c000000) (1024K)]
  0x00000172b78757b0 WorkerThread "GC Thread#5"                     [id=12588, stack(0x000000108c000000,0x000000108c100000) (1024K)]
  0x00000172b7b50a70 WorkerThread "GC Thread#6"                     [id=2308, stack(0x000000108c100000,0x000000108c200000) (1024K)]
  0x00000172b7b50e10 WorkerThread "GC Thread#7"                     [id=9244, stack(0x000000108c200000,0x000000108c300000) (1024K)]
  0x000001729606de90 ConcurrentGCThread "G1 Main Marker"            [id=8816, stack(0x000000108a600000,0x000000108a700000) (1024K)]
  0x000001729606e8a0 WorkerThread "G1 Conc#0"                       [id=16012, stack(0x000000108a700000,0x000000108a800000) (1024K)]
  0x00000172fdf8e1b0 WorkerThread "G1 Conc#1"                       [id=8444, stack(0x000000108ca00000,0x000000108cb00000) (1024K)]
  0x00000172981ae510 ConcurrentGCThread "G1 Refine#0"               [id=12876, stack(0x000000108a800000,0x000000108a900000) (1024K)]
  0x00000172b702b530 ConcurrentGCThread "G1 Service"                [id=15104, stack(0x000000108a900000,0x000000108aa00000) (1024K)]
Total: 15

Threads with active compile tasks:
C2 CompilerThread2    19854 7369       4       org.eclipse.jdt.internal.compiler.lookup.BinaryTypeBinding::createMethod (1719 bytes)
Total: 1

VM state: not at safepoint (normal execution)

VM Mutex/Monitor currently owned by a thread: None

Heap address: 0x0000000704200000, size: 4030 MB, Compressed Oops mode: Zero based, Oop shift amount: 3

CDS archive(s) mapped at: [0x00000172b8000000-0x00000172b8c90000-0x00000172b8c90000), size 13172736, SharedBaseAddress: 0x00000172b8000000, ArchiveRelocationMode: 1.
Compressed class space mapped at: 0x00000172b9000000-0x00000172f9000000, reserved size: 1073741824
Narrow klass base: 0x00000172b8000000, Narrow klass shift: 0, Narrow klass range: 0x100000000

GC Precious Log:
 CardTable entry size: 512
 Card Set container configuration: InlinePtr #cards 4 size 8 Array Of Cards #cards 16 size 48 Howl #buckets 8 coarsen threshold 3686 Howl Bitmap #cards 512 size 80 coarsen threshold 460 Card regions per heap region 1 cards per card region 4096
 CPUs: 8 total, 8 available
 Memory: 16118M
 Large Page Support: Disabled
 NUMA Support: Disabled
 Compressed Oops: Enabled (Zero based)
 Heap Region Size: 2M
 Heap Min Capacity: 8M
 Heap Initial Capacity: 252M
 Heap Max Capacity: 4030M
 Pre-touch: Disabled
 Parallel Workers: 8
 Concurrent Workers: 2
 Concurrent Refinement Workers: 8
 Periodic GC: Disabled

Heap:
 garbage-first heap   total 356352K, used 135142K [0x0000000704200000, 0x0000000800000000)
  region size 2048K, 20 young (40960K), 6 survivors (12288K)
 Metaspace       used 65028K, committed 65856K, reserved 1114112K
  class space    used 7042K, committed 7424K, reserved 1048576K

Heap Regions: E=young(eden), S=young(survivor), O=old, HS=humongous(starts), HC=humongous(continues), CS=collection set, F=free, TAMS=top-at-mark-start, PB=parsable bottom
|   0|0x0000000704200000, 0x0000000704400000, 0x0000000704400000|100%| O|  |TAMS 0x0000000704200000| PB 0x0000000704200000| Untracked 
|   1|0x0000000704400000, 0x0000000704600000, 0x0000000704600000|100%| O|  |TAMS 0x0000000704400000| PB 0x0000000704400000| Untracked 
|   2|0x0000000704600000, 0x00000007047fade8, 0x0000000704800000| 98%| O|  |TAMS 0x0000000704600000| PB 0x0000000704600000| Untracked 
|   3|0x0000000704800000, 0x0000000704a00000, 0x0000000704a00000|100%| O|  |TAMS 0x0000000704800000| PB 0x0000000704800000| Untracked 
|   4|0x0000000704a00000, 0x0000000704c00000, 0x0000000704c00000|100%| O|  |TAMS 0x0000000704a00000| PB 0x0000000704a00000| Untracked 
|   5|0x0000000704c00000, 0x0000000704dbb8e8, 0x0000000704e00000| 86%| O|  |TAMS 0x0000000704c00000| PB 0x0000000704c00000| Untracked 
|   6|0x0000000704e00000, 0x0000000705000000, 0x0000000705000000|100%| O|Cm|TAMS 0x0000000704e00000| PB 0x0000000704e00000| Complete 
|   7|0x0000000705000000, 0x0000000705200000, 0x0000000705200000|100%| O|  |TAMS 0x0000000705000000| PB 0x0000000705000000| Untracked 
|   8|0x0000000705200000, 0x0000000705400000, 0x0000000705400000|100%| O|  |TAMS 0x0000000705200000| PB 0x0000000705200000| Untracked 
|   9|0x0000000705400000, 0x0000000705600000, 0x0000000705600000|100%| O|  |TAMS 0x0000000705400000| PB 0x0000000705400000| Untracked 
|  10|0x0000000705600000, 0x0000000705800000, 0x0000000705800000|100%| O|  |TAMS 0x0000000705600000| PB 0x0000000705600000| Untracked 
|  11|0x0000000705800000, 0x0000000705a00000, 0x0000000705a00000|100%| O|  |TAMS 0x0000000705800000| PB 0x0000000705800000| Untracked 
|  12|0x0000000705a00000, 0x0000000705a00000, 0x0000000705c00000|  0%| F|  |TAMS 0x0000000705a00000| PB 0x0000000705a00000| Untracked 
|  13|0x0000000705c00000, 0x0000000705e00000, 0x0000000705e00000|100%| O|  |TAMS 0x0000000705c00000| PB 0x0000000705c00000| Untracked 
|  14|0x0000000705e00000, 0x0000000706000000, 0x0000000706000000|100%| O|Cm|TAMS 0x0000000705e00000| PB 0x0000000705e00000| Complete 
|  15|0x0000000706000000, 0x0000000706200000, 0x0000000706200000|100%| O|  |TAMS 0x0000000706000000| PB 0x0000000706000000| Untracked 
|  16|0x0000000706200000, 0x0000000706400000, 0x0000000706400000|100%| O|  |TAMS 0x0000000706200000| PB 0x0000000706200000| Untracked 
|  17|0x0000000706400000, 0x0000000706600000, 0x0000000706600000|100%| O|  |TAMS 0x0000000706400000| PB 0x0000000706400000| Untracked 
|  18|0x0000000706600000, 0x0000000706800000, 0x0000000706800000|100%| O|  |TAMS 0x0000000706600000| PB 0x0000000706600000| Untracked 
|  19|0x0000000706800000, 0x0000000706a00000, 0x0000000706a00000|100%| O|  |TAMS 0x0000000706800000| PB 0x0000000706800000| Untracked 
|  20|0x0000000706a00000, 0x0000000706c00000, 0x0000000706c00000|100%| O|  |TAMS 0x0000000706a00000| PB 0x0000000706a00000| Untracked 
|  21|0x0000000706c00000, 0x0000000706e00000, 0x0000000706e00000|100%| O|  |TAMS 0x0000000706c00000| PB 0x0000000706c00000| Untracked 
|  22|0x0000000706e00000, 0x0000000707000000, 0x0000000707000000|100%| O|  |TAMS 0x0000000706e00000| PB 0x0000000706e00000| Untracked 
|  23|0x0000000707000000, 0x0000000707200000, 0x0000000707200000|100%| O|  |TAMS 0x0000000707000000| PB 0x0000000707000000| Untracked 
|  24|0x0000000707200000, 0x0000000707400000, 0x0000000707400000|100%| O|  |TAMS 0x0000000707200000| PB 0x0000000707200000| Untracked 
|  25|0x0000000707400000, 0x0000000707600000, 0x0000000707600000|100%| O|  |TAMS 0x0000000707400000| PB 0x0000000707400000| Untracked 
|  26|0x0000000707600000, 0x0000000707800000, 0x0000000707800000|100%| O|  |TAMS 0x0000000707600000| PB 0x0000000707600000| Untracked 
|  27|0x0000000707800000, 0x0000000707a00000, 0x0000000707a00000|100%| O|  |TAMS 0x0000000707800000| PB 0x0000000707800000| Untracked 
|  28|0x0000000707a00000, 0x0000000707c00000, 0x0000000707c00000|100%| O|  |TAMS 0x0000000707a00000| PB 0x0000000707a00000| Untracked 
|  29|0x0000000707c00000, 0x0000000707e00000, 0x0000000707e00000|100%| O|  |TAMS 0x0000000707c00000| PB 0x0000000707c00000| Untracked 
|  30|0x0000000707e00000, 0x0000000708000000, 0x0000000708000000|100%| O|  |TAMS 0x0000000707e00000| PB 0x0000000707e00000| Untracked 
|  31|0x0000000708000000, 0x0000000708200000, 0x0000000708200000|100%| O|  |TAMS 0x0000000708000000| PB 0x0000000708000000| Untracked 
|  32|0x0000000708200000, 0x0000000708400000, 0x0000000708400000|100%| O|  |TAMS 0x0000000708200000| PB 0x0000000708200000| Untracked 
|  33|0x0000000708400000, 0x0000000708600000, 0x0000000708600000|100%| O|  |TAMS 0x0000000708400000| PB 0x0000000708400000| Untracked 
|  34|0x0000000708600000, 0x0000000708800000, 0x0000000708800000|100%| O|  |TAMS 0x0000000708600000| PB 0x0000000708600000| Untracked 
|  35|0x0000000708800000, 0x0000000708a00000, 0x0000000708a00000|100%| O|  |TAMS 0x0000000708800000| PB 0x0000000708800000| Untracked 
|  36|0x0000000708a00000, 0x0000000708c00000, 0x0000000708c00000|100%| O|  |TAMS 0x0000000708a00000| PB 0x0000000708a00000| Untracked 
|  37|0x0000000708c00000, 0x0000000708e00000, 0x0000000708e00000|100%| O|  |TAMS 0x0000000708c00000| PB 0x0000000708c00000| Untracked 
|  38|0x0000000708e00000, 0x0000000709000000, 0x0000000709000000|100%| O|  |TAMS 0x0000000708e00000| PB 0x0000000708e00000| Untracked 
|  39|0x0000000709000000, 0x0000000709200000, 0x0000000709200000|100%| O|  |TAMS 0x0000000709000000| PB 0x0000000709000000| Untracked 
|  40|0x0000000709200000, 0x0000000709400000, 0x0000000709400000|100%| O|  |TAMS 0x0000000709200000| PB 0x0000000709200000| Untracked 
|  41|0x0000000709400000, 0x0000000709600000, 0x0000000709600000|100%| O|  |TAMS 0x0000000709400000| PB 0x0000000709400000| Untracked 
|  42|0x0000000709600000, 0x0000000709800000, 0x0000000709800000|100%| O|  |TAMS 0x0000000709600000| PB 0x0000000709600000| Untracked 
|  43|0x0000000709800000, 0x0000000709a00000, 0x0000000709a00000|100%| O|  |TAMS 0x0000000709800000| PB 0x0000000709800000| Untracked 
|  44|0x0000000709a00000, 0x0000000709c00000, 0x0000000709c00000|100%| O|  |TAMS 0x0000000709a00000| PB 0x0000000709a00000| Untracked 
|  45|0x0000000709c00000, 0x0000000709e00000, 0x0000000709e00000|100%| O|  |TAMS 0x0000000709c00000| PB 0x0000000709c00000| Untracked 
|  46|0x0000000709e00000, 0x000000070a000000, 0x000000070a000000|100%| O|  |TAMS 0x0000000709e00000| PB 0x0000000709e00000| Untracked 
|  47|0x000000070a000000, 0x000000070a000000, 0x000000070a200000|  0%| F|  |TAMS 0x000000070a000000| PB 0x000000070a000000| Untracked 
|  48|0x000000070a200000, 0x000000070a200000, 0x000000070a400000|  0%| F|  |TAMS 0x000000070a200000| PB 0x000000070a200000| Untracked 
|  49|0x000000070a400000, 0x000000070a400000, 0x000000070a600000|  0%| F|  |TAMS 0x000000070a400000| PB 0x000000070a400000| Untracked 
|  50|0x000000070a600000, 0x000000070a600000, 0x000000070a800000|  0%| F|  |TAMS 0x000000070a600000| PB 0x000000070a600000| Untracked 
|  51|0x000000070a800000, 0x000000070a800000, 0x000000070aa00000|  0%| F|  |TAMS 0x000000070a800000| PB 0x000000070a800000| Untracked 
|  52|0x000000070aa00000, 0x000000070aa00000, 0x000000070ac00000|  0%| F|  |TAMS 0x000000070aa00000| PB 0x000000070aa00000| Untracked 
|  53|0x000000070ac00000, 0x000000070ac00000, 0x000000070ae00000|  0%| F|  |TAMS 0x000000070ac00000| PB 0x000000070ac00000| Untracked 
|  54|0x000000070ae00000, 0x000000070b000000, 0x000000070b000000|100%| O|  |TAMS 0x000000070ae00000| PB 0x000000070ae00000| Untracked 
|  55|0x000000070b000000, 0x000000070b19fd90, 0x000000070b200000| 81%| O|  |TAMS 0x000000070b000000| PB 0x000000070b000000| Untracked 
|  56|0x000000070b200000, 0x000000070b200000, 0x000000070b400000|  0%| F|  |TAMS 0x000000070b200000| PB 0x000000070b200000| Untracked 
|  57|0x000000070b400000, 0x000000070b400000, 0x000000070b600000|  0%| F|  |TAMS 0x000000070b400000| PB 0x000000070b400000| Untracked 
|  58|0x000000070b600000, 0x000000070b600000, 0x000000070b800000|  0%| F|  |TAMS 0x000000070b600000| PB 0x000000070b600000| Untracked 
|  59|0x000000070b800000, 0x000000070b800000, 0x000000070ba00000|  0%| F|  |TAMS 0x000000070b800000| PB 0x000000070b800000| Untracked 
|  60|0x000000070ba00000, 0x000000070ba00000, 0x000000070bc00000|  0%| F|  |TAMS 0x000000070ba00000| PB 0x000000070ba00000| Untracked 
|  61|0x000000070bc00000, 0x000000070bc00000, 0x000000070be00000|  0%| F|  |TAMS 0x000000070bc00000| PB 0x000000070bc00000| Untracked 
|  62|0x000000070be00000, 0x000000070be00000, 0x000000070c000000|  0%| F|  |TAMS 0x000000070be00000| PB 0x000000070be00000| Untracked 
|  63|0x000000070c000000, 0x000000070c000000, 0x000000070c200000|  0%| F|  |TAMS 0x000000070c000000| PB 0x000000070c000000| Untracked 
|  64|0x000000070c200000, 0x000000070c200000, 0x000000070c400000|  0%| F|  |TAMS 0x000000070c200000| PB 0x000000070c200000| Untracked 
|  65|0x000000070c400000, 0x000000070c400000, 0x000000070c600000|  0%| F|  |TAMS 0x000000070c400000| PB 0x000000070c400000| Untracked 
|  66|0x000000070c600000, 0x000000070c600000, 0x000000070c800000|  0%| F|  |TAMS 0x000000070c600000| PB 0x000000070c600000| Untracked 
|  67|0x000000070c800000, 0x000000070c800000, 0x000000070ca00000|  0%| F|  |TAMS 0x000000070c800000| PB 0x000000070c800000| Untracked 
|  68|0x000000070ca00000, 0x000000070ca00000, 0x000000070cc00000|  0%| F|  |TAMS 0x000000070ca00000| PB 0x000000070ca00000| Untracked 
|  69|0x000000070cc00000, 0x000000070cc00000, 0x000000070ce00000|  0%| F|  |TAMS 0x000000070cc00000| PB 0x000000070cc00000| Untracked 
|  70|0x000000070ce00000, 0x000000070ce00000, 0x000000070d000000|  0%| F|  |TAMS 0x000000070ce00000| PB 0x000000070ce00000| Untracked 
|  71|0x000000070d000000, 0x000000070d000000, 0x000000070d200000|  0%| F|  |TAMS 0x000000070d000000| PB 0x000000070d000000| Untracked 
|  72|0x000000070d200000, 0x000000070d2a3780, 0x000000070d400000| 31%| S|CS|TAMS 0x000000070d200000| PB 0x000000070d200000| Complete 
|  73|0x000000070d400000, 0x000000070d600000, 0x000000070d600000|100%| S|CS|TAMS 0x000000070d400000| PB 0x000000070d400000| Complete 
|  74|0x000000070d600000, 0x000000070d800000, 0x000000070d800000|100%| S|CS|TAMS 0x000000070d600000| PB 0x000000070d600000| Complete 
|  75|0x000000070d800000, 0x000000070da00000, 0x000000070da00000|100%| S|CS|TAMS 0x000000070d800000| PB 0x000000070d800000| Complete 
|  76|0x000000070da00000, 0x000000070dc00000, 0x000000070dc00000|100%| S|CS|TAMS 0x000000070da00000| PB 0x000000070da00000| Complete 
|  77|0x000000070dc00000, 0x000000070de00000, 0x000000070de00000|100%| S|CS|TAMS 0x000000070dc00000| PB 0x000000070dc00000| Complete 
|  78|0x000000070de00000, 0x000000070de00000, 0x000000070e000000|  0%| F|  |TAMS 0x000000070de00000| PB 0x000000070de00000| Untracked 
|  79|0x000000070e000000, 0x000000070e000000, 0x000000070e200000|  0%| F|  |TAMS 0x000000070e000000| PB 0x000000070e000000| Untracked 
|  80|0x000000070e200000, 0x000000070e200000, 0x000000070e400000|  0%| F|  |TAMS 0x000000070e200000| PB 0x000000070e200000| Untracked 
|  81|0x000000070e400000, 0x000000070e400000, 0x000000070e600000|  0%| F|  |TAMS 0x000000070e400000| PB 0x000000070e400000| Untracked 
|  82|0x000000070e600000, 0x000000070e600000, 0x000000070e800000|  0%| F|  |TAMS 0x000000070e600000| PB 0x000000070e600000| Untracked 
|  83|0x000000070e800000, 0x000000070e800000, 0x000000070ea00000|  0%| F|  |TAMS 0x000000070e800000| PB 0x000000070e800000| Untracked 
|  84|0x000000070ea00000, 0x000000070ea00000, 0x000000070ec00000|  0%| F|  |TAMS 0x000000070ea00000| PB 0x000000070ea00000| Untracked 
|  85|0x000000070ec00000, 0x000000070ec00000, 0x000000070ee00000|  0%| F|  |TAMS 0x000000070ec00000| PB 0x000000070ec00000| Untracked 
|  86|0x000000070ee00000, 0x000000070ee00000, 0x000000070f000000|  0%| F|  |TAMS 0x000000070ee00000| PB 0x000000070ee00000| Untracked 
|  87|0x000000070f000000, 0x000000070f000000, 0x000000070f200000|  0%| F|  |TAMS 0x000000070f000000| PB 0x000000070f000000| Untracked 
|  88|0x000000070f200000, 0x000000070f200000, 0x000000070f400000|  0%| F|  |TAMS 0x000000070f200000| PB 0x000000070f200000| Untracked 
|  89|0x000000070f400000, 0x000000070f400000, 0x000000070f600000|  0%| F|  |TAMS 0x000000070f400000| PB 0x000000070f400000| Untracked 
|  90|0x000000070f600000, 0x000000070f600000, 0x000000070f800000|  0%| F|  |TAMS 0x000000070f600000| PB 0x000000070f600000| Untracked 
|  91|0x000000070f800000, 0x000000070f800000, 0x000000070fa00000|  0%| F|  |TAMS 0x000000070f800000| PB 0x000000070f800000| Untracked 
|  92|0x000000070fa00000, 0x000000070fa00000, 0x000000070fc00000|  0%| F|  |TAMS 0x000000070fa00000| PB 0x000000070fa00000| Untracked 
|  93|0x000000070fc00000, 0x000000070fc00000, 0x000000070fe00000|  0%| F|  |TAMS 0x000000070fc00000| PB 0x000000070fc00000| Untracked 
|  94|0x000000070fe00000, 0x000000070fe00000, 0x0000000710000000|  0%| F|  |TAMS 0x000000070fe00000| PB 0x000000070fe00000| Untracked 
|  95|0x0000000710000000, 0x0000000710000000, 0x0000000710200000|  0%| F|  |TAMS 0x0000000710000000| PB 0x0000000710000000| Untracked 
|  96|0x0000000710200000, 0x0000000710200000, 0x0000000710400000|  0%| F|  |TAMS 0x0000000710200000| PB 0x0000000710200000| Untracked 
|  97|0x0000000710400000, 0x0000000710400000, 0x0000000710600000|  0%| F|  |TAMS 0x0000000710400000| PB 0x0000000710400000| Untracked 
|  98|0x0000000710600000, 0x0000000710600000, 0x0000000710800000|  0%| F|  |TAMS 0x0000000710600000| PB 0x0000000710600000| Untracked 
|  99|0x0000000710800000, 0x0000000710800000, 0x0000000710a00000|  0%| F|  |TAMS 0x0000000710800000| PB 0x0000000710800000| Untracked 
| 100|0x0000000710a00000, 0x0000000710a00000, 0x0000000710c00000|  0%| F|  |TAMS 0x0000000710a00000| PB 0x0000000710a00000| Untracked 
| 101|0x0000000710c00000, 0x0000000710c00000, 0x0000000710e00000|  0%| F|  |TAMS 0x0000000710c00000| PB 0x0000000710c00000| Untracked 
| 102|0x0000000710e00000, 0x0000000710e00000, 0x0000000711000000|  0%| F|  |TAMS 0x0000000710e00000| PB 0x0000000710e00000| Untracked 
| 103|0x0000000711000000, 0x0000000711000000, 0x0000000711200000|  0%| F|  |TAMS 0x0000000711000000| PB 0x0000000711000000| Untracked 
| 104|0x0000000711200000, 0x0000000711200000, 0x0000000711400000|  0%| F|  |TAMS 0x0000000711200000| PB 0x0000000711200000| Untracked 
| 105|0x0000000711400000, 0x0000000711400000, 0x0000000711600000|  0%| F|  |TAMS 0x0000000711400000| PB 0x0000000711400000| Untracked 
| 106|0x0000000711600000, 0x0000000711600000, 0x0000000711800000|  0%| F|  |TAMS 0x0000000711600000| PB 0x0000000711600000| Untracked 
| 107|0x0000000711800000, 0x0000000711800000, 0x0000000711a00000|  0%| F|  |TAMS 0x0000000711800000| PB 0x0000000711800000| Untracked 
| 108|0x0000000711a00000, 0x0000000711a00000, 0x0000000711c00000|  0%| F|  |TAMS 0x0000000711a00000| PB 0x0000000711a00000| Untracked 
| 109|0x0000000711c00000, 0x0000000711c00000, 0x0000000711e00000|  0%| F|  |TAMS 0x0000000711c00000| PB 0x0000000711c00000| Untracked 
| 110|0x0000000711e00000, 0x0000000711e00000, 0x0000000712000000|  0%| F|  |TAMS 0x0000000711e00000| PB 0x0000000711e00000| Untracked 
| 111|0x0000000712000000, 0x0000000712000000, 0x0000000712200000|  0%| F|  |TAMS 0x0000000712000000| PB 0x0000000712000000| Untracked 
| 112|0x0000000712200000, 0x0000000712200000, 0x0000000712400000|  0%| F|  |TAMS 0x0000000712200000| PB 0x0000000712200000| Untracked 
| 113|0x0000000712400000, 0x0000000712400000, 0x0000000712600000|  0%| F|  |TAMS 0x0000000712400000| PB 0x0000000712400000| Untracked 
| 114|0x0000000712600000, 0x0000000712600000, 0x0000000712800000|  0%| F|  |TAMS 0x0000000712600000| PB 0x0000000712600000| Untracked 
| 115|0x0000000712800000, 0x0000000712800000, 0x0000000712a00000|  0%| F|  |TAMS 0x0000000712800000| PB 0x0000000712800000| Untracked 
| 116|0x0000000712a00000, 0x0000000712a00000, 0x0000000712c00000|  0%| F|  |TAMS 0x0000000712a00000| PB 0x0000000712a00000| Untracked 
| 117|0x0000000712c00000, 0x0000000712c00000, 0x0000000712e00000|  0%| F|  |TAMS 0x0000000712c00000| PB 0x0000000712c00000| Untracked 
| 118|0x0000000712e00000, 0x0000000712e00000, 0x0000000713000000|  0%| F|  |TAMS 0x0000000712e00000| PB 0x0000000712e00000| Untracked 
| 119|0x0000000713000000, 0x0000000713000000, 0x0000000713200000|  0%| F|  |TAMS 0x0000000713000000| PB 0x0000000713000000| Untracked 
| 120|0x0000000713200000, 0x0000000713200000, 0x0000000713400000|  0%| F|  |TAMS 0x0000000713200000| PB 0x0000000713200000| Untracked 
| 121|0x0000000713400000, 0x0000000713400000, 0x0000000713600000|  0%| F|  |TAMS 0x0000000713400000| PB 0x0000000713400000| Untracked 
| 122|0x0000000713600000, 0x0000000713600000, 0x0000000713800000|  0%| F|  |TAMS 0x0000000713600000| PB 0x0000000713600000| Untracked 
| 123|0x0000000713800000, 0x0000000713800000, 0x0000000713a00000|  0%| F|  |TAMS 0x0000000713800000| PB 0x0000000713800000| Untracked 
| 124|0x0000000713a00000, 0x0000000713a00000, 0x0000000713c00000|  0%| F|  |TAMS 0x0000000713a00000| PB 0x0000000713a00000| Untracked 
| 125|0x0000000713c00000, 0x0000000713c00000, 0x0000000713e00000|  0%| F|  |TAMS 0x0000000713c00000| PB 0x0000000713c00000| Untracked 
| 126|0x0000000713e00000, 0x0000000713e00000, 0x0000000714000000|  0%| F|  |TAMS 0x0000000713e00000| PB 0x0000000713e00000| Untracked 
| 127|0x0000000714000000, 0x0000000714000000, 0x0000000714200000|  0%| F|  |TAMS 0x0000000714000000| PB 0x0000000714000000| Untracked 
| 128|0x0000000714200000, 0x0000000714200000, 0x0000000714400000|  0%| F|  |TAMS 0x0000000714200000| PB 0x0000000714200000| Untracked 
| 129|0x0000000714400000, 0x0000000714400000, 0x0000000714600000|  0%| F|  |TAMS 0x0000000714400000| PB 0x0000000714400000| Untracked 
| 130|0x0000000714600000, 0x0000000714600000, 0x0000000714800000|  0%| F|  |TAMS 0x0000000714600000| PB 0x0000000714600000| Untracked 
| 131|0x0000000714800000, 0x0000000714800000, 0x0000000714a00000|  0%| F|  |TAMS 0x0000000714800000| PB 0x0000000714800000| Untracked 
| 132|0x0000000714a00000, 0x0000000714a00000, 0x0000000714c00000|  0%| F|  |TAMS 0x0000000714a00000| PB 0x0000000714a00000| Untracked 
| 133|0x0000000714c00000, 0x0000000714c00000, 0x0000000714e00000|  0%| F|  |TAMS 0x0000000714c00000| PB 0x0000000714c00000| Untracked 
| 134|0x0000000714e00000, 0x0000000714e00000, 0x0000000715000000|  0%| F|  |TAMS 0x0000000714e00000| PB 0x0000000714e00000| Untracked 
| 135|0x0000000715000000, 0x0000000715000000, 0x0000000715200000|  0%| F|  |TAMS 0x0000000715000000| PB 0x0000000715000000| Untracked 
| 136|0x0000000715200000, 0x0000000715200000, 0x0000000715400000|  0%| F|  |TAMS 0x0000000715200000| PB 0x0000000715200000| Untracked 
| 137|0x0000000715400000, 0x0000000715400000, 0x0000000715600000|  0%| F|  |TAMS 0x0000000715400000| PB 0x0000000715400000| Untracked 
| 138|0x0000000715600000, 0x0000000715600000, 0x0000000715800000|  0%| F|  |TAMS 0x0000000715600000| PB 0x0000000715600000| Untracked 
| 139|0x0000000715800000, 0x0000000715800000, 0x0000000715a00000|  0%| F|  |TAMS 0x0000000715800000| PB 0x0000000715800000| Untracked 
| 140|0x0000000715a00000, 0x0000000715a00000, 0x0000000715c00000|  0%| F|  |TAMS 0x0000000715a00000| PB 0x0000000715a00000| Untracked 
| 141|0x0000000715c00000, 0x0000000715c00000, 0x0000000715e00000|  0%| F|  |TAMS 0x0000000715c00000| PB 0x0000000715c00000| Untracked 
| 142|0x0000000715e00000, 0x0000000715e00000, 0x0000000716000000|  0%| F|  |TAMS 0x0000000715e00000| PB 0x0000000715e00000| Untracked 
| 143|0x0000000716000000, 0x0000000716000000, 0x0000000716200000|  0%| F|  |TAMS 0x0000000716000000| PB 0x0000000716000000| Untracked 
| 144|0x0000000716200000, 0x0000000716200000, 0x0000000716400000|  0%| F|  |TAMS 0x0000000716200000| PB 0x0000000716200000| Untracked 
| 145|0x0000000716400000, 0x0000000716400000, 0x0000000716600000|  0%| F|  |TAMS 0x0000000716400000| PB 0x0000000716400000| Untracked 
| 146|0x0000000716600000, 0x0000000716600000, 0x0000000716800000|  0%| F|  |TAMS 0x0000000716600000| PB 0x0000000716600000| Untracked 
| 147|0x0000000716800000, 0x0000000716800000, 0x0000000716a00000|  0%| F|  |TAMS 0x0000000716800000| PB 0x0000000716800000| Untracked 
| 148|0x0000000716a00000, 0x0000000716a00000, 0x0000000716c00000|  0%| F|  |TAMS 0x0000000716a00000| PB 0x0000000716a00000| Untracked 
| 149|0x0000000716c00000, 0x0000000716c00000, 0x0000000716e00000|  0%| F|  |TAMS 0x0000000716c00000| PB 0x0000000716c00000| Untracked 
| 150|0x0000000716e00000, 0x0000000716e00000, 0x0000000717000000|  0%| F|  |TAMS 0x0000000716e00000| PB 0x0000000716e00000| Untracked 
| 151|0x0000000717000000, 0x0000000717000000, 0x0000000717200000|  0%| F|  |TAMS 0x0000000717000000| PB 0x0000000717000000| Untracked 
| 152|0x0000000717200000, 0x0000000717200000, 0x0000000717400000|  0%| F|  |TAMS 0x0000000717200000| PB 0x0000000717200000| Untracked 
| 153|0x0000000717400000, 0x0000000717400000, 0x0000000717600000|  0%| F|  |TAMS 0x0000000717400000| PB 0x0000000717400000| Untracked 
| 154|0x0000000717600000, 0x0000000717600000, 0x0000000717800000|  0%| F|  |TAMS 0x0000000717600000| PB 0x0000000717600000| Untracked 
| 155|0x0000000717800000, 0x0000000717800000, 0x0000000717a00000|  0%| F|  |TAMS 0x0000000717800000| PB 0x0000000717800000| Untracked 
| 156|0x0000000717a00000, 0x0000000717a00000, 0x0000000717c00000|  0%| F|  |TAMS 0x0000000717a00000| PB 0x0000000717a00000| Untracked 
| 157|0x0000000717c00000, 0x0000000717c00000, 0x0000000717e00000|  0%| F|  |TAMS 0x0000000717c00000| PB 0x0000000717c00000| Untracked 
| 158|0x0000000717e00000, 0x0000000717e00000, 0x0000000718000000|  0%| F|  |TAMS 0x0000000717e00000| PB 0x0000000717e00000| Untracked 
| 159|0x0000000718000000, 0x0000000718000000, 0x0000000718200000|  0%| F|  |TAMS 0x0000000718000000| PB 0x0000000718000000| Untracked 
| 160|0x0000000718200000, 0x00000007183203f0, 0x0000000718400000| 56%| E|  |TAMS 0x0000000718200000| PB 0x0000000718200000| Complete 
| 161|0x0000000718400000, 0x0000000718600000, 0x0000000718600000|100%| E|CS|TAMS 0x0000000718400000| PB 0x0000000718400000| Complete 
| 162|0x0000000718600000, 0x0000000718800000, 0x0000000718800000|100%| E|CS|TAMS 0x0000000718600000| PB 0x0000000718600000| Complete 
| 163|0x0000000718800000, 0x0000000718a00000, 0x0000000718a00000|100%| E|CS|TAMS 0x0000000718800000| PB 0x0000000718800000| Complete 
| 164|0x0000000718a00000, 0x0000000718c00000, 0x0000000718c00000|100%| E|CS|TAMS 0x0000000718a00000| PB 0x0000000718a00000| Complete 
| 165|0x0000000718c00000, 0x0000000718e00000, 0x0000000718e00000|100%| E|CS|TAMS 0x0000000718c00000| PB 0x0000000718c00000| Complete 
| 166|0x0000000718e00000, 0x0000000719000000, 0x0000000719000000|100%| E|CS|TAMS 0x0000000718e00000| PB 0x0000000718e00000| Complete 
| 167|0x0000000719000000, 0x0000000719200000, 0x0000000719200000|100%| E|CS|TAMS 0x0000000719000000| PB 0x0000000719000000| Complete 
| 168|0x0000000719200000, 0x0000000719400000, 0x0000000719400000|100%| E|CS|TAMS 0x0000000719200000| PB 0x0000000719200000| Complete 
| 169|0x0000000719400000, 0x0000000719600000, 0x0000000719600000|100%| E|CS|TAMS 0x0000000719400000| PB 0x0000000719400000| Complete 
| 170|0x0000000719600000, 0x0000000719800000, 0x0000000719800000|100%| E|CS|TAMS 0x0000000719600000| PB 0x0000000719600000| Complete 
| 171|0x0000000719800000, 0x0000000719a00000, 0x0000000719a00000|100%| E|CS|TAMS 0x0000000719800000| PB 0x0000000719800000| Complete 
| 172|0x0000000719a00000, 0x0000000719c00000, 0x0000000719c00000|100%| E|CS|TAMS 0x0000000719a00000| PB 0x0000000719a00000| Complete 
| 173|0x0000000719c00000, 0x0000000719e00000, 0x0000000719e00000|100%| E|CS|TAMS 0x0000000719c00000| PB 0x0000000719c00000| Complete 

Card table byte_map: [0x00000172b0080000,0x00000172b0860000] _byte_map_base: 0x00000172ac85f000

Marking Bits: (CMBitMap*) 0x000001729814f310
 Bits: [0x00000172b0860000, 0x00000172b4758000)

Polling page: 0x0000017295f50000

Metaspace:

Usage:
  Non-class:     56.63 MB used.
      Class:      6.88 MB used.
       Both:     63.50 MB used.

Virtual space:
  Non-class space:       64.00 MB reserved,      57.06 MB ( 89%) committed,  1 nodes.
      Class space:        1.00 GB reserved,       7.25 MB ( <1%) committed,  1 nodes.
             Both:        1.06 GB reserved,      64.31 MB (  6%) committed. 

Chunk freelists:
   Non-Class:  6.05 MB
       Class:  8.60 MB
        Both:  14.65 MB

MaxMetaspaceSize: unlimited
CompressedClassSpaceSize: 1.00 GB
Initial GC threshold: 21.00 MB
Current GC threshold: 102.44 MB
CDS: on
 - commit_granule_bytes: 65536.
 - commit_granule_words: 8192.
 - virtual_space_node_default_size: 8388608.
 - enlarge_chunks_in_place: 1.
 - use_allocation_guard: 0.


Internal statistics:

num_allocs_failed_limit: 17.
num_arena_births: 998.
num_arena_deaths: 0.
num_vsnodes_births: 2.
num_vsnodes_deaths: 0.
num_space_committed: 1028.
num_space_uncommitted: 0.
num_chunks_returned_to_freelist: 17.
num_chunks_taken_from_freelist: 3056.
num_chunk_merges: 17.
num_chunk_splits: 2132.
num_chunks_enlarged: 1482.
num_inconsistent_stats: 0.

CodeHeap 'non-profiled nmethods': size=120000Kb used=5703Kb max_used=5703Kb free=114296Kb
 bounds [0x00000172a8040000, 0x00000172a85e0000, 0x00000172af570000]
CodeHeap 'profiled nmethods': size=120000Kb used=14548Kb max_used=14548Kb free=105452Kb
 bounds [0x00000172a0570000, 0x00000172a13b0000, 0x00000172a7aa0000]
CodeHeap 'non-nmethods': size=5760Kb used=1913Kb max_used=1970Kb free=3846Kb
 bounds [0x00000172a7aa0000, 0x00000172a7d10000, 0x00000172a8040000]
 total_blobs=7421 nmethods=6691 adapters=634
 compilation: enabled
              stopped_count=0, restarted_count=0
 full_count=0

Compilation events (20 events):
Event: 19.640 Thread 0x00000172b71a2f80 7514       3       org.eclipse.jdt.internal.compiler.codegen.CodeStream::invoke18 (223 bytes)
Event: 19.641 Thread 0x00000172b71a2f80 nmethod 7514 0x00000172a1397b90 code [0x00000172a1397e20, 0x00000172a1398ba0]
Event: 19.641 Thread 0x00000172b71a2f80 7470       3       org.eclipse.jdt.internal.compiler.lookup.MethodBinding::isViewedAsDeprecated (15 bytes)
Event: 19.641 Thread 0x00000172b71a2f80 nmethod 7470 0x00000172a1399210 code [0x00000172a13993c0, 0x00000172a1399540]
Event: 19.641 Thread 0x00000172b71a2f80 7521       3       org.apache.catalina.core.ApplicationContextFacade::getInitParameter (33 bytes)
Event: 19.641 Thread 0x00000172b71a2f80 nmethod 7521 0x00000172a1399610 code [0x00000172a13997c0, 0x00000172a13999b0]
Event: 19.652 Thread 0x0000017280854850 7522       4       java.util.logging.Logger::isLoggable (27 bytes)
Event: 19.653 Thread 0x0000017280854850 nmethod 7522 0x00000172a85d1790 code [0x00000172a85d1920, 0x00000172a85d1a08]
Event: 19.655 Thread 0x00000172b71a2f80 7523       3       org.apache.jasper.runtime.JspWriterImpl::ensureOpen (28 bytes)
Event: 19.656 Thread 0x00000172b71a2f80 nmethod 7523 0x00000172a1399a90 code [0x00000172a1399c80, 0x00000172a139a158]
Event: 19.656 Thread 0x00000172b71a2f80 7524       3       org.apache.jasper.runtime.JspWriterImpl::write (130 bytes)
Event: 19.656 Thread 0x0000017280854850 7528       4       java.util.Calendar::internalGet (7 bytes)
Event: 19.656 Thread 0x00000172b71a2f80 nmethod 7524 0x00000172a139a310 code [0x00000172a139a5c0, 0x00000172a139b330]
Event: 19.657 Thread 0x00000172b71a2f80 7525       3       org.apache.jasper.runtime.JspWriterImpl::min (9 bytes)
Event: 19.657 Thread 0x00000172b71a2f80 nmethod 7525 0x00000172a139b810 code [0x00000172a139b9c0, 0x00000172a139bb10]
Event: 19.657 Thread 0x00000172b71a2f80 7526       3       java.text.SimpleDateFormat::subFormat (1264 bytes)
Event: 19.657 Thread 0x0000017280854850 nmethod 7528 0x00000172a85d1b10 code [0x00000172a85d1ca0, 0x00000172a85d1d70]
Event: 19.662 Thread 0x00000172b71a2f80 nmethod 7526 0x00000172a139bb90 code [0x00000172a139c4a0, 0x00000172a13a2958]
Event: 19.663 Thread 0x00000172b71a2f80 7527       3       java.util.Calendar::get (10 bytes)
Event: 19.663 Thread 0x00000172b71a2f80 nmethod 7527 0x00000172a13a4d90 code [0x00000172a13a4f40, 0x00000172a13a51a8]

GC Heap History (20 events):
Event: 9.037 GC heap before
{Heap before GC invocations=38 (full 12):
 garbage-first heap   total 276480K, used 202765K [0x0000000704200000, 0x0000000800000000)
  region size 2048K, 81 young (165888K), 1 survivors (2048K)
 Metaspace       used 36763K, committed 37312K, reserved 1114112K
  class space    used 3946K, committed 4224K, reserved 1048576K
}
Event: 9.038 GC heap after
{Heap after GC invocations=39 (full 12):
 garbage-first heap   total 276480K, used 38930K [0x0000000704200000, 0x0000000800000000)
  region size 2048K, 1 young (2048K), 1 survivors (2048K)
 Metaspace       used 36763K, committed 37312K, reserved 1114112K
  class space    used 3946K, committed 4224K, reserved 1048576K
}
Event: 9.522 GC heap before
{Heap before GC invocations=39 (full 12):
 garbage-first heap   total 276480K, used 202770K [0x0000000704200000, 0x0000000800000000)
  region size 2048K, 81 young (165888K), 1 survivors (2048K)
 Metaspace       used 36763K, committed 37312K, reserved 1114112K
  class space    used 3946K, committed 4224K, reserved 1048576K
}
Event: 9.523 GC heap after
{Heap after GC invocations=40 (full 12):
 garbage-first heap   total 276480K, used 38771K [0x0000000704200000, 0x0000000800000000)
  region size 2048K, 1 young (2048K), 1 survivors (2048K)
 Metaspace       used 36763K, committed 37312K, reserved 1114112K
  class space    used 3946K, committed 4224K, reserved 1048576K
}
Event: 9.853 GC heap before
{Heap before GC invocations=40 (full 12):
 garbage-first heap   total 276480K, used 202611K [0x0000000704200000, 0x0000000800000000)
  region size 2048K, 81 young (165888K), 1 survivors (2048K)
 Metaspace       used 36763K, committed 37312K, reserved 1114112K
  class space    used 3946K, committed 4224K, reserved 1048576K
}
Event: 9.854 GC heap after
{Heap after GC invocations=41 (full 12):
 garbage-first heap   total 276480K, used 38735K [0x0000000704200000, 0x0000000800000000)
  region size 2048K, 1 young (2048K), 1 survivors (2048K)
 Metaspace       used 36763K, committed 37312K, reserved 1114112K
  class space    used 3946K, committed 4224K, reserved 1048576K
}
Event: 10.161 GC heap before
{Heap before GC invocations=41 (full 12):
 garbage-first heap   total 276480K, used 202575K [0x0000000704200000, 0x0000000800000000)
  region size 2048K, 81 young (165888K), 1 survivors (2048K)
 Metaspace       used 36769K, committed 37312K, reserved 1114112K
  class space    used 3946K, committed 4224K, reserved 1048576K
}
Event: 10.162 GC heap after
{Heap after GC invocations=42 (full 12):
 garbage-first heap   total 276480K, used 39100K [0x0000000704200000, 0x0000000800000000)
  region size 2048K, 1 young (2048K), 1 survivors (2048K)
 Metaspace       used 36769K, committed 37312K, reserved 1114112K
  class space    used 3946K, committed 4224K, reserved 1048576K
}
Event: 10.521 GC heap before
{Heap before GC invocations=42 (full 12):
 garbage-first heap   total 276480K, used 202940K [0x0000000704200000, 0x0000000800000000)
  region size 2048K, 81 young (165888K), 1 survivors (2048K)
 Metaspace       used 36769K, committed 37312K, reserved 1114112K
  class space    used 3946K, committed 4224K, reserved 1048576K
}
Event: 10.522 GC heap after
{Heap after GC invocations=43 (full 12):
 garbage-first heap   total 276480K, used 38834K [0x0000000704200000, 0x0000000800000000)
  region size 2048K, 1 young (2048K), 1 survivors (2048K)
 Metaspace       used 36769K, committed 37312K, reserved 1114112K
  class space    used 3946K, committed 4224K, reserved 1048576K
}
Event: 11.105 GC heap before
{Heap before GC invocations=43 (full 12):
 garbage-first heap   total 276480K, used 202674K [0x0000000704200000, 0x0000000800000000)
  region size 2048K, 81 young (165888K), 1 survivors (2048K)
 Metaspace       used 38949K, committed 39488K, reserved 1114112K
  class space    used 4271K, committed 4544K, reserved 1048576K
}
Event: 11.113 GC heap after
{Heap after GC invocations=44 (full 12):
 garbage-first heap   total 276480K, used 52819K [0x0000000704200000, 0x0000000800000000)
  region size 2048K, 7 young (14336K), 7 survivors (14336K)
 Metaspace       used 38949K, committed 39488K, reserved 1114112K
  class space    used 4271K, committed 4544K, reserved 1048576K
}
Event: 11.499 GC heap before
{Heap before GC invocations=44 (full 12):
 garbage-first heap   total 276480K, used 202323K [0x0000000704200000, 0x0000000800000000)
  region size 2048K, 81 young (165888K), 7 survivors (14336K)
 Metaspace       used 38960K, committed 39488K, reserved 1114112K
  class space    used 4271K, committed 4544K, reserved 1048576K
}
Event: 11.519 GC heap after
{Heap after GC invocations=45 (full 12):
 garbage-first heap   total 276480K, used 77618K [0x0000000704200000, 0x0000000800000000)
  region size 2048K, 11 young (22528K), 11 survivors (22528K)
 Metaspace       used 38960K, committed 39488K, reserved 1114112K
  class space    used 4271K, committed 4544K, reserved 1048576K
}
Event: 11.845 GC heap before
{Heap before GC invocations=45 (full 12):
 garbage-first heap   total 276480K, used 220978K [0x0000000704200000, 0x0000000800000000)
  region size 2048K, 81 young (165888K), 11 survivors (22528K)
 Metaspace       used 39142K, committed 39744K, reserved 1114112K
  class space    used 4298K, committed 4608K, reserved 1048576K
}
Event: 11.864 GC heap after
{Heap after GC invocations=46 (full 12):
 garbage-first heap   total 276480K, used 99614K [0x0000000704200000, 0x0000000800000000)
  region size 2048K, 11 young (22528K), 11 survivors (22528K)
 Metaspace       used 39142K, committed 39744K, reserved 1114112K
  class space    used 4298K, committed 4608K, reserved 1048576K
}
Event: 13.414 GC heap before
{Heap before GC invocations=46 (full 12):
 garbage-first heap   total 276480K, used 232734K [0x0000000704200000, 0x0000000800000000)
  region size 2048K, 76 young (155648K), 11 survivors (22528K)
 Metaspace       used 52220K, committed 52928K, reserved 1114112K
  class space    used 5852K, committed 6208K, reserved 1048576K
}
Event: 13.433 GC heap after
{Heap after GC invocations=47 (full 12):
 garbage-first heap   total 276480K, used 107308K [0x0000000704200000, 0x0000000800000000)
  region size 2048K, 4 young (8192K), 4 survivors (8192K)
 Metaspace       used 52220K, committed 52928K, reserved 1114112K
  class space    used 5852K, committed 6208K, reserved 1048576K
}
Event: 14.508 GC heap before
{Heap before GC invocations=47 (full 12):
 garbage-first heap   total 276480K, used 219948K [0x0000000704200000, 0x0000000800000000)
  region size 2048K, 61 young (124928K), 4 survivors (8192K)
 Metaspace       used 61145K, committed 61760K, reserved 1114112K
  class space    used 6753K, committed 7040K, reserved 1048576K
}
Event: 14.514 GC heap after
{Heap after GC invocations=48 (full 12):
 garbage-first heap   total 356352K, used 110010K [0x0000000704200000, 0x0000000800000000)
  region size 2048K, 6 young (12288K), 6 survivors (12288K)
 Metaspace       used 61145K, committed 61760K, reserved 1114112K
  class space    used 6753K, committed 7040K, reserved 1048576K
}

Dll operation events (14 events):
Event: 0.006 Loaded shared library D:\java\jdk21\bin\java.dll
Event: 0.036 Loaded shared library D:\java\jdk21\bin\jsvml.dll
Event: 0.076 Loaded shared library D:\java\jdk21\bin\zip.dll
Event: 0.079 Loaded shared library D:\java\jdk21\bin\instrument.dll
Event: 0.082 Loaded shared library D:\java\jdk21\bin\net.dll
Event: 0.084 Loaded shared library D:\java\jdk21\bin\nio.dll
Event: 0.086 Loaded shared library D:\java\jdk21\bin\zip.dll
Event: 0.135 Loaded shared library D:\java\jdk21\bin\jimage.dll
Event: 0.203 Loaded shared library D:\java\jdk21\bin\management_agent.dll
Event: 0.204 Loaded shared library D:\java\jdk21\bin\management.dll
Event: 0.211 Loaded shared library D:\java\jdk21\bin\management_ext.dll
Event: 0.479 Loaded shared library D:\java\jdk21\bin\extnet.dll
Event: 2.214 Loaded shared library D:\java\jdk21\bin\sunmscapi.dll
Event: 2.604 Loaded shared library D:\java\jdk21\bin\verify.dll

Deoptimization events (20 events):
Event: 14.758 Thread 0x00000172fe3ba5b0 Uncommon trap: trap_request=0xffffff45 fr.pc=0x00000172a8127f18 relative=0x00000000000002b8
Event: 14.758 Thread 0x00000172fe3ba5b0 Uncommon trap: reason=unstable_if action=reinterpret pc=0x00000172a8127f18 method=java.lang.AbstractStringBuilder.appendChars(Ljava/lang/String;II)V @ 11 c2
Event: 14.758 Thread 0x00000172fe3ba5b0 DEOPT PACKING pc=0x00000172a8127f18 sp=0x000000108d6fe7c0
Event: 14.758 Thread 0x00000172fe3ba5b0 DEOPT UNPACKING pc=0x00000172a7af7da2 sp=0x000000108d6fe780 mode 2
Event: 14.758 Thread 0x00000172fe3ba5b0 Uncommon trap: trap_request=0xffffff45 fr.pc=0x00000172a8279770 relative=0x0000000000000310
Event: 14.758 Thread 0x00000172fe3ba5b0 Uncommon trap: reason=unstable_if action=reinterpret pc=0x00000172a8279770 method=java.lang.String.getBytes([BIB)V @ 5 c2
Event: 14.758 Thread 0x00000172fe3ba5b0 DEOPT PACKING pc=0x00000172a8279770 sp=0x000000108d6fe870
Event: 14.758 Thread 0x00000172fe3ba5b0 DEOPT UNPACKING pc=0x00000172a7af7da2 sp=0x000000108d6fe738 mode 2
Event: 14.758 Thread 0x00000172fe3ba5b0 Uncommon trap: trap_request=0xffffff45 fr.pc=0x00000172a80a0038 relative=0x0000000000000118
Event: 14.758 Thread 0x00000172fe3ba5b0 Uncommon trap: reason=unstable_if action=reinterpret pc=0x00000172a80a0038 method=java.lang.String.getBytes([BIB)V @ 5 c2
Event: 14.758 Thread 0x00000172fe3ba5b0 DEOPT PACKING pc=0x00000172a80a0038 sp=0x000000108d6fe9c0
Event: 14.758 Thread 0x00000172fe3ba5b0 DEOPT UNPACKING pc=0x00000172a7af7da2 sp=0x000000108d6fe968 mode 2
Event: 19.391 Thread 0x00000172fe3bb960 Uncommon trap: trap_request=0xffffffc6 fr.pc=0x00000172a81660f4 relative=0x0000000000000554
Event: 19.391 Thread 0x00000172fe3bb960 Uncommon trap: reason=bimorphic_or_optimized_type_check action=maybe_recompile pc=0x00000172a81660f4 method=java.io.BufferedInputStream.read1([BII)I @ 52 c2
Event: 19.391 Thread 0x00000172fe3bb960 DEOPT PACKING pc=0x00000172a81660f4 sp=0x000000108d1fda50
Event: 19.391 Thread 0x00000172fe3bb960 DEOPT UNPACKING pc=0x00000172a7af7da2 sp=0x000000108d1fda08 mode 2
Event: 19.637 Thread 0x00000172fe3bb960 Uncommon trap: trap_request=0xffffffde fr.pc=0x00000172a85545e8 relative=0x00000000000058a8
Event: 19.637 Thread 0x00000172fe3bb960 Uncommon trap: reason=class_check action=maybe_recompile pc=0x00000172a85545e8 method=java.net.URLClassLoader.defineClass(Ljava/lang/String;Ljdk/internal/loader/Resource;)Ljava/lang/Class; @ 13 c2
Event: 19.637 Thread 0x00000172fe3bb960 DEOPT PACKING pc=0x00000172a85545e8 sp=0x000000108d1fe1d0
Event: 19.637 Thread 0x00000172fe3bb960 DEOPT UNPACKING pc=0x00000172a7af7da2 sp=0x000000108d1fdfe8 mode 2

Classes loaded (20 events):
Event: 14.289 Loading class java/lang/AbstractMethodError
Event: 14.289 Loading class java/lang/AbstractMethodError done
Event: 14.357 Loading class sun/util/ResourceBundleEnumeration
Event: 14.357 Loading class sun/util/ResourceBundleEnumeration done
Event: 14.526 Loading class java/lang/NegativeArraySizeException
Event: 14.527 Loading class java/lang/NegativeArraySizeException done
Event: 14.631 Loading class java/util/stream/ReferencePipeline$4
Event: 14.631 Loading class java/util/stream/ReferencePipeline$4 done
Event: 14.632 Loading class java/util/stream/Nodes$IntFixedNodeBuilder
Event: 14.632 Loading class java/util/stream/Node$Builder$OfInt
Event: 14.632 Loading class java/util/stream/Node$Builder$OfInt done
Event: 14.632 Loading class java/util/stream/Nodes$IntArrayNode
Event: 14.632 Loading class java/util/stream/Nodes$IntArrayNode done
Event: 14.632 Loading class java/util/stream/Nodes$IntFixedNodeBuilder done
Event: 14.632 Loading class java/util/stream/ReferencePipeline$4$1
Event: 14.632 Loading class java/util/stream/ReferencePipeline$4$1 done
Event: 14.739 Loading class java/util/Hashtable$ValueCollection
Event: 14.739 Loading class java/util/Hashtable$ValueCollection done
Event: 14.750 Loading class java/io/WriteAbortedException
Event: 14.750 Loading class java/io/WriteAbortedException done

Classes unloaded (0 events):
No events

Classes redefined (0 events):
No events

Internal exceptions (20 events):
Event: 14.026 Thread 0x00000172fe3bb960 Exception <a 'java/lang/NoSuchMethodError'{0x00000007100dc718}: static Lorg/apache/openejb/assembler/classic/ResourceEnvReferenceInfo;.<clinit>()V> (0x00000007100dc718) 
thrown [s\open\src\hotspot\share\prims\jni.cpp, line 1111]
Event: 14.027 Thread 0x00000172fe3bb960 Exception <a 'java/lang/NoSuchMethodError'{0x00000007100e95f0}: static Lorg/apache/openejb/assembler/classic/BeansInfo;.<clinit>()V> (0x00000007100e95f0) 
thrown [s\open\src\hotspot\share\prims\jni.cpp, line 1111]
Event: 14.029 Thread 0x00000172fe3bb960 Exception <a 'java/lang/NoSuchMethodError'{0x00000007101034a0}: static Lorg/apache/openejb/assembler/classic/BeansInfo$BDAInfo;.<clinit>()V> (0x00000007101034a0) 
thrown [s\open\src\hotspot\share\prims\jni.cpp, line 1111]
Event: 14.030 Thread 0x00000172fe3bb960 Exception <a 'java/lang/NoSuchMethodError'{0x000000071011d628}: static Lorg/apache/openejb/assembler/classic/EjbLocalReferenceInfo;.<clinit>()V> (0x000000071011d628) 
thrown [s\open\src\hotspot\share\prims\jni.cpp, line 1111]
Event: 14.031 Thread 0x00000172fe3bb960 Exception <a 'java/lang/NoSuchMethodError'{0x000000071011ef70}: static Lorg/apache/openejb/assembler/classic/EjbReferenceInfo;.<clinit>()V> (0x000000071011ef70) 
thrown [s\open\src\hotspot\share\prims\jni.cpp, line 1111]
Event: 14.032 Thread 0x00000172fe3bb960 Exception <a 'java/lang/NoSuchMethodError'{0x000000071012ce48}: static Lorg/apache/openejb/assembler/classic/ManagedBeanInfo;.<clinit>()V> (0x000000071012ce48) 
thrown [s\open\src\hotspot\share\prims\jni.cpp, line 1111]
Event: 14.033 Thread 0x00000172fe3bb960 Exception <a 'java/lang/NoSuchMethodError'{0x000000071013d8e0}: static Lorg/apache/openejb/assembler/classic/PersistenceUnitInfo;.<clinit>()V> (0x000000071013d8e0) 
thrown [s\open\src\hotspot\share\prims\jni.cpp, line 1111]
Event: 14.035 Thread 0x00000172fe3bb960 Exception <a 'java/lang/NoSuchMethodError'{0x000000071014e620}: static Lorg/apache/openejb/assembler/classic/WebAppInfo;.<clinit>()V> (0x000000071014e620) 
thrown [s\open\src\hotspot\share\prims\jni.cpp, line 1111]
Event: 14.036 Thread 0x00000172fe3bb960 Exception <a 'java/lang/NoSuchMethodError'{0x000000071015ab08}: static Lorg/apache/openejb/assembler/classic/ClassListInfo;.<clinit>()V> (0x000000071015ab08) 
thrown [s\open\src\hotspot\share\prims\jni.cpp, line 1111]
Event: 14.037 Thread 0x00000172fe3bb960 Exception <a 'java/lang/NoSuchMethodError'{0x0000000710167cf0}: static Lorg/apache/openejb/assembler/classic/ServletInfo;.<clinit>()V> (0x0000000710167cf0) 
thrown [s\open\src\hotspot\share\prims\jni.cpp, line 1111]
Event: 14.412 Thread 0x00000172fe3b6aa0 Exception <a 'java/lang/NoSuchMethodError'{0x000000070f139408}: 'int java.lang.invoke.DirectMethodHandle$Holder.invokeStaticInit(java.lang.Object, java.lang.Object, java.lang.Object)'> (0x000000070f139408) 
thrown [s\open\src\hotspot\share\interpreter\linkResolver.cpp, line 773]
Event: 19.441 Thread 0x00000172fe3bb960 Exception <a 'java/lang/ClassNotFoundException'{0x0000000718cfe248}: org/apache/taglibs/standard/tag/rt/core/ForEachTagBeanInfo> (0x0000000718cfe248) 
thrown [s\open\src\hotspot\share\classfile\systemDictionary.cpp, line 312]
Event: 19.442 Thread 0x00000172fe3bb960 Exception <a 'java/lang/ClassNotFoundException'{0x0000000718d08c88}: org/apache/taglibs/standard/tag/common/core/ForEachSupportBeanInfo> (0x0000000718d08c88) 
thrown [s\open\src\hotspot\share\classfile\systemDictionary.cpp, line 312]
Event: 19.443 Thread 0x00000172fe3bb960 Exception <a 'java/lang/ClassNotFoundException'{0x0000000718d15d58}: jakarta/servlet/jsp/jstl/core/LoopTagSupportBeanInfo> (0x0000000718d15d58) 
thrown [s\open\src\hotspot\share\classfile\systemDictionary.cpp, line 312]
Event: 19.445 Thread 0x00000172fe3bb960 Exception <a 'java/lang/ClassNotFoundException'{0x0000000718d22b90}: jakarta/servlet/jsp/tagext/TagSupportBeanInfo> (0x0000000718d22b90) 
thrown [s\open\src\hotspot\share\classfile\systemDictionary.cpp, line 312]
Event: 19.446 Thread 0x00000172fe3bb960 Exception <a 'java/lang/ClassNotFoundException'{0x0000000718d2f9e8}: jakarta/servlet/jsp/tagext/TagSupportCustomizer> (0x0000000718d2f9e8) 
thrown [s\open\src\hotspot\share\classfile\systemDictionary.cpp, line 312]
Event: 19.449 Thread 0x00000172fe3bb960 Exception <a 'java/lang/ClassNotFoundException'{0x0000000718d47f08}: jakarta/servlet/jsp/jstl/core/LoopTagSupportCustomizer> (0x0000000718d47f08) 
thrown [s\open\src\hotspot\share\classfile\systemDictionary.cpp, line 312]
Event: 19.451 Thread 0x00000172fe3bb960 Exception <a 'java/lang/ClassNotFoundException'{0x0000000718d5e618}: org/apache/taglibs/standard/tag/common/core/ForEachSupportCustomizer> (0x0000000718d5e618) 
thrown [s\open\src\hotspot\share\classfile\systemDictionary.cpp, line 312]
Event: 19.453 Thread 0x00000172fe3bb960 Exception <a 'java/lang/ClassNotFoundException'{0x0000000718d6c720}: org/apache/taglibs/standard/tag/rt/core/ForEachTagCustomizer> (0x0000000718d6c720) 
thrown [s\open\src\hotspot\share\classfile\systemDictionary.cpp, line 312]
Event: 19.459 Thread 0x00000172fe3bb960 Exception <a 'java/lang/NoSuchMethodError'{0x0000000718daff60}: 'java.lang.Object java.lang.invoke.DirectMethodHandle$Holder.invokeSpecial(java.lang.Object, java.lang.Object, java.lang.Object, int, int, java.lang.Object)'> (0x0000000718daff60) 
thrown [s\open\src\hotspot\share\interpreter\linkResolver.cpp, line 773]

ZGC Phase Switch (0 events):
No events

VM Operations (20 events):
Event: 14.533 Executing VM operation: CollectForMetadataAllocation (Metadata GC Threshold)
Event: 14.534 Executing VM operation: CollectForMetadataAllocation (Metadata GC Threshold) done
Event: 14.534 Executing VM operation: CollectForMetadataAllocation (Metadata GC Threshold)
Event: 14.534 Executing VM operation: CollectForMetadataAllocation (Metadata GC Threshold) done
Event: 14.574 Executing VM operation: CollectForMetadataAllocation (Metadata GC Threshold)
Event: 14.574 Executing VM operation: CollectForMetadataAllocation (Metadata GC Threshold) done
Event: 14.580 Executing VM operation: G1PauseRemark
Event: 14.583 Executing VM operation: G1PauseRemark done
Event: 14.619 Executing VM operation: G1PauseCleanup
Event: 14.619 Executing VM operation: G1PauseCleanup done
Event: 14.621 Executing VM operation: HandshakeAllThreads (Deoptimize)
Event: 14.621 Executing VM operation: HandshakeAllThreads (Deoptimize) done
Event: 14.755 Executing VM operation: HandshakeAllThreads (Deoptimize)
Event: 14.755 Executing VM operation: HandshakeAllThreads (Deoptimize) done
Event: 15.756 Executing VM operation: Cleanup
Event: 15.756 Executing VM operation: Cleanup done
Event: 19.393 Executing VM operation: HandshakeAllThreads (Deoptimize)
Event: 19.393 Executing VM operation: HandshakeAllThreads (Deoptimize) done
Event: 19.393 Executing VM operation: Cleanup
Event: 19.393 Executing VM operation: Cleanup done

Events (20 events):
Event: 14.583 Thread 0x00000172b716d910 flushing nmethod 0x00000172a05ce890
Event: 14.583 Thread 0x00000172b716d910 flushing nmethod 0x00000172a0628590
Event: 14.583 Thread 0x00000172b716d910 flushing nmethod 0x00000172a062d110
Event: 14.583 Thread 0x00000172b716d910 flushing nmethod 0x00000172a0663510
Event: 14.583 Thread 0x00000172b716d910 flushing nmethod 0x00000172a0707f10
Event: 14.583 Thread 0x00000172b716d910 flushing nmethod 0x00000172a09cff90
Event: 14.583 Thread 0x00000172b716d910 flushing nmethod 0x00000172a0a38e10
Event: 14.583 Thread 0x00000172b716d910 flushing nmethod 0x00000172a0a39610
Event: 14.583 Thread 0x00000172b716d910 flushing nmethod 0x00000172a8138490
Event: 14.583 Thread 0x00000172b716d910 flushing nmethod 0x00000172a81c7510
Event: 14.583 Thread 0x00000172b716d910 flushing nmethod 0x00000172a81c7a10
Event: 14.583 Thread 0x00000172b716d910 flushing nmethod 0x00000172a81c9410
Event: 14.583 Thread 0x00000172b716d910 flushing nmethod 0x00000172a824fd90
Event: 14.583 Thread 0x00000172b716d910 flushing nmethod 0x00000172a0918c10
Event: 14.583 Thread 0x00000172b716d910 flushing nmethod 0x00000172a0a5f610
Event: 14.583 Thread 0x00000172b716d910 flushing nmethod 0x00000172a0a60510
Event: 14.583 Thread 0x00000172b716d910 flushing nmethod 0x00000172a0a60990
Event: 14.858 Thread 0x0000017280852640 Thread exited: 0x0000017280852640
Event: 19.432 Thread 0x0000017280854850 Thread added: 0x0000017280854850
Event: 19.526 Thread 0x00000172808533e0 Thread added: 0x00000172808533e0


Dynamic libraries:
0x00007ff7c1ba0000 - 0x00007ff7c1bb0000 	D:\java\jdk21\bin\java.exe
0x00007ff94a170000 - 0x00007ff94a368000 	C:\WINDOWS\SYSTEM32\ntdll.dll
0x00007ff949550000 - 0x00007ff949612000 	C:\WINDOWS\System32\KERNEL32.DLL
0x00007ff947bb0000 - 0x00007ff947eaf000 	C:\WINDOWS\System32\KERNELBASE.dll
0x00007ff947a10000 - 0x00007ff947b10000 	C:\WINDOWS\System32\ucrtbase.dll
0x00007ff943c80000 - 0x00007ff943c99000 	D:\java\jdk21\bin\jli.dll
0x00007ff948250000 - 0x00007ff9482ff000 	C:\WINDOWS\System32\ADVAPI32.dll
0x00007ff943c60000 - 0x00007ff943c7b000 	D:\java\jdk21\bin\VCRUNTIME140.dll
0x00007ff948860000 - 0x00007ff9488fe000 	C:\WINDOWS\System32\msvcrt.dll
0x00007ff948330000 - 0x00007ff9483cf000 	C:\WINDOWS\System32\sechost.dll
0x00007ff948c40000 - 0x00007ff948d63000 	C:\WINDOWS\System32\RPCRT4.dll
0x00007ff947810000 - 0x00007ff947837000 	C:\WINDOWS\System32\bcrypt.dll
0x00007ff9483d0000 - 0x00007ff94856d000 	C:\WINDOWS\System32\USER32.dll
0x00007ff9480d0000 - 0x00007ff9480f2000 	C:\WINDOWS\System32\win32u.dll
0x00007ff948830000 - 0x00007ff94885b000 	C:\WINDOWS\System32\GDI32.dll
0x00007ff935490000 - 0x00007ff93572a000 	C:\WINDOWS\WinSxS\amd64_microsoft.windows.common-controls_6595b64144ccf1df_6.0.19041.4355_none_60b8b9eb71f62e16\COMCTL32.dll
0x00007ff9478f0000 - 0x00007ff947a0a000 	C:\WINDOWS\System32\gdi32full.dll
0x00007ff947b10000 - 0x00007ff947bad000 	C:\WINDOWS\System32\msvcp_win.dll
0x00007ff940450000 - 0x00007ff94045a000 	C:\WINDOWS\SYSTEM32\VERSION.dll
0x00007ff948300000 - 0x00007ff94832f000 	C:\WINDOWS\System32\IMM32.DLL
0x00007ff943cf0000 - 0x00007ff943cfc000 	D:\java\jdk21\bin\vcruntime140_1.dll
0x00007ff925970000 - 0x00007ff9259fe000 	D:\java\jdk21\bin\msvcp140.dll
0x00007ff8edab0000 - 0x00007ff8ee7ca000 	D:\java\jdk21\bin\server\jvm.dll
0x00007ff948b60000 - 0x00007ff948bcb000 	C:\WINDOWS\System32\WS2_32.dll
0x00007ff9475c0000 - 0x00007ff94760b000 	C:\WINDOWS\SYSTEM32\POWRPROF.dll
0x00007ff93bac0000 - 0x00007ff93bae7000 	C:\WINDOWS\SYSTEM32\WINMM.dll
0x00007ff947530000 - 0x00007ff947542000 	C:\WINDOWS\SYSTEM32\UMPDC.dll
0x00007ff946030000 - 0x00007ff946042000 	C:\WINDOWS\SYSTEM32\kernel.appcore.dll
0x00007ff943c50000 - 0x00007ff943c5a000 	D:\java\jdk21\bin\jimage.dll
0x00007ff945400000 - 0x00007ff9455e4000 	C:\WINDOWS\SYSTEM32\DBGHELP.DLL
0x00007ff926dd0000 - 0x00007ff926e04000 	C:\WINDOWS\SYSTEM32\dbgcore.DLL
0x00007ff948100000 - 0x00007ff948182000 	C:\WINDOWS\System32\bcryptPrimitives.dll
0x00007ff93d360000 - 0x00007ff93d36f000 	D:\java\jdk21\bin\instrument.dll
0x00007ff941c50000 - 0x00007ff941c6f000 	D:\java\jdk21\bin\java.dll
0x00007ff9499c0000 - 0x00007ff94a12d000 	C:\WINDOWS\System32\SHELL32.dll
0x00007ff945870000 - 0x00007ff946014000 	C:\WINDOWS\SYSTEM32\windows.storage.dll
0x00007ff9491f0000 - 0x00007ff949545000 	C:\WINDOWS\System32\combase.dll
0x00007ff9471d0000 - 0x00007ff9471fb000 	C:\WINDOWS\SYSTEM32\Wldp.dll
0x00007ff949620000 - 0x00007ff9496ed000 	C:\WINDOWS\System32\OLEAUT32.dll
0x00007ff948900000 - 0x00007ff9489ad000 	C:\WINDOWS\System32\SHCORE.dll
0x00007ff948190000 - 0x00007ff9481e5000 	C:\WINDOWS\System32\shlwapi.dll
0x00007ff947740000 - 0x00007ff947765000 	C:\WINDOWS\SYSTEM32\profapi.dll
0x00007ff9244c0000 - 0x00007ff924597000 	D:\java\jdk21\bin\jsvml.dll
0x00007ff92a5f0000 - 0x00007ff92a608000 	D:\java\jdk21\bin\zip.dll
0x00007ff93d350000 - 0x00007ff93d360000 	D:\java\jdk21\bin\net.dll
0x00007ff9447d0000 - 0x00007ff9448da000 	C:\WINDOWS\SYSTEM32\WINHTTP.dll
0x00007ff946f30000 - 0x00007ff946f9c000 	C:\WINDOWS\system32\mswsock.dll
0x00007ff92c270000 - 0x00007ff92c286000 	D:\java\jdk21\bin\nio.dll
0x00007ff9358b0000 - 0x00007ff9358b9000 	D:\java\jdk21\bin\management_agent.dll
0x00007ff92c180000 - 0x00007ff92c18a000 	D:\java\jdk21\bin\management.dll
0x00007ff92a5c0000 - 0x00007ff92a5cb000 	D:\java\jdk21\bin\management_ext.dll
0x00007ff949820000 - 0x00007ff949828000 	C:\WINDOWS\System32\PSAPI.DLL
0x00007ff943d30000 - 0x00007ff943d47000 	C:\WINDOWS\system32\napinsp.dll
0x00007ff943cc0000 - 0x00007ff943cdb000 	C:\WINDOWS\system32\pnrpnsp.dll
0x00007ff921440000 - 0x00007ff921455000 	C:\WINDOWS\system32\wshbth.dll
0x00007ff9448e0000 - 0x00007ff9448fd000 	C:\WINDOWS\system32\NLAapi.dll
0x00007ff946c10000 - 0x00007ff946c4b000 	C:\WINDOWS\SYSTEM32\IPHLPAPI.DLL
0x00007ff946c50000 - 0x00007ff946d1a000 	C:\WINDOWS\SYSTEM32\DNSAPI.dll
0x00007ff949810000 - 0x00007ff949818000 	C:\WINDOWS\System32\NSI.dll
0x00007ff943ca0000 - 0x00007ff943cb2000 	C:\WINDOWS\System32\winrnr.dll
0x00007ff9415d0000 - 0x00007ff9415da000 	C:\Windows\System32\rasadhlp.dll
0x00007ff9402c0000 - 0x00007ff940340000 	C:\WINDOWS\System32\fwpuclnt.dll
0x00007ff947120000 - 0x00007ff947138000 	C:\WINDOWS\SYSTEM32\CRYPTSP.dll
0x00007ff9467f0000 - 0x00007ff946828000 	C:\WINDOWS\system32\rsaenh.dll
0x00007ff9476c0000 - 0x00007ff9476ee000 	C:\WINDOWS\SYSTEM32\USERENV.dll
0x00007ff947140000 - 0x00007ff94714c000 	C:\WINDOWS\SYSTEM32\CRYPTBASE.dll
0x00007ff93d340000 - 0x00007ff93d349000 	D:\java\jdk21\bin\extnet.dll
0x00007ff92a4a0000 - 0x00007ff92a4ae000 	D:\java\jdk21\bin\sunmscapi.dll
0x00007ff947eb0000 - 0x00007ff94800c000 	C:\WINDOWS\System32\CRYPT32.dll
0x00007ff947240000 - 0x00007ff947267000 	C:\WINDOWS\SYSTEM32\ncrypt.dll
0x00007ff947200000 - 0x00007ff94723b000 	C:\WINDOWS\SYSTEM32\NTASN1.dll
0x00007ff9290b0000 - 0x00007ff9290c0000 	D:\java\jdk21\bin\verify.dll
0x00007ff941530000 - 0x00007ff941537000 	C:\WINDOWS\system32\wshunix.dll

dbghelp: loaded successfully - version: 4.0.5 - missing functions: none
symbol engine: initialized successfully - sym options: 0x614 - pdb path: .;D:\java\jdk21\bin;C:\WINDOWS\SYSTEM32;C:\WINDOWS\WinSxS\amd64_microsoft.windows.common-controls_6595b64144ccf1df_6.0.19041.4355_none_60b8b9eb71f62e16;D:\java\jdk21\bin\server

VM Arguments:
jvm_args: -Djava.util.logging.config.file=C:\Users\dell\AppData\Local\JetBrains\IntelliJIdea2024.3\tomcat\637303c7-005e-4fa5-a411-b0f41081b1ea\conf\logging.properties -Djava.util.logging.manager=org.apache.juli.ClassLoaderLogManager -javaagent:D:\CODE WEB\page-movie-management\apache-tomee-webprofile-10.0.0\lib\openejb-javaagent.jar -Dcom.sun.management.jmxremote= -Dcom.sun.management.jmxremote.port=1099 -Dcom.sun.management.jmxremote.ssl=false -Dcom.sun.management.jmxremote.password.file=C:\Users\dell\AppData\Local\JetBrains\IntelliJIdea2024.3\tomcat\637303c7-005e-4fa5-a411-b0f41081b1ea\jmxremote.password -Dcom.sun.management.jmxremote.access.file=C:\Users\dell\AppData\Local\JetBrains\IntelliJIdea2024.3\tomcat\637303c7-005e-4fa5-a411-b0f41081b1ea\jmxremote.access -Djava.rmi.server.hostname=127.0.0.1 -Dtomee.serialization.class.whitelist= -Dtomee.serialization.class.blacklist=- -Dtomee.remote.support=true -Dopenejb.system.apps=true -Djdk.tls.ephemeralDHKeySize=2048 -Djava.protocol.handler.pkgs=org.apache.catalina.webresources --add-opens=java.base/java.lang=ALL-UNNAMED --add-opens=java.base/java.io=ALL-UNNAMED --add-opens=java.base/java.util=ALL-UNNAMED --add-opens=java.base/java.util.concurrent=ALL-UNNAMED --add-opens=java.rmi/sun.rmi.transport=ALL-UNNAMED -Dcatalina.base=C:\Users\dell\AppData\Local\JetBrains\IntelliJIdea2024.3\tomcat\637303c7-005e-4fa5-a411-b0f41081b1ea -Dcatalina.home=D:\CODE WEB\page-movie-management\apache-tomee-webprofile-10.0.0 -Djava.io.tmpdir=C:\Users\dell\AppData\Local\JetBrains\IntelliJIdea2024.3\tomcat\637303c7-005e-4fa5-a411-b0f41081b1ea\temp 
java_command: org.apache.catalina.startup.Bootstrap start
java_class_path (initial): D:\CODE WEB\page-movie-management\apache-tomee-webprofile-10.0.0\bin\bootstrap.jar;D:\CODE WEB\page-movie-management\apache-tomee-webprofile-10.0.0\bin\tomcat-juli.jar
Launcher Type: SUN_STANDARD

[Global flags]
     intx CICompilerCount                          = 4                                         {product} {ergonomic}
     uint ConcGCThreads                            = 2                                         {product} {ergonomic}
     uint G1ConcRefinementThreads                  = 8                                         {product} {ergonomic}
   size_t G1HeapRegionSize                         = 2097152                                   {product} {ergonomic}
    uintx GCDrainStackTargetSize                   = 64                                        {product} {ergonomic}
   size_t InitialHeapSize                          = 264241152                                 {product} {ergonomic}
     bool ManagementServer                         = true                                      {product} {command line}
   size_t MarkStackSize                            = 4194304                                   {product} {ergonomic}
   size_t MaxHeapSize                              = 4225761280                                {product} {ergonomic}
   size_t MaxNewSize                               = 2535456768                                {product} {ergonomic}
   size_t MinHeapDeltaBytes                        = 2097152                                   {product} {ergonomic}
   size_t MinHeapSize                              = 8388608                                   {product} {ergonomic}
    uintx NonNMethodCodeHeapSize                   = 5839372                                {pd product} {ergonomic}
    uintx NonProfiledCodeHeapSize                  = 122909434                              {pd product} {ergonomic}
    uintx ProfiledCodeHeapSize                     = 122909434                              {pd product} {ergonomic}
    uintx ReservedCodeCacheSize                    = 251658240                              {pd product} {ergonomic}
     bool SegmentedCodeCache                       = true                                      {product} {ergonomic}
   size_t SoftMaxHeapSize                          = 4225761280                             {manageable} {ergonomic}
     bool UseCompressedOops                        = true                           {product lp64_product} {ergonomic}
     bool UseG1GC                                  = true                                      {product} {ergonomic}
     bool UseLargePagesIndividualAllocation        = false                                  {pd product} {ergonomic}

Logging:
Log output configuration:
 #0: stdout all=warning uptime,level,tags foldmultilines=false
 #1: stderr all=off uptime,level,tags foldmultilines=false

Environment Variables:
JAVA_HOME=D:\java\jdk21
CLASSPATH=D:\CODE WEB\page-movie-management\apache-tomee-webprofile-10.0.0\bin\bootstrap.jar;D:\CODE WEB\page-movie-management\apache-tomee-webprofile-10.0.0\bin\tomcat-juli.jar
PATH=C:\Program Files\Microsoft MPI\Bin\;C:\Program Files\Common Files\Oracle\Java\javapath;C:\WINDOWS\system32;C:\WINDOWS;C:\WINDOWS\System32\Wbem;C:\WINDOWS\System32\WindowsPowerShell\v1.0\;C:\WINDOWS\System32\OpenSSH\;C:\Program Files\Microsoft SQL Server\Client SDK\ODBC\170\Tools\Binn\;D:\Install\bin;D:\Git\cmd;D:\XAMPP\php;C:\ProgramData\ComposerSetup\bin;C:\mingw64\bin;C:\TDM-GCC-32\bin;D:\notejs\;D:\XAMPP\mysql\bin;D:\Maven\bin;D:\Maven\apache-maven-3.9.9\bin;C:\Program Files (x86)\Microsoft SQL Server\160\Tools\Binn\;C:\Program Files\Microsoft SQL Server\160\Tools\Binn\;C:\Program Files\Microsoft SQL Server\160\DTS\Binn\;C:\Program Files (x86)\Microsoft SQL Server\160\DTS\Binn\;D:\python\Scripts\;D:\python\;D:\java\jdk21\bin;D:\Microsoft VS Code\bin;C:\Users\dell\AppData\Roaming\Composer\vendor\bin;C:\mingw64\bin;C:\Users\dell\AppData\Roaming\npm;D:\nodejs;D:\PyCharm\PyCharm Community Edition 2024.2.4\bin;;D:\Wireshark;D:\python3.10;D:\python39;D:\JetBrains\IntelliJ IDEA 2024.3.4.1\bin;;D:\Maven\bin;
USERNAME=dell
OS=Windows_NT
PROCESSOR_IDENTIFIER=Intel64 Family 6 Model 140 Stepping 1, GenuineIntel
TMP=C:\Users\dell\AppData\Local\Temp
TEMP=C:\Users\dell\AppData\Local\Temp




Periodic native trim disabled

---------------  S Y S T E M  ---------------

OS:
 Windows 10 , 64 bit Build 19041 (10.0.19041.5438)
OS uptime: 1 days 4:00 hours

CPU: total 8 (initial active 8) (4 cores per cpu, 2 threads per core) family 6 model 140 stepping 1 microcode 0xba, cx8, cmov, fxsr, ht, mmx, 3dnowpref, sse, sse2, sse3, ssse3, sse4.1, sse4.2, popcnt, lzcnt, tsc, tscinvbit, avx, avx2, aes, erms, clmul, bmi1, bmi2, adx, avx512f, avx512dq, avx512cd, avx512bw, avx512vl, sha, fma, vzeroupper, avx512_vpopcntdq, avx512_vpclmulqdq, avx512_vaes, avx512_vnni, clflush, clflushopt, clwb, avx512_vbmi2, avx512_vbmi, rdtscp, rdpid, fsrm, gfni, avx512_bitalg, f16c, pku, cet_ibt, cet_ss, avx512_ifma
Processor Information for all 8 processors :
  Max Mhz: 2419, Current Mhz: 2419, Mhz Limit: 2419

Memory: 4k page, system-wide physical 16118M (4929M free)
TotalPageFile size 17082M (AvailPageFile size 7M)
current process WorkingSet (physical memory assigned to process): 501M, peak: 502M
current process commit charge ("private bytes"): 592M, peak: 594M

vm_info: Java HotSpot(TM) 64-Bit Server VM (21.0.6+8-LTS-188) for windows-amd64 JRE (21.0.6+8-LTS-188), built on 2024-12-03T10:50:54Z by "mach5one" with MS VC++ 17.6 (VS2022)

END.
