#
# There is insufficient memory for the Java Runtime Environment to continue.
# Native memory allocation (malloc) failed to allocate 77136 bytes for Chunk::new
# Possible reasons:
#   The system is out of physical RAM or swap space
#   The process is running with CompressedOops enabled, and the Java Heap may be blocking the growth of the native heap
# Possible solutions:
#   Reduce memory load on the system
#   Increase physical memory or swap space
#   Check if swap backing store is full
#   Decrease Java heap size (-Xmx/-Xms)
#   Decrease number of Java threads
#   Decrease Java thread stack sizes (-Xss)
#   Set larger code cache with -XX:ReservedCodeCacheSize=
#   JVM is running with Zero Based Compressed Oops mode in which the Java heap is
#     placed in the first 32GB address space. The Java Heap base address is the
#     maximum limit for the native heap growth. Please use -XX:HeapBaseMinAddress
#     to set the Java Heap base and to place the Java Heap above 32GB virtual address.
# This output file may be truncated or incomplete.
#
#  Out of Memory Error (arena.cpp:168), pid=5524, tid=7544
#
# JRE version: Java(TM) SE Runtime Environment (21.0.6+8) (build 21.0.6+8-LTS-188)
# Java VM: Java HotSpot(TM) 64-Bit Server VM (21.0.6+8-LTS-188, mixed mode, sharing, tiered, compressed oops, compressed class ptrs, g1 gc, windows-amd64)
# No core dump will be written. Minidumps are not enabled by default on client versions of Windows
#

---------------  S U M M A R Y ------------

Command Line: -Djava.util.logging.config.file=C:\Users\dell\AppData\Local\JetBrains\IntelliJIdea2024.3\tomcat\637303c7-005e-4fa5-a411-b0f41081b1ea\conf\logging.properties -Djava.util.logging.manager=org.apache.juli.ClassLoaderLogManager -javaagent:D:\CODE WEB\page-movie-management\apache-tomee-webprofile-10.0.0\lib\openejb-javaagent.jar -Dcom.sun.management.jmxremote= -Dcom.sun.management.jmxremote.port=1099 -Dcom.sun.management.jmxremote.ssl=false -Dcom.sun.management.jmxremote.password.file=C:\Users\dell\AppData\Local\JetBrains\IntelliJIdea2024.3\tomcat\637303c7-005e-4fa5-a411-b0f41081b1ea\jmxremote.password -Dcom.sun.management.jmxremote.access.file=C:\Users\dell\AppData\Local\JetBrains\IntelliJIdea2024.3\tomcat\637303c7-005e-4fa5-a411-b0f41081b1ea\jmxremote.access -Djava.rmi.server.hostname=127.0.0.1 -Dtomee.serialization.class.whitelist= -Dtomee.serialization.class.blacklist=- -Dtomee.remote.support=true -Dopenejb.system.apps=true -Djdk.tls.ephemeralDHKeySize=2048 -Djava.protocol.handler.pkgs=org.apache.catalina.webresources --add-opens=java.base/java.lang=ALL-UNNAMED --add-opens=java.base/java.io=ALL-UNNAMED --add-opens=java.base/java.util=ALL-UNNAMED --add-opens=java.base/java.util.concurrent=ALL-UNNAMED --add-opens=java.rmi/sun.rmi.transport=ALL-UNNAMED -Dcatalina.base=C:\Users\dell\AppData\Local\JetBrains\IntelliJIdea2024.3\tomcat\637303c7-005e-4fa5-a411-b0f41081b1ea -Dcatalina.home=D:\CODE WEB\page-movie-management\apache-tomee-webprofile-10.0.0 -Djava.io.tmpdir=C:\Users\dell\AppData\Local\JetBrains\IntelliJIdea2024.3\tomcat\637303c7-005e-4fa5-a411-b0f41081b1ea\temp org.apache.catalina.startup.Bootstrap start

Host: 11th Gen Intel(R) Core(TM) i5-1135G7 @ 2.40GHz, 8 cores, 15G,  Windows 10 , 64 bit Build 19041 (10.0.19041.5438)
Time: Tue Apr  1 17:15:39 2025 SE Asia Standard Time elapsed time: 63.490581 seconds (0d 0h 1m 3s)

---------------  T H R E A D  ---------------

Current thread (0x000001debc2a3630):  JavaThread "C2 CompilerThread0" daemon [_thread_in_native, id=7544, stack(0x0000006923c00000,0x0000006923d00000) (1024K)]


Current CompileTask:
C2:  63490 6806 %     4       org.apache.xbean.finder.ResourceFinder::decode @ 34 (249 bytes)

Stack: [0x0000006923c00000,0x0000006923d00000]
Native frames: (J=compiled Java code, j=interpreted, Vv=VM code, C=native code)
V  [jvm.dll+0x6ca6d9]
V  [jvm.dll+0x854f51]
V  [jvm.dll+0x85747e]
V  [jvm.dll+0x857b53]
V  [jvm.dll+0x27dcc6]
V  [jvm.dll+0xc4c2d]
V  [jvm.dll+0xc5163]
V  [jvm.dll+0x13ebef]
V  [jvm.dll+0x655992]
V  [jvm.dll+0x659c3b]
V  [jvm.dll+0x2467a5]
V  [jvm.dll+0x245eff]
V  [jvm.dll+0x1c6d2e]
V  [jvm.dll+0x2554f9]
V  [jvm.dll+0x253a8a]
V  [jvm.dll+0x3ee576]
V  [jvm.dll+0x7ff2fb]
V  [jvm.dll+0x6c8dbd]
C  [ucrtbase.dll+0x21bb2]
C  [KERNEL32.DLL+0x17374]
C  [ntdll.dll+0x4cc91]


---------------  P R O C E S S  ---------------

Threads class SMR info:
_java_thread_list=0x000001de84f38330, length=39, elements={
0x000001de9af09e10, 0x000001debc297aa0, 0x000001debc2987b0, 0x000001debc29a400,
0x000001debc29be60, 0x000001debc2a1e80, 0x000001debc2a0350, 0x000001debc2a3630,
0x000001debc2aa7e0, 0x000001debc487b20, 0x000001debc70d940, 0x000001debc71a880,
0x000001debc808cf0, 0x000001debcd857d0, 0x000001debca4c010, 0x000001defebf4ee0,
0x000001defe9934e0, 0x000001defe7fc730, 0x000001defe9b40f0, 0x000001defe8c3700,
0x000001defe8c4ab0, 0x000001defe8c57d0, 0x000001defe8c2350, 0x000001defe8c5140,
0x000001defe8c3070, 0x000001defe8c29e0, 0x000001de84d44810, 0x000001de84d3ec30,
0x000001de84d3e5a0, 0x000001de84d44ea0, 0x000001de84d3f2c0, 0x000001de84d3ffe0,
0x000001de84d42740, 0x000001de84d43af0, 0x000001de84d44180, 0x000001de84d45530,
0x000001de84d42dd0, 0x000001de84d3f950, 0x000001de84d43460
}

Java Threads: ( => current thread )
  0x000001de9af09e10 JavaThread "main"                              [_thread_in_native, id=15844, stack(0x0000006922e00000,0x0000006922f00000) (1024K)]
  0x000001debc297aa0 JavaThread "Reference Handler"          daemon [_thread_blocked, id=13380, stack(0x0000006923600000,0x0000006923700000) (1024K)]
  0x000001debc2987b0 JavaThread "Finalizer"                  daemon [_thread_blocked, id=12928, stack(0x0000006923700000,0x0000006923800000) (1024K)]
  0x000001debc29a400 JavaThread "Signal Dispatcher"          daemon [_thread_blocked, id=5092, stack(0x0000006923800000,0x0000006923900000) (1024K)]
  0x000001debc29be60 JavaThread "Attach Listener"            daemon [_thread_blocked, id=16996, stack(0x0000006923900000,0x0000006923a00000) (1024K)]
  0x000001debc2a1e80 JavaThread "Service Thread"             daemon [_thread_blocked, id=10564, stack(0x0000006923a00000,0x0000006923b00000) (1024K)]
  0x000001debc2a0350 JavaThread "Monitor Deflation Thread"   daemon [_thread_blocked, id=15364, stack(0x0000006923b00000,0x0000006923c00000) (1024K)]
=>0x000001debc2a3630 JavaThread "C2 CompilerThread0"         daemon [_thread_in_native, id=7544, stack(0x0000006923c00000,0x0000006923d00000) (1024K)]
  0x000001debc2aa7e0 JavaThread "C1 CompilerThread0"         daemon [_thread_blocked, id=1436, stack(0x0000006923d00000,0x0000006923e00000) (1024K)]
  0x000001debc487b20 JavaThread "Common-Cleaner"             daemon [_thread_blocked, id=8956, stack(0x0000006923e00000,0x0000006923f00000) (1024K)]
  0x000001debc70d940 JavaThread "FileHandlerLogFilesCleaner-1" daemon [_thread_blocked, id=13876, stack(0x0000006924000000,0x0000006924100000) (1024K)]
  0x000001debc71a880 JavaThread "Notification Thread"        daemon [_thread_blocked, id=14188, stack(0x0000006924100000,0x0000006924200000) (1024K)]
  0x000001debc808cf0 JavaThread "RMI TCP Accept-0"           daemon [_thread_in_native, id=17144, stack(0x0000006924300000,0x0000006924400000) (1024K)]
  0x000001debcd857d0 JavaThread "RMI TCP Accept-1099"        daemon [_thread_in_native, id=15436, stack(0x0000006924400000,0x0000006924500000) (1024K)]
  0x000001debca4c010 JavaThread "RMI TCP Accept-0"           daemon [_thread_in_native, id=10388, stack(0x0000006924500000,0x0000006924600000) (1024K)]
  0x000001defebf4ee0 JavaThread "RMI TCP Connection(idle)"   daemon [_thread_blocked, id=17388, stack(0x0000006924d00000,0x0000006924e00000) (1024K)]
  0x000001defe9934e0 JavaThread "RMI Scheduler(0)"           daemon [_thread_blocked, id=5032, stack(0x0000006924e00000,0x0000006924f00000) (1024K)]
  0x000001defe7fc730 JavaThread "RMI TCP Connection(idle)"   daemon [_thread_blocked, id=17112, stack(0x0000006924f00000,0x0000006925000000) (1024K)]
  0x000001defe9b40f0 JavaThread "AsyncFileHandlerWriter-1"   daemon [_thread_blocked, id=16864, stack(0x0000006925000000,0x0000006925100000) (1024K)]
  0x000001defe8c3700 JavaThread "mysql-cj-abandoned-connection-cleanup" daemon [_thread_blocked, id=3508, stack(0x0000006925200000,0x0000006925300000) (1024K)]
  0x000001defe8c4ab0 JavaThread "RetryTimer"                 daemon [_thread_blocked, id=1332, stack(0x0000006925100000,0x0000006925200000) (1024K)]
  0x000001defe8c57d0 JavaThread "DelayedCachedOutputStreamCleaner" daemon [_thread_blocked, id=10804, stack(0x0000006925300000,0x0000006925400000) (1024K)]
  0x000001defe8c2350 JavaThread "Catalina-utility-1"                [_thread_in_native, id=11972, stack(0x0000006925500000,0x0000006925600000) (1024K)]
  0x000001defe8c5140 JavaThread "Catalina-utility-2"                [_thread_blocked, id=9116, stack(0x0000006925600000,0x0000006925700000) (1024K)]
  0x000001defe8c3070 JavaThread "http-nio-8080-exec-1"       daemon [_thread_blocked, id=2504, stack(0x0000006925700000,0x0000006925800000) (1024K)]
  0x000001defe8c29e0 JavaThread "http-nio-8080-exec-2"       daemon [_thread_blocked, id=13740, stack(0x0000006925800000,0x0000006925900000) (1024K)]
  0x000001de84d44810 JavaThread "http-nio-8080-exec-3"       daemon [_thread_blocked, id=13260, stack(0x0000006925900000,0x0000006925a00000) (1024K)]
  0x000001de84d3ec30 JavaThread "http-nio-8080-exec-4"       daemon [_thread_blocked, id=17108, stack(0x0000006925a00000,0x0000006925b00000) (1024K)]
  0x000001de84d3e5a0 JavaThread "http-nio-8080-exec-5"       daemon [_thread_blocked, id=5884, stack(0x0000006925b00000,0x0000006925c00000) (1024K)]
  0x000001de84d44ea0 JavaThread "http-nio-8080-exec-6"       daemon [_thread_blocked, id=15724, stack(0x0000006925c00000,0x0000006925d00000) (1024K)]
  0x000001de84d3f2c0 JavaThread "http-nio-8080-exec-7"       daemon [_thread_blocked, id=13116, stack(0x0000006925d00000,0x0000006925e00000) (1024K)]
  0x000001de84d3ffe0 JavaThread "http-nio-8080-exec-8"       daemon [_thread_blocked, id=15420, stack(0x0000006925e00000,0x0000006925f00000) (1024K)]
  0x000001de84d42740 JavaThread "http-nio-8080-exec-9"       daemon [_thread_blocked, id=12760, stack(0x0000006925f00000,0x0000006926000000) (1024K)]
  0x000001de84d43af0 JavaThread "http-nio-8080-exec-10"      daemon [_thread_blocked, id=8084, stack(0x0000006926000000,0x0000006926100000) (1024K)]
  0x000001de84d44180 JavaThread "http-nio-8080-Poller"       daemon [_thread_in_native, id=14520, stack(0x0000006926100000,0x0000006926200000) (1024K)]
  0x000001de84d45530 JavaThread "http-nio-8080-Acceptor"     daemon [_thread_in_native, id=14528, stack(0x0000006926200000,0x0000006926300000) (1024K)]
  0x000001de84d42dd0 JavaThread "Thread-24"                  daemon [_thread_blocked, id=2960, stack(0x0000006923f00000,0x0000006924000000) (1024K)]
  0x000001de84d3f950 JavaThread "mysql-cj-abandoned-connection-cleanup" daemon [_thread_blocked, id=15012, stack(0x0000006926400000,0x0000006926500000) (1024K)]
  0x000001de84d43460 JavaThread "Default Stateless Container - 1" daemon [_thread_blocked, id=4704, stack(0x0000006926500000,0x0000006926600000) (1024K)]
Total: 39

Other Threads:
  0x000001debc27bd60 VMThread "VM Thread"                           [id=10816, stack(0x0000006923500000,0x0000006923600000) (1024K)]
  0x000001debc26b480 WatcherThread "VM Periodic Task Thread"        [id=16876, stack(0x0000006923400000,0x0000006923500000) (1024K)]
  0x000001de9d25ba80 WorkerThread "GC Thread#0"                     [id=1096, stack(0x0000006922f00000,0x0000006923000000) (1024K)]
  0x000001debc826b10 WorkerThread "GC Thread#1"                     [id=16248, stack(0x0000006924600000,0x0000006924700000) (1024K)]
  0x000001debc8a7860 WorkerThread "GC Thread#2"                     [id=15948, stack(0x0000006924700000,0x0000006924800000) (1024K)]
  0x000001debc8a7c00 WorkerThread "GC Thread#3"                     [id=13432, stack(0x0000006924800000,0x0000006924900000) (1024K)]
  0x000001debca4b380 WorkerThread "GC Thread#4"                     [id=8128, stack(0x0000006924900000,0x0000006924a00000) (1024K)]
  0x000001debca4b720 WorkerThread "GC Thread#5"                     [id=15972, stack(0x0000006924a00000,0x0000006924b00000) (1024K)]
  0x000001debca45b50 WorkerThread "GC Thread#6"                     [id=5452, stack(0x0000006924b00000,0x0000006924c00000) (1024K)]
  0x000001debcc84f60 WorkerThread "GC Thread#7"                     [id=14944, stack(0x0000006924c00000,0x0000006924d00000) (1024K)]
  0x000001de9d26c6f0 ConcurrentGCThread "G1 Main Marker"            [id=13108, stack(0x0000006923000000,0x0000006923100000) (1024K)]
  0x000001de9d26f8c0 WorkerThread "G1 Conc#0"                       [id=11812, stack(0x0000006923100000,0x0000006923200000) (1024K)]
  0x000001deff162870 WorkerThread "G1 Conc#1"                       [id=11140, stack(0x0000006925400000,0x0000006925500000) (1024K)]
  0x000001debc13b1d0 ConcurrentGCThread "G1 Refine#0"               [id=11404, stack(0x0000006923200000,0x0000006923300000) (1024K)]
  0x000001debc13da00 ConcurrentGCThread "G1 Service"                [id=11824, stack(0x0000006923300000,0x0000006923400000) (1024K)]
Total: 15

Threads with active compile tasks:
C2 CompilerThread0    63507 6806 %     4       org.apache.xbean.finder.ResourceFinder::decode @ 34 (249 bytes)
Total: 1

VM state: not at safepoint (normal execution)

VM Mutex/Monitor currently owned by a thread: None

OutOfMemory and StackOverflow Exception counts:
OutOfMemoryError java_heap_errors=1
LinkageErrors=123

Heap address: 0x0000000704200000, size: 4030 MB, Compressed Oops mode: Zero based, Oop shift amount: 3

CDS archive(s) mapped at: [0x000001debd000000-0x000001debdc90000-0x000001debdc90000), size 13172736, SharedBaseAddress: 0x000001debd000000, ArchiveRelocationMode: 1.
Compressed class space mapped at: 0x000001debe000000-0x000001defe000000, reserved size: 1073741824
Narrow klass base: 0x000001debd000000, Narrow klass shift: 0, Narrow klass range: 0x100000000

GC Precious Log:
 CardTable entry size: 512
 Card Set container configuration: InlinePtr #cards 4 size 8 Array Of Cards #cards 16 size 48 Howl #buckets 8 coarsen threshold 3686 Howl Bitmap #cards 512 size 80 coarsen threshold 460 Card regions per heap region 1 cards per card region 4096
 CPUs: 8 total, 8 available
 Memory: 16118M
 Large Page Support: Disabled
 NUMA Support: Disabled
 Compressed Oops: Enabled (Zero based)
 Heap Region Size: 2M
 Heap Min Capacity: 8M
 Heap Initial Capacity: 252M
 Heap Max Capacity: 4030M
 Pre-touch: Disabled
 Parallel Workers: 8
 Concurrent Workers: 2
 Concurrent Refinement Workers: 8
 Periodic GC: Disabled

Heap:
 garbage-first heap   total 360448K, used 230794K [0x0000000704200000, 0x0000000800000000)
  region size 2048K, 69 young (141312K), 6 survivors (12288K)
 Metaspace       used 57959K, committed 58688K, reserved 1114112K
  class space    used 6324K, committed 6656K, reserved 1048576K

Heap Regions: E=young(eden), S=young(survivor), O=old, HS=humongous(starts), HC=humongous(continues), CS=collection set, F=free, TAMS=top-at-mark-start, PB=parsable bottom
|   0|0x0000000704200000, 0x0000000704400000, 0x0000000704400000|100%| O|  |TAMS 0x0000000704200000| PB 0x0000000704200000| Untracked 
|   1|0x0000000704400000, 0x0000000704600000, 0x0000000704600000|100%| O|  |TAMS 0x0000000704400000| PB 0x0000000704400000| Untracked 
|   2|0x0000000704600000, 0x0000000704800000, 0x0000000704800000|100%| O|  |TAMS 0x0000000704600000| PB 0x0000000704600000| Untracked 
|   3|0x0000000704800000, 0x0000000704a00000, 0x0000000704a00000|100%| O|  |TAMS 0x0000000704800000| PB 0x0000000704800000| Untracked 
|   4|0x0000000704a00000, 0x0000000704c00000, 0x0000000704c00000|100%| O|  |TAMS 0x0000000704a00000| PB 0x0000000704a00000| Untracked 
|   5|0x0000000704c00000, 0x0000000704dfffe8, 0x0000000704e00000| 99%| O|  |TAMS 0x0000000704c00000| PB 0x0000000704c00000| Untracked 
|   6|0x0000000704e00000, 0x0000000704fa1f48, 0x0000000705000000| 81%| O|  |TAMS 0x0000000704e00000| PB 0x0000000704e00000| Untracked 
|   7|0x0000000705000000, 0x0000000705200000, 0x0000000705200000|100%| O|  |TAMS 0x0000000705000000| PB 0x0000000705000000| Untracked 
|   8|0x0000000705200000, 0x0000000705400000, 0x0000000705400000|100%| O|  |TAMS 0x0000000705200000| PB 0x0000000705200000| Untracked 
|   9|0x0000000705400000, 0x0000000705600000, 0x0000000705600000|100%| O|  |TAMS 0x0000000705400000| PB 0x0000000705400000| Untracked 
|  10|0x0000000705600000, 0x0000000705800000, 0x0000000705800000|100%| O|  |TAMS 0x0000000705600000| PB 0x0000000705600000| Untracked 
|  11|0x0000000705800000, 0x0000000705a00000, 0x0000000705a00000|100%| O|  |TAMS 0x0000000705800000| PB 0x0000000705800000| Untracked 
|  12|0x0000000705a00000, 0x0000000705c00000, 0x0000000705c00000|100%| O|Cm|TAMS 0x0000000705a00000| PB 0x0000000705a00000| Complete 
|  13|0x0000000705c00000, 0x0000000705c00000, 0x0000000705e00000|  0%| F|  |TAMS 0x0000000705c00000| PB 0x0000000705c00000| Untracked 
|  14|0x0000000705e00000, 0x0000000706000000, 0x0000000706000000|100%| O|Cm|TAMS 0x0000000705e00000| PB 0x0000000705e00000| Complete 
|  15|0x0000000706000000, 0x000000070619edf8, 0x0000000706200000| 81%| O|  |TAMS 0x0000000706000000| PB 0x0000000706000000| Untracked 
|  16|0x0000000706200000, 0x0000000706400000, 0x0000000706400000|100%| O|  |TAMS 0x0000000706200000| PB 0x0000000706200000| Untracked 
|  17|0x0000000706400000, 0x0000000706600000, 0x0000000706600000|100%| O|  |TAMS 0x0000000706400000| PB 0x0000000706400000| Untracked 
|  18|0x0000000706600000, 0x0000000706800000, 0x0000000706800000|100%| O|  |TAMS 0x0000000706600000| PB 0x0000000706600000| Untracked 
|  19|0x0000000706800000, 0x0000000706a00000, 0x0000000706a00000|100%| O|  |TAMS 0x0000000706800000| PB 0x0000000706800000| Untracked 
|  20|0x0000000706a00000, 0x0000000706c00000, 0x0000000706c00000|100%| O|  |TAMS 0x0000000706a00000| PB 0x0000000706a00000| Untracked 
|  21|0x0000000706c00000, 0x0000000706e00000, 0x0000000706e00000|100%| O|  |TAMS 0x0000000706c00000| PB 0x0000000706c00000| Untracked 
|  22|0x0000000706e00000, 0x0000000707000000, 0x0000000707000000|100%| O|  |TAMS 0x0000000706e00000| PB 0x0000000706e00000| Untracked 
|  23|0x0000000707000000, 0x0000000707200000, 0x0000000707200000|100%| O|  |TAMS 0x0000000707000000| PB 0x0000000707000000| Untracked 
|  24|0x0000000707200000, 0x0000000707400000, 0x0000000707400000|100%| O|  |TAMS 0x0000000707200000| PB 0x0000000707200000| Untracked 
|  25|0x0000000707400000, 0x0000000707600000, 0x0000000707600000|100%| O|  |TAMS 0x0000000707400000| PB 0x0000000707400000| Untracked 
|  26|0x0000000707600000, 0x0000000707800000, 0x0000000707800000|100%| O|  |TAMS 0x0000000707600000| PB 0x0000000707600000| Untracked 
|  27|0x0000000707800000, 0x0000000707a00000, 0x0000000707a00000|100%| O|  |TAMS 0x0000000707800000| PB 0x0000000707800000| Untracked 
|  28|0x0000000707a00000, 0x0000000707c00000, 0x0000000707c00000|100%| O|  |TAMS 0x0000000707a00000| PB 0x0000000707a00000| Untracked 
|  29|0x0000000707c00000, 0x0000000707e00000, 0x0000000707e00000|100%| O|  |TAMS 0x0000000707c00000| PB 0x0000000707c00000| Untracked 
|  30|0x0000000707e00000, 0x0000000708000000, 0x0000000708000000|100%| O|  |TAMS 0x0000000707e00000| PB 0x0000000707e00000| Untracked 
|  31|0x0000000708000000, 0x0000000708200000, 0x0000000708200000|100%| O|  |TAMS 0x0000000708000000| PB 0x0000000708000000| Untracked 
|  32|0x0000000708200000, 0x0000000708400000, 0x0000000708400000|100%| O|  |TAMS 0x0000000708200000| PB 0x0000000708200000| Untracked 
|  33|0x0000000708400000, 0x0000000708600000, 0x0000000708600000|100%| O|  |TAMS 0x0000000708400000| PB 0x0000000708400000| Untracked 
|  34|0x0000000708600000, 0x0000000708800000, 0x0000000708800000|100%| O|  |TAMS 0x0000000708600000| PB 0x0000000708600000| Untracked 
|  35|0x0000000708800000, 0x0000000708a00000, 0x0000000708a00000|100%| O|  |TAMS 0x0000000708800000| PB 0x0000000708800000| Untracked 
|  36|0x0000000708a00000, 0x0000000708c00000, 0x0000000708c00000|100%| O|  |TAMS 0x0000000708a00000| PB 0x0000000708a00000| Untracked 
|  37|0x0000000708c00000, 0x0000000708e00000, 0x0000000708e00000|100%| O|  |TAMS 0x0000000708c00000| PB 0x0000000708c00000| Untracked 
|  38|0x0000000708e00000, 0x0000000709000000, 0x0000000709000000|100%| O|  |TAMS 0x0000000708e00000| PB 0x0000000708e00000| Untracked 
|  39|0x0000000709000000, 0x0000000709200000, 0x0000000709200000|100%| O|  |TAMS 0x0000000709000000| PB 0x0000000709000000| Untracked 
|  40|0x0000000709200000, 0x0000000709200000, 0x0000000709400000|  0%| F|  |TAMS 0x0000000709200000| PB 0x0000000709200000| Untracked 
|  41|0x0000000709400000, 0x0000000709400000, 0x0000000709600000|  0%| F|  |TAMS 0x0000000709400000| PB 0x0000000709400000| Untracked 
|  42|0x0000000709600000, 0x0000000709600000, 0x0000000709800000|  0%| F|  |TAMS 0x0000000709600000| PB 0x0000000709600000| Untracked 
|  43|0x0000000709800000, 0x0000000709800000, 0x0000000709a00000|  0%| F|  |TAMS 0x0000000709800000| PB 0x0000000709800000| Untracked 
|  44|0x0000000709a00000, 0x0000000709a00000, 0x0000000709c00000|  0%| F|  |TAMS 0x0000000709a00000| PB 0x0000000709a00000| Untracked 
|  45|0x0000000709c00000, 0x0000000709c00000, 0x0000000709e00000|  0%| F|  |TAMS 0x0000000709c00000| PB 0x0000000709c00000| Untracked 
|  46|0x0000000709e00000, 0x0000000709e00000, 0x000000070a000000|  0%| F|  |TAMS 0x0000000709e00000| PB 0x0000000709e00000| Untracked 
|  47|0x000000070a000000, 0x000000070a200000, 0x000000070a200000|100%| O|  |TAMS 0x000000070a000000| PB 0x000000070a000000| Untracked 
|  48|0x000000070a200000, 0x000000070a200000, 0x000000070a400000|  0%| F|  |TAMS 0x000000070a200000| PB 0x000000070a200000| Untracked 
|  49|0x000000070a400000, 0x000000070a600000, 0x000000070a600000|100%| O|  |TAMS 0x000000070a400000| PB 0x000000070a400000| Untracked 
|  50|0x000000070a600000, 0x000000070a800000, 0x000000070a800000|100%| O|  |TAMS 0x000000070a600000| PB 0x000000070a600000| Untracked 
|  51|0x000000070a800000, 0x000000070aa00000, 0x000000070aa00000|100%| O|  |TAMS 0x000000070a800000| PB 0x000000070a800000| Untracked 
|  52|0x000000070aa00000, 0x000000070ac00000, 0x000000070ac00000|100%| O|  |TAMS 0x000000070aa00000| PB 0x000000070aa00000| Untracked 
|  53|0x000000070ac00000, 0x000000070ae00000, 0x000000070ae00000|100%| O|  |TAMS 0x000000070ac00000| PB 0x000000070ac00000| Untracked 
|  54|0x000000070ae00000, 0x000000070afc5c78, 0x000000070b000000| 88%| O|  |TAMS 0x000000070ae00000| PB 0x000000070ae00000| Untracked 
|  55|0x000000070b000000, 0x000000070b000000, 0x000000070b200000|  0%| F|  |TAMS 0x000000070b000000| PB 0x000000070b000000| Untracked 
|  56|0x000000070b200000, 0x000000070b200000, 0x000000070b400000|  0%| F|  |TAMS 0x000000070b200000| PB 0x000000070b200000| Untracked 
|  57|0x000000070b400000, 0x000000070b400000, 0x000000070b600000|  0%| F|  |TAMS 0x000000070b400000| PB 0x000000070b400000| Untracked 
|  58|0x000000070b600000, 0x000000070b600000, 0x000000070b800000|  0%| F|  |TAMS 0x000000070b600000| PB 0x000000070b600000| Untracked 
|  59|0x000000070b800000, 0x000000070b800000, 0x000000070ba00000|  0%| F|  |TAMS 0x000000070b800000| PB 0x000000070b800000| Untracked 
|  60|0x000000070ba00000, 0x000000070ba00000, 0x000000070bc00000|  0%| F|  |TAMS 0x000000070ba00000| PB 0x000000070ba00000| Untracked 
|  61|0x000000070bc00000, 0x000000070bc00000, 0x000000070be00000|  0%| F|  |TAMS 0x000000070bc00000| PB 0x000000070bc00000| Untracked 
|  62|0x000000070be00000, 0x000000070be00000, 0x000000070c000000|  0%| F|  |TAMS 0x000000070be00000| PB 0x000000070be00000| Untracked 
|  63|0x000000070c000000, 0x000000070c000000, 0x000000070c200000|  0%| F|  |TAMS 0x000000070c000000| PB 0x000000070c000000| Untracked 
|  64|0x000000070c200000, 0x000000070c25bfe0, 0x000000070c400000| 17%| S|CS|TAMS 0x000000070c200000| PB 0x000000070c200000| Complete 
|  65|0x000000070c400000, 0x000000070c600000, 0x000000070c600000|100%| S|CS|TAMS 0x000000070c400000| PB 0x000000070c400000| Complete 
|  66|0x000000070c600000, 0x000000070c800000, 0x000000070c800000|100%| S|CS|TAMS 0x000000070c600000| PB 0x000000070c600000| Complete 
|  67|0x000000070c800000, 0x000000070ca00000, 0x000000070ca00000|100%| S|CS|TAMS 0x000000070c800000| PB 0x000000070c800000| Complete 
|  68|0x000000070ca00000, 0x000000070cc00000, 0x000000070cc00000|100%| S|CS|TAMS 0x000000070ca00000| PB 0x000000070ca00000| Complete 
|  69|0x000000070cc00000, 0x000000070ce00000, 0x000000070ce00000|100%| S|CS|TAMS 0x000000070cc00000| PB 0x000000070cc00000| Complete 
|  70|0x000000070ce00000, 0x000000070ce00000, 0x000000070d000000|  0%| F|  |TAMS 0x000000070ce00000| PB 0x000000070ce00000| Untracked 
|  71|0x000000070d000000, 0x000000070d000000, 0x000000070d200000|  0%| F|  |TAMS 0x000000070d000000| PB 0x000000070d000000| Untracked 
|  72|0x000000070d200000, 0x000000070d200000, 0x000000070d400000|  0%| F|  |TAMS 0x000000070d200000| PB 0x000000070d200000| Untracked 
|  73|0x000000070d400000, 0x000000070d400000, 0x000000070d600000|  0%| F|  |TAMS 0x000000070d400000| PB 0x000000070d400000| Untracked 
|  74|0x000000070d600000, 0x000000070d600000, 0x000000070d800000|  0%| F|  |TAMS 0x000000070d600000| PB 0x000000070d600000| Untracked 
|  75|0x000000070d800000, 0x000000070d800000, 0x000000070da00000|  0%| F|  |TAMS 0x000000070d800000| PB 0x000000070d800000| Untracked 
|  76|0x000000070da00000, 0x000000070da00000, 0x000000070dc00000|  0%| F|  |TAMS 0x000000070da00000| PB 0x000000070da00000| Untracked 
|  77|0x000000070dc00000, 0x000000070dc00000, 0x000000070de00000|  0%| F|  |TAMS 0x000000070dc00000| PB 0x000000070dc00000| Untracked 
|  78|0x000000070de00000, 0x000000070de00000, 0x000000070e000000|  0%| F|  |TAMS 0x000000070de00000| PB 0x000000070de00000| Untracked 
|  79|0x000000070e000000, 0x000000070e000000, 0x000000070e200000|  0%| F|  |TAMS 0x000000070e000000| PB 0x000000070e000000| Untracked 
|  80|0x000000070e200000, 0x000000070e200000, 0x000000070e400000|  0%| F|  |TAMS 0x000000070e200000| PB 0x000000070e200000| Untracked 
|  81|0x000000070e400000, 0x000000070e400000, 0x000000070e600000|  0%| F|  |TAMS 0x000000070e400000| PB 0x000000070e400000| Untracked 
|  82|0x000000070e600000, 0x000000070e600000, 0x000000070e800000|  0%| F|  |TAMS 0x000000070e600000| PB 0x000000070e600000| Untracked 
|  83|0x000000070e800000, 0x000000070e800000, 0x000000070ea00000|  0%| F|  |TAMS 0x000000070e800000| PB 0x000000070e800000| Untracked 
|  84|0x000000070ea00000, 0x000000070ea00000, 0x000000070ec00000|  0%| F|  |TAMS 0x000000070ea00000| PB 0x000000070ea00000| Untracked 
|  85|0x000000070ec00000, 0x000000070ec00000, 0x000000070ee00000|  0%| F|  |TAMS 0x000000070ec00000| PB 0x000000070ec00000| Untracked 
|  86|0x000000070ee00000, 0x000000070ee00000, 0x000000070f000000|  0%| F|  |TAMS 0x000000070ee00000| PB 0x000000070ee00000| Untracked 
|  87|0x000000070f000000, 0x000000070f000000, 0x000000070f200000|  0%| F|  |TAMS 0x000000070f000000| PB 0x000000070f000000| Untracked 
|  88|0x000000070f200000, 0x000000070f200000, 0x000000070f400000|  0%| F|  |TAMS 0x000000070f200000| PB 0x000000070f200000| Untracked 
|  89|0x000000070f400000, 0x000000070f400000, 0x000000070f600000|  0%| F|  |TAMS 0x000000070f400000| PB 0x000000070f400000| Untracked 
|  90|0x000000070f600000, 0x000000070f600000, 0x000000070f800000|  0%| F|  |TAMS 0x000000070f600000| PB 0x000000070f600000| Untracked 
|  91|0x000000070f800000, 0x000000070f800000, 0x000000070fa00000|  0%| F|  |TAMS 0x000000070f800000| PB 0x000000070f800000| Untracked 
|  92|0x000000070fa00000, 0x000000070fa00000, 0x000000070fc00000|  0%| F|  |TAMS 0x000000070fa00000| PB 0x000000070fa00000| Untracked 
|  93|0x000000070fc00000, 0x000000070fc00000, 0x000000070fe00000|  0%| F|  |TAMS 0x000000070fc00000| PB 0x000000070fc00000| Untracked 
|  94|0x000000070fe00000, 0x000000070fe00000, 0x0000000710000000|  0%| F|  |TAMS 0x000000070fe00000| PB 0x000000070fe00000| Untracked 
|  95|0x0000000710000000, 0x0000000710000000, 0x0000000710200000|  0%| F|  |TAMS 0x0000000710000000| PB 0x0000000710000000| Untracked 
|  96|0x0000000710200000, 0x0000000710200000, 0x0000000710400000|  0%| F|  |TAMS 0x0000000710200000| PB 0x0000000710200000| Untracked 
|  97|0x0000000710400000, 0x0000000710400000, 0x0000000710600000|  0%| F|  |TAMS 0x0000000710400000| PB 0x0000000710400000| Untracked 
|  98|0x0000000710600000, 0x0000000710600000, 0x0000000710800000|  0%| F|  |TAMS 0x0000000710600000| PB 0x0000000710600000| Untracked 
|  99|0x0000000710800000, 0x0000000710800000, 0x0000000710a00000|  0%| F|  |TAMS 0x0000000710800000| PB 0x0000000710800000| Untracked 
| 100|0x0000000710a00000, 0x0000000710a00000, 0x0000000710c00000|  0%| F|  |TAMS 0x0000000710a00000| PB 0x0000000710a00000| Untracked 
| 101|0x0000000710c00000, 0x0000000710c00000, 0x0000000710e00000|  0%| F|  |TAMS 0x0000000710c00000| PB 0x0000000710c00000| Untracked 
| 102|0x0000000710e00000, 0x0000000710e00000, 0x0000000711000000|  0%| F|  |TAMS 0x0000000710e00000| PB 0x0000000710e00000| Untracked 
| 103|0x0000000711000000, 0x0000000711000000, 0x0000000711200000|  0%| F|  |TAMS 0x0000000711000000| PB 0x0000000711000000| Untracked 
| 104|0x0000000711200000, 0x0000000711200000, 0x0000000711400000|  0%| F|  |TAMS 0x0000000711200000| PB 0x0000000711200000| Untracked 
| 105|0x0000000711400000, 0x0000000711400000, 0x0000000711600000|  0%| F|  |TAMS 0x0000000711400000| PB 0x0000000711400000| Untracked 
| 106|0x0000000711600000, 0x0000000711600000, 0x0000000711800000|  0%| F|  |TAMS 0x0000000711600000| PB 0x0000000711600000| Untracked 
| 107|0x0000000711800000, 0x0000000711800000, 0x0000000711a00000|  0%| F|  |TAMS 0x0000000711800000| PB 0x0000000711800000| Untracked 
| 108|0x0000000711a00000, 0x0000000711a00000, 0x0000000711c00000|  0%| F|  |TAMS 0x0000000711a00000| PB 0x0000000711a00000| Untracked 
| 109|0x0000000711c00000, 0x0000000711c00000, 0x0000000711e00000|  0%| F|  |TAMS 0x0000000711c00000| PB 0x0000000711c00000| Untracked 
| 110|0x0000000711e00000, 0x0000000712000000, 0x0000000712000000|100%| O|  |TAMS 0x0000000711e00000| PB 0x0000000711e00000| Untracked 
| 111|0x0000000712000000, 0x0000000712000000, 0x0000000712200000|  0%| F|  |TAMS 0x0000000712000000| PB 0x0000000712000000| Untracked 
| 112|0x0000000712200000, 0x0000000712200000, 0x0000000712400000|  0%| F|  |TAMS 0x0000000712200000| PB 0x0000000712200000| Untracked 
| 113|0x0000000712400000, 0x00000007124786a8, 0x0000000712600000| 23%| E|  |TAMS 0x0000000712400000| PB 0x0000000712400000| Complete 
| 114|0x0000000712600000, 0x0000000712800000, 0x0000000712800000|100%| E|CS|TAMS 0x0000000712600000| PB 0x0000000712600000| Complete 
| 115|0x0000000712800000, 0x0000000712a00000, 0x0000000712a00000|100%| E|CS|TAMS 0x0000000712800000| PB 0x0000000712800000| Complete 
| 116|0x0000000712a00000, 0x0000000712c00000, 0x0000000712c00000|100%| E|CS|TAMS 0x0000000712a00000| PB 0x0000000712a00000| Complete 
| 117|0x0000000712c00000, 0x0000000712e00000, 0x0000000712e00000|100%| E|CS|TAMS 0x0000000712c00000| PB 0x0000000712c00000| Complete 
| 118|0x0000000712e00000, 0x0000000713000000, 0x0000000713000000|100%| E|CS|TAMS 0x0000000712e00000| PB 0x0000000712e00000| Complete 
| 119|0x0000000713000000, 0x0000000713200000, 0x0000000713200000|100%| E|CS|TAMS 0x0000000713000000| PB 0x0000000713000000| Complete 
| 120|0x0000000713200000, 0x0000000713400000, 0x0000000713400000|100%| E|  |TAMS 0x0000000713200000| PB 0x0000000713200000| Complete 
| 121|0x0000000713400000, 0x0000000713600000, 0x0000000713600000|100%| E|CS|TAMS 0x0000000713400000| PB 0x0000000713400000| Complete 
| 122|0x0000000713600000, 0x0000000713800000, 0x0000000713800000|100%| E|CS|TAMS 0x0000000713600000| PB 0x0000000713600000| Complete 
| 123|0x0000000713800000, 0x0000000713a00000, 0x0000000713a00000|100%| E|CS|TAMS 0x0000000713800000| PB 0x0000000713800000| Complete 
| 124|0x0000000713a00000, 0x0000000713c00000, 0x0000000713c00000|100%| E|CS|TAMS 0x0000000713a00000| PB 0x0000000713a00000| Complete 
| 125|0x0000000713c00000, 0x0000000713e00000, 0x0000000713e00000|100%| E|CS|TAMS 0x0000000713c00000| PB 0x0000000713c00000| Complete 
| 126|0x0000000713e00000, 0x0000000714000000, 0x0000000714000000|100%| E|CS|TAMS 0x0000000713e00000| PB 0x0000000713e00000| Complete 
| 127|0x0000000714000000, 0x0000000714200000, 0x0000000714200000|100%| E|CS|TAMS 0x0000000714000000| PB 0x0000000714000000| Complete 
| 128|0x0000000714200000, 0x0000000714400000, 0x0000000714400000|100%| E|CS|TAMS 0x0000000714200000| PB 0x0000000714200000| Complete 
| 129|0x0000000714400000, 0x0000000714600000, 0x0000000714600000|100%| E|CS|TAMS 0x0000000714400000| PB 0x0000000714400000| Complete 
| 130|0x0000000714600000, 0x0000000714800000, 0x0000000714800000|100%| E|CS|TAMS 0x0000000714600000| PB 0x0000000714600000| Complete 
| 131|0x0000000714800000, 0x0000000714a00000, 0x0000000714a00000|100%| E|CS|TAMS 0x0000000714800000| PB 0x0000000714800000| Complete 
| 132|0x0000000714a00000, 0x0000000714c00000, 0x0000000714c00000|100%| E|CS|TAMS 0x0000000714a00000| PB 0x0000000714a00000| Complete 
| 133|0x0000000714c00000, 0x0000000714e00000, 0x0000000714e00000|100%| E|CS|TAMS 0x0000000714c00000| PB 0x0000000714c00000| Complete 
| 134|0x0000000714e00000, 0x0000000715000000, 0x0000000715000000|100%| E|CS|TAMS 0x0000000714e00000| PB 0x0000000714e00000| Complete 
| 135|0x0000000715000000, 0x0000000715200000, 0x0000000715200000|100%| E|CS|TAMS 0x0000000715000000| PB 0x0000000715000000| Complete 
| 136|0x0000000715200000, 0x0000000715400000, 0x0000000715400000|100%| E|CS|TAMS 0x0000000715200000| PB 0x0000000715200000| Complete 
| 137|0x0000000715400000, 0x0000000715600000, 0x0000000715600000|100%| E|CS|TAMS 0x0000000715400000| PB 0x0000000715400000| Complete 
| 138|0x0000000715600000, 0x0000000715800000, 0x0000000715800000|100%| E|CS|TAMS 0x0000000715600000| PB 0x0000000715600000| Complete 
| 139|0x0000000715800000, 0x0000000715a00000, 0x0000000715a00000|100%| E|CS|TAMS 0x0000000715800000| PB 0x0000000715800000| Complete 
| 140|0x0000000715a00000, 0x0000000715c00000, 0x0000000715c00000|100%| E|CS|TAMS 0x0000000715a00000| PB 0x0000000715a00000| Complete 
| 141|0x0000000715c00000, 0x0000000715e00000, 0x0000000715e00000|100%| E|CS|TAMS 0x0000000715c00000| PB 0x0000000715c00000| Complete 
| 142|0x0000000715e00000, 0x0000000716000000, 0x0000000716000000|100%| E|CS|TAMS 0x0000000715e00000| PB 0x0000000715e00000| Complete 
| 143|0x0000000716000000, 0x0000000716200000, 0x0000000716200000|100%| E|CS|TAMS 0x0000000716000000| PB 0x0000000716000000| Complete 
| 144|0x0000000716200000, 0x0000000716400000, 0x0000000716400000|100%| E|CS|TAMS 0x0000000716200000| PB 0x0000000716200000| Complete 
| 145|0x0000000716400000, 0x0000000716600000, 0x0000000716600000|100%| E|CS|TAMS 0x0000000716400000| PB 0x0000000716400000| Complete 
| 146|0x0000000716600000, 0x0000000716800000, 0x0000000716800000|100%| E|CS|TAMS 0x0000000716600000| PB 0x0000000716600000| Complete 
| 147|0x0000000716800000, 0x0000000716a00000, 0x0000000716a00000|100%| E|CS|TAMS 0x0000000716800000| PB 0x0000000716800000| Complete 
| 148|0x0000000716a00000, 0x0000000716c00000, 0x0000000716c00000|100%| E|CS|TAMS 0x0000000716a00000| PB 0x0000000716a00000| Complete 
| 149|0x0000000716c00000, 0x0000000716e00000, 0x0000000716e00000|100%| E|CS|TAMS 0x0000000716c00000| PB 0x0000000716c00000| Complete 
| 150|0x0000000716e00000, 0x0000000717000000, 0x0000000717000000|100%| E|CS|TAMS 0x0000000716e00000| PB 0x0000000716e00000| Complete 
| 151|0x0000000717000000, 0x0000000717200000, 0x0000000717200000|100%| E|CS|TAMS 0x0000000717000000| PB 0x0000000717000000| Complete 
| 152|0x0000000717200000, 0x0000000717400000, 0x0000000717400000|100%| E|CS|TAMS 0x0000000717200000| PB 0x0000000717200000| Complete 
| 153|0x0000000717400000, 0x0000000717600000, 0x0000000717600000|100%| E|CS|TAMS 0x0000000717400000| PB 0x0000000717400000| Complete 
| 154|0x0000000717600000, 0x0000000717800000, 0x0000000717800000|100%| E|CS|TAMS 0x0000000717600000| PB 0x0000000717600000| Complete 
| 155|0x0000000717800000, 0x0000000717a00000, 0x0000000717a00000|100%| E|CS|TAMS 0x0000000717800000| PB 0x0000000717800000| Complete 
| 156|0x0000000717a00000, 0x0000000717c00000, 0x0000000717c00000|100%| E|CS|TAMS 0x0000000717a00000| PB 0x0000000717a00000| Complete 
| 157|0x0000000717c00000, 0x0000000717e00000, 0x0000000717e00000|100%| E|CS|TAMS 0x0000000717c00000| PB 0x0000000717c00000| Complete 
| 158|0x0000000717e00000, 0x0000000718000000, 0x0000000718000000|100%| E|CS|TAMS 0x0000000717e00000| PB 0x0000000717e00000| Complete 
| 159|0x0000000718000000, 0x0000000718200000, 0x0000000718200000|100%| E|CS|TAMS 0x0000000718000000| PB 0x0000000718000000| Complete 
| 160|0x0000000718200000, 0x0000000718400000, 0x0000000718400000|100%| E|CS|TAMS 0x0000000718200000| PB 0x0000000718200000| Complete 
| 161|0x0000000718400000, 0x0000000718600000, 0x0000000718600000|100%| E|CS|TAMS 0x0000000718400000| PB 0x0000000718400000| Complete 
| 162|0x0000000718600000, 0x0000000718800000, 0x0000000718800000|100%| E|CS|TAMS 0x0000000718600000| PB 0x0000000718600000| Complete 
| 163|0x0000000718800000, 0x0000000718a00000, 0x0000000718a00000|100%| E|CS|TAMS 0x0000000718800000| PB 0x0000000718800000| Complete 
| 164|0x0000000718a00000, 0x0000000718c00000, 0x0000000718c00000|100%| E|CS|TAMS 0x0000000718a00000| PB 0x0000000718a00000| Complete 
| 165|0x0000000718c00000, 0x0000000718e00000, 0x0000000718e00000|100%| E|CS|TAMS 0x0000000718c00000| PB 0x0000000718c00000| Complete 
| 166|0x0000000718e00000, 0x0000000719000000, 0x0000000719000000|100%| E|CS|TAMS 0x0000000718e00000| PB 0x0000000718e00000| Complete 
| 167|0x0000000719000000, 0x0000000719200000, 0x0000000719200000|100%| E|CS|TAMS 0x0000000719000000| PB 0x0000000719000000| Complete 
| 168|0x0000000719200000, 0x0000000719400000, 0x0000000719400000|100%| E|CS|TAMS 0x0000000719200000| PB 0x0000000719200000| Complete 
| 169|0x0000000719400000, 0x0000000719600000, 0x0000000719600000|100%| E|CS|TAMS 0x0000000719400000| PB 0x0000000719400000| Complete 
| 170|0x0000000719600000, 0x0000000719800000, 0x0000000719800000|100%| E|CS|TAMS 0x0000000719600000| PB 0x0000000719600000| Complete 
| 171|0x0000000719800000, 0x0000000719a00000, 0x0000000719a00000|100%| E|CS|TAMS 0x0000000719800000| PB 0x0000000719800000| Complete 
| 172|0x0000000719a00000, 0x0000000719c00000, 0x0000000719c00000|100%| E|CS|TAMS 0x0000000719a00000| PB 0x0000000719a00000| Complete 
| 173|0x0000000719c00000, 0x0000000719e00000, 0x0000000719e00000|100%| E|CS|TAMS 0x0000000719c00000| PB 0x0000000719c00000| Complete 
| 174|0x0000000719e00000, 0x000000071a000000, 0x000000071a000000|100%| E|CS|TAMS 0x0000000719e00000| PB 0x0000000719e00000| Complete 
| 175|0x000000071a000000, 0x000000071a200000, 0x000000071a200000|100%| E|CS|TAMS 0x000000071a000000| PB 0x000000071a000000| Complete 

Card table byte_map: [0x000001deb5190000,0x000001deb5970000] _byte_map_base: 0x000001deb196f000

Marking Bits: (CMBitMap*) 0x000001de9d25c090
 Bits: [0x000001deb5970000, 0x000001deb9868000)

Polling page: 0x000001de9b130000

Metaspace:

Usage:
  Non-class:     50.42 MB used.
      Class:      6.18 MB used.
       Both:     56.60 MB used.

Virtual space:
  Non-class space:       64.00 MB reserved,      50.81 MB ( 79%) committed,  1 nodes.
      Class space:        1.00 GB reserved,       6.50 MB ( <1%) committed,  1 nodes.
             Both:        1.06 GB reserved,      57.31 MB (  5%) committed. 

Chunk freelists:
   Non-Class:  12.90 MB
       Class:  9.46 MB
        Both:  22.36 MB

MaxMetaspaceSize: unlimited
CompressedClassSpaceSize: 1.00 GB
Initial GC threshold: 21.00 MB
Current GC threshold: 88.69 MB
CDS: on
 - commit_granule_bytes: 65536.
 - commit_granule_words: 8192.
 - virtual_space_node_default_size: 8388608.
 - enlarge_chunks_in_place: 1.
 - use_allocation_guard: 0.


Internal statistics:

num_allocs_failed_limit: 18.
num_arena_births: 994.
num_arena_deaths: 0.
num_vsnodes_births: 2.
num_vsnodes_deaths: 0.
num_space_committed: 916.
num_space_uncommitted: 0.
num_chunks_returned_to_freelist: 18.
num_chunks_taken_from_freelist: 2882.
num_chunk_merges: 18.
num_chunk_splits: 2004.
num_chunks_enlarged: 1391.
num_inconsistent_stats: 0.

CodeHeap 'non-profiled nmethods': size=120000Kb used=5488Kb max_used=5488Kb free=114511Kb
 bounds [0x000001dead150000, 0x000001dead6b0000, 0x000001deb4680000]
CodeHeap 'profiled nmethods': size=120000Kb used=12932Kb max_used=12932Kb free=107068Kb
 bounds [0x000001dea5680000, 0x000001dea6330000, 0x000001deacbb0000]
CodeHeap 'non-nmethods': size=5760Kb used=1841Kb max_used=1881Kb free=3918Kb
 bounds [0x000001deacbb0000, 0x000001deace20000, 0x000001dead150000]
 total_blobs=6788 nmethods=6102 adapters=589
 compilation: enabled
              stopped_count=0, restarted_count=0
 full_count=0

Compilation events (20 events):
Event: 63.472 Thread 0x000001debc2aa7e0 6805   !   3       java.io.PrintWriter::implFlush (21 bytes)
Event: 63.472 Thread 0x000001debc2aa7e0 nmethod 6805 0x000001dea630bf90 code [0x000001dea630c180, 0x000001dea630c560]
Event: 63.472 Thread 0x000001debc2a3630 6806 %     4       org.apache.xbean.finder.ResourceFinder::decode @ 34 (249 bytes)
Event: 63.473 Thread 0x000001debc2aa7e0 6807       3       java.time.Clock::currentInstant (84 bytes)
Event: 63.473 Thread 0x000001debc2aa7e0 nmethod 6807 0x000001dea630c710 code [0x000001dea630c980, 0x000001dea630d168]
Event: 63.474 Thread 0x000001debc2aa7e0 6808       3       com.sun.xml.internal.stream.util.ThreadLocalBufferAllocator::getBufferAllocator (54 bytes)
Event: 63.475 Thread 0x000001debc2aa7e0 nmethod 6808 0x000001dea630d490 code [0x000001dea630d700, 0x000001dea630e440]
Event: 63.476 Thread 0x000001debc2aa7e0 6809       3       jdk.internal.loader.URLClassPath$3::run (172 bytes)
Event: 63.477 Thread 0x000001debc2aa7e0 nmethod 6809 0x000001dea630e810 code [0x000001dea630eb40, 0x000001dea630fd50]
Event: 63.480 Thread 0x000001debc2aa7e0 6810       3       org.apache.openejb.config.BuiltInEnvironmentEntries::add (56 bytes)
Event: 63.480 Thread 0x000001debc2aa7e0 nmethod 6810 0x000001dea6310410 code [0x000001dea6310640, 0x000001dea6310f30]
Event: 63.481 Thread 0x000001debc2aa7e0 6811       3       org.apache.xbean.finder.MetaAnnotatedElement::getAnnotation (27 bytes)
Event: 63.481 Thread 0x000001debc2aa7e0 nmethod 6811 0x000001dea6311110 code [0x000001dea63112e0, 0x000001dea6311658]
Event: 63.481 Thread 0x000001debc2aa7e0 6812   !   3       java.lang.Class::newInstance (134 bytes)
Event: 63.483 Thread 0x000001debc2aa7e0 nmethod 6812 0x000001dea6311790 code [0x000001dea6311c00, 0x000001dea6313a50]
Event: 63.488 Thread 0x000001debc2aa7e0 6813       3       org.apache.openejb.util.SuperProperties::entrySet (11 bytes)
Event: 63.488 Thread 0x000001debc2aa7e0 nmethod 6813 0x000001dea6314810 code [0x000001dea6314a20, 0x000001dea6315140]
Event: 63.488 Thread 0x000001debc2aa7e0 6814       3       java.util.Properties$EntrySet::iterator (10 bytes)
Event: 63.488 Thread 0x000001debc2aa7e0 nmethod 6814 0x000001dea6315390 code [0x000001dea6315540, 0x000001dea6315720]
Event: 63.489 Thread 0x000001debc2aa7e0 6816       3       java.util.stream.Collectors::joining (34 bytes)

GC Heap History (20 events):
Event: 7.226 GC heap before
{Heap before GC invocations=41 (full 12):
 garbage-first heap   total 249856K, used 184711K [0x0000000704200000, 0x0000000800000000)
  region size 2048K, 73 young (149504K), 1 survivors (2048K)
 Metaspace       used 31531K, committed 32064K, reserved 1114112K
  class space    used 3377K, committed 3584K, reserved 1048576K
}
Event: 7.227 GC heap after
{Heap after GC invocations=42 (full 12):
 garbage-first heap   total 249856K, used 37290K [0x0000000704200000, 0x0000000800000000)
  region size 2048K, 1 young (2048K), 1 survivors (2048K)
 Metaspace       used 31531K, committed 32064K, reserved 1114112K
  class space    used 3377K, committed 3584K, reserved 1048576K
}
Event: 7.433 GC heap before
{Heap before GC invocations=42 (full 12):
 garbage-first heap   total 249856K, used 184746K [0x0000000704200000, 0x0000000800000000)
  region size 2048K, 73 young (149504K), 1 survivors (2048K)
 Metaspace       used 31544K, committed 32064K, reserved 1114112K
  class space    used 3377K, committed 3584K, reserved 1048576K
}
Event: 7.434 GC heap after
{Heap after GC invocations=43 (full 12):
 garbage-first heap   total 249856K, used 37502K [0x0000000704200000, 0x0000000800000000)
  region size 2048K, 1 young (2048K), 1 survivors (2048K)
 Metaspace       used 31544K, committed 32064K, reserved 1114112K
  class space    used 3377K, committed 3584K, reserved 1048576K
}
Event: 7.699 GC heap before
{Heap before GC invocations=43 (full 12):
 garbage-first heap   total 249856K, used 184958K [0x0000000704200000, 0x0000000800000000)
  region size 2048K, 73 young (149504K), 1 survivors (2048K)
 Metaspace       used 31550K, committed 32064K, reserved 1114112K
  class space    used 3377K, committed 3584K, reserved 1048576K
}
Event: 7.700 GC heap after
{Heap after GC invocations=44 (full 12):
 garbage-first heap   total 249856K, used 37271K [0x0000000704200000, 0x0000000800000000)
  region size 2048K, 1 young (2048K), 1 survivors (2048K)
 Metaspace       used 31550K, committed 32064K, reserved 1114112K
  class space    used 3377K, committed 3584K, reserved 1048576K
}
Event: 8.086 GC heap before
{Heap before GC invocations=44 (full 12):
 garbage-first heap   total 249856K, used 184727K [0x0000000704200000, 0x0000000800000000)
  region size 2048K, 73 young (149504K), 1 survivors (2048K)
 Metaspace       used 33718K, committed 34240K, reserved 1114112K
  class space    used 3702K, committed 3968K, reserved 1048576K
}
Event: 8.094 GC heap after
{Heap after GC invocations=45 (full 12):
 garbage-first heap   total 249856K, used 53243K [0x0000000704200000, 0x0000000800000000)
  region size 2048K, 8 young (16384K), 8 survivors (16384K)
 Metaspace       used 33718K, committed 34240K, reserved 1114112K
  class space    used 3702K, committed 3968K, reserved 1048576K
}
Event: 8.281 GC heap before
{Heap before GC invocations=45 (full 12):
 garbage-first heap   total 249856K, used 186363K [0x0000000704200000, 0x0000000800000000)
  region size 2048K, 73 young (149504K), 8 survivors (16384K)
 Metaspace       used 33727K, committed 34240K, reserved 1114112K
  class space    used 3702K, committed 3968K, reserved 1048576K
}
Event: 8.295 GC heap after
{Heap after GC invocations=46 (full 12):
 garbage-first heap   total 249856K, used 73995K [0x0000000704200000, 0x0000000800000000)
  region size 2048K, 10 young (20480K), 10 survivors (20480K)
 Metaspace       used 33727K, committed 34240K, reserved 1114112K
  class space    used 3702K, committed 3968K, reserved 1048576K
}
Event: 8.505 GC heap before
{Heap before GC invocations=46 (full 12):
 garbage-first heap   total 249856K, used 203019K [0x0000000704200000, 0x0000000800000000)
  region size 2048K, 73 young (149504K), 10 survivors (20480K)
 Metaspace       used 33900K, committed 34496K, reserved 1114112K
  class space    used 3728K, committed 3968K, reserved 1048576K
}
Event: 8.521 GC heap after
{Heap after GC invocations=47 (full 12):
 garbage-first heap   total 249856K, used 95376K [0x0000000704200000, 0x0000000800000000)
  region size 2048K, 10 young (20480K), 10 survivors (20480K)
 Metaspace       used 33900K, committed 34496K, reserved 1114112K
  class space    used 3728K, committed 3968K, reserved 1048576K
}
Event: 9.252 GC heap before
{Heap before GC invocations=47 (full 12):
 garbage-first heap   total 249856K, used 210064K [0x0000000704200000, 0x0000000800000000)
  region size 2048K, 66 young (135168K), 10 survivors (20480K)
 Metaspace       used 43475K, committed 44160K, reserved 1114112K
  class space    used 4848K, committed 5184K, reserved 1048576K
}
Event: 9.261 GC heap after
{Heap after GC invocations=48 (full 12):
 garbage-first heap   total 249856K, used 102700K [0x0000000704200000, 0x0000000800000000)
  region size 2048K, 3 young (6144K), 3 survivors (6144K)
 Metaspace       used 43475K, committed 44160K, reserved 1114112K
  class space    used 4848K, committed 5184K, reserved 1048576K
}
Event: 10.058 GC heap before
{Heap before GC invocations=48 (full 12):
 garbage-first heap   total 249856K, used 215340K [0x0000000704200000, 0x0000000800000000)
  region size 2048K, 58 young (118784K), 3 survivors (6144K)
 Metaspace       used 49958K, committed 50752K, reserved 1114112K
  class space    used 5670K, committed 6016K, reserved 1048576K
}
Event: 10.064 GC heap after
{Heap after GC invocations=49 (full 12):
 garbage-first heap   total 360448K, used 104820K [0x0000000704200000, 0x0000000800000000)
  region size 2048K, 4 young (8192K), 4 survivors (8192K)
 Metaspace       used 49958K, committed 50752K, reserved 1114112K
  class space    used 5670K, committed 6016K, reserved 1048576K
}
Event: 10.380 GC heap before
{Heap before GC invocations=49 (full 12):
 garbage-first heap   total 360448K, used 115060K [0x0000000704200000, 0x0000000800000000)
  region size 2048K, 11 young (22528K), 4 survivors (8192K)
 Metaspace       used 52417K, committed 53120K, reserved 1114112K
  class space    used 5845K, committed 6208K, reserved 1048576K
}
Event: 10.385 GC heap after
{Heap after GC invocations=50 (full 12):
 garbage-first heap   total 360448K, used 105829K [0x0000000704200000, 0x0000000800000000)
  region size 2048K, 5 young (10240K), 5 survivors (10240K)
 Metaspace       used 52417K, committed 53120K, reserved 1114112K
  class space    used 5845K, committed 6208K, reserved 1048576K
}
Event: 42.982 GC heap before
{Heap before GC invocations=51 (full 12):
 garbage-first heap   total 360448K, used 306533K [0x0000000704200000, 0x0000000800000000)
  region size 2048K, 105 young (215040K), 5 survivors (10240K)
 Metaspace       used 57875K, committed 58688K, reserved 1114112K
  class space    used 6316K, committed 6656K, reserved 1048576K
}
Event: 42.987 GC heap after
{Heap after GC invocations=52 (full 12):
 garbage-first heap   total 360448K, used 105866K [0x0000000704200000, 0x0000000800000000)
  region size 2048K, 6 young (12288K), 6 survivors (12288K)
 Metaspace       used 57875K, committed 58688K, reserved 1114112K
  class space    used 6316K, committed 6656K, reserved 1048576K
}

Dll operation events (14 events):
Event: 0.006 Loaded shared library D:\java\jdk21\bin\java.dll
Event: 0.032 Loaded shared library D:\java\jdk21\bin\jsvml.dll
Event: 0.068 Loaded shared library D:\java\jdk21\bin\zip.dll
Event: 0.071 Loaded shared library D:\java\jdk21\bin\instrument.dll
Event: 0.076 Loaded shared library D:\java\jdk21\bin\net.dll
Event: 0.077 Loaded shared library D:\java\jdk21\bin\nio.dll
Event: 0.080 Loaded shared library D:\java\jdk21\bin\zip.dll
Event: 0.132 Loaded shared library D:\java\jdk21\bin\jimage.dll
Event: 0.197 Loaded shared library D:\java\jdk21\bin\management_agent.dll
Event: 0.199 Loaded shared library D:\java\jdk21\bin\management.dll
Event: 0.208 Loaded shared library D:\java\jdk21\bin\management_ext.dll
Event: 0.467 Loaded shared library D:\java\jdk21\bin\extnet.dll
Event: 1.773 Loaded shared library D:\java\jdk21\bin\verify.dll
Event: 1.912 Loaded shared library D:\java\jdk21\bin\sunmscapi.dll

Deoptimization events (20 events):
Event: 32.761 Thread 0x000001defe8c5140 Uncommon trap: trap_request=0xffffffde fr.pc=0x000001dead672d40 relative=0x00000000000019c0
Event: 32.761 Thread 0x000001defe8c5140 Uncommon trap: reason=class_check action=maybe_recompile pc=0x000001dead672d40 method=jdk.internal.loader.BuiltinClassLoader.findMiscResource(Ljava/lang/String;)Ljava/util/List; @ 61 c2
Event: 32.761 Thread 0x000001defe8c5140 DEOPT PACKING pc=0x000001dead672d40 sp=0x00000069256fe090
Event: 32.761 Thread 0x000001defe8c5140 DEOPT UNPACKING pc=0x000001deacc07da2 sp=0x00000069256fdf08 mode 2
Event: 42.918 Thread 0x000001defe8c2350 Uncommon trap: trap_request=0xffffffc6 fr.pc=0x000001dead5cc1d8 relative=0x00000000000006b8
Event: 42.918 Thread 0x000001defe8c2350 Uncommon trap: reason=bimorphic_or_optimized_type_check action=maybe_recompile pc=0x000001dead5cc1d8 method=java.util.WeakHashMap.matchesKey(Ljava/util/WeakHashMap$Entry;Ljava/lang/Object;)Z @ 21 c2
Event: 42.918 Thread 0x000001defe8c2350 DEOPT PACKING pc=0x000001dead5cc1d8 sp=0x00000069255fe4a0
Event: 42.918 Thread 0x000001defe8c2350 DEOPT UNPACKING pc=0x000001deacc07da2 sp=0x00000069255fe3e8 mode 2
Event: 42.929 Thread 0x000001defe8c2350 Uncommon trap: trap_request=0xffffffde fr.pc=0x000001dead672d40 relative=0x00000000000019c0
Event: 42.929 Thread 0x000001defe8c2350 Uncommon trap: reason=class_check action=maybe_recompile pc=0x000001dead672d40 method=jdk.internal.loader.BuiltinClassLoader.findMiscResource(Ljava/lang/String;)Ljava/util/List; @ 61 c2
Event: 42.929 Thread 0x000001defe8c2350 DEOPT PACKING pc=0x000001dead672d40 sp=0x00000069255fe0d0
Event: 42.929 Thread 0x000001defe8c2350 DEOPT UNPACKING pc=0x000001deacc07da2 sp=0x00000069255fdf48 mode 2
Event: 53.123 Thread 0x000001defe8c5140 Uncommon trap: trap_request=0xffffffde fr.pc=0x000001dead672d40 relative=0x00000000000019c0
Event: 53.123 Thread 0x000001defe8c5140 Uncommon trap: reason=class_check action=maybe_recompile pc=0x000001dead672d40 method=jdk.internal.loader.BuiltinClassLoader.findMiscResource(Ljava/lang/String;)Ljava/util/List; @ 61 c2
Event: 53.123 Thread 0x000001defe8c5140 DEOPT PACKING pc=0x000001dead672d40 sp=0x00000069256fe090
Event: 53.123 Thread 0x000001defe8c5140 DEOPT UNPACKING pc=0x000001deacc07da2 sp=0x00000069256fdf08 mode 2
Event: 63.305 Thread 0x000001defe8c2350 Uncommon trap: trap_request=0xffffffc6 fr.pc=0x000001dead5cc1d8 relative=0x00000000000006b8
Event: 63.305 Thread 0x000001defe8c2350 Uncommon trap: reason=bimorphic_or_optimized_type_check action=maybe_recompile pc=0x000001dead5cc1d8 method=java.util.WeakHashMap.matchesKey(Ljava/util/WeakHashMap$Entry;Ljava/lang/Object;)Z @ 21 c2
Event: 63.305 Thread 0x000001defe8c2350 DEOPT PACKING pc=0x000001dead5cc1d8 sp=0x00000069255fe4a0
Event: 63.305 Thread 0x000001defe8c2350 DEOPT UNPACKING pc=0x000001deacc07da2 sp=0x00000069255fe3e8 mode 2

Classes loaded (20 events):
Event: 10.527 Loading class java/lang/NegativeArraySizeException
Event: 10.527 Loading class java/lang/NegativeArraySizeException done
Event: 10.587 Loading class java/util/stream/ReferencePipeline$4
Event: 10.588 Loading class java/util/stream/ReferencePipeline$4 done
Event: 10.588 Loading class java/util/stream/Nodes$IntFixedNodeBuilder
Event: 10.588 Loading class java/util/stream/Node$Builder$OfInt
Event: 10.588 Loading class java/util/stream/Node$Builder$OfInt done
Event: 10.588 Loading class java/util/stream/Nodes$IntArrayNode
Event: 10.588 Loading class java/util/stream/Nodes$IntArrayNode done
Event: 10.588 Loading class java/util/stream/Nodes$IntFixedNodeBuilder done
Event: 10.588 Loading class java/util/stream/ReferencePipeline$4$1
Event: 10.588 Loading class java/util/stream/ReferencePipeline$4$1 done
Event: 10.683 Loading class java/util/Hashtable$ValueCollection
Event: 10.683 Loading class java/util/Hashtable$ValueCollection done
Event: 10.692 Loading class java/io/WriteAbortedException
Event: 10.692 Loading class java/io/WriteAbortedException done
Event: 10.806 Loading class java/text/CalendarBuilder
Event: 10.806 Loading class java/text/CalendarBuilder done
Event: 32.897 Loading class java/util/zip/DataFormatException
Event: 32.897 Loading class java/util/zip/DataFormatException done

Classes unloaded (0 events):
No events

Classes redefined (0 events):
No events

Internal exceptions (20 events):
Event: 10.073 Thread 0x000001de84d3e5a0 Exception <a 'java/lang/NoSuchMethodError'{0x000000071a120270}: static Lorg/apache/openejb/assembler/classic/ManagedBeanInfo;.<clinit>()V> (0x000000071a120270) 
thrown [s\open\src\hotspot\share\prims\jni.cpp, line 1111]
Event: 10.075 Thread 0x000001de84d3e5a0 Exception <a 'java/lang/NoSuchMethodError'{0x000000071a130c80}: static Lorg/apache/openejb/assembler/classic/PersistenceUnitInfo;.<clinit>()V> (0x000000071a130c80) 
thrown [s\open\src\hotspot\share\prims\jni.cpp, line 1111]
Event: 10.076 Thread 0x000001de84d3e5a0 Exception <a 'java/lang/NoSuchMethodError'{0x000000071a141988}: static Lorg/apache/openejb/assembler/classic/WebAppInfo;.<clinit>()V> (0x000000071a141988) 
thrown [s\open\src\hotspot\share\prims\jni.cpp, line 1111]
Event: 10.077 Thread 0x000001de84d3e5a0 Exception <a 'java/lang/NoSuchMethodError'{0x000000071a14de20}: static Lorg/apache/openejb/assembler/classic/ClassListInfo;.<clinit>()V> (0x000000071a14de20) 
thrown [s\open\src\hotspot\share\prims\jni.cpp, line 1111]
Event: 10.079 Thread 0x000001de84d3e5a0 Exception <a 'java/lang/NoSuchMethodError'{0x000000071a15b008}: static Lorg/apache/openejb/assembler/classic/ServletInfo;.<clinit>()V> (0x000000071a15b008) 
thrown [s\open\src\hotspot\share\prims\jni.cpp, line 1111]
Event: 10.404 Thread 0x000001de84d3ffe0 Exception <a 'java/lang/NoSuchMethodError'{0x0000000719e71b70}: 'int java.lang.invoke.DirectMethodHandle$Holder.invokeStaticInit(java.lang.Object, java.lang.Object, java.lang.Object)'> (0x0000000719e71b70) 
thrown [s\open\src\hotspot\share\interpreter\linkResolver.cpp, line 773]
Event: 12.197 Thread 0x000001defe8c5140 Implicit null exception at 0x000001dead3ec9c5 to 0x000001dead3ee88f
Event: 12.218 Thread 0x000001defe8c5140 Exception <a 'java/io/FileNotFoundException'{0x00000007175d0fb8}> (0x00000007175d0fb8) 
thrown [s\open\src\hotspot\share\prims\jni.cpp, line 520]
Event: 12.428 Thread 0x000001defe8c5140 Exception <a 'java/io/FileNotFoundException'{0x000000071478dcc8}> (0x000000071478dcc8) 
thrown [s\open\src\hotspot\share\prims\jni.cpp, line 520]
Event: 22.495 Thread 0x000001defe8c2350 Exception <a 'java/io/FileNotFoundException'{0x00000007142bf930}> (0x00000007142bf930) 
thrown [s\open\src\hotspot\share\prims\jni.cpp, line 520]
Event: 22.688 Thread 0x000001defe8c2350 Exception <a 'java/io/FileNotFoundException'{0x0000000711205948}> (0x0000000711205948) 
thrown [s\open\src\hotspot\share\prims\jni.cpp, line 520]
Event: 32.754 Thread 0x000001defe8c5140 Exception <a 'java/io/FileNotFoundException'{0x00000007111b41c0}> (0x00000007111b41c0) 
thrown [s\open\src\hotspot\share\prims\jni.cpp, line 520]
Event: 32.890 Thread 0x000001defe8c5140 Exception <a 'java/io/FileNotFoundException'{0x000000070e2f9dd8}> (0x000000070e2f9dd8) 
thrown [s\open\src\hotspot\share\prims\jni.cpp, line 520]
Event: 32.897 Thread 0x000001defe8c5140 Exception <a 'java/lang/OutOfMemoryError'{0x000000070e385060}> (0x000000070e385060) 
thrown [s\open\src\hotspot\share\prims\jni.cpp, line 539]
Event: 42.920 Thread 0x000001defe8c2350 Exception <a 'java/io/FileNotFoundException'{0x000000070e0bb570}> (0x000000070e0bb570) 
thrown [s\open\src\hotspot\share\prims\jni.cpp, line 520]
Event: 43.056 Thread 0x000001defe8c2350 Exception <a 'java/io/FileNotFoundException'{0x0000000718673958}> (0x0000000718673958) 
thrown [s\open\src\hotspot\share\prims\jni.cpp, line 520]
Event: 53.115 Thread 0x000001defe8c5140 Exception <a 'java/io/FileNotFoundException'{0x000000071825efe8}> (0x000000071825efe8) 
thrown [s\open\src\hotspot\share\prims\jni.cpp, line 520]
Event: 53.257 Thread 0x000001defe8c5140 Exception <a 'java/io/FileNotFoundException'{0x00000007156d8320}> (0x00000007156d8320) 
thrown [s\open\src\hotspot\share\prims\jni.cpp, line 520]
Event: 63.310 Thread 0x000001defe8c2350 Exception <a 'java/io/FileNotFoundException'{0x00000007155f50a0}> (0x00000007155f50a0) 
thrown [s\open\src\hotspot\share\prims\jni.cpp, line 520]
Event: 63.470 Thread 0x000001defe8c2350 Exception <a 'java/io/FileNotFoundException'{0x0000000712673638}> (0x0000000712673638) 
thrown [s\open\src\hotspot\share\prims\jni.cpp, line 520]

ZGC Phase Switch (0 events):
No events

VM Operations (20 events):
Event: 14.743 Executing VM operation: Cleanup
Event: 14.743 Executing VM operation: Cleanup done
Event: 22.834 Executing VM operation: Cleanup
Event: 22.834 Executing VM operation: Cleanup done
Event: 30.915 Executing VM operation: Cleanup
Event: 30.915 Executing VM operation: Cleanup done
Event: 32.941 Executing VM operation: Cleanup
Event: 32.941 Executing VM operation: Cleanup done
Event: 34.955 Executing VM operation: Cleanup
Event: 34.955 Executing VM operation: Cleanup done
Event: 42.982 Executing VM operation: G1CollectForAllocation (G1 Evacuation Pause)
Event: 42.987 Executing VM operation: G1CollectForAllocation (G1 Evacuation Pause) done
Event: 43.993 Executing VM operation: Cleanup
Event: 43.993 Executing VM operation: Cleanup done
Event: 54.086 Executing VM operation: Cleanup
Event: 54.086 Executing VM operation: Cleanup done
Event: 60.220 Executing VM operation: HandshakeAllThreads (HandshakeForDeflation)
Event: 60.220 Executing VM operation: HandshakeAllThreads (HandshakeForDeflation) done
Event: 60.221 Executing VM operation: RendezvousGCThreads
Event: 60.221 Executing VM operation: RendezvousGCThreads done

Events (20 events):
Event: 10.427 Thread 0x000001debc27bd60 flushing nmethod 0x000001dea5917f10
Event: 10.427 Thread 0x000001debc27bd60 flushing nmethod 0x000001dea5981990
Event: 10.427 Thread 0x000001debc27bd60 flushing nmethod 0x000001dea5b1ba90
Event: 10.427 Thread 0x000001debc27bd60 flushing nmethod 0x000001dea5bf0c90
Event: 10.485 Thread 0x000001debc2aa110 Thread exited: 0x000001debc2aa110
Event: 10.805 Thread 0x000001debc2a9370 Thread exited: 0x000001debc2a9370
Event: 12.204 Thread 0x000001debc67c160 Thread added: 0x000001debc67c160
Event: 12.204 Thread 0x000001debc67e8c0 Thread added: 0x000001debc67e8c0
Event: 12.204 Thread 0x000001debc67c160 Thread exited: 0x000001debc67c160
Event: 12.205 Thread 0x000001debc67e8c0 Thread exited: 0x000001debc67e8c0
Event: 12.222 Thread 0x000001debc2ab580 Thread added: 0x000001debc2ab580
Event: 12.226 Thread 0x000001debc2a9370 Thread added: 0x000001debc2a9370
Event: 14.197 Thread 0x000001debc2a9370 Thread exited: 0x000001debc2a9370
Event: 14.197 Thread 0x000001debc2ab580 Thread exited: 0x000001debc2ab580
Event: 22.539 Thread 0x000001debc2aa110 Thread added: 0x000001debc2aa110
Event: 22.686 Thread 0x000001debc2aa110 Thread exited: 0x000001debc2aa110
Event: 53.109 Thread 0x000001de84d40670 Thread added: 0x000001de84d40670
Event: 53.110 Thread 0x000001de84d45bc0 Thread added: 0x000001de84d45bc0
Event: 53.110 Thread 0x000001de84d40670 Thread exited: 0x000001de84d40670
Event: 53.110 Thread 0x000001de84d45bc0 Thread exited: 0x000001de84d45bc0


Dynamic libraries:
0x00007ff643fd0000 - 0x00007ff643fe0000 	D:\java\jdk21\bin\java.exe
0x00007ffc63930000 - 0x00007ffc63b28000 	C:\WINDOWS\SYSTEM32\ntdll.dll
0x00007ffc61d40000 - 0x00007ffc61e02000 	C:\WINDOWS\System32\KERNEL32.DLL
0x00007ffc61480000 - 0x00007ffc6177f000 	C:\WINDOWS\System32\KERNELBASE.dll
0x00007ffc61330000 - 0x00007ffc61430000 	C:\WINDOWS\System32\ucrtbase.dll
0x00007ffc5c900000 - 0x00007ffc5c91b000 	D:\java\jdk21\bin\VCRUNTIME140.dll
0x00007ffc5c8e0000 - 0x00007ffc5c8f9000 	D:\java\jdk21\bin\jli.dll
0x00007ffc62c40000 - 0x00007ffc62cef000 	C:\WINDOWS\System32\ADVAPI32.dll
0x00007ffc63060000 - 0x00007ffc630fe000 	C:\WINDOWS\System32\msvcrt.dll
0x00007ffc61e10000 - 0x00007ffc61eaf000 	C:\WINDOWS\System32\sechost.dll
0x00007ffc62560000 - 0x00007ffc62683000 	C:\WINDOWS\System32\RPCRT4.dll
0x00007ffc61270000 - 0x00007ffc61297000 	C:\WINDOWS\System32\bcrypt.dll
0x00007ffc62350000 - 0x00007ffc624ed000 	C:\WINDOWS\System32\USER32.dll
0x00007ffc60fd0000 - 0x00007ffc60ff2000 	C:\WINDOWS\System32\win32u.dll
0x00007ffc4ece0000 - 0x00007ffc4ef7a000 	C:\WINDOWS\WinSxS\amd64_microsoft.windows.common-controls_6595b64144ccf1df_6.0.19041.4355_none_60b8b9eb71f62e16\COMCTL32.dll
0x00007ffc62810000 - 0x00007ffc6283b000 	C:\WINDOWS\System32\GDI32.dll
0x00007ffc61780000 - 0x00007ffc6189a000 	C:\WINDOWS\System32\gdi32full.dll
0x00007ffc611d0000 - 0x00007ffc6126d000 	C:\WINDOWS\System32\msvcp_win.dll
0x00007ffc59be0000 - 0x00007ffc59bea000 	C:\WINDOWS\SYSTEM32\VERSION.dll
0x00007ffc61cb0000 - 0x00007ffc61cdf000 	C:\WINDOWS\System32\IMM32.DLL
0x00007ffc5d950000 - 0x00007ffc5d95c000 	D:\java\jdk21\bin\vcruntime140_1.dll
0x00007ffc5c850000 - 0x00007ffc5c8de000 	D:\java\jdk21\bin\msvcp140.dll
0x00007ffc0f620000 - 0x00007ffc1033a000 	D:\java\jdk21\bin\server\jvm.dll
0x00007ffc624f0000 - 0x00007ffc6255b000 	C:\WINDOWS\System32\WS2_32.dll
0x00007ffc60510000 - 0x00007ffc6055b000 	C:\WINDOWS\SYSTEM32\POWRPROF.dll
0x00007ffc54f90000 - 0x00007ffc54fb7000 	C:\WINDOWS\SYSTEM32\WINMM.dll
0x00007ffc603d0000 - 0x00007ffc603e2000 	C:\WINDOWS\SYSTEM32\UMPDC.dll
0x00007ffc5f7f0000 - 0x00007ffc5f802000 	C:\WINDOWS\SYSTEM32\kernel.appcore.dll
0x00007ffc5c840000 - 0x00007ffc5c84a000 	D:\java\jdk21\bin\jimage.dll
0x00007ffc5f4f0000 - 0x00007ffc5f6d4000 	C:\WINDOWS\SYSTEM32\DBGHELP.DLL
0x00007ffc40280000 - 0x00007ffc402b4000 	C:\WINDOWS\SYSTEM32\dbgcore.DLL
0x00007ffc612a0000 - 0x00007ffc61322000 	C:\WINDOWS\System32\bcryptPrimitives.dll
0x00007ffc5c7d0000 - 0x00007ffc5c7df000 	D:\java\jdk21\bin\instrument.dll
0x00007ffc5c820000 - 0x00007ffc5c83f000 	D:\java\jdk21\bin\java.dll
0x00007ffc63180000 - 0x00007ffc638ed000 	C:\WINDOWS\System32\SHELL32.dll
0x00007ffc5ec70000 - 0x00007ffc5f414000 	C:\WINDOWS\SYSTEM32\windows.storage.dll
0x00007ffc61950000 - 0x00007ffc61ca5000 	C:\WINDOWS\System32\combase.dll
0x00007ffc60a00000 - 0x00007ffc60a2b000 	C:\WINDOWS\SYSTEM32\Wldp.dll
0x00007ffc62b70000 - 0x00007ffc62c3d000 	C:\WINDOWS\System32\OLEAUT32.dll
0x00007ffc62700000 - 0x00007ffc627ad000 	C:\WINDOWS\System32\SHCORE.dll
0x00007ffc62f40000 - 0x00007ffc62f95000 	C:\WINDOWS\System32\shlwapi.dll
0x00007ffc60f00000 - 0x00007ffc60f25000 	C:\WINDOWS\SYSTEM32\profapi.dll
0x00007ffc43c60000 - 0x00007ffc43d37000 	D:\java\jdk21\bin\jsvml.dll
0x00007ffc5ace0000 - 0x00007ffc5acf8000 	D:\java\jdk21\bin\zip.dll
0x00007ffc5c800000 - 0x00007ffc5c810000 	D:\java\jdk21\bin\net.dll
0x00007ffc5dfd0000 - 0x00007ffc5e0da000 	C:\WINDOWS\SYSTEM32\WINHTTP.dll
0x00007ffc60760000 - 0x00007ffc607cc000 	C:\WINDOWS\system32\mswsock.dll
0x00007ffc5c7e0000 - 0x00007ffc5c7f6000 	D:\java\jdk21\bin\nio.dll
0x00007ffc5acb0000 - 0x00007ffc5acb9000 	D:\java\jdk21\bin\management_agent.dll
0x00007ffc5aca0000 - 0x00007ffc5acaa000 	D:\java\jdk21\bin\management.dll
0x00007ffc5ac90000 - 0x00007ffc5ac9b000 	D:\java\jdk21\bin\management_ext.dll
0x00007ffc626f0000 - 0x00007ffc626f8000 	C:\WINDOWS\System32\PSAPI.DLL
0x00007ffc5d9c0000 - 0x00007ffc5d9d7000 	C:\WINDOWS\system32\napinsp.dll
0x00007ffc58260000 - 0x00007ffc5827b000 	C:\WINDOWS\system32\pnrpnsp.dll
0x00007ffc31440000 - 0x00007ffc31455000 	C:\WINDOWS\system32\wshbth.dll
0x00007ffc5dfa0000 - 0x00007ffc5dfbd000 	C:\WINDOWS\system32\NLAapi.dll
0x00007ffc603f0000 - 0x00007ffc6042b000 	C:\WINDOWS\SYSTEM32\IPHLPAPI.DLL
0x00007ffc60430000 - 0x00007ffc604fa000 	C:\WINDOWS\SYSTEM32\DNSAPI.dll
0x00007ffc62fa0000 - 0x00007ffc62fa8000 	C:\WINDOWS\System32\NSI.dll
0x00007ffc56fc0000 - 0x00007ffc56fd2000 	C:\WINDOWS\System32\winrnr.dll
0x00007ffc5c650000 - 0x00007ffc5c65a000 	C:\Windows\System32\rasadhlp.dll
0x00007ffc59c10000 - 0x00007ffc59c90000 	C:\WINDOWS\System32\fwpuclnt.dll
0x00007ffc60950000 - 0x00007ffc60968000 	C:\WINDOWS\SYSTEM32\CRYPTSP.dll
0x00007ffc60010000 - 0x00007ffc60048000 	C:\WINDOWS\system32\rsaenh.dll
0x00007ffc60e80000 - 0x00007ffc60eae000 	C:\WINDOWS\SYSTEM32\USERENV.dll
0x00007ffc60970000 - 0x00007ffc6097c000 	C:\WINDOWS\SYSTEM32\CRYPTBASE.dll
0x00007ffc5acd0000 - 0x00007ffc5acd9000 	D:\java\jdk21\bin\extnet.dll
0x00007ffc5ac80000 - 0x00007ffc5ac90000 	D:\java\jdk21\bin\verify.dll
0x00007ffc5acc0000 - 0x00007ffc5acce000 	D:\java\jdk21\bin\sunmscapi.dll
0x00007ffc61000000 - 0x00007ffc6115c000 	C:\WINDOWS\System32\CRYPT32.dll
0x00007ffc60a70000 - 0x00007ffc60a97000 	C:\WINDOWS\SYSTEM32\ncrypt.dll
0x00007ffc60a30000 - 0x00007ffc60a6b000 	C:\WINDOWS\SYSTEM32\NTASN1.dll
0x00007ffc5e230000 - 0x00007ffc5e237000 	C:\WINDOWS\system32\wshunix.dll

dbghelp: loaded successfully - version: 4.0.5 - missing functions: none
symbol engine: initialized successfully - sym options: 0x614 - pdb path: .;D:\java\jdk21\bin;C:\WINDOWS\SYSTEM32;C:\WINDOWS\WinSxS\amd64_microsoft.windows.common-controls_6595b64144ccf1df_6.0.19041.4355_none_60b8b9eb71f62e16;D:\java\jdk21\bin\server

VM Arguments:
jvm_args: -Djava.util.logging.config.file=C:\Users\dell\AppData\Local\JetBrains\IntelliJIdea2024.3\tomcat\637303c7-005e-4fa5-a411-b0f41081b1ea\conf\logging.properties -Djava.util.logging.manager=org.apache.juli.ClassLoaderLogManager -javaagent:D:\CODE WEB\page-movie-management\apache-tomee-webprofile-10.0.0\lib\openejb-javaagent.jar -Dcom.sun.management.jmxremote= -Dcom.sun.management.jmxremote.port=1099 -Dcom.sun.management.jmxremote.ssl=false -Dcom.sun.management.jmxremote.password.file=C:\Users\dell\AppData\Local\JetBrains\IntelliJIdea2024.3\tomcat\637303c7-005e-4fa5-a411-b0f41081b1ea\jmxremote.password -Dcom.sun.management.jmxremote.access.file=C:\Users\dell\AppData\Local\JetBrains\IntelliJIdea2024.3\tomcat\637303c7-005e-4fa5-a411-b0f41081b1ea\jmxremote.access -Djava.rmi.server.hostname=127.0.0.1 -Dtomee.serialization.class.whitelist= -Dtomee.serialization.class.blacklist=- -Dtomee.remote.support=true -Dopenejb.system.apps=true -Djdk.tls.ephemeralDHKeySize=2048 -Djava.protocol.handler.pkgs=org.apache.catalina.webresources --add-opens=java.base/java.lang=ALL-UNNAMED --add-opens=java.base/java.io=ALL-UNNAMED --add-opens=java.base/java.util=ALL-UNNAMED --add-opens=java.base/java.util.concurrent=ALL-UNNAMED --add-opens=java.rmi/sun.rmi.transport=ALL-UNNAMED -Dcatalina.base=C:\Users\dell\AppData\Local\JetBrains\IntelliJIdea2024.3\tomcat\637303c7-005e-4fa5-a411-b0f41081b1ea -Dcatalina.home=D:\CODE WEB\page-movie-management\apache-tomee-webprofile-10.0.0 -Djava.io.tmpdir=C:\Users\dell\AppData\Local\JetBrains\IntelliJIdea2024.3\tomcat\637303c7-005e-4fa5-a411-b0f41081b1ea\temp 
java_command: org.apache.catalina.startup.Bootstrap start
java_class_path (initial): D:\CODE WEB\page-movie-management\apache-tomee-webprofile-10.0.0\bin\bootstrap.jar;D:\CODE WEB\page-movie-management\apache-tomee-webprofile-10.0.0\bin\tomcat-juli.jar
Launcher Type: SUN_STANDARD

[Global flags]
     intx CICompilerCount                          = 4                                         {product} {ergonomic}
     uint ConcGCThreads                            = 2                                         {product} {ergonomic}
     uint G1ConcRefinementThreads                  = 8                                         {product} {ergonomic}
   size_t G1HeapRegionSize                         = 2097152                                   {product} {ergonomic}
    uintx GCDrainStackTargetSize                   = 64                                        {product} {ergonomic}
   size_t InitialHeapSize                          = 264241152                                 {product} {ergonomic}
     bool ManagementServer                         = true                                      {product} {command line}
   size_t MarkStackSize                            = 4194304                                   {product} {ergonomic}
   size_t MaxHeapSize                              = 4225761280                                {product} {ergonomic}
   size_t MaxNewSize                               = 2535456768                                {product} {ergonomic}
   size_t MinHeapDeltaBytes                        = 2097152                                   {product} {ergonomic}
   size_t MinHeapSize                              = 8388608                                   {product} {ergonomic}
    uintx NonNMethodCodeHeapSize                   = 5839372                                {pd product} {ergonomic}
    uintx NonProfiledCodeHeapSize                  = 122909434                              {pd product} {ergonomic}
    uintx ProfiledCodeHeapSize                     = 122909434                              {pd product} {ergonomic}
    uintx ReservedCodeCacheSize                    = 251658240                              {pd product} {ergonomic}
     bool SegmentedCodeCache                       = true                                      {product} {ergonomic}
   size_t SoftMaxHeapSize                          = 4225761280                             {manageable} {ergonomic}
     bool UseCompressedOops                        = true                           {product lp64_product} {ergonomic}
     bool UseG1GC                                  = true                                      {product} {ergonomic}
     bool UseLargePagesIndividualAllocation        = false                                  {pd product} {ergonomic}

Logging:
Log output configuration:
 #0: stdout all=warning uptime,level,tags foldmultilines=false
 #1: stderr all=off uptime,level,tags foldmultilines=false

Environment Variables:
JAVA_HOME=D:\java\jdk21
CLASSPATH=D:\CODE WEB\page-movie-management\apache-tomee-webprofile-10.0.0\bin\bootstrap.jar;D:\CODE WEB\page-movie-management\apache-tomee-webprofile-10.0.0\bin\tomcat-juli.jar
PATH=C:\Program Files\Microsoft MPI\Bin\;C:\Program Files\Common Files\Oracle\Java\javapath;C:\WINDOWS\system32;C:\WINDOWS;C:\WINDOWS\System32\Wbem;C:\WINDOWS\System32\WindowsPowerShell\v1.0\;C:\WINDOWS\System32\OpenSSH\;C:\Program Files\Microsoft SQL Server\Client SDK\ODBC\170\Tools\Binn\;D:\Install\bin;D:\Git\cmd;D:\XAMPP\php;C:\ProgramData\ComposerSetup\bin;C:\mingw64\bin;C:\TDM-GCC-32\bin;D:\notejs\;D:\XAMPP\mysql\bin;D:\Maven\bin;D:\Maven\apache-maven-3.9.9\bin;C:\Program Files (x86)\Microsoft SQL Server\160\Tools\Binn\;C:\Program Files\Microsoft SQL Server\160\Tools\Binn\;C:\Program Files\Microsoft SQL Server\160\DTS\Binn\;C:\Program Files (x86)\Microsoft SQL Server\160\DTS\Binn\;D:\python\Scripts\;D:\python\;D:\java\jdk21\bin;D:\Microsoft VS Code\bin;C:\Users\dell\AppData\Roaming\Composer\vendor\bin;C:\mingw64\bin;C:\Users\dell\AppData\Roaming\npm;D:\nodejs;D:\PyCharm\PyCharm Community Edition 2024.2.4\bin;;D:\Wireshark;D:\python3.10;D:\python39;D:\JetBrains\IntelliJ IDEA 2024.3.4.1\bin;;D:\Maven\bin;
USERNAME=dell
OS=Windows_NT
PROCESSOR_IDENTIFIER=Intel64 Family 6 Model 140 Stepping 1, GenuineIntel
TMP=C:\Users\dell\AppData\Local\Temp
TEMP=C:\Users\dell\AppData\Local\Temp




Periodic native trim disabled

---------------  S Y S T E M  ---------------

OS:
 Windows 10 , 64 bit Build 19041 (10.0.19041.5438)
OS uptime: 0 days 0:33 hours

CPU: total 8 (initial active 8) (4 cores per cpu, 2 threads per core) family 6 model 140 stepping 1 microcode 0xba, cx8, cmov, fxsr, ht, mmx, 3dnowpref, sse, sse2, sse3, ssse3, sse4.1, sse4.2, popcnt, lzcnt, tsc, tscinvbit, avx, avx2, aes, erms, clmul, bmi1, bmi2, adx, avx512f, avx512dq, avx512cd, avx512bw, avx512vl, sha, fma, vzeroupper, avx512_vpopcntdq, avx512_vpclmulqdq, avx512_vaes, avx512_vnni, clflush, clflushopt, clwb, avx512_vbmi2, avx512_vbmi, rdtscp, rdpid, fsrm, gfni, avx512_bitalg, f16c, pku, cet_ibt, cet_ss, avx512_ifma
Processor Information for all 8 processors :
  Max Mhz: 2419, Current Mhz: 2419, Mhz Limit: 2419

Memory: 4k page, system-wide physical 16118M (3539M free)
TotalPageFile size 17570M (AvailPageFile size 4M)
current process WorkingSet (physical memory assigned to process): 516M, peak: 524M
current process commit charge ("private bytes"): 555M, peak: 590M

vm_info: Java HotSpot(TM) 64-Bit Server VM (21.0.6+8-LTS-188) for windows-amd64 JRE (21.0.6+8-LTS-188), built on 2024-12-03T10:50:54Z by "mach5one" with MS VC++ 17.6 (VS2022)

END.
