#
# There is insufficient memory for the Java Runtime Environment to continue.
# Native memory allocation (mmap) failed to map 106954752 bytes for G1 virtual space
# Possible reasons:
#   The system is out of physical RAM or swap space
#   The process is running with CompressedOops enabled, and the Java Heap may be blocking the growth of the native heap
# Possible solutions:
#   Reduce memory load on the system
#   Increase physical memory or swap space
#   Check if swap backing store is full
#   Decrease Java heap size (-Xmx/-Xms)
#   Decrease number of Java threads
#   Decrease Java thread stack sizes (-Xss)
#   Set larger code cache with -XX:ReservedCodeCacheSize=
#   JVM is running with Zero Based Compressed Oops mode in which the Java heap is
#     placed in the first 32GB address space. The Java Heap base address is the
#     maximum limit for the native heap growth. Please use -XX:HeapBaseMinAddress
#     to set the Java Heap base and to place the Java Heap above 32GB virtual address.
# This output file may be truncated or incomplete.
#
#  Out of Memory Error (os_windows.cpp:3603), pid=20048, tid=20836
#
# JRE version: Java(TM) SE Runtime Environment (21.0.6+8) (build 21.0.6+8-LTS-188)
# Java VM: Java HotSpot(TM) 64-Bit Server VM (21.0.6+8-LTS-188, mixed mode, sharing, tiered, compressed oops, compressed class ptrs, g1 gc, windows-amd64)
# No core dump will be written. Minidumps are not enabled by default on client versions of Windows
#

---------------  S U M M A R Y ------------

Command Line: -Djava.util.logging.config.file=C:\Users\dell\AppData\Local\JetBrains\IntelliJIdea2024.3\tomcat\637303c7-005e-4fa5-a411-b0f41081b1ea\conf\logging.properties -Djava.util.logging.manager=org.apache.juli.ClassLoaderLogManager -javaagent:D:\CODE WEB\page-movie-management\apache-tomee-webprofile-10.0.0\lib\openejb-javaagent.jar -Dcom.sun.management.jmxremote= -Dcom.sun.management.jmxremote.port=1099 -Dcom.sun.management.jmxremote.ssl=false -Dcom.sun.management.jmxremote.password.file=C:\Users\dell\AppData\Local\JetBrains\IntelliJIdea2024.3\tomcat\637303c7-005e-4fa5-a411-b0f41081b1ea\jmxremote.password -Dcom.sun.management.jmxremote.access.file=C:\Users\dell\AppData\Local\JetBrains\IntelliJIdea2024.3\tomcat\637303c7-005e-4fa5-a411-b0f41081b1ea\jmxremote.access -Djava.rmi.server.hostname=127.0.0.1 -Dtomee.serialization.class.whitelist= -Dtomee.serialization.class.blacklist=- -Dtomee.remote.support=true -Dopenejb.system.apps=true -Djdk.tls.ephemeralDHKeySize=2048 -Djava.protocol.handler.pkgs=org.apache.catalina.webresources --add-opens=java.base/java.lang=ALL-UNNAMED --add-opens=java.base/java.io=ALL-UNNAMED --add-opens=java.base/java.util=ALL-UNNAMED --add-opens=java.base/java.util.concurrent=ALL-UNNAMED --add-opens=java.rmi/sun.rmi.transport=ALL-UNNAMED -Dcatalina.base=C:\Users\dell\AppData\Local\JetBrains\IntelliJIdea2024.3\tomcat\637303c7-005e-4fa5-a411-b0f41081b1ea -Dcatalina.home=D:\CODE WEB\page-movie-management\apache-tomee-webprofile-10.0.0 -Djava.io.tmpdir=C:\Users\dell\AppData\Local\JetBrains\IntelliJIdea2024.3\tomcat\637303c7-005e-4fa5-a411-b0f41081b1ea\temp org.apache.catalina.startup.Bootstrap start

Host: 11th Gen Intel(R) Core(TM) i5-1135G7 @ 2.40GHz, 8 cores, 15G,  Windows 10 , 64 bit Build 19041 (10.0.19041.5438)
Time: Fri Apr  4 00:15:47 2025 SE Asia Standard Time elapsed time: 11.537604 seconds (0d 0h 0m 11s)

---------------  T H R E A D  ---------------

Current thread (0x0000024a17ca1c10):  VMThread "VM Thread"          [id=20836, stack(0x0000008e90900000,0x0000008e90a00000) (1024K)]

Stack: [0x0000008e90900000,0x0000008e90a00000]
Native frames: (J=compiled Java code, j=interpreted, Vv=VM code, C=native code)
V  [jvm.dll+0x6ca6d9]
V  [jvm.dll+0x854f51]
V  [jvm.dll+0x85747e]
V  [jvm.dll+0x857b53]
V  [jvm.dll+0x27dcc6]
V  [jvm.dll+0x6c6e55]
V  [jvm.dll+0x6bb9da]
V  [jvm.dll+0x35393a]
V  [jvm.dll+0x35b596]
V  [jvm.dll+0x3adefe]
V  [jvm.dll+0x3ae1a8]
V  [jvm.dll+0x327cbc]
V  [jvm.dll+0x327d47]
V  [jvm.dll+0x36c60c]
V  [jvm.dll+0x36ae5e]
V  [jvm.dll+0x327481]
V  [jvm.dll+0x36a57a]
V  [jvm.dll+0x85d920]
V  [jvm.dll+0x85eca4]
V  [jvm.dll+0x85f1e0]
V  [jvm.dll+0x85f483]
V  [jvm.dll+0x7ff2fb]
V  [jvm.dll+0x6c8dbd]
C  [ucrtbase.dll+0x21bb2]
C  [KERNEL32.DLL+0x17374]
C  [ntdll.dll+0x4cc91]

VM_Operation (0x0000008e92ffc290): G1CollectForAllocation, mode: safepoint, requested by thread 0x0000024a019b1ec0


---------------  P R O C E S S  ---------------

Threads class SMR info:
_java_thread_list=0x0000024a02d3bf60, length=42, elements={
0x0000024a19de65a0, 0x0000024a38ebcfd0, 0x0000024a38ebdee0, 0x0000024a38ec08d0,
0x0000024a38ec59c0, 0x0000024a38ece420, 0x0000024a38ecee70, 0x0000024a38ed2a20,
0x0000024a38ed34b0, 0x0000024a7e0cdc80, 0x0000024a7e36c9e0, 0x0000024a7e3eaff0,
0x0000024a7e957410, 0x0000024a7e723680, 0x0000024a7e5d8710, 0x0000024a00105c70,
0x0000024a00172720, 0x0000024a00176f20, 0x0000024a00427300, 0x0000024a00427990,
0x0000024a004265e0, 0x0000024a00425230, 0x0000024a004286b0, 0x0000024a004258c0,
0x0000024a00426c70, 0x0000024a019b3270, 0x0000024a019b3900, 0x0000024a019b2550,
0x0000024a019b1ec0, 0x0000024a019b8130, 0x0000024a019b66f0, 0x0000024a019b3f90,
0x0000024a019b4620, 0x0000024a019b59d0, 0x0000024a019b6060, 0x0000024a019b7aa0,
0x0000024a019b8e50, 0x0000024a019b94e0, 0x0000024a7e3c8ae0, 0x0000024a019b7410,
0x0000024a02f54f50, 0x0000024a019b2be0
}

Java Threads: ( => current thread )
  0x0000024a19de65a0 JavaThread "main"                              [_thread_in_native, id=20456, stack(0x0000008e90200000,0x0000008e90300000) (1024K)]
  0x0000024a38ebcfd0 JavaThread "Reference Handler"          daemon [_thread_blocked, id=1328, stack(0x0000008e90a00000,0x0000008e90b00000) (1024K)]
  0x0000024a38ebdee0 JavaThread "Finalizer"                  daemon [_thread_blocked, id=8528, stack(0x0000008e90b00000,0x0000008e90c00000) (1024K)]
  0x0000024a38ec08d0 JavaThread "Signal Dispatcher"          daemon [_thread_blocked, id=19772, stack(0x0000008e90c00000,0x0000008e90d00000) (1024K)]
  0x0000024a38ec59c0 JavaThread "Attach Listener"            daemon [_thread_blocked, id=6200, stack(0x0000008e90d00000,0x0000008e90e00000) (1024K)]
  0x0000024a38ece420 JavaThread "Service Thread"             daemon [_thread_blocked, id=17000, stack(0x0000008e90e00000,0x0000008e90f00000) (1024K)]
  0x0000024a38ecee70 JavaThread "Monitor Deflation Thread"   daemon [_thread_blocked, id=12048, stack(0x0000008e90f00000,0x0000008e91000000) (1024K)]
  0x0000024a38ed2a20 JavaThread "C2 CompilerThread0"         daemon [_thread_in_native, id=20656, stack(0x0000008e91000000,0x0000008e91100000) (1024K)]
  0x0000024a38ed34b0 JavaThread "C1 CompilerThread0"         daemon [_thread_blocked, id=9972, stack(0x0000008e91100000,0x0000008e91200000) (1024K)]
  0x0000024a7e0cdc80 JavaThread "Common-Cleaner"             daemon [_thread_blocked, id=12816, stack(0x0000008e91200000,0x0000008e91300000) (1024K)]
  0x0000024a7e36c9e0 JavaThread "FileHandlerLogFilesCleaner-1" daemon [_thread_blocked, id=18748, stack(0x0000008e91400000,0x0000008e91500000) (1024K)]
  0x0000024a7e3eaff0 JavaThread "Notification Thread"        daemon [_thread_blocked, id=21772, stack(0x0000008e91500000,0x0000008e91600000) (1024K)]
  0x0000024a7e957410 JavaThread "RMI TCP Accept-0"           daemon [_thread_in_native, id=14244, stack(0x0000008e91700000,0x0000008e91800000) (1024K)]
  0x0000024a7e723680 JavaThread "RMI TCP Accept-1099"        daemon [_thread_in_native, id=16016, stack(0x0000008e91600000,0x0000008e91700000) (1024K)]
  0x0000024a7e5d8710 JavaThread "RMI TCP Accept-0"           daemon [_thread_in_native, id=22216, stack(0x0000008e91800000,0x0000008e91900000) (1024K)]
  0x0000024a00105c70 JavaThread "RMI TCP Connection(1)-127.0.0.1" daemon [_thread_in_native, id=21140, stack(0x0000008e92000000,0x0000008e92100000) (1024K)]
  0x0000024a00172720 JavaThread "RMI Scheduler(0)"           daemon [_thread_blocked, id=7232, stack(0x0000008e92100000,0x0000008e92200000) (1024K)]
  0x0000024a00176f20 JavaThread "RMI TCP Connection(2)-127.0.0.1" daemon [_thread_in_native, id=21016, stack(0x0000008e92200000,0x0000008e92300000) (1024K)]
  0x0000024a00427300 JavaThread "AsyncFileHandlerWriter-1"   daemon [_thread_blocked, id=18332, stack(0x0000008e92300000,0x0000008e92400000) (1024K)]
  0x0000024a00427990 JavaThread "mysql-cj-abandoned-connection-cleanup" daemon [_thread_blocked, id=18996, stack(0x0000008e92400000,0x0000008e92500000) (1024K)]
  0x0000024a004265e0 JavaThread "RetryTimer"                 daemon [_thread_blocked, id=12696, stack(0x0000008e92600000,0x0000008e92700000) (1024K)]
  0x0000024a00425230 JavaThread "Tomcat JDBC Pool Cleaner[1889248251:1743700537446]" daemon [_thread_blocked, id=10404, stack(0x0000008e92800000,0x0000008e92900000) (1024K)]
  0x0000024a004286b0 JavaThread "DelayedCachedOutputStreamCleaner" daemon [_thread_blocked, id=1848, stack(0x0000008e92900000,0x0000008e92a00000) (1024K)]
  0x0000024a004258c0 JavaThread "Catalina-utility-1"                [_thread_blocked, id=21496, stack(0x0000008e92a00000,0x0000008e92b00000) (1024K)]
  0x0000024a00426c70 JavaThread "Catalina-utility-2"                [_thread_blocked, id=3468, stack(0x0000008e92b00000,0x0000008e92c00000) (1024K)]
  0x0000024a019b3270 JavaThread "http-nio-8080-exec-1"       daemon [_thread_blocked, id=19328, stack(0x0000008e92c00000,0x0000008e92d00000) (1024K)]
  0x0000024a019b3900 JavaThread "http-nio-8080-exec-2"       daemon [_thread_blocked, id=19496, stack(0x0000008e92d00000,0x0000008e92e00000) (1024K)]
  0x0000024a019b2550 JavaThread "http-nio-8080-exec-3"       daemon [_thread_blocked, id=12144, stack(0x0000008e92e00000,0x0000008e92f00000) (1024K)]
  0x0000024a019b1ec0 JavaThread "http-nio-8080-exec-4"       daemon [_thread_blocked, id=12896, stack(0x0000008e92f00000,0x0000008e93000000) (1024K)]
  0x0000024a019b8130 JavaThread "http-nio-8080-exec-5"       daemon [_thread_blocked, id=18196, stack(0x0000008e93000000,0x0000008e93100000) (1024K)]
  0x0000024a019b66f0 JavaThread "http-nio-8080-exec-6"       daemon [_thread_blocked, id=15328, stack(0x0000008e93100000,0x0000008e93200000) (1024K)]
  0x0000024a019b3f90 JavaThread "http-nio-8080-exec-7"       daemon [_thread_blocked, id=7820, stack(0x0000008e93200000,0x0000008e93300000) (1024K)]
  0x0000024a019b4620 JavaThread "http-nio-8080-exec-8"       daemon [_thread_blocked, id=17396, stack(0x0000008e93300000,0x0000008e93400000) (1024K)]
  0x0000024a019b59d0 JavaThread "http-nio-8080-exec-9"       daemon [_thread_blocked, id=22104, stack(0x0000008e93400000,0x0000008e93500000) (1024K)]
  0x0000024a019b6060 JavaThread "http-nio-8080-exec-10"      daemon [_thread_blocked, id=7056, stack(0x0000008e93500000,0x0000008e93600000) (1024K)]
  0x0000024a019b7aa0 JavaThread "http-nio-8080-Poller"       daemon [_thread_in_native, id=4056, stack(0x0000008e93600000,0x0000008e93700000) (1024K)]
  0x0000024a019b8e50 JavaThread "http-nio-8080-Acceptor"     daemon [_thread_in_native, id=7400, stack(0x0000008e93700000,0x0000008e93800000) (1024K)]
  0x0000024a019b94e0 JavaThread "Thread-24"                  daemon [_thread_blocked, id=19908, stack(0x0000008e91300000,0x0000008e91400000) (1024K)]
  0x0000024a7e3c8ae0 JavaThread "C2 CompilerThread1"         daemon [_thread_in_native, id=7496, stack(0x0000008e92500000,0x0000008e92600000) (1024K)]
  0x0000024a019b7410 JavaThread "mysql-cj-abandoned-connection-cleanup" daemon [_thread_blocked, id=13576, stack(0x0000008e93800000,0x0000008e93900000) (1024K)]
  0x0000024a02f54f50 JavaThread "C2 CompilerThread2"         daemon [_thread_blocked, id=8964, stack(0x0000008e93900000,0x0000008e93a00000) (1024K)]
  0x0000024a019b2be0 JavaThread "Default Stateless Container - 1" daemon [_thread_blocked, id=1920, stack(0x0000008e93a00000,0x0000008e93b00000) (1024K)]
Total: 42

Other Threads:
=>0x0000024a17ca1c10 VMThread "VM Thread"                           [id=20836, stack(0x0000008e90900000,0x0000008e90a00000) (1024K)]
  0x0000024a38e8dbc0 WatcherThread "VM Periodic Task Thread"        [id=18656, stack(0x0000008e90800000,0x0000008e90900000) (1024K)]
  0x0000024a17ca2350 WorkerThread "GC Thread#0"                     [id=20692, stack(0x0000008e90300000,0x0000008e90400000) (1024K)]
  0x0000024a17ca2a90 WorkerThread "GC Thread#1"                     [id=11192, stack(0x0000008e91900000,0x0000008e91a00000) (1024K)]
  0x0000024a17ca2e30 WorkerThread "GC Thread#2"                     [id=17400, stack(0x0000008e91a00000,0x0000008e91b00000) (1024K)]
  0x0000024a7e8605f0 WorkerThread "GC Thread#3"                     [id=16580, stack(0x0000008e91b00000,0x0000008e91c00000) (1024K)]
  0x0000024a7e85f3d0 WorkerThread "GC Thread#4"                     [id=11892, stack(0x0000008e91c00000,0x0000008e91d00000) (1024K)]
  0x0000024a7e85ec90 WorkerThread "GC Thread#5"                     [id=20956, stack(0x0000008e91d00000,0x0000008e91e00000) (1024K)]
  0x0000024a7e85f030 WorkerThread "GC Thread#6"                     [id=6840, stack(0x0000008e91e00000,0x0000008e91f00000) (1024K)]
  0x0000024a7e85f770 WorkerThread "GC Thread#7"                     [id=19432, stack(0x0000008e91f00000,0x0000008e92000000) (1024K)]
  0x0000024a19e5bca0 ConcurrentGCThread "G1 Main Marker"            [id=2420, stack(0x0000008e90400000,0x0000008e90500000) (1024K)]
  0x0000024a17ca1fb0 WorkerThread "G1 Conc#0"                       [id=13180, stack(0x0000008e90500000,0x0000008e90600000) (1024K)]
  0x0000024a7e85e550 WorkerThread "G1 Conc#1"                       [id=15608, stack(0x0000008e92700000,0x0000008e92800000) (1024K)]
  0x0000024a38d64730 ConcurrentGCThread "G1 Refine#0"               [id=2344, stack(0x0000008e90600000,0x0000008e90700000) (1024K)]
  0x0000024a38d650b0 ConcurrentGCThread "G1 Service"                [id=19292, stack(0x0000008e90700000,0x0000008e90800000) (1024K)]
Total: 15

Threads with active compile tasks:
C2 CompilerThread0    11549 6446       4       java.net.URLClassLoader$1::run (5 bytes)
C2 CompilerThread1    11549 6441   !   4       java.net.URLClassLoader::findClass (47 bytes)
C2 CompilerThread2    11549 6492   !   4       com.sun.org.apache.xerces.internal.impl.XMLDocumentFragmentScannerImpl$FragmentContentDriver::next (2331 bytes)
Total: 3

VM state: at safepoint (normal execution)

VM Mutex/Monitor currently owned by a thread:  ([mutex/lock_event])
[0x00007ffde0c5de98] Threads_lock - owner thread: 0x0000024a17ca1c10
[0x00007ffde0c5df98] Heap_lock - owner thread: 0x0000024a019b1ec0

Heap address: 0x0000000704200000, size: 4030 MB, Compressed Oops mode: Zero based, Oop shift amount: 3

CDS archive(s) mapped at: [0x0000024a39000000-0x0000024a39c90000-0x0000024a39c90000), size 13172736, SharedBaseAddress: 0x0000024a39000000, ArchiveRelocationMode: 1.
Compressed class space mapped at: 0x0000024a3a000000-0x0000024a7a000000, reserved size: 1073741824
Narrow klass base: 0x0000024a39000000, Narrow klass shift: 0, Narrow klass range: 0x100000000

GC Precious Log:
 CardTable entry size: 512
 Card Set container configuration: InlinePtr #cards 4 size 8 Array Of Cards #cards 16 size 48 Howl #buckets 8 coarsen threshold 3686 Howl Bitmap #cards 512 size 80 coarsen threshold 460 Card regions per heap region 1 cards per card region 4096
 CPUs: 8 total, 8 available
 Memory: 16118M
 Large Page Support: Disabled
 NUMA Support: Disabled
 Compressed Oops: Enabled (Zero based)
 Heap Region Size: 2M
 Heap Min Capacity: 8M
 Heap Initial Capacity: 252M
 Heap Max Capacity: 4030M
 Pre-touch: Disabled
 Parallel Workers: 8
 Concurrent Workers: 2
 Concurrent Refinement Workers: 8
 Periodic GC: Disabled

Heap:
 garbage-first heap   total 264192K, used 116281K [0x0000000704200000, 0x0000000800000000)
  region size 2048K, 5 young (10240K), 5 survivors (10240K)
 Metaspace       used 55273K, committed 56064K, reserved 1114112K
  class space    used 6197K, committed 6592K, reserved 1048576K

Heap Regions: E=young(eden), S=young(survivor), O=old, HS=humongous(starts), HC=humongous(continues), CS=collection set, F=free, TAMS=top-at-mark-start, PB=parsable bottom
|   0|0x0000000704200000, 0x0000000704400000, 0x0000000704400000|100%| O|  |TAMS 0x0000000704200000| PB 0x0000000704200000| Untracked 
|   1|0x0000000704400000, 0x0000000704600000, 0x0000000704600000|100%| O|  |TAMS 0x0000000704400000| PB 0x0000000704400000| Untracked 
|   2|0x0000000704600000, 0x00000007047feee0, 0x0000000704800000| 99%| O|  |TAMS 0x0000000704600000| PB 0x0000000704600000| Untracked 
|   3|0x0000000704800000, 0x0000000704a00000, 0x0000000704a00000|100%| O|  |TAMS 0x0000000704800000| PB 0x0000000704800000| Untracked 
|   4|0x0000000704a00000, 0x0000000704c00000, 0x0000000704c00000|100%| O|  |TAMS 0x0000000704a00000| PB 0x0000000704a00000| Untracked 
|   5|0x0000000704c00000, 0x0000000704e00000, 0x0000000704e00000|100%| O|  |TAMS 0x0000000704c00000| PB 0x0000000704c00000| Untracked 
|   6|0x0000000704e00000, 0x0000000705000000, 0x0000000705000000|100%| O|  |TAMS 0x0000000704e00000| PB 0x0000000704e00000| Untracked 
|   7|0x0000000705000000, 0x0000000705200000, 0x0000000705200000|100%| O|  |TAMS 0x0000000705000000| PB 0x0000000705000000| Untracked 
|   8|0x0000000705200000, 0x0000000705400000, 0x0000000705400000|100%| O|  |TAMS 0x0000000705200000| PB 0x0000000705200000| Untracked 
|   9|0x0000000705400000, 0x00000007055e3490, 0x0000000705600000| 94%| O|  |TAMS 0x0000000705400000| PB 0x0000000705400000| Untracked 
|  10|0x0000000705600000, 0x0000000705800000, 0x0000000705800000|100%| O|  |TAMS 0x0000000705600000| PB 0x0000000705600000| Untracked 
|  11|0x0000000705800000, 0x0000000705a00000, 0x0000000705a00000|100%| O|  |TAMS 0x0000000705800000| PB 0x0000000705800000| Untracked 
|  12|0x0000000705a00000, 0x0000000705c00000, 0x0000000705c00000|100%| O|  |TAMS 0x0000000705a00000| PB 0x0000000705a00000| Untracked 
|  13|0x0000000705c00000, 0x0000000705e00000, 0x0000000705e00000|100%| O|  |TAMS 0x0000000705c00000| PB 0x0000000705c00000| Untracked 
|  14|0x0000000705e00000, 0x0000000706000000, 0x0000000706000000|100%| O|  |TAMS 0x0000000705e00000| PB 0x0000000705e00000| Untracked 
|  15|0x0000000706000000, 0x00000007061d11e0, 0x0000000706200000| 90%| O|  |TAMS 0x0000000706000000| PB 0x0000000706000000| Untracked 
|  16|0x0000000706200000, 0x0000000706400000, 0x0000000706400000|100%| O|  |TAMS 0x0000000706200000| PB 0x0000000706200000| Untracked 
|  17|0x0000000706400000, 0x0000000706600000, 0x0000000706600000|100%| O|  |TAMS 0x0000000706400000| PB 0x0000000706400000| Untracked 
|  18|0x0000000706600000, 0x0000000706800000, 0x0000000706800000|100%| O|  |TAMS 0x0000000706600000| PB 0x0000000706600000| Untracked 
|  19|0x0000000706800000, 0x0000000706a00000, 0x0000000706a00000|100%| O|  |TAMS 0x0000000706800000| PB 0x0000000706800000| Untracked 
|  20|0x0000000706a00000, 0x0000000706c00000, 0x0000000706c00000|100%| O|  |TAMS 0x0000000706a00000| PB 0x0000000706a00000| Untracked 
|  21|0x0000000706c00000, 0x0000000706e00000, 0x0000000706e00000|100%| O|  |TAMS 0x0000000706c00000| PB 0x0000000706c00000| Untracked 
|  22|0x0000000706e00000, 0x0000000707000000, 0x0000000707000000|100%| O|  |TAMS 0x0000000706e00000| PB 0x0000000706e00000| Untracked 
|  23|0x0000000707000000, 0x0000000707200000, 0x0000000707200000|100%| O|  |TAMS 0x0000000707000000| PB 0x0000000707000000| Untracked 
|  24|0x0000000707200000, 0x0000000707400000, 0x0000000707400000|100%| O|  |TAMS 0x0000000707200000| PB 0x0000000707200000| Untracked 
|  25|0x0000000707400000, 0x0000000707600000, 0x0000000707600000|100%| O|  |TAMS 0x0000000707400000| PB 0x0000000707400000| Untracked 
|  26|0x0000000707600000, 0x0000000707800000, 0x0000000707800000|100%| O|  |TAMS 0x0000000707600000| PB 0x0000000707600000| Untracked 
|  27|0x0000000707800000, 0x0000000707a00000, 0x0000000707a00000|100%| O|  |TAMS 0x0000000707800000| PB 0x0000000707800000| Untracked 
|  28|0x0000000707a00000, 0x0000000707c00000, 0x0000000707c00000|100%| O|  |TAMS 0x0000000707a00000| PB 0x0000000707a00000| Untracked 
|  29|0x0000000707c00000, 0x0000000707e00000, 0x0000000707e00000|100%| O|  |TAMS 0x0000000707c00000| PB 0x0000000707c00000| Untracked 
|  30|0x0000000707e00000, 0x0000000708000000, 0x0000000708000000|100%| O|  |TAMS 0x0000000707e00000| PB 0x0000000707e00000| Untracked 
|  31|0x0000000708000000, 0x0000000708200000, 0x0000000708200000|100%| O|  |TAMS 0x0000000708000000| PB 0x0000000708000000| Untracked 
|  32|0x0000000708200000, 0x0000000708400000, 0x0000000708400000|100%| O|  |TAMS 0x0000000708200000| PB 0x0000000708200000| Untracked 
|  33|0x0000000708400000, 0x0000000708600000, 0x0000000708600000|100%| O|  |TAMS 0x0000000708400000| PB 0x0000000708400000| Untracked 
|  34|0x0000000708600000, 0x0000000708800000, 0x0000000708800000|100%| O|  |TAMS 0x0000000708600000| PB 0x0000000708600000| Untracked 
|  35|0x0000000708800000, 0x0000000708a00000, 0x0000000708a00000|100%| O|  |TAMS 0x0000000708800000| PB 0x0000000708800000| Untracked 
|  36|0x0000000708a00000, 0x0000000708c00000, 0x0000000708c00000|100%| O|  |TAMS 0x0000000708a00000| PB 0x0000000708a00000| Untracked 
|  37|0x0000000708c00000, 0x0000000708e00000, 0x0000000708e00000|100%| O|  |TAMS 0x0000000708c00000| PB 0x0000000708c00000| Untracked 
|  38|0x0000000708e00000, 0x0000000709000000, 0x0000000709000000|100%| O|  |TAMS 0x0000000708e00000| PB 0x0000000708e00000| Untracked 
|  39|0x0000000709000000, 0x0000000709200000, 0x0000000709200000|100%| O|  |TAMS 0x0000000709000000| PB 0x0000000709000000| Untracked 
|  40|0x0000000709200000, 0x0000000709400000, 0x0000000709400000|100%| O|  |TAMS 0x0000000709200000| PB 0x0000000709200000| Untracked 
|  41|0x0000000709400000, 0x0000000709600000, 0x0000000709600000|100%| O|  |TAMS 0x0000000709400000| PB 0x0000000709400000| Untracked 
|  42|0x0000000709600000, 0x0000000709600000, 0x0000000709800000|  0%| F|  |TAMS 0x0000000709600000| PB 0x0000000709600000| Untracked 
|  43|0x0000000709800000, 0x0000000709800000, 0x0000000709a00000|  0%| F|  |TAMS 0x0000000709800000| PB 0x0000000709800000| Untracked 
|  44|0x0000000709a00000, 0x0000000709a00000, 0x0000000709c00000|  0%| F|  |TAMS 0x0000000709a00000| PB 0x0000000709a00000| Untracked 
|  45|0x0000000709c00000, 0x0000000709c00000, 0x0000000709e00000|  0%| F|  |TAMS 0x0000000709c00000| PB 0x0000000709c00000| Untracked 
|  46|0x0000000709e00000, 0x0000000709e00000, 0x000000070a000000|  0%| F|  |TAMS 0x0000000709e00000| PB 0x0000000709e00000| Untracked 
|  47|0x000000070a000000, 0x000000070a000000, 0x000000070a200000|  0%| F|  |TAMS 0x000000070a000000| PB 0x000000070a000000| Untracked 
|  48|0x000000070a200000, 0x000000070a200000, 0x000000070a400000|  0%| F|  |TAMS 0x000000070a200000| PB 0x000000070a200000| Untracked 
|  49|0x000000070a400000, 0x000000070a400000, 0x000000070a600000|  0%| F|  |TAMS 0x000000070a400000| PB 0x000000070a400000| Untracked 
|  50|0x000000070a600000, 0x000000070a600000, 0x000000070a800000|  0%| F|  |TAMS 0x000000070a600000| PB 0x000000070a600000| Untracked 
|  51|0x000000070a800000, 0x000000070aa00000, 0x000000070aa00000|100%| O|  |TAMS 0x000000070a800000| PB 0x000000070a800000| Untracked 
|  52|0x000000070aa00000, 0x000000070aa00000, 0x000000070ac00000|  0%| F|  |TAMS 0x000000070aa00000| PB 0x000000070aa00000| Untracked 
|  53|0x000000070ac00000, 0x000000070ae00000, 0x000000070ae00000|100%| O|  |TAMS 0x000000070ac00000| PB 0x000000070ac00000| Untracked 
|  54|0x000000070ae00000, 0x000000070b000000, 0x000000070b000000|100%| O|  |TAMS 0x000000070ae00000| PB 0x000000070ae00000| Untracked 
|  55|0x000000070b000000, 0x000000070b200000, 0x000000070b200000|100%| O|  |TAMS 0x000000070b000000| PB 0x000000070b000000| Untracked 
|  56|0x000000070b200000, 0x000000070b400000, 0x000000070b400000|100%| O|  |TAMS 0x000000070b200000| PB 0x000000070b200000| Untracked 
|  57|0x000000070b400000, 0x000000070b600000, 0x000000070b600000|100%| O|  |TAMS 0x000000070b400000| PB 0x000000070b400000| Untracked 
|  58|0x000000070b600000, 0x000000070b800000, 0x000000070b800000|100%| O|  |TAMS 0x000000070b600000| PB 0x000000070b600000| Untracked 
|  59|0x000000070b800000, 0x000000070ba00000, 0x000000070ba00000|100%| O|  |TAMS 0x000000070b800000| PB 0x000000070b800000| Untracked 
|  60|0x000000070ba00000, 0x000000070bc00000, 0x000000070bc00000|100%| O|  |TAMS 0x000000070ba00000| PB 0x000000070ba00000| Untracked 
|  61|0x000000070bc00000, 0x000000070be00000, 0x000000070be00000|100%| O|  |TAMS 0x000000070bc00000| PB 0x000000070bc00000| Untracked 
|  62|0x000000070be00000, 0x000000070bf00000, 0x000000070c000000| 50%| O|  |TAMS 0x000000070be00000| PB 0x000000070be00000| Untracked 
|  63|0x000000070c000000, 0x000000070c000000, 0x000000070c200000|  0%| F|  |TAMS 0x000000070c000000| PB 0x000000070c000000| Untracked 
|  64|0x000000070c200000, 0x000000070c2db160, 0x000000070c400000| 42%| S|CS|TAMS 0x000000070c200000| PB 0x000000070c200000| Complete 
|  65|0x000000070c400000, 0x000000070c600000, 0x000000070c600000|100%| S|CS|TAMS 0x000000070c400000| PB 0x000000070c400000| Complete 
|  66|0x000000070c600000, 0x000000070c800000, 0x000000070c800000|100%| S|CS|TAMS 0x000000070c600000| PB 0x000000070c600000| Complete 
|  67|0x000000070c800000, 0x000000070ca00000, 0x000000070ca00000|100%| S|CS|TAMS 0x000000070c800000| PB 0x000000070c800000| Complete 
|  68|0x000000070ca00000, 0x000000070cc00000, 0x000000070cc00000|100%| S|CS|TAMS 0x000000070ca00000| PB 0x000000070ca00000| Complete 
|  69|0x000000070cc00000, 0x000000070cc00000, 0x000000070ce00000|  0%| F|  |TAMS 0x000000070cc00000| PB 0x000000070cc00000| Untracked 
|  70|0x000000070ce00000, 0x000000070ce00000, 0x000000070d000000|  0%| F|  |TAMS 0x000000070ce00000| PB 0x000000070ce00000| Untracked 
|  71|0x000000070d000000, 0x000000070d000000, 0x000000070d200000|  0%| F|  |TAMS 0x000000070d000000| PB 0x000000070d000000| Untracked 
|  72|0x000000070d200000, 0x000000070d200000, 0x000000070d400000|  0%| F|  |TAMS 0x000000070d200000| PB 0x000000070d200000| Untracked 
|  73|0x000000070d400000, 0x000000070d400000, 0x000000070d600000|  0%| F|  |TAMS 0x000000070d400000| PB 0x000000070d400000| Untracked 
|  74|0x000000070d600000, 0x000000070d600000, 0x000000070d800000|  0%| F|  |TAMS 0x000000070d600000| PB 0x000000070d600000| Untracked 
|  75|0x000000070d800000, 0x000000070d800000, 0x000000070da00000|  0%| F|  |TAMS 0x000000070d800000| PB 0x000000070d800000| Untracked 
|  76|0x000000070da00000, 0x000000070da00000, 0x000000070dc00000|  0%| F|  |TAMS 0x000000070da00000| PB 0x000000070da00000| Untracked 
|  77|0x000000070dc00000, 0x000000070dc00000, 0x000000070de00000|  0%| F|  |TAMS 0x000000070dc00000| PB 0x000000070dc00000| Untracked 
|  78|0x000000070de00000, 0x000000070de00000, 0x000000070e000000|  0%| F|  |TAMS 0x000000070de00000| PB 0x000000070de00000| Untracked 
|  79|0x000000070e000000, 0x000000070e000000, 0x000000070e200000|  0%| F|  |TAMS 0x000000070e000000| PB 0x000000070e000000| Untracked 
|  80|0x000000070e200000, 0x000000070e200000, 0x000000070e400000|  0%| F|  |TAMS 0x000000070e200000| PB 0x000000070e200000| Untracked 
|  81|0x000000070e400000, 0x000000070e400000, 0x000000070e600000|  0%| F|  |TAMS 0x000000070e400000| PB 0x000000070e400000| Untracked 
|  82|0x000000070e600000, 0x000000070e600000, 0x000000070e800000|  0%| F|  |TAMS 0x000000070e600000| PB 0x000000070e600000| Untracked 
|  83|0x000000070e800000, 0x000000070e800000, 0x000000070ea00000|  0%| F|  |TAMS 0x000000070e800000| PB 0x000000070e800000| Untracked 
|  84|0x000000070ea00000, 0x000000070ea00000, 0x000000070ec00000|  0%| F|  |TAMS 0x000000070ea00000| PB 0x000000070ea00000| Untracked 
|  85|0x000000070ec00000, 0x000000070ec00000, 0x000000070ee00000|  0%| F|  |TAMS 0x000000070ec00000| PB 0x000000070ec00000| Untracked 
|  86|0x000000070ee00000, 0x000000070ee00000, 0x000000070f000000|  0%| F|  |TAMS 0x000000070ee00000| PB 0x000000070ee00000| Untracked 
|  87|0x000000070f000000, 0x000000070f000000, 0x000000070f200000|  0%| F|  |TAMS 0x000000070f000000| PB 0x000000070f000000| Untracked 
|  88|0x000000070f200000, 0x000000070f200000, 0x000000070f400000|  0%| F|  |TAMS 0x000000070f200000| PB 0x000000070f200000| Untracked 
|  89|0x000000070f400000, 0x000000070f400000, 0x000000070f600000|  0%| F|  |TAMS 0x000000070f400000| PB 0x000000070f400000| Untracked 
|  90|0x000000070f600000, 0x000000070f600000, 0x000000070f800000|  0%| F|  |TAMS 0x000000070f600000| PB 0x000000070f600000| Untracked 
|  91|0x000000070f800000, 0x000000070f800000, 0x000000070fa00000|  0%| F|  |TAMS 0x000000070f800000| PB 0x000000070f800000| Untracked 
|  92|0x000000070fa00000, 0x000000070fa00000, 0x000000070fc00000|  0%| F|  |TAMS 0x000000070fa00000| PB 0x000000070fa00000| Untracked 
|  93|0x000000070fc00000, 0x000000070fc00000, 0x000000070fe00000|  0%| F|  |TAMS 0x000000070fc00000| PB 0x000000070fc00000| Untracked 
|  94|0x000000070fe00000, 0x000000070fe00000, 0x0000000710000000|  0%| F|  |TAMS 0x000000070fe00000| PB 0x000000070fe00000| Untracked 
|  95|0x0000000710000000, 0x0000000710000000, 0x0000000710200000|  0%| F|  |TAMS 0x0000000710000000| PB 0x0000000710000000| Untracked 
|  96|0x0000000710200000, 0x0000000710200000, 0x0000000710400000|  0%| F|  |TAMS 0x0000000710200000| PB 0x0000000710200000| Untracked 
|  97|0x0000000710400000, 0x0000000710400000, 0x0000000710600000|  0%| F|  |TAMS 0x0000000710400000| PB 0x0000000710400000| Untracked 
|  98|0x0000000710600000, 0x0000000710600000, 0x0000000710800000|  0%| F|  |TAMS 0x0000000710600000| PB 0x0000000710600000| Untracked 
|  99|0x0000000710800000, 0x0000000710800000, 0x0000000710a00000|  0%| F|  |TAMS 0x0000000710800000| PB 0x0000000710800000| Untracked 
| 100|0x0000000710a00000, 0x0000000710a00000, 0x0000000710c00000|  0%| F|  |TAMS 0x0000000710a00000| PB 0x0000000710a00000| Untracked 
| 101|0x0000000710c00000, 0x0000000710c00000, 0x0000000710e00000|  0%| F|  |TAMS 0x0000000710c00000| PB 0x0000000710c00000| Untracked 
| 102|0x0000000710e00000, 0x0000000710e00000, 0x0000000711000000|  0%| F|  |TAMS 0x0000000710e00000| PB 0x0000000710e00000| Untracked 
| 103|0x0000000711000000, 0x0000000711000000, 0x0000000711200000|  0%| F|  |TAMS 0x0000000711000000| PB 0x0000000711000000| Untracked 
| 104|0x0000000711200000, 0x0000000711200000, 0x0000000711400000|  0%| F|  |TAMS 0x0000000711200000| PB 0x0000000711200000| Untracked 
| 105|0x0000000711400000, 0x0000000711400000, 0x0000000711600000|  0%| F|  |TAMS 0x0000000711400000| PB 0x0000000711400000| Untracked 
| 106|0x0000000711600000, 0x0000000711600000, 0x0000000711800000|  0%| F|  |TAMS 0x0000000711600000| PB 0x0000000711600000| Untracked 
| 107|0x0000000711800000, 0x0000000711800000, 0x0000000711a00000|  0%| F|  |TAMS 0x0000000711800000| PB 0x0000000711800000| Untracked 
| 108|0x0000000711a00000, 0x0000000711a00000, 0x0000000711c00000|  0%| F|  |TAMS 0x0000000711a00000| PB 0x0000000711a00000| Untracked 
| 109|0x0000000711c00000, 0x0000000711c00000, 0x0000000711e00000|  0%| F|  |TAMS 0x0000000711c00000| PB 0x0000000711c00000| Untracked 
| 110|0x0000000711e00000, 0x0000000711e00000, 0x0000000712000000|  0%| F|  |TAMS 0x0000000711e00000| PB 0x0000000711e00000| Untracked 
| 111|0x0000000712000000, 0x0000000712000000, 0x0000000712200000|  0%| F|  |TAMS 0x0000000712000000| PB 0x0000000712000000| Untracked 
| 112|0x0000000712200000, 0x0000000712200000, 0x0000000712400000|  0%| F|  |TAMS 0x0000000712200000| PB 0x0000000712200000| Untracked 
| 113|0x0000000712400000, 0x0000000712400000, 0x0000000712600000|  0%| F|  |TAMS 0x0000000712400000| PB 0x0000000712400000| Untracked 
| 114|0x0000000712600000, 0x0000000712600000, 0x0000000712800000|  0%| F|  |TAMS 0x0000000712600000| PB 0x0000000712600000| Untracked 
| 115|0x0000000712800000, 0x0000000712800000, 0x0000000712a00000|  0%| F|  |TAMS 0x0000000712800000| PB 0x0000000712800000| Untracked 
| 116|0x0000000712a00000, 0x0000000712a00000, 0x0000000712c00000|  0%| F|  |TAMS 0x0000000712a00000| PB 0x0000000712a00000| Untracked 
| 117|0x0000000712c00000, 0x0000000712c00000, 0x0000000712e00000|  0%| F|  |TAMS 0x0000000712c00000| PB 0x0000000712c00000| Untracked 
| 118|0x0000000712e00000, 0x0000000712e00000, 0x0000000713000000|  0%| F|  |TAMS 0x0000000712e00000| PB 0x0000000712e00000| Untracked 
| 119|0x0000000713000000, 0x0000000713000000, 0x0000000713200000|  0%| F|  |TAMS 0x0000000713000000| PB 0x0000000713000000| Untracked 
| 120|0x0000000713200000, 0x0000000713200000, 0x0000000713400000|  0%| F|  |TAMS 0x0000000713200000| PB 0x0000000713200000| Untracked 
| 121|0x0000000713400000, 0x0000000713400000, 0x0000000713600000|  0%| F|  |TAMS 0x0000000713400000| PB 0x0000000713400000| Untracked 
| 122|0x0000000713600000, 0x0000000713600000, 0x0000000713800000|  0%| F|  |TAMS 0x0000000713600000| PB 0x0000000713600000| Untracked 
| 123|0x0000000713800000, 0x0000000713800000, 0x0000000713a00000|  0%| F|  |TAMS 0x0000000713800000| PB 0x0000000713800000| Untracked 
| 124|0x0000000713a00000, 0x0000000713a00000, 0x0000000713c00000|  0%| F|  |TAMS 0x0000000713a00000| PB 0x0000000713a00000| Untracked 
| 125|0x0000000713c00000, 0x0000000713c00000, 0x0000000713e00000|  0%| F|  |TAMS 0x0000000713c00000| PB 0x0000000713c00000| Untracked 
| 126|0x0000000713e00000, 0x0000000713e00000, 0x0000000714000000|  0%| F|  |TAMS 0x0000000713e00000| PB 0x0000000713e00000| Untracked 
| 127|0x0000000714000000, 0x0000000714000000, 0x0000000714200000|  0%| F|  |TAMS 0x0000000714000000| PB 0x0000000714000000| Untracked 
| 128|0x0000000714200000, 0x0000000714200000, 0x0000000714400000|  0%| F|  |TAMS 0x0000000714200000| PB 0x0000000714200000| Untracked 

Card table byte_map: [0x0000024a31d80000,0x0000024a32560000] _byte_map_base: 0x0000024a2e55f000

Marking Bits: (CMBitMap*) 0x0000024a19e4b640
 Bits: [0x0000024a32560000, 0x0000024a36458000)

Polling page: 0x0000024a195b0000

Metaspace:

Usage:
  Non-class:     47.93 MB used.
      Class:      6.05 MB used.
       Both:     53.98 MB used.

Virtual space:
  Non-class space:       64.00 MB reserved,      48.31 MB ( 75%) committed,  1 nodes.
      Class space:        1.00 GB reserved,       6.44 MB ( <1%) committed,  1 nodes.
             Both:        1.06 GB reserved,      54.75 MB (  5%) committed. 

Chunk freelists:
   Non-Class:  15.61 MB
       Class:  9.55 MB
        Both:  25.16 MB

MaxMetaspaceSize: unlimited
CompressedClassSpaceSize: 1.00 GB
Initial GC threshold: 21.00 MB
Current GC threshold: 61.50 MB
CDS: on
 - commit_granule_bytes: 65536.
 - commit_granule_words: 8192.
 - virtual_space_node_default_size: 8388608.
 - enlarge_chunks_in_place: 1.
 - use_allocation_guard: 0.


Internal statistics:

num_allocs_failed_limit: 6.
num_arena_births: 940.
num_arena_deaths: 0.
num_vsnodes_births: 2.
num_vsnodes_deaths: 0.
num_space_committed: 875.
num_space_uncommitted: 0.
num_chunks_returned_to_freelist: 6.
num_chunks_taken_from_freelist: 2609.
num_chunk_merges: 3.
num_chunk_splits: 1759.
num_chunks_enlarged: 1213.
num_inconsistent_stats: 0.

CodeHeap 'non-profiled nmethods': size=120000Kb used=4772Kb max_used=4772Kb free=115227Kb
 bounds [0x0000024a29d40000, 0x0000024a2a1f0000, 0x0000024a31270000]
CodeHeap 'profiled nmethods': size=120000Kb used=12155Kb max_used=12155Kb free=107845Kb
 bounds [0x0000024a22270000, 0x0000024a22e50000, 0x0000024a297a0000]
CodeHeap 'non-nmethods': size=5760Kb used=1845Kb max_used=1894Kb free=3914Kb
 bounds [0x0000024a297a0000, 0x0000024a29a10000, 0x0000024a29d40000]
 total_blobs=6545 nmethods=5858 adapters=591
 compilation: enabled
              stopped_count=0, restarted_count=0
 full_count=0

Compilation events (20 events):
Event: 11.515 Thread 0x0000024a38ed34b0 6657       2       jdk.internal.loader.URLClassPath$1::nextElement (27 bytes)
Event: 11.515 Thread 0x0000024a38ed34b0 nmethod 6657 0x0000024a22e48590 code [0x0000024a22e48760, 0x0000024a22e48998]
Event: 11.516 Thread 0x0000024a38ed34b0 6661 % !   3       org.apache.myfaces.view.facelets.util.Classpath::_searchJar @ 6 (97 bytes)
Event: 11.517 Thread 0x0000024a38ed34b0 nmethod 6661% 0x0000024a22e48a90 code [0x0000024a22e48d80, 0x0000024a22e49ec8]
Event: 11.517 Thread 0x0000024a38ed34b0 6662       2       java.net.URLClassLoader$3::nextElement (5 bytes)
Event: 11.517 Thread 0x0000024a38ed34b0 nmethod 6662 0x0000024a22e4a690 code [0x0000024a22e4a860, 0x0000024a22e4aa98]
Event: 11.517 Thread 0x0000024a38ed34b0 6663       2       java.net.URLClassLoader$3::nextElement (27 bytes)
Event: 11.517 Thread 0x0000024a38ed34b0 nmethod 6663 0x0000024a22e4ab90 code [0x0000024a22e4ad60, 0x0000024a22e4af98]
Event: 11.519 Thread 0x0000024a38ed34b0 6664       2       org.apache.catalina.loader.WebappClassLoaderBase$CombinedEnumeration::hasMoreElements (5 bytes)
Event: 11.519 Thread 0x0000024a38ed34b0 nmethod 6664 0x0000024a22e4b090 code [0x0000024a22e4b240, 0x0000024a22e4b360]
Event: 11.520 Thread 0x0000024a38ed34b0 6665   !   3       org.apache.myfaces.view.facelets.util.Classpath::_searchJar (97 bytes)
Event: 11.521 Thread 0x0000024a38ed34b0 nmethod 6665 0x0000024a22e4b410 code [0x0000024a22e4b6e0, 0x0000024a22e4c6b0]
Event: 11.521 Thread 0x0000024a38ed34b0 6666   !   2       java.util.zip.ZipFile::jarEntries (34 bytes)
Event: 11.521 Thread 0x0000024a38ed34b0 nmethod 6666 0x0000024a22e4ce10 code [0x0000024a22e4cfc0, 0x0000024a22e4d2b8]
Event: 11.526 Thread 0x0000024a38ed34b0 6667       2       java.nio.charset.CharsetEncoder::<init> (105 bytes)
Event: 11.527 Thread 0x0000024a38ed34b0 nmethod 6667 0x0000024a22e4d490 code [0x0000024a22e4d6c0, 0x0000024a22e4dc98]
Event: 11.527 Thread 0x0000024a38ed34b0 6668       2       java.nio.charset.CharsetEncoder::replaceWith (89 bytes)
Event: 11.527 Thread 0x0000024a38ed34b0 nmethod 6668 0x0000024a22e4de10 code [0x0000024a22e4e040, 0x0000024a22e4e588]
Event: 11.527 Thread 0x0000024a38ed34b0 6669       2       java.nio.charset.CharsetEncoder::<init> (16 bytes)
Event: 11.527 Thread 0x0000024a38ed34b0 nmethod 6669 0x0000024a22e4e790 code [0x0000024a22e4e940, 0x0000024a22e4eb08]

GC Heap History (20 events):
Event: 7.545 GC heap after
{Heap after GC invocations=40 (full 12):
 garbage-first heap   total 264192K, used 39776K [0x0000000704200000, 0x0000000800000000)
  region size 2048K, 1 young (2048K), 1 survivors (2048K)
 Metaspace       used 37496K, committed 38080K, reserved 1114112K
  class space    used 4000K, committed 4288K, reserved 1048576K
}
Event: 7.772 GC heap before
{Heap before GC invocations=40 (full 12):
 garbage-first heap   total 264192K, used 195424K [0x0000000704200000, 0x0000000800000000)
  region size 2048K, 77 young (157696K), 1 survivors (2048K)
 Metaspace       used 37496K, committed 38080K, reserved 1114112K
  class space    used 4000K, committed 4288K, reserved 1048576K
}
Event: 7.773 GC heap after
{Heap after GC invocations=41 (full 12):
 garbage-first heap   total 264192K, used 39721K [0x0000000704200000, 0x0000000800000000)
  region size 2048K, 1 young (2048K), 1 survivors (2048K)
 Metaspace       used 37496K, committed 38080K, reserved 1114112K
  class space    used 4000K, committed 4288K, reserved 1048576K
}
Event: 8.027 GC heap before
{Heap before GC invocations=41 (full 12):
 garbage-first heap   total 264192K, used 195369K [0x0000000704200000, 0x0000000800000000)
  region size 2048K, 77 young (157696K), 1 survivors (2048K)
 Metaspace       used 37496K, committed 38080K, reserved 1114112K
  class space    used 4000K, committed 4288K, reserved 1048576K
}
Event: 8.027 GC heap after
{Heap after GC invocations=42 (full 12):
 garbage-first heap   total 264192K, used 39563K [0x0000000704200000, 0x0000000800000000)
  region size 2048K, 1 young (2048K), 1 survivors (2048K)
 Metaspace       used 37496K, committed 38080K, reserved 1114112K
  class space    used 4000K, committed 4288K, reserved 1048576K
}
Event: 8.266 GC heap before
{Heap before GC invocations=42 (full 12):
 garbage-first heap   total 264192K, used 195211K [0x0000000704200000, 0x0000000800000000)
  region size 2048K, 77 young (157696K), 1 survivors (2048K)
 Metaspace       used 37508K, committed 38144K, reserved 1114112K
  class space    used 4000K, committed 4288K, reserved 1048576K
}
Event: 8.267 GC heap after
{Heap after GC invocations=43 (full 12):
 garbage-first heap   total 264192K, used 39923K [0x0000000704200000, 0x0000000800000000)
  region size 2048K, 1 young (2048K), 1 survivors (2048K)
 Metaspace       used 37508K, committed 38144K, reserved 1114112K
  class space    used 4000K, committed 4288K, reserved 1048576K
}
Event: 8.512 GC heap before
{Heap before GC invocations=43 (full 12):
 garbage-first heap   total 264192K, used 195571K [0x0000000704200000, 0x0000000800000000)
  region size 2048K, 77 young (157696K), 1 survivors (2048K)
 Metaspace       used 37510K, committed 38144K, reserved 1114112K
  class space    used 4000K, committed 4288K, reserved 1048576K
}
Event: 8.513 GC heap after
{Heap after GC invocations=44 (full 12):
 garbage-first heap   total 264192K, used 39664K [0x0000000704200000, 0x0000000800000000)
  region size 2048K, 1 young (2048K), 1 survivors (2048K)
 Metaspace       used 37510K, committed 38144K, reserved 1114112K
  class space    used 4000K, committed 4288K, reserved 1048576K
}
Event: 8.744 GC heap before
{Heap before GC invocations=44 (full 12):
 garbage-first heap   total 264192K, used 195312K [0x0000000704200000, 0x0000000800000000)
  region size 2048K, 77 young (157696K), 1 survivors (2048K)
 Metaspace       used 37512K, committed 38144K, reserved 1114112K
  class space    used 4000K, committed 4288K, reserved 1048576K
}
Event: 8.744 GC heap after
{Heap after GC invocations=45 (full 12):
 garbage-first heap   total 264192K, used 39693K [0x0000000704200000, 0x0000000800000000)
  region size 2048K, 1 young (2048K), 1 survivors (2048K)
 Metaspace       used 37512K, committed 38144K, reserved 1114112K
  class space    used 4000K, committed 4288K, reserved 1048576K
}
Event: 9.170 GC heap before
{Heap before GC invocations=45 (full 12):
 garbage-first heap   total 264192K, used 195341K [0x0000000704200000, 0x0000000800000000)
  region size 2048K, 77 young (157696K), 1 survivors (2048K)
 Metaspace       used 39706K, committed 40256K, reserved 1114112K
  class space    used 4325K, committed 4608K, reserved 1048576K
}
Event: 9.180 GC heap after
{Heap after GC invocations=46 (full 12):
 garbage-first heap   total 264192K, used 60156K [0x0000000704200000, 0x0000000800000000)
  region size 2048K, 10 young (20480K), 10 survivors (20480K)
 Metaspace       used 39706K, committed 40256K, reserved 1114112K
  class space    used 4325K, committed 4608K, reserved 1048576K
}
Event: 9.401 GC heap before
{Heap before GC invocations=46 (full 12):
 garbage-first heap   total 264192K, used 197372K [0x0000000704200000, 0x0000000800000000)
  region size 2048K, 77 young (157696K), 10 survivors (20480K)
 Metaspace       used 39714K, committed 40256K, reserved 1114112K
  class space    used 4325K, committed 4608K, reserved 1048576K
}
Event: 9.417 GC heap after
{Heap after GC invocations=47 (full 12):
 garbage-first heap   total 264192K, used 81479K [0x0000000704200000, 0x0000000800000000)
  region size 2048K, 10 young (20480K), 10 survivors (20480K)
 Metaspace       used 39714K, committed 40256K, reserved 1114112K
  class space    used 4325K, committed 4608K, reserved 1048576K
}
Event: 9.702 GC heap before
{Heap before GC invocations=47 (full 12):
 garbage-first heap   total 264192K, used 218695K [0x0000000704200000, 0x0000000800000000)
  region size 2048K, 77 young (157696K), 10 survivors (20480K)
 Metaspace       used 39894K, committed 40512K, reserved 1114112K
  class space    used 4352K, committed 4608K, reserved 1048576K
}
Event: 9.719 GC heap after
{Heap after GC invocations=48 (full 12):
 garbage-first heap   total 264192K, used 105142K [0x0000000704200000, 0x0000000800000000)
  region size 2048K, 10 young (20480K), 10 survivors (20480K)
 Metaspace       used 39894K, committed 40512K, reserved 1114112K
  class space    used 4352K, committed 4608K, reserved 1048576K
}
Event: 10.311 GC heap before
{Heap before GC invocations=48 (full 12):
 garbage-first heap   total 264192K, used 221878K [0x0000000704200000, 0x0000000800000000)
  region size 2048K, 67 young (137216K), 10 survivors (20480K)
 Metaspace       used 45486K, committed 46208K, reserved 1114112K
  class space    used 4980K, committed 5312K, reserved 1048576K
}
Event: 10.320 GC heap after
{Heap after GC invocations=49 (full 12):
 garbage-first heap   total 264192K, used 112616K [0x0000000704200000, 0x0000000800000000)
  region size 2048K, 3 young (6144K), 3 survivors (6144K)
 Metaspace       used 45486K, committed 46208K, reserved 1114112K
  class space    used 4980K, committed 5312K, reserved 1048576K
}
Event: 11.529 GC heap before
{Heap before GC invocations=49 (full 12):
 garbage-first heap   total 264192K, used 229352K [0x0000000704200000, 0x0000000800000000)
  region size 2048K, 60 young (122880K), 3 survivors (6144K)
 Metaspace       used 55273K, committed 56064K, reserved 1114112K
  class space    used 6197K, committed 6592K, reserved 1048576K
}

Dll operation events (14 events):
Event: 0.007 Loaded shared library D:\java\jdk21\bin\java.dll
Event: 0.046 Loaded shared library D:\java\jdk21\bin\jsvml.dll
Event: 0.093 Loaded shared library D:\java\jdk21\bin\zip.dll
Event: 0.096 Loaded shared library D:\java\jdk21\bin\instrument.dll
Event: 0.101 Loaded shared library D:\java\jdk21\bin\net.dll
Event: 0.103 Loaded shared library D:\java\jdk21\bin\nio.dll
Event: 0.105 Loaded shared library D:\java\jdk21\bin\zip.dll
Event: 0.174 Loaded shared library D:\java\jdk21\bin\jimage.dll
Event: 0.288 Loaded shared library D:\java\jdk21\bin\management_agent.dll
Event: 0.290 Loaded shared library D:\java\jdk21\bin\management.dll
Event: 0.307 Loaded shared library D:\java\jdk21\bin\management_ext.dll
Event: 0.701 Loaded shared library D:\java\jdk21\bin\extnet.dll
Event: 2.067 Loaded shared library D:\java\jdk21\bin\sunmscapi.dll
Event: 2.393 Loaded shared library D:\java\jdk21\bin\verify.dll

Deoptimization events (20 events):
Event: 11.407 Thread 0x0000024a019b1ec0 DEOPT PACKING pc=0x0000024a227c74da sp=0x0000008e92ffc2c0
Event: 11.407 Thread 0x0000024a019b1ec0 DEOPT UNPACKING pc=0x0000024a297f88e2 sp=0x0000008e92ffb7b8 mode 0
Event: 11.407 Thread 0x0000024a019b1ec0 DEOPT PACKING pc=0x0000024a227c74da sp=0x0000008e92ffc2c0
Event: 11.407 Thread 0x0000024a019b1ec0 DEOPT UNPACKING pc=0x0000024a297f88e2 sp=0x0000008e92ffb7b8 mode 0
Event: 11.408 Thread 0x0000024a019b1ec0 DEOPT PACKING pc=0x0000024a227c74da sp=0x0000008e92ffc2c0
Event: 11.408 Thread 0x0000024a019b1ec0 DEOPT UNPACKING pc=0x0000024a297f88e2 sp=0x0000008e92ffb7b8 mode 0
Event: 11.408 Thread 0x0000024a019b1ec0 DEOPT PACKING pc=0x0000024a227c74da sp=0x0000008e92ffc2c0
Event: 11.408 Thread 0x0000024a019b1ec0 DEOPT UNPACKING pc=0x0000024a297f88e2 sp=0x0000008e92ffb7b8 mode 0
Event: 11.435 Thread 0x0000024a019b1ec0 DEOPT PACKING pc=0x0000024a22e0fe57 sp=0x0000008e92ffc580
Event: 11.435 Thread 0x0000024a019b1ec0 DEOPT UNPACKING pc=0x0000024a297f88e2 sp=0x0000008e92ffba38 mode 0
Event: 11.480 Thread 0x0000024a019b1ec0 Uncommon trap: trap_request=0xffffff45 fr.pc=0x0000024a2a17d95c relative=0x000000000000031c
Event: 11.480 Thread 0x0000024a019b1ec0 Uncommon trap: reason=unstable_if action=reinterpret pc=0x0000024a2a17d95c method=java.util.ArrayList.indexOfRange(Ljava/lang/Object;II)I @ 7 c2
Event: 11.480 Thread 0x0000024a019b1ec0 DEOPT PACKING pc=0x0000024a2a17d95c sp=0x0000008e92ffc820
Event: 11.480 Thread 0x0000024a019b1ec0 DEOPT UNPACKING pc=0x0000024a297f7da2 sp=0x0000008e92ffc6e0 mode 2
Event: 11.480 Thread 0x0000024a019b1ec0 Uncommon trap: trap_request=0xffffff45 fr.pc=0x0000024a29ec8838 relative=0x00000000000002f8
Event: 11.480 Thread 0x0000024a019b1ec0 Uncommon trap: reason=unstable_if action=reinterpret pc=0x0000024a29ec8838 method=java.util.ArrayList.indexOfRange(Ljava/lang/Object;II)I @ 7 c2
Event: 11.480 Thread 0x0000024a019b1ec0 DEOPT PACKING pc=0x0000024a29ec8838 sp=0x0000008e92ffc770
Event: 11.480 Thread 0x0000024a019b1ec0 DEOPT UNPACKING pc=0x0000024a297f7da2 sp=0x0000008e92ffc6f0 mode 2
Event: 11.520 Thread 0x0000024a019b1ec0 DEOPT PACKING pc=0x0000024a22e46ac6 sp=0x0000008e92ffc760
Event: 11.520 Thread 0x0000024a019b1ec0 DEOPT UNPACKING pc=0x0000024a297f88e2 sp=0x0000008e92ffbc70 mode 0

Classes loaded (20 events):
Event: 11.468 Loading class jdk/xml/internal/XMLSecurityManager$NameMap
Event: 11.468 Loading class jdk/xml/internal/XMLSecurityManager$NameMap done
Event: 11.468 Loading class jdk/xml/internal/JdkProperty
Event: 11.468 Loading class jdk/xml/internal/JdkProperty done
Event: 11.469 Loading class javax/xml/catalog/CatalogFeatures$State
Event: 11.469 Loading class javax/xml/catalog/CatalogFeatures$State done
Event: 11.469 Loading class javax/xml/catalog/Util
Event: 11.469 Loading class javax/xml/catalog/Util done
Event: 11.469 Loading class javax/xml/catalog/CatalogMessages
Event: 11.469 Loading class javax/xml/catalog/CatalogMessages done
Event: 11.469 Loading class com/sun/org/apache/xalan/internal/xsltc/trax/TransformerImpl
Event: 11.470 Loading class com/sun/org/apache/xalan/internal/xsltc/DOMCache
Event: 11.470 Loading class com/sun/org/apache/xalan/internal/xsltc/DOMCache done
Event: 11.470 Loading class javax/xml/transform/Transformer
Event: 11.470 Loading class javax/xml/transform/Transformer done
Event: 11.470 Loading class com/sun/org/apache/xalan/internal/xsltc/trax/TransformerImpl done
Event: 11.470 Loading class com/sun/org/apache/xml/internal/serializer/OutputPropertiesFactory
Event: 11.471 Loading class com/sun/org/apache/xml/internal/serializer/OutputPropertiesFactory done
Event: 11.471 Loading class com/sun/org/apache/xml/internal/utils/XMLReaderManager
Event: 11.471 Loading class com/sun/org/apache/xml/internal/utils/XMLReaderManager done

Classes unloaded (0 events):
No events

Classes redefined (0 events):
No events

Internal exceptions (20 events):
Event: 10.323 Thread 0x0000024a019b1ec0 Exception <a 'java/lang/NoSuchMethodError'{0x000000071421ef30}: 'java.lang.Object java.lang.invoke.DirectMethodHandle$Holder.invokeVirtual(java.lang.Object, java.lang.Object, java.lang.Object, java.lang.Object)'> (0x000000071421ef30) 
thrown [s\open\src\hotspot\share\interpreter\linkResolver.cpp, line 773]
Event: 10.331 Thread 0x0000024a019b1ec0 Exception <a 'java/lang/IncompatibleClassChangeError'{0x00000007142888a0}: Found class java.lang.Object, but interface was expected> (0x00000007142888a0) 
thrown [s\open\src\hotspot\share\interpreter\linkResolver.cpp, line 840]
Event: 10.335 Thread 0x0000024a019b1ec0 Exception <a 'java/lang/IncompatibleClassChangeError'{0x00000007142c4a68}: Found class java.lang.Object, but interface was expected> (0x00000007142c4a68) 
thrown [s\open\src\hotspot\share\interpreter\linkResolver.cpp, line 840]
Event: 10.340 Thread 0x0000024a019b1ec0 Exception <a 'java/lang/NullPointerException'{0x0000000714396a40}> (0x0000000714396a40) 
thrown [s\open\src\hotspot\share\interpreter\linkResolver.cpp, line 1372]
Event: 10.597 Thread 0x0000024a019b1ec0 Exception <a 'java/lang/NoSuchMethodError'{0x000000071356df68}: 'java.lang.Object java.lang.invoke.DelegatingMethodHandle$Holder.reinvoke_L(java.lang.Object, java.lang.Object, java.lang.Object, java.lang.Object, int, int, java.lang.Object)'> (0x000000071356df68) 
thrown [s\open\src\hotspot\share\interpreter\linkResolver.cpp, line 773]
Event: 10.732 Thread 0x0000024a019b1ec0 Exception <a 'java/lang/ClassNotFoundException'{0x0000000712b03718}: openwebbeans/Messages> (0x0000000712b03718) 
thrown [s\open\src\hotspot\share\prims\jni.cpp, line 539]
Event: 10.733 Thread 0x0000024a019b1ec0 Exception <a 'java/lang/ClassNotFoundException'{0x0000000712b1c858}: openwebbeans/Messages_en> (0x0000000712b1c858) 
thrown [s\open\src\hotspot\share\prims\jni.cpp, line 539]
Event: 10.733 Thread 0x0000024a019b1ec0 Exception <a 'java/lang/ClassNotFoundException'{0x0000000712b20048}: openwebbeans/Messages_en_US> (0x0000000712b20048) 
thrown [s\open\src\hotspot\share\prims\jni.cpp, line 539]
Event: 10.967 Thread 0x0000024a019b1ec0 Exception <a 'java/lang/IncompatibleClassChangeError'{0x0000000711d16b80}: Found class java.lang.Object, but interface was expected> (0x0000000711d16b80) 
thrown [s\open\src\hotspot\share\interpreter\linkResolver.cpp, line 840]
Event: 10.985 Thread 0x0000024a019b1ec0 Exception <a 'java/lang/NoClassDefFoundError'{0x0000000711a24578}: org/apache/log4j/Logger> (0x0000000711a24578) 
thrown [s\open\src\hotspot\share\oops\constantPool.cpp, line 873]
Event: 10.989 Thread 0x0000024a019b1ec0 Exception <a 'java/lang/NoClassDefFoundError'{0x0000000711a9e880}: org/apache/log4j/Logger> (0x0000000711a9e880) 
thrown [s\open\src\hotspot\share\oops\constantPool.cpp, line 873]
Event: 10.990 Thread 0x0000024a019b1ec0 Exception <a 'java/lang/NoClassDefFoundError'{0x0000000711abacf0}: org/apache/log4j/Logger> (0x0000000711abacf0) 
thrown [s\open\src\hotspot\share\oops\constantPool.cpp, line 873]
Event: 10.992 Thread 0x0000024a019b1ec0 Exception <a 'java/lang/NoClassDefFoundError'{0x0000000711b930f8}: org/apache/log4j/Logger> (0x0000000711b930f8) 
thrown [s\open\src\hotspot\share\oops\constantPool.cpp, line 873]
Event: 11.005 Thread 0x0000024a019b1ec0 Exception <a 'java/io/FileNotFoundException'{0x00000007118729c8}> (0x00000007118729c8) 
thrown [s\open\src\hotspot\share\prims\jni.cpp, line 520]
Event: 11.078 Thread 0x0000024a019b1ec0 Exception <a 'sun/nio/fs/WindowsException'{0x00000007113c7720}> (0x00000007113c7720) 
thrown [s\open\src\hotspot\share\prims\jni.cpp, line 520]
Event: 11.113 Thread 0x0000024a019b1ec0 Exception <a 'java/io/FileNotFoundException'{0x00000007111b42c0}> (0x00000007111b42c0) 
thrown [s\open\src\hotspot\share\prims\jni.cpp, line 520]
Event: 11.289 Thread 0x0000024a019b5340 Implicit null exception at 0x0000024a29fe1ab0 to 0x0000024a29fe37b0
Event: 11.289 Thread 0x0000024a019b87c0 Implicit null exception at 0x0000024a29fe1ab0 to 0x0000024a29fe37b0
Event: 11.480 Thread 0x0000024a019b1ec0 Implicit null exception at 0x0000024a2a17d68a to 0x0000024a2a17d940
Event: 11.480 Thread 0x0000024a019b1ec0 Implicit null exception at 0x0000024a29ec8585 to 0x0000024a29ec8818

ZGC Phase Switch (0 events):
No events

VM Operations (20 events):
Event: 10.486 Executing VM operation: HandshakeAllThreads (Deoptimize) done
Event: 10.956 Executing VM operation: ICBufferFull
Event: 10.956 Executing VM operation: ICBufferFull done
Event: 10.980 Executing VM operation: HandshakeAllThreads (Deoptimize)
Event: 10.980 Executing VM operation: HandshakeAllThreads (Deoptimize) done
Event: 11.023 Executing VM operation: HandshakeAllThreads (Deoptimize)
Event: 11.023 Executing VM operation: HandshakeAllThreads (Deoptimize) done
Event: 11.052 Executing VM operation: HandshakeAllThreads (Deoptimize)
Event: 11.052 Executing VM operation: HandshakeAllThreads (Deoptimize) done
Event: 11.053 Executing VM operation: HandshakeAllThreads (Deoptimize)
Event: 11.053 Executing VM operation: HandshakeAllThreads (Deoptimize) done
Event: 11.147 Executing VM operation: HandshakeAllThreads (Deoptimize)
Event: 11.147 Executing VM operation: HandshakeAllThreads (Deoptimize) done
Event: 11.381 Executing VM operation: ICBufferFull
Event: 11.381 Executing VM operation: ICBufferFull done
Event: 11.410 Executing VM operation: HandshakeAllThreads (Deoptimize)
Event: 11.410 Executing VM operation: HandshakeAllThreads (Deoptimize) done
Event: 11.410 Executing VM operation: HandshakeAllThreads (Deoptimize)
Event: 11.411 Executing VM operation: HandshakeAllThreads (Deoptimize) done
Event: 11.529 Executing VM operation: G1CollectForAllocation (G1 Evacuation Pause)

Events (20 events):
Event: 11.290 Thread 0x0000024a02da9f60 Thread added: 0x0000024a02da9f60
Event: 11.290 Thread 0x0000024a02dac6c0 Thread added: 0x0000024a02dac6c0
Event: 11.290 Thread 0x0000024a02dae790 Thread added: 0x0000024a02dae790
Event: 11.291 Thread 0x0000024a02db0ef0 Thread exited: 0x0000024a02db0ef0
Event: 11.291 Thread 0x0000024a019b87c0 Thread exited: 0x0000024a019b87c0
Event: 11.291 Thread 0x0000024a02dada70 Thread exited: 0x0000024a02dada70
Event: 11.291 Thread 0x0000024a019b5340 Thread exited: 0x0000024a019b5340
Event: 11.291 Thread 0x0000024a02dacd50 Thread exited: 0x0000024a02dacd50
Event: 11.291 Thread 0x0000024a02daac80 Thread exited: 0x0000024a02daac80
Event: 11.291 Thread 0x0000024a019b6d80 Thread exited: 0x0000024a019b6d80
Event: 11.291 Thread 0x0000024a02dac030 Thread exited: 0x0000024a02dac030
Event: 11.291 Thread 0x0000024a02db0860 Thread exited: 0x0000024a02db0860
Event: 11.291 Thread 0x0000024a02dae100 Thread exited: 0x0000024a02dae100
Event: 11.291 Thread 0x0000024a02dab9a0 Thread exited: 0x0000024a02dab9a0
Event: 11.291 Thread 0x0000024a02daee20 Thread exited: 0x0000024a02daee20
Event: 11.291 Thread 0x0000024a00428020 Thread exited: 0x0000024a00428020
Event: 11.291 Thread 0x0000024a02dad3e0 Thread exited: 0x0000024a02dad3e0
Event: 11.291 Thread 0x0000024a02dae790 Thread exited: 0x0000024a02dae790
Event: 11.291 Thread 0x0000024a02da9f60 Thread exited: 0x0000024a02da9f60
Event: 11.292 Thread 0x0000024a02dac6c0 Thread exited: 0x0000024a02dac6c0


Dynamic libraries:
0x00007ff67a2f0000 - 0x00007ff67a300000 	D:\java\jdk21\bin\java.exe
0x00007ffe79c90000 - 0x00007ffe79e88000 	C:\WINDOWS\SYSTEM32\ntdll.dll
0x00007ffe78d10000 - 0x00007ffe78dd2000 	C:\WINDOWS\System32\KERNEL32.DLL
0x00007ffe77330000 - 0x00007ffe7762f000 	C:\WINDOWS\System32\KERNELBASE.dll
0x00007ffe77630000 - 0x00007ffe77730000 	C:\WINDOWS\System32\ucrtbase.dll
0x00007ffe6d600000 - 0x00007ffe6d619000 	D:\java\jdk21\bin\jli.dll
0x00007ffe780a0000 - 0x00007ffe7814f000 	C:\WINDOWS\System32\ADVAPI32.dll
0x00007ffe78f90000 - 0x00007ffe7902e000 	C:\WINDOWS\System32\msvcrt.dll
0x00007ffe799e0000 - 0x00007ffe79a7f000 	C:\WINDOWS\System32\sechost.dll
0x00007ffe789c0000 - 0x00007ffe78ae3000 	C:\WINDOWS\System32\RPCRT4.dll
0x00007ffe77bf0000 - 0x00007ffe77c17000 	C:\WINDOWS\System32\bcrypt.dll
0x00007ffe6b440000 - 0x00007ffe6b45b000 	D:\java\jdk21\bin\VCRUNTIME140.dll
0x00007ffe77d20000 - 0x00007ffe77ebd000 	C:\WINDOWS\System32\USER32.dll
0x00007ffe777f0000 - 0x00007ffe77812000 	C:\WINDOWS\System32\win32u.dll
0x00007ffe79560000 - 0x00007ffe7958b000 	C:\WINDOWS\System32\GDI32.dll
0x00007ffe77820000 - 0x00007ffe7793a000 	C:\WINDOWS\System32\gdi32full.dll
0x00007ffe779f0000 - 0x00007ffe77a8d000 	C:\WINDOWS\System32\msvcp_win.dll
0x00007ffe68e00000 - 0x00007ffe6909a000 	C:\WINDOWS\WinSxS\amd64_microsoft.windows.common-controls_6595b64144ccf1df_6.0.19041.4355_none_60b8b9eb71f62e16\COMCTL32.dll
0x00007ffe700e0000 - 0x00007ffe700ea000 	C:\WINDOWS\SYSTEM32\VERSION.dll
0x00007ffe77f90000 - 0x00007ffe77fbf000 	C:\WINDOWS\System32\IMM32.DLL
0x00007ffe716c0000 - 0x00007ffe716cc000 	D:\java\jdk21\bin\vcruntime140_1.dll
0x00007ffe3a980000 - 0x00007ffe3aa0e000 	D:\java\jdk21\bin\msvcp140.dll
0x00007ffde0020000 - 0x00007ffde0d3a000 	D:\java\jdk21\bin\server\jvm.dll
0x00007ffe78af0000 - 0x00007ffe78b5b000 	C:\WINDOWS\System32\WS2_32.dll
0x00007ffe76870000 - 0x00007ffe768bb000 	C:\WINDOWS\SYSTEM32\POWRPROF.dll
0x00007ffe6b7a0000 - 0x00007ffe6b7c7000 	C:\WINDOWS\SYSTEM32\WINMM.dll
0x00007ffe76730000 - 0x00007ffe76742000 	C:\WINDOWS\SYSTEM32\UMPDC.dll
0x00007ffe75b50000 - 0x00007ffe75b62000 	C:\WINDOWS\SYSTEM32\kernel.appcore.dll
0x00007ffe70a80000 - 0x00007ffe70a8a000 	D:\java\jdk21\bin\jimage.dll
0x00007ffe75850000 - 0x00007ffe75a34000 	C:\WINDOWS\SYSTEM32\DBGHELP.DLL
0x00007ffe55f60000 - 0x00007ffe55f94000 	C:\WINDOWS\SYSTEM32\dbgcore.DLL
0x00007ffe77c20000 - 0x00007ffe77ca2000 	C:\WINDOWS\System32\bcryptPrimitives.dll
0x00007ffe6e000000 - 0x00007ffe6e00f000 	D:\java\jdk21\bin\instrument.dll
0x00007ffe59220000 - 0x00007ffe5923f000 	D:\java\jdk21\bin\java.dll
0x00007ffe78240000 - 0x00007ffe789ad000 	C:\WINDOWS\System32\SHELL32.dll
0x00007ffe74fd0000 - 0x00007ffe75774000 	C:\WINDOWS\SYSTEM32\windows.storage.dll
0x00007ffe79680000 - 0x00007ffe799d5000 	C:\WINDOWS\System32\combase.dll
0x00007ffe76d60000 - 0x00007ffe76d8b000 	C:\WINDOWS\SYSTEM32\Wldp.dll
0x00007ffe77ec0000 - 0x00007ffe77f8d000 	C:\WINDOWS\System32\OLEAUT32.dll
0x00007ffe79a80000 - 0x00007ffe79b2d000 	C:\WINDOWS\System32\SHCORE.dll
0x00007ffe79590000 - 0x00007ffe795e5000 	C:\WINDOWS\System32\shlwapi.dll
0x00007ffe77260000 - 0x00007ffe77285000 	C:\WINDOWS\SYSTEM32\profapi.dll
0x00007ffe3a8a0000 - 0x00007ffe3a977000 	D:\java\jdk21\bin\jsvml.dll
0x00007ffe58f70000 - 0x00007ffe58f88000 	D:\java\jdk21\bin\zip.dll
0x00007ffe6fe80000 - 0x00007ffe6fe90000 	D:\java\jdk21\bin\net.dll
0x00007ffe74300000 - 0x00007ffe7440a000 	C:\WINDOWS\SYSTEM32\WINHTTP.dll
0x00007ffe76ac0000 - 0x00007ffe76b2c000 	C:\WINDOWS\system32\mswsock.dll
0x00007ffe59160000 - 0x00007ffe59176000 	D:\java\jdk21\bin\nio.dll
0x00007ffe5c5e0000 - 0x00007ffe5c5e9000 	D:\java\jdk21\bin\management_agent.dll
0x00007ffe59210000 - 0x00007ffe5921a000 	D:\java\jdk21\bin\management.dll
0x00007ffe591b0000 - 0x00007ffe591bb000 	D:\java\jdk21\bin\management_ext.dll
0x00007ffe77d10000 - 0x00007ffe77d18000 	C:\WINDOWS\System32\PSAPI.DLL
0x00007ffe42490000 - 0x00007ffe424a7000 	C:\WINDOWS\system32\napinsp.dll
0x00007ffe40ad0000 - 0x00007ffe40aeb000 	C:\WINDOWS\system32\pnrpnsp.dll
0x00007ffe4a120000 - 0x00007ffe4a135000 	C:\WINDOWS\system32\wshbth.dll
0x00007ffe742e0000 - 0x00007ffe742fd000 	C:\WINDOWS\system32\NLAapi.dll
0x00007ffe76750000 - 0x00007ffe7678b000 	C:\WINDOWS\SYSTEM32\IPHLPAPI.DLL
0x00007ffe767a0000 - 0x00007ffe7686a000 	C:\WINDOWS\SYSTEM32\DNSAPI.dll
0x00007ffe78230000 - 0x00007ffe78238000 	C:\WINDOWS\System32\NSI.dll
0x00007ffe1dba0000 - 0x00007ffe1dbb2000 	C:\WINDOWS\System32\winrnr.dll
0x00007ffe70370000 - 0x00007ffe7037a000 	C:\Windows\System32\rasadhlp.dll
0x00007ffe6fde0000 - 0x00007ffe6fe60000 	C:\WINDOWS\System32\fwpuclnt.dll
0x00007ffe76cb0000 - 0x00007ffe76cc8000 	C:\WINDOWS\SYSTEM32\CRYPTSP.dll
0x00007ffe76370000 - 0x00007ffe763a8000 	C:\WINDOWS\system32\rsaenh.dll
0x00007ffe771e0000 - 0x00007ffe7720e000 	C:\WINDOWS\SYSTEM32\USERENV.dll
0x00007ffe76cd0000 - 0x00007ffe76cdc000 	C:\WINDOWS\SYSTEM32\CRYPTBASE.dll
0x00007ffe6b430000 - 0x00007ffe6b439000 	D:\java\jdk21\bin\extnet.dll
0x00007ffe591e0000 - 0x00007ffe591ee000 	D:\java\jdk21\bin\sunmscapi.dll
0x00007ffe77a90000 - 0x00007ffe77bec000 	C:\WINDOWS\System32\CRYPT32.dll
0x00007ffe76dd0000 - 0x00007ffe76df7000 	C:\WINDOWS\SYSTEM32\ncrypt.dll
0x00007ffe76d90000 - 0x00007ffe76dcb000 	C:\WINDOWS\SYSTEM32\NTASN1.dll
0x00007ffe591d0000 - 0x00007ffe591e0000 	D:\java\jdk21\bin\verify.dll
0x00007ffe712f0000 - 0x00007ffe712f7000 	C:\WINDOWS\system32\wshunix.dll

dbghelp: loaded successfully - version: 4.0.5 - missing functions: none
symbol engine: initialized successfully - sym options: 0x614 - pdb path: .;D:\java\jdk21\bin;C:\WINDOWS\SYSTEM32;C:\WINDOWS\WinSxS\amd64_microsoft.windows.common-controls_6595b64144ccf1df_6.0.19041.4355_none_60b8b9eb71f62e16;D:\java\jdk21\bin\server

VM Arguments:
jvm_args: -Djava.util.logging.config.file=C:\Users\dell\AppData\Local\JetBrains\IntelliJIdea2024.3\tomcat\637303c7-005e-4fa5-a411-b0f41081b1ea\conf\logging.properties -Djava.util.logging.manager=org.apache.juli.ClassLoaderLogManager -javaagent:D:\CODE WEB\page-movie-management\apache-tomee-webprofile-10.0.0\lib\openejb-javaagent.jar -Dcom.sun.management.jmxremote= -Dcom.sun.management.jmxremote.port=1099 -Dcom.sun.management.jmxremote.ssl=false -Dcom.sun.management.jmxremote.password.file=C:\Users\dell\AppData\Local\JetBrains\IntelliJIdea2024.3\tomcat\637303c7-005e-4fa5-a411-b0f41081b1ea\jmxremote.password -Dcom.sun.management.jmxremote.access.file=C:\Users\dell\AppData\Local\JetBrains\IntelliJIdea2024.3\tomcat\637303c7-005e-4fa5-a411-b0f41081b1ea\jmxremote.access -Djava.rmi.server.hostname=127.0.0.1 -Dtomee.serialization.class.whitelist= -Dtomee.serialization.class.blacklist=- -Dtomee.remote.support=true -Dopenejb.system.apps=true -Djdk.tls.ephemeralDHKeySize=2048 -Djava.protocol.handler.pkgs=org.apache.catalina.webresources --add-opens=java.base/java.lang=ALL-UNNAMED --add-opens=java.base/java.io=ALL-UNNAMED --add-opens=java.base/java.util=ALL-UNNAMED --add-opens=java.base/java.util.concurrent=ALL-UNNAMED --add-opens=java.rmi/sun.rmi.transport=ALL-UNNAMED -Dcatalina.base=C:\Users\dell\AppData\Local\JetBrains\IntelliJIdea2024.3\tomcat\637303c7-005e-4fa5-a411-b0f41081b1ea -Dcatalina.home=D:\CODE WEB\page-movie-management\apache-tomee-webprofile-10.0.0 -Djava.io.tmpdir=C:\Users\dell\AppData\Local\JetBrains\IntelliJIdea2024.3\tomcat\637303c7-005e-4fa5-a411-b0f41081b1ea\temp 
java_command: org.apache.catalina.startup.Bootstrap start
java_class_path (initial): D:\CODE WEB\page-movie-management\apache-tomee-webprofile-10.0.0\bin\bootstrap.jar;D:\CODE WEB\page-movie-management\apache-tomee-webprofile-10.0.0\bin\tomcat-juli.jar
Launcher Type: SUN_STANDARD

[Global flags]
     intx CICompilerCount                          = 4                                         {product} {ergonomic}
     uint ConcGCThreads                            = 2                                         {product} {ergonomic}
     uint G1ConcRefinementThreads                  = 8                                         {product} {ergonomic}
   size_t G1HeapRegionSize                         = 2097152                                   {product} {ergonomic}
    uintx GCDrainStackTargetSize                   = 64                                        {product} {ergonomic}
   size_t InitialHeapSize                          = 264241152                                 {product} {ergonomic}
     bool ManagementServer                         = true                                      {product} {command line}
   size_t MarkStackSize                            = 4194304                                   {product} {ergonomic}
   size_t MaxHeapSize                              = 4225761280                                {product} {ergonomic}
   size_t MaxNewSize                               = 2535456768                                {product} {ergonomic}
   size_t MinHeapDeltaBytes                        = 2097152                                   {product} {ergonomic}
   size_t MinHeapSize                              = 8388608                                   {product} {ergonomic}
    uintx NonNMethodCodeHeapSize                   = 5839372                                {pd product} {ergonomic}
    uintx NonProfiledCodeHeapSize                  = 122909434                              {pd product} {ergonomic}
    uintx ProfiledCodeHeapSize                     = 122909434                              {pd product} {ergonomic}
    uintx ReservedCodeCacheSize                    = 251658240                              {pd product} {ergonomic}
     bool SegmentedCodeCache                       = true                                      {product} {ergonomic}
   size_t SoftMaxHeapSize                          = 4225761280                             {manageable} {ergonomic}
     bool UseCompressedOops                        = true                           {product lp64_product} {ergonomic}
     bool UseG1GC                                  = true                                      {product} {ergonomic}
     bool UseLargePagesIndividualAllocation        = false                                  {pd product} {ergonomic}

Logging:
Log output configuration:
 #0: stdout all=warning uptime,level,tags foldmultilines=false
 #1: stderr all=off uptime,level,tags foldmultilines=false

Environment Variables:
JAVA_HOME=D:\java\jdk21
CLASSPATH=D:\CODE WEB\page-movie-management\apache-tomee-webprofile-10.0.0\bin\bootstrap.jar;D:\CODE WEB\page-movie-management\apache-tomee-webprofile-10.0.0\bin\tomcat-juli.jar
PATH=C:\Program Files\Microsoft MPI\Bin\;C:\Program Files\Common Files\Oracle\Java\javapath;C:\WINDOWS\system32;C:\WINDOWS;C:\WINDOWS\System32\Wbem;C:\WINDOWS\System32\WindowsPowerShell\v1.0\;C:\WINDOWS\System32\OpenSSH\;C:\Program Files\Microsoft SQL Server\Client SDK\ODBC\170\Tools\Binn\;D:\Install\bin;D:\Git\cmd;D:\XAMPP\php;C:\ProgramData\ComposerSetup\bin;C:\mingw64\bin;C:\TDM-GCC-32\bin;D:\notejs\;D:\XAMPP\mysql\bin;D:\Maven\bin;D:\Maven\apache-maven-3.9.9\bin;C:\Program Files (x86)\Microsoft SQL Server\160\Tools\Binn\;C:\Program Files\Microsoft SQL Server\160\Tools\Binn\;C:\Program Files\Microsoft SQL Server\160\DTS\Binn\;C:\Program Files (x86)\Microsoft SQL Server\160\DTS\Binn\;D:\python\Scripts\;D:\python\;D:\java\jdk21\bin;D:\Microsoft VS Code\bin;C:\Users\dell\AppData\Roaming\Composer\vendor\bin;C:\mingw64\bin;C:\Users\dell\AppData\Roaming\npm;D:\nodejs;D:\PyCharm\PyCharm Community Edition 2024.2.4\bin;;D:\Wireshark;D:\python3.10;D:\python39;D:\JetBrains\IntelliJ IDEA 2024.3.4.1\bin;;D:\Maven\bin;
USERNAME=dell
OS=Windows_NT
PROCESSOR_IDENTIFIER=Intel64 Family 6 Model 140 Stepping 1, GenuineIntel
TMP=C:\Users\dell\AppData\Local\Temp
TEMP=C:\Users\dell\AppData\Local\Temp




Periodic native trim disabled

---------------  S Y S T E M  ---------------

OS:
 Windows 10 , 64 bit Build 19041 (10.0.19041.5438)
OS uptime: 0 days 8:09 hours

CPU: total 8 (initial active 8) (4 cores per cpu, 2 threads per core) family 6 model 140 stepping 1 microcode 0xba, cx8, cmov, fxsr, ht, mmx, 3dnowpref, sse, sse2, sse3, ssse3, sse4.1, sse4.2, popcnt, lzcnt, tsc, tscinvbit, avx, avx2, aes, erms, clmul, bmi1, bmi2, adx, avx512f, avx512dq, avx512cd, avx512bw, avx512vl, sha, fma, vzeroupper, avx512_vpopcntdq, avx512_vpclmulqdq, avx512_vaes, avx512_vnni, clflush, clflushopt, clwb, avx512_vbmi2, avx512_vbmi, rdtscp, rdpid, fsrm, gfni, avx512_bitalg, f16c, pku, cet_ibt, cet_ss, avx512_ifma
Processor Information for all 8 processors :
  Max Mhz: 2419, Current Mhz: 2419, Mhz Limit: 2419

Memory: 4k page, system-wide physical 16118M (4092M free)
TotalPageFile size 18412M (AvailPageFile size 37M)
current process WorkingSet (physical memory assigned to process): 465M, peak: 466M
current process commit charge ("private bytes"): 505M, peak: 605M

vm_info: Java HotSpot(TM) 64-Bit Server VM (21.0.6+8-LTS-188) for windows-amd64 JRE (21.0.6+8-LTS-188), built on 2024-12-03T10:50:54Z by "mach5one" with MS VC++ 17.6 (VS2022)

END.
