#
# There is insufficient memory for the Java Runtime Environment to continue.
# Native memory allocation (malloc) failed to allocate 2423376 bytes for Chunk::new
# Possible reasons:
#   The system is out of physical RAM or swap space
#   The process is running with CompressedOops enabled, and the Java Heap may be blocking the growth of the native heap
# Possible solutions:
#   Reduce memory load on the system
#   Increase physical memory or swap space
#   Check if swap backing store is full
#   Decrease Java heap size (-Xmx/-Xms)
#   Decrease number of Java threads
#   Decrease Java thread stack sizes (-Xss)
#   Set larger code cache with -XX:ReservedCodeCacheSize=
#   JVM is running with Zero Based Compressed Oops mode in which the Java heap is
#     placed in the first 32GB address space. The Java Heap base address is the
#     maximum limit for the native heap growth. Please use -XX:HeapBaseMinAddress
#     to set the Java Heap base and to place the Java Heap above 32GB virtual address.
# This output file may be truncated or incomplete.
#
#  Out of Memory Error (arena.cpp:168), pid=20256, tid=11564
#
# JRE version: Java(TM) SE Runtime Environment (21.0.6+8) (build 21.0.6+8-LTS-188)
# Java VM: Java HotSpot(TM) 64-Bit Server VM (21.0.6+8-LTS-188, mixed mode, sharing, tiered, compressed oops, compressed class ptrs, g1 gc, windows-amd64)
# No core dump will be written. Minidumps are not enabled by default on client versions of Windows
#

---------------  S U M M A R Y ------------

Command Line: -Djava.util.logging.config.file=C:\Users\dell\AppData\Local\JetBrains\IntelliJIdea2024.3\tomcat\637303c7-005e-4fa5-a411-b0f41081b1ea\conf\logging.properties -Djava.util.logging.manager=org.apache.juli.ClassLoaderLogManager -javaagent:D:\CODE WEB\page-movie-management\apache-tomee-webprofile-10.0.0\lib\openejb-javaagent.jar -Dcom.sun.management.jmxremote= -Dcom.sun.management.jmxremote.port=1099 -Dcom.sun.management.jmxremote.ssl=false -Dcom.sun.management.jmxremote.password.file=C:\Users\dell\AppData\Local\JetBrains\IntelliJIdea2024.3\tomcat\637303c7-005e-4fa5-a411-b0f41081b1ea\jmxremote.password -Dcom.sun.management.jmxremote.access.file=C:\Users\dell\AppData\Local\JetBrains\IntelliJIdea2024.3\tomcat\637303c7-005e-4fa5-a411-b0f41081b1ea\jmxremote.access -Djava.rmi.server.hostname=127.0.0.1 -Dtomee.serialization.class.whitelist= -Dtomee.serialization.class.blacklist=- -Dtomee.remote.support=true -Dopenejb.system.apps=true -Djdk.tls.ephemeralDHKeySize=2048 -Djava.protocol.handler.pkgs=org.apache.catalina.webresources --add-opens=java.base/java.lang=ALL-UNNAMED --add-opens=java.base/java.io=ALL-UNNAMED --add-opens=java.base/java.util=ALL-UNNAMED --add-opens=java.base/java.util.concurrent=ALL-UNNAMED --add-opens=java.rmi/sun.rmi.transport=ALL-UNNAMED -Dcatalina.base=C:\Users\dell\AppData\Local\JetBrains\IntelliJIdea2024.3\tomcat\637303c7-005e-4fa5-a411-b0f41081b1ea -Dcatalina.home=D:\CODE WEB\page-movie-management\apache-tomee-webprofile-10.0.0 -Djava.io.tmpdir=C:\Users\dell\AppData\Local\JetBrains\IntelliJIdea2024.3\tomcat\637303c7-005e-4fa5-a411-b0f41081b1ea\temp org.apache.catalina.startup.Bootstrap start

Host: 11th Gen Intel(R) Core(TM) i5-1135G7 @ 2.40GHz, 8 cores, 15G,  Windows 10 , 64 bit Build 19041 (10.0.19041.5438)
Time: Thu Apr  3 00:15:59 2025 SE Asia Standard Time elapsed time: 18.645696 seconds (0d 0h 0m 18s)

---------------  T H R E A D  ---------------

Current thread (0x00000151b08427b0):  JavaThread "C2 CompilerThread0" daemon [_thread_in_native, id=11564, stack(0x0000003c44500000,0x0000003c44600000) (1024K)]


Current CompileTask:
C2:  18645 7898       4       org.eclipse.jdt.internal.compiler.lookup.BinaryTypeBinding::createMethod (1719 bytes)

Stack: [0x0000003c44500000,0x0000003c44600000]
Native frames: (J=compiled Java code, j=interpreted, Vv=VM code, C=native code)
V  [jvm.dll+0x6ca6d9]
V  [jvm.dll+0x854f51]
V  [jvm.dll+0x85747e]
V  [jvm.dll+0x857b53]
V  [jvm.dll+0x27dcc6]
V  [jvm.dll+0xc4c2d]
V  [jvm.dll+0xc5163]
V  [jvm.dll+0x3b5122]
V  [jvm.dll+0x381855]
V  [jvm.dll+0x380cca]
V  [jvm.dll+0x246920]
V  [jvm.dll+0x245eff]
V  [jvm.dll+0x1c6d2e]
V  [jvm.dll+0x2554f9]
V  [jvm.dll+0x253a8a]
V  [jvm.dll+0x3ee576]
V  [jvm.dll+0x7ff2fb]
V  [jvm.dll+0x6c8dbd]
C  [ucrtbase.dll+0x21bb2]
C  [KERNEL32.DLL+0x17374]
C  [ntdll.dll+0x4cc91]


---------------  P R O C E S S  ---------------

Threads class SMR info:
_java_thread_list=0x00000151f8ff08d0, length=43, elements={
0x000001518f6faf40, 0x00000151b083b260, 0x00000151b083be10, 0x00000151b083cb20,
0x00000151b083e580, 0x00000151b0840fe0, 0x00000151b0841a30, 0x00000151b08427b0,
0x00000151b08499e0, 0x00000151b088e6a0, 0x00000151b0cc6760, 0x00000151b0cc3ac0,
0x00000151f65cd940, 0x00000151f66fd8a0, 0x00000151f65428b0, 0x00000151f74a85a0,
0x00000151f6e7a4e0, 0x00000151f72e0640, 0x00000151f76ced70, 0x00000151f76d0e40,
0x00000151f76ce050, 0x00000151f76d14d0, 0x00000151f76ce6e0, 0x00000151f76d07b0,
0x00000151f76cf400, 0x00000151f79c0ee0, 0x00000151f79bee10, 0x00000151f79c1c00,
0x00000151f79be780, 0x00000151f79c3640, 0x00000151f79c3cd0, 0x00000151f79c4360,
0x00000151f79c1570, 0x00000151f79bfb30, 0x00000151f79c49f0, 0x00000151f79c2920,
0x00000151f79bda60, 0x00000151f79c01c0, 0x00000151f76cfa90, 0x00000151f79c2290,
0x00000151f79c5080, 0x00000151f7443850, 0x00000151f7444cc0
}

Java Threads: ( => current thread )
  0x000001518f6faf40 JavaThread "main"                              [_thread_in_native, id=16836, stack(0x0000003c43700000,0x0000003c43800000) (1024K)]
  0x00000151b083b260 JavaThread "Reference Handler"          daemon [_thread_blocked, id=3472, stack(0x0000003c43f00000,0x0000003c44000000) (1024K)]
  0x00000151b083be10 JavaThread "Finalizer"                  daemon [_thread_blocked, id=11984, stack(0x0000003c44000000,0x0000003c44100000) (1024K)]
  0x00000151b083cb20 JavaThread "Signal Dispatcher"          daemon [_thread_blocked, id=10324, stack(0x0000003c44100000,0x0000003c44200000) (1024K)]
  0x00000151b083e580 JavaThread "Attach Listener"            daemon [_thread_blocked, id=8796, stack(0x0000003c44200000,0x0000003c44300000) (1024K)]
  0x00000151b0840fe0 JavaThread "Service Thread"             daemon [_thread_blocked, id=20620, stack(0x0000003c44300000,0x0000003c44400000) (1024K)]
  0x00000151b0841a30 JavaThread "Monitor Deflation Thread"   daemon [_thread_blocked, id=11804, stack(0x0000003c44400000,0x0000003c44500000) (1024K)]
=>0x00000151b08427b0 JavaThread "C2 CompilerThread0"         daemon [_thread_in_native, id=11564, stack(0x0000003c44500000,0x0000003c44600000) (1024K)]
  0x00000151b08499e0 JavaThread "C1 CompilerThread0"         daemon [_thread_blocked, id=20132, stack(0x0000003c44600000,0x0000003c44700000) (1024K)]
  0x00000151b088e6a0 JavaThread "Common-Cleaner"             daemon [_thread_blocked, id=11932, stack(0x0000003c44700000,0x0000003c44800000) (1024K)]
  0x00000151b0cc6760 JavaThread "FileHandlerLogFilesCleaner-1" daemon [_thread_blocked, id=13552, stack(0x0000003c44900000,0x0000003c44a00000) (1024K)]
  0x00000151b0cc3ac0 JavaThread "Notification Thread"        daemon [_thread_blocked, id=20924, stack(0x0000003c44a00000,0x0000003c44b00000) (1024K)]
  0x00000151f65cd940 JavaThread "RMI TCP Accept-0"           daemon [_thread_in_native, id=18668, stack(0x0000003c44c00000,0x0000003c44d00000) (1024K)]
  0x00000151f66fd8a0 JavaThread "RMI TCP Accept-1099"        daemon [_thread_in_native, id=12960, stack(0x0000003c44d00000,0x0000003c44e00000) (1024K)]
  0x00000151f65428b0 JavaThread "RMI TCP Accept-0"           daemon [_thread_in_native, id=1124, stack(0x0000003c44e00000,0x0000003c44f00000) (1024K)]
  0x00000151f74a85a0 JavaThread "RMI TCP Connection(1)-127.0.0.1" daemon [_thread_in_native, id=10696, stack(0x0000003c45600000,0x0000003c45700000) (1024K)]
  0x00000151f6e7a4e0 JavaThread "AsyncFileHandlerWriter-1"   daemon [_thread_blocked, id=18012, stack(0x0000003c45700000,0x0000003c45800000) (1024K)]
  0x00000151f72e0640 JavaThread "RMI Scheduler(0)"           daemon [_thread_blocked, id=12976, stack(0x0000003c45800000,0x0000003c45900000) (1024K)]
  0x00000151f76ced70 JavaThread "RMI TCP Connection(idle)"   daemon [_thread_blocked, id=13516, stack(0x0000003c45900000,0x0000003c45a00000) (1024K)]
  0x00000151f76d0e40 JavaThread "mysql-cj-abandoned-connection-cleanup" daemon [_thread_blocked, id=16720, stack(0x0000003c45a00000,0x0000003c45b00000) (1024K)]
  0x00000151f76ce050 JavaThread "RetryTimer"                 daemon [_thread_blocked, id=19180, stack(0x0000003c45b00000,0x0000003c45c00000) (1024K)]
  0x00000151f76d14d0 JavaThread "Tomcat JDBC Pool Cleaner[1889248251:1743614142832]" daemon [_thread_blocked, id=17248, stack(0x0000003c45c00000,0x0000003c45d00000) (1024K)]
  0x00000151f76ce6e0 JavaThread "DelayedCachedOutputStreamCleaner" daemon [_thread_blocked, id=7504, stack(0x0000003c45e00000,0x0000003c45f00000) (1024K)]
  0x00000151f76d07b0 JavaThread "Catalina-utility-1"                [_thread_blocked, id=7228, stack(0x0000003c45f00000,0x0000003c46000000) (1024K)]
  0x00000151f76cf400 JavaThread "Catalina-utility-2"                [_thread_blocked, id=9100, stack(0x0000003c46000000,0x0000003c46100000) (1024K)]
  0x00000151f79c0ee0 JavaThread "http-nio-8080-exec-1"       daemon [_thread_blocked, id=20776, stack(0x0000003c46100000,0x0000003c46200000) (1024K)]
  0x00000151f79bee10 JavaThread "http-nio-8080-exec-2"       daemon [_thread_blocked, id=17904, stack(0x0000003c46200000,0x0000003c46300000) (1024K)]
  0x00000151f79c1c00 JavaThread "http-nio-8080-exec-3"       daemon [_thread_blocked, id=12464, stack(0x0000003c46300000,0x0000003c46400000) (1024K)]
  0x00000151f79be780 JavaThread "http-nio-8080-exec-4"       daemon [_thread_blocked, id=10448, stack(0x0000003c46400000,0x0000003c46500000) (1024K)]
  0x00000151f79c3640 JavaThread "http-nio-8080-exec-5"       daemon [_thread_blocked, id=15068, stack(0x0000003c46500000,0x0000003c46600000) (1024K)]
  0x00000151f79c3cd0 JavaThread "http-nio-8080-exec-6"       daemon [_thread_blocked, id=7848, stack(0x0000003c46600000,0x0000003c46700000) (1024K)]
  0x00000151f79c4360 JavaThread "http-nio-8080-exec-7"       daemon [_thread_blocked, id=9876, stack(0x0000003c46700000,0x0000003c46800000) (1024K)]
  0x00000151f79c1570 JavaThread "http-nio-8080-exec-8"       daemon [_thread_blocked, id=5636, stack(0x0000003c46800000,0x0000003c46900000) (1024K)]
  0x00000151f79bfb30 JavaThread "http-nio-8080-exec-9"       daemon [_thread_blocked, id=15136, stack(0x0000003c46900000,0x0000003c46a00000) (1024K)]
  0x00000151f79c49f0 JavaThread "http-nio-8080-exec-10"      daemon [_thread_blocked, id=20624, stack(0x0000003c46a00000,0x0000003c46b00000) (1024K)]
  0x00000151f79c2920 JavaThread "http-nio-8080-Poller"       daemon [_thread_in_native, id=12012, stack(0x0000003c46b00000,0x0000003c46c00000) (1024K)]
  0x00000151f79bda60 JavaThread "http-nio-8080-Acceptor"     daemon [_thread_in_native, id=9764, stack(0x0000003c46c00000,0x0000003c46d00000) (1024K)]
  0x00000151f79c01c0 JavaThread "Thread-24"                  daemon [_thread_blocked, id=7264, stack(0x0000003c44800000,0x0000003c44900000) (1024K)]
  0x00000151f76cfa90 JavaThread "mysql-cj-abandoned-connection-cleanup" daemon [_thread_blocked, id=10724, stack(0x0000003c46e00000,0x0000003c46f00000) (1024K)]
  0x00000151f79c2290 JavaThread "RMI TCP Connection(3)-127.0.0.1" daemon [_thread_in_native, id=4352, stack(0x0000003c46f00000,0x0000003c47000000) (1024K)]
  0x00000151f79c5080 JavaThread "Default Stateless Container - 1" daemon [_thread_blocked, id=18940, stack(0x0000003c47000000,0x0000003c47100000) (1024K)]
  0x00000151f7443850 JavaThread "C2 CompilerThread1"         daemon [_thread_blocked, id=19656, stack(0x0000003c44b00000,0x0000003c44c00000) (1024K)]
  0x00000151f7444cc0 JavaThread "C2 CompilerThread2"         daemon [_thread_blocked, id=4484, stack(0x0000003c46d00000,0x0000003c46e00000) (1024K)]
Total: 43

Other Threads:
  0x00000151b081aa80 VMThread "VM Thread"                           [id=16696, stack(0x0000003c43e00000,0x0000003c43f00000) (1024K)]
  0x00000151b080b8b0 WatcherThread "VM Periodic Task Thread"        [id=19224, stack(0x0000003c43d00000,0x0000003c43e00000) (1024K)]
  0x000001518f85bfa0 WorkerThread "GC Thread#0"                     [id=1600, stack(0x0000003c43800000,0x0000003c43900000) (1024K)]
  0x00000151f61f5cf0 WorkerThread "GC Thread#1"                     [id=12944, stack(0x0000003c44f00000,0x0000003c45000000) (1024K)]
  0x00000151f61f6090 WorkerThread "GC Thread#2"                     [id=11908, stack(0x0000003c45000000,0x0000003c45100000) (1024K)]
  0x00000151f6574810 WorkerThread "GC Thread#3"                     [id=20160, stack(0x0000003c45100000,0x0000003c45200000) (1024K)]
  0x00000151f6574bb0 WorkerThread "GC Thread#4"                     [id=17812, stack(0x0000003c45200000,0x0000003c45300000) (1024K)]
  0x00000151f6574f50 WorkerThread "GC Thread#5"                     [id=6260, stack(0x0000003c45300000,0x0000003c45400000) (1024K)]
  0x00000151f64a3070 WorkerThread "GC Thread#6"                     [id=18316, stack(0x0000003c45400000,0x0000003c45500000) (1024K)]
  0x00000151f64a3410 WorkerThread "GC Thread#7"                     [id=9936, stack(0x0000003c45500000,0x0000003c45600000) (1024K)]
  0x000001518f86cb10 ConcurrentGCThread "G1 Main Marker"            [id=2800, stack(0x0000003c43900000,0x0000003c43a00000) (1024K)]
  0x000001518f86ebd0 WorkerThread "G1 Conc#0"                       [id=15868, stack(0x0000003c43a00000,0x0000003c43b00000) (1024K)]
  0x00000151f7d0b840 WorkerThread "G1 Conc#1"                       [id=13628, stack(0x0000003c45d00000,0x0000003c45e00000) (1024K)]
  0x00000151b06dd560 ConcurrentGCThread "G1 Refine#0"               [id=2392, stack(0x0000003c43b00000,0x0000003c43c00000) (1024K)]
  0x00000151b06ddd80 ConcurrentGCThread "G1 Service"                [id=20276, stack(0x0000003c43c00000,0x0000003c43d00000) (1024K)]
Total: 15

Threads with active compile tasks:
C2 CompilerThread0    18654 7898       4       org.eclipse.jdt.internal.compiler.lookup.BinaryTypeBinding::createMethod (1719 bytes)
Total: 1

VM state: not at safepoint (normal execution)

VM Mutex/Monitor currently owned by a thread: None

Heap address: 0x0000000704200000, size: 4030 MB, Compressed Oops mode: Zero based, Oop shift amount: 3

CDS archive(s) mapped at: [0x00000151b1000000-0x00000151b1c90000-0x00000151b1c90000), size 13172736, SharedBaseAddress: 0x00000151b1000000, ArchiveRelocationMode: 1.
Compressed class space mapped at: 0x00000151b2000000-0x00000151f2000000, reserved size: 1073741824
Narrow klass base: 0x00000151b1000000, Narrow klass shift: 0, Narrow klass range: 0x100000000

GC Precious Log:
 CardTable entry size: 512
 Card Set container configuration: InlinePtr #cards 4 size 8 Array Of Cards #cards 16 size 48 Howl #buckets 8 coarsen threshold 3686 Howl Bitmap #cards 512 size 80 coarsen threshold 460 Card regions per heap region 1 cards per card region 4096
 CPUs: 8 total, 8 available
 Memory: 16118M
 Large Page Support: Disabled
 NUMA Support: Disabled
 Compressed Oops: Enabled (Zero based)
 Heap Region Size: 2M
 Heap Min Capacity: 8M
 Heap Initial Capacity: 252M
 Heap Max Capacity: 4030M
 Pre-touch: Disabled
 Parallel Workers: 8
 Concurrent Workers: 2
 Concurrent Refinement Workers: 8
 Periodic GC: Disabled

Heap:
 garbage-first heap   total 378880K, used 182435K [0x0000000704200000, 0x0000000800000000)
  region size 2048K, 45 young (92160K), 7 survivors (14336K)
 Metaspace       used 71393K, committed 72192K, reserved 1114112K
  class space    used 7639K, committed 8000K, reserved 1048576K

Heap Regions: E=young(eden), S=young(survivor), O=old, HS=humongous(starts), HC=humongous(continues), CS=collection set, F=free, TAMS=top-at-mark-start, PB=parsable bottom
|   0|0x0000000704200000, 0x00000007043ffff8, 0x0000000704400000| 99%| O|  |TAMS 0x0000000704200000| PB 0x0000000704200000| Untracked 
|   1|0x0000000704400000, 0x00000007045ed3b8, 0x0000000704600000| 96%| O|  |TAMS 0x0000000704400000| PB 0x0000000704400000| Untracked 
|   2|0x0000000704600000, 0x00000007047dd058, 0x0000000704800000| 93%| O|  |TAMS 0x0000000704600000| PB 0x0000000704600000| Untracked 
|   3|0x0000000704800000, 0x0000000704a00000, 0x0000000704a00000|100%| O|  |TAMS 0x0000000704800000| PB 0x0000000704800000| Untracked 
|   4|0x0000000704a00000, 0x0000000704c00000, 0x0000000704c00000|100%| O|  |TAMS 0x0000000704a00000| PB 0x0000000704a00000| Untracked 
|   5|0x0000000704c00000, 0x0000000704dff880, 0x0000000704e00000| 99%| O|  |TAMS 0x0000000704c00000| PB 0x0000000704c00000| Untracked 
|   6|0x0000000704e00000, 0x0000000705000000, 0x0000000705000000|100%| O|  |TAMS 0x0000000704e00000| PB 0x0000000704e00000| Untracked 
|   7|0x0000000705000000, 0x0000000705200000, 0x0000000705200000|100%| O|  |TAMS 0x0000000705000000| PB 0x0000000705000000| Untracked 
|   8|0x0000000705200000, 0x0000000705400000, 0x0000000705400000|100%| O|  |TAMS 0x0000000705200000| PB 0x0000000705200000| Untracked 
|   9|0x0000000705400000, 0x0000000705600000, 0x0000000705600000|100%| O|  |TAMS 0x0000000705400000| PB 0x0000000705400000| Untracked 
|  10|0x0000000705600000, 0x0000000705800000, 0x0000000705800000|100%| O|  |TAMS 0x0000000705600000| PB 0x0000000705600000| Untracked 
|  11|0x0000000705800000, 0x0000000705a00000, 0x0000000705a00000|100%| O|Cm|TAMS 0x0000000705800000| PB 0x0000000705800000| Complete 
|  12|0x0000000705a00000, 0x0000000705c00000, 0x0000000705c00000|100%| O|  |TAMS 0x0000000705a00000| PB 0x0000000705a00000| Untracked 
|  13|0x0000000705c00000, 0x0000000705c00000, 0x0000000705e00000|  0%| F|  |TAMS 0x0000000705c00000| PB 0x0000000705c00000| Untracked 
|  14|0x0000000705e00000, 0x0000000706000000, 0x0000000706000000|100%| O|Cm|TAMS 0x0000000705e00000| PB 0x0000000705e00000| Complete 
|  15|0x0000000706000000, 0x0000000706200000, 0x0000000706200000|100%| O|  |TAMS 0x0000000706000000| PB 0x0000000706000000| Untracked 
|  16|0x0000000706200000, 0x0000000706400000, 0x0000000706400000|100%| O|  |TAMS 0x0000000706200000| PB 0x0000000706200000| Untracked 
|  17|0x0000000706400000, 0x0000000706600000, 0x0000000706600000|100%| O|  |TAMS 0x0000000706400000| PB 0x0000000706400000| Untracked 
|  18|0x0000000706600000, 0x0000000706800000, 0x0000000706800000|100%| O|  |TAMS 0x0000000706600000| PB 0x0000000706600000| Untracked 
|  19|0x0000000706800000, 0x0000000706a00000, 0x0000000706a00000|100%| O|  |TAMS 0x0000000706800000| PB 0x0000000706800000| Untracked 
|  20|0x0000000706a00000, 0x0000000706c00000, 0x0000000706c00000|100%| O|  |TAMS 0x0000000706a00000| PB 0x0000000706a00000| Untracked 
|  21|0x0000000706c00000, 0x0000000706e00000, 0x0000000706e00000|100%| O|  |TAMS 0x0000000706c00000| PB 0x0000000706c00000| Untracked 
|  22|0x0000000706e00000, 0x0000000707000000, 0x0000000707000000|100%| O|  |TAMS 0x0000000706e00000| PB 0x0000000706e00000| Untracked 
|  23|0x0000000707000000, 0x0000000707200000, 0x0000000707200000|100%| O|  |TAMS 0x0000000707000000| PB 0x0000000707000000| Untracked 
|  24|0x0000000707200000, 0x0000000707400000, 0x0000000707400000|100%| O|  |TAMS 0x0000000707200000| PB 0x0000000707200000| Untracked 
|  25|0x0000000707400000, 0x0000000707600000, 0x0000000707600000|100%| O|  |TAMS 0x0000000707400000| PB 0x0000000707400000| Untracked 
|  26|0x0000000707600000, 0x0000000707800000, 0x0000000707800000|100%| O|  |TAMS 0x0000000707600000| PB 0x0000000707600000| Untracked 
|  27|0x0000000707800000, 0x0000000707a00000, 0x0000000707a00000|100%| O|  |TAMS 0x0000000707800000| PB 0x0000000707800000| Untracked 
|  28|0x0000000707a00000, 0x0000000707c00000, 0x0000000707c00000|100%| O|  |TAMS 0x0000000707a00000| PB 0x0000000707a00000| Untracked 
|  29|0x0000000707c00000, 0x0000000707e00000, 0x0000000707e00000|100%| O|  |TAMS 0x0000000707c00000| PB 0x0000000707c00000| Untracked 
|  30|0x0000000707e00000, 0x0000000708000000, 0x0000000708000000|100%| O|  |TAMS 0x0000000707e00000| PB 0x0000000707e00000| Untracked 
|  31|0x0000000708000000, 0x0000000708200000, 0x0000000708200000|100%| O|  |TAMS 0x0000000708000000| PB 0x0000000708000000| Untracked 
|  32|0x0000000708200000, 0x0000000708400000, 0x0000000708400000|100%| O|  |TAMS 0x0000000708200000| PB 0x0000000708200000| Untracked 
|  33|0x0000000708400000, 0x0000000708600000, 0x0000000708600000|100%| O|  |TAMS 0x0000000708400000| PB 0x0000000708400000| Untracked 
|  34|0x0000000708600000, 0x0000000708800000, 0x0000000708800000|100%| O|  |TAMS 0x0000000708600000| PB 0x0000000708600000| Untracked 
|  35|0x0000000708800000, 0x0000000708a00000, 0x0000000708a00000|100%| O|  |TAMS 0x0000000708800000| PB 0x0000000708800000| Untracked 
|  36|0x0000000708a00000, 0x0000000708c00000, 0x0000000708c00000|100%| O|  |TAMS 0x0000000708a00000| PB 0x0000000708a00000| Untracked 
|  37|0x0000000708c00000, 0x0000000708e00000, 0x0000000708e00000|100%| O|  |TAMS 0x0000000708c00000| PB 0x0000000708c00000| Untracked 
|  38|0x0000000708e00000, 0x0000000709000000, 0x0000000709000000|100%| O|  |TAMS 0x0000000708e00000| PB 0x0000000708e00000| Untracked 
|  39|0x0000000709000000, 0x0000000709200000, 0x0000000709200000|100%| O|  |TAMS 0x0000000709000000| PB 0x0000000709000000| Untracked 
|  40|0x0000000709200000, 0x0000000709400000, 0x0000000709400000|100%| O|  |TAMS 0x0000000709200000| PB 0x0000000709200000| Untracked 
|  41|0x0000000709400000, 0x0000000709400000, 0x0000000709600000|  0%| F|  |TAMS 0x0000000709400000| PB 0x0000000709400000| Untracked 
|  42|0x0000000709600000, 0x0000000709600000, 0x0000000709800000|  0%| F|  |TAMS 0x0000000709600000| PB 0x0000000709600000| Untracked 
|  43|0x0000000709800000, 0x0000000709800000, 0x0000000709a00000|  0%| F|  |TAMS 0x0000000709800000| PB 0x0000000709800000| Untracked 
|  44|0x0000000709a00000, 0x0000000709a00000, 0x0000000709c00000|  0%| F|  |TAMS 0x0000000709a00000| PB 0x0000000709a00000| Untracked 
|  45|0x0000000709c00000, 0x0000000709c00000, 0x0000000709e00000|  0%| F|  |TAMS 0x0000000709c00000| PB 0x0000000709c00000| Untracked 
|  46|0x0000000709e00000, 0x0000000709e00000, 0x000000070a000000|  0%| F|  |TAMS 0x0000000709e00000| PB 0x0000000709e00000| Untracked 
|  47|0x000000070a000000, 0x000000070a200000, 0x000000070a200000|100%| O|  |TAMS 0x000000070a000000| PB 0x000000070a000000| Untracked 
|  48|0x000000070a200000, 0x000000070a400000, 0x000000070a400000|100%| O|  |TAMS 0x000000070a200000| PB 0x000000070a200000| Untracked 
|  49|0x000000070a400000, 0x000000070a600000, 0x000000070a600000|100%| O|  |TAMS 0x000000070a400000| PB 0x000000070a400000| Untracked 
|  50|0x000000070a600000, 0x000000070a800000, 0x000000070a800000|100%| O|  |TAMS 0x000000070a600000| PB 0x000000070a600000| Untracked 
|  51|0x000000070a800000, 0x000000070aa00000, 0x000000070aa00000|100%| O|  |TAMS 0x000000070a800000| PB 0x000000070a800000| Untracked 
|  52|0x000000070aa00000, 0x000000070ac00000, 0x000000070ac00000|100%| O|  |TAMS 0x000000070aa00000| PB 0x000000070aa00000| Untracked 
|  53|0x000000070ac00000, 0x000000070ac00000, 0x000000070ae00000|  0%| F|  |TAMS 0x000000070ac00000| PB 0x000000070ac00000| Untracked 
|  54|0x000000070ae00000, 0x000000070ae00000, 0x000000070b000000|  0%| F|  |TAMS 0x000000070ae00000| PB 0x000000070ae00000| Untracked 
|  55|0x000000070b000000, 0x000000070b000000, 0x000000070b200000|  0%| F|  |TAMS 0x000000070b000000| PB 0x000000070b000000| Untracked 
|  56|0x000000070b200000, 0x000000070b400000, 0x000000070b400000|100%| O|  |TAMS 0x000000070b200000| PB 0x000000070b200000| Untracked 
|  57|0x000000070b400000, 0x000000070b400000, 0x000000070b600000|  0%| F|  |TAMS 0x000000070b400000| PB 0x000000070b400000| Untracked 
|  58|0x000000070b600000, 0x000000070b600000, 0x000000070b800000|  0%| F|  |TAMS 0x000000070b600000| PB 0x000000070b600000| Untracked 
|  59|0x000000070b800000, 0x000000070b800000, 0x000000070ba00000|  0%| F|  |TAMS 0x000000070b800000| PB 0x000000070b800000| Untracked 
|  60|0x000000070ba00000, 0x000000070ba00000, 0x000000070bc00000|  0%| F|  |TAMS 0x000000070ba00000| PB 0x000000070ba00000| Untracked 
|  61|0x000000070bc00000, 0x000000070bc00000, 0x000000070be00000|  0%| F|  |TAMS 0x000000070bc00000| PB 0x000000070bc00000| Untracked 
|  62|0x000000070be00000, 0x000000070be00000, 0x000000070c000000|  0%| F|  |TAMS 0x000000070be00000| PB 0x000000070be00000| Untracked 
|  63|0x000000070c000000, 0x000000070c000000, 0x000000070c200000|  0%| F|  |TAMS 0x000000070c000000| PB 0x000000070c000000| Untracked 
|  64|0x000000070c200000, 0x000000070c200000, 0x000000070c400000|  0%| F|  |TAMS 0x000000070c200000| PB 0x000000070c200000| Untracked 
|  65|0x000000070c400000, 0x000000070c400000, 0x000000070c600000|  0%| F|  |TAMS 0x000000070c400000| PB 0x000000070c400000| Untracked 
|  66|0x000000070c600000, 0x000000070c600000, 0x000000070c800000|  0%| F|  |TAMS 0x000000070c600000| PB 0x000000070c600000| Untracked 
|  67|0x000000070c800000, 0x000000070c800000, 0x000000070ca00000|  0%| F|  |TAMS 0x000000070c800000| PB 0x000000070c800000| Untracked 
|  68|0x000000070ca00000, 0x000000070ca00000, 0x000000070cc00000|  0%| F|  |TAMS 0x000000070ca00000| PB 0x000000070ca00000| Untracked 
|  69|0x000000070cc00000, 0x000000070cc00000, 0x000000070ce00000|  0%| F|  |TAMS 0x000000070cc00000| PB 0x000000070cc00000| Untracked 
|  70|0x000000070ce00000, 0x000000070ce00000, 0x000000070d000000|  0%| F|  |TAMS 0x000000070ce00000| PB 0x000000070ce00000| Untracked 
|  71|0x000000070d000000, 0x000000070d000000, 0x000000070d200000|  0%| F|  |TAMS 0x000000070d000000| PB 0x000000070d000000| Untracked 
|  72|0x000000070d200000, 0x000000070d200000, 0x000000070d400000|  0%| F|  |TAMS 0x000000070d200000| PB 0x000000070d200000| Untracked 
|  73|0x000000070d400000, 0x000000070d400000, 0x000000070d600000|  0%| F|  |TAMS 0x000000070d400000| PB 0x000000070d400000| Untracked 
|  74|0x000000070d600000, 0x000000070d600000, 0x000000070d800000|  0%| F|  |TAMS 0x000000070d600000| PB 0x000000070d600000| Untracked 
|  75|0x000000070d800000, 0x000000070d800000, 0x000000070da00000|  0%| F|  |TAMS 0x000000070d800000| PB 0x000000070d800000| Untracked 
|  76|0x000000070da00000, 0x000000070da00000, 0x000000070dc00000|  0%| F|  |TAMS 0x000000070da00000| PB 0x000000070da00000| Untracked 
|  77|0x000000070dc00000, 0x000000070dc00000, 0x000000070de00000|  0%| F|  |TAMS 0x000000070dc00000| PB 0x000000070dc00000| Untracked 
|  78|0x000000070de00000, 0x000000070de00000, 0x000000070e000000|  0%| F|  |TAMS 0x000000070de00000| PB 0x000000070de00000| Untracked 
|  79|0x000000070e000000, 0x000000070e000000, 0x000000070e200000|  0%| F|  |TAMS 0x000000070e000000| PB 0x000000070e000000| Untracked 
|  80|0x000000070e200000, 0x000000070e200000, 0x000000070e400000|  0%| F|  |TAMS 0x000000070e200000| PB 0x000000070e200000| Untracked 
|  81|0x000000070e400000, 0x000000070e400000, 0x000000070e600000|  0%| F|  |TAMS 0x000000070e400000| PB 0x000000070e400000| Untracked 
|  82|0x000000070e600000, 0x000000070e600000, 0x000000070e800000|  0%| F|  |TAMS 0x000000070e600000| PB 0x000000070e600000| Untracked 
|  83|0x000000070e800000, 0x000000070e800000, 0x000000070ea00000|  0%| F|  |TAMS 0x000000070e800000| PB 0x000000070e800000| Untracked 
|  84|0x000000070ea00000, 0x000000070ea00000, 0x000000070ec00000|  0%| F|  |TAMS 0x000000070ea00000| PB 0x000000070ea00000| Untracked 
|  85|0x000000070ec00000, 0x000000070ec00000, 0x000000070ee00000|  0%| F|  |TAMS 0x000000070ec00000| PB 0x000000070ec00000| Untracked 
|  86|0x000000070ee00000, 0x000000070ee00000, 0x000000070f000000|  0%| F|  |TAMS 0x000000070ee00000| PB 0x000000070ee00000| Untracked 
|  87|0x000000070f000000, 0x000000070f000000, 0x000000070f200000|  0%| F|  |TAMS 0x000000070f000000| PB 0x000000070f000000| Untracked 
|  88|0x000000070f200000, 0x000000070f200000, 0x000000070f400000|  0%| F|  |TAMS 0x000000070f200000| PB 0x000000070f200000| Untracked 
|  89|0x000000070f400000, 0x000000070f400000, 0x000000070f600000|  0%| F|  |TAMS 0x000000070f400000| PB 0x000000070f400000| Untracked 
|  90|0x000000070f600000, 0x000000070f600000, 0x000000070f800000|  0%| F|  |TAMS 0x000000070f600000| PB 0x000000070f600000| Untracked 
|  91|0x000000070f800000, 0x000000070f800000, 0x000000070fa00000|  0%| F|  |TAMS 0x000000070f800000| PB 0x000000070f800000| Untracked 
|  92|0x000000070fa00000, 0x000000070fa00000, 0x000000070fc00000|  0%| F|  |TAMS 0x000000070fa00000| PB 0x000000070fa00000| Untracked 
|  93|0x000000070fc00000, 0x000000070fc00000, 0x000000070fe00000|  0%| F|  |TAMS 0x000000070fc00000| PB 0x000000070fc00000| Untracked 
|  94|0x000000070fe00000, 0x000000070fe00000, 0x0000000710000000|  0%| F|  |TAMS 0x000000070fe00000| PB 0x000000070fe00000| Untracked 
|  95|0x0000000710000000, 0x0000000710000000, 0x0000000710200000|  0%| F|  |TAMS 0x0000000710000000| PB 0x0000000710000000| Untracked 
|  96|0x0000000710200000, 0x0000000710200000, 0x0000000710400000|  0%| F|  |TAMS 0x0000000710200000| PB 0x0000000710200000| Untracked 
|  97|0x0000000710400000, 0x0000000710400000, 0x0000000710600000|  0%| F|  |TAMS 0x0000000710400000| PB 0x0000000710400000| Untracked 
|  98|0x0000000710600000, 0x0000000710600000, 0x0000000710800000|  0%| F|  |TAMS 0x0000000710600000| PB 0x0000000710600000| Untracked 
|  99|0x0000000710800000, 0x0000000710800000, 0x0000000710a00000|  0%| F|  |TAMS 0x0000000710800000| PB 0x0000000710800000| Untracked 
| 100|0x0000000710a00000, 0x0000000710a00000, 0x0000000710c00000|  0%| F|  |TAMS 0x0000000710a00000| PB 0x0000000710a00000| Untracked 
| 101|0x0000000710c00000, 0x0000000710c00000, 0x0000000710e00000|  0%| F|  |TAMS 0x0000000710c00000| PB 0x0000000710c00000| Untracked 
| 102|0x0000000710e00000, 0x0000000710e00000, 0x0000000711000000|  0%| F|  |TAMS 0x0000000710e00000| PB 0x0000000710e00000| Untracked 
| 103|0x0000000711000000, 0x0000000711000000, 0x0000000711200000|  0%| F|  |TAMS 0x0000000711000000| PB 0x0000000711000000| Untracked 
| 104|0x0000000711200000, 0x0000000711200000, 0x0000000711400000|  0%| F|  |TAMS 0x0000000711200000| PB 0x0000000711200000| Untracked 
| 105|0x0000000711400000, 0x0000000711400000, 0x0000000711600000|  0%| F|  |TAMS 0x0000000711400000| PB 0x0000000711400000| Untracked 
| 106|0x0000000711600000, 0x0000000711600000, 0x0000000711800000|  0%| F|  |TAMS 0x0000000711600000| PB 0x0000000711600000| Untracked 
| 107|0x0000000711800000, 0x0000000711800000, 0x0000000711a00000|  0%| F|  |TAMS 0x0000000711800000| PB 0x0000000711800000| Untracked 
| 108|0x0000000711a00000, 0x0000000711a00000, 0x0000000711c00000|  0%| F|  |TAMS 0x0000000711a00000| PB 0x0000000711a00000| Untracked 
| 109|0x0000000711c00000, 0x0000000711c00000, 0x0000000711e00000|  0%| F|  |TAMS 0x0000000711c00000| PB 0x0000000711c00000| Untracked 
| 110|0x0000000711e00000, 0x0000000711e00000, 0x0000000712000000|  0%| F|  |TAMS 0x0000000711e00000| PB 0x0000000711e00000| Untracked 
| 111|0x0000000712000000, 0x0000000712000000, 0x0000000712200000|  0%| F|  |TAMS 0x0000000712000000| PB 0x0000000712000000| Untracked 
| 112|0x0000000712200000, 0x0000000712200000, 0x0000000712400000|  0%| F|  |TAMS 0x0000000712200000| PB 0x0000000712200000| Untracked 
| 113|0x0000000712400000, 0x0000000712400000, 0x0000000712600000|  0%| F|  |TAMS 0x0000000712400000| PB 0x0000000712400000| Untracked 
| 114|0x0000000712600000, 0x0000000712600000, 0x0000000712800000|  0%| F|  |TAMS 0x0000000712600000| PB 0x0000000712600000| Untracked 
| 115|0x0000000712800000, 0x0000000712800000, 0x0000000712a00000|  0%| F|  |TAMS 0x0000000712800000| PB 0x0000000712800000| Untracked 
| 116|0x0000000712a00000, 0x0000000712a00000, 0x0000000712c00000|  0%| F|  |TAMS 0x0000000712a00000| PB 0x0000000712a00000| Untracked 
| 117|0x0000000712c00000, 0x0000000712c00000, 0x0000000712e00000|  0%| F|  |TAMS 0x0000000712c00000| PB 0x0000000712c00000| Untracked 
| 118|0x0000000712e00000, 0x0000000712e00000, 0x0000000713000000|  0%| F|  |TAMS 0x0000000712e00000| PB 0x0000000712e00000| Untracked 
| 119|0x0000000713000000, 0x0000000713000000, 0x0000000713200000|  0%| F|  |TAMS 0x0000000713000000| PB 0x0000000713000000| Untracked 
| 120|0x0000000713200000, 0x0000000713200000, 0x0000000713400000|  0%| F|  |TAMS 0x0000000713200000| PB 0x0000000713200000| Untracked 
| 121|0x0000000713400000, 0x0000000713400000, 0x0000000713600000|  0%| F|  |TAMS 0x0000000713400000| PB 0x0000000713400000| Untracked 
| 122|0x0000000713600000, 0x0000000713600000, 0x0000000713800000|  0%| F|  |TAMS 0x0000000713600000| PB 0x0000000713600000| Untracked 
| 123|0x0000000713800000, 0x0000000713800000, 0x0000000713a00000|  0%| F|  |TAMS 0x0000000713800000| PB 0x0000000713800000| Untracked 
| 124|0x0000000713a00000, 0x0000000713a00000, 0x0000000713c00000|  0%| F|  |TAMS 0x0000000713a00000| PB 0x0000000713a00000| Untracked 
| 125|0x0000000713c00000, 0x0000000713c00000, 0x0000000713e00000|  0%| F|  |TAMS 0x0000000713c00000| PB 0x0000000713c00000| Untracked 
| 126|0x0000000713e00000, 0x0000000713e00000, 0x0000000714000000|  0%| F|  |TAMS 0x0000000713e00000| PB 0x0000000713e00000| Untracked 
| 127|0x0000000714000000, 0x0000000714000000, 0x0000000714200000|  0%| F|  |TAMS 0x0000000714000000| PB 0x0000000714000000| Untracked 
| 128|0x0000000714200000, 0x000000071425f150, 0x0000000714400000| 18%| S|CS|TAMS 0x0000000714200000| PB 0x0000000714200000| Complete 
| 129|0x0000000714400000, 0x0000000714600000, 0x0000000714600000|100%| S|CS|TAMS 0x0000000714400000| PB 0x0000000714400000| Complete 
| 130|0x0000000714600000, 0x0000000714800000, 0x0000000714800000|100%| S|CS|TAMS 0x0000000714600000| PB 0x0000000714600000| Complete 
| 131|0x0000000714800000, 0x0000000714a00000, 0x0000000714a00000|100%| S|CS|TAMS 0x0000000714800000| PB 0x0000000714800000| Complete 
| 132|0x0000000714a00000, 0x0000000714c00000, 0x0000000714c00000|100%| S|CS|TAMS 0x0000000714a00000| PB 0x0000000714a00000| Complete 
| 133|0x0000000714c00000, 0x0000000714e00000, 0x0000000714e00000|100%| S|CS|TAMS 0x0000000714c00000| PB 0x0000000714c00000| Complete 
| 134|0x0000000714e00000, 0x0000000715000000, 0x0000000715000000|100%| S|CS|TAMS 0x0000000714e00000| PB 0x0000000714e00000| Complete 
| 135|0x0000000715000000, 0x0000000715000000, 0x0000000715200000|  0%| F|  |TAMS 0x0000000715000000| PB 0x0000000715000000| Untracked 
| 136|0x0000000715200000, 0x0000000715200000, 0x0000000715400000|  0%| F|  |TAMS 0x0000000715200000| PB 0x0000000715200000| Untracked 
| 137|0x0000000715400000, 0x0000000715400000, 0x0000000715600000|  0%| F|  |TAMS 0x0000000715400000| PB 0x0000000715400000| Untracked 
| 138|0x0000000715600000, 0x0000000715600000, 0x0000000715800000|  0%| F|  |TAMS 0x0000000715600000| PB 0x0000000715600000| Untracked 
| 139|0x0000000715800000, 0x0000000715800000, 0x0000000715a00000|  0%| F|  |TAMS 0x0000000715800000| PB 0x0000000715800000| Untracked 
| 140|0x0000000715a00000, 0x0000000715a00000, 0x0000000715c00000|  0%| F|  |TAMS 0x0000000715a00000| PB 0x0000000715a00000| Untracked 
| 141|0x0000000715c00000, 0x0000000715c00000, 0x0000000715e00000|  0%| F|  |TAMS 0x0000000715c00000| PB 0x0000000715c00000| Untracked 
| 142|0x0000000715e00000, 0x0000000715e00000, 0x0000000716000000|  0%| F|  |TAMS 0x0000000715e00000| PB 0x0000000715e00000| Untracked 
| 143|0x0000000716000000, 0x0000000716000000, 0x0000000716200000|  0%| F|  |TAMS 0x0000000716000000| PB 0x0000000716000000| Untracked 
| 144|0x0000000716200000, 0x0000000716200000, 0x0000000716400000|  0%| F|  |TAMS 0x0000000716200000| PB 0x0000000716200000| Untracked 
| 145|0x0000000716400000, 0x0000000716400000, 0x0000000716600000|  0%| F|  |TAMS 0x0000000716400000| PB 0x0000000716400000| Untracked 
| 146|0x0000000716600000, 0x0000000716600000, 0x0000000716800000|  0%| F|  |TAMS 0x0000000716600000| PB 0x0000000716600000| Untracked 
| 147|0x0000000716800000, 0x0000000716a00000, 0x0000000716a00000|100%| E|  |TAMS 0x0000000716800000| PB 0x0000000716800000| Complete 
| 148|0x0000000716a00000, 0x0000000716c00000, 0x0000000716c00000|100%| E|CS|TAMS 0x0000000716a00000| PB 0x0000000716a00000| Complete 
| 149|0x0000000716c00000, 0x0000000716e00000, 0x0000000716e00000|100%| E|CS|TAMS 0x0000000716c00000| PB 0x0000000716c00000| Complete 
| 150|0x0000000716e00000, 0x0000000717000000, 0x0000000717000000|100%| E|CS|TAMS 0x0000000716e00000| PB 0x0000000716e00000| Complete 
| 151|0x0000000717000000, 0x0000000717200000, 0x0000000717200000|100%| E|CS|TAMS 0x0000000717000000| PB 0x0000000717000000| Complete 
| 152|0x0000000717200000, 0x0000000717400000, 0x0000000717400000|100%| E|CS|TAMS 0x0000000717200000| PB 0x0000000717200000| Complete 
| 153|0x0000000717400000, 0x0000000717600000, 0x0000000717600000|100%| E|CS|TAMS 0x0000000717400000| PB 0x0000000717400000| Complete 
| 154|0x0000000717600000, 0x0000000717800000, 0x0000000717800000|100%| E|CS|TAMS 0x0000000717600000| PB 0x0000000717600000| Complete 
| 155|0x0000000717800000, 0x0000000717a00000, 0x0000000717a00000|100%| E|CS|TAMS 0x0000000717800000| PB 0x0000000717800000| Complete 
| 156|0x0000000717a00000, 0x0000000717c00000, 0x0000000717c00000|100%| E|CS|TAMS 0x0000000717a00000| PB 0x0000000717a00000| Complete 
| 157|0x0000000717c00000, 0x0000000717e00000, 0x0000000717e00000|100%| E|CS|TAMS 0x0000000717c00000| PB 0x0000000717c00000| Complete 
| 158|0x0000000717e00000, 0x0000000718000000, 0x0000000718000000|100%| E|CS|TAMS 0x0000000717e00000| PB 0x0000000717e00000| Complete 
| 159|0x0000000718000000, 0x0000000718200000, 0x0000000718200000|100%| E|CS|TAMS 0x0000000718000000| PB 0x0000000718000000| Complete 
| 160|0x0000000718200000, 0x0000000718400000, 0x0000000718400000|100%| E|CS|TAMS 0x0000000718200000| PB 0x0000000718200000| Complete 
| 161|0x0000000718400000, 0x0000000718600000, 0x0000000718600000|100%| E|CS|TAMS 0x0000000718400000| PB 0x0000000718400000| Complete 
| 162|0x0000000718600000, 0x0000000718800000, 0x0000000718800000|100%| E|CS|TAMS 0x0000000718600000| PB 0x0000000718600000| Complete 
| 163|0x0000000718800000, 0x0000000718a00000, 0x0000000718a00000|100%| E|CS|TAMS 0x0000000718800000| PB 0x0000000718800000| Complete 
| 164|0x0000000718a00000, 0x0000000718c00000, 0x0000000718c00000|100%| E|CS|TAMS 0x0000000718a00000| PB 0x0000000718a00000| Complete 
| 165|0x0000000718c00000, 0x0000000718e00000, 0x0000000718e00000|100%| E|CS|TAMS 0x0000000718c00000| PB 0x0000000718c00000| Complete 
| 166|0x0000000718e00000, 0x0000000719000000, 0x0000000719000000|100%| E|CS|TAMS 0x0000000718e00000| PB 0x0000000718e00000| Complete 
| 167|0x0000000719000000, 0x0000000719200000, 0x0000000719200000|100%| E|CS|TAMS 0x0000000719000000| PB 0x0000000719000000| Complete 
| 168|0x0000000719200000, 0x0000000719400000, 0x0000000719400000|100%| E|CS|TAMS 0x0000000719200000| PB 0x0000000719200000| Complete 
| 169|0x0000000719400000, 0x0000000719600000, 0x0000000719600000|100%| E|CS|TAMS 0x0000000719400000| PB 0x0000000719400000| Complete 
| 170|0x0000000719600000, 0x0000000719800000, 0x0000000719800000|100%| E|CS|TAMS 0x0000000719600000| PB 0x0000000719600000| Complete 
| 171|0x0000000719800000, 0x0000000719a00000, 0x0000000719a00000|100%| E|CS|TAMS 0x0000000719800000| PB 0x0000000719800000| Complete 
| 172|0x0000000719a00000, 0x0000000719c00000, 0x0000000719c00000|100%| E|CS|TAMS 0x0000000719a00000| PB 0x0000000719a00000| Complete 
| 173|0x0000000719c00000, 0x0000000719e00000, 0x0000000719e00000|100%| E|CS|TAMS 0x0000000719c00000| PB 0x0000000719c00000| Complete 
| 174|0x0000000719e00000, 0x000000071a000000, 0x000000071a000000|100%| E|CS|TAMS 0x0000000719e00000| PB 0x0000000719e00000| Complete 
| 175|0x000000071a000000, 0x000000071a200000, 0x000000071a200000|100%| E|CS|TAMS 0x000000071a000000| PB 0x000000071a000000| Complete 
| 176|0x000000071a200000, 0x000000071a400000, 0x000000071a400000|100%| E|CS|TAMS 0x000000071a200000| PB 0x000000071a200000| Complete 
| 177|0x000000071a400000, 0x000000071a600000, 0x000000071a600000|100%| E|CS|TAMS 0x000000071a400000| PB 0x000000071a400000| Complete 
| 178|0x000000071a600000, 0x000000071a800000, 0x000000071a800000|100%| E|CS|TAMS 0x000000071a600000| PB 0x000000071a600000| Complete 
| 179|0x000000071a800000, 0x000000071aa00000, 0x000000071aa00000|100%| E|CS|TAMS 0x000000071a800000| PB 0x000000071a800000| Complete 
| 180|0x000000071aa00000, 0x000000071ac00000, 0x000000071ac00000|100%| E|CS|TAMS 0x000000071aa00000| PB 0x000000071aa00000| Complete 
| 181|0x000000071ac00000, 0x000000071ae00000, 0x000000071ae00000|100%| E|  |TAMS 0x000000071ac00000| PB 0x000000071ac00000| Complete 
| 182|0x000000071ae00000, 0x000000071b000000, 0x000000071b000000|100%| E|CS|TAMS 0x000000071ae00000| PB 0x000000071ae00000| Complete 
| 183|0x000000071b000000, 0x000000071b200000, 0x000000071b200000|100%| E|CS|TAMS 0x000000071b000000| PB 0x000000071b000000| Complete 
| 184|0x000000071b200000, 0x000000071b400000, 0x000000071b400000|100%| E|CS|TAMS 0x000000071b200000| PB 0x000000071b200000| Complete 

Card table byte_map: [0x00000151a9690000,0x00000151a9e70000] _byte_map_base: 0x00000151a5e6f000

Marking Bits: (CMBitMap*) 0x000001518f85c4b0
 Bits: [0x00000151a9e70000, 0x00000151add68000)

Polling page: 0x000001518f670000

Metaspace:

Usage:
  Non-class:     62.26 MB used.
      Class:      7.46 MB used.
       Both:     69.72 MB used.

Virtual space:
  Non-class space:       64.00 MB reserved,      62.69 MB ( 98%) committed,  1 nodes.
      Class space:        1.00 GB reserved,       7.81 MB ( <1%) committed,  1 nodes.
             Both:        1.06 GB reserved,      70.50 MB (  6%) committed. 

Chunk freelists:
   Non-Class:  976.00 KB
       Class:  8.14 MB
        Both:  9.09 MB

MaxMetaspaceSize: unlimited
CompressedClassSpaceSize: 1.00 GB
Initial GC threshold: 21.00 MB
Current GC threshold: 102.19 MB
CDS: on
 - commit_granule_bytes: 65536.
 - commit_granule_words: 8192.
 - virtual_space_node_default_size: 8388608.
 - enlarge_chunks_in_place: 1.
 - use_allocation_guard: 0.


Internal statistics:

num_allocs_failed_limit: 15.
num_arena_births: 1086.
num_arena_deaths: 0.
num_vsnodes_births: 2.
num_vsnodes_deaths: 0.
num_space_committed: 1127.
num_space_uncommitted: 0.
num_chunks_returned_to_freelist: 15.
num_chunks_taken_from_freelist: 3405.
num_chunk_merges: 15.
num_chunk_splits: 2387.
num_chunks_enlarged: 1692.
num_inconsistent_stats: 0.

CodeHeap 'non-profiled nmethods': size=120000Kb used=5988Kb max_used=5988Kb free=114011Kb
 bounds [0x00000151a0f20000, 0x00000151a1500000, 0x00000151a8450000]
CodeHeap 'profiled nmethods': size=120000Kb used=15830Kb max_used=15830Kb free=104169Kb
 bounds [0x0000015199450000, 0x000001519a3d0000, 0x00000151a0980000]
CodeHeap 'non-nmethods': size=5760Kb used=1961Kb max_used=2021Kb free=3798Kb
 bounds [0x00000151a0980000, 0x00000151a0bf0000, 0x00000151a0f20000]
 total_blobs=8042 nmethods=7281 adapters=664
 compilation: enabled
              stopped_count=0, restarted_count=0
 full_count=0

Compilation events (20 events):
Event: 18.515 Thread 0x00000151b08499e0 nmethod 8105 0x00000151a14f4790 code [0x00000151a14f4920, 0x00000151a14f49f0]
Event: 18.515 Thread 0x00000151f7444cc0 8106       4       java.lang.ref.WeakReference::<init> (6 bytes)
Event: 18.516 Thread 0x00000151b08499e0 8107       3       com.sun.beans.introspect.PropertyInfo::isPrefix (25 bytes)
Event: 18.516 Thread 0x00000151b08499e0 nmethod 8107 0x000001519a3b8a90 code [0x000001519a3b8c80, 0x000001519a3b9098]
Event: 18.516 Thread 0x00000151b08499e0 8108       1       jakarta.el.ELContext::setPropertyResolved (6 bytes)
Event: 18.516 Thread 0x00000151b08499e0 nmethod 8108 0x00000151a14f4a90 code [0x00000151a14f4c20, 0x00000151a14f4cf0]
Event: 18.516 Thread 0x00000151b08499e0 8109       3       org.apache.el.lang.EvaluationContext::isPropertyResolved (8 bytes)
Event: 18.516 Thread 0x00000151b08499e0 nmethod 8109 0x000001519a3b9290 code [0x000001519a3b9440, 0x000001519a3b9620]
Event: 18.517 Thread 0x00000151f7444cc0 nmethod 8106 0x00000151a14f4d90 code [0x00000151a14f4f20, 0x00000151a14f5190]
Event: 18.518 Thread 0x00000151b08499e0 8110       3       java.nio.ByteBuffer::put (124 bytes)
Event: 18.518 Thread 0x00000151b08499e0 nmethod 8110 0x000001519a3b9710 code [0x000001519a3b9960, 0x000001519a3ba200]
Event: 18.518 Thread 0x00000151b08499e0 8111   !   3       java.nio.ByteBuffer::putBuffer (142 bytes)
Event: 18.519 Thread 0x00000151b08499e0 nmethod 8111 0x000001519a3ba490 code [0x000001519a3ba760, 0x000001519a3bb640]
Event: 18.519 Thread 0x00000151b08499e0 8112       3       java.text.SimpleDateFormat::subFormat (1264 bytes)
Event: 18.524 Thread 0x00000151b08499e0 nmethod 8112 0x000001519a3bbe90 code [0x000001519a3bc7a0, 0x000001519a3c2c78]
Event: 18.524 Thread 0x00000151b08499e0 8113       3       jdk.internal.misc.Unsafe::putIntOpaque (9 bytes)
Event: 18.524 Thread 0x00000151b08499e0 nmethod 8113 0x000001519a3c5090 code [0x000001519a3c5220, 0x000001519a3c5338]
Event: 18.524 Thread 0x00000151b08499e0 8114       3       java.util.concurrent.locks.LockSupport::setBlocker (12 bytes)
Event: 18.525 Thread 0x00000151b08499e0 nmethod 8114 0x000001519a3c5410 code [0x000001519a3c55c0, 0x000001519a3c57d0]
Event: 18.565 Thread 0x00000151f7443850 nmethod 8090 0x00000151a14f5210 code [0x00000151a14f5660, 0x00000151a14f7860]

GC Heap History (20 events):
Event: 7.414 GC heap before
{Heap before GC invocations=38 (full 12):
 garbage-first heap   total 239616K, used 179762K [0x0000000704200000, 0x0000000800000000)
  region size 2048K, 70 young (143360K), 1 survivors (2048K)
 Metaspace       used 36706K, committed 37312K, reserved 1114112K
  class space    used 3945K, committed 4224K, reserved 1048576K
}
Event: 7.415 GC heap after
{Heap after GC invocations=39 (full 12):
 garbage-first heap   total 239616K, used 38624K [0x0000000704200000, 0x0000000800000000)
  region size 2048K, 1 young (2048K), 1 survivors (2048K)
 Metaspace       used 36706K, committed 37312K, reserved 1114112K
  class space    used 3945K, committed 4224K, reserved 1048576K
}
Event: 7.615 GC heap before
{Heap before GC invocations=39 (full 12):
 garbage-first heap   total 239616K, used 179936K [0x0000000704200000, 0x0000000800000000)
  region size 2048K, 70 young (143360K), 1 survivors (2048K)
 Metaspace       used 36706K, committed 37312K, reserved 1114112K
  class space    used 3945K, committed 4224K, reserved 1048576K
}
Event: 7.616 GC heap after
{Heap after GC invocations=40 (full 12):
 garbage-first heap   total 239616K, used 38601K [0x0000000704200000, 0x0000000800000000)
  region size 2048K, 1 young (2048K), 1 survivors (2048K)
 Metaspace       used 36706K, committed 37312K, reserved 1114112K
  class space    used 3945K, committed 4224K, reserved 1048576K
}
Event: 7.865 GC heap before
{Heap before GC invocations=40 (full 12):
 garbage-first heap   total 239616K, used 179913K [0x0000000704200000, 0x0000000800000000)
  region size 2048K, 70 young (143360K), 1 survivors (2048K)
 Metaspace       used 36711K, committed 37312K, reserved 1114112K
  class space    used 3945K, committed 4224K, reserved 1048576K
}
Event: 7.866 GC heap after
{Heap after GC invocations=41 (full 12):
 garbage-first heap   total 239616K, used 38802K [0x0000000704200000, 0x0000000800000000)
  region size 2048K, 1 young (2048K), 1 survivors (2048K)
 Metaspace       used 36711K, committed 37312K, reserved 1114112K
  class space    used 3945K, committed 4224K, reserved 1048576K
}
Event: 8.129 GC heap before
{Heap before GC invocations=41 (full 12):
 garbage-first heap   total 239616K, used 180114K [0x0000000704200000, 0x0000000800000000)
  region size 2048K, 70 young (143360K), 1 survivors (2048K)
 Metaspace       used 36712K, committed 37312K, reserved 1114112K
  class space    used 3945K, committed 4224K, reserved 1048576K
}
Event: 8.130 GC heap after
{Heap after GC invocations=42 (full 12):
 garbage-first heap   total 239616K, used 38524K [0x0000000704200000, 0x0000000800000000)
  region size 2048K, 1 young (2048K), 1 survivors (2048K)
 Metaspace       used 36712K, committed 37312K, reserved 1114112K
  class space    used 3945K, committed 4224K, reserved 1048576K
}
Event: 8.519 GC heap before
{Heap before GC invocations=42 (full 12):
 garbage-first heap   total 239616K, used 179836K [0x0000000704200000, 0x0000000800000000)
  region size 2048K, 70 young (143360K), 1 survivors (2048K)
 Metaspace       used 38899K, committed 39424K, reserved 1114112K
  class space    used 4271K, committed 4544K, reserved 1048576K
}
Event: 8.527 GC heap after
{Heap after GC invocations=43 (full 12):
 garbage-first heap   total 239616K, used 49549K [0x0000000704200000, 0x0000000800000000)
  region size 2048K, 6 young (12288K), 6 survivors (12288K)
 Metaspace       used 38899K, committed 39424K, reserved 1114112K
  class space    used 4271K, committed 4544K, reserved 1048576K
}
Event: 8.716 GC heap before
{Heap before GC invocations=43 (full 12):
 garbage-first heap   total 239616K, used 178573K [0x0000000704200000, 0x0000000800000000)
  region size 2048K, 70 young (143360K), 6 survivors (12288K)
 Metaspace       used 38905K, committed 39488K, reserved 1114112K
  class space    used 4272K, committed 4544K, reserved 1048576K
}
Event: 8.731 GC heap after
{Heap after GC invocations=44 (full 12):
 garbage-first heap   total 239616K, used 70447K [0x0000000704200000, 0x0000000800000000)
  region size 2048K, 9 young (18432K), 9 survivors (18432K)
 Metaspace       used 38905K, committed 39488K, reserved 1114112K
  class space    used 4272K, committed 4544K, reserved 1048576K
}
Event: 8.900 GC heap before
{Heap before GC invocations=44 (full 12):
 garbage-first heap   total 239616K, used 195375K [0x0000000704200000, 0x0000000800000000)
  region size 2048K, 70 young (143360K), 9 survivors (18432K)
 Metaspace       used 38910K, committed 39552K, reserved 1114112K
  class space    used 4272K, committed 4544K, reserved 1048576K
}
Event: 8.917 GC heap after
{Heap after GC invocations=45 (full 12):
 garbage-first heap   total 239616K, used 95553K [0x0000000704200000, 0x0000000800000000)
  region size 2048K, 9 young (18432K), 9 survivors (18432K)
 Metaspace       used 38910K, committed 39552K, reserved 1114112K
  class space    used 4272K, committed 4544K, reserved 1048576K
}
Event: 9.163 GC heap before
{Heap before GC invocations=45 (full 12):
 garbage-first heap   total 239616K, used 200001K [0x0000000704200000, 0x0000000800000000)
  region size 2048K, 60 young (122880K), 9 survivors (18432K)
 Metaspace       used 39434K, committed 40128K, reserved 1114112K
  class space    used 4364K, committed 4672K, reserved 1048576K
}
Event: 9.171 GC heap after
{Heap after GC invocations=46 (full 12):
 garbage-first heap   total 239616K, used 101911K [0x0000000704200000, 0x0000000800000000)
  region size 2048K, 2 young (4096K), 2 survivors (4096K)
 Metaspace       used 39434K, committed 40128K, reserved 1114112K
  class space    used 4364K, committed 4672K, reserved 1048576K
}
Event: 10.498 GC heap before
{Heap before GC invocations=46 (full 12):
 garbage-first heap   total 239616K, used 206359K [0x0000000704200000, 0x0000000800000000)
  region size 2048K, 53 young (108544K), 2 survivors (4096K)
 Metaspace       used 52389K, committed 53056K, reserved 1114112K
  class space    used 5886K, committed 6208K, reserved 1048576K
}
Event: 10.504 GC heap after
{Heap after GC invocations=47 (full 12):
 garbage-first heap   total 378880K, used 107665K [0x0000000704200000, 0x0000000800000000)
  region size 2048K, 5 young (10240K), 5 survivors (10240K)
 Metaspace       used 52389K, committed 53056K, reserved 1114112K
  class space    used 5886K, committed 6208K, reserved 1048576K
}
Event: 11.647 GC heap before
{Heap before GC invocations=47 (full 12):
 garbage-first heap   total 378880K, used 205969K [0x0000000704200000, 0x0000000800000000)
  region size 2048K, 55 young (112640K), 5 survivors (10240K)
 Metaspace       used 60966K, committed 61696K, reserved 1114112K
  class space    used 6730K, committed 7104K, reserved 1048576K
}
Event: 11.654 GC heap after
{Heap after GC invocations=48 (full 12):
 garbage-first heap   total 378880K, used 110755K [0x0000000704200000, 0x0000000800000000)
  region size 2048K, 7 young (14336K), 7 survivors (14336K)
 Metaspace       used 60966K, committed 61696K, reserved 1114112K
  class space    used 6730K, committed 7104K, reserved 1048576K
}

Dll operation events (14 events):
Event: 0.007 Loaded shared library D:\java\jdk21\bin\java.dll
Event: 0.043 Loaded shared library D:\java\jdk21\bin\jsvml.dll
Event: 0.088 Loaded shared library D:\java\jdk21\bin\zip.dll
Event: 0.091 Loaded shared library D:\java\jdk21\bin\instrument.dll
Event: 0.095 Loaded shared library D:\java\jdk21\bin\net.dll
Event: 0.096 Loaded shared library D:\java\jdk21\bin\nio.dll
Event: 0.098 Loaded shared library D:\java\jdk21\bin\zip.dll
Event: 0.157 Loaded shared library D:\java\jdk21\bin\jimage.dll
Event: 0.255 Loaded shared library D:\java\jdk21\bin\management_agent.dll
Event: 0.257 Loaded shared library D:\java\jdk21\bin\management.dll
Event: 0.268 Loaded shared library D:\java\jdk21\bin\management_ext.dll
Event: 0.553 Loaded shared library D:\java\jdk21\bin\extnet.dll
Event: 1.811 Loaded shared library D:\java\jdk21\bin\sunmscapi.dll
Event: 2.128 Loaded shared library D:\java\jdk21\bin\verify.dll

Deoptimization events (20 events):
Event: 18.165 Thread 0x00000151f79c3640 DEOPT PACKING pc=0x00000151a12fcd94 sp=0x0000003c465fb0e0
Event: 18.165 Thread 0x00000151f79c3640 DEOPT UNPACKING pc=0x00000151a09d7da2 sp=0x0000003c465fb030 mode 2
Event: 18.250 Thread 0x00000151f79c3640 DEOPT PACKING pc=0x000001519a1c5555 sp=0x0000003c465fcf10
Event: 18.250 Thread 0x00000151f79c3640 DEOPT UNPACKING pc=0x00000151a09d88e2 sp=0x0000003c465fc380 mode 0
Event: 18.251 Thread 0x00000151f79c3640 DEOPT PACKING pc=0x000001519a1c5555 sp=0x0000003c465fd2c0
Event: 18.251 Thread 0x00000151f79c3640 DEOPT UNPACKING pc=0x00000151a09d88e2 sp=0x0000003c465fc730 mode 0
Event: 18.283 Thread 0x00000151f79c3640 DEOPT PACKING pc=0x000001519a1c5555 sp=0x0000003c465fd5f0
Event: 18.283 Thread 0x00000151f79c3640 DEOPT UNPACKING pc=0x00000151a09d88e2 sp=0x0000003c465fca60 mode 0
Event: 18.321 Thread 0x00000151f79c3640 DEOPT PACKING pc=0x000001519a1c5555 sp=0x0000003c465fcec0
Event: 18.322 Thread 0x00000151f79c3640 DEOPT UNPACKING pc=0x00000151a09d88e2 sp=0x0000003c465fc330 mode 0
Event: 18.322 Thread 0x00000151f79c3640 DEOPT PACKING pc=0x000001519a1c5555 sp=0x0000003c465fcec0
Event: 18.322 Thread 0x00000151f79c3640 DEOPT UNPACKING pc=0x00000151a09d88e2 sp=0x0000003c465fc330 mode 0
Event: 18.322 Thread 0x00000151f79c3640 DEOPT PACKING pc=0x000001519a1c5555 sp=0x0000003c465fcec0
Event: 18.322 Thread 0x00000151f79c3640 DEOPT UNPACKING pc=0x00000151a09d88e2 sp=0x0000003c465fc330 mode 0
Event: 18.432 Thread 0x00000151f79c3640 DEOPT PACKING pc=0x000001519a105e89 sp=0x0000003c465fbdb0
Event: 18.432 Thread 0x00000151f79c3640 DEOPT UNPACKING pc=0x00000151a09d88e2 sp=0x0000003c465fb1e8 mode 0
Event: 18.473 Thread 0x00000151f79c3640 Uncommon trap: trap_request=0xffffffde fr.pc=0x00000151a14278dc relative=0x000000000000581c
Event: 18.473 Thread 0x00000151f79c3640 Uncommon trap: reason=class_check action=maybe_recompile pc=0x00000151a14278dc method=java.net.URLClassLoader.defineClass(Ljava/lang/String;Ljdk/internal/loader/Resource;)Ljava/lang/Class; @ 13 c2
Event: 18.473 Thread 0x00000151f79c3640 DEOPT PACKING pc=0x00000151a14278dc sp=0x0000003c465fda50
Event: 18.473 Thread 0x00000151f79c3640 DEOPT UNPACKING pc=0x00000151a09d7da2 sp=0x0000003c465fd868 mode 2

Classes loaded (20 events):
Event: 17.749 Loading class com/sun/org/apache/xerces/internal/dom/DeepNodeListImpl
Event: 17.749 Loading class com/sun/org/apache/xerces/internal/dom/DeepNodeListImpl done
Event: 17.749 Loading class com/sun/org/apache/xerces/internal/dom/DeferredAttrImpl
Event: 17.749 Loading class com/sun/org/apache/xerces/internal/dom/DeferredAttrImpl done
Event: 17.752 Loading class java/text/FieldPosition$Delegate
Event: 17.752 Loading class java/text/FieldPosition$Delegate done
Event: 17.797 Loading class java/util/Collections$SynchronizedRandomAccessList
Event: 17.797 Loading class java/util/Collections$SynchronizedList
Event: 17.797 Loading class java/util/Collections$SynchronizedList done
Event: 17.798 Loading class java/util/Collections$SynchronizedRandomAccessList done
Event: 18.173 Loading class java/time/format/DateTimeParseException
Event: 18.173 Loading class java/time/format/DateTimeParseException done
Event: 18.244 Loading class java/util/function/IntBinaryOperator
Event: 18.244 Loading class java/util/function/IntBinaryOperator done
Event: 18.245 Loading class java/util/stream/ReduceOps$7
Event: 18.245 Loading class java/util/stream/ReduceOps$7 done
Event: 18.245 Loading class java/util/stream/ReduceOps$6ReducingSink
Event: 18.245 Loading class java/util/stream/ReduceOps$6ReducingSink done
Event: 18.491 Loading class java/util/ArrayList$ListItr
Event: 18.491 Loading class java/util/ArrayList$ListItr done

Classes unloaded (0 events):
No events

Classes redefined (0 events):
No events

Internal exceptions (20 events):
Event: 18.299 Thread 0x00000151f79c3640 Exception <a 'java/lang/ClassNotFoundException'{0x000000071724ab60}: org/apache/taglibs/standard/tag/common/core/ForEachSupportBeanInfo> (0x000000071724ab60) 
thrown [s\open\src\hotspot\share\classfile\systemDictionary.cpp, line 312]
Event: 18.301 Thread 0x00000151f79c3640 Exception <a 'java/lang/ClassNotFoundException'{0x0000000717258408}: jakarta/servlet/jsp/jstl/core/LoopTagSupportBeanInfo> (0x0000000717258408) 
thrown [s\open\src\hotspot\share\classfile\systemDictionary.cpp, line 312]
Event: 18.303 Thread 0x00000151f79c3640 Exception <a 'java/lang/ClassNotFoundException'{0x00000007172650e0}: jakarta/servlet/jsp/tagext/TagSupportBeanInfo> (0x00000007172650e0) 
thrown [s\open\src\hotspot\share\classfile\systemDictionary.cpp, line 312]
Event: 18.305 Thread 0x00000151f79c3640 Exception <a 'java/lang/ClassNotFoundException'{0x0000000717272180}: jakarta/servlet/jsp/tagext/TagSupportCustomizer> (0x0000000717272180) 
thrown [s\open\src\hotspot\share\classfile\systemDictionary.cpp, line 312]
Event: 18.307 Thread 0x00000151f79c3640 Exception <a 'java/lang/ClassNotFoundException'{0x000000071728ae40}: jakarta/servlet/jsp/jstl/core/LoopTagSupportCustomizer> (0x000000071728ae40) 
thrown [s\open\src\hotspot\share\classfile\systemDictionary.cpp, line 312]
Event: 18.309 Thread 0x00000151f79c3640 Exception <a 'java/lang/ClassNotFoundException'{0x00000007172a22c0}: org/apache/taglibs/standard/tag/common/core/ForEachSupportCustomizer> (0x00000007172a22c0) 
thrown [s\open\src\hotspot\share\classfile\systemDictionary.cpp, line 312]
Event: 18.310 Thread 0x00000151f79c3640 Exception <a 'java/lang/ClassNotFoundException'{0x00000007172b13e8}: org/apache/taglibs/standard/tag/rt/core/ForEachTagCustomizer> (0x00000007172b13e8) 
thrown [s\open\src\hotspot\share\classfile\systemDictionary.cpp, line 312]
Event: 18.315 Thread 0x00000151f79c3640 Exception <a 'java/lang/NoSuchMethodError'{0x00000007172f5148}: 'java.lang.Object java.lang.invoke.DirectMethodHandle$Holder.invokeSpecial(java.lang.Object, java.lang.Object, java.lang.Object, int, int, java.lang.Object)'> (0x00000007172f5148) 
thrown [s\open\src\hotspot\share\interpreter\linkResolver.cpp, line 773]
Event: 18.495 Thread 0x00000151f79c3640 Exception <a 'java/lang/ClassNotFoundException'{0x00000007168a8c40}: org/example/ejb/entity/TicketBeanInfo> (0x00000007168a8c40) 
thrown [s\open\src\hotspot\share\classfile\systemDictionary.cpp, line 312]
Event: 18.496 Thread 0x00000151f79c3640 Exception <a 'java/lang/ClassNotFoundException'{0x00000007168b5f58}: org/example/ejb/entity/TicketCustomizer> (0x00000007168b5f58) 
thrown [s\open\src\hotspot\share\classfile\systemDictionary.cpp, line 312]
Event: 18.498 Thread 0x00000151f79c3640 Exception <a 'java/lang/ClassNotFoundException'{0x00000007168dd930}: org/apache/openjpa/enhance/PersistenceCapableBeanInfo> (0x00000007168dd930) 
thrown [s\open\src\hotspot\share\classfile\systemDictionary.cpp, line 312]
Event: 18.499 Thread 0x00000151f79c3640 Exception <a 'java/lang/ClassNotFoundException'{0x00000007168e8580}: org/apache/openjpa/enhance/PersistenceCapableCustomizer> (0x00000007168e8580) 
thrown [s\open\src\hotspot\share\classfile\systemDictionary.cpp, line 312]
Event: 18.501 Thread 0x00000151f79c3640 Exception <a 'java/lang/ClassNotFoundException'{0x0000000716904c90}: org/example/ejb/entity/ShowtimeBeanInfo> (0x0000000716904c90) 
thrown [s\open\src\hotspot\share\classfile\systemDictionary.cpp, line 312]
Event: 18.502 Thread 0x00000151f79c3640 Exception <a 'java/lang/ClassNotFoundException'{0x0000000716912068}: org/example/ejb/entity/ShowtimeCustomizer> (0x0000000716912068) 
thrown [s\open\src\hotspot\share\classfile\systemDictionary.cpp, line 312]
Event: 18.506 Thread 0x00000151f79c3640 Exception <a 'java/lang/ClassNotFoundException'{0x000000071693a878}: org/example/ejb/entity/CustomerBeanInfo> (0x000000071693a878) 
thrown [s\open\src\hotspot\share\classfile\systemDictionary.cpp, line 312]
Event: 18.507 Thread 0x00000151f79c3640 Exception <a 'java/lang/ClassNotFoundException'{0x0000000716950fe0}: org/example/ejb/entity/CustomerCustomizer> (0x0000000716950fe0) 
thrown [s\open\src\hotspot\share\classfile\systemDictionary.cpp, line 312]
Event: 18.510 Thread 0x00000151f79c3640 Exception <a 'java/lang/ClassNotFoundException'{0x000000071697ce58}: org/example/ejb/entity/SeatRoomDetailBeanInfo> (0x000000071697ce58) 
thrown [s\open\src\hotspot\share\classfile\systemDictionary.cpp, line 312]
Event: 18.511 Thread 0x00000151f79c3640 Exception <a 'java/lang/ClassNotFoundException'{0x000000071698a7a0}: org/example/ejb/entity/SeatRoomDetailCustomizer> (0x000000071698a7a0) 
thrown [s\open\src\hotspot\share\classfile\systemDictionary.cpp, line 312]
Event: 18.513 Thread 0x00000151f79c3640 Exception <a 'java/lang/ClassNotFoundException'{0x00000007169aac18}: org/example/ejb/entity/SeatBeanInfo> (0x00000007169aac18) 
thrown [s\open\src\hotspot\share\classfile\systemDictionary.cpp, line 312]
Event: 18.515 Thread 0x00000151f79c3640 Exception <a 'java/lang/ClassNotFoundException'{0x00000007169b7e00}: org/example/ejb/entity/SeatCustomizer> (0x00000007169b7e00) 
thrown [s\open\src\hotspot\share\classfile\systemDictionary.cpp, line 312]

ZGC Phase Switch (0 events):
No events

VM Operations (20 events):
Event: 11.860 Executing VM operation: HandshakeAllThreads (Deoptimize)
Event: 11.860 Executing VM operation: HandshakeAllThreads (Deoptimize) done
Event: 12.860 Executing VM operation: Cleanup
Event: 12.860 Executing VM operation: Cleanup done
Event: 17.656 Executing VM operation: HandshakeAllThreads (Deoptimize)
Event: 17.656 Executing VM operation: HandshakeAllThreads (Deoptimize) done
Event: 17.656 Executing VM operation: Cleanup
Event: 17.656 Executing VM operation: Cleanup done
Event: 17.659 Executing VM operation: HandshakeAllThreads (Deoptimize)
Event: 17.659 Executing VM operation: HandshakeAllThreads (Deoptimize) done
Event: 17.663 Executing VM operation: HandshakeAllThreads (Deoptimize)
Event: 17.663 Executing VM operation: HandshakeAllThreads (Deoptimize) done
Event: 18.020 Executing VM operation: HandshakeAllThreads (Deoptimize)
Event: 18.020 Executing VM operation: HandshakeAllThreads (Deoptimize) done
Event: 18.249 Executing VM operation: HandshakeAllThreads (Deoptimize)
Event: 18.249 Executing VM operation: HandshakeAllThreads (Deoptimize) done
Event: 18.371 Executing VM operation: ICBufferFull
Event: 18.372 Executing VM operation: ICBufferFull done
Event: 18.492 Executing VM operation: HandshakeAllThreads (Deoptimize)
Event: 18.492 Executing VM operation: HandshakeAllThreads (Deoptimize) done

Events (20 events):
Event: 11.707 Thread 0x00000151b081aa80 flushing nmethod 0x00000151994aaf10
Event: 11.707 Thread 0x00000151b081aa80 flushing nmethod 0x00000151995e7510
Event: 11.707 Thread 0x00000151b081aa80 flushing nmethod 0x000001519991df10
Event: 11.707 Thread 0x00000151b081aa80 flushing nmethod 0x000001519991ec90
Event: 11.707 Thread 0x00000151b081aa80 flushing nmethod 0x000001519991f190
Event: 11.707 Thread 0x00000151b081aa80 flushing nmethod 0x00000151a0fae290
Event: 11.707 Thread 0x00000151b081aa80 flushing nmethod 0x0000015199655a10
Event: 11.707 Thread 0x00000151b081aa80 flushing nmethod 0x0000015199657510
Event: 11.707 Thread 0x00000151b081aa80 flushing nmethod 0x00000151996bec90
Event: 11.707 Thread 0x00000151b081aa80 flushing nmethod 0x000001519987e590
Event: 11.707 Thread 0x00000151b081aa80 flushing nmethod 0x0000015199ada190
Event: 11.707 Thread 0x00000151b081aa80 flushing nmethod 0x00000151a1020e10
Event: 11.707 Thread 0x00000151b081aa80 flushing nmethod 0x00000151994a3610
Event: 11.707 Thread 0x00000151b081aa80 flushing nmethod 0x0000015199580810
Event: 11.707 Thread 0x00000151b081aa80 flushing nmethod 0x0000015199581f90
Event: 11.707 Thread 0x00000151b081aa80 flushing nmethod 0x000001519998e910
Event: 11.777 Thread 0x00000151f7445a60 Thread added: 0x00000151f7445a60
Event: 12.516 Thread 0x00000151f7445a60 Thread exited: 0x00000151f7445a60
Event: 17.836 Thread 0x00000151f7443850 Thread added: 0x00000151f7443850
Event: 18.401 Thread 0x00000151f7444cc0 Thread added: 0x00000151f7444cc0


Dynamic libraries:
0x00007ff7c1ba0000 - 0x00007ff7c1bb0000 	D:\java\jdk21\bin\java.exe
0x00007ff94a170000 - 0x00007ff94a368000 	C:\WINDOWS\SYSTEM32\ntdll.dll
0x00007ff949550000 - 0x00007ff949612000 	C:\WINDOWS\System32\KERNEL32.DLL
0x00007ff947bb0000 - 0x00007ff947eaf000 	C:\WINDOWS\System32\KERNELBASE.dll
0x00007ff947a10000 - 0x00007ff947b10000 	C:\WINDOWS\System32\ucrtbase.dll
0x00007ff92c270000 - 0x00007ff92c289000 	D:\java\jdk21\bin\jli.dll
0x00007ff92a660000 - 0x00007ff92a67b000 	D:\java\jdk21\bin\VCRUNTIME140.dll
0x00007ff948250000 - 0x00007ff9482ff000 	C:\WINDOWS\System32\ADVAPI32.dll
0x00007ff948860000 - 0x00007ff9488fe000 	C:\WINDOWS\System32\msvcrt.dll
0x00007ff948330000 - 0x00007ff9483cf000 	C:\WINDOWS\System32\sechost.dll
0x00007ff948c40000 - 0x00007ff948d63000 	C:\WINDOWS\System32\RPCRT4.dll
0x00007ff947810000 - 0x00007ff947837000 	C:\WINDOWS\System32\bcrypt.dll
0x00007ff9483d0000 - 0x00007ff94856d000 	C:\WINDOWS\System32\USER32.dll
0x00007ff9480d0000 - 0x00007ff9480f2000 	C:\WINDOWS\System32\win32u.dll
0x00007ff935490000 - 0x00007ff93572a000 	C:\WINDOWS\WinSxS\amd64_microsoft.windows.common-controls_6595b64144ccf1df_6.0.19041.4355_none_60b8b9eb71f62e16\COMCTL32.dll
0x00007ff948830000 - 0x00007ff94885b000 	C:\WINDOWS\System32\GDI32.dll
0x00007ff9478f0000 - 0x00007ff947a0a000 	C:\WINDOWS\System32\gdi32full.dll
0x00007ff947b10000 - 0x00007ff947bad000 	C:\WINDOWS\System32\msvcp_win.dll
0x00007ff940450000 - 0x00007ff94045a000 	C:\WINDOWS\SYSTEM32\VERSION.dll
0x00007ff948300000 - 0x00007ff94832f000 	C:\WINDOWS\System32\IMM32.DLL
0x00007ff93ecf0000 - 0x00007ff93ecfc000 	D:\java\jdk21\bin\vcruntime140_1.dll
0x00007ff8fa720000 - 0x00007ff8fa7ae000 	D:\java\jdk21\bin\msvcp140.dll
0x00007ff8edab0000 - 0x00007ff8ee7ca000 	D:\java\jdk21\bin\server\jvm.dll
0x00007ff948b60000 - 0x00007ff948bcb000 	C:\WINDOWS\System32\WS2_32.dll
0x00007ff93bac0000 - 0x00007ff93bae7000 	C:\WINDOWS\SYSTEM32\WINMM.dll
0x00007ff9475c0000 - 0x00007ff94760b000 	C:\WINDOWS\SYSTEM32\POWRPROF.dll
0x00007ff947530000 - 0x00007ff947542000 	C:\WINDOWS\SYSTEM32\UMPDC.dll
0x00007ff946030000 - 0x00007ff946042000 	C:\WINDOWS\SYSTEM32\kernel.appcore.dll
0x00007ff9358b0000 - 0x00007ff9358ba000 	D:\java\jdk21\bin\jimage.dll
0x00007ff945400000 - 0x00007ff9455e4000 	C:\WINDOWS\SYSTEM32\DBGHELP.DLL
0x00007ff926dd0000 - 0x00007ff926e04000 	C:\WINDOWS\SYSTEM32\dbgcore.DLL
0x00007ff948100000 - 0x00007ff948182000 	C:\WINDOWS\System32\bcryptPrimitives.dll
0x00007ff92a580000 - 0x00007ff92a58f000 	D:\java\jdk21\bin\instrument.dll
0x00007ff92a5d0000 - 0x00007ff92a5ef000 	D:\java\jdk21\bin\java.dll
0x00007ff9499c0000 - 0x00007ff94a12d000 	C:\WINDOWS\System32\SHELL32.dll
0x00007ff945870000 - 0x00007ff946014000 	C:\WINDOWS\SYSTEM32\windows.storage.dll
0x00007ff9491f0000 - 0x00007ff949545000 	C:\WINDOWS\System32\combase.dll
0x00007ff9471d0000 - 0x00007ff9471fb000 	C:\WINDOWS\SYSTEM32\Wldp.dll
0x00007ff949620000 - 0x00007ff9496ed000 	C:\WINDOWS\System32\OLEAUT32.dll
0x00007ff948900000 - 0x00007ff9489ad000 	C:\WINDOWS\System32\SHCORE.dll
0x00007ff948190000 - 0x00007ff9481e5000 	C:\WINDOWS\System32\shlwapi.dll
0x00007ff947740000 - 0x00007ff947765000 	C:\WINDOWS\SYSTEM32\profapi.dll
0x00007ff8f6780000 - 0x00007ff8f6857000 	D:\java\jdk21\bin\jsvml.dll
0x00007ff928e60000 - 0x00007ff928e78000 	D:\java\jdk21\bin\zip.dll
0x00007ff92a640000 - 0x00007ff92a650000 	D:\java\jdk21\bin\net.dll
0x00007ff9447d0000 - 0x00007ff9448da000 	C:\WINDOWS\SYSTEM32\WINHTTP.dll
0x00007ff946f30000 - 0x00007ff946f9c000 	C:\WINDOWS\system32\mswsock.dll
0x00007ff9290a0000 - 0x00007ff9290b6000 	D:\java\jdk21\bin\nio.dll
0x00007ff925980000 - 0x00007ff925989000 	D:\java\jdk21\bin\management_agent.dll
0x00007ff925970000 - 0x00007ff92597a000 	D:\java\jdk21\bin\management.dll
0x00007ff925960000 - 0x00007ff92596b000 	D:\java\jdk21\bin\management_ext.dll
0x00007ff949820000 - 0x00007ff949828000 	C:\WINDOWS\System32\PSAPI.DLL
0x00007ff943d30000 - 0x00007ff943d47000 	C:\WINDOWS\system32\napinsp.dll
0x00007ff943cc0000 - 0x00007ff943cdb000 	C:\WINDOWS\system32\pnrpnsp.dll
0x00007ff921440000 - 0x00007ff921455000 	C:\WINDOWS\system32\wshbth.dll
0x00007ff9448e0000 - 0x00007ff9448fd000 	C:\WINDOWS\system32\NLAapi.dll
0x00007ff946c10000 - 0x00007ff946c4b000 	C:\WINDOWS\SYSTEM32\IPHLPAPI.DLL
0x00007ff946c50000 - 0x00007ff946d1a000 	C:\WINDOWS\SYSTEM32\DNSAPI.dll
0x00007ff949810000 - 0x00007ff949818000 	C:\WINDOWS\System32\NSI.dll
0x00007ff943ca0000 - 0x00007ff943cb2000 	C:\WINDOWS\System32\winrnr.dll
0x00007ff9415d0000 - 0x00007ff9415da000 	C:\Windows\System32\rasadhlp.dll
0x00007ff9402c0000 - 0x00007ff940340000 	C:\WINDOWS\System32\fwpuclnt.dll
0x00007ff947120000 - 0x00007ff947138000 	C:\WINDOWS\SYSTEM32\CRYPTSP.dll
0x00007ff9467f0000 - 0x00007ff946828000 	C:\WINDOWS\system32\rsaenh.dll
0x00007ff9476c0000 - 0x00007ff9476ee000 	C:\WINDOWS\SYSTEM32\USERENV.dll
0x00007ff947140000 - 0x00007ff94714c000 	C:\WINDOWS\SYSTEM32\CRYPTBASE.dll
0x00007ff9264d0000 - 0x00007ff9264d9000 	D:\java\jdk21\bin\extnet.dll
0x00007ff925950000 - 0x00007ff92595e000 	D:\java\jdk21\bin\sunmscapi.dll
0x00007ff947eb0000 - 0x00007ff94800c000 	C:\WINDOWS\System32\CRYPT32.dll
0x00007ff947240000 - 0x00007ff947267000 	C:\WINDOWS\SYSTEM32\ncrypt.dll
0x00007ff947200000 - 0x00007ff94723b000 	C:\WINDOWS\SYSTEM32\NTASN1.dll
0x00007ff925920000 - 0x00007ff925930000 	D:\java\jdk21\bin\verify.dll
0x00007ff943cf0000 - 0x00007ff943cf7000 	C:\WINDOWS\system32\wshunix.dll

dbghelp: loaded successfully - version: 4.0.5 - missing functions: none
symbol engine: initialized successfully - sym options: 0x614 - pdb path: .;D:\java\jdk21\bin;C:\WINDOWS\SYSTEM32;C:\WINDOWS\WinSxS\amd64_microsoft.windows.common-controls_6595b64144ccf1df_6.0.19041.4355_none_60b8b9eb71f62e16;D:\java\jdk21\bin\server

VM Arguments:
jvm_args: -Djava.util.logging.config.file=C:\Users\dell\AppData\Local\JetBrains\IntelliJIdea2024.3\tomcat\637303c7-005e-4fa5-a411-b0f41081b1ea\conf\logging.properties -Djava.util.logging.manager=org.apache.juli.ClassLoaderLogManager -javaagent:D:\CODE WEB\page-movie-management\apache-tomee-webprofile-10.0.0\lib\openejb-javaagent.jar -Dcom.sun.management.jmxremote= -Dcom.sun.management.jmxremote.port=1099 -Dcom.sun.management.jmxremote.ssl=false -Dcom.sun.management.jmxremote.password.file=C:\Users\dell\AppData\Local\JetBrains\IntelliJIdea2024.3\tomcat\637303c7-005e-4fa5-a411-b0f41081b1ea\jmxremote.password -Dcom.sun.management.jmxremote.access.file=C:\Users\dell\AppData\Local\JetBrains\IntelliJIdea2024.3\tomcat\637303c7-005e-4fa5-a411-b0f41081b1ea\jmxremote.access -Djava.rmi.server.hostname=127.0.0.1 -Dtomee.serialization.class.whitelist= -Dtomee.serialization.class.blacklist=- -Dtomee.remote.support=true -Dopenejb.system.apps=true -Djdk.tls.ephemeralDHKeySize=2048 -Djava.protocol.handler.pkgs=org.apache.catalina.webresources --add-opens=java.base/java.lang=ALL-UNNAMED --add-opens=java.base/java.io=ALL-UNNAMED --add-opens=java.base/java.util=ALL-UNNAMED --add-opens=java.base/java.util.concurrent=ALL-UNNAMED --add-opens=java.rmi/sun.rmi.transport=ALL-UNNAMED -Dcatalina.base=C:\Users\dell\AppData\Local\JetBrains\IntelliJIdea2024.3\tomcat\637303c7-005e-4fa5-a411-b0f41081b1ea -Dcatalina.home=D:\CODE WEB\page-movie-management\apache-tomee-webprofile-10.0.0 -Djava.io.tmpdir=C:\Users\dell\AppData\Local\JetBrains\IntelliJIdea2024.3\tomcat\637303c7-005e-4fa5-a411-b0f41081b1ea\temp 
java_command: org.apache.catalina.startup.Bootstrap start
java_class_path (initial): D:\CODE WEB\page-movie-management\apache-tomee-webprofile-10.0.0\bin\bootstrap.jar;D:\CODE WEB\page-movie-management\apache-tomee-webprofile-10.0.0\bin\tomcat-juli.jar
Launcher Type: SUN_STANDARD

[Global flags]
     intx CICompilerCount                          = 4                                         {product} {ergonomic}
     uint ConcGCThreads                            = 2                                         {product} {ergonomic}
     uint G1ConcRefinementThreads                  = 8                                         {product} {ergonomic}
   size_t G1HeapRegionSize                         = 2097152                                   {product} {ergonomic}
    uintx GCDrainStackTargetSize                   = 64                                        {product} {ergonomic}
   size_t InitialHeapSize                          = 264241152                                 {product} {ergonomic}
     bool ManagementServer                         = true                                      {product} {command line}
   size_t MarkStackSize                            = 4194304                                   {product} {ergonomic}
   size_t MaxHeapSize                              = 4225761280                                {product} {ergonomic}
   size_t MaxNewSize                               = 2535456768                                {product} {ergonomic}
   size_t MinHeapDeltaBytes                        = 2097152                                   {product} {ergonomic}
   size_t MinHeapSize                              = 8388608                                   {product} {ergonomic}
    uintx NonNMethodCodeHeapSize                   = 5839372                                {pd product} {ergonomic}
    uintx NonProfiledCodeHeapSize                  = 122909434                              {pd product} {ergonomic}
    uintx ProfiledCodeHeapSize                     = 122909434                              {pd product} {ergonomic}
    uintx ReservedCodeCacheSize                    = 251658240                              {pd product} {ergonomic}
     bool SegmentedCodeCache                       = true                                      {product} {ergonomic}
   size_t SoftMaxHeapSize                          = 4225761280                             {manageable} {ergonomic}
     bool UseCompressedOops                        = true                           {product lp64_product} {ergonomic}
     bool UseG1GC                                  = true                                      {product} {ergonomic}
     bool UseLargePagesIndividualAllocation        = false                                  {pd product} {ergonomic}

Logging:
Log output configuration:
 #0: stdout all=warning uptime,level,tags foldmultilines=false
 #1: stderr all=off uptime,level,tags foldmultilines=false

Environment Variables:
JAVA_HOME=D:\java\jdk21
CLASSPATH=D:\CODE WEB\page-movie-management\apache-tomee-webprofile-10.0.0\bin\bootstrap.jar;D:\CODE WEB\page-movie-management\apache-tomee-webprofile-10.0.0\bin\tomcat-juli.jar
PATH=C:\Program Files\Microsoft MPI\Bin\;C:\Program Files\Common Files\Oracle\Java\javapath;C:\WINDOWS\system32;C:\WINDOWS;C:\WINDOWS\System32\Wbem;C:\WINDOWS\System32\WindowsPowerShell\v1.0\;C:\WINDOWS\System32\OpenSSH\;C:\Program Files\Microsoft SQL Server\Client SDK\ODBC\170\Tools\Binn\;D:\Install\bin;D:\Git\cmd;D:\XAMPP\php;C:\ProgramData\ComposerSetup\bin;C:\mingw64\bin;C:\TDM-GCC-32\bin;D:\notejs\;D:\XAMPP\mysql\bin;D:\Maven\bin;D:\Maven\apache-maven-3.9.9\bin;C:\Program Files (x86)\Microsoft SQL Server\160\Tools\Binn\;C:\Program Files\Microsoft SQL Server\160\Tools\Binn\;C:\Program Files\Microsoft SQL Server\160\DTS\Binn\;C:\Program Files (x86)\Microsoft SQL Server\160\DTS\Binn\;D:\python\Scripts\;D:\python\;D:\java\jdk21\bin;D:\Microsoft VS Code\bin;C:\Users\dell\AppData\Roaming\Composer\vendor\bin;C:\mingw64\bin;C:\Users\dell\AppData\Roaming\npm;D:\nodejs;D:\PyCharm\PyCharm Community Edition 2024.2.4\bin;;D:\Wireshark;D:\python3.10;D:\python39;D:\JetBrains\IntelliJ IDEA 2024.3.4.1\bin;;D:\Maven\bin;
USERNAME=dell
OS=Windows_NT
PROCESSOR_IDENTIFIER=Intel64 Family 6 Model 140 Stepping 1, GenuineIntel
TMP=C:\Users\dell\AppData\Local\Temp
TEMP=C:\Users\dell\AppData\Local\Temp




Periodic native trim disabled

---------------  S Y S T E M  ---------------

OS:
 Windows 10 , 64 bit Build 19041 (10.0.19041.5438)
OS uptime: 1 days 4:39 hours

CPU: total 8 (initial active 8) (4 cores per cpu, 2 threads per core) family 6 model 140 stepping 1 microcode 0xba, cx8, cmov, fxsr, ht, mmx, 3dnowpref, sse, sse2, sse3, ssse3, sse4.1, sse4.2, popcnt, lzcnt, tsc, tscinvbit, avx, avx2, aes, erms, clmul, bmi1, bmi2, adx, avx512f, avx512dq, avx512cd, avx512bw, avx512vl, sha, fma, vzeroupper, avx512_vpopcntdq, avx512_vpclmulqdq, avx512_vaes, avx512_vnni, clflush, clflushopt, clwb, avx512_vbmi2, avx512_vbmi, rdtscp, rdpid, fsrm, gfni, avx512_bitalg, f16c, pku, cet_ibt, cet_ss, avx512_ifma
Processor Information for all 8 processors :
  Max Mhz: 2419, Current Mhz: 2419, Mhz Limit: 2419

Memory: 4k page, system-wide physical 16118M (3743M free)
TotalPageFile size 16948M (AvailPageFile size 5M)
current process WorkingSet (physical memory assigned to process): 562M, peak: 563M
current process commit charge ("private bytes"): 626M, peak: 628M

vm_info: Java HotSpot(TM) 64-Bit Server VM (21.0.6+8-LTS-188) for windows-amd64 JRE (21.0.6+8-LTS-188), built on 2024-12-03T10:50:54Z by "mach5one" with MS VC++ 17.6 (VS2022)

END.
