#
# There is insufficient memory for the Java Runtime Environment to continue.
# Native memory allocation (malloc) failed to allocate 2267600 bytes for Chunk::new
# Possible reasons:
#   The system is out of physical RAM or swap space
#   The process is running with CompressedOops enabled, and the Java Heap may be blocking the growth of the native heap
# Possible solutions:
#   Reduce memory load on the system
#   Increase physical memory or swap space
#   Check if swap backing store is full
#   Decrease Java heap size (-Xmx/-Xms)
#   Decrease number of Java threads
#   Decrease Java thread stack sizes (-Xss)
#   Set larger code cache with -XX:ReservedCodeCacheSize=
#   JVM is running with Zero Based Compressed Oops mode in which the Java heap is
#     placed in the first 32GB address space. The Java Heap base address is the
#     maximum limit for the native heap growth. Please use -XX:HeapBaseMinAddress
#     to set the Java Heap base and to place the Java Heap above 32GB virtual address.
# This output file may be truncated or incomplete.
#
#  Out of Memory Error (arena.cpp:168), pid=15264, tid=7668
#
# JRE version: Java(TM) SE Runtime Environment (21.0.6+8) (build 21.0.6+8-LTS-188)
# Java VM: Java HotSpot(TM) 64-Bit Server VM (21.0.6+8-LTS-188, mixed mode, sharing, tiered, compressed oops, compressed class ptrs, g1 gc, windows-amd64)
# No core dump will be written. Minidumps are not enabled by default on client versions of Windows
#

---------------  S U M M A R Y ------------

Command Line: -Djava.util.logging.config.file=C:\Users\dell\AppData\Local\JetBrains\IntelliJIdea2024.3\tomcat\637303c7-005e-4fa5-a411-b0f41081b1ea\conf\logging.properties -Djava.util.logging.manager=org.apache.juli.ClassLoaderLogManager -javaagent:D:\CODE WEB\page-movie-management\apache-tomee-webprofile-10.0.0\lib\openejb-javaagent.jar -Dcom.sun.management.jmxremote= -Dcom.sun.management.jmxremote.port=1099 -Dcom.sun.management.jmxremote.ssl=false -Dcom.sun.management.jmxremote.password.file=C:\Users\dell\AppData\Local\JetBrains\IntelliJIdea2024.3\tomcat\637303c7-005e-4fa5-a411-b0f41081b1ea\jmxremote.password -Dcom.sun.management.jmxremote.access.file=C:\Users\dell\AppData\Local\JetBrains\IntelliJIdea2024.3\tomcat\637303c7-005e-4fa5-a411-b0f41081b1ea\jmxremote.access -Djava.rmi.server.hostname=127.0.0.1 -Dtomee.serialization.class.whitelist= -Dtomee.serialization.class.blacklist=- -Dtomee.remote.support=true -Dopenejb.system.apps=true -Djdk.tls.ephemeralDHKeySize=2048 -Djava.protocol.handler.pkgs=org.apache.catalina.webresources --add-opens=java.base/java.lang=ALL-UNNAMED --add-opens=java.base/java.io=ALL-UNNAMED --add-opens=java.base/java.util=ALL-UNNAMED --add-opens=java.base/java.util.concurrent=ALL-UNNAMED --add-opens=java.rmi/sun.rmi.transport=ALL-UNNAMED -Dcatalina.base=C:\Users\dell\AppData\Local\JetBrains\IntelliJIdea2024.3\tomcat\637303c7-005e-4fa5-a411-b0f41081b1ea -Dcatalina.home=D:\CODE WEB\page-movie-management\apache-tomee-webprofile-10.0.0 -Djava.io.tmpdir=C:\Users\dell\AppData\Local\JetBrains\IntelliJIdea2024.3\tomcat\637303c7-005e-4fa5-a411-b0f41081b1ea\temp org.apache.catalina.startup.Bootstrap start

Host: 11th Gen Intel(R) Core(TM) i5-1135G7 @ 2.40GHz, 8 cores, 15G,  Windows 10 , 64 bit Build 19041 (10.0.19041.5438)
Time: Wed Apr  2 22:25:41 2025 SE Asia Standard Time elapsed time: 17.192316 seconds (0d 0h 0m 17s)

---------------  T H R E A D  ---------------

Current thread (0x000001cd65e23260):  JavaThread "C2 CompilerThread0" daemon [_thread_in_native, id=7668, stack(0x0000006a70300000,0x0000006a70400000) (1024K)]


Current CompileTask:
C2:  17192 4840       4       org.apache.xbean.asm9.ClassReader::accept (1419 bytes)

Stack: [0x0000006a70300000,0x0000006a70400000]
Native frames: (J=compiled Java code, j=interpreted, Vv=VM code, C=native code)
V  [jvm.dll+0x6ca6d9]
V  [jvm.dll+0x854f51]
V  [jvm.dll+0x85747e]
V  [jvm.dll+0x857b53]
V  [jvm.dll+0x27dcc6]
V  [jvm.dll+0xc4c2d]
V  [jvm.dll+0xc5163]
V  [jvm.dll+0x3b515c]
V  [jvm.dll+0x381855]
V  [jvm.dll+0x380cca]
V  [jvm.dll+0x246920]
V  [jvm.dll+0x245eff]
V  [jvm.dll+0x1c6d2e]
V  [jvm.dll+0x2554f9]
V  [jvm.dll+0x253a8a]
V  [jvm.dll+0x3ee576]
V  [jvm.dll+0x7ff2fb]
V  [jvm.dll+0x6c8dbd]
C  [ucrtbase.dll+0x21bb2]
C  [KERNEL32.DLL+0x17374]
C  [ntdll.dll+0x4cc91]


---------------  P R O C E S S  ---------------

Threads class SMR info:
_java_thread_list=0x000001cd6c0fc900, length=38, elements={
0x000001cd44c3bd20, 0x000001cd65e16c70, 0x000001cd65e17a70, 0x000001cd65e1aa20,
0x000001cd65e1b620, 0x000001cd65e1e230, 0x000001cd65e1ec80, 0x000001cd65e23260,
0x000001cd65e2dec0, 0x000001cd6a090210, 0x000001cd6a339940, 0x000001cd6a359de0,
0x000001cd6a4ef590, 0x000001cd6a78f540, 0x000001cd6a3ce080, 0x000001cd6b4bf300,
0x000001cd6b80b7b0, 0x000001cd6b871280, 0x000001cd6b7772b0, 0x000001cd6b773e30,
0x000001cd6b774b50, 0x000001cd6b7751e0, 0x000001cd6b775870, 0x000001cd6b775f00,
0x000001cd6b776590, 0x000001cd6b776c20, 0x000001cd6c82cd40, 0x000001cd6c829f50,
0x000001cd6c830ee0, 0x000001cd6c831570, 0x000001cd6c82e780, 0x000001cd6c82da60,
0x000001cd6c82c020, 0x000001cd6c82a5e0, 0x000001cd6c82fb30, 0x000001cd6c82e0f0,
0x000001cd6c82d3d0, 0x000001cd6c82c6b0
}

Java Threads: ( => current thread )
  0x000001cd44c3bd20 JavaThread "main"                              [_thread_in_native, id=20764, stack(0x0000006a6f500000,0x0000006a6f600000) (1024K)]
  0x000001cd65e16c70 JavaThread "Reference Handler"          daemon [_thread_blocked, id=3992, stack(0x0000006a6fd00000,0x0000006a6fe00000) (1024K)]
  0x000001cd65e17a70 JavaThread "Finalizer"                  daemon [_thread_blocked, id=12672, stack(0x0000006a6fe00000,0x0000006a6ff00000) (1024K)]
  0x000001cd65e1aa20 JavaThread "Signal Dispatcher"          daemon [_thread_blocked, id=17132, stack(0x0000006a6ff00000,0x0000006a70000000) (1024K)]
  0x000001cd65e1b620 JavaThread "Attach Listener"            daemon [_thread_blocked, id=8896, stack(0x0000006a70000000,0x0000006a70100000) (1024K)]
  0x000001cd65e1e230 JavaThread "Service Thread"             daemon [_thread_blocked, id=20804, stack(0x0000006a70100000,0x0000006a70200000) (1024K)]
  0x000001cd65e1ec80 JavaThread "Monitor Deflation Thread"   daemon [_thread_blocked, id=15248, stack(0x0000006a70200000,0x0000006a70300000) (1024K)]
=>0x000001cd65e23260 JavaThread "C2 CompilerThread0"         daemon [_thread_in_native, id=7668, stack(0x0000006a70300000,0x0000006a70400000) (1024K)]
  0x000001cd65e2dec0 JavaThread "C1 CompilerThread0"         daemon [_thread_blocked, id=16684, stack(0x0000006a70400000,0x0000006a70500000) (1024K)]
  0x000001cd6a090210 JavaThread "Common-Cleaner"             daemon [_thread_blocked, id=19912, stack(0x0000006a70500000,0x0000006a70600000) (1024K)]
  0x000001cd6a339940 JavaThread "FileHandlerLogFilesCleaner-1" daemon [_thread_blocked, id=9612, stack(0x0000006a70600000,0x0000006a70700000) (1024K)]
  0x000001cd6a359de0 JavaThread "Notification Thread"        daemon [_thread_blocked, id=20652, stack(0x0000006a70800000,0x0000006a70900000) (1024K)]
  0x000001cd6a4ef590 JavaThread "RMI TCP Accept-0"           daemon [_thread_in_native, id=15624, stack(0x0000006a70a00000,0x0000006a70b00000) (1024K)]
  0x000001cd6a78f540 JavaThread "RMI TCP Accept-1099"        daemon [_thread_in_native, id=21156, stack(0x0000006a70b00000,0x0000006a70c00000) (1024K)]
  0x000001cd6a3ce080 JavaThread "RMI TCP Accept-0"           daemon [_thread_in_native, id=17984, stack(0x0000006a70c00000,0x0000006a70d00000) (1024K)]
  0x000001cd6b4bf300 JavaThread "RMI TCP Connection(1)-127.0.0.1" daemon [_thread_in_native, id=20084, stack(0x0000006a71400000,0x0000006a71500000) (1024K)]
  0x000001cd6b80b7b0 JavaThread "RMI Scheduler(0)"           daemon [_thread_blocked, id=19332, stack(0x0000006a71500000,0x0000006a71600000) (1024K)]
  0x000001cd6b871280 JavaThread "RMI TCP Connection(2)-127.0.0.1" daemon [_thread_in_native, id=11368, stack(0x0000006a71600000,0x0000006a71700000) (1024K)]
  0x000001cd6b7772b0 JavaThread "AsyncFileHandlerWriter-1"   daemon [_thread_blocked, id=21324, stack(0x0000006a71700000,0x0000006a71800000) (1024K)]
  0x000001cd6b773e30 JavaThread "mysql-cj-abandoned-connection-cleanup" daemon [_thread_blocked, id=14980, stack(0x0000006a71800000,0x0000006a71900000) (1024K)]
  0x000001cd6b774b50 JavaThread "RetryTimer"                 daemon [_thread_blocked, id=7832, stack(0x0000006a71900000,0x0000006a71a00000) (1024K)]
  0x000001cd6b7751e0 JavaThread "Tomcat JDBC Pool Cleaner[1935972447:1743607526267]" daemon [_thread_blocked, id=13200, stack(0x0000006a71a00000,0x0000006a71b00000) (1024K)]
  0x000001cd6b775870 JavaThread "DelayedCachedOutputStreamCleaner" daemon [_thread_blocked, id=15204, stack(0x0000006a71c00000,0x0000006a71d00000) (1024K)]
  0x000001cd6b775f00 JavaThread "Catalina-utility-1"                [_thread_blocked, id=21284, stack(0x0000006a70700000,0x0000006a70800000) (1024K)]
  0x000001cd6b776590 JavaThread "http-nio-8080-exec-1"       daemon [_thread_blocked, id=15340, stack(0x0000006a70900000,0x0000006a70a00000) (1024K)]
  0x000001cd6b776c20 JavaThread "http-nio-8080-exec-2"       daemon [_thread_blocked, id=17008, stack(0x0000006a71d00000,0x0000006a71e00000) (1024K)]
  0x000001cd6c82cd40 JavaThread "http-nio-8080-exec-3"       daemon [_thread_blocked, id=11092, stack(0x0000006a71e00000,0x0000006a71f00000) (1024K)]
  0x000001cd6c829f50 JavaThread "http-nio-8080-exec-4"       daemon [_thread_blocked, id=20996, stack(0x0000006a71f00000,0x0000006a72000000) (1024K)]
  0x000001cd6c830ee0 JavaThread "http-nio-8080-exec-5"       daemon [_thread_blocked, id=20188, stack(0x0000006a72000000,0x0000006a72100000) (1024K)]
  0x000001cd6c831570 JavaThread "http-nio-8080-exec-6"       daemon [_thread_in_native, id=3964, stack(0x0000006a72100000,0x0000006a72200000) (1024K)]
  0x000001cd6c82e780 JavaThread "http-nio-8080-exec-7"       daemon [_thread_blocked, id=10640, stack(0x0000006a72200000,0x0000006a72300000) (1024K)]
  0x000001cd6c82da60 JavaThread "http-nio-8080-exec-8"       daemon [_thread_blocked, id=6480, stack(0x0000006a72300000,0x0000006a72400000) (1024K)]
  0x000001cd6c82c020 JavaThread "http-nio-8080-exec-9"       daemon [_thread_blocked, id=8888, stack(0x0000006a72400000,0x0000006a72500000) (1024K)]
  0x000001cd6c82a5e0 JavaThread "http-nio-8080-exec-10"      daemon [_thread_blocked, id=14668, stack(0x0000006a72500000,0x0000006a72600000) (1024K)]
  0x000001cd6c82fb30 JavaThread "http-nio-8080-Poller"       daemon [_thread_in_native, id=8364, stack(0x0000006a72600000,0x0000006a72700000) (1024K)]
  0x000001cd6c82e0f0 JavaThread "http-nio-8080-Acceptor"     daemon [_thread_in_native, id=16728, stack(0x0000006a72700000,0x0000006a72800000) (1024K)]
  0x000001cd6c82d3d0 JavaThread "Catalina-utility-2"                [_thread_blocked, id=14936, stack(0x0000006a72800000,0x0000006a72900000) (1024K)]
  0x000001cd6c82c6b0 JavaThread "Thread-24"                  daemon [_thread_blocked, id=11544, stack(0x0000006a72900000,0x0000006a72a00000) (1024K)]
Total: 38

Other Threads:
  0x000001cd44c10290 VMThread "VM Thread"                           [id=9908, stack(0x0000006a6fc00000,0x0000006a6fd00000) (1024K)]
  0x000001cd65de3f50 WatcherThread "VM Periodic Task Thread"        [id=15440, stack(0x0000006a6fb00000,0x0000006a6fc00000) (1024K)]
  0x000001cd44c0e930 WorkerThread "GC Thread#0"                     [id=4152, stack(0x0000006a6f600000,0x0000006a6f700000) (1024K)]
  0x000001cd44c0f070 WorkerThread "GC Thread#1"                     [id=11312, stack(0x0000006a70d00000,0x0000006a70e00000) (1024K)]
  0x000001cd44c0ecd0 WorkerThread "GC Thread#2"                     [id=17204, stack(0x0000006a70e00000,0x0000006a70f00000) (1024K)]
  0x000001cd44c0f410 WorkerThread "GC Thread#3"                     [id=2756, stack(0x0000006a70f00000,0x0000006a71000000) (1024K)]
  0x000001cd6a7d9420 WorkerThread "GC Thread#4"                     [id=8228, stack(0x0000006a71000000,0x0000006a71100000) (1024K)]
  0x000001cd6a7dad80 WorkerThread "GC Thread#5"                     [id=19976, stack(0x0000006a71100000,0x0000006a71200000) (1024K)]
  0x000001cd6a7d97c0 WorkerThread "GC Thread#6"                     [id=15300, stack(0x0000006a71200000,0x0000006a71300000) (1024K)]
  0x000001cd6a7d9b60 WorkerThread "GC Thread#7"                     [id=15060, stack(0x0000006a71300000,0x0000006a71400000) (1024K)]
  0x000001cd44e3df80 ConcurrentGCThread "G1 Main Marker"            [id=12112, stack(0x0000006a6f700000,0x0000006a6f800000) (1024K)]
  0x000001cd44c0f7b0 WorkerThread "G1 Conc#0"                       [id=10108, stack(0x0000006a6f800000,0x0000006a6f900000) (1024K)]
  0x000001cd6a7da2a0 WorkerThread "G1 Conc#1"                       [id=1892, stack(0x0000006a71b00000,0x0000006a71c00000) (1024K)]
  0x000001cd65cbb930 ConcurrentGCThread "G1 Refine#0"               [id=10716, stack(0x0000006a6f900000,0x0000006a6fa00000) (1024K)]
  0x000001cd65cbc150 ConcurrentGCThread "G1 Service"                [id=3088, stack(0x0000006a6fa00000,0x0000006a6fb00000) (1024K)]
Total: 15

Threads with active compile tasks:
C2 CompilerThread0    17215 4840       4       org.apache.xbean.asm9.ClassReader::accept (1419 bytes)
Total: 1

VM state: not at safepoint (normal execution)

VM Mutex/Monitor currently owned by a thread: None

Heap address: 0x0000000704200000, size: 4030 MB, Compressed Oops mode: Zero based, Oop shift amount: 3

CDS archive(s) mapped at: [0x000001cd00000000-0x000001cd00c90000-0x000001cd00c90000), size 13172736, SharedBaseAddress: 0x000001cd00000000, ArchiveRelocationMode: 1.
Compressed class space mapped at: 0x000001cd01000000-0x000001cd41000000, reserved size: 1073741824
Narrow klass base: 0x000001cd00000000, Narrow klass shift: 0, Narrow klass range: 0x100000000

GC Precious Log:
 CardTable entry size: 512
 Card Set container configuration: InlinePtr #cards 4 size 8 Array Of Cards #cards 16 size 48 Howl #buckets 8 coarsen threshold 3686 Howl Bitmap #cards 512 size 80 coarsen threshold 460 Card regions per heap region 1 cards per card region 4096
 CPUs: 8 total, 8 available
 Memory: 16118M
 Large Page Support: Disabled
 NUMA Support: Disabled
 Compressed Oops: Enabled (Zero based)
 Heap Region Size: 2M
 Heap Min Capacity: 8M
 Heap Initial Capacity: 252M
 Heap Max Capacity: 4030M
 Pre-touch: Disabled
 Parallel Workers: 8
 Concurrent Workers: 2
 Concurrent Refinement Workers: 8
 Periodic GC: Disabled

Heap:
 garbage-first heap   total 163840K, used 46827K [0x0000000704200000, 0x0000000800000000)
  region size 2048K, 6 young (12288K), 1 survivors (2048K)
 Metaspace       used 36833K, committed 37440K, reserved 1114112K
  class space    used 3955K, committed 4224K, reserved 1048576K

Heap Regions: E=young(eden), S=young(survivor), O=old, HS=humongous(starts), HC=humongous(continues), CS=collection set, F=free, TAMS=top-at-mark-start, PB=parsable bottom
|   0|0x0000000704200000, 0x0000000704400000, 0x0000000704400000|100%| O|  |TAMS 0x0000000704200000| PB 0x0000000704200000| Untracked 
|   1|0x0000000704400000, 0x0000000704600000, 0x0000000704600000|100%| O|  |TAMS 0x0000000704400000| PB 0x0000000704400000| Untracked 
|   2|0x0000000704600000, 0x00000007047fffb8, 0x0000000704800000| 99%| O|  |TAMS 0x0000000704600000| PB 0x0000000704600000| Untracked 
|   3|0x0000000704800000, 0x00000007049ffff0, 0x0000000704a00000| 99%| O|  |TAMS 0x0000000704800000| PB 0x0000000704800000| Untracked 
|   4|0x0000000704a00000, 0x0000000704c00000, 0x0000000704c00000|100%| O|  |TAMS 0x0000000704a00000| PB 0x0000000704a00000| Untracked 
|   5|0x0000000704c00000, 0x0000000704dfe0e0, 0x0000000704e00000| 99%| O|  |TAMS 0x0000000704c00000| PB 0x0000000704c00000| Untracked 
|   6|0x0000000704e00000, 0x0000000704fa8538, 0x0000000705000000| 82%| O|  |TAMS 0x0000000704e00000| PB 0x0000000704e00000| Untracked 
|   7|0x0000000705000000, 0x000000070507ef30, 0x0000000705200000| 24%| O|  |TAMS 0x0000000705000000| PB 0x0000000705000000| Untracked 
|   8|0x0000000705200000, 0x0000000705400000, 0x0000000705400000|100%| O|  |TAMS 0x0000000705200000| PB 0x0000000705200000| Untracked 
|   9|0x0000000705400000, 0x0000000705600000, 0x0000000705600000|100%| O|  |TAMS 0x0000000705400000| PB 0x0000000705400000| Untracked 
|  10|0x0000000705600000, 0x0000000705800000, 0x0000000705800000|100%| O|  |TAMS 0x0000000705600000| PB 0x0000000705600000| Untracked 
|  11|0x0000000705800000, 0x0000000705a00000, 0x0000000705a00000|100%| O|  |TAMS 0x0000000705800000| PB 0x0000000705800000| Untracked 
|  12|0x0000000705a00000, 0x0000000705c00000, 0x0000000705c00000|100%| O|  |TAMS 0x0000000705a00000| PB 0x0000000705a00000| Untracked 
|  13|0x0000000705c00000, 0x0000000705e00000, 0x0000000705e00000|100%| O|  |TAMS 0x0000000705c00000| PB 0x0000000705c00000| Untracked 
|  14|0x0000000705e00000, 0x0000000706000000, 0x0000000706000000|100%| O|  |TAMS 0x0000000705e00000| PB 0x0000000705e00000| Untracked 
|  15|0x0000000706000000, 0x0000000706200000, 0x0000000706200000|100%| O|  |TAMS 0x0000000706000000| PB 0x0000000706000000| Untracked 
|  16|0x0000000706200000, 0x000000070636b420, 0x0000000706400000| 70%| O|  |TAMS 0x0000000706200000| PB 0x0000000706200000| Untracked 
|  17|0x0000000706400000, 0x0000000706600000, 0x0000000706600000|100%| O|  |TAMS 0x0000000706400000| PB 0x0000000706400000| Untracked 
|  18|0x0000000706600000, 0x0000000706600000, 0x0000000706800000|  0%| F|  |TAMS 0x0000000706600000| PB 0x0000000706600000| Untracked 
|  19|0x0000000706800000, 0x0000000706800000, 0x0000000706a00000|  0%| F|  |TAMS 0x0000000706800000| PB 0x0000000706800000| Untracked 
|  20|0x0000000706a00000, 0x0000000706a00000, 0x0000000706c00000|  0%| F|  |TAMS 0x0000000706a00000| PB 0x0000000706a00000| Untracked 
|  21|0x0000000706c00000, 0x0000000706c00000, 0x0000000706e00000|  0%| F|  |TAMS 0x0000000706c00000| PB 0x0000000706c00000| Untracked 
|  22|0x0000000706e00000, 0x0000000706e00000, 0x0000000707000000|  0%| F|  |TAMS 0x0000000706e00000| PB 0x0000000706e00000| Untracked 
|  23|0x0000000707000000, 0x0000000707000000, 0x0000000707200000|  0%| F|  |TAMS 0x0000000707000000| PB 0x0000000707000000| Untracked 
|  24|0x0000000707200000, 0x0000000707200000, 0x0000000707400000|  0%| F|  |TAMS 0x0000000707200000| PB 0x0000000707200000| Untracked 
|  25|0x0000000707400000, 0x0000000707400000, 0x0000000707600000|  0%| F|  |TAMS 0x0000000707400000| PB 0x0000000707400000| Untracked 
|  26|0x0000000707600000, 0x0000000707600000, 0x0000000707800000|  0%| F|  |TAMS 0x0000000707600000| PB 0x0000000707600000| Untracked 
|  27|0x0000000707800000, 0x0000000707a00000, 0x0000000707a00000|100%| O|  |TAMS 0x0000000707800000| PB 0x0000000707800000| Untracked 
|  28|0x0000000707a00000, 0x0000000707c00000, 0x0000000707c00000|100%| O|  |TAMS 0x0000000707a00000| PB 0x0000000707a00000| Untracked 
|  29|0x0000000707c00000, 0x0000000707c00000, 0x0000000707e00000|  0%| F|  |TAMS 0x0000000707c00000| PB 0x0000000707c00000| Untracked 
|  30|0x0000000707e00000, 0x0000000707e00000, 0x0000000708000000|  0%| F|  |TAMS 0x0000000707e00000| PB 0x0000000707e00000| Untracked 
|  31|0x0000000708000000, 0x000000070802a6d0, 0x0000000708200000|  8%| S|CS|TAMS 0x0000000708000000| PB 0x0000000708000000| Complete 
|  32|0x0000000708200000, 0x0000000708200000, 0x0000000708400000|  0%| F|  |TAMS 0x0000000708200000| PB 0x0000000708200000| Untracked 
|  33|0x0000000708400000, 0x0000000708400000, 0x0000000708600000|  0%| F|  |TAMS 0x0000000708400000| PB 0x0000000708400000| Untracked 
|  34|0x0000000708600000, 0x0000000708600000, 0x0000000708800000|  0%| F|  |TAMS 0x0000000708600000| PB 0x0000000708600000| Untracked 
|  35|0x0000000708800000, 0x0000000708800000, 0x0000000708a00000|  0%| F|  |TAMS 0x0000000708800000| PB 0x0000000708800000| Untracked 
|  36|0x0000000708a00000, 0x0000000708a00000, 0x0000000708c00000|  0%| F|  |TAMS 0x0000000708a00000| PB 0x0000000708a00000| Untracked 
|  37|0x0000000708c00000, 0x0000000708c00000, 0x0000000708e00000|  0%| F|  |TAMS 0x0000000708c00000| PB 0x0000000708c00000| Untracked 
|  38|0x0000000708e00000, 0x0000000708e00000, 0x0000000709000000|  0%| F|  |TAMS 0x0000000708e00000| PB 0x0000000708e00000| Untracked 
|  39|0x0000000709000000, 0x0000000709000000, 0x0000000709200000|  0%| F|  |TAMS 0x0000000709000000| PB 0x0000000709000000| Untracked 
|  40|0x0000000709200000, 0x0000000709200000, 0x0000000709400000|  0%| F|  |TAMS 0x0000000709200000| PB 0x0000000709200000| Untracked 
|  41|0x0000000709400000, 0x0000000709400000, 0x0000000709600000|  0%| F|  |TAMS 0x0000000709400000| PB 0x0000000709400000| Untracked 
|  42|0x0000000709600000, 0x0000000709600000, 0x0000000709800000|  0%| F|  |TAMS 0x0000000709600000| PB 0x0000000709600000| Untracked 
|  43|0x0000000709800000, 0x0000000709800000, 0x0000000709a00000|  0%| F|  |TAMS 0x0000000709800000| PB 0x0000000709800000| Untracked 
|  44|0x0000000709a00000, 0x0000000709a00000, 0x0000000709c00000|  0%| F|  |TAMS 0x0000000709a00000| PB 0x0000000709a00000| Untracked 
|  45|0x0000000709c00000, 0x0000000709c00000, 0x0000000709e00000|  0%| F|  |TAMS 0x0000000709c00000| PB 0x0000000709c00000| Untracked 
|  46|0x0000000709e00000, 0x0000000709e00000, 0x000000070a000000|  0%| F|  |TAMS 0x0000000709e00000| PB 0x0000000709e00000| Untracked 
|  47|0x000000070a000000, 0x000000070a000000, 0x000000070a200000|  0%| F|  |TAMS 0x000000070a000000| PB 0x000000070a000000| Untracked 
|  48|0x000000070a200000, 0x000000070a200000, 0x000000070a400000|  0%| F|  |TAMS 0x000000070a200000| PB 0x000000070a200000| Untracked 
|  49|0x000000070a400000, 0x000000070a400000, 0x000000070a600000|  0%| F|  |TAMS 0x000000070a400000| PB 0x000000070a400000| Untracked 
|  50|0x000000070a600000, 0x000000070a600000, 0x000000070a800000|  0%| F|  |TAMS 0x000000070a600000| PB 0x000000070a600000| Untracked 
|  51|0x000000070a800000, 0x000000070a800000, 0x000000070aa00000|  0%| F|  |TAMS 0x000000070a800000| PB 0x000000070a800000| Untracked 
|  52|0x000000070aa00000, 0x000000070aa00000, 0x000000070ac00000|  0%| F|  |TAMS 0x000000070aa00000| PB 0x000000070aa00000| Untracked 
|  53|0x000000070ac00000, 0x000000070ac00000, 0x000000070ae00000|  0%| F|  |TAMS 0x000000070ac00000| PB 0x000000070ac00000| Untracked 
|  54|0x000000070ae00000, 0x000000070ae00000, 0x000000070b000000|  0%| F|  |TAMS 0x000000070ae00000| PB 0x000000070ae00000| Untracked 
|  55|0x000000070b000000, 0x000000070b000000, 0x000000070b200000|  0%| F|  |TAMS 0x000000070b000000| PB 0x000000070b000000| Untracked 
|  56|0x000000070b200000, 0x000000070b200000, 0x000000070b400000|  0%| F|  |TAMS 0x000000070b200000| PB 0x000000070b200000| Untracked 
|  57|0x000000070b400000, 0x000000070b400000, 0x000000070b600000|  0%| F|  |TAMS 0x000000070b400000| PB 0x000000070b400000| Untracked 
|  58|0x000000070b600000, 0x000000070b600000, 0x000000070b800000|  0%| F|  |TAMS 0x000000070b600000| PB 0x000000070b600000| Untracked 
|  59|0x000000070b800000, 0x000000070b800000, 0x000000070ba00000|  0%| F|  |TAMS 0x000000070b800000| PB 0x000000070b800000| Untracked 
|  60|0x000000070ba00000, 0x000000070ba00000, 0x000000070bc00000|  0%| F|  |TAMS 0x000000070ba00000| PB 0x000000070ba00000| Untracked 
|  61|0x000000070bc00000, 0x000000070bc00000, 0x000000070be00000|  0%| F|  |TAMS 0x000000070bc00000| PB 0x000000070bc00000| Untracked 
|  62|0x000000070be00000, 0x000000070be00000, 0x000000070c000000|  0%| F|  |TAMS 0x000000070be00000| PB 0x000000070be00000| Untracked 
|  63|0x000000070c000000, 0x000000070c000000, 0x000000070c200000|  0%| F|  |TAMS 0x000000070c000000| PB 0x000000070c000000| Untracked 
|  64|0x000000070c200000, 0x000000070c200000, 0x000000070c400000|  0%| F|  |TAMS 0x000000070c200000| PB 0x000000070c200000| Untracked 
|  65|0x000000070c400000, 0x000000070c400000, 0x000000070c600000|  0%| F|  |TAMS 0x000000070c400000| PB 0x000000070c400000| Untracked 
|  66|0x000000070c600000, 0x000000070c600000, 0x000000070c800000|  0%| F|  |TAMS 0x000000070c600000| PB 0x000000070c600000| Untracked 
|  67|0x000000070c800000, 0x000000070c800000, 0x000000070ca00000|  0%| F|  |TAMS 0x000000070c800000| PB 0x000000070c800000| Untracked 
|  68|0x000000070ca00000, 0x000000070ca00000, 0x000000070cc00000|  0%| F|  |TAMS 0x000000070ca00000| PB 0x000000070ca00000| Untracked 
|  69|0x000000070cc00000, 0x000000070cc00000, 0x000000070ce00000|  0%| F|  |TAMS 0x000000070cc00000| PB 0x000000070cc00000| Untracked 
|  70|0x000000070ce00000, 0x000000070ce00000, 0x000000070d000000|  0%| F|  |TAMS 0x000000070ce00000| PB 0x000000070ce00000| Untracked 
|  71|0x000000070d000000, 0x000000070d000000, 0x000000070d200000|  0%| F|  |TAMS 0x000000070d000000| PB 0x000000070d000000| Untracked 
|  72|0x000000070d200000, 0x000000070d200000, 0x000000070d400000|  0%| F|  |TAMS 0x000000070d200000| PB 0x000000070d200000| Untracked 
|  73|0x000000070d400000, 0x000000070d400000, 0x000000070d600000|  0%| F|  |TAMS 0x000000070d400000| PB 0x000000070d400000| Untracked 
|  74|0x000000070d600000, 0x000000070d600000, 0x000000070d800000|  0%| F|  |TAMS 0x000000070d600000| PB 0x000000070d600000| Untracked 
|  75|0x000000070d800000, 0x000000070da00000, 0x000000070da00000|100%| E|  |TAMS 0x000000070d800000| PB 0x000000070d800000| Complete 
|  76|0x000000070da00000, 0x000000070dc00000, 0x000000070dc00000|100%| E|CS|TAMS 0x000000070da00000| PB 0x000000070da00000| Complete 
| 105|0x0000000711400000, 0x0000000711600000, 0x0000000711600000|100%| E|CS|TAMS 0x0000000711400000| PB 0x0000000711400000| Complete 
| 109|0x0000000711c00000, 0x0000000711e00000, 0x0000000711e00000|100%| E|CS|TAMS 0x0000000711c00000| PB 0x0000000711c00000| Complete 
| 125|0x0000000713c00000, 0x0000000713e00000, 0x0000000713e00000|100%| E|CS|TAMS 0x0000000713c00000| PB 0x0000000713c00000| Complete 

Card table byte_map: [0x000001cd5ec70000,0x000001cd5f450000] _byte_map_base: 0x000001cd5b44f000

Marking Bits: (CMBitMap*) 0x000001cd44e2d920
 Bits: [0x000001cd5f450000, 0x000001cd63348000)

Polling page: 0x000001cd44e90000

Metaspace:

Usage:
  Non-class:     32.11 MB used.
      Class:      3.86 MB used.
       Both:     35.97 MB used.

Virtual space:
  Non-class space:       64.00 MB reserved,      32.44 MB ( 51%) committed,  1 nodes.
      Class space:        1.00 GB reserved,       4.12 MB ( <1%) committed,  1 nodes.
             Both:        1.06 GB reserved,      36.56 MB (  3%) committed. 

Chunk freelists:
   Non-Class:  15.48 MB
       Class:  11.84 MB
        Both:  27.33 MB

MaxMetaspaceSize: unlimited
CompressedClassSpaceSize: 1.00 GB
Initial GC threshold: 21.00 MB
Current GC threshold: 60.75 MB
CDS: on
 - commit_granule_bytes: 65536.
 - commit_granule_words: 8192.
 - virtual_space_node_default_size: 8388608.
 - enlarge_chunks_in_place: 1.
 - use_allocation_guard: 0.


Internal statistics:

num_allocs_failed_limit: 3.
num_arena_births: 734.
num_arena_deaths: 0.
num_vsnodes_births: 2.
num_vsnodes_deaths: 0.
num_space_committed: 584.
num_space_uncommitted: 0.
num_chunks_returned_to_freelist: 3.
num_chunks_taken_from_freelist: 1770.
num_chunk_merges: 3.
num_chunk_splits: 1134.
num_chunks_enlarged: 668.
num_inconsistent_stats: 0.

CodeHeap 'non-profiled nmethods': size=120000Kb used=2730Kb max_used=2730Kb free=117269Kb
 bounds [0x000001cd564f0000, 0x000001cd567a0000, 0x000001cd5da20000]
CodeHeap 'profiled nmethods': size=120000Kb used=7774Kb max_used=8842Kb free=112225Kb
 bounds [0x000001cd4ea20000, 0x000001cd4f2d0000, 0x000001cd55f50000]
CodeHeap 'non-nmethods': size=5760Kb used=1793Kb max_used=1862Kb free=3967Kb
 bounds [0x000001cd55f50000, 0x000001cd561c0000, 0x000001cd564f0000]
 total_blobs=4713 nmethods=4058 adapters=558
 compilation: enabled
              stopped_count=0, restarted_count=0
 full_count=0

Compilation events (20 events):
Event: 15.877 Thread 0x000001cd65e23260 nmethod 4831 0x000001cd5678ac90 code [0x000001cd5678af00, 0x000001cd5678ba50]
Event: 15.877 Thread 0x000001cd65e23260 4832       4       sun.net.www.protocol.jar.JarFileFactory::urlFor (79 bytes)
Event: 15.885 Thread 0x000001cd65e23260 nmethod 4832 0x000001cd5678c390 code [0x000001cd5678c540, 0x000001cd5678c958]
Event: 15.885 Thread 0x000001cd65e23260 4833       4       sun.net.www.protocol.jar.URLJarFile::isFileURL (50 bytes)
Event: 15.892 Thread 0x000001cd65e23260 nmethod 4833 0x000001cd5678cc90 code [0x000001cd5678ce40, 0x000001cd5678d228]
Event: 15.892 Thread 0x000001cd65e23260 4834  s    4       java.util.zip.Inflater$InflaterZStreamRef::run (21 bytes)
Event: 15.893 Thread 0x000001cd65e23260 nmethod 4834 0x000001cd5678d510 code [0x000001cd5678d6a0, 0x000001cd5678d998]
Event: 15.897 Thread 0x000001cd65e23260 4835       4       sun.net.www.protocol.jar.URLJarFile::getJarFile (46 bytes)
Event: 16.242 Thread 0x000001cd65e23260 nmethod 4835 0x000001cd5678da90 code [0x000001cd5678e300, 0x000001cd56794890]
Event: 16.243 Thread 0x000001cd65e23260 4836       4       java.util.zip.ZipEntry::<init> (172 bytes)
Event: 16.247 Thread 0x000001cd65e23260 nmethod 4836 0x000001cd56798b10 code [0x000001cd56798cc0, 0x000001cd56799360]
Event: 16.247 Thread 0x000001cd65e23260 4837       4       org.apache.openejb.util.AnnotationFinder$Visitor::visitMethod (5 bytes)
Event: 16.248 Thread 0x000001cd65e23260 nmethod 4837 0x000001cd56799410 code [0x000001cd56799580, 0x000001cd56799608]
Event: 16.303 Thread 0x000001cd65e23260 4838       4       java.lang.Runtime$Version::feature (17 bytes)
Event: 16.304 Thread 0x000001cd65e23260 nmethod 4838 0x000001cd56799710 code [0x000001cd567998a0, 0x000001cd567999a8]
Event: 16.719 Thread 0x000001cd65e23260 4839   !   4       java.util.zip.Inflater::end (37 bytes)
Event: 16.727 Thread 0x000001cd65e23260 nmethod 4839 0x000001cd56799a90 code [0x000001cd56799c80, 0x000001cd5679a700]
Event: 16.939 Thread 0x000001cd65e23260 4840       4       org.apache.xbean.asm9.ClassReader::accept (1419 bytes)
Event: 17.177 Thread 0x000001cd65e2dec0 4844       3       java.util.concurrent.locks.ReentrantLock$NonfairSync::tryAcquire (27 bytes)
Event: 17.178 Thread 0x000001cd65e2dec0 nmethod 4844 0x000001cd4eb14990 code [0x000001cd4eb14b60, 0x000001cd4eb14df8]

GC Heap History (20 events):
Event: 14.061 GC heap before
{Heap before GC invocations=35 (full 12):
 garbage-first heap   total 163840K, used 132658K [0x0000000704200000, 0x0000000800000000)
  region size 2048K, 48 young (98304K), 2 survivors (4096K)
 Metaspace       used 36801K, committed 37376K, reserved 1114112K
  class space    used 3951K, committed 4224K, reserved 1048576K
}
Event: 14.063 GC heap after
{Heap after GC invocations=36 (full 12):
 garbage-first heap   total 163840K, used 38320K [0x0000000704200000, 0x0000000800000000)
  region size 2048K, 2 young (4096K), 2 survivors (4096K)
 Metaspace       used 36801K, committed 37376K, reserved 1114112K
  class space    used 3951K, committed 4224K, reserved 1048576K
}
Event: 14.375 GC heap before
{Heap before GC invocations=36 (full 12):
 garbage-first heap   total 163840K, used 132528K [0x0000000704200000, 0x0000000800000000)
  region size 2048K, 48 young (98304K), 2 survivors (4096K)
 Metaspace       used 36832K, committed 37440K, reserved 1114112K
  class space    used 3955K, committed 4224K, reserved 1048576K
}
Event: 14.377 GC heap after
{Heap after GC invocations=37 (full 12):
 garbage-first heap   total 163840K, used 38405K [0x0000000704200000, 0x0000000800000000)
  region size 2048K, 1 young (2048K), 1 survivors (2048K)
 Metaspace       used 36832K, committed 37440K, reserved 1114112K
  class space    used 3955K, committed 4224K, reserved 1048576K
}
Event: 14.780 GC heap before
{Heap before GC invocations=37 (full 12):
 garbage-first heap   total 163840K, used 134661K [0x0000000704200000, 0x0000000800000000)
  region size 2048K, 48 young (98304K), 1 survivors (2048K)
 Metaspace       used 36832K, committed 37440K, reserved 1114112K
  class space    used 3955K, committed 4224K, reserved 1048576K
}
Event: 14.780 GC heap after
{Heap after GC invocations=38 (full 12):
 garbage-first heap   total 163840K, used 38569K [0x0000000704200000, 0x0000000800000000)
  region size 2048K, 1 young (2048K), 1 survivors (2048K)
 Metaspace       used 36832K, committed 37440K, reserved 1114112K
  class space    used 3955K, committed 4224K, reserved 1048576K
}
Event: 15.168 GC heap before
{Heap before GC invocations=38 (full 12):
 garbage-first heap   total 163840K, used 134825K [0x0000000704200000, 0x0000000800000000)
  region size 2048K, 48 young (98304K), 1 survivors (2048K)
 Metaspace       used 36832K, committed 37440K, reserved 1114112K
  class space    used 3955K, committed 4224K, reserved 1048576K
}
Event: 15.169 GC heap after
{Heap after GC invocations=39 (full 12):
 garbage-first heap   total 163840K, used 38557K [0x0000000704200000, 0x0000000800000000)
  region size 2048K, 1 young (2048K), 1 survivors (2048K)
 Metaspace       used 36832K, committed 37440K, reserved 1114112K
  class space    used 3955K, committed 4224K, reserved 1048576K
}
Event: 15.432 GC heap before
{Heap before GC invocations=39 (full 12):
 garbage-first heap   total 163840K, used 134813K [0x0000000704200000, 0x0000000800000000)
  region size 2048K, 48 young (98304K), 1 survivors (2048K)
 Metaspace       used 36832K, committed 37440K, reserved 1114112K
  class space    used 3955K, committed 4224K, reserved 1048576K
}
Event: 15.433 GC heap after
{Heap after GC invocations=40 (full 12):
 garbage-first heap   total 163840K, used 38636K [0x0000000704200000, 0x0000000800000000)
  region size 2048K, 1 young (2048K), 1 survivors (2048K)
 Metaspace       used 36832K, committed 37440K, reserved 1114112K
  class space    used 3955K, committed 4224K, reserved 1048576K
}
Event: 15.711 GC heap before
{Heap before GC invocations=40 (full 12):
 garbage-first heap   total 163840K, used 134892K [0x0000000704200000, 0x0000000800000000)
  region size 2048K, 48 young (98304K), 1 survivors (2048K)
 Metaspace       used 36832K, committed 37440K, reserved 1114112K
  class space    used 3955K, committed 4224K, reserved 1048576K
}
Event: 15.711 GC heap after
{Heap after GC invocations=41 (full 12):
 garbage-first heap   total 163840K, used 38519K [0x0000000704200000, 0x0000000800000000)
  region size 2048K, 1 young (2048K), 1 survivors (2048K)
 Metaspace       used 36832K, committed 37440K, reserved 1114112K
  class space    used 3955K, committed 4224K, reserved 1048576K
}
Event: 15.972 GC heap before
{Heap before GC invocations=41 (full 12):
 garbage-first heap   total 163840K, used 134775K [0x0000000704200000, 0x0000000800000000)
  region size 2048K, 48 young (98304K), 1 survivors (2048K)
 Metaspace       used 36832K, committed 37440K, reserved 1114112K
  class space    used 3955K, committed 4224K, reserved 1048576K
}
Event: 15.973 GC heap after
{Heap after GC invocations=42 (full 12):
 garbage-first heap   total 163840K, used 38534K [0x0000000704200000, 0x0000000800000000)
  region size 2048K, 1 young (2048K), 1 survivors (2048K)
 Metaspace       used 36832K, committed 37440K, reserved 1114112K
  class space    used 3955K, committed 4224K, reserved 1048576K
}
Event: 16.256 GC heap before
{Heap before GC invocations=42 (full 12):
 garbage-first heap   total 163840K, used 134790K [0x0000000704200000, 0x0000000800000000)
  region size 2048K, 48 young (98304K), 1 survivors (2048K)
 Metaspace       used 36832K, committed 37440K, reserved 1114112K
  class space    used 3955K, committed 4224K, reserved 1048576K
}
Event: 16.256 GC heap after
{Heap after GC invocations=43 (full 12):
 garbage-first heap   total 163840K, used 38482K [0x0000000704200000, 0x0000000800000000)
  region size 2048K, 1 young (2048K), 1 survivors (2048K)
 Metaspace       used 36832K, committed 37440K, reserved 1114112K
  class space    used 3955K, committed 4224K, reserved 1048576K
}
Event: 16.531 GC heap before
{Heap before GC invocations=43 (full 12):
 garbage-first heap   total 163840K, used 134738K [0x0000000704200000, 0x0000000800000000)
  region size 2048K, 48 young (98304K), 1 survivors (2048K)
 Metaspace       used 36832K, committed 37440K, reserved 1114112K
  class space    used 3955K, committed 4224K, reserved 1048576K
}
Event: 16.532 GC heap after
{Heap after GC invocations=44 (full 12):
 garbage-first heap   total 163840K, used 38650K [0x0000000704200000, 0x0000000800000000)
  region size 2048K, 1 young (2048K), 1 survivors (2048K)
 Metaspace       used 36832K, committed 37440K, reserved 1114112K
  class space    used 3955K, committed 4224K, reserved 1048576K
}
Event: 16.855 GC heap before
{Heap before GC invocations=44 (full 12):
 garbage-first heap   total 163840K, used 134906K [0x0000000704200000, 0x0000000800000000)
  region size 2048K, 48 young (98304K), 1 survivors (2048K)
 Metaspace       used 36832K, committed 37440K, reserved 1114112K
  class space    used 3955K, committed 4224K, reserved 1048576K
}
Event: 16.856 GC heap after
{Heap after GC invocations=45 (full 12):
 garbage-first heap   total 163840K, used 38648K [0x0000000704200000, 0x0000000800000000)
  region size 2048K, 1 young (2048K), 1 survivors (2048K)
 Metaspace       used 36832K, committed 37440K, reserved 1114112K
  class space    used 3955K, committed 4224K, reserved 1048576K
}

Dll operation events (14 events):
Event: 0.007 Loaded shared library D:\java\jdk21\bin\java.dll
Event: 0.038 Loaded shared library D:\java\jdk21\bin\jsvml.dll
Event: 0.087 Loaded shared library D:\java\jdk21\bin\zip.dll
Event: 0.090 Loaded shared library D:\java\jdk21\bin\instrument.dll
Event: 0.094 Loaded shared library D:\java\jdk21\bin\net.dll
Event: 0.096 Loaded shared library D:\java\jdk21\bin\nio.dll
Event: 0.098 Loaded shared library D:\java\jdk21\bin\zip.dll
Event: 0.157 Loaded shared library D:\java\jdk21\bin\jimage.dll
Event: 0.248 Loaded shared library D:\java\jdk21\bin\management_agent.dll
Event: 0.251 Loaded shared library D:\java\jdk21\bin\management.dll
Event: 0.266 Loaded shared library D:\java\jdk21\bin\management_ext.dll
Event: 0.602 Loaded shared library D:\java\jdk21\bin\extnet.dll
Event: 2.386 Loaded shared library D:\java\jdk21\bin\sunmscapi.dll
Event: 3.036 Loaded shared library D:\java\jdk21\bin\verify.dll

Deoptimization events (20 events):
Event: 7.849 Thread 0x000001cd6c831570 DEOPT PACKING pc=0x000001cd565af674 sp=0x0000006a721fc8d0
Event: 7.849 Thread 0x000001cd6c831570 DEOPT UNPACKING pc=0x000001cd55fa7da2 sp=0x0000006a721fc850 mode 2
Event: 7.881 Thread 0x000001cd6c831570 Uncommon trap: trap_request=0xffffffde fr.pc=0x000001cd565af674 relative=0x0000000000001c34
Event: 7.881 Thread 0x000001cd6c831570 Uncommon trap: reason=class_check action=maybe_recompile pc=0x000001cd565af674 method=org.apache.xbean.asm9.ClassReader.readField(Lorg/apache/xbean/asm9/ClassVisitor;Lorg/apache/xbean/asm9/Context;I)I @ 340 c2
Event: 7.881 Thread 0x000001cd6c831570 DEOPT PACKING pc=0x000001cd565af674 sp=0x0000006a721fc8d0
Event: 7.881 Thread 0x000001cd6c831570 DEOPT UNPACKING pc=0x000001cd55fa7da2 sp=0x0000006a721fc850 mode 2
Event: 8.107 Thread 0x000001cd6c831570 DEOPT PACKING pc=0x000001cd4ec937fe sp=0x0000006a721fbff0
Event: 8.107 Thread 0x000001cd6c831570 DEOPT UNPACKING pc=0x000001cd55fa88e2 sp=0x0000006a721fb570 mode 0
Event: 11.169 Thread 0x000001cd6c831570 Uncommon trap: trap_request=0xffffff45 fr.pc=0x000001cd5658be8c relative=0x00000000000014ac
Event: 11.169 Thread 0x000001cd6c831570 Uncommon trap: reason=unstable_if action=reinterpret pc=0x000001cd5658be8c method=org.apache.xbean.asm9.ClassReader.readField(Lorg/apache/xbean/asm9/ClassVisitor;Lorg/apache/xbean/asm9/Context;I)I @ 224 c2
Event: 11.169 Thread 0x000001cd6c831570 DEOPT PACKING pc=0x000001cd5658be8c sp=0x0000006a721fc8a0
Event: 11.169 Thread 0x000001cd6c831570 DEOPT UNPACKING pc=0x000001cd55fa7da2 sp=0x0000006a721fc808 mode 2
Event: 11.172 Thread 0x000001cd6c831570 Uncommon trap: trap_request=0xffffff45 fr.pc=0x000001cd567495f8 relative=0x0000000000007ed8
Event: 11.172 Thread 0x000001cd6c831570 Uncommon trap: reason=unstable_if action=reinterpret pc=0x000001cd567495f8 method=org.apache.xbean.asm9.ClassReader.accept(Lorg/apache/xbean/asm9/ClassVisitor;[Lorg/apache/xbean/asm9/Attribute;I)V @ 389 c2
Event: 11.172 Thread 0x000001cd6c831570 DEOPT PACKING pc=0x000001cd567495f8 sp=0x0000006a721fc940
Event: 11.172 Thread 0x000001cd6c831570 DEOPT UNPACKING pc=0x000001cd55fa7da2 sp=0x0000006a721fc908 mode 2
Event: 14.303 Thread 0x000001cd6c831570 DEOPT PACKING pc=0x000001cd4edddbf3 sp=0x0000006a721fc7a0
Event: 14.304 Thread 0x000001cd6c831570 DEOPT UNPACKING pc=0x000001cd55fa88e2 sp=0x0000006a721fbe00 mode 0
Event: 16.939 Thread 0x000001cd6c831570 DEOPT PACKING pc=0x000001cd4edddbf3 sp=0x0000006a721fc7a0
Event: 16.940 Thread 0x000001cd6c831570 DEOPT UNPACKING pc=0x000001cd55fa88e2 sp=0x0000006a721fbe00 mode 0

Classes loaded (20 events):
Event: 5.971 Loading class javax/xml/namespace/NamespaceContext
Event: 5.971 Loading class javax/xml/namespace/NamespaceContext done
Event: 5.995 Loading class java/io/CharArrayReader
Event: 5.995 Loading class java/io/CharArrayReader done
Event: 5.997 Loading class javax/xml/stream/util/StreamReaderDelegate
Event: 5.997 Loading class javax/xml/stream/util/StreamReaderDelegate done
Event: 7.614 Loading class sun/net/www/protocol/jrt/JavaRuntimeURLConnection
Event: 7.615 Loading class sun/net/www/protocol/jrt/JavaRuntimeURLConnection done
Event: 7.616 Loading class sun/net/www/protocol/jrt/JavaRuntimeURLConnection$1
Event: 7.616 Loading class sun/net/www/protocol/jrt/JavaRuntimeURLConnection$1 done
Event: 7.616 Loading class jdk/internal/jimage/ImageBufferCache
Event: 7.617 Loading class jdk/internal/jimage/ImageBufferCache done
Event: 7.617 Loading class jdk/internal/jimage/ImageBufferCache$1
Event: 7.617 Loading class jdk/internal/jimage/ImageBufferCache$1 done
Event: 7.617 Loading class jdk/internal/jimage/ImageBufferCache$2
Event: 7.617 Loading class jdk/internal/jimage/ImageBufferCache$2 done
Event: 7.617 Loading class java/util/AbstractMap$SimpleEntry
Event: 7.617 Loading class java/util/AbstractMap$SimpleEntry done
Event: 8.432 Loading class java/lang/foreign/MemorySegment
Event: 8.433 Loading class java/lang/foreign/MemorySegment done

Classes unloaded (0 events):
No events

Classes redefined (0 events):
No events

Internal exceptions (20 events):
Event: 4.933 Thread 0x000001cd6c830ee0 Exception <a 'java/lang/NoSuchMethodError'{0x0000000713c5f540}: static Lorg/apache/openejb/assembler/classic/AppInfo;.<clinit>()V> (0x0000000713c5f540) 
thrown [s\open\src\hotspot\share\prims\jni.cpp, line 1111]
Event: 4.934 Thread 0x000001cd6c830ee0 Exception <a 'java/lang/NoSuchMethodError'{0x0000000713c60600}: static Lorg/apache/openejb/assembler/classic/InfoObject;.<clinit>()V> (0x0000000713c60600) 
thrown [s\open\src\hotspot\share\prims\jni.cpp, line 1111]
Event: 4.935 Thread 0x000001cd6c830ee0 Exception <a 'java/lang/NoSuchMethodError'{0x0000000713c6b668}: static Lorg/apache/openejb/assembler/classic/JndiEncInfo;.<clinit>()V> (0x0000000713c6b668) 
thrown [s\open\src\hotspot\share\prims\jni.cpp, line 1111]
Event: 4.939 Thread 0x000001cd6c830ee0 Exception <a 'java/lang/NoSuchMethodError'{0x0000000713dbda48}: static Lorg/apache/openejb/assembler/classic/EjbJarInfo;.<clinit>()V> (0x0000000713dbda48) 
thrown [s\open\src\hotspot\share\prims\jni.cpp, line 1111]
Event: 4.939 Thread 0x000001cd6c830ee0 Exception <a 'java/lang/NoSuchMethodError'{0x0000000713dbee18}: static Lorg/apache/openejb/assembler/classic/CommonInfoObject;.<clinit>()V> (0x0000000713dbee18) 
thrown [s\open\src\hotspot\share\prims\jni.cpp, line 1111]
Event: 4.943 Thread 0x000001cd6c830ee0 Exception <a 'java/lang/NoSuchMethodError'{0x0000000713ddff10}: static Lorg/apache/openejb/assembler/classic/SingletonBeanInfo;.<clinit>()V> (0x0000000713ddff10) 
thrown [s\open\src\hotspot\share\prims\jni.cpp, line 1111]
Event: 4.944 Thread 0x000001cd6c830ee0 Exception <a 'java/lang/NoSuchMethodError'{0x0000000713de4dd0}: static Lorg/apache/openejb/assembler/classic/EnterpriseBeanInfo;.<clinit>()V> (0x0000000713de4dd0) 
thrown [s\open\src\hotspot\share\prims\jni.cpp, line 1111]
Event: 4.947 Thread 0x000001cd6c830ee0 Exception <a 'java/lang/NoSuchMethodError'{0x0000000713dfadd8}: static Lorg/apache/openejb/assembler/classic/JndiNameInfo;.<clinit>()V> (0x0000000713dfadd8) 
thrown [s\open\src\hotspot\share\prims\jni.cpp, line 1111]
Event: 4.953 Thread 0x000001cd6c830ee0 Exception <a 'java/lang/NoSuchMethodError'{0x0000000711c20490}: static Lorg/apache/openejb/assembler/classic/InterceptorBindingInfo;.<clinit>()V> (0x0000000711c20490) 
thrown [s\open\src\hotspot\share\prims\jni.cpp, line 1111]
Event: 4.955 Thread 0x000001cd6c830ee0 Exception <a 'java/lang/NoSuchMethodError'{0x0000000711c2e290}: static Lorg/apache/openejb/assembler/classic/InterceptorInfo;.<clinit>()V> (0x0000000711c2e290) 
thrown [s\open\src\hotspot\share\prims\jni.cpp, line 1111]
Event: 4.956 Thread 0x000001cd6c830ee0 Exception <a 'java/lang/NoSuchMethodError'{0x0000000711c39748}: static Lorg/apache/openejb/assembler/classic/CallbackInfo;.<clinit>()V> (0x0000000711c39748) 
thrown [s\open\src\hotspot\share\prims\jni.cpp, line 1111]
Event: 4.960 Thread 0x000001cd6c830ee0 Exception <a 'java/lang/NoSuchMethodError'{0x0000000711cf4c88}: static Lorg/apache/openejb/assembler/classic/MethodConcurrencyInfo;.<clinit>()V> (0x0000000711cf4c88) 
thrown [s\open\src\hotspot\share\prims\jni.cpp, line 1111]
Event: 4.960 Thread 0x000001cd6c830ee0 Exception <a 'java/lang/NoSuchMethodError'{0x0000000711cf5de0}: static Lorg/apache/openejb/assembler/classic/MethodAttributeInfo;.<clinit>()V> (0x0000000711cf5de0) 
thrown [s\open\src\hotspot\share\prims\jni.cpp, line 1111]
Event: 4.961 Thread 0x000001cd6c830ee0 Exception <a 'java/lang/NoSuchMethodError'{0x0000000711d02678}: static Lorg/apache/openejb/assembler/classic/MethodInfo;.<clinit>()V> (0x0000000711d02678) 
thrown [s\open\src\hotspot\share\prims\jni.cpp, line 1111]
Event: 5.157 Thread 0x000001cd6c831570 Exception <a 'java/lang/ClassNotFoundException'{0x0000000711db1e70}: org/apache/catalina/webresources/jar/Handler> (0x0000000711db1e70) 
thrown [s\open\src\hotspot\share\classfile\systemDictionary.cpp, line 312]
Event: 7.274 Thread 0x000001cd6c831570 Exception <a 'java/io/FileNotFoundException'{0x00000007077e9578}> (0x00000007077e9578) 
thrown [s\open\src\hotspot\share\prims\jni.cpp, line 520]
Event: 7.633 Thread 0x000001cd6c831570 Exception <a 'java/lang/NoClassDefFoundError'{0x00000007115171b0}: org/apache/tools/ant/Task> (0x00000007115171b0) 
thrown [s\open\src\hotspot\share\classfile\systemDictionary.cpp, line 301]
Event: 7.639 Thread 0x000001cd6c831570 Exception <a 'java/lang/NoClassDefFoundError'{0x0000000711523720}: org/apache/tools/ant/Task> (0x0000000711523720) 
thrown [s\open\src\hotspot\share\classfile\systemDictionary.cpp, line 301]
Event: 7.643 Thread 0x000001cd6c831570 Exception <a 'java/lang/NoClassDefFoundError'{0x000000071152fe60}: org/apache/tools/ant/Task> (0x000000071152fe60) 
thrown [s\open\src\hotspot\share\classfile\systemDictionary.cpp, line 301]
Event: 14.193 Thread 0x000001cd6b775f00 Exception <a 'java/lang/NoSuchMethodError'{0x000000070b8033b8}: 'long java.lang.invoke.DirectMethodHandle$Holder.invokeVirtual(java.lang.Object, java.lang.Object)'> (0x000000070b8033b8) 
thrown [s\open\src\hotspot\share\interpreter\linkResolver.cpp, line 773]

ZGC Phase Switch (0 events):
No events

VM Operations (20 events):
Event: 14.061 Executing VM operation: G1CollectForAllocation (G1 Evacuation Pause)
Event: 14.063 Executing VM operation: G1CollectForAllocation (G1 Evacuation Pause) done
Event: 14.375 Executing VM operation: G1CollectForAllocation (G1 Evacuation Pause)
Event: 14.377 Executing VM operation: G1CollectForAllocation (G1 Evacuation Pause) done
Event: 14.779 Executing VM operation: G1CollectForAllocation (G1 Evacuation Pause)
Event: 14.780 Executing VM operation: G1CollectForAllocation (G1 Evacuation Pause) done
Event: 15.168 Executing VM operation: G1CollectForAllocation (G1 Evacuation Pause)
Event: 15.169 Executing VM operation: G1CollectForAllocation (G1 Evacuation Pause) done
Event: 15.432 Executing VM operation: G1CollectForAllocation (G1 Evacuation Pause)
Event: 15.433 Executing VM operation: G1CollectForAllocation (G1 Evacuation Pause) done
Event: 15.710 Executing VM operation: G1CollectForAllocation (G1 Evacuation Pause)
Event: 15.711 Executing VM operation: G1CollectForAllocation (G1 Evacuation Pause) done
Event: 15.972 Executing VM operation: G1CollectForAllocation (G1 Evacuation Pause)
Event: 15.973 Executing VM operation: G1CollectForAllocation (G1 Evacuation Pause) done
Event: 16.256 Executing VM operation: G1CollectForAllocation (G1 Evacuation Pause)
Event: 16.256 Executing VM operation: G1CollectForAllocation (G1 Evacuation Pause) done
Event: 16.531 Executing VM operation: G1CollectForAllocation (G1 Evacuation Pause)
Event: 16.532 Executing VM operation: G1CollectForAllocation (G1 Evacuation Pause) done
Event: 16.855 Executing VM operation: G1CollectForAllocation (G1 Evacuation Pause)
Event: 16.856 Executing VM operation: G1CollectForAllocation (G1 Evacuation Pause) done

Events (20 events):
Event: 7.140 Thread 0x000001cd6dee4640 Thread exited: 0x000001cd6dee4640
Event: 7.148 Thread 0x000001cd6c82ee10 Thread added: 0x000001cd6c82ee10
Event: 7.148 Thread 0x000001cd6c82ac70 Thread added: 0x000001cd6c82ac70
Event: 7.149 Thread 0x000001cd6c82f4a0 Thread added: 0x000001cd6c82f4a0
Event: 7.150 Thread 0x000001cd6c8301c0 Thread added: 0x000001cd6c8301c0
Event: 7.151 Thread 0x000001cd6c830850 Thread added: 0x000001cd6c830850
Event: 7.151 Thread 0x000001cd6c82b990 Thread added: 0x000001cd6c82b990
Event: 7.152 Thread 0x000001cd6c82b300 Thread added: 0x000001cd6c82b300
Event: 7.175 Thread 0x000001cd6c82ee10 Thread exited: 0x000001cd6c82ee10
Event: 7.189 Thread 0x000001cd6c8301c0 Thread exited: 0x000001cd6c8301c0
Event: 7.193 Thread 0x000001cd6c830850 Thread exited: 0x000001cd6c830850
Event: 7.202 Thread 0x000001cd6c82ac70 Thread exited: 0x000001cd6c82ac70
Event: 7.203 Thread 0x000001cd6c82f4a0 Thread exited: 0x000001cd6c82f4a0
Event: 7.204 Thread 0x000001cd6c82b990 Thread exited: 0x000001cd6c82b990
Event: 7.210 Thread 0x000001cd6c82b300 Thread exited: 0x000001cd6c82b300
Event: 7.346 Thread 0x000001cd6ba89b70 Thread added: 0x000001cd6ba89b70
Event: 7.618 Thread 0x000001cd6a24ac80 Thread added: 0x000001cd6a24ac80
Event: 7.843 Thread 0x000001cd44c10290 flushing nmethod 0x000001cd4ea48190
Event: 9.061 Thread 0x000001cd6a24ac80 Thread exited: 0x000001cd6a24ac80
Event: 9.179 Thread 0x000001cd6ba89b70 Thread exited: 0x000001cd6ba89b70


Dynamic libraries:
0x00007ff7c1ba0000 - 0x00007ff7c1bb0000 	D:\java\jdk21\bin\java.exe
0x00007ff94a170000 - 0x00007ff94a368000 	C:\WINDOWS\SYSTEM32\ntdll.dll
0x00007ff949550000 - 0x00007ff949612000 	C:\WINDOWS\System32\KERNEL32.DLL
0x00007ff947bb0000 - 0x00007ff947eaf000 	C:\WINDOWS\System32\KERNELBASE.dll
0x00007ff947a10000 - 0x00007ff947b10000 	C:\WINDOWS\System32\ucrtbase.dll
0x00007ff93d350000 - 0x00007ff93d36b000 	D:\java\jdk21\bin\VCRUNTIME140.dll
0x00007ff941480000 - 0x00007ff941499000 	D:\java\jdk21\bin\jli.dll
0x00007ff948250000 - 0x00007ff9482ff000 	C:\WINDOWS\System32\ADVAPI32.dll
0x00007ff948860000 - 0x00007ff9488fe000 	C:\WINDOWS\System32\msvcrt.dll
0x00007ff948330000 - 0x00007ff9483cf000 	C:\WINDOWS\System32\sechost.dll
0x00007ff948c40000 - 0x00007ff948d63000 	C:\WINDOWS\System32\RPCRT4.dll
0x00007ff947810000 - 0x00007ff947837000 	C:\WINDOWS\System32\bcrypt.dll
0x00007ff9483d0000 - 0x00007ff94856d000 	C:\WINDOWS\System32\USER32.dll
0x00007ff9480d0000 - 0x00007ff9480f2000 	C:\WINDOWS\System32\win32u.dll
0x00007ff935490000 - 0x00007ff93572a000 	C:\WINDOWS\WinSxS\amd64_microsoft.windows.common-controls_6595b64144ccf1df_6.0.19041.4355_none_60b8b9eb71f62e16\COMCTL32.dll
0x00007ff948830000 - 0x00007ff94885b000 	C:\WINDOWS\System32\GDI32.dll
0x00007ff9478f0000 - 0x00007ff947a0a000 	C:\WINDOWS\System32\gdi32full.dll
0x00007ff947b10000 - 0x00007ff947bad000 	C:\WINDOWS\System32\msvcp_win.dll
0x00007ff940450000 - 0x00007ff94045a000 	C:\WINDOWS\SYSTEM32\VERSION.dll
0x00007ff948300000 - 0x00007ff94832f000 	C:\WINDOWS\System32\IMM32.DLL
0x00007ff9414e0000 - 0x00007ff9414ec000 	D:\java\jdk21\bin\vcruntime140_1.dll
0x00007ff925970000 - 0x00007ff9259fe000 	D:\java\jdk21\bin\msvcp140.dll
0x00007ff8edab0000 - 0x00007ff8ee7ca000 	D:\java\jdk21\bin\server\jvm.dll
0x00007ff948b60000 - 0x00007ff948bcb000 	C:\WINDOWS\System32\WS2_32.dll
0x00007ff9475c0000 - 0x00007ff94760b000 	C:\WINDOWS\SYSTEM32\POWRPROF.dll
0x00007ff93bac0000 - 0x00007ff93bae7000 	C:\WINDOWS\SYSTEM32\WINMM.dll
0x00007ff947530000 - 0x00007ff947542000 	C:\WINDOWS\SYSTEM32\UMPDC.dll
0x00007ff946030000 - 0x00007ff946042000 	C:\WINDOWS\SYSTEM32\kernel.appcore.dll
0x00007ff941470000 - 0x00007ff94147a000 	D:\java\jdk21\bin\jimage.dll
0x00007ff945400000 - 0x00007ff9455e4000 	C:\WINDOWS\SYSTEM32\DBGHELP.DLL
0x00007ff926dd0000 - 0x00007ff926e04000 	C:\WINDOWS\SYSTEM32\dbgcore.DLL
0x00007ff948100000 - 0x00007ff948182000 	C:\WINDOWS\System32\bcryptPrimitives.dll
0x00007ff92a5f0000 - 0x00007ff92a5ff000 	D:\java\jdk21\bin\instrument.dll
0x00007ff92c270000 - 0x00007ff92c28f000 	D:\java\jdk21\bin\java.dll
0x00007ff9499c0000 - 0x00007ff94a12d000 	C:\WINDOWS\System32\SHELL32.dll
0x00007ff945870000 - 0x00007ff946014000 	C:\WINDOWS\SYSTEM32\windows.storage.dll
0x00007ff9491f0000 - 0x00007ff949545000 	C:\WINDOWS\System32\combase.dll
0x00007ff9471d0000 - 0x00007ff9471fb000 	C:\WINDOWS\SYSTEM32\Wldp.dll
0x00007ff949620000 - 0x00007ff9496ed000 	C:\WINDOWS\System32\OLEAUT32.dll
0x00007ff948900000 - 0x00007ff9489ad000 	C:\WINDOWS\System32\SHCORE.dll
0x00007ff948190000 - 0x00007ff9481e5000 	C:\WINDOWS\System32\shlwapi.dll
0x00007ff947740000 - 0x00007ff947765000 	C:\WINDOWS\SYSTEM32\profapi.dll
0x00007ff9241c0000 - 0x00007ff924297000 	D:\java\jdk21\bin\jsvml.dll
0x00007ff921470000 - 0x00007ff921488000 	D:\java\jdk21\bin\zip.dll
0x00007ff9358b0000 - 0x00007ff9358c0000 	D:\java\jdk21\bin\net.dll
0x00007ff9447d0000 - 0x00007ff9448da000 	C:\WINDOWS\SYSTEM32\WINHTTP.dll
0x00007ff946f30000 - 0x00007ff946f9c000 	C:\WINDOWS\system32\mswsock.dll
0x00007ff921490000 - 0x00007ff9214a6000 	D:\java\jdk21\bin\nio.dll
0x00007ff926480000 - 0x00007ff926489000 	D:\java\jdk21\bin\management_agent.dll
0x00007ff926450000 - 0x00007ff92645a000 	D:\java\jdk21\bin\management.dll
0x00007ff925920000 - 0x00007ff92592b000 	D:\java\jdk21\bin\management_ext.dll
0x00007ff949820000 - 0x00007ff949828000 	C:\WINDOWS\System32\PSAPI.DLL
0x00007ff943d30000 - 0x00007ff943d47000 	C:\WINDOWS\system32\napinsp.dll
0x00007ff943cc0000 - 0x00007ff943cdb000 	C:\WINDOWS\system32\pnrpnsp.dll
0x00007ff921440000 - 0x00007ff921455000 	C:\WINDOWS\system32\wshbth.dll
0x00007ff9448e0000 - 0x00007ff9448fd000 	C:\WINDOWS\system32\NLAapi.dll
0x00007ff946c10000 - 0x00007ff946c4b000 	C:\WINDOWS\SYSTEM32\IPHLPAPI.DLL
0x00007ff946c50000 - 0x00007ff946d1a000 	C:\WINDOWS\SYSTEM32\DNSAPI.dll
0x00007ff949810000 - 0x00007ff949818000 	C:\WINDOWS\System32\NSI.dll
0x00007ff943ca0000 - 0x00007ff943cb2000 	C:\WINDOWS\System32\winrnr.dll
0x00007ff9415d0000 - 0x00007ff9415da000 	C:\Windows\System32\rasadhlp.dll
0x00007ff9402c0000 - 0x00007ff940340000 	C:\WINDOWS\System32\fwpuclnt.dll
0x00007ff947120000 - 0x00007ff947138000 	C:\WINDOWS\SYSTEM32\CRYPTSP.dll
0x00007ff9467f0000 - 0x00007ff946828000 	C:\WINDOWS\system32\rsaenh.dll
0x00007ff9476c0000 - 0x00007ff9476ee000 	C:\WINDOWS\SYSTEM32\USERENV.dll
0x00007ff947140000 - 0x00007ff94714c000 	C:\WINDOWS\SYSTEM32\CRYPTBASE.dll
0x00007ff92a4a0000 - 0x00007ff92a4a9000 	D:\java\jdk21\bin\extnet.dll
0x00007ff9240e0000 - 0x00007ff9240ee000 	D:\java\jdk21\bin\sunmscapi.dll
0x00007ff947eb0000 - 0x00007ff94800c000 	C:\WINDOWS\System32\CRYPT32.dll
0x00007ff947240000 - 0x00007ff947267000 	C:\WINDOWS\SYSTEM32\ncrypt.dll
0x00007ff947200000 - 0x00007ff94723b000 	C:\WINDOWS\SYSTEM32\NTASN1.dll
0x00007ff921460000 - 0x00007ff921470000 	D:\java\jdk21\bin\verify.dll
0x00007ff924950000 - 0x00007ff924957000 	C:\WINDOWS\system32\wshunix.dll

dbghelp: loaded successfully - version: 4.0.5 - missing functions: none
symbol engine: initialized successfully - sym options: 0x614 - pdb path: .;D:\java\jdk21\bin;C:\WINDOWS\SYSTEM32;C:\WINDOWS\WinSxS\amd64_microsoft.windows.common-controls_6595b64144ccf1df_6.0.19041.4355_none_60b8b9eb71f62e16;D:\java\jdk21\bin\server

VM Arguments:
jvm_args: -Djava.util.logging.config.file=C:\Users\dell\AppData\Local\JetBrains\IntelliJIdea2024.3\tomcat\637303c7-005e-4fa5-a411-b0f41081b1ea\conf\logging.properties -Djava.util.logging.manager=org.apache.juli.ClassLoaderLogManager -javaagent:D:\CODE WEB\page-movie-management\apache-tomee-webprofile-10.0.0\lib\openejb-javaagent.jar -Dcom.sun.management.jmxremote= -Dcom.sun.management.jmxremote.port=1099 -Dcom.sun.management.jmxremote.ssl=false -Dcom.sun.management.jmxremote.password.file=C:\Users\dell\AppData\Local\JetBrains\IntelliJIdea2024.3\tomcat\637303c7-005e-4fa5-a411-b0f41081b1ea\jmxremote.password -Dcom.sun.management.jmxremote.access.file=C:\Users\dell\AppData\Local\JetBrains\IntelliJIdea2024.3\tomcat\637303c7-005e-4fa5-a411-b0f41081b1ea\jmxremote.access -Djava.rmi.server.hostname=127.0.0.1 -Dtomee.serialization.class.whitelist= -Dtomee.serialization.class.blacklist=- -Dtomee.remote.support=true -Dopenejb.system.apps=true -Djdk.tls.ephemeralDHKeySize=2048 -Djava.protocol.handler.pkgs=org.apache.catalina.webresources --add-opens=java.base/java.lang=ALL-UNNAMED --add-opens=java.base/java.io=ALL-UNNAMED --add-opens=java.base/java.util=ALL-UNNAMED --add-opens=java.base/java.util.concurrent=ALL-UNNAMED --add-opens=java.rmi/sun.rmi.transport=ALL-UNNAMED -Dcatalina.base=C:\Users\dell\AppData\Local\JetBrains\IntelliJIdea2024.3\tomcat\637303c7-005e-4fa5-a411-b0f41081b1ea -Dcatalina.home=D:\CODE WEB\page-movie-management\apache-tomee-webprofile-10.0.0 -Djava.io.tmpdir=C:\Users\dell\AppData\Local\JetBrains\IntelliJIdea2024.3\tomcat\637303c7-005e-4fa5-a411-b0f41081b1ea\temp 
java_command: org.apache.catalina.startup.Bootstrap start
java_class_path (initial): D:\CODE WEB\page-movie-management\apache-tomee-webprofile-10.0.0\bin\bootstrap.jar;D:\CODE WEB\page-movie-management\apache-tomee-webprofile-10.0.0\bin\tomcat-juli.jar
Launcher Type: SUN_STANDARD

[Global flags]
     intx CICompilerCount                          = 4                                         {product} {ergonomic}
     uint ConcGCThreads                            = 2                                         {product} {ergonomic}
     uint G1ConcRefinementThreads                  = 8                                         {product} {ergonomic}
   size_t G1HeapRegionSize                         = 2097152                                   {product} {ergonomic}
    uintx GCDrainStackTargetSize                   = 64                                        {product} {ergonomic}
   size_t InitialHeapSize                          = 264241152                                 {product} {ergonomic}
     bool ManagementServer                         = true                                      {product} {command line}
   size_t MarkStackSize                            = 4194304                                   {product} {ergonomic}
   size_t MaxHeapSize                              = 4225761280                                {product} {ergonomic}
   size_t MaxNewSize                               = 2535456768                                {product} {ergonomic}
   size_t MinHeapDeltaBytes                        = 2097152                                   {product} {ergonomic}
   size_t MinHeapSize                              = 8388608                                   {product} {ergonomic}
    uintx NonNMethodCodeHeapSize                   = 5839372                                {pd product} {ergonomic}
    uintx NonProfiledCodeHeapSize                  = 122909434                              {pd product} {ergonomic}
    uintx ProfiledCodeHeapSize                     = 122909434                              {pd product} {ergonomic}
    uintx ReservedCodeCacheSize                    = 251658240                              {pd product} {ergonomic}
     bool SegmentedCodeCache                       = true                                      {product} {ergonomic}
   size_t SoftMaxHeapSize                          = 4225761280                             {manageable} {ergonomic}
     bool UseCompressedOops                        = true                           {product lp64_product} {ergonomic}
     bool UseG1GC                                  = true                                      {product} {ergonomic}
     bool UseLargePagesIndividualAllocation        = false                                  {pd product} {ergonomic}

Logging:
Log output configuration:
 #0: stdout all=warning uptime,level,tags foldmultilines=false
 #1: stderr all=off uptime,level,tags foldmultilines=false

Environment Variables:
JAVA_HOME=D:\java\jdk21
CLASSPATH=D:\CODE WEB\page-movie-management\apache-tomee-webprofile-10.0.0\bin\bootstrap.jar;D:\CODE WEB\page-movie-management\apache-tomee-webprofile-10.0.0\bin\tomcat-juli.jar
PATH=C:\Program Files\Microsoft MPI\Bin\;C:\Program Files\Common Files\Oracle\Java\javapath;C:\WINDOWS\system32;C:\WINDOWS;C:\WINDOWS\System32\Wbem;C:\WINDOWS\System32\WindowsPowerShell\v1.0\;C:\WINDOWS\System32\OpenSSH\;C:\Program Files\Microsoft SQL Server\Client SDK\ODBC\170\Tools\Binn\;D:\Install\bin;D:\Git\cmd;D:\XAMPP\php;C:\ProgramData\ComposerSetup\bin;C:\mingw64\bin;C:\TDM-GCC-32\bin;D:\notejs\;D:\XAMPP\mysql\bin;D:\Maven\bin;D:\Maven\apache-maven-3.9.9\bin;C:\Program Files (x86)\Microsoft SQL Server\160\Tools\Binn\;C:\Program Files\Microsoft SQL Server\160\Tools\Binn\;C:\Program Files\Microsoft SQL Server\160\DTS\Binn\;C:\Program Files (x86)\Microsoft SQL Server\160\DTS\Binn\;D:\python\Scripts\;D:\python\;D:\java\jdk21\bin;D:\Microsoft VS Code\bin;C:\Users\dell\AppData\Roaming\Composer\vendor\bin;C:\mingw64\bin;C:\Users\dell\AppData\Roaming\npm;D:\nodejs;D:\PyCharm\PyCharm Community Edition 2024.2.4\bin;;D:\Wireshark;D:\python3.10;D:\python39;D:\JetBrains\IntelliJ IDEA 2024.3.4.1\bin;;D:\Maven\bin;
USERNAME=dell
OS=Windows_NT
PROCESSOR_IDENTIFIER=Intel64 Family 6 Model 140 Stepping 1, GenuineIntel
TMP=C:\Users\dell\AppData\Local\Temp
TEMP=C:\Users\dell\AppData\Local\Temp




Periodic native trim disabled

---------------  S Y S T E M  ---------------

OS:
 Windows 10 , 64 bit Build 19041 (10.0.19041.5438)
OS uptime: 1 days 2:48 hours

CPU: total 8 (initial active 8) (4 cores per cpu, 2 threads per core) family 6 model 140 stepping 1 microcode 0xba, cx8, cmov, fxsr, ht, mmx, 3dnowpref, sse, sse2, sse3, ssse3, sse4.1, sse4.2, popcnt, lzcnt, tsc, tscinvbit, avx, avx2, aes, erms, clmul, bmi1, bmi2, adx, avx512f, avx512dq, avx512cd, avx512bw, avx512vl, sha, fma, vzeroupper, avx512_vpopcntdq, avx512_vpclmulqdq, avx512_vaes, avx512_vnni, clflush, clflushopt, clwb, avx512_vbmi2, avx512_vbmi, rdtscp, rdpid, fsrm, gfni, avx512_bitalg, f16c, pku, cet_ibt, cet_ss, avx512_ifma
Processor Information for all 8 processors :
  Max Mhz: 2419, Current Mhz: 2419, Mhz Limit: 2419

Memory: 4k page, system-wide physical 16118M (4536M free)
TotalPageFile size 17078M (AvailPageFile size 10M)
current process WorkingSet (physical memory assigned to process): 298M, peak: 308M
current process commit charge ("private bytes"): 339M, peak: 391M

vm_info: Java HotSpot(TM) 64-Bit Server VM (21.0.6+8-LTS-188) for windows-amd64 JRE (21.0.6+8-LTS-188), built on 2024-12-03T10:50:54Z by "mach5one" with MS VC++ 17.6 (VS2022)

END.
