#
# There is insufficient memory for the Java Runtime Environment to continue.
# Native memory allocation (mmap) failed to map 31457280 bytes for G1 virtual space
# Possible reasons:
#   The system is out of physical RAM or swap space
#   The process is running with CompressedOops enabled, and the Java Heap may be blocking the growth of the native heap
# Possible solutions:
#   Reduce memory load on the system
#   Increase physical memory or swap space
#   Check if swap backing store is full
#   Decrease Java heap size (-Xmx/-Xms)
#   Decrease number of Java threads
#   Decrease Java thread stack sizes (-Xss)
#   Set larger code cache with -XX:ReservedCodeCacheSize=
#   JVM is running with Zero Based Compressed Oops mode in which the Java heap is
#     placed in the first 32GB address space. The Java Heap base address is the
#     maximum limit for the native heap growth. Please use -XX:HeapBaseMinAddress
#     to set the Java Heap base and to place the Java Heap above 32GB virtual address.
# This output file may be truncated or incomplete.
#
#  Out of Memory Error (os_windows.cpp:3603), pid=15916, tid=20184
#
# JRE version: Java(TM) SE Runtime Environment (21.0.6+8) (build 21.0.6+8-LTS-188)
# Java VM: Java HotSpot(TM) 64-Bit Server VM (21.0.6+8-LTS-188, mixed mode, sharing, tiered, compressed oops, compressed class ptrs, g1 gc, windows-amd64)
# No core dump will be written. Minidumps are not enabled by default on client versions of Windows
#

---------------  S U M M A R Y ------------

Command Line: -Djava.util.logging.config.file=C:\Users\dell\AppData\Local\JetBrains\IntelliJIdea2024.3\tomcat\637303c7-005e-4fa5-a411-b0f41081b1ea\conf\logging.properties -Djava.util.logging.manager=org.apache.juli.ClassLoaderLogManager -javaagent:D:\CODE WEB\page-movie-management\apache-tomee-webprofile-10.0.0\lib\openejb-javaagent.jar -Dcom.sun.management.jmxremote= -Dcom.sun.management.jmxremote.port=1099 -Dcom.sun.management.jmxremote.ssl=false -Dcom.sun.management.jmxremote.password.file=C:\Users\dell\AppData\Local\JetBrains\IntelliJIdea2024.3\tomcat\637303c7-005e-4fa5-a411-b0f41081b1ea\jmxremote.password -Dcom.sun.management.jmxremote.access.file=C:\Users\dell\AppData\Local\JetBrains\IntelliJIdea2024.3\tomcat\637303c7-005e-4fa5-a411-b0f41081b1ea\jmxremote.access -Djava.rmi.server.hostname=127.0.0.1 -Dtomee.serialization.class.whitelist= -Dtomee.serialization.class.blacklist=- -Dtomee.remote.support=true -Dopenejb.system.apps=true -Djdk.tls.ephemeralDHKeySize=2048 -Djava.protocol.handler.pkgs=org.apache.catalina.webresources --add-opens=java.base/java.lang=ALL-UNNAMED --add-opens=java.base/java.io=ALL-UNNAMED --add-opens=java.base/java.util=ALL-UNNAMED --add-opens=java.base/java.util.concurrent=ALL-UNNAMED --add-opens=java.rmi/sun.rmi.transport=ALL-UNNAMED -Dcatalina.base=C:\Users\dell\AppData\Local\JetBrains\IntelliJIdea2024.3\tomcat\637303c7-005e-4fa5-a411-b0f41081b1ea -Dcatalina.home=D:\CODE WEB\page-movie-management\apache-tomee-webprofile-10.0.0 -Djava.io.tmpdir=C:\Users\dell\AppData\Local\JetBrains\IntelliJIdea2024.3\tomcat\637303c7-005e-4fa5-a411-b0f41081b1ea\temp org.apache.catalina.startup.Bootstrap start

Host: 11th Gen Intel(R) Core(TM) i5-1135G7 @ 2.40GHz, 8 cores, 15G,  Windows 10 , 64 bit Build 19041 (10.0.19041.5438)
Time: Thu Apr  3 22:26:11 2025 SE Asia Standard Time elapsed time: 4.977979 seconds (0d 0h 0m 4s)

---------------  T H R E A D  ---------------

Current thread (0x000001cfffd0b090):  VMThread "VM Thread"          [id=20184, stack(0x0000006ad3400000,0x0000006ad3500000) (1024K)]

Stack: [0x0000006ad3400000,0x0000006ad3500000]
Native frames: (J=compiled Java code, j=interpreted, Vv=VM code, C=native code)
V  [jvm.dll+0x6ca6d9]
V  [jvm.dll+0x854f51]
V  [jvm.dll+0x85747e]
V  [jvm.dll+0x857b53]
V  [jvm.dll+0x27dcc6]
V  [jvm.dll+0x6c6e55]
V  [jvm.dll+0x6bb9da]
V  [jvm.dll+0x35393a]
V  [jvm.dll+0x35b596]
V  [jvm.dll+0x3adefe]
V  [jvm.dll+0x3ae1a8]
V  [jvm.dll+0x327cbc]
V  [jvm.dll+0x327d47]
V  [jvm.dll+0x36c60c]
V  [jvm.dll+0x36ae5e]
V  [jvm.dll+0x327481]
V  [jvm.dll+0x36a57a]
V  [jvm.dll+0x85d920]
V  [jvm.dll+0x85eca4]
V  [jvm.dll+0x85f1e0]
V  [jvm.dll+0x85f483]
V  [jvm.dll+0x7ff2fb]
V  [jvm.dll+0x6c8dbd]
C  [ucrtbase.dll+0x21bb2]
C  [KERNEL32.DLL+0x17374]
C  [ntdll.dll+0x4cc91]

VM_Operation (0x0000006ad5afc6a0): G1CollectForAllocation, mode: safepoint, requested by thread 0x000001cfdd481e80


---------------  P R O C E S S  ---------------

Threads class SMR info:
_java_thread_list=0x000001cfdc306480, length=38, elements={
0x000001cff3be4ef0, 0x000001cfffd27f90, 0x000001cfffd28ca0, 0x000001cfffd29ad0,
0x000001cfffd2b7b0, 0x000001cfffd2e210, 0x000001cfffd2ec60, 0x000001cfffd44a80,
0x000001cfffd47e40, 0x000001cfffcf9030, 0x000001cfda358950, 0x000001cfda380370,
0x000001cfdaba7750, 0x000001cfda7d6d50, 0x000001cfda7b4fe0, 0x000001cfdb849120,
0x000001cfdb849780, 0x000001cfdbbdd8f0, 0x000001cfdb8f3630, 0x000001cfdb8f49e0,
0x000001cfdb8f5070, 0x000001cfdb8f5700, 0x000001cfdb8f6420, 0x000001cfdb8f5d90,
0x000001cfdb8f2fa0, 0x000001cfdb8f3cc0, 0x000001cfdd47c930, 0x000001cfdd482ba0,
0x000001cfdd481e80, 0x000001cfdd47cfc0, 0x000001cfdd47fdb0, 0x000001cfdd482510,
0x000001cfdd47e370, 0x000001cfdd47d650, 0x000001cfdd47bc10, 0x000001cfdd483230,
0x000001cfdd47c2a0, 0x000001cfdd47dce0
}

Java Threads: ( => current thread )
  0x000001cff3be4ef0 JavaThread "main"                              [_thread_in_native, id=17524, stack(0x0000006ad2d00000,0x0000006ad2e00000) (1024K)]
  0x000001cfffd27f90 JavaThread "Reference Handler"          daemon [_thread_blocked, id=8020, stack(0x0000006ad3500000,0x0000006ad3600000) (1024K)]
  0x000001cfffd28ca0 JavaThread "Finalizer"                  daemon [_thread_blocked, id=6668, stack(0x0000006ad3600000,0x0000006ad3700000) (1024K)]
  0x000001cfffd29ad0 JavaThread "Signal Dispatcher"          daemon [_thread_blocked, id=19768, stack(0x0000006ad3700000,0x0000006ad3800000) (1024K)]
  0x000001cfffd2b7b0 JavaThread "Attach Listener"            daemon [_thread_blocked, id=13180, stack(0x0000006ad3800000,0x0000006ad3900000) (1024K)]
  0x000001cfffd2e210 JavaThread "Service Thread"             daemon [_thread_blocked, id=1544, stack(0x0000006ad3900000,0x0000006ad3a00000) (1024K)]
  0x000001cfffd2ec60 JavaThread "Monitor Deflation Thread"   daemon [_thread_blocked, id=7660, stack(0x0000006ad3a00000,0x0000006ad3b00000) (1024K)]
  0x000001cfffd44a80 JavaThread "C2 CompilerThread0"         daemon [_thread_blocked, id=12564, stack(0x0000006ad3b00000,0x0000006ad3c00000) (1024K)]
  0x000001cfffd47e40 JavaThread "C1 CompilerThread0"         daemon [_thread_blocked, id=18476, stack(0x0000006ad3c00000,0x0000006ad3d00000) (1024K)]
  0x000001cfffcf9030 JavaThread "Common-Cleaner"             daemon [_thread_blocked, id=19232, stack(0x0000006ad3d00000,0x0000006ad3e00000) (1024K)]
  0x000001cfda358950 JavaThread "FileHandlerLogFilesCleaner-1" daemon [_thread_blocked, id=12632, stack(0x0000006ad3f00000,0x0000006ad4000000) (1024K)]
  0x000001cfda380370 JavaThread "Notification Thread"        daemon [_thread_blocked, id=13320, stack(0x0000006ad4000000,0x0000006ad4100000) (1024K)]
  0x000001cfdaba7750 JavaThread "RMI TCP Accept-0"           daemon [_thread_in_native, id=8784, stack(0x0000006ad4200000,0x0000006ad4300000) (1024K)]
  0x000001cfda7d6d50 JavaThread "RMI TCP Accept-1099"        daemon [_thread_in_native, id=11760, stack(0x0000006ad4300000,0x0000006ad4400000) (1024K)]
  0x000001cfda7b4fe0 JavaThread "RMI TCP Accept-0"           daemon [_thread_in_native, id=15960, stack(0x0000006ad4400000,0x0000006ad4500000) (1024K)]
  0x000001cfdb849120 JavaThread "RMI TCP Connection(1)-127.0.0.1" daemon [_thread_in_native, id=18264, stack(0x0000006ad4c00000,0x0000006ad4d00000) (1024K)]
  0x000001cfdb849780 JavaThread "RMI Scheduler(0)"           daemon [_thread_blocked, id=10384, stack(0x0000006ad4d00000,0x0000006ad4e00000) (1024K)]
  0x000001cfdbbdd8f0 JavaThread "RMI TCP Connection(2)-127.0.0.1" daemon [_thread_in_native, id=10428, stack(0x0000006ad4e00000,0x0000006ad4f00000) (1024K)]
  0x000001cfdb8f3630 JavaThread "AsyncFileHandlerWriter-1"   daemon [_thread_blocked, id=6788, stack(0x0000006ad4f00000,0x0000006ad5000000) (1024K)]
  0x000001cfdb8f49e0 JavaThread "mysql-cj-abandoned-connection-cleanup" daemon [_thread_blocked, id=8212, stack(0x0000006ad5000000,0x0000006ad5100000) (1024K)]
  0x000001cfdb8f5070 JavaThread "RetryTimer"                 daemon [_thread_blocked, id=19464, stack(0x0000006ad5100000,0x0000006ad5200000) (1024K)]
  0x000001cfdb8f5700 JavaThread "Tomcat JDBC Pool Cleaner[1935972447:1743693968233]" daemon [_thread_blocked, id=492, stack(0x0000006ad5200000,0x0000006ad5300000) (1024K)]
  0x000001cfdb8f6420 JavaThread "DelayedCachedOutputStreamCleaner" daemon [_thread_blocked, id=8344, stack(0x0000006ad5400000,0x0000006ad5500000) (1024K)]
  0x000001cfdb8f5d90 JavaThread "Catalina-utility-1"                [_thread_blocked, id=18668, stack(0x0000006ad5500000,0x0000006ad5600000) (1024K)]
  0x000001cfdb8f2fa0 JavaThread "Catalina-utility-2"                [_thread_blocked, id=20424, stack(0x0000006ad5600000,0x0000006ad5700000) (1024K)]
  0x000001cfdb8f3cc0 JavaThread "http-nio-8080-exec-1"       daemon [_thread_blocked, id=4736, stack(0x0000006ad5700000,0x0000006ad5800000) (1024K)]
  0x000001cfdd47c930 JavaThread "http-nio-8080-exec-2"       daemon [_thread_blocked, id=20348, stack(0x0000006ad5800000,0x0000006ad5900000) (1024K)]
  0x000001cfdd482ba0 JavaThread "http-nio-8080-exec-3"       daemon [_thread_blocked, id=6776, stack(0x0000006ad5900000,0x0000006ad5a00000) (1024K)]
  0x000001cfdd481e80 JavaThread "http-nio-8080-exec-4"       daemon [_thread_blocked, id=20156, stack(0x0000006ad5a00000,0x0000006ad5b00000) (1024K)]
  0x000001cfdd47cfc0 JavaThread "http-nio-8080-exec-5"       daemon [_thread_blocked, id=8024, stack(0x0000006ad5b00000,0x0000006ad5c00000) (1024K)]
  0x000001cfdd47fdb0 JavaThread "http-nio-8080-exec-6"       daemon [_thread_blocked, id=6748, stack(0x0000006ad5c00000,0x0000006ad5d00000) (1024K)]
  0x000001cfdd482510 JavaThread "http-nio-8080-exec-7"       daemon [_thread_blocked, id=5904, stack(0x0000006ad5d00000,0x0000006ad5e00000) (1024K)]
  0x000001cfdd47e370 JavaThread "http-nio-8080-exec-8"       daemon [_thread_blocked, id=2916, stack(0x0000006ad5e00000,0x0000006ad5f00000) (1024K)]
  0x000001cfdd47d650 JavaThread "http-nio-8080-exec-9"       daemon [_thread_blocked, id=21068, stack(0x0000006ad5f00000,0x0000006ad6000000) (1024K)]
  0x000001cfdd47bc10 JavaThread "http-nio-8080-exec-10"      daemon [_thread_blocked, id=22128, stack(0x0000006ad6000000,0x0000006ad6100000) (1024K)]
  0x000001cfdd483230 JavaThread "http-nio-8080-Poller"       daemon [_thread_in_native, id=17400, stack(0x0000006ad6100000,0x0000006ad6200000) (1024K)]
  0x000001cfdd47c2a0 JavaThread "http-nio-8080-Acceptor"     daemon [_thread_in_native, id=19752, stack(0x0000006ad6200000,0x0000006ad6300000) (1024K)]
  0x000001cfdd47dce0 JavaThread "Thread-24"                  daemon [_thread_blocked, id=15428, stack(0x0000006ad3e00000,0x0000006ad3f00000) (1024K)]
Total: 38

Other Threads:
=>0x000001cfffd0b090 VMThread "VM Thread"                           [id=20184, stack(0x0000006ad3400000,0x0000006ad3500000) (1024K)]
  0x000001cfffcf7f70 WatcherThread "VM Periodic Task Thread"        [id=17796, stack(0x0000006ad3300000,0x0000006ad3400000) (1024K)]
  0x000001cff3c49bc0 WorkerThread "GC Thread#0"                     [id=19708, stack(0x0000006ad2e00000,0x0000006ad2f00000) (1024K)]
  0x000001cfdaa72f80 WorkerThread "GC Thread#1"                     [id=17564, stack(0x0000006ad4500000,0x0000006ad4600000) (1024K)]
  0x000001cfdaae2230 WorkerThread "GC Thread#2"                     [id=18040, stack(0x0000006ad4600000,0x0000006ad4700000) (1024K)]
  0x000001cfdaad3300 WorkerThread "GC Thread#3"                     [id=10896, stack(0x0000006ad4700000,0x0000006ad4800000) (1024K)]
  0x000001cfdaad36a0 WorkerThread "GC Thread#4"                     [id=16660, stack(0x0000006ad4800000,0x0000006ad4900000) (1024K)]
  0x000001cfda5fd260 WorkerThread "GC Thread#5"                     [id=10864, stack(0x0000006ad4900000,0x0000006ad4a00000) (1024K)]
  0x000001cfda80f2e0 WorkerThread "GC Thread#6"                     [id=20204, stack(0x0000006ad4a00000,0x0000006ad4b00000) (1024K)]
  0x000001cfda80f680 WorkerThread "GC Thread#7"                     [id=15924, stack(0x0000006ad4b00000,0x0000006ad4c00000) (1024K)]
  0x000001cff3c5a730 ConcurrentGCThread "G1 Main Marker"            [id=5260, stack(0x0000006ad2f00000,0x0000006ad3000000) (1024K)]
  0x000001cff3c5cbf0 WorkerThread "G1 Conc#0"                       [id=20464, stack(0x0000006ad3000000,0x0000006ad3100000) (1024K)]
  0x000001cfdbf3ccc0 WorkerThread "G1 Conc#1"                       [id=13164, stack(0x0000006ad5300000,0x0000006ad5400000) (1024K)]
  0x000001cff3cae840 ConcurrentGCThread "G1 Refine#0"               [id=20176, stack(0x0000006ad3100000,0x0000006ad3200000) (1024K)]
  0x000001cfffbca5a0 ConcurrentGCThread "G1 Service"                [id=1716, stack(0x0000006ad3200000,0x0000006ad3300000) (1024K)]
Total: 15

Threads with active compile tasks:
Total: 0

VM state: at safepoint (normal execution)

VM Mutex/Monitor currently owned by a thread:  ([mutex/lock_event])
[0x00007ffde0bade98] Threads_lock - owner thread: 0x000001cfffd0b090
[0x00007ffde0badf98] Heap_lock - owner thread: 0x000001cfdd481e80

Heap address: 0x0000000704200000, size: 4030 MB, Compressed Oops mode: Zero based, Oop shift amount: 3

CDS archive(s) mapped at: [0x000001cf95000000-0x000001cf95c90000-0x000001cf95c90000), size 13172736, SharedBaseAddress: 0x000001cf95000000, ArchiveRelocationMode: 1.
Compressed class space mapped at: 0x000001cf96000000-0x000001cfd6000000, reserved size: 1073741824
Narrow klass base: 0x000001cf95000000, Narrow klass shift: 0, Narrow klass range: 0x100000000

GC Precious Log:
 CardTable entry size: 512
 Card Set container configuration: InlinePtr #cards 4 size 8 Array Of Cards #cards 16 size 48 Howl #buckets 8 coarsen threshold 3686 Howl Bitmap #cards 512 size 80 coarsen threshold 460 Card regions per heap region 1 cards per card region 4096
 CPUs: 8 total, 8 available
 Memory: 16118M
 Large Page Support: Disabled
 NUMA Support: Disabled
 Compressed Oops: Enabled (Zero based)
 Heap Region Size: 2M
 Heap Min Capacity: 8M
 Heap Initial Capacity: 252M
 Heap Max Capacity: 4030M
 Pre-touch: Disabled
 Parallel Workers: 8
 Concurrent Workers: 2
 Concurrent Refinement Workers: 8
 Periodic GC: Disabled

Heap:
 garbage-first heap   total 258048K, used 39681K [0x0000000704200000, 0x0000000800000000)
  region size 2048K, 4 young (8192K), 4 survivors (8192K)
 Metaspace       used 36799K, committed 37376K, reserved 1114112K
  class space    used 3957K, committed 4224K, reserved 1048576K

Heap Regions: E=young(eden), S=young(survivor), O=old, HS=humongous(starts), HC=humongous(continues), CS=collection set, F=free, TAMS=top-at-mark-start, PB=parsable bottom
|   0|0x0000000704200000, 0x00000007043fffa0, 0x0000000704400000| 99%| O|  |TAMS 0x0000000704200000| PB 0x0000000704200000| Untracked 
|   1|0x0000000704400000, 0x0000000704600000, 0x0000000704600000|100%| O|  |TAMS 0x0000000704400000| PB 0x0000000704400000| Untracked 
|   2|0x0000000704600000, 0x00000007047c56a0, 0x0000000704800000| 88%| O|  |TAMS 0x0000000704600000| PB 0x0000000704600000| Untracked 
|   3|0x0000000704800000, 0x0000000704a00000, 0x0000000704a00000|100%| O|  |TAMS 0x0000000704800000| PB 0x0000000704800000| Untracked 
|   4|0x0000000704a00000, 0x0000000704c00000, 0x0000000704c00000|100%| O|  |TAMS 0x0000000704a00000| PB 0x0000000704a00000| Untracked 
|   5|0x0000000704c00000, 0x0000000704dfffc8, 0x0000000704e00000| 99%| O|  |TAMS 0x0000000704c00000| PB 0x0000000704c00000| Untracked 
|   6|0x0000000704e00000, 0x0000000704e1db80, 0x0000000705000000|  5%| O|  |TAMS 0x0000000704e00000| PB 0x0000000704e00000| Untracked 
|   7|0x0000000705000000, 0x0000000705200000, 0x0000000705200000|100%| O|  |TAMS 0x0000000705000000| PB 0x0000000705000000| Untracked 
|   8|0x0000000705200000, 0x0000000705400000, 0x0000000705400000|100%| O|  |TAMS 0x0000000705200000| PB 0x0000000705200000| Untracked 
|   9|0x0000000705400000, 0x0000000705600000, 0x0000000705600000|100%| O|  |TAMS 0x0000000705400000| PB 0x0000000705400000| Untracked 
|  10|0x0000000705600000, 0x0000000705800000, 0x0000000705800000|100%| O|  |TAMS 0x0000000705600000| PB 0x0000000705600000| Untracked 
|  11|0x0000000705800000, 0x0000000705a00000, 0x0000000705a00000|100%| O|  |TAMS 0x0000000705800000| PB 0x0000000705800000| Untracked 
|  12|0x0000000705a00000, 0x0000000705c00000, 0x0000000705c00000|100%| O|  |TAMS 0x0000000705a00000| PB 0x0000000705a00000| Untracked 
|  13|0x0000000705c00000, 0x0000000705d91328, 0x0000000705e00000| 78%| O|  |TAMS 0x0000000705c00000| PB 0x0000000705c00000| Untracked 
|  14|0x0000000705e00000, 0x0000000705e00000, 0x0000000706000000|  0%| F|  |TAMS 0x0000000705e00000| PB 0x0000000705e00000| Untracked 
|  15|0x0000000706000000, 0x0000000706000000, 0x0000000706200000|  0%| F|  |TAMS 0x0000000706000000| PB 0x0000000706000000| Untracked 
|  16|0x0000000706200000, 0x0000000706200000, 0x0000000706400000|  0%| F|  |TAMS 0x0000000706200000| PB 0x0000000706200000| Untracked 
|  17|0x0000000706400000, 0x0000000706400000, 0x0000000706600000|  0%| F|  |TAMS 0x0000000706400000| PB 0x0000000706400000| Untracked 
|  18|0x0000000706600000, 0x0000000706600000, 0x0000000706800000|  0%| F|  |TAMS 0x0000000706600000| PB 0x0000000706600000| Untracked 
|  19|0x0000000706800000, 0x0000000706800000, 0x0000000706a00000|  0%| F|  |TAMS 0x0000000706800000| PB 0x0000000706800000| Untracked 
|  20|0x0000000706a00000, 0x0000000706a00000, 0x0000000706c00000|  0%| F|  |TAMS 0x0000000706a00000| PB 0x0000000706a00000| Untracked 
|  21|0x0000000706c00000, 0x0000000706c00000, 0x0000000706e00000|  0%| F|  |TAMS 0x0000000706c00000| PB 0x0000000706c00000| Untracked 
|  22|0x0000000706e00000, 0x0000000706e00000, 0x0000000707000000|  0%| F|  |TAMS 0x0000000706e00000| PB 0x0000000706e00000| Untracked 
|  23|0x0000000707000000, 0x0000000707000000, 0x0000000707200000|  0%| F|  |TAMS 0x0000000707000000| PB 0x0000000707000000| Untracked 
|  24|0x0000000707200000, 0x0000000707200000, 0x0000000707400000|  0%| F|  |TAMS 0x0000000707200000| PB 0x0000000707200000| Untracked 
|  25|0x0000000707400000, 0x0000000707400000, 0x0000000707600000|  0%| F|  |TAMS 0x0000000707400000| PB 0x0000000707400000| Untracked 
|  26|0x0000000707600000, 0x0000000707600000, 0x0000000707800000|  0%| F|  |TAMS 0x0000000707600000| PB 0x0000000707600000| Untracked 
|  27|0x0000000707800000, 0x0000000707a00000, 0x0000000707a00000|100%| O|  |TAMS 0x0000000707800000| PB 0x0000000707800000| Untracked 
|  28|0x0000000707a00000, 0x0000000707c00000, 0x0000000707c00000|100%| O|  |TAMS 0x0000000707a00000| PB 0x0000000707a00000| Untracked 
|  29|0x0000000707c00000, 0x0000000707e00000, 0x0000000707e00000|100%| O|  |TAMS 0x0000000707c00000| PB 0x0000000707c00000| Untracked 
|  30|0x0000000707e00000, 0x0000000707e00000, 0x0000000708000000|  0%| F|  |TAMS 0x0000000707e00000| PB 0x0000000707e00000| Untracked 
|  31|0x0000000708000000, 0x0000000708000000, 0x0000000708200000|  0%| F|  |TAMS 0x0000000708000000| PB 0x0000000708000000| Untracked 
|  32|0x0000000708200000, 0x0000000708200000, 0x0000000708400000|  0%| F|  |TAMS 0x0000000708200000| PB 0x0000000708200000| Untracked 
|  33|0x0000000708400000, 0x0000000708400000, 0x0000000708600000|  0%| F|  |TAMS 0x0000000708400000| PB 0x0000000708400000| Untracked 
|  34|0x0000000708600000, 0x0000000708600000, 0x0000000708800000|  0%| F|  |TAMS 0x0000000708600000| PB 0x0000000708600000| Untracked 
|  35|0x0000000708800000, 0x0000000708800000, 0x0000000708a00000|  0%| F|  |TAMS 0x0000000708800000| PB 0x0000000708800000| Untracked 
|  36|0x0000000708a00000, 0x0000000708b4c190, 0x0000000708c00000| 64%| S|CS|TAMS 0x0000000708a00000| PB 0x0000000708a00000| Complete 
|  37|0x0000000708c00000, 0x0000000708e00000, 0x0000000708e00000|100%| S|CS|TAMS 0x0000000708c00000| PB 0x0000000708c00000| Complete 
|  38|0x0000000708e00000, 0x0000000709000000, 0x0000000709000000|100%| S|CS|TAMS 0x0000000708e00000| PB 0x0000000708e00000| Complete 
|  39|0x0000000709000000, 0x0000000709000000, 0x0000000709200000|  0%| F|  |TAMS 0x0000000709000000| PB 0x0000000709000000| Untracked 
|  40|0x0000000709200000, 0x0000000709200000, 0x0000000709400000|  0%| F|  |TAMS 0x0000000709200000| PB 0x0000000709200000| Untracked 
|  41|0x0000000709400000, 0x0000000709400000, 0x0000000709600000|  0%| F|  |TAMS 0x0000000709400000| PB 0x0000000709400000| Untracked 
|  42|0x0000000709600000, 0x0000000709600000, 0x0000000709800000|  0%| F|  |TAMS 0x0000000709600000| PB 0x0000000709600000| Untracked 
|  43|0x0000000709800000, 0x0000000709a00000, 0x0000000709a00000|100%| S|CS|TAMS 0x0000000709800000| PB 0x0000000709800000| Complete 
|  44|0x0000000709a00000, 0x0000000709a00000, 0x0000000709c00000|  0%| F|  |TAMS 0x0000000709a00000| PB 0x0000000709a00000| Untracked 
|  45|0x0000000709c00000, 0x0000000709c00000, 0x0000000709e00000|  0%| F|  |TAMS 0x0000000709c00000| PB 0x0000000709c00000| Untracked 
|  46|0x0000000709e00000, 0x0000000709e00000, 0x000000070a000000|  0%| F|  |TAMS 0x0000000709e00000| PB 0x0000000709e00000| Untracked 
|  47|0x000000070a000000, 0x000000070a000000, 0x000000070a200000|  0%| F|  |TAMS 0x000000070a000000| PB 0x000000070a000000| Untracked 
|  48|0x000000070a200000, 0x000000070a200000, 0x000000070a400000|  0%| F|  |TAMS 0x000000070a200000| PB 0x000000070a200000| Untracked 
|  49|0x000000070a400000, 0x000000070a400000, 0x000000070a600000|  0%| F|  |TAMS 0x000000070a400000| PB 0x000000070a400000| Untracked 
|  50|0x000000070a600000, 0x000000070a600000, 0x000000070a800000|  0%| F|  |TAMS 0x000000070a600000| PB 0x000000070a600000| Untracked 
|  51|0x000000070a800000, 0x000000070a800000, 0x000000070aa00000|  0%| F|  |TAMS 0x000000070a800000| PB 0x000000070a800000| Untracked 
|  52|0x000000070aa00000, 0x000000070aa00000, 0x000000070ac00000|  0%| F|  |TAMS 0x000000070aa00000| PB 0x000000070aa00000| Untracked 
|  53|0x000000070ac00000, 0x000000070ac00000, 0x000000070ae00000|  0%| F|  |TAMS 0x000000070ac00000| PB 0x000000070ac00000| Untracked 
|  54|0x000000070ae00000, 0x000000070ae00000, 0x000000070b000000|  0%| F|  |TAMS 0x000000070ae00000| PB 0x000000070ae00000| Untracked 
|  55|0x000000070b000000, 0x000000070b000000, 0x000000070b200000|  0%| F|  |TAMS 0x000000070b000000| PB 0x000000070b000000| Untracked 
|  56|0x000000070b200000, 0x000000070b200000, 0x000000070b400000|  0%| F|  |TAMS 0x000000070b200000| PB 0x000000070b200000| Untracked 
|  57|0x000000070b400000, 0x000000070b400000, 0x000000070b600000|  0%| F|  |TAMS 0x000000070b400000| PB 0x000000070b400000| Untracked 
|  58|0x000000070b600000, 0x000000070b600000, 0x000000070b800000|  0%| F|  |TAMS 0x000000070b600000| PB 0x000000070b600000| Untracked 
|  59|0x000000070b800000, 0x000000070b800000, 0x000000070ba00000|  0%| F|  |TAMS 0x000000070b800000| PB 0x000000070b800000| Untracked 
|  60|0x000000070ba00000, 0x000000070ba00000, 0x000000070bc00000|  0%| F|  |TAMS 0x000000070ba00000| PB 0x000000070ba00000| Untracked 
|  61|0x000000070bc00000, 0x000000070bc00000, 0x000000070be00000|  0%| F|  |TAMS 0x000000070bc00000| PB 0x000000070bc00000| Untracked 
|  62|0x000000070be00000, 0x000000070be00000, 0x000000070c000000|  0%| F|  |TAMS 0x000000070be00000| PB 0x000000070be00000| Untracked 
|  63|0x000000070c000000, 0x000000070c000000, 0x000000070c200000|  0%| F|  |TAMS 0x000000070c000000| PB 0x000000070c000000| Untracked 
|  64|0x000000070c200000, 0x000000070c200000, 0x000000070c400000|  0%| F|  |TAMS 0x000000070c200000| PB 0x000000070c200000| Untracked 
|  65|0x000000070c400000, 0x000000070c400000, 0x000000070c600000|  0%| F|  |TAMS 0x000000070c400000| PB 0x000000070c400000| Untracked 
|  66|0x000000070c600000, 0x000000070c600000, 0x000000070c800000|  0%| F|  |TAMS 0x000000070c600000| PB 0x000000070c600000| Untracked 
|  67|0x000000070c800000, 0x000000070c800000, 0x000000070ca00000|  0%| F|  |TAMS 0x000000070c800000| PB 0x000000070c800000| Untracked 
|  68|0x000000070ca00000, 0x000000070ca00000, 0x000000070cc00000|  0%| F|  |TAMS 0x000000070ca00000| PB 0x000000070ca00000| Untracked 
|  69|0x000000070cc00000, 0x000000070cc00000, 0x000000070ce00000|  0%| F|  |TAMS 0x000000070cc00000| PB 0x000000070cc00000| Untracked 
|  70|0x000000070ce00000, 0x000000070ce00000, 0x000000070d000000|  0%| F|  |TAMS 0x000000070ce00000| PB 0x000000070ce00000| Untracked 
|  71|0x000000070d000000, 0x000000070d000000, 0x000000070d200000|  0%| F|  |TAMS 0x000000070d000000| PB 0x000000070d000000| Untracked 
|  72|0x000000070d200000, 0x000000070d200000, 0x000000070d400000|  0%| F|  |TAMS 0x000000070d200000| PB 0x000000070d200000| Untracked 
|  73|0x000000070d400000, 0x000000070d400000, 0x000000070d600000|  0%| F|  |TAMS 0x000000070d400000| PB 0x000000070d400000| Untracked 
|  74|0x000000070d600000, 0x000000070d600000, 0x000000070d800000|  0%| F|  |TAMS 0x000000070d600000| PB 0x000000070d600000| Untracked 
|  75|0x000000070d800000, 0x000000070d800000, 0x000000070da00000|  0%| F|  |TAMS 0x000000070d800000| PB 0x000000070d800000| Untracked 
|  76|0x000000070da00000, 0x000000070da00000, 0x000000070dc00000|  0%| F|  |TAMS 0x000000070da00000| PB 0x000000070da00000| Untracked 
|  77|0x000000070dc00000, 0x000000070dc00000, 0x000000070de00000|  0%| F|  |TAMS 0x000000070dc00000| PB 0x000000070dc00000| Untracked 
|  78|0x000000070de00000, 0x000000070de00000, 0x000000070e000000|  0%| F|  |TAMS 0x000000070de00000| PB 0x000000070de00000| Untracked 
|  79|0x000000070e000000, 0x000000070e000000, 0x000000070e200000|  0%| F|  |TAMS 0x000000070e000000| PB 0x000000070e000000| Untracked 
|  80|0x000000070e200000, 0x000000070e200000, 0x000000070e400000|  0%| F|  |TAMS 0x000000070e200000| PB 0x000000070e200000| Untracked 
|  81|0x000000070e400000, 0x000000070e400000, 0x000000070e600000|  0%| F|  |TAMS 0x000000070e400000| PB 0x000000070e400000| Untracked 
|  82|0x000000070e600000, 0x000000070e600000, 0x000000070e800000|  0%| F|  |TAMS 0x000000070e600000| PB 0x000000070e600000| Untracked 
|  83|0x000000070e800000, 0x000000070e800000, 0x000000070ea00000|  0%| F|  |TAMS 0x000000070e800000| PB 0x000000070e800000| Untracked 
|  84|0x000000070ea00000, 0x000000070ea00000, 0x000000070ec00000|  0%| F|  |TAMS 0x000000070ea00000| PB 0x000000070ea00000| Untracked 
|  85|0x000000070ec00000, 0x000000070ec00000, 0x000000070ee00000|  0%| F|  |TAMS 0x000000070ec00000| PB 0x000000070ec00000| Untracked 
|  86|0x000000070ee00000, 0x000000070ee00000, 0x000000070f000000|  0%| F|  |TAMS 0x000000070ee00000| PB 0x000000070ee00000| Untracked 
|  87|0x000000070f000000, 0x000000070f000000, 0x000000070f200000|  0%| F|  |TAMS 0x000000070f000000| PB 0x000000070f000000| Untracked 
|  88|0x000000070f200000, 0x000000070f200000, 0x000000070f400000|  0%| F|  |TAMS 0x000000070f200000| PB 0x000000070f200000| Untracked 
|  89|0x000000070f400000, 0x000000070f400000, 0x000000070f600000|  0%| F|  |TAMS 0x000000070f400000| PB 0x000000070f400000| Untracked 
|  90|0x000000070f600000, 0x000000070f600000, 0x000000070f800000|  0%| F|  |TAMS 0x000000070f600000| PB 0x000000070f600000| Untracked 
|  91|0x000000070f800000, 0x000000070f800000, 0x000000070fa00000|  0%| F|  |TAMS 0x000000070f800000| PB 0x000000070f800000| Untracked 
|  92|0x000000070fa00000, 0x000000070fa00000, 0x000000070fc00000|  0%| F|  |TAMS 0x000000070fa00000| PB 0x000000070fa00000| Untracked 
|  93|0x000000070fc00000, 0x000000070fc00000, 0x000000070fe00000|  0%| F|  |TAMS 0x000000070fc00000| PB 0x000000070fc00000| Untracked 
|  94|0x000000070fe00000, 0x000000070fe00000, 0x0000000710000000|  0%| F|  |TAMS 0x000000070fe00000| PB 0x000000070fe00000| Untracked 
|  95|0x0000000710000000, 0x0000000710000000, 0x0000000710200000|  0%| F|  |TAMS 0x0000000710000000| PB 0x0000000710000000| Untracked 
|  96|0x0000000710200000, 0x0000000710200000, 0x0000000710400000|  0%| F|  |TAMS 0x0000000710200000| PB 0x0000000710200000| Untracked 
|  97|0x0000000710400000, 0x0000000710400000, 0x0000000710600000|  0%| F|  |TAMS 0x0000000710400000| PB 0x0000000710400000| Untracked 
|  98|0x0000000710600000, 0x0000000710600000, 0x0000000710800000|  0%| F|  |TAMS 0x0000000710600000| PB 0x0000000710600000| Untracked 
|  99|0x0000000710800000, 0x0000000710800000, 0x0000000710a00000|  0%| F|  |TAMS 0x0000000710800000| PB 0x0000000710800000| Untracked 
| 100|0x0000000710a00000, 0x0000000710a00000, 0x0000000710c00000|  0%| F|  |TAMS 0x0000000710a00000| PB 0x0000000710a00000| Untracked 
| 101|0x0000000710c00000, 0x0000000710c00000, 0x0000000710e00000|  0%| F|  |TAMS 0x0000000710c00000| PB 0x0000000710c00000| Untracked 
| 102|0x0000000710e00000, 0x0000000710e00000, 0x0000000711000000|  0%| F|  |TAMS 0x0000000710e00000| PB 0x0000000710e00000| Untracked 
| 103|0x0000000711000000, 0x0000000711000000, 0x0000000711200000|  0%| F|  |TAMS 0x0000000711000000| PB 0x0000000711000000| Untracked 
| 104|0x0000000711200000, 0x0000000711200000, 0x0000000711400000|  0%| F|  |TAMS 0x0000000711200000| PB 0x0000000711200000| Untracked 
| 105|0x0000000711400000, 0x0000000711400000, 0x0000000711600000|  0%| F|  |TAMS 0x0000000711400000| PB 0x0000000711400000| Untracked 
| 106|0x0000000711600000, 0x0000000711600000, 0x0000000711800000|  0%| F|  |TAMS 0x0000000711600000| PB 0x0000000711600000| Untracked 
| 107|0x0000000711800000, 0x0000000711800000, 0x0000000711a00000|  0%| F|  |TAMS 0x0000000711800000| PB 0x0000000711800000| Untracked 
| 108|0x0000000711a00000, 0x0000000711a00000, 0x0000000711c00000|  0%| F|  |TAMS 0x0000000711a00000| PB 0x0000000711a00000| Untracked 
| 109|0x0000000711c00000, 0x0000000711c00000, 0x0000000711e00000|  0%| F|  |TAMS 0x0000000711c00000| PB 0x0000000711c00000| Untracked 
| 110|0x0000000711e00000, 0x0000000711e00000, 0x0000000712000000|  0%| F|  |TAMS 0x0000000711e00000| PB 0x0000000711e00000| Untracked 
| 111|0x0000000712000000, 0x0000000712000000, 0x0000000712200000|  0%| F|  |TAMS 0x0000000712000000| PB 0x0000000712000000| Untracked 
| 112|0x0000000712200000, 0x0000000712200000, 0x0000000712400000|  0%| F|  |TAMS 0x0000000712200000| PB 0x0000000712200000| Untracked 
| 113|0x0000000712400000, 0x0000000712400000, 0x0000000712600000|  0%| F|  |TAMS 0x0000000712400000| PB 0x0000000712400000| Untracked 
| 114|0x0000000712600000, 0x0000000712600000, 0x0000000712800000|  0%| F|  |TAMS 0x0000000712600000| PB 0x0000000712600000| Untracked 
| 115|0x0000000712800000, 0x0000000712800000, 0x0000000712a00000|  0%| F|  |TAMS 0x0000000712800000| PB 0x0000000712800000| Untracked 
| 116|0x0000000712a00000, 0x0000000712a00000, 0x0000000712c00000|  0%| F|  |TAMS 0x0000000712a00000| PB 0x0000000712a00000| Untracked 
| 117|0x0000000712c00000, 0x0000000712c00000, 0x0000000712e00000|  0%| F|  |TAMS 0x0000000712c00000| PB 0x0000000712c00000| Untracked 
| 118|0x0000000712e00000, 0x0000000712e00000, 0x0000000713000000|  0%| F|  |TAMS 0x0000000712e00000| PB 0x0000000712e00000| Untracked 
| 119|0x0000000713000000, 0x0000000713000000, 0x0000000713200000|  0%| F|  |TAMS 0x0000000713000000| PB 0x0000000713000000| Untracked 
| 120|0x0000000713200000, 0x0000000713200000, 0x0000000713400000|  0%| F|  |TAMS 0x0000000713200000| PB 0x0000000713200000| Untracked 
| 121|0x0000000713400000, 0x0000000713400000, 0x0000000713600000|  0%| F|  |TAMS 0x0000000713400000| PB 0x0000000713400000| Untracked 
| 122|0x0000000713600000, 0x0000000713600000, 0x0000000713800000|  0%| F|  |TAMS 0x0000000713600000| PB 0x0000000713600000| Untracked 
| 123|0x0000000713800000, 0x0000000713800000, 0x0000000713a00000|  0%| F|  |TAMS 0x0000000713800000| PB 0x0000000713800000| Untracked 
| 124|0x0000000713a00000, 0x0000000713a00000, 0x0000000713c00000|  0%| F|  |TAMS 0x0000000713a00000| PB 0x0000000713a00000| Untracked 
| 125|0x0000000713c00000, 0x0000000713c00000, 0x0000000713e00000|  0%| F|  |TAMS 0x0000000713c00000| PB 0x0000000713c00000| Untracked 

Card table byte_map: [0x000001cffea90000,0x000001cfff270000] _byte_map_base: 0x000001cffb26f000

Marking Bits: (CMBitMap*) 0x000001cff3c4a0d0
 Bits: [0x000001cf8f000000, 0x000001cf92ef8000)

Polling page: 0x000001cff3cb0000

Metaspace:

Usage:
  Non-class:     32.07 MB used.
      Class:      3.86 MB used.
       Both:     35.94 MB used.

Virtual space:
  Non-class space:       64.00 MB reserved,      32.38 MB ( 51%) committed,  1 nodes.
      Class space:        1.00 GB reserved,       4.12 MB ( <1%) committed,  1 nodes.
             Both:        1.06 GB reserved,      36.50 MB (  3%) committed. 

Chunk freelists:
   Non-Class:  15.45 MB
       Class:  11.84 MB
        Both:  27.30 MB

MaxMetaspaceSize: unlimited
CompressedClassSpaceSize: 1.00 GB
Initial GC threshold: 21.00 MB
Current GC threshold: 59.50 MB
CDS: on
 - commit_granule_bytes: 65536.
 - commit_granule_words: 8192.
 - virtual_space_node_default_size: 8388608.
 - enlarge_chunks_in_place: 1.
 - use_allocation_guard: 0.


Internal statistics:

num_allocs_failed_limit: 3.
num_arena_births: 762.
num_arena_deaths: 0.
num_vsnodes_births: 2.
num_vsnodes_deaths: 0.
num_space_committed: 583.
num_space_uncommitted: 0.
num_chunks_returned_to_freelist: 3.
num_chunks_taken_from_freelist: 1770.
num_chunk_merges: 3.
num_chunk_splits: 1150.
num_chunks_enlarged: 696.
num_inconsistent_stats: 0.

CodeHeap 'non-profiled nmethods': size=120000Kb used=2403Kb max_used=2403Kb free=117597Kb
 bounds [0x000001cf87ad0000, 0x000001cf87d40000, 0x000001cf8f000000]
CodeHeap 'profiled nmethods': size=120000Kb used=7708Kb max_used=8733Kb free=112291Kb
 bounds [0x000001cf80000000, 0x000001cf80890000, 0x000001cf87530000]
CodeHeap 'non-nmethods': size=5760Kb used=1800Kb max_used=1866Kb free=3959Kb
 bounds [0x000001cf87530000, 0x000001cf877a0000, 0x000001cf87ad0000]
 total_blobs=4610 nmethods=3954 adapters=559
 compilation: enabled
              stopped_count=0, restarted_count=0
 full_count=0

Compilation events (20 events):
Event: 4.631 Thread 0x000001cfffd44a80 nmethod 4726 0x000001cf87b28f10 code [0x000001cf87b290a0, 0x000001cf87b29160]
Event: 4.632 Thread 0x000001cfffd47770 nmethod 4720 0x000001cf87d1b010 code [0x000001cf87d1b440, 0x000001cf87d1e870]
Event: 4.648 Thread 0x000001cfffd47e40 4727   !   3       java.util.concurrent.locks.AbstractQueuedSynchronizer::acquire (424 bytes)
Event: 4.649 Thread 0x000001cfffd47e40 nmethod 4727 0x000001cf800ce890 code [0x000001cf800cec60, 0x000001cf800d06c0]
Event: 4.665 Thread 0x000001cfffd47e40 4728       3       org.apache.xbean.asm9.ClassReader::accept (1419 bytes)
Event: 4.669 Thread 0x000001cfffd47e40 nmethod 4728 0x000001cf80246090 code [0x000001cf80246ce0, 0x000001cf8024e608]
Event: 4.687 Thread 0x000001cfffd47e40 4729       3       org.apache.openejb.util.AnnotationFinder$Visitor::visitMethod (5 bytes)
Event: 4.688 Thread 0x000001cfffd47e40 nmethod 4729 0x000001cf803cdf10 code [0x000001cf803ce0a0, 0x000001cf803ce198]
Event: 4.742 Thread 0x000001cfffd44a80 4730       4       org.apache.openejb.util.AnnotationFinder$Visitor::visitAnnotation (88 bytes)
Event: 4.759 Thread 0x000001cfffd44a80 nmethod 4730 0x000001cf87d20590 code [0x000001cf87d208a0, 0x000001cf87d21f30]
Event: 4.829 Thread 0x000001cfffd44a80 4731       4       java.io.InputStream::readNBytes (292 bytes)
Event: 4.830 Thread 0x000001cfffd47e40 4732       3       org.apache.openejb.util.AnnotationFinder$Visitor::visitInnerClass (5 bytes)
Event: 4.830 Thread 0x000001cfffd47e40 nmethod 4732 0x000001cf803cdb90 code [0x000001cf803cdd20, 0x000001cf803cde18]
Event: 4.845 Thread 0x000001cfffd44a80 nmethod 4731 0x000001cf87d22c90 code [0x000001cf87d22f00, 0x000001cf87d249c8]
Event: 4.865 Thread 0x000001cfffd44a80 4733       4       java.util.jar.JarFile::getVersionedEntry (133 bytes)
Event: 4.896 Thread 0x000001cfffd44a80 nmethod 4733 0x000001cf87d25510 code [0x000001cf87d257e0, 0x000001cf87d27358]
Event: 4.916 Thread 0x000001cfffd44a80 4734       4       java.io.File::<init> (47 bytes)
Event: 4.922 Thread 0x000001cfffd44a80 nmethod 4734 0x000001cf87d28110 code [0x000001cf87d28340, 0x000001cf87d28b00]
Event: 4.922 Thread 0x000001cfffd44a80 4735       4       java.nio.charset.CoderResult::isUnderflow (13 bytes)
Event: 4.922 Thread 0x000001cfffd44a80 nmethod 4735 0x000001cf87b92a10 code [0x000001cf87b92ba0, 0x000001cf87b92c38]

GC Heap History (20 events):
Event: 3.767 GC heap after
{Heap after GC invocations=14 (full 9):
 garbage-first heap   total 69632K, used 18316K [0x0000000704200000, 0x0000000800000000)
  region size 2048K, 0 young (0K), 0 survivors (0K)
 Metaspace       used 36019K, committed 36544K, reserved 1114112K
  class space    used 3908K, committed 4160K, reserved 1048576K
}
Event: 3.768 GC heap before
{Heap before GC invocations=14 (full 9):
 garbage-first heap   total 69632K, used 18316K [0x0000000704200000, 0x0000000800000000)
  region size 2048K, 1 young (2048K), 0 survivors (0K)
 Metaspace       used 36019K, committed 36544K, reserved 1114112K
  class space    used 3908K, committed 4160K, reserved 1048576K
}
Event: 3.786 GC heap after
{Heap after GC invocations=15 (full 10):
 garbage-first heap   total 69632K, used 18316K [0x0000000704200000, 0x0000000800000000)
  region size 2048K, 0 young (0K), 0 survivors (0K)
 Metaspace       used 36019K, committed 36544K, reserved 1114112K
  class space    used 3908K, committed 4160K, reserved 1048576K
}
Event: 3.787 GC heap before
{Heap before GC invocations=15 (full 10):
 garbage-first heap   total 69632K, used 18316K [0x0000000704200000, 0x0000000800000000)
  region size 2048K, 1 young (2048K), 0 survivors (0K)
 Metaspace       used 36019K, committed 36544K, reserved 1114112K
  class space    used 3908K, committed 4160K, reserved 1048576K
}
Event: 3.807 GC heap after
{Heap after GC invocations=16 (full 11):
 garbage-first heap   total 69632K, used 18316K [0x0000000704200000, 0x0000000800000000)
  region size 2048K, 0 young (0K), 0 survivors (0K)
 Metaspace       used 36019K, committed 36544K, reserved 1114112K
  class space    used 3908K, committed 4160K, reserved 1048576K
}
Event: 3.808 GC heap before
{Heap before GC invocations=16 (full 11):
 garbage-first heap   total 69632K, used 18316K [0x0000000704200000, 0x0000000800000000)
  region size 2048K, 1 young (2048K), 0 survivors (0K)
 Metaspace       used 36019K, committed 36544K, reserved 1114112K
  class space    used 3908K, committed 4160K, reserved 1048576K
}
Event: 3.829 GC heap after
{Heap after GC invocations=17 (full 12):
 garbage-first heap   total 69632K, used 18316K [0x0000000704200000, 0x0000000800000000)
  region size 2048K, 0 young (0K), 0 survivors (0K)
 Metaspace       used 36019K, committed 36544K, reserved 1114112K
  class space    used 3908K, committed 4160K, reserved 1048576K
}
Event: 4.115 GC heap before
{Heap before GC invocations=17 (full 12):
 garbage-first heap   total 69632K, used 46988K [0x0000000704200000, 0x0000000800000000)
  region size 2048K, 15 young (30720K), 0 survivors (0K)
 Metaspace       used 36497K, committed 37056K, reserved 1114112K
  class space    used 3936K, committed 4224K, reserved 1048576K
}
Event: 4.119 GC heap after
{Heap after GC invocations=18 (full 12):
 garbage-first heap   total 69632K, used 26983K [0x0000000704200000, 0x0000000800000000)
  region size 2048K, 2 young (4096K), 2 survivors (4096K)
 Metaspace       used 36497K, committed 37056K, reserved 1114112K
  class space    used 3936K, committed 4224K, reserved 1048576K
}
Event: 4.168 GC heap before
{Heap before GC invocations=18 (full 12):
 garbage-first heap   total 69632K, used 47463K [0x0000000704200000, 0x0000000800000000)
  region size 2048K, 13 young (26624K), 2 survivors (4096K)
 Metaspace       used 36519K, committed 37120K, reserved 1114112K
  class space    used 3936K, committed 4224K, reserved 1048576K
}
Event: 4.173 GC heap after
{Heap after GC invocations=19 (full 12):
 garbage-first heap   total 69632K, used 31843K [0x0000000704200000, 0x0000000800000000)
  region size 2048K, 2 young (4096K), 2 survivors (4096K)
 Metaspace       used 36519K, committed 37120K, reserved 1114112K
  class space    used 3936K, committed 4224K, reserved 1048576K
}
Event: 4.206 GC heap before
{Heap before GC invocations=19 (full 12):
 garbage-first heap   total 69632K, used 52323K [0x0000000704200000, 0x0000000800000000)
  region size 2048K, 12 young (24576K), 2 survivors (4096K)
 Metaspace       used 36519K, committed 37120K, reserved 1114112K
  class space    used 3936K, committed 4224K, reserved 1048576K
}
Event: 4.210 GC heap after
{Heap after GC invocations=20 (full 12):
 garbage-first heap   total 200704K, used 36305K [0x0000000704200000, 0x0000000800000000)
  region size 2048K, 2 young (4096K), 2 survivors (4096K)
 Metaspace       used 36519K, committed 37120K, reserved 1114112K
  class space    used 3936K, committed 4224K, reserved 1048576K
}
Event: 4.463 GC heap before
{Heap before GC invocations=20 (full 12):
 garbage-first heap   total 200704K, used 146897K [0x0000000704200000, 0x0000000800000000)
  region size 2048K, 57 young (116736K), 2 survivors (4096K)
 Metaspace       used 36764K, committed 37312K, reserved 1114112K
  class space    used 3957K, committed 4224K, reserved 1048576K
}
Event: 4.468 GC heap after
{Heap after GC invocations=21 (full 12):
 garbage-first heap   total 200704K, used 39773K [0x0000000704200000, 0x0000000800000000)
  region size 2048K, 4 young (8192K), 4 survivors (8192K)
 Metaspace       used 36764K, committed 37312K, reserved 1114112K
  class space    used 3957K, committed 4224K, reserved 1048576K
}
Event: 4.644 GC heap before
{Heap before GC invocations=21 (full 12):
 garbage-first heap   total 200704K, used 150365K [0x0000000704200000, 0x0000000800000000)
  region size 2048K, 58 young (118784K), 4 survivors (8192K)
 Metaspace       used 36791K, committed 37376K, reserved 1114112K
  class space    used 3957K, committed 4224K, reserved 1048576K
}
Event: 4.648 GC heap after
{Heap after GC invocations=22 (full 12):
 garbage-first heap   total 200704K, used 39557K [0x0000000704200000, 0x0000000800000000)
  region size 2048K, 4 young (8192K), 4 survivors (8192K)
 Metaspace       used 36791K, committed 37376K, reserved 1114112K
  class space    used 3957K, committed 4224K, reserved 1048576K
}
Event: 4.801 GC heap before
{Heap before GC invocations=22 (full 12):
 garbage-first heap   total 200704K, used 150149K [0x0000000704200000, 0x0000000800000000)
  region size 2048K, 58 young (118784K), 4 survivors (8192K)
 Metaspace       used 36799K, committed 37376K, reserved 1114112K
  class space    used 3957K, committed 4224K, reserved 1048576K
}
Event: 4.804 GC heap after
{Heap after GC invocations=23 (full 12):
 garbage-first heap   total 200704K, used 39439K [0x0000000704200000, 0x0000000800000000)
  region size 2048K, 4 young (8192K), 4 survivors (8192K)
 Metaspace       used 36799K, committed 37376K, reserved 1114112K
  class space    used 3957K, committed 4224K, reserved 1048576K
}
Event: 4.972 GC heap before
{Heap before GC invocations=23 (full 12):
 garbage-first heap   total 200704K, used 150031K [0x0000000704200000, 0x0000000800000000)
  region size 2048K, 58 young (118784K), 4 survivors (8192K)
 Metaspace       used 36799K, committed 37376K, reserved 1114112K
  class space    used 3957K, committed 4224K, reserved 1048576K
}

Dll operation events (14 events):
Event: 0.006 Loaded shared library D:\java\jdk21\bin\java.dll
Event: 0.032 Loaded shared library D:\java\jdk21\bin\jsvml.dll
Event: 0.067 Loaded shared library D:\java\jdk21\bin\zip.dll
Event: 0.070 Loaded shared library D:\java\jdk21\bin\instrument.dll
Event: 0.073 Loaded shared library D:\java\jdk21\bin\net.dll
Event: 0.075 Loaded shared library D:\java\jdk21\bin\nio.dll
Event: 0.077 Loaded shared library D:\java\jdk21\bin\zip.dll
Event: 0.121 Loaded shared library D:\java\jdk21\bin\jimage.dll
Event: 0.183 Loaded shared library D:\java\jdk21\bin\management_agent.dll
Event: 0.185 Loaded shared library D:\java\jdk21\bin\management.dll
Event: 0.192 Loaded shared library D:\java\jdk21\bin\management_ext.dll
Event: 0.478 Loaded shared library D:\java\jdk21\bin\extnet.dll
Event: 1.863 Loaded shared library D:\java\jdk21\bin\sunmscapi.dll
Event: 2.247 Loaded shared library D:\java\jdk21\bin\verify.dll

Deoptimization events (20 events):
Event: 4.293 Thread 0x000001cfdd481e80 DEOPT PACKING pc=0x000001cf87bfb434 sp=0x0000006ad5afcc10
Event: 4.293 Thread 0x000001cfdd481e80 DEOPT UNPACKING pc=0x000001cf87587da2 sp=0x0000006ad5afcb80 mode 2
Event: 4.297 Thread 0x000001cfdd481e80 Uncommon trap: trap_request=0xffffffde fr.pc=0x000001cf87bfb434 relative=0x0000000000001714
Event: 4.297 Thread 0x000001cfdd481e80 Uncommon trap: reason=class_check action=maybe_recompile pc=0x000001cf87bfb434 method=org.apache.xbean.asm9.ClassReader.readField(Lorg/apache/xbean/asm9/ClassVisitor;Lorg/apache/xbean/asm9/Context;I)I @ 340 c2
Event: 4.297 Thread 0x000001cfdd481e80 DEOPT PACKING pc=0x000001cf87bfb434 sp=0x0000006ad5afcc10
Event: 4.297 Thread 0x000001cfdd481e80 DEOPT UNPACKING pc=0x000001cf87587da2 sp=0x0000006ad5afcb80 mode 2
Event: 4.298 Thread 0x000001cfdd481e80 Uncommon trap: trap_request=0xffffffde fr.pc=0x000001cf87bfb434 relative=0x0000000000001714
Event: 4.298 Thread 0x000001cfdd481e80 Uncommon trap: reason=class_check action=maybe_recompile pc=0x000001cf87bfb434 method=org.apache.xbean.asm9.ClassReader.readField(Lorg/apache/xbean/asm9/ClassVisitor;Lorg/apache/xbean/asm9/Context;I)I @ 340 c2
Event: 4.298 Thread 0x000001cfdd481e80 DEOPT PACKING pc=0x000001cf87bfb434 sp=0x0000006ad5afcc10
Event: 4.298 Thread 0x000001cfdd481e80 DEOPT UNPACKING pc=0x000001cf87587da2 sp=0x0000006ad5afcb80 mode 2
Event: 4.304 Thread 0x000001cfdd481e80 Uncommon trap: trap_request=0xffffffde fr.pc=0x000001cf87bfb434 relative=0x0000000000001714
Event: 4.304 Thread 0x000001cfdd481e80 Uncommon trap: reason=class_check action=maybe_recompile pc=0x000001cf87bfb434 method=org.apache.xbean.asm9.ClassReader.readField(Lorg/apache/xbean/asm9/ClassVisitor;Lorg/apache/xbean/asm9/Context;I)I @ 340 c2
Event: 4.304 Thread 0x000001cfdd481e80 DEOPT PACKING pc=0x000001cf87bfb434 sp=0x0000006ad5afcc30
Event: 4.304 Thread 0x000001cfdd481e80 DEOPT UNPACKING pc=0x000001cf87587da2 sp=0x0000006ad5afcba0 mode 2
Event: 4.402 Thread 0x000001cfdd481e80 DEOPT PACKING pc=0x000001cf80278dfe sp=0x0000006ad5afc320
Event: 4.402 Thread 0x000001cfdd481e80 DEOPT UNPACKING pc=0x000001cf875888e2 sp=0x0000006ad5afb8a0 mode 0
Event: 4.608 Thread 0x000001cfdd481e80 Uncommon trap: trap_request=0xffffff45 fr.pc=0x000001cf87d14484 relative=0x0000000000007bc4
Event: 4.608 Thread 0x000001cfdd481e80 Uncommon trap: reason=unstable_if action=reinterpret pc=0x000001cf87d14484 method=org.apache.xbean.asm9.ClassReader.accept(Lorg/apache/xbean/asm9/ClassVisitor;[Lorg/apache/xbean/asm9/Attribute;I)V @ 500 c2
Event: 4.608 Thread 0x000001cfdd481e80 DEOPT PACKING pc=0x000001cf87d14484 sp=0x0000006ad5afcc70
Event: 4.608 Thread 0x000001cfdd481e80 DEOPT UNPACKING pc=0x000001cf87587da2 sp=0x0000006ad5afcc38 mode 2

Classes loaded (20 events):
Event: 3.619 Loading class javax/xml/namespace/NamespaceContext
Event: 3.619 Loading class javax/xml/namespace/NamespaceContext done
Event: 3.626 Loading class java/io/CharArrayReader
Event: 3.626 Loading class java/io/CharArrayReader done
Event: 3.627 Loading class javax/xml/stream/util/StreamReaderDelegate
Event: 3.627 Loading class javax/xml/stream/util/StreamReaderDelegate done
Event: 4.225 Loading class sun/net/www/protocol/jrt/JavaRuntimeURLConnection
Event: 4.225 Loading class sun/net/www/protocol/jrt/JavaRuntimeURLConnection done
Event: 4.226 Loading class sun/net/www/protocol/jrt/JavaRuntimeURLConnection$1
Event: 4.226 Loading class sun/net/www/protocol/jrt/JavaRuntimeURLConnection$1 done
Event: 4.226 Loading class jdk/internal/jimage/ImageBufferCache
Event: 4.226 Loading class jdk/internal/jimage/ImageBufferCache done
Event: 4.226 Loading class jdk/internal/jimage/ImageBufferCache$1
Event: 4.226 Loading class jdk/internal/jimage/ImageBufferCache$1 done
Event: 4.226 Loading class jdk/internal/jimage/ImageBufferCache$2
Event: 4.226 Loading class jdk/internal/jimage/ImageBufferCache$2 done
Event: 4.226 Loading class java/util/AbstractMap$SimpleEntry
Event: 4.226 Loading class java/util/AbstractMap$SimpleEntry done
Event: 4.482 Loading class java/lang/foreign/MemorySegment
Event: 4.483 Loading class java/lang/foreign/MemorySegment done

Classes unloaded (0 events):
No events

Classes redefined (0 events):
No events

Internal exceptions (20 events):
Event: 3.262 Thread 0x000001cfdd47c930 Exception <a 'java/lang/NoSuchMethodError'{0x0000000711cfcb80}: static Lorg/apache/openejb/assembler/classic/AppInfo;.<clinit>()V> (0x0000000711cfcb80) 
thrown [s\open\src\hotspot\share\prims\jni.cpp, line 1111]
Event: 3.262 Thread 0x000001cfdd47c930 Exception <a 'java/lang/NoSuchMethodError'{0x0000000711cfdc40}: static Lorg/apache/openejb/assembler/classic/InfoObject;.<clinit>()V> (0x0000000711cfdc40) 
thrown [s\open\src\hotspot\share\prims\jni.cpp, line 1111]
Event: 3.263 Thread 0x000001cfdd47c930 Exception <a 'java/lang/NoSuchMethodError'{0x0000000711d08ca8}: static Lorg/apache/openejb/assembler/classic/JndiEncInfo;.<clinit>()V> (0x0000000711d08ca8) 
thrown [s\open\src\hotspot\share\prims\jni.cpp, line 1111]
Event: 3.265 Thread 0x000001cfdd47c930 Exception <a 'java/lang/NoSuchMethodError'{0x0000000711d27c20}: static Lorg/apache/openejb/assembler/classic/EjbJarInfo;.<clinit>()V> (0x0000000711d27c20) 
thrown [s\open\src\hotspot\share\prims\jni.cpp, line 1111]
Event: 3.265 Thread 0x000001cfdd47c930 Exception <a 'java/lang/NoSuchMethodError'{0x0000000711d28ff0}: static Lorg/apache/openejb/assembler/classic/CommonInfoObject;.<clinit>()V> (0x0000000711d28ff0) 
thrown [s\open\src\hotspot\share\prims\jni.cpp, line 1111]
Event: 3.267 Thread 0x000001cfdd47c930 Exception <a 'java/lang/NoSuchMethodError'{0x0000000711d4a098}: static Lorg/apache/openejb/assembler/classic/SingletonBeanInfo;.<clinit>()V> (0x0000000711d4a098) 
thrown [s\open\src\hotspot\share\prims\jni.cpp, line 1111]
Event: 3.267 Thread 0x000001cfdd47c930 Exception <a 'java/lang/NoSuchMethodError'{0x0000000711d4ef58}: static Lorg/apache/openejb/assembler/classic/EnterpriseBeanInfo;.<clinit>()V> (0x0000000711d4ef58) 
thrown [s\open\src\hotspot\share\prims\jni.cpp, line 1111]
Event: 3.270 Thread 0x000001cfdd47c930 Exception <a 'java/lang/NoSuchMethodError'{0x0000000711d64cc8}: static Lorg/apache/openejb/assembler/classic/JndiNameInfo;.<clinit>()V> (0x0000000711d64cc8) 
thrown [s\open\src\hotspot\share\prims\jni.cpp, line 1111]
Event: 3.272 Thread 0x000001cfdd47c930 Exception <a 'java/lang/NoSuchMethodError'{0x0000000711d8a100}: static Lorg/apache/openejb/assembler/classic/InterceptorBindingInfo;.<clinit>()V> (0x0000000711d8a100) 
thrown [s\open\src\hotspot\share\prims\jni.cpp, line 1111]
Event: 3.273 Thread 0x000001cfdd47c930 Exception <a 'java/lang/NoSuchMethodError'{0x0000000711d97f00}: static Lorg/apache/openejb/assembler/classic/InterceptorInfo;.<clinit>()V> (0x0000000711d97f00) 
thrown [s\open\src\hotspot\share\prims\jni.cpp, line 1111]
Event: 3.273 Thread 0x000001cfdd47c930 Exception <a 'java/lang/NoSuchMethodError'{0x0000000711da33b8}: static Lorg/apache/openejb/assembler/classic/CallbackInfo;.<clinit>()V> (0x0000000711da33b8) 
thrown [s\open\src\hotspot\share\prims\jni.cpp, line 1111]
Event: 3.274 Thread 0x000001cfdd47c930 Exception <a 'java/lang/NoSuchMethodError'{0x0000000711dc4b50}: static Lorg/apache/openejb/assembler/classic/MethodConcurrencyInfo;.<clinit>()V> (0x0000000711dc4b50) 
thrown [s\open\src\hotspot\share\prims\jni.cpp, line 1111]
Event: 3.274 Thread 0x000001cfdd47c930 Exception <a 'java/lang/NoSuchMethodError'{0x0000000711dc5ca8}: static Lorg/apache/openejb/assembler/classic/MethodAttributeInfo;.<clinit>()V> (0x0000000711dc5ca8) 
thrown [s\open\src\hotspot\share\prims\jni.cpp, line 1111]
Event: 3.275 Thread 0x000001cfdd47c930 Exception <a 'java/lang/NoSuchMethodError'{0x0000000711dd2540}: static Lorg/apache/openejb/assembler/classic/MethodInfo;.<clinit>()V> (0x0000000711dd2540) 
thrown [s\open\src\hotspot\share\prims\jni.cpp, line 1111]
Event: 3.328 Thread 0x000001cfdd481e80 Exception <a 'java/lang/ClassNotFoundException'{0x00000007114c5830}: org/apache/catalina/webresources/jar/Handler> (0x00000007114c5830) 
thrown [s\open\src\hotspot\share\classfile\systemDictionary.cpp, line 312]
Event: 4.065 Thread 0x000001cfdd481e80 Exception <a 'java/io/FileNotFoundException'{0x000000070730ba78}> (0x000000070730ba78) 
thrown [s\open\src\hotspot\share\prims\jni.cpp, line 520]
Event: 4.234 Thread 0x000001cfdd481e80 Exception <a 'java/lang/NoClassDefFoundError'{0x000000070fcd83a0}: org/apache/tools/ant/Task> (0x000000070fcd83a0) 
thrown [s\open\src\hotspot\share\classfile\systemDictionary.cpp, line 301]
Event: 4.235 Thread 0x000001cfdd481e80 Exception <a 'java/lang/NoClassDefFoundError'{0x000000070fce5130}: org/apache/tools/ant/Task> (0x000000070fce5130) 
thrown [s\open\src\hotspot\share\classfile\systemDictionary.cpp, line 301]
Event: 4.235 Thread 0x000001cfdd481e80 Exception <a 'java/lang/NoClassDefFoundError'{0x000000070fcf1d18}: org/apache/tools/ant/Task> (0x000000070fcf1d18) 
thrown [s\open\src\hotspot\share\classfile\systemDictionary.cpp, line 301]
Event: 4.263 Thread 0x000001cfdd481e80 Exception <a 'java/lang/NoSuchMethodError'{0x000000070f97b628}: 'java.lang.Object java.lang.invoke.DirectMethodHandle$Holder.invokeSpecial(java.lang.Object, java.lang.Object, int, java.lang.Object, java.lang.Object)'> (0x000000070f97b628) 
thrown [s\open\src\hotspot\share\interpreter\linkResolver.cpp, line 773]

ZGC Phase Switch (0 events):
No events

VM Operations (20 events):
Event: 3.786 Executing VM operation: G1CollectFull (System.gc()) done
Event: 3.787 Executing VM operation: G1CollectFull (System.gc())
Event: 3.807 Executing VM operation: G1CollectFull (System.gc()) done
Event: 3.808 Executing VM operation: G1CollectFull (System.gc())
Event: 3.829 Executing VM operation: G1CollectFull (System.gc()) done
Event: 4.115 Executing VM operation: G1CollectForAllocation (G1 Evacuation Pause)
Event: 4.119 Executing VM operation: G1CollectForAllocation (G1 Evacuation Pause) done
Event: 4.168 Executing VM operation: G1CollectForAllocation (G1 Evacuation Pause)
Event: 4.173 Executing VM operation: G1CollectForAllocation (G1 Evacuation Pause) done
Event: 4.206 Executing VM operation: G1CollectForAllocation (G1 Evacuation Pause)
Event: 4.210 Executing VM operation: G1CollectForAllocation (G1 Evacuation Pause) done
Event: 4.291 Executing VM operation: HandshakeAllThreads (Deoptimize)
Event: 4.291 Executing VM operation: HandshakeAllThreads (Deoptimize) done
Event: 4.463 Executing VM operation: G1CollectForAllocation (G1 Evacuation Pause)
Event: 4.468 Executing VM operation: G1CollectForAllocation (G1 Evacuation Pause) done
Event: 4.644 Executing VM operation: G1CollectForAllocation (G1 Evacuation Pause)
Event: 4.648 Executing VM operation: G1CollectForAllocation (G1 Evacuation Pause) done
Event: 4.801 Executing VM operation: G1CollectForAllocation (G1 Evacuation Pause)
Event: 4.804 Executing VM operation: G1CollectForAllocation (G1 Evacuation Pause) done
Event: 4.972 Executing VM operation: G1CollectForAllocation (G1 Evacuation Pause)

Events (20 events):
Event: 3.740 Thread 0x000001cfffd0b090 flushing nmethod 0x000001cf8020de10
Event: 4.022 Thread 0x000001cfdd47ea00 Thread added: 0x000001cfdd47ea00
Event: 4.023 Thread 0x000001cfdd480440 Thread added: 0x000001cfdd480440
Event: 4.023 Thread 0x000001cfdd481160 Thread added: 0x000001cfdd481160
Event: 4.023 Thread 0x000001cfdd4817f0 Thread added: 0x000001cfdd4817f0
Event: 4.024 Thread 0x000001cfdd47f090 Thread added: 0x000001cfdd47f090
Event: 4.025 Thread 0x000001cfdd47f720 Thread added: 0x000001cfdd47f720
Event: 4.025 Thread 0x000001cfdd480ad0 Thread added: 0x000001cfdd480ad0
Event: 4.026 Thread 0x000001cfdb8f4350 Thread added: 0x000001cfdb8f4350
Event: 4.026 Thread 0x000001cfdd47ea00 Thread exited: 0x000001cfdd47ea00
Event: 4.026 Thread 0x000001cfdd4817f0 Thread exited: 0x000001cfdd4817f0
Event: 4.026 Thread 0x000001cfdd480440 Thread exited: 0x000001cfdd480440
Event: 4.026 Thread 0x000001cfdd481160 Thread exited: 0x000001cfdd481160
Event: 4.026 Thread 0x000001cfdd47f720 Thread exited: 0x000001cfdd47f720
Event: 4.026 Thread 0x000001cfdd47f090 Thread exited: 0x000001cfdd47f090
Event: 4.027 Thread 0x000001cfdd480ad0 Thread exited: 0x000001cfdd480ad0
Event: 4.027 Thread 0x000001cfdb8f4350 Thread exited: 0x000001cfdb8f4350
Event: 4.277 Thread 0x000001cfffd47770 Thread added: 0x000001cfffd47770
Event: 4.742 Thread 0x000001cfffd470a0 Thread exited: 0x000001cfffd470a0
Event: 4.742 Thread 0x000001cfffd47770 Thread exited: 0x000001cfffd47770


Dynamic libraries:
0x00007ff67a2f0000 - 0x00007ff67a300000 	D:\java\jdk21\bin\java.exe
0x00007ffe79c90000 - 0x00007ffe79e88000 	C:\WINDOWS\SYSTEM32\ntdll.dll
0x00007ffe78d10000 - 0x00007ffe78dd2000 	C:\WINDOWS\System32\KERNEL32.DLL
0x00007ffe77330000 - 0x00007ffe7762f000 	C:\WINDOWS\System32\KERNELBASE.dll
0x00007ffe77630000 - 0x00007ffe77730000 	C:\WINDOWS\System32\ucrtbase.dll
0x00007ffe5a4a0000 - 0x00007ffe5a4b9000 	D:\java\jdk21\bin\jli.dll
0x00007ffe71300000 - 0x00007ffe7131b000 	D:\java\jdk21\bin\VCRUNTIME140.dll
0x00007ffe780a0000 - 0x00007ffe7814f000 	C:\WINDOWS\System32\ADVAPI32.dll
0x00007ffe78f90000 - 0x00007ffe7902e000 	C:\WINDOWS\System32\msvcrt.dll
0x00007ffe799e0000 - 0x00007ffe79a7f000 	C:\WINDOWS\System32\sechost.dll
0x00007ffe789c0000 - 0x00007ffe78ae3000 	C:\WINDOWS\System32\RPCRT4.dll
0x00007ffe77bf0000 - 0x00007ffe77c17000 	C:\WINDOWS\System32\bcrypt.dll
0x00007ffe77d20000 - 0x00007ffe77ebd000 	C:\WINDOWS\System32\USER32.dll
0x00007ffe777f0000 - 0x00007ffe77812000 	C:\WINDOWS\System32\win32u.dll
0x00007ffe68e00000 - 0x00007ffe6909a000 	C:\WINDOWS\WinSxS\amd64_microsoft.windows.common-controls_6595b64144ccf1df_6.0.19041.4355_none_60b8b9eb71f62e16\COMCTL32.dll
0x00007ffe79560000 - 0x00007ffe7958b000 	C:\WINDOWS\System32\GDI32.dll
0x00007ffe77820000 - 0x00007ffe7793a000 	C:\WINDOWS\System32\gdi32full.dll
0x00007ffe779f0000 - 0x00007ffe77a8d000 	C:\WINDOWS\System32\msvcp_win.dll
0x00007ffe700e0000 - 0x00007ffe700ea000 	C:\WINDOWS\SYSTEM32\VERSION.dll
0x00007ffe77f90000 - 0x00007ffe77fbf000 	C:\WINDOWS\System32\IMM32.DLL
0x00007ffe73bd0000 - 0x00007ffe73bdc000 	D:\java\jdk21\bin\vcruntime140_1.dll
0x00007ffe5a410000 - 0x00007ffe5a49e000 	D:\java\jdk21\bin\msvcp140.dll
0x00007ffddff70000 - 0x00007ffde0c8a000 	D:\java\jdk21\bin\server\jvm.dll
0x00007ffe78af0000 - 0x00007ffe78b5b000 	C:\WINDOWS\System32\WS2_32.dll
0x00007ffe76870000 - 0x00007ffe768bb000 	C:\WINDOWS\SYSTEM32\POWRPROF.dll
0x00007ffe6b7a0000 - 0x00007ffe6b7c7000 	C:\WINDOWS\SYSTEM32\WINMM.dll
0x00007ffe76730000 - 0x00007ffe76742000 	C:\WINDOWS\SYSTEM32\UMPDC.dll
0x00007ffe75b50000 - 0x00007ffe75b62000 	C:\WINDOWS\SYSTEM32\kernel.appcore.dll
0x00007ffe71620000 - 0x00007ffe7162a000 	D:\java\jdk21\bin\jimage.dll
0x00007ffe75850000 - 0x00007ffe75a34000 	C:\WINDOWS\SYSTEM32\DBGHELP.DLL
0x00007ffe55f60000 - 0x00007ffe55f94000 	C:\WINDOWS\SYSTEM32\dbgcore.DLL
0x00007ffe77c20000 - 0x00007ffe77ca2000 	C:\WINDOWS\System32\bcryptPrimitives.dll
0x00007ffe709e0000 - 0x00007ffe709ef000 	D:\java\jdk21\bin\instrument.dll
0x00007ffe593c0000 - 0x00007ffe593df000 	D:\java\jdk21\bin\java.dll
0x00007ffe78240000 - 0x00007ffe789ad000 	C:\WINDOWS\System32\SHELL32.dll
0x00007ffe74fd0000 - 0x00007ffe75774000 	C:\WINDOWS\SYSTEM32\windows.storage.dll
0x00007ffe79680000 - 0x00007ffe799d5000 	C:\WINDOWS\System32\combase.dll
0x00007ffe76d60000 - 0x00007ffe76d8b000 	C:\WINDOWS\SYSTEM32\Wldp.dll
0x00007ffe77ec0000 - 0x00007ffe77f8d000 	C:\WINDOWS\System32\OLEAUT32.dll
0x00007ffe79a80000 - 0x00007ffe79b2d000 	C:\WINDOWS\System32\SHCORE.dll
0x00007ffe79590000 - 0x00007ffe795e5000 	C:\WINDOWS\System32\shlwapi.dll
0x00007ffe77260000 - 0x00007ffe77285000 	C:\WINDOWS\SYSTEM32\profapi.dll
0x00007ffe592e0000 - 0x00007ffe593b7000 	D:\java\jdk21\bin\jsvml.dll
0x00007ffe592a0000 - 0x00007ffe592b8000 	D:\java\jdk21\bin\zip.dll
0x00007ffe70aa0000 - 0x00007ffe70ab0000 	D:\java\jdk21\bin\net.dll
0x00007ffe74300000 - 0x00007ffe7440a000 	C:\WINDOWS\SYSTEM32\WINHTTP.dll
0x00007ffe76ac0000 - 0x00007ffe76b2c000 	C:\WINDOWS\system32\mswsock.dll
0x00007ffe592c0000 - 0x00007ffe592d6000 	D:\java\jdk21\bin\nio.dll
0x00007ffe5c5e0000 - 0x00007ffe5c5e9000 	D:\java\jdk21\bin\management_agent.dll
0x00007ffe59290000 - 0x00007ffe5929a000 	D:\java\jdk21\bin\management.dll
0x00007ffe59280000 - 0x00007ffe5928b000 	D:\java\jdk21\bin\management_ext.dll
0x00007ffe77d10000 - 0x00007ffe77d18000 	C:\WINDOWS\System32\PSAPI.DLL
0x00007ffe42490000 - 0x00007ffe424a7000 	C:\WINDOWS\system32\napinsp.dll
0x00007ffe40ad0000 - 0x00007ffe40aeb000 	C:\WINDOWS\system32\pnrpnsp.dll
0x00007ffe4a120000 - 0x00007ffe4a135000 	C:\WINDOWS\system32\wshbth.dll
0x00007ffe742e0000 - 0x00007ffe742fd000 	C:\WINDOWS\system32\NLAapi.dll
0x00007ffe76750000 - 0x00007ffe7678b000 	C:\WINDOWS\SYSTEM32\IPHLPAPI.DLL
0x00007ffe767a0000 - 0x00007ffe7686a000 	C:\WINDOWS\SYSTEM32\DNSAPI.dll
0x00007ffe78230000 - 0x00007ffe78238000 	C:\WINDOWS\System32\NSI.dll
0x00007ffe1dba0000 - 0x00007ffe1dbb2000 	C:\WINDOWS\System32\winrnr.dll
0x00007ffe70370000 - 0x00007ffe7037a000 	C:\Windows\System32\rasadhlp.dll
0x00007ffe6fde0000 - 0x00007ffe6fe60000 	C:\WINDOWS\System32\fwpuclnt.dll
0x00007ffe76cb0000 - 0x00007ffe76cc8000 	C:\WINDOWS\SYSTEM32\CRYPTSP.dll
0x00007ffe76370000 - 0x00007ffe763a8000 	C:\WINDOWS\system32\rsaenh.dll
0x00007ffe771e0000 - 0x00007ffe7720e000 	C:\WINDOWS\SYSTEM32\USERENV.dll
0x00007ffe76cd0000 - 0x00007ffe76cdc000 	C:\WINDOWS\SYSTEM32\CRYPTBASE.dll
0x00007ffe6fe80000 - 0x00007ffe6fe89000 	D:\java\jdk21\bin\extnet.dll
0x00007ffe59240000 - 0x00007ffe5924e000 	D:\java\jdk21\bin\sunmscapi.dll
0x00007ffe77a90000 - 0x00007ffe77bec000 	C:\WINDOWS\System32\CRYPT32.dll
0x00007ffe76dd0000 - 0x00007ffe76df7000 	C:\WINDOWS\SYSTEM32\ncrypt.dll
0x00007ffe76d90000 - 0x00007ffe76dcb000 	C:\WINDOWS\SYSTEM32\NTASN1.dll
0x00007ffe59230000 - 0x00007ffe59240000 	D:\java\jdk21\bin\verify.dll
0x00007ffe6b440000 - 0x00007ffe6b447000 	C:\WINDOWS\system32\wshunix.dll

dbghelp: loaded successfully - version: 4.0.5 - missing functions: none
symbol engine: initialized successfully - sym options: 0x614 - pdb path: .;D:\java\jdk21\bin;C:\WINDOWS\SYSTEM32;C:\WINDOWS\WinSxS\amd64_microsoft.windows.common-controls_6595b64144ccf1df_6.0.19041.4355_none_60b8b9eb71f62e16;D:\java\jdk21\bin\server

VM Arguments:
jvm_args: -Djava.util.logging.config.file=C:\Users\dell\AppData\Local\JetBrains\IntelliJIdea2024.3\tomcat\637303c7-005e-4fa5-a411-b0f41081b1ea\conf\logging.properties -Djava.util.logging.manager=org.apache.juli.ClassLoaderLogManager -javaagent:D:\CODE WEB\page-movie-management\apache-tomee-webprofile-10.0.0\lib\openejb-javaagent.jar -Dcom.sun.management.jmxremote= -Dcom.sun.management.jmxremote.port=1099 -Dcom.sun.management.jmxremote.ssl=false -Dcom.sun.management.jmxremote.password.file=C:\Users\dell\AppData\Local\JetBrains\IntelliJIdea2024.3\tomcat\637303c7-005e-4fa5-a411-b0f41081b1ea\jmxremote.password -Dcom.sun.management.jmxremote.access.file=C:\Users\dell\AppData\Local\JetBrains\IntelliJIdea2024.3\tomcat\637303c7-005e-4fa5-a411-b0f41081b1ea\jmxremote.access -Djava.rmi.server.hostname=127.0.0.1 -Dtomee.serialization.class.whitelist= -Dtomee.serialization.class.blacklist=- -Dtomee.remote.support=true -Dopenejb.system.apps=true -Djdk.tls.ephemeralDHKeySize=2048 -Djava.protocol.handler.pkgs=org.apache.catalina.webresources --add-opens=java.base/java.lang=ALL-UNNAMED --add-opens=java.base/java.io=ALL-UNNAMED --add-opens=java.base/java.util=ALL-UNNAMED --add-opens=java.base/java.util.concurrent=ALL-UNNAMED --add-opens=java.rmi/sun.rmi.transport=ALL-UNNAMED -Dcatalina.base=C:\Users\dell\AppData\Local\JetBrains\IntelliJIdea2024.3\tomcat\637303c7-005e-4fa5-a411-b0f41081b1ea -Dcatalina.home=D:\CODE WEB\page-movie-management\apache-tomee-webprofile-10.0.0 -Djava.io.tmpdir=C:\Users\dell\AppData\Local\JetBrains\IntelliJIdea2024.3\tomcat\637303c7-005e-4fa5-a411-b0f41081b1ea\temp 
java_command: org.apache.catalina.startup.Bootstrap start
java_class_path (initial): D:\CODE WEB\page-movie-management\apache-tomee-webprofile-10.0.0\bin\bootstrap.jar;D:\CODE WEB\page-movie-management\apache-tomee-webprofile-10.0.0\bin\tomcat-juli.jar
Launcher Type: SUN_STANDARD

[Global flags]
     intx CICompilerCount                          = 4                                         {product} {ergonomic}
     uint ConcGCThreads                            = 2                                         {product} {ergonomic}
     uint G1ConcRefinementThreads                  = 8                                         {product} {ergonomic}
   size_t G1HeapRegionSize                         = 2097152                                   {product} {ergonomic}
    uintx GCDrainStackTargetSize                   = 64                                        {product} {ergonomic}
   size_t InitialHeapSize                          = 264241152                                 {product} {ergonomic}
     bool ManagementServer                         = true                                      {product} {command line}
   size_t MarkStackSize                            = 4194304                                   {product} {ergonomic}
   size_t MaxHeapSize                              = 4225761280                                {product} {ergonomic}
   size_t MaxNewSize                               = 2535456768                                {product} {ergonomic}
   size_t MinHeapDeltaBytes                        = 2097152                                   {product} {ergonomic}
   size_t MinHeapSize                              = 8388608                                   {product} {ergonomic}
    uintx NonNMethodCodeHeapSize                   = 5839372                                {pd product} {ergonomic}
    uintx NonProfiledCodeHeapSize                  = 122909434                              {pd product} {ergonomic}
    uintx ProfiledCodeHeapSize                     = 122909434                              {pd product} {ergonomic}
    uintx ReservedCodeCacheSize                    = 251658240                              {pd product} {ergonomic}
     bool SegmentedCodeCache                       = true                                      {product} {ergonomic}
   size_t SoftMaxHeapSize                          = 4225761280                             {manageable} {ergonomic}
     bool UseCompressedOops                        = true                           {product lp64_product} {ergonomic}
     bool UseG1GC                                  = true                                      {product} {ergonomic}
     bool UseLargePagesIndividualAllocation        = false                                  {pd product} {ergonomic}

Logging:
Log output configuration:
 #0: stdout all=warning uptime,level,tags foldmultilines=false
 #1: stderr all=off uptime,level,tags foldmultilines=false

Environment Variables:
JAVA_HOME=D:\java\jdk21
CLASSPATH=D:\CODE WEB\page-movie-management\apache-tomee-webprofile-10.0.0\bin\bootstrap.jar;D:\CODE WEB\page-movie-management\apache-tomee-webprofile-10.0.0\bin\tomcat-juli.jar
PATH=C:\Program Files\Microsoft MPI\Bin\;C:\Program Files\Common Files\Oracle\Java\javapath;C:\WINDOWS\system32;C:\WINDOWS;C:\WINDOWS\System32\Wbem;C:\WINDOWS\System32\WindowsPowerShell\v1.0\;C:\WINDOWS\System32\OpenSSH\;C:\Program Files\Microsoft SQL Server\Client SDK\ODBC\170\Tools\Binn\;D:\Install\bin;D:\Git\cmd;D:\XAMPP\php;C:\ProgramData\ComposerSetup\bin;C:\mingw64\bin;C:\TDM-GCC-32\bin;D:\notejs\;D:\XAMPP\mysql\bin;D:\Maven\bin;D:\Maven\apache-maven-3.9.9\bin;C:\Program Files (x86)\Microsoft SQL Server\160\Tools\Binn\;C:\Program Files\Microsoft SQL Server\160\Tools\Binn\;C:\Program Files\Microsoft SQL Server\160\DTS\Binn\;C:\Program Files (x86)\Microsoft SQL Server\160\DTS\Binn\;D:\python\Scripts\;D:\python\;D:\java\jdk21\bin;D:\Microsoft VS Code\bin;C:\Users\dell\AppData\Roaming\Composer\vendor\bin;C:\mingw64\bin;C:\Users\dell\AppData\Roaming\npm;D:\nodejs;D:\PyCharm\PyCharm Community Edition 2024.2.4\bin;;D:\Wireshark;D:\python3.10;D:\python39;D:\JetBrains\IntelliJ IDEA 2024.3.4.1\bin;;D:\Maven\bin;
USERNAME=dell
OS=Windows_NT
PROCESSOR_IDENTIFIER=Intel64 Family 6 Model 140 Stepping 1, GenuineIntel
TMP=C:\Users\dell\AppData\Local\Temp
TEMP=C:\Users\dell\AppData\Local\Temp




Periodic native trim disabled

---------------  S Y S T E M  ---------------

OS:
 Windows 10 , 64 bit Build 19041 (10.0.19041.5438)
OS uptime: 0 days 6:20 hours

CPU: total 8 (initial active 8) (4 cores per cpu, 2 threads per core) family 6 model 140 stepping 1 microcode 0xba, cx8, cmov, fxsr, ht, mmx, 3dnowpref, sse, sse2, sse3, ssse3, sse4.1, sse4.2, popcnt, lzcnt, tsc, tscinvbit, avx, avx2, aes, erms, clmul, bmi1, bmi2, adx, avx512f, avx512dq, avx512cd, avx512bw, avx512vl, sha, fma, vzeroupper, avx512_vpopcntdq, avx512_vpclmulqdq, avx512_vaes, avx512_vnni, clflush, clflushopt, clwb, avx512_vbmi2, avx512_vbmi, rdtscp, rdpid, fsrm, gfni, avx512_bitalg, f16c, pku, cet_ibt, cet_ss, avx512_ifma
Processor Information for all 8 processors :
  Max Mhz: 2419, Current Mhz: 2419, Mhz Limit: 2419

Memory: 4k page, system-wide physical 16118M (3288M free)
TotalPageFile size 18504M (AvailPageFile size 22M)
current process WorkingSet (physical memory assigned to process): 328M, peak: 330M
current process commit charge ("private bytes"): 437M, peak: 467M

vm_info: Java HotSpot(TM) 64-Bit Server VM (21.0.6+8-LTS-188) for windows-amd64 JRE (21.0.6+8-LTS-188), built on 2024-12-03T10:50:54Z by "mach5one" with MS VC++ 17.6 (VS2022)

END.
