#
# There is insufficient memory for the Java Runtime Environment to continue.
# Native memory allocation (malloc) failed to allocate 310480 bytes for Chunk::new
# Possible reasons:
#   The system is out of physical RAM or swap space
#   The process is running with CompressedOops enabled, and the Java Heap may be blocking the growth of the native heap
# Possible solutions:
#   Reduce memory load on the system
#   Increase physical memory or swap space
#   Check if swap backing store is full
#   Decrease Java heap size (-Xmx/-Xms)
#   Decrease number of Java threads
#   Decrease Java thread stack sizes (-Xss)
#   Set larger code cache with -XX:ReservedCodeCacheSize=
#   JVM is running with Zero Based Compressed Oops mode in which the Java heap is
#     placed in the first 32GB address space. The Java Heap base address is the
#     maximum limit for the native heap growth. Please use -XX:HeapBaseMinAddress
#     to set the Java Heap base and to place the Java Heap above 32GB virtual address.
# This output file may be truncated or incomplete.
#
#  Out of Memory Error (arena.cpp:168), pid=17524, tid=11308
#
# JRE version: Java(TM) SE Runtime Environment (21.0.6+8) (build 21.0.6+8-LTS-188)
# Java VM: Java HotSpot(TM) 64-Bit Server VM (21.0.6+8-LTS-188, mixed mode, sharing, tiered, compressed oops, compressed class ptrs, g1 gc, windows-amd64)
# No core dump will be written. Minidumps are not enabled by default on client versions of Windows
#

---------------  S U M M A R Y ------------

Command Line: -Djava.util.logging.config.file=C:\Users\dell\AppData\Local\JetBrains\IntelliJIdea2024.3\tomcat\637303c7-005e-4fa5-a411-b0f41081b1ea\conf\logging.properties -Djava.util.logging.manager=org.apache.juli.ClassLoaderLogManager -javaagent:D:\CODE WEB\page-movie-management\apache-tomee-webprofile-10.0.0\lib\openejb-javaagent.jar -Dcom.sun.management.jmxremote= -Dcom.sun.management.jmxremote.port=1099 -Dcom.sun.management.jmxremote.ssl=false -Dcom.sun.management.jmxremote.password.file=C:\Users\dell\AppData\Local\JetBrains\IntelliJIdea2024.3\tomcat\637303c7-005e-4fa5-a411-b0f41081b1ea\jmxremote.password -Dcom.sun.management.jmxremote.access.file=C:\Users\dell\AppData\Local\JetBrains\IntelliJIdea2024.3\tomcat\637303c7-005e-4fa5-a411-b0f41081b1ea\jmxremote.access -Djava.rmi.server.hostname=127.0.0.1 -Dtomee.serialization.class.whitelist= -Dtomee.serialization.class.blacklist=- -Dtomee.remote.support=true -Dopenejb.system.apps=true -Djdk.tls.ephemeralDHKeySize=2048 -Djava.protocol.handler.pkgs=org.apache.catalina.webresources --add-opens=java.base/java.lang=ALL-UNNAMED --add-opens=java.base/java.io=ALL-UNNAMED --add-opens=java.base/java.util=ALL-UNNAMED --add-opens=java.base/java.util.concurrent=ALL-UNNAMED --add-opens=java.rmi/sun.rmi.transport=ALL-UNNAMED -Dcatalina.base=C:\Users\dell\AppData\Local\JetBrains\IntelliJIdea2024.3\tomcat\637303c7-005e-4fa5-a411-b0f41081b1ea -Dcatalina.home=D:\CODE WEB\page-movie-management\apache-tomee-webprofile-10.0.0 -Djava.io.tmpdir=C:\Users\dell\AppData\Local\JetBrains\IntelliJIdea2024.3\tomcat\637303c7-005e-4fa5-a411-b0f41081b1ea\temp org.apache.catalina.startup.Bootstrap start

Host: 11th Gen Intel(R) Core(TM) i5-1135G7 @ 2.40GHz, 8 cores, 15G,  Windows 10 , 64 bit Build 19041 (10.0.19041.5438)
Time: Thu Apr  3 23:20:52 2025 SE Asia Standard Time elapsed time: 132.661327 seconds (0d 0h 2m 12s)

---------------  T H R E A D  ---------------

Current thread (0x000002e65a972920):  JavaThread "C2 CompilerThread0" daemon [_thread_in_native, id=11308, stack(0x000000f5b4200000,0x000000f5b4300000) (1024K)]


Current CompileTask:
C2: 132661 8380       4       java.io.BufferedInputStream::close (44 bytes)

Stack: [0x000000f5b4200000,0x000000f5b4300000]
Native frames: (J=compiled Java code, j=interpreted, Vv=VM code, C=native code)
V  [jvm.dll+0x6ca6d9]
V  [jvm.dll+0x854f51]
V  [jvm.dll+0x85747e]
V  [jvm.dll+0x857b53]
V  [jvm.dll+0x27dcc6]
V  [jvm.dll+0xc4c2d]
V  [jvm.dll+0xc5163]
V  [jvm.dll+0x3b515c]
V  [jvm.dll+0x381855]
V  [jvm.dll+0x380cca]
V  [jvm.dll+0x246920]
V  [jvm.dll+0x245eff]
V  [jvm.dll+0x1c6d2e]
V  [jvm.dll+0x2554f9]
V  [jvm.dll+0x253a8a]
V  [jvm.dll+0x3ee576]
V  [jvm.dll+0x7ff2fb]
V  [jvm.dll+0x6c8dbd]
C  [ucrtbase.dll+0x21bb2]
C  [KERNEL32.DLL+0x17374]
C  [ntdll.dll+0x4cc91]


---------------  P R O C E S S  ---------------

Threads class SMR info:
_java_thread_list=0x000002e6a101d2d0, length=38, elements={
0x000002e63b8c54a0, 0x000002e65a968d40, 0x000002e65a969c50, 0x000002e65a96ba10,
0x000002e65a96e470, 0x000002e65a970ed0, 0x000002e65a971920, 0x000002e65a972920,
0x000002e65a9753c0, 0x000002e65ab661c0, 0x000002e65adf6e60, 0x000002e65ae28140,
0x000002e6a0037500, 0x000002e6a00512e0, 0x000002e6a023ebd0, 0x000002e6a1275be0,
0x000002e6a14c6e00, 0x000002e6a14c4d30, 0x000002e6a14c46a0, 0x000002e6a14c53c0,
0x000002e6a14c7490, 0x000002e6a14c60e0, 0x000002e6a14c6770, 0x000002e6a14c5a50,
0x000002e6a2c3f070, 0x000002e6a2c3aed0, 0x000002e6a2c38e00, 0x000002e6a2c3a1b0,
0x000002e6a2c3bbf0, 0x000002e6a2c3c280, 0x000002e6a2c3a840, 0x000002e6a2c39490,
0x000002e6a2c39b20, 0x000002e6a2c380e0, 0x000002e6a2c3c910, 0x000002e6a2c3b560,
0x000002e6a14c4010, 0x000002e6a2c3cfa0
}

Java Threads: ( => current thread )
  0x000002e63b8c54a0 JavaThread "main"                              [_thread_in_native, id=560, stack(0x000000f5b3400000,0x000000f5b3500000) (1024K)]
  0x000002e65a968d40 JavaThread "Reference Handler"          daemon [_thread_blocked, id=22388, stack(0x000000f5b3c00000,0x000000f5b3d00000) (1024K)]
  0x000002e65a969c50 JavaThread "Finalizer"                  daemon [_thread_blocked, id=18856, stack(0x000000f5b3d00000,0x000000f5b3e00000) (1024K)]
  0x000002e65a96ba10 JavaThread "Signal Dispatcher"          daemon [_thread_blocked, id=21004, stack(0x000000f5b3e00000,0x000000f5b3f00000) (1024K)]
  0x000002e65a96e470 JavaThread "Attach Listener"            daemon [_thread_blocked, id=16068, stack(0x000000f5b3f00000,0x000000f5b4000000) (1024K)]
  0x000002e65a970ed0 JavaThread "Service Thread"             daemon [_thread_blocked, id=22244, stack(0x000000f5b4000000,0x000000f5b4100000) (1024K)]
  0x000002e65a971920 JavaThread "Monitor Deflation Thread"   daemon [_thread_blocked, id=16092, stack(0x000000f5b4100000,0x000000f5b4200000) (1024K)]
=>0x000002e65a972920 JavaThread "C2 CompilerThread0"         daemon [_thread_in_native, id=11308, stack(0x000000f5b4200000,0x000000f5b4300000) (1024K)]
  0x000002e65a9753c0 JavaThread "C1 CompilerThread0"         daemon [_thread_blocked, id=15648, stack(0x000000f5b4300000,0x000000f5b4400000) (1024K)]
  0x000002e65ab661c0 JavaThread "Common-Cleaner"             daemon [_thread_blocked, id=10296, stack(0x000000f5b4400000,0x000000f5b4500000) (1024K)]
  0x000002e65adf6e60 JavaThread "FileHandlerLogFilesCleaner-1" daemon [_thread_blocked, id=6068, stack(0x000000f5b4500000,0x000000f5b4600000) (1024K)]
  0x000002e65ae28140 JavaThread "Notification Thread"        daemon [_thread_blocked, id=8104, stack(0x000000f5b4600000,0x000000f5b4700000) (1024K)]
  0x000002e6a0037500 JavaThread "RMI TCP Accept-0"           daemon [_thread_in_native, id=11064, stack(0x000000f5b4900000,0x000000f5b4a00000) (1024K)]
  0x000002e6a00512e0 JavaThread "RMI TCP Accept-1099"        daemon [_thread_in_native, id=12468, stack(0x000000f5b4a00000,0x000000f5b4b00000) (1024K)]
  0x000002e6a023ebd0 JavaThread "RMI TCP Accept-0"           daemon [_thread_in_native, id=20388, stack(0x000000f5b4b00000,0x000000f5b4c00000) (1024K)]
  0x000002e6a1275be0 JavaThread "RMI Scheduler(0)"           daemon [_thread_blocked, id=19492, stack(0x000000f5b5400000,0x000000f5b5500000) (1024K)]
  0x000002e6a14c6e00 JavaThread "AsyncFileHandlerWriter-1"   daemon [_thread_blocked, id=1248, stack(0x000000f5b5600000,0x000000f5b5700000) (1024K)]
  0x000002e6a14c4d30 JavaThread "mysql-cj-abandoned-connection-cleanup" daemon [_thread_blocked, id=10876, stack(0x000000f5b5800000,0x000000f5b5900000) (1024K)]
  0x000002e6a14c46a0 JavaThread "RetryTimer"                 daemon [_thread_blocked, id=3592, stack(0x000000f5b5700000,0x000000f5b5800000) (1024K)]
  0x000002e6a14c53c0 JavaThread "Tomcat JDBC Pool Cleaner[1935972447:1743697121277]" daemon [_thread_blocked, id=9692, stack(0x000000f5b5900000,0x000000f5b5a00000) (1024K)]
  0x000002e6a14c7490 JavaThread "DelayedCachedOutputStreamCleaner" daemon [_thread_blocked, id=19820, stack(0x000000f5b5b00000,0x000000f5b5c00000) (1024K)]
  0x000002e6a14c60e0 JavaThread "Catalina-utility-1"                [_thread_blocked, id=5144, stack(0x000000f5b5c00000,0x000000f5b5d00000) (1024K)]
  0x000002e6a14c6770 JavaThread "Catalina-utility-2"                [_thread_blocked, id=9276, stack(0x000000f5b5d00000,0x000000f5b5e00000) (1024K)]
  0x000002e6a14c5a50 JavaThread "http-nio-8080-exec-1"       daemon [_thread_blocked, id=9152, stack(0x000000f5b5e00000,0x000000f5b5f00000) (1024K)]
  0x000002e6a2c3f070 JavaThread "http-nio-8080-exec-2"       daemon [_thread_blocked, id=4804, stack(0x000000f5b5f00000,0x000000f5b6000000) (1024K)]
  0x000002e6a2c3aed0 JavaThread "http-nio-8080-exec-3"       daemon [_thread_blocked, id=20780, stack(0x000000f5b6000000,0x000000f5b6100000) (1024K)]
  0x000002e6a2c38e00 JavaThread "http-nio-8080-exec-4"       daemon [_thread_blocked, id=20576, stack(0x000000f5b6100000,0x000000f5b6200000) (1024K)]
  0x000002e6a2c3a1b0 JavaThread "http-nio-8080-exec-5"       daemon [_thread_blocked, id=15496, stack(0x000000f5b6200000,0x000000f5b6300000) (1024K)]
  0x000002e6a2c3bbf0 JavaThread "http-nio-8080-exec-6"       daemon [_thread_blocked, id=14040, stack(0x000000f5b6300000,0x000000f5b6400000) (1024K)]
  0x000002e6a2c3c280 JavaThread "http-nio-8080-exec-7"       daemon [_thread_blocked, id=18524, stack(0x000000f5b6400000,0x000000f5b6500000) (1024K)]
  0x000002e6a2c3a840 JavaThread "http-nio-8080-exec-8"       daemon [_thread_blocked, id=16076, stack(0x000000f5b6500000,0x000000f5b6600000) (1024K)]
  0x000002e6a2c39490 JavaThread "http-nio-8080-exec-9"       daemon [_thread_blocked, id=7308, stack(0x000000f5b6600000,0x000000f5b6700000) (1024K)]
  0x000002e6a2c39b20 JavaThread "http-nio-8080-exec-10"      daemon [_thread_blocked, id=16004, stack(0x000000f5b6700000,0x000000f5b6800000) (1024K)]
  0x000002e6a2c380e0 JavaThread "http-nio-8080-Poller"       daemon [_thread_in_native, id=15936, stack(0x000000f5b6800000,0x000000f5b6900000) (1024K)]
  0x000002e6a2c3c910 JavaThread "http-nio-8080-Acceptor"     daemon [_thread_in_native, id=20168, stack(0x000000f5b6900000,0x000000f5b6a00000) (1024K)]
  0x000002e6a2c3b560 JavaThread "Thread-24"                  daemon [_thread_blocked, id=20532, stack(0x000000f5b4700000,0x000000f5b4800000) (1024K)]
  0x000002e6a14c4010 JavaThread "mysql-cj-abandoned-connection-cleanup" daemon [_thread_blocked, id=2232, stack(0x000000f5b6b00000,0x000000f5b6c00000) (1024K)]
  0x000002e6a2c3cfa0 JavaThread "Default Stateless Container - 1" daemon [_thread_blocked, id=1288, stack(0x000000f5b6a00000,0x000000f5b6b00000) (1024K)]
Total: 38

Other Threads:
  0x000002e65a94a4f0 VMThread "VM Thread"                           [id=7400, stack(0x000000f5b3b00000,0x000000f5b3c00000) (1024K)]
  0x000002e65a939f50 WatcherThread "VM Periodic Task Thread"        [id=11892, stack(0x000000f5b3a00000,0x000000f5b3b00000) (1024K)]
  0x000002e63b92a350 WorkerThread "GC Thread#0"                     [id=6052, stack(0x000000f5b3500000,0x000000f5b3600000) (1024K)]
  0x000002e6a061e1b0 WorkerThread "GC Thread#1"                     [id=15188, stack(0x000000f5b4c00000,0x000000f5b4d00000) (1024K)]
  0x000002e6a007b8f0 WorkerThread "GC Thread#2"                     [id=5048, stack(0x000000f5b4d00000,0x000000f5b4e00000) (1024K)]
  0x000002e6a007bc90 WorkerThread "GC Thread#3"                     [id=6428, stack(0x000000f5b4e00000,0x000000f5b4f00000) (1024K)]
  0x000002e6a014c510 WorkerThread "GC Thread#4"                     [id=5348, stack(0x000000f5b4f00000,0x000000f5b5000000) (1024K)]
  0x000002e6a014c8b0 WorkerThread "GC Thread#5"                     [id=9280, stack(0x000000f5b5000000,0x000000f5b5100000) (1024K)]
  0x000002e6a045f8c0 WorkerThread "GC Thread#6"                     [id=16524, stack(0x000000f5b5100000,0x000000f5b5200000) (1024K)]
  0x000002e6a0460070 WorkerThread "GC Thread#7"                     [id=17368, stack(0x000000f5b5200000,0x000000f5b5300000) (1024K)]
  0x000002e63b93afc0 ConcurrentGCThread "G1 Main Marker"            [id=10108, stack(0x000000f5b3600000,0x000000f5b3700000) (1024K)]
  0x000002e63b93d180 WorkerThread "G1 Conc#0"                       [id=10652, stack(0x000000f5b3700000,0x000000f5b3800000) (1024K)]
  0x000002e6a1238bd0 WorkerThread "G1 Conc#1"                       [id=21712, stack(0x000000f5b5a00000,0x000000f5b5b00000) (1024K)]
  0x000002e63b98e650 ConcurrentGCThread "G1 Refine#0"               [id=5680, stack(0x000000f5b3800000,0x000000f5b3900000) (1024K)]
  0x000002e65a80d330 ConcurrentGCThread "G1 Service"                [id=18420, stack(0x000000f5b3900000,0x000000f5b3a00000) (1024K)]
Total: 15

Threads with active compile tasks:
C2 CompilerThread0   132675 8380       4       java.io.BufferedInputStream::close (44 bytes)
Total: 1

VM state: not at safepoint (normal execution)

VM Mutex/Monitor currently owned by a thread: None

Heap address: 0x0000000704200000, size: 4030 MB, Compressed Oops mode: Zero based, Oop shift amount: 3

CDS archive(s) mapped at: [0x000002e65b000000-0x000002e65bc90000-0x000002e65bc90000), size 13172736, SharedBaseAddress: 0x000002e65b000000, ArchiveRelocationMode: 1.
Compressed class space mapped at: 0x000002e65c000000-0x000002e69c000000, reserved size: 1073741824
Narrow klass base: 0x000002e65b000000, Narrow klass shift: 0, Narrow klass range: 0x100000000

GC Precious Log:
 CardTable entry size: 512
 Card Set container configuration: InlinePtr #cards 4 size 8 Array Of Cards #cards 16 size 48 Howl #buckets 8 coarsen threshold 3686 Howl Bitmap #cards 512 size 80 coarsen threshold 460 Card regions per heap region 1 cards per card region 4096
 CPUs: 8 total, 8 available
 Memory: 16118M
 Large Page Support: Disabled
 NUMA Support: Disabled
 Compressed Oops: Enabled (Zero based)
 Heap Region Size: 2M
 Heap Min Capacity: 8M
 Heap Initial Capacity: 252M
 Heap Max Capacity: 4030M
 Pre-touch: Disabled
 Parallel Workers: 8
 Concurrent Workers: 2
 Concurrent Refinement Workers: 8
 Periodic GC: Disabled

Heap:
 garbage-first heap   total 358400K, used 198861K [0x0000000704200000, 0x0000000800000000)
  region size 2048K, 51 young (104448K), 6 survivors (12288K)
 Metaspace       used 72853K, committed 73728K, reserved 1179648K
  class space    used 7849K, committed 8256K, reserved 1048576K

Heap Regions: E=young(eden), S=young(survivor), O=old, HS=humongous(starts), HC=humongous(continues), CS=collection set, F=free, TAMS=top-at-mark-start, PB=parsable bottom
|   0|0x0000000704200000, 0x0000000704400000, 0x0000000704400000|100%| O|  |TAMS 0x0000000704200000| PB 0x0000000704200000| Untracked 
|   1|0x0000000704400000, 0x0000000704600000, 0x0000000704600000|100%| O|  |TAMS 0x0000000704400000| PB 0x0000000704400000| Untracked 
|   2|0x0000000704600000, 0x00000007047ffff0, 0x0000000704800000| 99%| O|  |TAMS 0x0000000704600000| PB 0x0000000704600000| Untracked 
|   3|0x0000000704800000, 0x0000000704a00000, 0x0000000704a00000|100%| O|  |TAMS 0x0000000704800000| PB 0x0000000704800000| Untracked 
|   4|0x0000000704a00000, 0x0000000704bfffe0, 0x0000000704c00000| 99%| O|  |TAMS 0x0000000704a00000| PB 0x0000000704a00000| Untracked 
|   5|0x0000000704c00000, 0x0000000704da0d78, 0x0000000704e00000| 81%| O|  |TAMS 0x0000000704c00000| PB 0x0000000704c00000| Untracked 
|   6|0x0000000704e00000, 0x0000000705000000, 0x0000000705000000|100%| O|  |TAMS 0x0000000704e00000| PB 0x0000000704e00000| Untracked 
|   7|0x0000000705000000, 0x0000000705200000, 0x0000000705200000|100%| O|  |TAMS 0x0000000705000000| PB 0x0000000705000000| Untracked 
|   8|0x0000000705200000, 0x0000000705200000, 0x0000000705400000|  0%| F|  |TAMS 0x0000000705200000| PB 0x0000000705200000| Untracked 
|   9|0x0000000705400000, 0x0000000705600000, 0x0000000705600000|100%| O|  |TAMS 0x0000000705400000| PB 0x0000000705400000| Untracked 
|  10|0x0000000705600000, 0x0000000705800000, 0x0000000705800000|100%| O|  |TAMS 0x0000000705600000| PB 0x0000000705600000| Untracked 
|  11|0x0000000705800000, 0x0000000705a00000, 0x0000000705a00000|100%| O|Cm|TAMS 0x0000000705800000| PB 0x0000000705800000| Complete 
|  12|0x0000000705a00000, 0x0000000705a00000, 0x0000000705c00000|  0%| F|  |TAMS 0x0000000705a00000| PB 0x0000000705a00000| Untracked 
|  13|0x0000000705c00000, 0x0000000705c00000, 0x0000000705e00000|  0%| F|  |TAMS 0x0000000705c00000| PB 0x0000000705c00000| Untracked 
|  14|0x0000000705e00000, 0x0000000706000000, 0x0000000706000000|100%| O|Cm|TAMS 0x0000000705e00000| PB 0x0000000705e00000| Complete 
|  15|0x0000000706000000, 0x0000000706000000, 0x0000000706200000|  0%| F|  |TAMS 0x0000000706000000| PB 0x0000000706000000| Untracked 
|  16|0x0000000706200000, 0x0000000706400000, 0x0000000706400000|100%| O|  |TAMS 0x0000000706200000| PB 0x0000000706200000| Untracked 
|  17|0x0000000706400000, 0x0000000706600000, 0x0000000706600000|100%| O|  |TAMS 0x0000000706400000| PB 0x0000000706400000| Untracked 
|  18|0x0000000706600000, 0x0000000706800000, 0x0000000706800000|100%| O|  |TAMS 0x0000000706600000| PB 0x0000000706600000| Untracked 
|  19|0x0000000706800000, 0x0000000706a00000, 0x0000000706a00000|100%| O|  |TAMS 0x0000000706800000| PB 0x0000000706800000| Untracked 
|  20|0x0000000706a00000, 0x0000000706c00000, 0x0000000706c00000|100%| O|  |TAMS 0x0000000706a00000| PB 0x0000000706a00000| Untracked 
|  21|0x0000000706c00000, 0x0000000706e00000, 0x0000000706e00000|100%| O|  |TAMS 0x0000000706c00000| PB 0x0000000706c00000| Untracked 
|  22|0x0000000706e00000, 0x0000000707000000, 0x0000000707000000|100%| O|  |TAMS 0x0000000706e00000| PB 0x0000000706e00000| Untracked 
|  23|0x0000000707000000, 0x0000000707200000, 0x0000000707200000|100%| O|  |TAMS 0x0000000707000000| PB 0x0000000707000000| Untracked 
|  24|0x0000000707200000, 0x0000000707400000, 0x0000000707400000|100%| O|  |TAMS 0x0000000707200000| PB 0x0000000707200000| Untracked 
|  25|0x0000000707400000, 0x0000000707600000, 0x0000000707600000|100%| O|  |TAMS 0x0000000707400000| PB 0x0000000707400000| Untracked 
|  26|0x0000000707600000, 0x0000000707800000, 0x0000000707800000|100%| O|  |TAMS 0x0000000707600000| PB 0x0000000707600000| Untracked 
|  27|0x0000000707800000, 0x0000000707a00000, 0x0000000707a00000|100%| O|  |TAMS 0x0000000707800000| PB 0x0000000707800000| Untracked 
|  28|0x0000000707a00000, 0x0000000707c00000, 0x0000000707c00000|100%| O|  |TAMS 0x0000000707a00000| PB 0x0000000707a00000| Untracked 
|  29|0x0000000707c00000, 0x0000000707e00000, 0x0000000707e00000|100%| O|  |TAMS 0x0000000707c00000| PB 0x0000000707c00000| Untracked 
|  30|0x0000000707e00000, 0x0000000708000000, 0x0000000708000000|100%| O|  |TAMS 0x0000000707e00000| PB 0x0000000707e00000| Untracked 
|  31|0x0000000708000000, 0x0000000708200000, 0x0000000708200000|100%| O|  |TAMS 0x0000000708000000| PB 0x0000000708000000| Untracked 
|  32|0x0000000708200000, 0x0000000708400000, 0x0000000708400000|100%| O|  |TAMS 0x0000000708200000| PB 0x0000000708200000| Untracked 
|  33|0x0000000708400000, 0x0000000708600000, 0x0000000708600000|100%| O|  |TAMS 0x0000000708400000| PB 0x0000000708400000| Untracked 
|  34|0x0000000708600000, 0x0000000708800000, 0x0000000708800000|100%| O|  |TAMS 0x0000000708600000| PB 0x0000000708600000| Untracked 
|  35|0x0000000708800000, 0x0000000708a00000, 0x0000000708a00000|100%| O|  |TAMS 0x0000000708800000| PB 0x0000000708800000| Untracked 
|  36|0x0000000708a00000, 0x0000000708c00000, 0x0000000708c00000|100%| O|  |TAMS 0x0000000708a00000| PB 0x0000000708a00000| Untracked 
|  37|0x0000000708c00000, 0x0000000708e00000, 0x0000000708e00000|100%| O|  |TAMS 0x0000000708c00000| PB 0x0000000708c00000| Untracked 
|  38|0x0000000708e00000, 0x0000000709000000, 0x0000000709000000|100%| O|  |TAMS 0x0000000708e00000| PB 0x0000000708e00000| Untracked 
|  39|0x0000000709000000, 0x0000000709200000, 0x0000000709200000|100%| O|  |TAMS 0x0000000709000000| PB 0x0000000709000000| Untracked 
|  40|0x0000000709200000, 0x0000000709400000, 0x0000000709400000|100%| O|  |TAMS 0x0000000709200000| PB 0x0000000709200000| Untracked 
|  41|0x0000000709400000, 0x0000000709600000, 0x0000000709600000|100%| O|  |TAMS 0x0000000709400000| PB 0x0000000709400000| Untracked 
|  42|0x0000000709600000, 0x0000000709800000, 0x0000000709800000|100%| O|  |TAMS 0x0000000709600000| PB 0x0000000709600000| Untracked 
|  43|0x0000000709800000, 0x0000000709a00000, 0x0000000709a00000|100%| O|  |TAMS 0x0000000709800000| PB 0x0000000709800000| Untracked 
|  44|0x0000000709a00000, 0x0000000709c00000, 0x0000000709c00000|100%| O|  |TAMS 0x0000000709a00000| PB 0x0000000709a00000| Untracked 
|  45|0x0000000709c00000, 0x0000000709e00000, 0x0000000709e00000|100%| O|  |TAMS 0x0000000709c00000| PB 0x0000000709c00000| Untracked 
|  46|0x0000000709e00000, 0x000000070a000000, 0x000000070a000000|100%| O|  |TAMS 0x0000000709e00000| PB 0x0000000709e00000| Untracked 
|  47|0x000000070a000000, 0x000000070a200000, 0x000000070a200000|100%| O|  |TAMS 0x000000070a000000| PB 0x000000070a000000| Untracked 
|  48|0x000000070a200000, 0x000000070a400000, 0x000000070a400000|100%| O|  |TAMS 0x000000070a200000| PB 0x000000070a200000| Untracked 
|  49|0x000000070a400000, 0x000000070a600000, 0x000000070a600000|100%| O|  |TAMS 0x000000070a400000| PB 0x000000070a400000| Untracked 
|  50|0x000000070a600000, 0x000000070a600000, 0x000000070a800000|  0%| F|  |TAMS 0x000000070a600000| PB 0x000000070a600000| Untracked 
|  51|0x000000070a800000, 0x000000070aa00000, 0x000000070aa00000|100%| O|  |TAMS 0x000000070a800000| PB 0x000000070a800000| Untracked 
|  52|0x000000070aa00000, 0x000000070ac00000, 0x000000070ac00000|100%| O|  |TAMS 0x000000070aa00000| PB 0x000000070aa00000| Untracked 
|  53|0x000000070ac00000, 0x000000070ac00000, 0x000000070ae00000|  0%| F|  |TAMS 0x000000070ac00000| PB 0x000000070ac00000| Untracked 
|  54|0x000000070ae00000, 0x000000070ae00000, 0x000000070b000000|  0%| F|  |TAMS 0x000000070ae00000| PB 0x000000070ae00000| Untracked 
|  55|0x000000070b000000, 0x000000070b000000, 0x000000070b200000|  0%| F|  |TAMS 0x000000070b000000| PB 0x000000070b000000| Untracked 
|  56|0x000000070b200000, 0x000000070b200000, 0x000000070b400000|  0%| F|  |TAMS 0x000000070b200000| PB 0x000000070b200000| Untracked 
|  57|0x000000070b400000, 0x000000070b400000, 0x000000070b600000|  0%| F|  |TAMS 0x000000070b400000| PB 0x000000070b400000| Untracked 
|  58|0x000000070b600000, 0x000000070b600000, 0x000000070b800000|  0%| F|  |TAMS 0x000000070b600000| PB 0x000000070b600000| Untracked 
|  59|0x000000070b800000, 0x000000070b800000, 0x000000070ba00000|  0%| F|  |TAMS 0x000000070b800000| PB 0x000000070b800000| Untracked 
|  60|0x000000070ba00000, 0x000000070ba00000, 0x000000070bc00000|  0%| F|  |TAMS 0x000000070ba00000| PB 0x000000070ba00000| Untracked 
|  61|0x000000070bc00000, 0x000000070bc00000, 0x000000070be00000|  0%| F|  |TAMS 0x000000070bc00000| PB 0x000000070bc00000| Untracked 
|  62|0x000000070be00000, 0x000000070be00000, 0x000000070c000000|  0%| F|  |TAMS 0x000000070be00000| PB 0x000000070be00000| Untracked 
|  63|0x000000070c000000, 0x000000070c000000, 0x000000070c200000|  0%| F|  |TAMS 0x000000070c000000| PB 0x000000070c000000| Untracked 
|  64|0x000000070c200000, 0x000000070c200000, 0x000000070c400000|  0%| F|  |TAMS 0x000000070c200000| PB 0x000000070c200000| Untracked 
|  65|0x000000070c400000, 0x000000070c400000, 0x000000070c600000|  0%| F|  |TAMS 0x000000070c400000| PB 0x000000070c400000| Untracked 
|  66|0x000000070c600000, 0x000000070c600000, 0x000000070c800000|  0%| F|  |TAMS 0x000000070c600000| PB 0x000000070c600000| Untracked 
|  67|0x000000070c800000, 0x000000070c800000, 0x000000070ca00000|  0%| F|  |TAMS 0x000000070c800000| PB 0x000000070c800000| Untracked 
|  68|0x000000070ca00000, 0x000000070ca00000, 0x000000070cc00000|  0%| F|  |TAMS 0x000000070ca00000| PB 0x000000070ca00000| Untracked 
|  69|0x000000070cc00000, 0x000000070cc00000, 0x000000070ce00000|  0%| F|  |TAMS 0x000000070cc00000| PB 0x000000070cc00000| Untracked 
|  70|0x000000070ce00000, 0x000000070ce00000, 0x000000070d000000|  0%| F|  |TAMS 0x000000070ce00000| PB 0x000000070ce00000| Untracked 
|  71|0x000000070d000000, 0x000000070d000000, 0x000000070d200000|  0%| F|  |TAMS 0x000000070d000000| PB 0x000000070d000000| Untracked 
|  72|0x000000070d200000, 0x000000070d200000, 0x000000070d400000|  0%| F|  |TAMS 0x000000070d200000| PB 0x000000070d200000| Untracked 
|  73|0x000000070d400000, 0x000000070d400000, 0x000000070d600000|  0%| F|  |TAMS 0x000000070d400000| PB 0x000000070d400000| Untracked 
|  74|0x000000070d600000, 0x000000070d600000, 0x000000070d800000|  0%| F|  |TAMS 0x000000070d600000| PB 0x000000070d600000| Untracked 
|  75|0x000000070d800000, 0x000000070d800000, 0x000000070da00000|  0%| F|  |TAMS 0x000000070d800000| PB 0x000000070d800000| Untracked 
|  76|0x000000070da00000, 0x000000070da00000, 0x000000070dc00000|  0%| F|  |TAMS 0x000000070da00000| PB 0x000000070da00000| Untracked 
|  77|0x000000070dc00000, 0x000000070dc00000, 0x000000070de00000|  0%| F|  |TAMS 0x000000070dc00000| PB 0x000000070dc00000| Untracked 
|  78|0x000000070de00000, 0x000000070de00000, 0x000000070e000000|  0%| F|  |TAMS 0x000000070de00000| PB 0x000000070de00000| Untracked 
|  79|0x000000070e000000, 0x000000070e000000, 0x000000070e200000|  0%| F|  |TAMS 0x000000070e000000| PB 0x000000070e000000| Untracked 
|  80|0x000000070e200000, 0x000000070e200000, 0x000000070e400000|  0%| F|  |TAMS 0x000000070e200000| PB 0x000000070e200000| Untracked 
|  81|0x000000070e400000, 0x000000070e400000, 0x000000070e600000|  0%| F|  |TAMS 0x000000070e400000| PB 0x000000070e400000| Untracked 
|  82|0x000000070e600000, 0x000000070e600000, 0x000000070e800000|  0%| F|  |TAMS 0x000000070e600000| PB 0x000000070e600000| Untracked 
|  83|0x000000070e800000, 0x000000070e800000, 0x000000070ea00000|  0%| F|  |TAMS 0x000000070e800000| PB 0x000000070e800000| Untracked 
|  84|0x000000070ea00000, 0x000000070ea00000, 0x000000070ec00000|  0%| F|  |TAMS 0x000000070ea00000| PB 0x000000070ea00000| Untracked 
|  85|0x000000070ec00000, 0x000000070ec00000, 0x000000070ee00000|  0%| F|  |TAMS 0x000000070ec00000| PB 0x000000070ec00000| Untracked 
|  86|0x000000070ee00000, 0x000000070ee00000, 0x000000070f000000|  0%| F|  |TAMS 0x000000070ee00000| PB 0x000000070ee00000| Untracked 
|  87|0x000000070f000000, 0x000000070f000000, 0x000000070f200000|  0%| F|  |TAMS 0x000000070f000000| PB 0x000000070f000000| Untracked 
|  88|0x000000070f200000, 0x000000070f200000, 0x000000070f400000|  0%| F|  |TAMS 0x000000070f200000| PB 0x000000070f200000| Untracked 
|  89|0x000000070f400000, 0x000000070f400000, 0x000000070f600000|  0%| F|  |TAMS 0x000000070f400000| PB 0x000000070f400000| Untracked 
|  90|0x000000070f600000, 0x000000070f600000, 0x000000070f800000|  0%| F|  |TAMS 0x000000070f600000| PB 0x000000070f600000| Untracked 
|  91|0x000000070f800000, 0x000000070f800000, 0x000000070fa00000|  0%| F|  |TAMS 0x000000070f800000| PB 0x000000070f800000| Untracked 
|  92|0x000000070fa00000, 0x000000070fa00000, 0x000000070fc00000|  0%| F|  |TAMS 0x000000070fa00000| PB 0x000000070fa00000| Untracked 
|  93|0x000000070fc00000, 0x000000070fc00000, 0x000000070fe00000|  0%| F|  |TAMS 0x000000070fc00000| PB 0x000000070fc00000| Untracked 
|  94|0x000000070fe00000, 0x000000070fe00000, 0x0000000710000000|  0%| F|  |TAMS 0x000000070fe00000| PB 0x000000070fe00000| Untracked 
|  95|0x0000000710000000, 0x0000000710000000, 0x0000000710200000|  0%| F|  |TAMS 0x0000000710000000| PB 0x0000000710000000| Untracked 
|  96|0x0000000710200000, 0x0000000710200000, 0x0000000710400000|  0%| F|  |TAMS 0x0000000710200000| PB 0x0000000710200000| Untracked 
|  97|0x0000000710400000, 0x0000000710400000, 0x0000000710600000|  0%| F|  |TAMS 0x0000000710400000| PB 0x0000000710400000| Untracked 
|  98|0x0000000710600000, 0x0000000710600000, 0x0000000710800000|  0%| F|  |TAMS 0x0000000710600000| PB 0x0000000710600000| Untracked 
|  99|0x0000000710800000, 0x0000000710800000, 0x0000000710a00000|  0%| F|  |TAMS 0x0000000710800000| PB 0x0000000710800000| Untracked 
| 100|0x0000000710a00000, 0x0000000710a00000, 0x0000000710c00000|  0%| F|  |TAMS 0x0000000710a00000| PB 0x0000000710a00000| Untracked 
| 101|0x0000000710c00000, 0x0000000710c00000, 0x0000000710e00000|  0%| F|  |TAMS 0x0000000710c00000| PB 0x0000000710c00000| Untracked 
| 102|0x0000000710e00000, 0x0000000710e00000, 0x0000000711000000|  0%| F|  |TAMS 0x0000000710e00000| PB 0x0000000710e00000| Untracked 
| 103|0x0000000711000000, 0x0000000711000000, 0x0000000711200000|  0%| F|  |TAMS 0x0000000711000000| PB 0x0000000711000000| Untracked 
| 104|0x0000000711200000, 0x0000000711200000, 0x0000000711400000|  0%| F|  |TAMS 0x0000000711200000| PB 0x0000000711200000| Untracked 
| 105|0x0000000711400000, 0x0000000711400000, 0x0000000711600000|  0%| F|  |TAMS 0x0000000711400000| PB 0x0000000711400000| Untracked 
| 106|0x0000000711600000, 0x0000000711600000, 0x0000000711800000|  0%| F|  |TAMS 0x0000000711600000| PB 0x0000000711600000| Untracked 
| 107|0x0000000711800000, 0x0000000711800000, 0x0000000711a00000|  0%| F|  |TAMS 0x0000000711800000| PB 0x0000000711800000| Untracked 
| 108|0x0000000711a00000, 0x0000000711a00000, 0x0000000711c00000|  0%| F|  |TAMS 0x0000000711a00000| PB 0x0000000711a00000| Untracked 
| 109|0x0000000711c00000, 0x0000000711c00000, 0x0000000711e00000|  0%| F|  |TAMS 0x0000000711c00000| PB 0x0000000711c00000| Untracked 
| 110|0x0000000711e00000, 0x0000000711e00000, 0x0000000712000000|  0%| F|  |TAMS 0x0000000711e00000| PB 0x0000000711e00000| Untracked 
| 111|0x0000000712000000, 0x0000000712000000, 0x0000000712200000|  0%| F|  |TAMS 0x0000000712000000| PB 0x0000000712000000| Untracked 
| 112|0x0000000712200000, 0x0000000712200000, 0x0000000712400000|  0%| F|  |TAMS 0x0000000712200000| PB 0x0000000712200000| Untracked 
| 113|0x0000000712400000, 0x0000000712400000, 0x0000000712600000|  0%| F|  |TAMS 0x0000000712400000| PB 0x0000000712400000| Untracked 
| 114|0x0000000712600000, 0x0000000712600000, 0x0000000712800000|  0%| F|  |TAMS 0x0000000712600000| PB 0x0000000712600000| Untracked 
| 115|0x0000000712800000, 0x0000000712800000, 0x0000000712a00000|  0%| F|  |TAMS 0x0000000712800000| PB 0x0000000712800000| Untracked 
| 116|0x0000000712a00000, 0x0000000712a00000, 0x0000000712c00000|  0%| F|  |TAMS 0x0000000712a00000| PB 0x0000000712a00000| Untracked 
| 117|0x0000000712c00000, 0x0000000712c00000, 0x0000000712e00000|  0%| F|  |TAMS 0x0000000712c00000| PB 0x0000000712c00000| Untracked 
| 118|0x0000000712e00000, 0x0000000712e00000, 0x0000000713000000|  0%| F|  |TAMS 0x0000000712e00000| PB 0x0000000712e00000| Untracked 
| 119|0x0000000713000000, 0x0000000713000000, 0x0000000713200000|  0%| F|  |TAMS 0x0000000713000000| PB 0x0000000713000000| Untracked 
| 120|0x0000000713200000, 0x0000000713200000, 0x0000000713400000|  0%| F|  |TAMS 0x0000000713200000| PB 0x0000000713200000| Untracked 
| 121|0x0000000713400000, 0x0000000713400000, 0x0000000713600000|  0%| F|  |TAMS 0x0000000713400000| PB 0x0000000713400000| Untracked 
| 122|0x0000000713600000, 0x0000000713600000, 0x0000000713800000|  0%| F|  |TAMS 0x0000000713600000| PB 0x0000000713600000| Untracked 
| 123|0x0000000713800000, 0x0000000713800000, 0x0000000713a00000|  0%| F|  |TAMS 0x0000000713800000| PB 0x0000000713800000| Untracked 
| 124|0x0000000713a00000, 0x0000000713a92a48, 0x0000000713c00000| 28%| S|CS|TAMS 0x0000000713a00000| PB 0x0000000713a00000| Complete 
| 125|0x0000000713c00000, 0x0000000713e00000, 0x0000000713e00000|100%| S|CS|TAMS 0x0000000713c00000| PB 0x0000000713c00000| Complete 
| 126|0x0000000713e00000, 0x0000000714000000, 0x0000000714000000|100%| S|CS|TAMS 0x0000000713e00000| PB 0x0000000713e00000| Complete 
| 127|0x0000000714000000, 0x0000000714200000, 0x0000000714200000|100%| S|CS|TAMS 0x0000000714000000| PB 0x0000000714000000| Complete 
| 128|0x0000000714200000, 0x0000000714400000, 0x0000000714400000|100%| S|CS|TAMS 0x0000000714200000| PB 0x0000000714200000| Complete 
| 129|0x0000000714400000, 0x0000000714600000, 0x0000000714600000|100%| S|CS|TAMS 0x0000000714400000| PB 0x0000000714400000| Complete 
| 130|0x0000000714600000, 0x000000071467a108, 0x0000000714800000| 23%| E|  |TAMS 0x0000000714600000| PB 0x0000000714600000| Complete 
| 131|0x0000000714800000, 0x0000000714a00000, 0x0000000714a00000|100%| E|CS|TAMS 0x0000000714800000| PB 0x0000000714800000| Complete 
| 132|0x0000000714a00000, 0x0000000714c00000, 0x0000000714c00000|100%| E|CS|TAMS 0x0000000714a00000| PB 0x0000000714a00000| Complete 
| 133|0x0000000714c00000, 0x0000000714e00000, 0x0000000714e00000|100%| E|CS|TAMS 0x0000000714c00000| PB 0x0000000714c00000| Complete 
| 134|0x0000000714e00000, 0x0000000715000000, 0x0000000715000000|100%| E|CS|TAMS 0x0000000714e00000| PB 0x0000000714e00000| Complete 
| 135|0x0000000715000000, 0x0000000715200000, 0x0000000715200000|100%| E|CS|TAMS 0x0000000715000000| PB 0x0000000715000000| Complete 
| 136|0x0000000715200000, 0x0000000715400000, 0x0000000715400000|100%| E|CS|TAMS 0x0000000715200000| PB 0x0000000715200000| Complete 
| 137|0x0000000715400000, 0x0000000715600000, 0x0000000715600000|100%| E|CS|TAMS 0x0000000715400000| PB 0x0000000715400000| Complete 
| 138|0x0000000715600000, 0x0000000715800000, 0x0000000715800000|100%| E|CS|TAMS 0x0000000715600000| PB 0x0000000715600000| Complete 
| 139|0x0000000715800000, 0x0000000715a00000, 0x0000000715a00000|100%| E|CS|TAMS 0x0000000715800000| PB 0x0000000715800000| Complete 
| 140|0x0000000715a00000, 0x0000000715c00000, 0x0000000715c00000|100%| E|CS|TAMS 0x0000000715a00000| PB 0x0000000715a00000| Complete 
| 141|0x0000000715c00000, 0x0000000715e00000, 0x0000000715e00000|100%| E|CS|TAMS 0x0000000715c00000| PB 0x0000000715c00000| Complete 
| 142|0x0000000715e00000, 0x0000000716000000, 0x0000000716000000|100%| E|CS|TAMS 0x0000000715e00000| PB 0x0000000715e00000| Complete 
| 143|0x0000000716000000, 0x0000000716200000, 0x0000000716200000|100%| E|CS|TAMS 0x0000000716000000| PB 0x0000000716000000| Complete 
| 144|0x0000000716200000, 0x0000000716400000, 0x0000000716400000|100%| E|CS|TAMS 0x0000000716200000| PB 0x0000000716200000| Complete 
| 145|0x0000000716400000, 0x0000000716600000, 0x0000000716600000|100%| E|CS|TAMS 0x0000000716400000| PB 0x0000000716400000| Complete 
| 146|0x0000000716600000, 0x0000000716800000, 0x0000000716800000|100%| E|CS|TAMS 0x0000000716600000| PB 0x0000000716600000| Complete 
| 147|0x0000000716800000, 0x0000000716a00000, 0x0000000716a00000|100%| E|CS|TAMS 0x0000000716800000| PB 0x0000000716800000| Complete 
| 148|0x0000000716a00000, 0x0000000716c00000, 0x0000000716c00000|100%| E|CS|TAMS 0x0000000716a00000| PB 0x0000000716a00000| Complete 
| 149|0x0000000716c00000, 0x0000000716e00000, 0x0000000716e00000|100%| E|CS|TAMS 0x0000000716c00000| PB 0x0000000716c00000| Complete 
| 150|0x0000000716e00000, 0x0000000717000000, 0x0000000717000000|100%| E|CS|TAMS 0x0000000716e00000| PB 0x0000000716e00000| Complete 
| 151|0x0000000717000000, 0x0000000717200000, 0x0000000717200000|100%| E|CS|TAMS 0x0000000717000000| PB 0x0000000717000000| Complete 
| 152|0x0000000717200000, 0x0000000717400000, 0x0000000717400000|100%| E|CS|TAMS 0x0000000717200000| PB 0x0000000717200000| Complete 
| 153|0x0000000717400000, 0x0000000717600000, 0x0000000717600000|100%| E|CS|TAMS 0x0000000717400000| PB 0x0000000717400000| Complete 
| 154|0x0000000717600000, 0x0000000717800000, 0x0000000717800000|100%| E|CS|TAMS 0x0000000717600000| PB 0x0000000717600000| Complete 
| 155|0x0000000717800000, 0x0000000717a00000, 0x0000000717a00000|100%| E|CS|TAMS 0x0000000717800000| PB 0x0000000717800000| Complete 
| 156|0x0000000717a00000, 0x0000000717c00000, 0x0000000717c00000|100%| E|CS|TAMS 0x0000000717a00000| PB 0x0000000717a00000| Complete 
| 157|0x0000000717c00000, 0x0000000717e00000, 0x0000000717e00000|100%| E|CS|TAMS 0x0000000717c00000| PB 0x0000000717c00000| Complete 
| 158|0x0000000717e00000, 0x0000000718000000, 0x0000000718000000|100%| E|CS|TAMS 0x0000000717e00000| PB 0x0000000717e00000| Complete 
| 159|0x0000000718000000, 0x0000000718200000, 0x0000000718200000|100%| E|CS|TAMS 0x0000000718000000| PB 0x0000000718000000| Complete 
| 160|0x0000000718200000, 0x0000000718400000, 0x0000000718400000|100%| E|CS|TAMS 0x0000000718200000| PB 0x0000000718200000| Complete 
| 161|0x0000000718400000, 0x0000000718600000, 0x0000000718600000|100%| E|CS|TAMS 0x0000000718400000| PB 0x0000000718400000| Complete 
| 162|0x0000000718600000, 0x0000000718800000, 0x0000000718800000|100%| E|CS|TAMS 0x0000000718600000| PB 0x0000000718600000| Complete 
| 163|0x0000000718800000, 0x0000000718a00000, 0x0000000718a00000|100%| E|CS|TAMS 0x0000000718800000| PB 0x0000000718800000| Complete 
| 164|0x0000000718a00000, 0x0000000718c00000, 0x0000000718c00000|100%| E|CS|TAMS 0x0000000718a00000| PB 0x0000000718a00000| Complete 
| 165|0x0000000718c00000, 0x0000000718e00000, 0x0000000718e00000|100%| E|CS|TAMS 0x0000000718c00000| PB 0x0000000718c00000| Complete 
| 166|0x0000000718e00000, 0x0000000719000000, 0x0000000719000000|100%| E|CS|TAMS 0x0000000718e00000| PB 0x0000000718e00000| Complete 
| 167|0x0000000719000000, 0x0000000719200000, 0x0000000719200000|100%| E|CS|TAMS 0x0000000719000000| PB 0x0000000719000000| Complete 
| 168|0x0000000719200000, 0x0000000719400000, 0x0000000719400000|100%| E|CS|TAMS 0x0000000719200000| PB 0x0000000719200000| Complete 
| 169|0x0000000719400000, 0x0000000719600000, 0x0000000719600000|100%| E|CS|TAMS 0x0000000719400000| PB 0x0000000719400000| Complete 
| 170|0x0000000719600000, 0x0000000719800000, 0x0000000719800000|100%| E|CS|TAMS 0x0000000719600000| PB 0x0000000719600000| Complete 
| 171|0x0000000719800000, 0x0000000719a00000, 0x0000000719a00000|100%| E|CS|TAMS 0x0000000719800000| PB 0x0000000719800000| Complete 
| 172|0x0000000719a00000, 0x0000000719c00000, 0x0000000719c00000|100%| E|CS|TAMS 0x0000000719a00000| PB 0x0000000719a00000| Complete 
| 173|0x0000000719c00000, 0x0000000719e00000, 0x0000000719e00000|100%| E|CS|TAMS 0x0000000719c00000| PB 0x0000000719c00000| Complete 
| 174|0x0000000719e00000, 0x000000071a000000, 0x000000071a000000|100%| E|CS|TAMS 0x0000000719e00000| PB 0x0000000719e00000| Complete 

Card table byte_map: [0x000002e653860000,0x000002e654040000] _byte_map_base: 0x000002e65003f000

Marking Bits: (CMBitMap*) 0x000002e63b92a960
 Bits: [0x000002e654040000, 0x000002e657f38000)

Polling page: 0x000002e639860000

Metaspace:

Usage:
  Non-class:     63.48 MB used.
      Class:      7.67 MB used.
       Both:     71.15 MB used.

Virtual space:
  Non-class space:      128.00 MB reserved,      63.94 MB ( 50%) committed,  2 nodes.
      Class space:        1.00 GB reserved,       8.06 MB ( <1%) committed,  1 nodes.
             Both:        1.12 GB reserved,      72.00 MB (  6%) committed. 

Chunk freelists:
   Non-Class:  15.78 MB
       Class:  7.79 MB
        Both:  23.57 MB

MaxMetaspaceSize: unlimited
CompressedClassSpaceSize: 1.00 GB
Initial GC threshold: 21.00 MB
Current GC threshold: 102.75 MB
CDS: on
 - commit_granule_bytes: 65536.
 - commit_granule_words: 8192.
 - virtual_space_node_default_size: 8388608.
 - enlarge_chunks_in_place: 1.
 - use_allocation_guard: 0.


Internal statistics:

num_allocs_failed_limit: 12.
num_arena_births: 1134.
num_arena_deaths: 0.
num_vsnodes_births: 3.
num_vsnodes_deaths: 0.
num_space_committed: 1151.
num_space_uncommitted: 0.
num_chunks_returned_to_freelist: 12.
num_chunks_taken_from_freelist: 3490.
num_chunk_merges: 12.
num_chunk_splits: 2437.
num_chunks_enlarged: 1738.
num_inconsistent_stats: 0.

CodeHeap 'non-profiled nmethods': size=120000Kb used=5993Kb max_used=5993Kb free=114007Kb
 bounds [0x000002e64b820000, 0x000002e64be00000, 0x000002e652d50000]
CodeHeap 'profiled nmethods': size=120000Kb used=16605Kb max_used=16605Kb free=103394Kb
 bounds [0x000002e643d50000, 0x000002e644d90000, 0x000002e64b280000]
CodeHeap 'non-nmethods': size=5760Kb used=1964Kb max_used=2038Kb free=3795Kb
 bounds [0x000002e64b280000, 0x000002e64b4f0000, 0x000002e64b820000]
 total_blobs=8280 nmethods=7515 adapters=667
 compilation: enabled
              stopped_count=0, restarted_count=0
 full_count=0

Compilation events (20 events):
Event: 115.605 Thread 0x000002e65a9753c0 nmethod 8373 0x000002e644d85590 code [0x000002e644d85740, 0x000002e644d85920]
Event: 115.605 Thread 0x000002e65a9753c0 8368       3       java.lang.Boolean::equals (29 bytes)
Event: 115.605 Thread 0x000002e65a9753c0 nmethod 8368 0x000002e644d85a10 code [0x000002e644d85bc0, 0x000002e644d85f98]
Event: 115.605 Thread 0x000002e65a9753c0 8367       1       com.mysql.cj.jdbc.ConnectionImpl::getSession (5 bytes)
Event: 115.605 Thread 0x000002e65a9753c0 nmethod 8367 0x000002e64bdf9110 code [0x000002e64bdf92a0, 0x000002e64bdf9370]
Event: 119.605 Thread 0x000002e65a9753c0 8374       1       java.nio.channels.SelectionKey::attachment (5 bytes)
Event: 119.605 Thread 0x000002e65a9753c0 nmethod 8374 0x000002e64bdf9410 code [0x000002e64bdf95a0, 0x000002e64bdf9670]
Event: 120.341 Thread 0x000002e65a9753c0 8375       3       java.lang.String::indexOf (64 bytes)
Event: 120.341 Thread 0x000002e65a9753c0 nmethod 8375 0x000002e644d86090 code [0x000002e644d862a0, 0x000002e644d86780]
Event: 130.373 Thread 0x000002e65a9753c0 8376       1       jdk.internal.event.ThreadSleepEvent::isEnabled (2 bytes)
Event: 130.373 Thread 0x000002e65a9753c0 nmethod 8376 0x000002e64bdf9b10 code [0x000002e64bdf9ca0, 0x000002e64bdf9d68]
Event: 132.609 Thread 0x000002e65a9753c0 8378       1       org.apache.tomcat.util.net.SocketProperties::getTimeoutInterval (5 bytes)
Event: 132.610 Thread 0x000002e65a9753c0 nmethod 8378 0x000002e64bdf9e10 code [0x000002e64bdf9fa0, 0x000002e64bdfa068]
Event: 132.648 Thread 0x000002e65a9753c0 8379       3       sun.net.www.MessageHeader::grow (92 bytes)
Event: 132.648 Thread 0x000002e65a972920 8380       4       java.io.BufferedInputStream::close (44 bytes)
Event: 132.648 Thread 0x000002e65a9753c0 nmethod 8379 0x000002e644d86910 code [0x000002e644d86ae0, 0x000002e644d87078]
Event: 132.648 Thread 0x000002e65a9753c0 8381       3       org.apache.catalina.LifecycleEvent::getLifecycle (8 bytes)
Event: 132.649 Thread 0x000002e65a9753c0 nmethod 8381 0x000002e644d87190 code [0x000002e644d87340, 0x000002e644d875f0]
Event: 132.649 Thread 0x000002e65a9753c0 8382       1       org.apache.catalina.loader.WebappLoader::getClassLoader (5 bytes)
Event: 132.649 Thread 0x000002e65a9753c0 nmethod 8382 0x000002e64bdfa110 code [0x000002e64bdfa2a0, 0x000002e64bdfa370]

GC Heap History (20 events):
Event: 8.457 GC heap before
{Heap before GC invocations=42 (full 12):
 garbage-first heap   total 237568K, used 178122K [0x0000000704200000, 0x0000000800000000)
  region size 2048K, 69 young (141312K), 1 survivors (2048K)
 Metaspace       used 36785K, committed 37376K, reserved 1114112K
  class space    used 3955K, committed 4224K, reserved 1048576K
}
Event: 8.458 GC heap after
{Heap after GC invocations=43 (full 12):
 garbage-first heap   total 237568K, used 39059K [0x0000000704200000, 0x0000000800000000)
  region size 2048K, 1 young (2048K), 1 survivors (2048K)
 Metaspace       used 36785K, committed 37376K, reserved 1114112K
  class space    used 3955K, committed 4224K, reserved 1048576K
}
Event: 8.689 GC heap before
{Heap before GC invocations=43 (full 12):
 garbage-first heap   total 237568K, used 178323K [0x0000000704200000, 0x0000000800000000)
  region size 2048K, 69 young (141312K), 1 survivors (2048K)
 Metaspace       used 36786K, committed 37376K, reserved 1114112K
  class space    used 3955K, committed 4224K, reserved 1048576K
}
Event: 8.689 GC heap after
{Heap after GC invocations=44 (full 12):
 garbage-first heap   total 237568K, used 38784K [0x0000000704200000, 0x0000000800000000)
  region size 2048K, 1 young (2048K), 1 survivors (2048K)
 Metaspace       used 36786K, committed 37376K, reserved 1114112K
  class space    used 3955K, committed 4224K, reserved 1048576K
}
Event: 8.894 GC heap before
{Heap before GC invocations=44 (full 12):
 garbage-first heap   total 237568K, used 178048K [0x0000000704200000, 0x0000000800000000)
  region size 2048K, 69 young (141312K), 1 survivors (2048K)
 Metaspace       used 36787K, committed 37376K, reserved 1114112K
  class space    used 3955K, committed 4224K, reserved 1048576K
}
Event: 8.895 GC heap after
{Heap after GC invocations=45 (full 12):
 garbage-first heap   total 237568K, used 38804K [0x0000000704200000, 0x0000000800000000)
  region size 2048K, 1 young (2048K), 1 survivors (2048K)
 Metaspace       used 36787K, committed 37376K, reserved 1114112K
  class space    used 3955K, committed 4224K, reserved 1048576K
}
Event: 9.298 GC heap before
{Heap before GC invocations=45 (full 12):
 garbage-first heap   total 237568K, used 178068K [0x0000000704200000, 0x0000000800000000)
  region size 2048K, 69 young (141312K), 1 survivors (2048K)
 Metaspace       used 38976K, committed 39616K, reserved 1114112K
  class space    used 4280K, committed 4608K, reserved 1048576K
}
Event: 9.302 GC heap after
{Heap after GC invocations=46 (full 12):
 garbage-first heap   total 237568K, used 45040K [0x0000000704200000, 0x0000000800000000)
  region size 2048K, 4 young (8192K), 4 survivors (8192K)
 Metaspace       used 38976K, committed 39616K, reserved 1114112K
  class space    used 4280K, committed 4608K, reserved 1048576K
}
Event: 9.544 GC heap before
{Heap before GC invocations=46 (full 12):
 garbage-first heap   total 237568K, used 176112K [0x0000000704200000, 0x0000000800000000)
  region size 2048K, 69 young (141312K), 4 survivors (8192K)
 Metaspace       used 38980K, committed 39616K, reserved 1114112K
  class space    used 4281K, committed 4608K, reserved 1048576K
}
Event: 9.560 GC heap after
{Heap after GC invocations=47 (full 12):
 garbage-first heap   total 237568K, used 68630K [0x0000000704200000, 0x0000000800000000)
  region size 2048K, 9 young (18432K), 9 survivors (18432K)
 Metaspace       used 38980K, committed 39616K, reserved 1114112K
  class space    used 4281K, committed 4608K, reserved 1048576K
}
Event: 9.793 GC heap before
{Heap before GC invocations=47 (full 12):
 garbage-first heap   total 237568K, used 191510K [0x0000000704200000, 0x0000000800000000)
  region size 2048K, 69 young (141312K), 9 survivors (18432K)
 Metaspace       used 38987K, committed 39616K, reserved 1114112K
  class space    used 4281K, committed 4608K, reserved 1048576K
}
Event: 9.809 GC heap after
{Heap after GC invocations=48 (full 12):
 garbage-first heap   total 237568K, used 88584K [0x0000000704200000, 0x0000000800000000)
  region size 2048K, 9 young (18432K), 9 survivors (18432K)
 Metaspace       used 38987K, committed 39616K, reserved 1114112K
  class space    used 4281K, committed 4608K, reserved 1048576K
}
Event: 10.031 GC heap before
{Heap before GC invocations=48 (full 12):
 garbage-first heap   total 237568K, used 199176K [0x0000000704200000, 0x0000000800000000)
  region size 2048K, 63 young (129024K), 9 survivors (18432K)
 Metaspace       used 39168K, committed 39808K, reserved 1114112K
  class space    used 4308K, committed 4608K, reserved 1048576K
}
Event: 10.044 GC heap after
{Heap after GC invocations=49 (full 12):
 garbage-first heap   total 237568K, used 104659K [0x0000000704200000, 0x0000000800000000)
  region size 2048K, 7 young (14336K), 7 survivors (14336K)
 Metaspace       used 39168K, committed 39808K, reserved 1114112K
  class space    used 4308K, committed 4608K, reserved 1048576K
}
Event: 10.586 GC heap before
{Heap before GC invocations=49 (full 12):
 garbage-first heap   total 237568K, used 200915K [0x0000000704200000, 0x0000000800000000)
  region size 2048K, 54 young (110592K), 7 survivors (14336K)
 Metaspace       used 42927K, committed 43648K, reserved 1114112K
  class space    used 4722K, committed 5056K, reserved 1048576K
}
Event: 10.594 GC heap after
{Heap after GC invocations=50 (full 12):
 garbage-first heap   total 237568K, used 108564K [0x0000000704200000, 0x0000000800000000)
  region size 2048K, 2 young (4096K), 2 survivors (4096K)
 Metaspace       used 42927K, committed 43648K, reserved 1114112K
  class space    used 4722K, committed 5056K, reserved 1048576K
}
Event: 11.677 GC heap before
{Heap before GC invocations=50 (full 12):
 garbage-first heap   total 237568K, used 206868K [0x0000000704200000, 0x0000000800000000)
  region size 2048K, 50 young (102400K), 2 survivors (4096K)
 Metaspace       used 53981K, committed 54720K, reserved 1114112K
  class space    used 6070K, committed 6400K, reserved 1048576K
}
Event: 11.685 GC heap after
{Heap after GC invocations=51 (full 12):
 garbage-first heap   total 358400K, used 115113K [0x0000000704200000, 0x0000000800000000)
  region size 2048K, 5 young (10240K), 5 survivors (10240K)
 Metaspace       used 53981K, committed 54720K, reserved 1114112K
  class space    used 6070K, committed 6400K, reserved 1048576K
}
Event: 12.558 GC heap before
{Heap before GC invocations=51 (full 12):
 garbage-first heap   total 358400K, used 203177K [0x0000000704200000, 0x0000000800000000)
  region size 2048K, 50 young (102400K), 5 survivors (10240K)
 Metaspace       used 61557K, committed 62208K, reserved 1114112K
  class space    used 6801K, committed 7104K, reserved 1048576K
}
Event: 12.563 GC heap after
{Heap after GC invocations=52 (full 12):
 garbage-first heap   total 358400K, used 115933K [0x0000000704200000, 0x0000000800000000)
  region size 2048K, 6 young (12288K), 6 survivors (12288K)
 Metaspace       used 61557K, committed 62208K, reserved 1114112K
  class space    used 6801K, committed 7104K, reserved 1048576K
}

Dll operation events (14 events):
Event: 0.008 Loaded shared library D:\java\jdk21\bin\java.dll
Event: 0.043 Loaded shared library D:\java\jdk21\bin\jsvml.dll
Event: 0.087 Loaded shared library D:\java\jdk21\bin\zip.dll
Event: 0.090 Loaded shared library D:\java\jdk21\bin\instrument.dll
Event: 0.094 Loaded shared library D:\java\jdk21\bin\net.dll
Event: 0.095 Loaded shared library D:\java\jdk21\bin\nio.dll
Event: 0.097 Loaded shared library D:\java\jdk21\bin\zip.dll
Event: 0.153 Loaded shared library D:\java\jdk21\bin\jimage.dll
Event: 0.236 Loaded shared library D:\java\jdk21\bin\management_agent.dll
Event: 0.238 Loaded shared library D:\java\jdk21\bin\management.dll
Event: 0.250 Loaded shared library D:\java\jdk21\bin\management_ext.dll
Event: 0.535 Loaded shared library D:\java\jdk21\bin\extnet.dll
Event: 1.912 Loaded shared library D:\java\jdk21\bin\sunmscapi.dll
Event: 2.223 Loaded shared library D:\java\jdk21\bin\verify.dll

Deoptimization events (20 events):
Event: 104.003 Thread 0x000002e6a2c39b20 Uncommon trap: trap_request=0xffffffde fr.pc=0x000002e64b93da4c relative=0x000000000000010c
Event: 104.003 Thread 0x000002e6a2c39b20 Uncommon trap: reason=class_check action=maybe_recompile pc=0x000002e64b93da4c method=java.lang.Character.codePointAt(Ljava/lang/CharSequence;I)I @ 2 c2
Event: 104.003 Thread 0x000002e6a2c39b20 DEOPT PACKING pc=0x000002e64b93da4c sp=0x000000f5b67fec30
Event: 104.003 Thread 0x000002e6a2c39b20 DEOPT UNPACKING pc=0x000002e64b2d7da2 sp=0x000000f5b67febc8 mode 2
Event: 104.003 Thread 0x000002e6a2c39b20 Uncommon trap: trap_request=0xffffffde fr.pc=0x000002e64b93da4c relative=0x000000000000010c
Event: 104.003 Thread 0x000002e6a2c39b20 Uncommon trap: reason=class_check action=maybe_recompile pc=0x000002e64b93da4c method=java.lang.Character.codePointAt(Ljava/lang/CharSequence;I)I @ 2 c2
Event: 104.003 Thread 0x000002e6a2c39b20 DEOPT PACKING pc=0x000002e64b93da4c sp=0x000000f5b67fec30
Event: 104.003 Thread 0x000002e6a2c39b20 DEOPT UNPACKING pc=0x000002e64b2d7da2 sp=0x000000f5b67febc8 mode 2
Event: 104.003 Thread 0x000002e6a2c39b20 Uncommon trap: trap_request=0xffffff45 fr.pc=0x000002e64b93cb24 relative=0x0000000000000084
Event: 104.003 Thread 0x000002e6a2c39b20 Uncommon trap: reason=unstable_if action=reinterpret pc=0x000002e64b93cb24 method=java.util.regex.Pattern.lambda$DOT$11(I)Z @ 3 c2
Event: 104.003 Thread 0x000002e6a2c39b20 DEOPT PACKING pc=0x000002e64b93cb24 sp=0x000000f5b67fec50
Event: 104.003 Thread 0x000002e6a2c39b20 DEOPT UNPACKING pc=0x000002e64b2d7da2 sp=0x000000f5b67feb78 mode 2
Event: 104.003 Thread 0x000002e6a2c39b20 Uncommon trap: trap_request=0xffffffbe fr.pc=0x000002e64bc7a1e8 relative=0x0000000000000308
Event: 104.003 Thread 0x000002e6a2c39b20 Uncommon trap: reason=profile_predicate action=maybe_recompile pc=0x000002e64bc7a1e8 method=java.util.regex.Pattern$Slice.match(Ljava/util/regex/Matcher;ILjava/lang/CharSequence;)Z @ 18 c2
Event: 104.003 Thread 0x000002e6a2c39b20 DEOPT PACKING pc=0x000002e64bc7a1e8 sp=0x000000f5b67feb50
Event: 104.003 Thread 0x000002e6a2c39b20 DEOPT UNPACKING pc=0x000002e64b2d7da2 sp=0x000000f5b67feae0 mode 2
Event: 104.003 Thread 0x000002e6a2c39b20 Uncommon trap: trap_request=0xffffffde fr.pc=0x000002e64bce1300 relative=0x0000000000000220
Event: 104.003 Thread 0x000002e6a2c39b20 Uncommon trap: reason=class_check action=maybe_recompile pc=0x000002e64bce1300 method=java.util.regex.Pattern$BmpCharProperty.match(Ljava/util/regex/Matcher;ILjava/lang/CharSequence;)Z @ 14 c2
Event: 104.003 Thread 0x000002e6a2c39b20 DEOPT PACKING pc=0x000002e64bce1300 sp=0x000000f5b67feb60
Event: 104.003 Thread 0x000002e6a2c39b20 DEOPT UNPACKING pc=0x000002e64b2d7da2 sp=0x000000f5b67feaf0 mode 2

Classes loaded (20 events):
Event: 103.907 Loading class java/lang/reflect/AnnotatedTypeVariable
Event: 103.907 Loading class java/lang/reflect/AnnotatedTypeVariable done
Event: 103.928 Loading class sun/reflect/annotation/AnnotationSupport
Event: 103.929 Loading class sun/reflect/annotation/AnnotationSupport done
Event: 103.944 Loading class java/util/stream/IntPipeline$1
Event: 103.944 Loading class java/util/stream/IntPipeline$1 done
Event: 103.944 Loading class java/util/stream/IntPipeline$1$1
Event: 103.944 Loading class java/util/stream/IntPipeline$1$1 done
Event: 103.975 Loading class sun/reflect/annotation/AnnotatedTypeFactory$AnnotatedArrayTypeImpl
Event: 103.976 Loading class java/lang/reflect/AnnotatedArrayType
Event: 103.976 Loading class java/lang/reflect/AnnotatedArrayType done
Event: 103.976 Loading class sun/reflect/annotation/AnnotatedTypeFactory$AnnotatedArrayTypeImpl done
Event: 103.994 Loading class jdk/internal/reflect/AccessorUtils
Event: 103.994 Loading class jdk/internal/reflect/AccessorUtils done
Event: 104.001 Loading class java/util/Scanner
Event: 104.002 Loading class java/util/Scanner done
Event: 104.002 Loading class java/util/Scanner$PatternLRUCache
Event: 104.003 Loading class java/util/Scanner$PatternLRUCache done
Event: 104.003 Loading class java/util/regex/Matcher$ImmutableMatchResult
Event: 104.003 Loading class java/util/regex/Matcher$ImmutableMatchResult done

Classes unloaded (0 events):
No events

Classes redefined (0 events):
No events

Internal exceptions (20 events):
Event: 18.354 Thread 0x000002e6a2c3bbf0 Exception <a 'java/lang/ClassNotFoundException'{0x00000007150d9480}: jakarta/servlet/http/HttpServletRequestWrapperBeanInfo> (0x00000007150d9480) 
thrown [s\open\src\hotspot\share\classfile\systemDictionary.cpp, line 312]
Event: 18.356 Thread 0x000002e6a2c3bbf0 Exception <a 'java/lang/ClassNotFoundException'{0x00000007150e6538}: jakarta/servlet/ServletRequestWrapperBeanInfo> (0x00000007150e6538) 
thrown [s\open\src\hotspot\share\classfile\systemDictionary.cpp, line 312]
Event: 18.357 Thread 0x000002e6a2c3bbf0 Exception <a 'java/lang/ClassNotFoundException'{0x00000007150f37b8}: jakarta/servlet/ServletRequestWrapperCustomizer> (0x00000007150f37b8) 
thrown [s\open\src\hotspot\share\classfile\systemDictionary.cpp, line 312]
Event: 18.360 Thread 0x000002e6a2c3bbf0 Exception <a 'java/lang/ClassNotFoundException'{0x00000007151257e8}: jakarta/servlet/http/HttpServletRequestWrapperCustomizer> (0x00000007151257e8) 
thrown [s\open\src\hotspot\share\classfile\systemDictionary.cpp, line 312]
Event: 18.366 Thread 0x000002e6a2c3bbf0 Exception <a 'java/lang/ClassNotFoundException'{0x000000071515cca0}: org/apache/openejb/server/httpd/EEFilter$NoCdiRequestCustomizer> (0x000000071515cca0) 
thrown [s\open\src\hotspot\share\classfile\systemDictionary.cpp, line 312]
Event: 18.370 Thread 0x000002e6a2c3bbf0 Exception <a 'java/lang/ClassNotFoundException'{0x0000000715175a98}: org/apache/openejb/server/httpd/EEFilter$CdiRequestCustomizer> (0x0000000715175a98) 
thrown [s\open\src\hotspot\share\classfile\systemDictionary.cpp, line 312]
Event: 18.373 Thread 0x000002e6a2c3bbf0 Exception <a 'java/lang/ClassNotFoundException'{0x00000007151936f0}: jakarta/servlet/http/HttpServletRequestBeanInfo> (0x00000007151936f0) 
thrown [s\open\src\hotspot\share\classfile\systemDictionary.cpp, line 312]
Event: 18.374 Thread 0x000002e6a2c3bbf0 Exception <a 'java/lang/ClassNotFoundException'{0x00000007151a0b20}: jakarta/servlet/http/HttpServletRequestCustomizer> (0x00000007151a0b20) 
thrown [s\open\src\hotspot\share\classfile\systemDictionary.cpp, line 312]
Event: 18.379 Thread 0x000002e6a2c3bbf0 Exception <a 'java/lang/ClassNotFoundException'{0x00000007151c90b0}: jakarta/servlet/ServletRequestBeanInfo> (0x00000007151c90b0) 
thrown [s\open\src\hotspot\share\classfile\systemDictionary.cpp, line 312]
Event: 18.381 Thread 0x000002e6a2c3bbf0 Exception <a 'java/lang/ClassNotFoundException'{0x00000007151d5c38}: jakarta/servlet/ServletRequestCustomizer> (0x00000007151d5c38) 
thrown [s\open\src\hotspot\share\classfile\systemDictionary.cpp, line 312]
Event: 103.886 Thread 0x000002e6a2c39b20 Exception <a 'java/lang/NoSuchMethodError'{0x0000000714f6b5e0}: 'void java.lang.invoke.DirectMethodHandle$Holder.invokeInterface(java.lang.Object, java.lang.Object, int, java.lang.Object)'> (0x0000000714f6b5e0) 
thrown [s\open\src\hotspot\share\interpreter\linkResolver.cpp, line 773]
Event: 103.886 Thread 0x000002e6a2c39b20 Exception <a 'java/lang/NoSuchMethodError'{0x0000000714f6ef70}: 'void java.lang.invoke.DelegatingMethodHandle$Holder.reinvoke_L(java.lang.Object, java.lang.Object, int, java.lang.Object)'> (0x0000000714f6ef70) 
thrown [s\open\src\hotspot\share\interpreter\linkResolver.cpp, line 773]
Event: 103.931 Thread 0x000002e6a2c39b20 Exception <a 'java/lang/NoSuchMethodError'{0x0000000714dc6390}: 'void java.lang.invoke.DirectMethodHandle$Holder.invokeSpecial(java.lang.Object, java.lang.Object, java.lang.Object, java.lang.Object, java.lang.Object, java.lang.Object)'> (0x0000000714dc6390) 
thrown [s\open\src\hotspot\share\interpreter\linkResolver.cpp, line 773]
Event: 103.943 Thread 0x000002e6a2c39b20 Exception <a 'java/lang/NoSuchMethodError'{0x0000000714a8d820}: 'java.lang.Object java.lang.invoke.DirectMethodHandle$Holder.invokeSpecial(java.lang.Object, java.lang.Object, java.lang.Object, java.lang.Object, java.lang.Object, java.lang.Object, int)'> (0x0000000714a8d820) 
thrown [s\open\src\hotspot\share\interpreter\linkResolver.cpp, line 773]
Event: 103.944 Thread 0x000002e6a2c39b20 Exception <a 'java/lang/NoSuchMethodError'{0x0000000714a95908}: 'java.lang.Object java.lang.invoke.DirectMethodHandle$Holder.newInvokeSpecial(java.lang.Object, java.lang.Object, java.lang.Object, java.lang.Object, java.lang.Object, java.lang.Object)'> (0x0000000714a95908) 
thrown [s\open\src\hotspot\share\interpreter\linkResolver.cpp, line 773]
Event: 103.967 Thread 0x000002e6a2c39b20 Exception <a 'java/lang/NoSuchMethodError'{0x0000000714ba3f48}: 'java.lang.Object java.lang.invoke.DirectMethodHandle$Holder.invokeSpecial(java.lang.Object, java.lang.Object, java.lang.Object, java.lang.Object, int)'> (0x0000000714ba3f48) 
thrown [s\open\src\hotspot\share\interpreter\linkResolver.cpp, line 773]
Event: 103.969 Thread 0x000002e6a2c39b20 Exception <a 'java/lang/NoSuchMethodError'{0x0000000714bbc310}: 'java.lang.Object java.lang.invoke.DirectMethodHandle$Holder.invokeStatic(java.lang.Object, int, java.lang.Object)'> (0x0000000714bbc310) 
thrown [s\open\src\hotspot\share\interpreter\linkResolver.cpp, line 773]
Event: 103.990 Thread 0x000002e6a2c39b20 Exception <a 'java/lang/NoSuchMethodError'{0x00000007148c53a0}: 'void java.lang.invoke.DirectMethodHandle$Holder.invokeInterface(java.lang.Object, java.lang.Object, int, int)'> (0x00000007148c53a0) 
thrown [s\open\src\hotspot\share\interpreter\linkResolver.cpp, line 773]
Event: 103.990 Thread 0x000002e6a2c39b20 Exception <a 'java/lang/NoSuchMethodError'{0x00000007148cc800}: 'void java.lang.invoke.DelegatingMethodHandle$Holder.reinvoke_L(java.lang.Object, java.lang.Object, int, int)'> (0x00000007148cc800) 
thrown [s\open\src\hotspot\share\interpreter\linkResolver.cpp, line 773]
Event: 103.994 Thread 0x000002e6a2c39b20 Exception <a 'java/lang/NullPointerException'{0x00000007148eb298}> (0x00000007148eb298) 
thrown [s\open\src\hotspot\share\interpreter\linkResolver.cpp, line 1372]

ZGC Phase Switch (0 events):
No events

VM Operations (20 events):
Event: 23.307 Executing VM operation: Cleanup
Event: 23.307 Executing VM operation: Cleanup done
Event: 33.312 Executing VM operation: Cleanup
Event: 33.312 Executing VM operation: Cleanup done
Event: 60.255 Executing VM operation: HandshakeAllThreads (HandshakeForDeflation)
Event: 60.255 Executing VM operation: HandshakeAllThreads (HandshakeForDeflation) done
Event: 60.255 Executing VM operation: RendezvousGCThreads
Event: 60.255 Executing VM operation: RendezvousGCThreads done
Event: 90.270 Executing VM operation: Cleanup
Event: 90.270 Executing VM operation: Cleanup done
Event: 93.271 Executing VM operation: Cleanup
Event: 93.271 Executing VM operation: Cleanup done
Event: 104.276 Executing VM operation: Cleanup
Event: 104.276 Executing VM operation: Cleanup done
Event: 105.277 Executing VM operation: Cleanup
Event: 105.277 Executing VM operation: Cleanup done
Event: 106.277 Executing VM operation: Cleanup
Event: 106.277 Executing VM operation: Cleanup done
Event: 116.281 Executing VM operation: Cleanup
Event: 116.281 Executing VM operation: Cleanup done

Events (20 events):
Event: 12.614 Thread 0x000002e65a94a4f0 flushing nmethod 0x000002e64422a090
Event: 12.614 Thread 0x000002e65a94a4f0 flushing nmethod 0x000002e6442e0c10
Event: 12.614 Thread 0x000002e65a94a4f0 flushing nmethod 0x000002e64b94d690
Event: 12.614 Thread 0x000002e65a94a4f0 flushing nmethod 0x000002e64b9aee10
Event: 12.614 Thread 0x000002e65a94a4f0 flushing nmethod 0x000002e64b9afe90
Event: 12.614 Thread 0x000002e65a94a4f0 flushing nmethod 0x000002e643db0090
Event: 12.614 Thread 0x000002e65a94a4f0 flushing nmethod 0x000002e643e60190
Event: 12.614 Thread 0x000002e65a94a4f0 flushing nmethod 0x000002e643e65590
Event: 12.614 Thread 0x000002e65a94a4f0 flushing nmethod 0x000002e643f57110
Event: 12.614 Thread 0x000002e65a94a4f0 flushing nmethod 0x000002e643fc6310
Event: 12.614 Thread 0x000002e65a94a4f0 flushing nmethod 0x000002e643fc6790
Event: 12.614 Thread 0x000002e65a94a4f0 flushing nmethod 0x000002e6442b9d10
Event: 17.722 Thread 0x000002e6a4390cf0 Thread added: 0x000002e6a4390cf0
Event: 17.865 Thread 0x000002e6a0d58bd0 Thread added: 0x000002e6a0d58bd0
Event: 18.127 Thread 0x000002e6a2c3f700 Thread added: 0x000002e6a2c3f700
Event: 20.623 Thread 0x000002e6a0d58bd0 Thread exited: 0x000002e6a0d58bd0
Event: 20.623 Thread 0x000002e6a4390cf0 Thread exited: 0x000002e6a4390cf0
Event: 78.129 Thread 0x000002e6a1276240 Thread exited: 0x000002e6a1276240
Event: 90.954 Thread 0x000002e6a16eb700 Thread exited: 0x000002e6a16eb700
Event: 105.963 Thread 0x000002e6a2c3f700 Thread exited: 0x000002e6a2c3f700


Dynamic libraries:
0x00007ff67a2f0000 - 0x00007ff67a300000 	D:\java\jdk21\bin\java.exe
0x00007ffe79c90000 - 0x00007ffe79e88000 	C:\WINDOWS\SYSTEM32\ntdll.dll
0x00007ffe78d10000 - 0x00007ffe78dd2000 	C:\WINDOWS\System32\KERNEL32.DLL
0x00007ffe77330000 - 0x00007ffe7762f000 	C:\WINDOWS\System32\KERNELBASE.dll
0x00007ffe77630000 - 0x00007ffe77730000 	C:\WINDOWS\System32\ucrtbase.dll
0x00007ffe70a90000 - 0x00007ffe70aa9000 	D:\java\jdk21\bin\jli.dll
0x00007ffe780a0000 - 0x00007ffe7814f000 	C:\WINDOWS\System32\ADVAPI32.dll
0x00007ffe78f90000 - 0x00007ffe7902e000 	C:\WINDOWS\System32\msvcrt.dll
0x00007ffe799e0000 - 0x00007ffe79a7f000 	C:\WINDOWS\System32\sechost.dll
0x00007ffe789c0000 - 0x00007ffe78ae3000 	C:\WINDOWS\System32\RPCRT4.dll
0x00007ffe77bf0000 - 0x00007ffe77c17000 	C:\WINDOWS\System32\bcrypt.dll
0x00007ffe77d20000 - 0x00007ffe77ebd000 	C:\WINDOWS\System32\USER32.dll
0x00007ffe777f0000 - 0x00007ffe77812000 	C:\WINDOWS\System32\win32u.dll
0x00007ffe79560000 - 0x00007ffe7958b000 	C:\WINDOWS\System32\GDI32.dll
0x00007ffe77820000 - 0x00007ffe7793a000 	C:\WINDOWS\System32\gdi32full.dll
0x00007ffe779f0000 - 0x00007ffe77a8d000 	C:\WINDOWS\System32\msvcp_win.dll
0x00007ffe6ff80000 - 0x00007ffe6ff9b000 	D:\java\jdk21\bin\VCRUNTIME140.dll
0x00007ffe68e00000 - 0x00007ffe6909a000 	C:\WINDOWS\WinSxS\amd64_microsoft.windows.common-controls_6595b64144ccf1df_6.0.19041.4355_none_60b8b9eb71f62e16\COMCTL32.dll
0x00007ffe700e0000 - 0x00007ffe700ea000 	C:\WINDOWS\SYSTEM32\VERSION.dll
0x00007ffe77f90000 - 0x00007ffe77fbf000 	C:\WINDOWS\System32\IMM32.DLL
0x00007ffe716d0000 - 0x00007ffe716dc000 	D:\java\jdk21\bin\vcruntime140_1.dll
0x00007ffe5a430000 - 0x00007ffe5a4be000 	D:\java\jdk21\bin\msvcp140.dll
0x00007ffe39510000 - 0x00007ffe3a22a000 	D:\java\jdk21\bin\server\jvm.dll
0x00007ffe78af0000 - 0x00007ffe78b5b000 	C:\WINDOWS\System32\WS2_32.dll
0x00007ffe76870000 - 0x00007ffe768bb000 	C:\WINDOWS\SYSTEM32\POWRPROF.dll
0x00007ffe6b7a0000 - 0x00007ffe6b7c7000 	C:\WINDOWS\SYSTEM32\WINMM.dll
0x00007ffe76730000 - 0x00007ffe76742000 	C:\WINDOWS\SYSTEM32\UMPDC.dll
0x00007ffe75b50000 - 0x00007ffe75b62000 	C:\WINDOWS\SYSTEM32\kernel.appcore.dll
0x00007ffe71310000 - 0x00007ffe7131a000 	D:\java\jdk21\bin\jimage.dll
0x00007ffe75850000 - 0x00007ffe75a34000 	C:\WINDOWS\SYSTEM32\DBGHELP.DLL
0x00007ffe55f60000 - 0x00007ffe55f94000 	C:\WINDOWS\SYSTEM32\dbgcore.DLL
0x00007ffe77c20000 - 0x00007ffe77ca2000 	C:\WINDOWS\System32\bcryptPrimitives.dll
0x00007ffe709e0000 - 0x00007ffe709ef000 	D:\java\jdk21\bin\instrument.dll
0x00007ffe59290000 - 0x00007ffe592af000 	D:\java\jdk21\bin\java.dll
0x00007ffe78240000 - 0x00007ffe789ad000 	C:\WINDOWS\System32\SHELL32.dll
0x00007ffe74fd0000 - 0x00007ffe75774000 	C:\WINDOWS\SYSTEM32\windows.storage.dll
0x00007ffe79680000 - 0x00007ffe799d5000 	C:\WINDOWS\System32\combase.dll
0x00007ffe76d60000 - 0x00007ffe76d8b000 	C:\WINDOWS\SYSTEM32\Wldp.dll
0x00007ffe77ec0000 - 0x00007ffe77f8d000 	C:\WINDOWS\System32\OLEAUT32.dll
0x00007ffe79a80000 - 0x00007ffe79b2d000 	C:\WINDOWS\System32\SHCORE.dll
0x00007ffe79590000 - 0x00007ffe795e5000 	C:\WINDOWS\System32\shlwapi.dll
0x00007ffe77260000 - 0x00007ffe77285000 	C:\WINDOWS\SYSTEM32\profapi.dll
0x00007ffe4f390000 - 0x00007ffe4f467000 	D:\java\jdk21\bin\jsvml.dll
0x00007ffe59250000 - 0x00007ffe59268000 	D:\java\jdk21\bin\zip.dll
0x00007ffe70a20000 - 0x00007ffe70a30000 	D:\java\jdk21\bin\net.dll
0x00007ffe74300000 - 0x00007ffe7440a000 	C:\WINDOWS\SYSTEM32\WINHTTP.dll
0x00007ffe76ac0000 - 0x00007ffe76b2c000 	C:\WINDOWS\system32\mswsock.dll
0x00007ffe59270000 - 0x00007ffe59286000 	D:\java\jdk21\bin\nio.dll
0x00007ffe6fe80000 - 0x00007ffe6fe89000 	D:\java\jdk21\bin\management_agent.dll
0x00007ffe5c5e0000 - 0x00007ffe5c5ea000 	D:\java\jdk21\bin\management.dll
0x00007ffe5a420000 - 0x00007ffe5a42b000 	D:\java\jdk21\bin\management_ext.dll
0x00007ffe77d10000 - 0x00007ffe77d18000 	C:\WINDOWS\System32\PSAPI.DLL
0x00007ffe42490000 - 0x00007ffe424a7000 	C:\WINDOWS\system32\napinsp.dll
0x00007ffe40ad0000 - 0x00007ffe40aeb000 	C:\WINDOWS\system32\pnrpnsp.dll
0x00007ffe4a120000 - 0x00007ffe4a135000 	C:\WINDOWS\system32\wshbth.dll
0x00007ffe742e0000 - 0x00007ffe742fd000 	C:\WINDOWS\system32\NLAapi.dll
0x00007ffe76750000 - 0x00007ffe7678b000 	C:\WINDOWS\SYSTEM32\IPHLPAPI.DLL
0x00007ffe767a0000 - 0x00007ffe7686a000 	C:\WINDOWS\SYSTEM32\DNSAPI.dll
0x00007ffe78230000 - 0x00007ffe78238000 	C:\WINDOWS\System32\NSI.dll
0x00007ffe1dba0000 - 0x00007ffe1dbb2000 	C:\WINDOWS\System32\winrnr.dll
0x00007ffe70370000 - 0x00007ffe7037a000 	C:\Windows\System32\rasadhlp.dll
0x00007ffe6fde0000 - 0x00007ffe6fe60000 	C:\WINDOWS\System32\fwpuclnt.dll
0x00007ffe76cb0000 - 0x00007ffe76cc8000 	C:\WINDOWS\SYSTEM32\CRYPTSP.dll
0x00007ffe76370000 - 0x00007ffe763a8000 	C:\WINDOWS\system32\rsaenh.dll
0x00007ffe771e0000 - 0x00007ffe7720e000 	C:\WINDOWS\SYSTEM32\USERENV.dll
0x00007ffe76cd0000 - 0x00007ffe76cdc000 	C:\WINDOWS\SYSTEM32\CRYPTBASE.dll
0x00007ffe6ff70000 - 0x00007ffe6ff79000 	D:\java\jdk21\bin\extnet.dll
0x00007ffe59240000 - 0x00007ffe5924e000 	D:\java\jdk21\bin\sunmscapi.dll
0x00007ffe77a90000 - 0x00007ffe77bec000 	C:\WINDOWS\System32\CRYPT32.dll
0x00007ffe76dd0000 - 0x00007ffe76df7000 	C:\WINDOWS\SYSTEM32\ncrypt.dll
0x00007ffe76d90000 - 0x00007ffe76dcb000 	C:\WINDOWS\SYSTEM32\NTASN1.dll
0x00007ffe59230000 - 0x00007ffe59240000 	D:\java\jdk21\bin\verify.dll
0x00007ffe73a60000 - 0x00007ffe73a67000 	C:\WINDOWS\system32\wshunix.dll

dbghelp: loaded successfully - version: 4.0.5 - missing functions: none
symbol engine: initialized successfully - sym options: 0x614 - pdb path: .;D:\java\jdk21\bin;C:\WINDOWS\SYSTEM32;C:\WINDOWS\WinSxS\amd64_microsoft.windows.common-controls_6595b64144ccf1df_6.0.19041.4355_none_60b8b9eb71f62e16;D:\java\jdk21\bin\server

VM Arguments:
jvm_args: -Djava.util.logging.config.file=C:\Users\dell\AppData\Local\JetBrains\IntelliJIdea2024.3\tomcat\637303c7-005e-4fa5-a411-b0f41081b1ea\conf\logging.properties -Djava.util.logging.manager=org.apache.juli.ClassLoaderLogManager -javaagent:D:\CODE WEB\page-movie-management\apache-tomee-webprofile-10.0.0\lib\openejb-javaagent.jar -Dcom.sun.management.jmxremote= -Dcom.sun.management.jmxremote.port=1099 -Dcom.sun.management.jmxremote.ssl=false -Dcom.sun.management.jmxremote.password.file=C:\Users\dell\AppData\Local\JetBrains\IntelliJIdea2024.3\tomcat\637303c7-005e-4fa5-a411-b0f41081b1ea\jmxremote.password -Dcom.sun.management.jmxremote.access.file=C:\Users\dell\AppData\Local\JetBrains\IntelliJIdea2024.3\tomcat\637303c7-005e-4fa5-a411-b0f41081b1ea\jmxremote.access -Djava.rmi.server.hostname=127.0.0.1 -Dtomee.serialization.class.whitelist= -Dtomee.serialization.class.blacklist=- -Dtomee.remote.support=true -Dopenejb.system.apps=true -Djdk.tls.ephemeralDHKeySize=2048 -Djava.protocol.handler.pkgs=org.apache.catalina.webresources --add-opens=java.base/java.lang=ALL-UNNAMED --add-opens=java.base/java.io=ALL-UNNAMED --add-opens=java.base/java.util=ALL-UNNAMED --add-opens=java.base/java.util.concurrent=ALL-UNNAMED --add-opens=java.rmi/sun.rmi.transport=ALL-UNNAMED -Dcatalina.base=C:\Users\dell\AppData\Local\JetBrains\IntelliJIdea2024.3\tomcat\637303c7-005e-4fa5-a411-b0f41081b1ea -Dcatalina.home=D:\CODE WEB\page-movie-management\apache-tomee-webprofile-10.0.0 -Djava.io.tmpdir=C:\Users\dell\AppData\Local\JetBrains\IntelliJIdea2024.3\tomcat\637303c7-005e-4fa5-a411-b0f41081b1ea\temp 
java_command: org.apache.catalina.startup.Bootstrap start
java_class_path (initial): D:\CODE WEB\page-movie-management\apache-tomee-webprofile-10.0.0\bin\bootstrap.jar;D:\CODE WEB\page-movie-management\apache-tomee-webprofile-10.0.0\bin\tomcat-juli.jar
Launcher Type: SUN_STANDARD

[Global flags]
     intx CICompilerCount                          = 4                                         {product} {ergonomic}
     uint ConcGCThreads                            = 2                                         {product} {ergonomic}
     uint G1ConcRefinementThreads                  = 8                                         {product} {ergonomic}
   size_t G1HeapRegionSize                         = 2097152                                   {product} {ergonomic}
    uintx GCDrainStackTargetSize                   = 64                                        {product} {ergonomic}
   size_t InitialHeapSize                          = 264241152                                 {product} {ergonomic}
     bool ManagementServer                         = true                                      {product} {command line}
   size_t MarkStackSize                            = 4194304                                   {product} {ergonomic}
   size_t MaxHeapSize                              = 4225761280                                {product} {ergonomic}
   size_t MaxNewSize                               = 2535456768                                {product} {ergonomic}
   size_t MinHeapDeltaBytes                        = 2097152                                   {product} {ergonomic}
   size_t MinHeapSize                              = 8388608                                   {product} {ergonomic}
    uintx NonNMethodCodeHeapSize                   = 5839372                                {pd product} {ergonomic}
    uintx NonProfiledCodeHeapSize                  = 122909434                              {pd product} {ergonomic}
    uintx ProfiledCodeHeapSize                     = 122909434                              {pd product} {ergonomic}
    uintx ReservedCodeCacheSize                    = 251658240                              {pd product} {ergonomic}
     bool SegmentedCodeCache                       = true                                      {product} {ergonomic}
   size_t SoftMaxHeapSize                          = 4225761280                             {manageable} {ergonomic}
     bool UseCompressedOops                        = true                           {product lp64_product} {ergonomic}
     bool UseG1GC                                  = true                                      {product} {ergonomic}
     bool UseLargePagesIndividualAllocation        = false                                  {pd product} {ergonomic}

Logging:
Log output configuration:
 #0: stdout all=warning uptime,level,tags foldmultilines=false
 #1: stderr all=off uptime,level,tags foldmultilines=false

Environment Variables:
JAVA_HOME=D:\java\jdk21
CLASSPATH=D:\CODE WEB\page-movie-management\apache-tomee-webprofile-10.0.0\bin\bootstrap.jar;D:\CODE WEB\page-movie-management\apache-tomee-webprofile-10.0.0\bin\tomcat-juli.jar
PATH=C:\Program Files\Microsoft MPI\Bin\;C:\Program Files\Common Files\Oracle\Java\javapath;C:\WINDOWS\system32;C:\WINDOWS;C:\WINDOWS\System32\Wbem;C:\WINDOWS\System32\WindowsPowerShell\v1.0\;C:\WINDOWS\System32\OpenSSH\;C:\Program Files\Microsoft SQL Server\Client SDK\ODBC\170\Tools\Binn\;D:\Install\bin;D:\Git\cmd;D:\XAMPP\php;C:\ProgramData\ComposerSetup\bin;C:\mingw64\bin;C:\TDM-GCC-32\bin;D:\notejs\;D:\XAMPP\mysql\bin;D:\Maven\bin;D:\Maven\apache-maven-3.9.9\bin;C:\Program Files (x86)\Microsoft SQL Server\160\Tools\Binn\;C:\Program Files\Microsoft SQL Server\160\Tools\Binn\;C:\Program Files\Microsoft SQL Server\160\DTS\Binn\;C:\Program Files (x86)\Microsoft SQL Server\160\DTS\Binn\;D:\python\Scripts\;D:\python\;D:\java\jdk21\bin;D:\Microsoft VS Code\bin;C:\Users\dell\AppData\Roaming\Composer\vendor\bin;C:\mingw64\bin;C:\Users\dell\AppData\Roaming\npm;D:\nodejs;D:\PyCharm\PyCharm Community Edition 2024.2.4\bin;;D:\Wireshark;D:\python3.10;D:\python39;D:\JetBrains\IntelliJ IDEA 2024.3.4.1\bin;;D:\Maven\bin;
USERNAME=dell
OS=Windows_NT
PROCESSOR_IDENTIFIER=Intel64 Family 6 Model 140 Stepping 1, GenuineIntel
TMP=C:\Users\dell\AppData\Local\Temp
TEMP=C:\Users\dell\AppData\Local\Temp




Periodic native trim disabled

---------------  S Y S T E M  ---------------

OS:
 Windows 10 , 64 bit Build 19041 (10.0.19041.5438)
OS uptime: 0 days 7:15 hours

CPU: total 8 (initial active 8) (4 cores per cpu, 2 threads per core) family 6 model 140 stepping 1 microcode 0xba, cx8, cmov, fxsr, ht, mmx, 3dnowpref, sse, sse2, sse3, ssse3, sse4.1, sse4.2, popcnt, lzcnt, tsc, tscinvbit, avx, avx2, aes, erms, clmul, bmi1, bmi2, adx, avx512f, avx512dq, avx512cd, avx512bw, avx512vl, sha, fma, vzeroupper, avx512_vpopcntdq, avx512_vpclmulqdq, avx512_vaes, avx512_vnni, clflush, clflushopt, clwb, avx512_vbmi2, avx512_vbmi, rdtscp, rdpid, fsrm, gfni, avx512_bitalg, f16c, pku, cet_ibt, cet_ss, avx512_ifma
Processor Information for all 8 processors :
  Max Mhz: 2419, Current Mhz: 2419, Mhz Limit: 2419

Memory: 4k page, system-wide physical 16118M (3853M free)
TotalPageFile size 18408M (AvailPageFile size 3M)
current process WorkingSet (physical memory assigned to process): 516M, peak: 553M
current process commit charge ("private bytes"): 574M, peak: 613M

vm_info: Java HotSpot(TM) 64-Bit Server VM (21.0.6+8-LTS-188) for windows-amd64 JRE (21.0.6+8-LTS-188), built on 2024-12-03T10:50:54Z by "mach5one" with MS VC++ 17.6 (VS2022)

END.
