#
# There is insufficient memory for the Java Runtime Environment to continue.
# Native memory allocation (malloc) failed to allocate 1209456 bytes for Chunk::new
# Possible reasons:
#   The system is out of physical RAM or swap space
#   The process is running with CompressedOops enabled, and the Java Heap may be blocking the growth of the native heap
# Possible solutions:
#   Reduce memory load on the system
#   Increase physical memory or swap space
#   Check if swap backing store is full
#   Decrease Java heap size (-Xmx/-Xms)
#   Decrease number of Java threads
#   Decrease Java thread stack sizes (-Xss)
#   Set larger code cache with -XX:ReservedCodeCacheSize=
#   JVM is running with Zero Based Compressed Oops mode in which the Java heap is
#     placed in the first 32GB address space. The Java Heap base address is the
#     maximum limit for the native heap growth. Please use -XX:HeapBaseMinAddress
#     to set the Java Heap base and to place the Java Heap above 32GB virtual address.
# This output file may be truncated or incomplete.
#
#  Out of Memory Error (arena.cpp:168), pid=21544, tid=18548
#
# JRE version: Java(TM) SE Runtime Environment (21.0.6+8) (build 21.0.6+8-LTS-188)
# Java VM: Java HotSpot(TM) 64-Bit Server VM (21.0.6+8-LTS-188, mixed mode, sharing, tiered, compressed oops, compressed class ptrs, g1 gc, windows-amd64)
# No core dump will be written. Minidumps are not enabled by default on client versions of Windows
#

---------------  S U M M A R Y ------------

Command Line: -Djava.util.logging.config.file=C:\Users\dell\AppData\Local\JetBrains\IntelliJIdea2024.3\tomcat\637303c7-005e-4fa5-a411-b0f41081b1ea\conf\logging.properties -Djava.util.logging.manager=org.apache.juli.ClassLoaderLogManager -javaagent:D:\CODE WEB\page-movie-management\apache-tomee-webprofile-10.0.0\lib\openejb-javaagent.jar -Dcom.sun.management.jmxremote= -Dcom.sun.management.jmxremote.port=1099 -Dcom.sun.management.jmxremote.ssl=false -Dcom.sun.management.jmxremote.password.file=C:\Users\dell\AppData\Local\JetBrains\IntelliJIdea2024.3\tomcat\637303c7-005e-4fa5-a411-b0f41081b1ea\jmxremote.password -Dcom.sun.management.jmxremote.access.file=C:\Users\dell\AppData\Local\JetBrains\IntelliJIdea2024.3\tomcat\637303c7-005e-4fa5-a411-b0f41081b1ea\jmxremote.access -Djava.rmi.server.hostname=127.0.0.1 -Dtomee.serialization.class.whitelist= -Dtomee.serialization.class.blacklist=- -Dtomee.remote.support=true -Dopenejb.system.apps=true -Djdk.tls.ephemeralDHKeySize=2048 -Djava.protocol.handler.pkgs=org.apache.catalina.webresources --add-opens=java.base/java.lang=ALL-UNNAMED --add-opens=java.base/java.io=ALL-UNNAMED --add-opens=java.base/java.util=ALL-UNNAMED --add-opens=java.base/java.util.concurrent=ALL-UNNAMED --add-opens=java.rmi/sun.rmi.transport=ALL-UNNAMED -Dcatalina.base=C:\Users\dell\AppData\Local\JetBrains\IntelliJIdea2024.3\tomcat\637303c7-005e-4fa5-a411-b0f41081b1ea -Dcatalina.home=D:\CODE WEB\page-movie-management\apache-tomee-webprofile-10.0.0 -Djava.io.tmpdir=C:\Users\dell\AppData\Local\JetBrains\IntelliJIdea2024.3\tomcat\637303c7-005e-4fa5-a411-b0f41081b1ea\temp org.apache.catalina.startup.Bootstrap start

Host: 11th Gen Intel(R) Core(TM) i5-1135G7 @ 2.40GHz, 8 cores, 15G,  Windows 10 , 64 bit Build 19041 (10.0.19041.5438)
Time: Fri Apr  4 01:03:35 2025 SE Asia Standard Time elapsed time: 18.064715 seconds (0d 0h 0m 18s)

---------------  T H R E A D  ---------------

Current thread (0x0000015cf1704530):  JavaThread "C2 CompilerThread2" daemon [_thread_in_native, id=18548, stack(0x0000000cfdd00000,0x0000000cfde00000) (1024K)]


Current CompileTask:
C2:  18064 8112       4       org.eclipse.jdt.internal.compiler.lookup.BinaryTypeBinding::createMethod (1719 bytes)

Stack: [0x0000000cfdd00000,0x0000000cfde00000]
Native frames: (J=compiled Java code, j=interpreted, Vv=VM code, C=native code)
V  [jvm.dll+0x6ca6d9]
V  [jvm.dll+0x854f51]
V  [jvm.dll+0x85747e]
V  [jvm.dll+0x857b53]
V  [jvm.dll+0x27dcc6]
V  [jvm.dll+0xc4c2d]
V  [jvm.dll+0xc5163]
V  [jvm.dll+0x3b5122]
V  [jvm.dll+0x1df4aa]
V  [jvm.dll+0x246a72]
V  [jvm.dll+0x245eff]
V  [jvm.dll+0x1c6d2e]
V  [jvm.dll+0x2554f9]
V  [jvm.dll+0x253a8a]
V  [jvm.dll+0x3ee576]
V  [jvm.dll+0x7ff2fb]
V  [jvm.dll+0x6c8dbd]
C  [ucrtbase.dll+0x21bb2]
C  [KERNEL32.DLL+0x17374]
C  [ntdll.dll+0x4cc91]


---------------  P R O C E S S  ---------------

Threads class SMR info:
_java_thread_list=0x0000015cf41d30c0, length=42, elements={
0x0000015c884f8cd0, 0x0000015ca9696b00, 0x0000015ca96996c0, 0x0000015ca969a3d0,
0x0000015ca969be30, 0x0000015ca969eb10, 0x0000015ca969f560, 0x0000015ca96a02e0,
0x0000015ca96d2e50, 0x0000015ca9883670, 0x0000015ca9b175f0, 0x0000015ca9b56ca0,
0x0000015cef0f6b10, 0x0000015cef271ab0, 0x0000015cef07e490, 0x0000015cf02a4020,
0x0000015cefd08060, 0x0000015cf02fbd50, 0x0000015cefd8b0c0, 0x0000015cefd8c470,
0x0000015cefd8d190, 0x0000015cefd8b750, 0x0000015cefd8bde0, 0x0000015cefd8d820,
0x0000015cefd8deb0, 0x0000015cefd8e540, 0x0000015cf14f4720, 0x0000015cf14f67f0,
0x0000015cf14f6160, 0x0000015cf14f6e80, 0x0000015cf14f7510, 0x0000015cf14f4db0,
0x0000015cf14f7ba0, 0x0000015cf14f5440, 0x0000015cf14f5ad0, 0x0000015cf0d98a50,
0x0000015cf0d983c0, 0x0000015cf0d927e0, 0x0000015cf0d990e0, 0x0000015cf0d955d0,
0x0000015cf17029f0, 0x0000015cf1704530
}

Java Threads: ( => current thread )
  0x0000015c884f8cd0 JavaThread "main"                              [_thread_in_native, id=19080, stack(0x0000000cfa500000,0x0000000cfa600000) (1024K)]
  0x0000015ca9696b00 JavaThread "Reference Handler"          daemon [_thread_blocked, id=20344, stack(0x0000000cfad00000,0x0000000cfae00000) (1024K)]
  0x0000015ca96996c0 JavaThread "Finalizer"                  daemon [_thread_blocked, id=1828, stack(0x0000000cfae00000,0x0000000cfaf00000) (1024K)]
  0x0000015ca969a3d0 JavaThread "Signal Dispatcher"          daemon [_thread_blocked, id=1716, stack(0x0000000cfaf00000,0x0000000cfb000000) (1024K)]
  0x0000015ca969be30 JavaThread "Attach Listener"            daemon [_thread_blocked, id=7916, stack(0x0000000cfb000000,0x0000000cfb100000) (1024K)]
  0x0000015ca969eb10 JavaThread "Service Thread"             daemon [_thread_blocked, id=21496, stack(0x0000000cfb100000,0x0000000cfb200000) (1024K)]
  0x0000015ca969f560 JavaThread "Monitor Deflation Thread"   daemon [_thread_blocked, id=8240, stack(0x0000000cfb200000,0x0000000cfb300000) (1024K)]
  0x0000015ca96a02e0 JavaThread "C2 CompilerThread0"         daemon [_thread_blocked, id=4540, stack(0x0000000cfb300000,0x0000000cfb400000) (1024K)]
  0x0000015ca96d2e50 JavaThread "C1 CompilerThread0"         daemon [_thread_blocked, id=4600, stack(0x0000000cfb400000,0x0000000cfb500000) (1024K)]
  0x0000015ca9883670 JavaThread "Common-Cleaner"             daemon [_thread_blocked, id=17592, stack(0x0000000cfb500000,0x0000000cfb600000) (1024K)]
  0x0000015ca9b175f0 JavaThread "FileHandlerLogFilesCleaner-1" daemon [_thread_blocked, id=5072, stack(0x0000000cfb700000,0x0000000cfb800000) (1024K)]
  0x0000015ca9b56ca0 JavaThread "Notification Thread"        daemon [_thread_blocked, id=3928, stack(0x0000000cfb800000,0x0000000cfb900000) (1024K)]
  0x0000015cef0f6b10 JavaThread "RMI TCP Accept-0"           daemon [_thread_in_native, id=21736, stack(0x0000000cfba00000,0x0000000cfbb00000) (1024K)]
  0x0000015cef271ab0 JavaThread "RMI TCP Accept-1099"        daemon [_thread_in_native, id=20036, stack(0x0000000cfbb00000,0x0000000cfbc00000) (1024K)]
  0x0000015cef07e490 JavaThread "RMI TCP Accept-0"           daemon [_thread_in_native, id=17372, stack(0x0000000cfbc00000,0x0000000cfbd00000) (1024K)]
  0x0000015cf02a4020 JavaThread "RMI TCP Connection(1)-127.0.0.1" daemon [_thread_in_native, id=17860, stack(0x0000000cfc400000,0x0000000cfc500000) (1024K)]
  0x0000015cefd08060 JavaThread "RMI Scheduler(0)"           daemon [_thread_blocked, id=6956, stack(0x0000000cfc500000,0x0000000cfc600000) (1024K)]
  0x0000015cf02fbd50 JavaThread "RMI TCP Connection(2)-127.0.0.1" daemon [_thread_in_native, id=10224, stack(0x0000000cfc600000,0x0000000cfc700000) (1024K)]
  0x0000015cefd8b0c0 JavaThread "AsyncFileHandlerWriter-1"   daemon [_thread_blocked, id=10168, stack(0x0000000cfc700000,0x0000000cfc800000) (1024K)]
  0x0000015cefd8c470 JavaThread "mysql-cj-abandoned-connection-cleanup" daemon [_thread_blocked, id=2748, stack(0x0000000cfc800000,0x0000000cfc900000) (1024K)]
  0x0000015cefd8d190 JavaThread "RetryTimer"                 daemon [_thread_blocked, id=6916, stack(0x0000000cfc900000,0x0000000cfca00000) (1024K)]
  0x0000015cefd8b750 JavaThread "Tomcat JDBC Pool Cleaner[1935972447:1743703399700]" daemon [_thread_blocked, id=20848, stack(0x0000000cfca00000,0x0000000cfcb00000) (1024K)]
  0x0000015cefd8bde0 JavaThread "DelayedCachedOutputStreamCleaner" daemon [_thread_blocked, id=22296, stack(0x0000000cfcc00000,0x0000000cfcd00000) (1024K)]
  0x0000015cefd8d820 JavaThread "Catalina-utility-1"                [_thread_blocked, id=19104, stack(0x0000000cfcd00000,0x0000000cfce00000) (1024K)]
  0x0000015cefd8deb0 JavaThread "Catalina-utility-2"                [_thread_blocked, id=8096, stack(0x0000000cfce00000,0x0000000cfcf00000) (1024K)]
  0x0000015cefd8e540 JavaThread "http-nio-8080-exec-1"       daemon [_thread_blocked, id=8220, stack(0x0000000cfcf00000,0x0000000cfd000000) (1024K)]
  0x0000015cf14f4720 JavaThread "http-nio-8080-exec-2"       daemon [_thread_blocked, id=14128, stack(0x0000000cfd000000,0x0000000cfd100000) (1024K)]
  0x0000015cf14f67f0 JavaThread "http-nio-8080-exec-3"       daemon [_thread_blocked, id=13372, stack(0x0000000cfd100000,0x0000000cfd200000) (1024K)]
  0x0000015cf14f6160 JavaThread "http-nio-8080-exec-4"       daemon [_thread_blocked, id=17508, stack(0x0000000cfd200000,0x0000000cfd300000) (1024K)]
  0x0000015cf14f6e80 JavaThread "http-nio-8080-exec-5"       daemon [_thread_blocked, id=3000, stack(0x0000000cfd300000,0x0000000cfd400000) (1024K)]
  0x0000015cf14f7510 JavaThread "http-nio-8080-exec-6"       daemon [_thread_blocked, id=19656, stack(0x0000000cfd400000,0x0000000cfd500000) (1024K)]
  0x0000015cf14f4db0 JavaThread "http-nio-8080-exec-7"       daemon [_thread_blocked, id=20824, stack(0x0000000cfd500000,0x0000000cfd600000) (1024K)]
  0x0000015cf14f7ba0 JavaThread "http-nio-8080-exec-8"       daemon [_thread_blocked, id=6364, stack(0x0000000cfd600000,0x0000000cfd700000) (1024K)]
  0x0000015cf14f5440 JavaThread "http-nio-8080-exec-9"       daemon [_thread_blocked, id=11700, stack(0x0000000cfd700000,0x0000000cfd800000) (1024K)]
  0x0000015cf14f5ad0 JavaThread "http-nio-8080-exec-10"      daemon [_thread_blocked, id=10696, stack(0x0000000cfd800000,0x0000000cfd900000) (1024K)]
  0x0000015cf0d98a50 JavaThread "http-nio-8080-Poller"       daemon [_thread_in_native, id=21660, stack(0x0000000cfd900000,0x0000000cfda00000) (1024K)]
  0x0000015cf0d983c0 JavaThread "http-nio-8080-Acceptor"     daemon [_thread_in_native, id=15760, stack(0x0000000cfda00000,0x0000000cfdb00000) (1024K)]
  0x0000015cf0d927e0 JavaThread "Thread-24"                  daemon [_thread_blocked, id=6904, stack(0x0000000cfb600000,0x0000000cfb700000) (1024K)]
  0x0000015cf0d990e0 JavaThread "mysql-cj-abandoned-connection-cleanup" daemon [_thread_blocked, id=14892, stack(0x0000000cfdb00000,0x0000000cfdc00000) (1024K)]
  0x0000015cf0d955d0 JavaThread "Default Stateless Container - 1" daemon [_thread_blocked, id=2952, stack(0x0000000cfdc00000,0x0000000cfdd00000) (1024K)]
  0x0000015cf17029f0 JavaThread "C2 CompilerThread1"         daemon [_thread_blocked, id=8980, stack(0x0000000cfb900000,0x0000000cfba00000) (1024K)]
=>0x0000015cf1704530 JavaThread "C2 CompilerThread2"         daemon [_thread_in_native, id=18548, stack(0x0000000cfdd00000,0x0000000cfde00000) (1024K)]
Total: 42

Other Threads:
  0x0000015ca9679590 VMThread "VM Thread"                           [id=18440, stack(0x0000000cfac00000,0x0000000cfad00000) (1024K)]
  0x0000015ca9666dd0 WatcherThread "VM Periodic Task Thread"        [id=14880, stack(0x0000000cfab00000,0x0000000cfac00000) (1024K)]
  0x0000015c8869aa70 WorkerThread "GC Thread#0"                     [id=2492, stack(0x0000000cfa600000,0x0000000cfa700000) (1024K)]
  0x0000015cef6acbc0 WorkerThread "GC Thread#1"                     [id=7284, stack(0x0000000cfbd00000,0x0000000cfbe00000) (1024K)]
  0x0000015cef6acf60 WorkerThread "GC Thread#2"                     [id=15456, stack(0x0000000cfbe00000,0x0000000cfbf00000) (1024K)]
  0x0000015ca9ba2700 WorkerThread "GC Thread#3"                     [id=19348, stack(0x0000000cfbf00000,0x0000000cfc000000) (1024K)]
  0x0000015ca9ba2aa0 WorkerThread "GC Thread#4"                     [id=6368, stack(0x0000000cfc000000,0x0000000cfc100000) (1024K)]
  0x0000015ca9ba2e40 WorkerThread "GC Thread#5"                     [id=6668, stack(0x0000000cfc100000,0x0000000cfc200000) (1024K)]
  0x0000015cef3c17b0 WorkerThread "GC Thread#6"                     [id=8988, stack(0x0000000cfc200000,0x0000000cfc300000) (1024K)]
  0x0000015cef520850 WorkerThread "GC Thread#7"                     [id=2496, stack(0x0000000cfc300000,0x0000000cfc400000) (1024K)]
  0x0000015c886ab6e0 ConcurrentGCThread "G1 Main Marker"            [id=9088, stack(0x0000000cfa700000,0x0000000cfa800000) (1024K)]
  0x0000015c886ad8a0 WorkerThread "G1 Conc#0"                       [id=19840, stack(0x0000000cfa800000,0x0000000cfa900000) (1024K)]
  0x0000015cefc33750 WorkerThread "G1 Conc#1"                       [id=21756, stack(0x0000000cfcb00000,0x0000000cfcc00000) (1024K)]
  0x0000015c886fe420 ConcurrentGCThread "G1 Refine#0"               [id=1520, stack(0x0000000cfa900000,0x0000000cfaa00000) (1024K)]
  0x0000015ca953c140 ConcurrentGCThread "G1 Service"                [id=7564, stack(0x0000000cfaa00000,0x0000000cfab00000) (1024K)]
Total: 15

Threads with active compile tasks:
C2 CompilerThread2    18078 8112       4       org.eclipse.jdt.internal.compiler.lookup.BinaryTypeBinding::createMethod (1719 bytes)
Total: 1

VM state: not at safepoint (normal execution)

VM Mutex/Monitor currently owned by a thread: None

Heap address: 0x0000000704200000, size: 4030 MB, Compressed Oops mode: Zero based, Oop shift amount: 3

CDS archive(s) mapped at: [0x0000015caa000000-0x0000015caac90000-0x0000015caac90000), size 13172736, SharedBaseAddress: 0x0000015caa000000, ArchiveRelocationMode: 1.
Compressed class space mapped at: 0x0000015cab000000-0x0000015ceb000000, reserved size: 1073741824
Narrow klass base: 0x0000015caa000000, Narrow klass shift: 0, Narrow klass range: 0x100000000

GC Precious Log:
 CardTable entry size: 512
 Card Set container configuration: InlinePtr #cards 4 size 8 Array Of Cards #cards 16 size 48 Howl #buckets 8 coarsen threshold 3686 Howl Bitmap #cards 512 size 80 coarsen threshold 460 Card regions per heap region 1 cards per card region 4096
 CPUs: 8 total, 8 available
 Memory: 16118M
 Large Page Support: Disabled
 NUMA Support: Disabled
 Compressed Oops: Enabled (Zero based)
 Heap Region Size: 2M
 Heap Min Capacity: 8M
 Heap Initial Capacity: 252M
 Heap Max Capacity: 4030M
 Pre-touch: Disabled
 Parallel Workers: 8
 Concurrent Workers: 2
 Concurrent Refinement Workers: 8
 Periodic GC: Disabled

Heap:
 garbage-first heap   total 335872K, used 197706K [0x0000000704200000, 0x0000000800000000)
  region size 2048K, 51 young (104448K), 6 survivors (12288K)
 Metaspace       used 72154K, committed 72960K, reserved 1114112K
  class space    used 7697K, committed 8000K, reserved 1048576K

Heap Regions: E=young(eden), S=young(survivor), O=old, HS=humongous(starts), HC=humongous(continues), CS=collection set, F=free, TAMS=top-at-mark-start, PB=parsable bottom
|   0|0x0000000704200000, 0x00000007043fff88, 0x0000000704400000| 99%| O|  |TAMS 0x0000000704200000| PB 0x0000000704200000| Untracked 
|   1|0x0000000704400000, 0x0000000704600000, 0x0000000704600000|100%| O|  |TAMS 0x0000000704400000| PB 0x0000000704400000| Untracked 
|   2|0x0000000704600000, 0x00000007047b9860, 0x0000000704800000| 86%| O|  |TAMS 0x0000000704600000| PB 0x0000000704600000| Untracked 
|   3|0x0000000704800000, 0x0000000704a00000, 0x0000000704a00000|100%| O|  |TAMS 0x0000000704800000| PB 0x0000000704800000| Untracked 
|   4|0x0000000704a00000, 0x0000000704c00000, 0x0000000704c00000|100%| O|  |TAMS 0x0000000704a00000| PB 0x0000000704a00000| Untracked 
|   5|0x0000000704c00000, 0x0000000704dffff8, 0x0000000704e00000| 99%| O|  |TAMS 0x0000000704c00000| PB 0x0000000704c00000| Untracked 
|   6|0x0000000704e00000, 0x0000000704e1d8d0, 0x0000000705000000|  5%| O|  |TAMS 0x0000000704e00000| PB 0x0000000704e00000| Untracked 
|   7|0x0000000705000000, 0x0000000705200000, 0x0000000705200000|100%| O|  |TAMS 0x0000000705000000| PB 0x0000000705000000| Untracked 
|   8|0x0000000705200000, 0x0000000705200000, 0x0000000705400000|  0%| F|  |TAMS 0x0000000705200000| PB 0x0000000705200000| Untracked 
|   9|0x0000000705400000, 0x0000000705600000, 0x0000000705600000|100%| O|  |TAMS 0x0000000705400000| PB 0x0000000705400000| Untracked 
|  10|0x0000000705600000, 0x0000000705800000, 0x0000000705800000|100%| O|  |TAMS 0x0000000705600000| PB 0x0000000705600000| Untracked 
|  11|0x0000000705800000, 0x0000000705a00000, 0x0000000705a00000|100%| O|  |TAMS 0x0000000705800000| PB 0x0000000705800000| Untracked 
|  12|0x0000000705a00000, 0x0000000705a00000, 0x0000000705c00000|  0%| F|  |TAMS 0x0000000705a00000| PB 0x0000000705a00000| Untracked 
|  13|0x0000000705c00000, 0x0000000705c00000, 0x0000000705e00000|  0%| F|  |TAMS 0x0000000705c00000| PB 0x0000000705c00000| Untracked 
|  14|0x0000000705e00000, 0x0000000706000000, 0x0000000706000000|100%| O|Cm|TAMS 0x0000000705e00000| PB 0x0000000705e00000| Complete 
|  15|0x0000000706000000, 0x0000000706200000, 0x0000000706200000|100%| O|Cm|TAMS 0x0000000706000000| PB 0x0000000706000000| Complete 
|  16|0x0000000706200000, 0x0000000706400000, 0x0000000706400000|100%| O|  |TAMS 0x0000000706200000| PB 0x0000000706200000| Untracked 
|  17|0x0000000706400000, 0x0000000706600000, 0x0000000706600000|100%| O|  |TAMS 0x0000000706400000| PB 0x0000000706400000| Untracked 
|  18|0x0000000706600000, 0x0000000706800000, 0x0000000706800000|100%| O|  |TAMS 0x0000000706600000| PB 0x0000000706600000| Untracked 
|  19|0x0000000706800000, 0x0000000706a00000, 0x0000000706a00000|100%| O|  |TAMS 0x0000000706800000| PB 0x0000000706800000| Untracked 
|  20|0x0000000706a00000, 0x0000000706c00000, 0x0000000706c00000|100%| O|  |TAMS 0x0000000706a00000| PB 0x0000000706a00000| Untracked 
|  21|0x0000000706c00000, 0x0000000706e00000, 0x0000000706e00000|100%| O|  |TAMS 0x0000000706c00000| PB 0x0000000706c00000| Untracked 
|  22|0x0000000706e00000, 0x0000000707000000, 0x0000000707000000|100%| O|  |TAMS 0x0000000706e00000| PB 0x0000000706e00000| Untracked 
|  23|0x0000000707000000, 0x0000000707200000, 0x0000000707200000|100%| O|  |TAMS 0x0000000707000000| PB 0x0000000707000000| Untracked 
|  24|0x0000000707200000, 0x0000000707400000, 0x0000000707400000|100%| O|  |TAMS 0x0000000707200000| PB 0x0000000707200000| Untracked 
|  25|0x0000000707400000, 0x0000000707600000, 0x0000000707600000|100%| O|  |TAMS 0x0000000707400000| PB 0x0000000707400000| Untracked 
|  26|0x0000000707600000, 0x0000000707800000, 0x0000000707800000|100%| O|  |TAMS 0x0000000707600000| PB 0x0000000707600000| Untracked 
|  27|0x0000000707800000, 0x0000000707a00000, 0x0000000707a00000|100%| O|  |TAMS 0x0000000707800000| PB 0x0000000707800000| Untracked 
|  28|0x0000000707a00000, 0x0000000707c00000, 0x0000000707c00000|100%| O|  |TAMS 0x0000000707a00000| PB 0x0000000707a00000| Untracked 
|  29|0x0000000707c00000, 0x0000000707e00000, 0x0000000707e00000|100%| O|  |TAMS 0x0000000707c00000| PB 0x0000000707c00000| Untracked 
|  30|0x0000000707e00000, 0x0000000708000000, 0x0000000708000000|100%| O|  |TAMS 0x0000000707e00000| PB 0x0000000707e00000| Untracked 
|  31|0x0000000708000000, 0x0000000708200000, 0x0000000708200000|100%| O|  |TAMS 0x0000000708000000| PB 0x0000000708000000| Untracked 
|  32|0x0000000708200000, 0x0000000708400000, 0x0000000708400000|100%| O|  |TAMS 0x0000000708200000| PB 0x0000000708200000| Untracked 
|  33|0x0000000708400000, 0x0000000708600000, 0x0000000708600000|100%| O|  |TAMS 0x0000000708400000| PB 0x0000000708400000| Untracked 
|  34|0x0000000708600000, 0x0000000708800000, 0x0000000708800000|100%| O|  |TAMS 0x0000000708600000| PB 0x0000000708600000| Untracked 
|  35|0x0000000708800000, 0x0000000708a00000, 0x0000000708a00000|100%| O|  |TAMS 0x0000000708800000| PB 0x0000000708800000| Untracked 
|  36|0x0000000708a00000, 0x0000000708c00000, 0x0000000708c00000|100%| O|  |TAMS 0x0000000708a00000| PB 0x0000000708a00000| Untracked 
|  37|0x0000000708c00000, 0x0000000708e00000, 0x0000000708e00000|100%| O|  |TAMS 0x0000000708c00000| PB 0x0000000708c00000| Untracked 
|  38|0x0000000708e00000, 0x0000000709000000, 0x0000000709000000|100%| O|  |TAMS 0x0000000708e00000| PB 0x0000000708e00000| Untracked 
|  39|0x0000000709000000, 0x0000000709200000, 0x0000000709200000|100%| O|  |TAMS 0x0000000709000000| PB 0x0000000709000000| Untracked 
|  40|0x0000000709200000, 0x0000000709400000, 0x0000000709400000|100%| O|  |TAMS 0x0000000709200000| PB 0x0000000709200000| Untracked 
|  41|0x0000000709400000, 0x0000000709600000, 0x0000000709600000|100%| O|  |TAMS 0x0000000709400000| PB 0x0000000709400000| Untracked 
|  42|0x0000000709600000, 0x0000000709800000, 0x0000000709800000|100%| O|  |TAMS 0x0000000709600000| PB 0x0000000709600000| Untracked 
|  43|0x0000000709800000, 0x0000000709a00000, 0x0000000709a00000|100%| O|  |TAMS 0x0000000709800000| PB 0x0000000709800000| Untracked 
|  44|0x0000000709a00000, 0x0000000709c00000, 0x0000000709c00000|100%| O|  |TAMS 0x0000000709a00000| PB 0x0000000709a00000| Untracked 
|  45|0x0000000709c00000, 0x0000000709e00000, 0x0000000709e00000|100%| O|  |TAMS 0x0000000709c00000| PB 0x0000000709c00000| Untracked 
|  46|0x0000000709e00000, 0x000000070a000000, 0x000000070a000000|100%| O|  |TAMS 0x0000000709e00000| PB 0x0000000709e00000| Untracked 
|  47|0x000000070a000000, 0x000000070a200000, 0x000000070a200000|100%| O|  |TAMS 0x000000070a000000| PB 0x000000070a000000| Untracked 
|  48|0x000000070a200000, 0x000000070a400000, 0x000000070a400000|100%| O|  |TAMS 0x000000070a200000| PB 0x000000070a200000| Untracked 
|  49|0x000000070a400000, 0x000000070a600000, 0x000000070a600000|100%| O|  |TAMS 0x000000070a400000| PB 0x000000070a400000| Untracked 
|  50|0x000000070a600000, 0x000000070a800000, 0x000000070a800000|100%| O|  |TAMS 0x000000070a600000| PB 0x000000070a600000| Untracked 
|  51|0x000000070a800000, 0x000000070a9ad240, 0x000000070aa00000| 83%| O|  |TAMS 0x000000070a800000| PB 0x000000070a800000| Untracked 
|  52|0x000000070aa00000, 0x000000070aa00000, 0x000000070ac00000|  0%| F|  |TAMS 0x000000070aa00000| PB 0x000000070aa00000| Untracked 
|  53|0x000000070ac00000, 0x000000070ac00000, 0x000000070ae00000|  0%| F|  |TAMS 0x000000070ac00000| PB 0x000000070ac00000| Untracked 
|  54|0x000000070ae00000, 0x000000070ae00000, 0x000000070b000000|  0%| F|  |TAMS 0x000000070ae00000| PB 0x000000070ae00000| Untracked 
|  55|0x000000070b000000, 0x000000070b000000, 0x000000070b200000|  0%| F|  |TAMS 0x000000070b000000| PB 0x000000070b000000| Untracked 
|  56|0x000000070b200000, 0x000000070b200000, 0x000000070b400000|  0%| F|  |TAMS 0x000000070b200000| PB 0x000000070b200000| Untracked 
|  57|0x000000070b400000, 0x000000070b400000, 0x000000070b600000|  0%| F|  |TAMS 0x000000070b400000| PB 0x000000070b400000| Untracked 
|  58|0x000000070b600000, 0x000000070b600000, 0x000000070b800000|  0%| F|  |TAMS 0x000000070b600000| PB 0x000000070b600000| Untracked 
|  59|0x000000070b800000, 0x000000070b800000, 0x000000070ba00000|  0%| F|  |TAMS 0x000000070b800000| PB 0x000000070b800000| Untracked 
|  60|0x000000070ba00000, 0x000000070ba00000, 0x000000070bc00000|  0%| F|  |TAMS 0x000000070ba00000| PB 0x000000070ba00000| Untracked 
|  61|0x000000070bc00000, 0x000000070bc00000, 0x000000070be00000|  0%| F|  |TAMS 0x000000070bc00000| PB 0x000000070bc00000| Untracked 
|  62|0x000000070be00000, 0x000000070be00000, 0x000000070c000000|  0%| F|  |TAMS 0x000000070be00000| PB 0x000000070be00000| Untracked 
|  63|0x000000070c000000, 0x000000070c000000, 0x000000070c200000|  0%| F|  |TAMS 0x000000070c000000| PB 0x000000070c000000| Untracked 
|  64|0x000000070c200000, 0x000000070c200000, 0x000000070c400000|  0%| F|  |TAMS 0x000000070c200000| PB 0x000000070c200000| Untracked 
|  65|0x000000070c400000, 0x000000070c400000, 0x000000070c600000|  0%| F|  |TAMS 0x000000070c400000| PB 0x000000070c400000| Untracked 
|  66|0x000000070c600000, 0x000000070c600000, 0x000000070c800000|  0%| F|  |TAMS 0x000000070c600000| PB 0x000000070c600000| Untracked 
|  67|0x000000070c800000, 0x000000070c800000, 0x000000070ca00000|  0%| F|  |TAMS 0x000000070c800000| PB 0x000000070c800000| Untracked 
|  68|0x000000070ca00000, 0x000000070ca00000, 0x000000070cc00000|  0%| F|  |TAMS 0x000000070ca00000| PB 0x000000070ca00000| Untracked 
|  69|0x000000070cc00000, 0x000000070cc00000, 0x000000070ce00000|  0%| F|  |TAMS 0x000000070cc00000| PB 0x000000070cc00000| Untracked 
|  70|0x000000070ce00000, 0x000000070ce00000, 0x000000070d000000|  0%| F|  |TAMS 0x000000070ce00000| PB 0x000000070ce00000| Untracked 
|  71|0x000000070d000000, 0x000000070d000000, 0x000000070d200000|  0%| F|  |TAMS 0x000000070d000000| PB 0x000000070d000000| Untracked 
|  72|0x000000070d200000, 0x000000070d200000, 0x000000070d400000|  0%| F|  |TAMS 0x000000070d200000| PB 0x000000070d200000| Untracked 
|  73|0x000000070d400000, 0x000000070d400000, 0x000000070d600000|  0%| F|  |TAMS 0x000000070d400000| PB 0x000000070d400000| Untracked 
|  74|0x000000070d600000, 0x000000070d600000, 0x000000070d800000|  0%| F|  |TAMS 0x000000070d600000| PB 0x000000070d600000| Untracked 
|  75|0x000000070d800000, 0x000000070d800000, 0x000000070da00000|  0%| F|  |TAMS 0x000000070d800000| PB 0x000000070d800000| Untracked 
|  76|0x000000070da00000, 0x000000070da00000, 0x000000070dc00000|  0%| F|  |TAMS 0x000000070da00000| PB 0x000000070da00000| Untracked 
|  77|0x000000070dc00000, 0x000000070dc00000, 0x000000070de00000|  0%| F|  |TAMS 0x000000070dc00000| PB 0x000000070dc00000| Untracked 
|  78|0x000000070de00000, 0x000000070de00000, 0x000000070e000000|  0%| F|  |TAMS 0x000000070de00000| PB 0x000000070de00000| Untracked 
|  79|0x000000070e000000, 0x000000070e000000, 0x000000070e200000|  0%| F|  |TAMS 0x000000070e000000| PB 0x000000070e000000| Untracked 
|  80|0x000000070e200000, 0x000000070e200000, 0x000000070e400000|  0%| F|  |TAMS 0x000000070e200000| PB 0x000000070e200000| Untracked 
|  81|0x000000070e400000, 0x000000070e400000, 0x000000070e600000|  0%| F|  |TAMS 0x000000070e400000| PB 0x000000070e400000| Untracked 
|  82|0x000000070e600000, 0x000000070e600000, 0x000000070e800000|  0%| F|  |TAMS 0x000000070e600000| PB 0x000000070e600000| Untracked 
|  83|0x000000070e800000, 0x000000070e800000, 0x000000070ea00000|  0%| F|  |TAMS 0x000000070e800000| PB 0x000000070e800000| Untracked 
|  84|0x000000070ea00000, 0x000000070ea00000, 0x000000070ec00000|  0%| F|  |TAMS 0x000000070ea00000| PB 0x000000070ea00000| Untracked 
|  85|0x000000070ec00000, 0x000000070ec00000, 0x000000070ee00000|  0%| F|  |TAMS 0x000000070ec00000| PB 0x000000070ec00000| Untracked 
|  86|0x000000070ee00000, 0x000000070ee00000, 0x000000070f000000|  0%| F|  |TAMS 0x000000070ee00000| PB 0x000000070ee00000| Untracked 
|  87|0x000000070f000000, 0x000000070f000000, 0x000000070f200000|  0%| F|  |TAMS 0x000000070f000000| PB 0x000000070f000000| Untracked 
|  88|0x000000070f200000, 0x000000070f200000, 0x000000070f400000|  0%| F|  |TAMS 0x000000070f200000| PB 0x000000070f200000| Untracked 
|  89|0x000000070f400000, 0x000000070f400000, 0x000000070f600000|  0%| F|  |TAMS 0x000000070f400000| PB 0x000000070f400000| Untracked 
|  90|0x000000070f600000, 0x000000070f600000, 0x000000070f800000|  0%| F|  |TAMS 0x000000070f600000| PB 0x000000070f600000| Untracked 
|  91|0x000000070f800000, 0x000000070f800000, 0x000000070fa00000|  0%| F|  |TAMS 0x000000070f800000| PB 0x000000070f800000| Untracked 
|  92|0x000000070fa00000, 0x000000070fa00000, 0x000000070fc00000|  0%| F|  |TAMS 0x000000070fa00000| PB 0x000000070fa00000| Untracked 
|  93|0x000000070fc00000, 0x000000070fc00000, 0x000000070fe00000|  0%| F|  |TAMS 0x000000070fc00000| PB 0x000000070fc00000| Untracked 
|  94|0x000000070fe00000, 0x000000070fe00000, 0x0000000710000000|  0%| F|  |TAMS 0x000000070fe00000| PB 0x000000070fe00000| Untracked 
|  95|0x0000000710000000, 0x0000000710000000, 0x0000000710200000|  0%| F|  |TAMS 0x0000000710000000| PB 0x0000000710000000| Untracked 
|  96|0x0000000710200000, 0x0000000710200000, 0x0000000710400000|  0%| F|  |TAMS 0x0000000710200000| PB 0x0000000710200000| Untracked 
|  97|0x0000000710400000, 0x0000000710400000, 0x0000000710600000|  0%| F|  |TAMS 0x0000000710400000| PB 0x0000000710400000| Untracked 
|  98|0x0000000710600000, 0x0000000710600000, 0x0000000710800000|  0%| F|  |TAMS 0x0000000710600000| PB 0x0000000710600000| Untracked 
|  99|0x0000000710800000, 0x0000000710800000, 0x0000000710a00000|  0%| F|  |TAMS 0x0000000710800000| PB 0x0000000710800000| Untracked 
| 100|0x0000000710a00000, 0x0000000710a00000, 0x0000000710c00000|  0%| F|  |TAMS 0x0000000710a00000| PB 0x0000000710a00000| Untracked 
| 101|0x0000000710c00000, 0x0000000710c00000, 0x0000000710e00000|  0%| F|  |TAMS 0x0000000710c00000| PB 0x0000000710c00000| Untracked 
| 102|0x0000000710e00000, 0x0000000710e00000, 0x0000000711000000|  0%| F|  |TAMS 0x0000000710e00000| PB 0x0000000710e00000| Untracked 
| 103|0x0000000711000000, 0x0000000711000000, 0x0000000711200000|  0%| F|  |TAMS 0x0000000711000000| PB 0x0000000711000000| Untracked 
| 104|0x0000000711200000, 0x0000000711200000, 0x0000000711400000|  0%| F|  |TAMS 0x0000000711200000| PB 0x0000000711200000| Untracked 
| 105|0x0000000711400000, 0x0000000711400000, 0x0000000711600000|  0%| F|  |TAMS 0x0000000711400000| PB 0x0000000711400000| Untracked 
| 106|0x0000000711600000, 0x0000000711600000, 0x0000000711800000|  0%| F|  |TAMS 0x0000000711600000| PB 0x0000000711600000| Untracked 
| 107|0x0000000711800000, 0x0000000711800000, 0x0000000711a00000|  0%| F|  |TAMS 0x0000000711800000| PB 0x0000000711800000| Untracked 
| 108|0x0000000711a00000, 0x0000000711a00000, 0x0000000711c00000|  0%| F|  |TAMS 0x0000000711a00000| PB 0x0000000711a00000| Untracked 
| 109|0x0000000711c00000, 0x0000000711c00000, 0x0000000711e00000|  0%| F|  |TAMS 0x0000000711c00000| PB 0x0000000711c00000| Untracked 
| 110|0x0000000711e00000, 0x0000000711e00000, 0x0000000712000000|  0%| F|  |TAMS 0x0000000711e00000| PB 0x0000000711e00000| Untracked 
| 111|0x0000000712000000, 0x0000000712000000, 0x0000000712200000|  0%| F|  |TAMS 0x0000000712000000| PB 0x0000000712000000| Untracked 
| 112|0x0000000712200000, 0x0000000712200000, 0x0000000712400000|  0%| F|  |TAMS 0x0000000712200000| PB 0x0000000712200000| Untracked 
| 113|0x0000000712400000, 0x0000000712575600, 0x0000000712600000| 72%| E|  |TAMS 0x0000000712400000| PB 0x0000000712400000| Complete 
| 114|0x0000000712600000, 0x0000000712800000, 0x0000000712800000|100%| E|CS|TAMS 0x0000000712600000| PB 0x0000000712600000| Complete 
| 115|0x0000000712800000, 0x0000000712a00000, 0x0000000712a00000|100%| E|CS|TAMS 0x0000000712800000| PB 0x0000000712800000| Complete 
| 116|0x0000000712a00000, 0x0000000712c00000, 0x0000000712c00000|100%| E|CS|TAMS 0x0000000712a00000| PB 0x0000000712a00000| Complete 
| 117|0x0000000712c00000, 0x0000000712e00000, 0x0000000712e00000|100%| E|CS|TAMS 0x0000000712c00000| PB 0x0000000712c00000| Complete 
| 118|0x0000000712e00000, 0x0000000713000000, 0x0000000713000000|100%| E|  |TAMS 0x0000000712e00000| PB 0x0000000712e00000| Complete 
| 119|0x0000000713000000, 0x0000000713200000, 0x0000000713200000|100%| E|CS|TAMS 0x0000000713000000| PB 0x0000000713000000| Complete 
| 120|0x0000000713200000, 0x0000000713400000, 0x0000000713400000|100%| E|CS|TAMS 0x0000000713200000| PB 0x0000000713200000| Complete 
| 121|0x0000000713400000, 0x0000000713600000, 0x0000000713600000|100%| E|CS|TAMS 0x0000000713400000| PB 0x0000000713400000| Complete 
| 122|0x0000000713600000, 0x0000000713800000, 0x0000000713800000|100%| E|CS|TAMS 0x0000000713600000| PB 0x0000000713600000| Complete 
| 123|0x0000000713800000, 0x0000000713a00000, 0x0000000713a00000|100%| E|CS|TAMS 0x0000000713800000| PB 0x0000000713800000| Complete 
| 124|0x0000000713a00000, 0x0000000713c00000, 0x0000000713c00000|100%| E|CS|TAMS 0x0000000713a00000| PB 0x0000000713a00000| Complete 
| 125|0x0000000713c00000, 0x0000000713e00000, 0x0000000713e00000|100%| E|CS|TAMS 0x0000000713c00000| PB 0x0000000713c00000| Complete 
| 126|0x0000000713e00000, 0x0000000714000000, 0x0000000714000000|100%| E|CS|TAMS 0x0000000713e00000| PB 0x0000000713e00000| Complete 
| 127|0x0000000714000000, 0x0000000714200000, 0x0000000714200000|100%| E|CS|TAMS 0x0000000714000000| PB 0x0000000714000000| Complete 
| 128|0x0000000714200000, 0x0000000714400000, 0x0000000714400000|100%| E|CS|TAMS 0x0000000714200000| PB 0x0000000714200000| Complete 
| 129|0x0000000714400000, 0x0000000714600000, 0x0000000714600000|100%| E|CS|TAMS 0x0000000714400000| PB 0x0000000714400000| Complete 
| 130|0x0000000714600000, 0x0000000714800000, 0x0000000714800000|100%| E|CS|TAMS 0x0000000714600000| PB 0x0000000714600000| Complete 
| 131|0x0000000714800000, 0x0000000714a00000, 0x0000000714a00000|100%| E|CS|TAMS 0x0000000714800000| PB 0x0000000714800000| Complete 
| 132|0x0000000714a00000, 0x0000000714c00000, 0x0000000714c00000|100%| E|CS|TAMS 0x0000000714a00000| PB 0x0000000714a00000| Complete 
| 133|0x0000000714c00000, 0x0000000714e00000, 0x0000000714e00000|100%| E|CS|TAMS 0x0000000714c00000| PB 0x0000000714c00000| Complete 
| 134|0x0000000714e00000, 0x0000000715000000, 0x0000000715000000|100%| E|CS|TAMS 0x0000000714e00000| PB 0x0000000714e00000| Complete 
| 135|0x0000000715000000, 0x0000000715200000, 0x0000000715200000|100%| E|CS|TAMS 0x0000000715000000| PB 0x0000000715000000| Complete 
| 136|0x0000000715200000, 0x0000000715400000, 0x0000000715400000|100%| E|CS|TAMS 0x0000000715200000| PB 0x0000000715200000| Complete 
| 137|0x0000000715400000, 0x0000000715600000, 0x0000000715600000|100%| E|CS|TAMS 0x0000000715400000| PB 0x0000000715400000| Complete 
| 138|0x0000000715600000, 0x0000000715800000, 0x0000000715800000|100%| E|CS|TAMS 0x0000000715600000| PB 0x0000000715600000| Complete 
| 139|0x0000000715800000, 0x0000000715a00000, 0x0000000715a00000|100%| E|CS|TAMS 0x0000000715800000| PB 0x0000000715800000| Complete 
| 140|0x0000000715a00000, 0x0000000715c00000, 0x0000000715c00000|100%| E|CS|TAMS 0x0000000715a00000| PB 0x0000000715a00000| Complete 
| 141|0x0000000715c00000, 0x0000000715d8e850, 0x0000000715e00000| 77%| S|CS|TAMS 0x0000000715c00000| PB 0x0000000715c00000| Complete 
| 142|0x0000000715e00000, 0x0000000716000000, 0x0000000716000000|100%| S|CS|TAMS 0x0000000715e00000| PB 0x0000000715e00000| Complete 
| 143|0x0000000716000000, 0x0000000716200000, 0x0000000716200000|100%| S|CS|TAMS 0x0000000716000000| PB 0x0000000716000000| Complete 
| 144|0x0000000716200000, 0x0000000716400000, 0x0000000716400000|100%| S|CS|TAMS 0x0000000716200000| PB 0x0000000716200000| Complete 
| 145|0x0000000716400000, 0x0000000716600000, 0x0000000716600000|100%| S|CS|TAMS 0x0000000716400000| PB 0x0000000716400000| Complete 
| 146|0x0000000716600000, 0x0000000716800000, 0x0000000716800000|100%| S|CS|TAMS 0x0000000716600000| PB 0x0000000716600000| Complete 
| 147|0x0000000716800000, 0x0000000716a00000, 0x0000000716a00000|100%| E|CS|TAMS 0x0000000716800000| PB 0x0000000716800000| Complete 
| 148|0x0000000716a00000, 0x0000000716c00000, 0x0000000716c00000|100%| E|CS|TAMS 0x0000000716a00000| PB 0x0000000716a00000| Complete 
| 149|0x0000000716c00000, 0x0000000716e00000, 0x0000000716e00000|100%| E|CS|TAMS 0x0000000716c00000| PB 0x0000000716c00000| Complete 
| 150|0x0000000716e00000, 0x0000000717000000, 0x0000000717000000|100%| E|CS|TAMS 0x0000000716e00000| PB 0x0000000716e00000| Complete 
| 151|0x0000000717000000, 0x0000000717200000, 0x0000000717200000|100%| E|CS|TAMS 0x0000000717000000| PB 0x0000000717000000| Complete 
| 152|0x0000000717200000, 0x0000000717400000, 0x0000000717400000|100%| E|CS|TAMS 0x0000000717200000| PB 0x0000000717200000| Complete 
| 153|0x0000000717400000, 0x0000000717600000, 0x0000000717600000|100%| E|CS|TAMS 0x0000000717400000| PB 0x0000000717400000| Complete 
| 154|0x0000000717600000, 0x0000000717800000, 0x0000000717800000|100%| E|CS|TAMS 0x0000000717600000| PB 0x0000000717600000| Complete 
| 155|0x0000000717800000, 0x0000000717a00000, 0x0000000717a00000|100%| E|CS|TAMS 0x0000000717800000| PB 0x0000000717800000| Complete 
| 156|0x0000000717a00000, 0x0000000717c00000, 0x0000000717c00000|100%| E|CS|TAMS 0x0000000717a00000| PB 0x0000000717a00000| Complete 
| 157|0x0000000717c00000, 0x0000000717e00000, 0x0000000717e00000|100%| E|CS|TAMS 0x0000000717c00000| PB 0x0000000717c00000| Complete 
| 158|0x0000000717e00000, 0x0000000718000000, 0x0000000718000000|100%| E|CS|TAMS 0x0000000717e00000| PB 0x0000000717e00000| Complete 
| 159|0x0000000718000000, 0x0000000718200000, 0x0000000718200000|100%| E|CS|TAMS 0x0000000718000000| PB 0x0000000718000000| Complete 
| 160|0x0000000718200000, 0x0000000718400000, 0x0000000718400000|100%| E|CS|TAMS 0x0000000718200000| PB 0x0000000718200000| Complete 
| 161|0x0000000718400000, 0x0000000718600000, 0x0000000718600000|100%| E|CS|TAMS 0x0000000718400000| PB 0x0000000718400000| Complete 
| 162|0x0000000718600000, 0x0000000718800000, 0x0000000718800000|100%| E|CS|TAMS 0x0000000718600000| PB 0x0000000718600000| Complete 
| 163|0x0000000718800000, 0x0000000718a00000, 0x0000000718a00000|100%| E|CS|TAMS 0x0000000718800000| PB 0x0000000718800000| Complete 

Card table byte_map: [0x0000015ca2500000,0x0000015ca2ce0000] _byte_map_base: 0x0000015c9ecdf000

Marking Bits: (CMBitMap*) 0x0000015c8869b080
 Bits: [0x0000015ca2ce0000, 0x0000015ca6bd8000)

Polling page: 0x0000015c88700000

Metaspace:

Usage:
  Non-class:     62.95 MB used.
      Class:      7.52 MB used.
       Both:     70.46 MB used.

Virtual space:
  Non-class space:       64.00 MB reserved,      63.44 MB (>99%) committed,  1 nodes.
      Class space:        1.00 GB reserved,       7.81 MB ( <1%) committed,  1 nodes.
             Both:        1.06 GB reserved,      71.25 MB (  7%) committed. 

Chunk freelists:
   Non-Class:  32.00 KB
       Class:  8.13 MB
        Both:  8.16 MB

MaxMetaspaceSize: unlimited
CompressedClassSpaceSize: 1.00 GB
Initial GC threshold: 21.00 MB
Current GC threshold: 100.75 MB
CDS: on
 - commit_granule_bytes: 65536.
 - commit_granule_words: 8192.
 - virtual_space_node_default_size: 8388608.
 - enlarge_chunks_in_place: 1.
 - use_allocation_guard: 0.


Internal statistics:

num_allocs_failed_limit: 9.
num_arena_births: 1114.
num_arena_deaths: 0.
num_vsnodes_births: 2.
num_vsnodes_deaths: 0.
num_space_committed: 1139.
num_space_uncommitted: 0.
num_chunks_returned_to_freelist: 9.
num_chunks_taken_from_freelist: 3448.
num_chunk_merges: 9.
num_chunk_splits: 2394.
num_chunks_enlarged: 1701.
num_inconsistent_stats: 0.

CodeHeap 'non-profiled nmethods': size=120000Kb used=6020Kb max_used=6020Kb free=113979Kb
 bounds [0x0000015c99d90000, 0x0000015c9a380000, 0x0000015ca12c0000]
CodeHeap 'profiled nmethods': size=120000Kb used=16764Kb max_used=16764Kb free=103235Kb
 bounds [0x0000015c922c0000, 0x0000015c93320000, 0x0000015c997f0000]
CodeHeap 'non-nmethods': size=5760Kb used=1968Kb max_used=2028Kb free=3791Kb
 bounds [0x0000015c997f0000, 0x0000015c99a60000, 0x0000015c99d90000]
 total_blobs=8359 nmethods=7594 adapters=668
 compilation: enabled
              stopped_count=0, restarted_count=0
 full_count=0

Compilation events (20 events):
Event: 17.867 Thread 0x0000015ca96d2e50 nmethod 8373 0x0000015c9a369110 code [0x0000015c9a3692a0, 0x0000015c9a369370]
Event: 17.867 Thread 0x0000015ca96d2e50 8374       1       org.apache.webbeans.container.BeanManagerImpl::isInUse (5 bytes)
Event: 17.867 Thread 0x0000015ca96d2e50 nmethod 8374 0x0000015c9a369410 code [0x0000015c9a3695a0, 0x0000015c9a369670]
Event: 17.867 Thread 0x0000015ca96d2e50 8351       1       com.sun.beans.introspect.PropertyInfo::getIndexed (5 bytes)
Event: 17.867 Thread 0x0000015ca96d2e50 nmethod 8351 0x0000015c9a369710 code [0x0000015c9a3698a0, 0x0000015c9a369970]
Event: 17.867 Thread 0x0000015ca96d2e50 8352       1       com.sun.beans.introspect.PropertyInfo::getPropertyType (5 bytes)
Event: 17.867 Thread 0x0000015ca96d2e50 nmethod 8352 0x0000015c9a369a10 code [0x0000015c9a369ba0, 0x0000015c9a369c70]
Event: 17.868 Thread 0x0000015ca96d2e50 8353       1       java.beans.PropertyDescriptor::setConstrained (6 bytes)
Event: 17.868 Thread 0x0000015ca96d2e50 nmethod 8353 0x0000015c9a369d10 code [0x0000015c9a369ea0, 0x0000015c9a369f70]
Event: 17.868 Thread 0x0000015ca96d2e50 8354       1       java.beans.PropertyDescriptor::setBound (6 bytes)
Event: 17.868 Thread 0x0000015ca96d2e50 nmethod 8354 0x0000015c9a36a010 code [0x0000015c9a36a1a0, 0x0000015c9a36a270]
Event: 17.868 Thread 0x0000015ca96d2e50 8355       1       java.beans.FeatureDescriptor::setExpert (6 bytes)
Event: 17.868 Thread 0x0000015ca96d2e50 nmethod 8355 0x0000015c9a36a310 code [0x0000015c9a36a4a0, 0x0000015c9a36a570]
Event: 17.868 Thread 0x0000015ca96d2e50 8356       1       java.beans.FeatureDescriptor::setHidden (6 bytes)
Event: 17.868 Thread 0x0000015ca96d2e50 nmethod 8356 0x0000015c9a36a610 code [0x0000015c9a36a7a0, 0x0000015c9a36a870]
Event: 17.868 Thread 0x0000015ca96d2e50 8357       1       java.beans.FeatureDescriptor::setPreferred (6 bytes)
Event: 17.868 Thread 0x0000015ca96d2e50 nmethod 8357 0x0000015c9a36a910 code [0x0000015c9a36aaa0, 0x0000015c9a36ab70]
Event: 17.868 Thread 0x0000015ca96d2e50 8359       1       sun.reflect.generics.tree.MethodTypeSignature::getFormalTypeParameters (5 bytes)
Event: 17.868 Thread 0x0000015ca96d2e50 nmethod 8359 0x0000015c9a36ac10 code [0x0000015c9a36ada0, 0x0000015c9a36ae70]
Event: 17.892 Thread 0x0000015ca96a02e0 nmethod 8302 0x0000015c9a36af10 code [0x0000015c9a36b3a0, 0x0000015c9a36ef88]

GC Heap History (20 events):
Event: 8.713 GC heap before
{Heap before GC invocations=32 (full 12):
 garbage-first heap   total 335872K, used 231914K [0x0000000704200000, 0x0000000800000000)
  region size 2048K, 98 young (200704K), 4 survivors (8192K)
 Metaspace       used 36948K, committed 37504K, reserved 1114112K
  class space    used 3972K, committed 4224K, reserved 1048576K
}
Event: 8.715 GC heap after
{Heap after GC invocations=33 (full 12):
 garbage-first heap   total 335872K, used 39795K [0x0000000704200000, 0x0000000800000000)
  region size 2048K, 4 young (8192K), 4 survivors (8192K)
 Metaspace       used 36948K, committed 37504K, reserved 1114112K
  class space    used 3972K, committed 4224K, reserved 1048576K
}
Event: 9.009 GC heap before
{Heap before GC invocations=33 (full 12):
 garbage-first heap   total 335872K, used 232307K [0x0000000704200000, 0x0000000800000000)
  region size 2048K, 98 young (200704K), 4 survivors (8192K)
 Metaspace       used 36948K, committed 37504K, reserved 1114112K
  class space    used 3972K, committed 4224K, reserved 1048576K
}
Event: 9.013 GC heap after
{Heap after GC invocations=34 (full 12):
 garbage-first heap   total 335872K, used 39205K [0x0000000704200000, 0x0000000800000000)
  region size 2048K, 4 young (8192K), 4 survivors (8192K)
 Metaspace       used 36948K, committed 37504K, reserved 1114112K
  class space    used 3972K, committed 4224K, reserved 1048576K
}
Event: 9.380 GC heap before
{Heap before GC invocations=34 (full 12):
 garbage-first heap   total 335872K, used 231717K [0x0000000704200000, 0x0000000800000000)
  region size 2048K, 98 young (200704K), 4 survivors (8192K)
 Metaspace       used 36948K, committed 37504K, reserved 1114112K
  class space    used 3972K, committed 4224K, reserved 1048576K
}
Event: 9.384 GC heap after
{Heap after GC invocations=35 (full 12):
 garbage-first heap   total 335872K, used 39720K [0x0000000704200000, 0x0000000800000000)
  region size 2048K, 2 young (4096K), 2 survivors (4096K)
 Metaspace       used 36948K, committed 37504K, reserved 1114112K
  class space    used 3972K, committed 4224K, reserved 1048576K
}
Event: 9.705 GC heap before
{Heap before GC invocations=35 (full 12):
 garbage-first heap   total 335872K, used 236328K [0x0000000704200000, 0x0000000800000000)
  region size 2048K, 98 young (200704K), 2 survivors (4096K)
 Metaspace       used 36953K, committed 37504K, reserved 1114112K
  class space    used 3972K, committed 4224K, reserved 1048576K
}
Event: 9.707 GC heap after
{Heap after GC invocations=36 (full 12):
 garbage-first heap   total 335872K, used 39374K [0x0000000704200000, 0x0000000800000000)
  region size 2048K, 1 young (2048K), 1 survivors (2048K)
 Metaspace       used 36953K, committed 37504K, reserved 1114112K
  class space    used 3972K, committed 4224K, reserved 1048576K
}
Event: 10.108 GC heap before
{Heap before GC invocations=36 (full 12):
 garbage-first heap   total 335872K, used 238030K [0x0000000704200000, 0x0000000800000000)
  region size 2048K, 98 young (200704K), 1 survivors (2048K)
 Metaspace       used 36957K, committed 37504K, reserved 1114112K
  class space    used 3972K, committed 4224K, reserved 1048576K
}
Event: 10.109 GC heap after
{Heap after GC invocations=37 (full 12):
 garbage-first heap   total 335872K, used 38929K [0x0000000704200000, 0x0000000800000000)
  region size 2048K, 1 young (2048K), 1 survivors (2048K)
 Metaspace       used 36957K, committed 37504K, reserved 1114112K
  class space    used 3972K, committed 4224K, reserved 1048576K
}
Event: 10.664 GC heap before
{Heap before GC invocations=37 (full 12):
 garbage-first heap   total 335872K, used 237585K [0x0000000704200000, 0x0000000800000000)
  region size 2048K, 98 young (200704K), 1 survivors (2048K)
 Metaspace       used 39147K, committed 39680K, reserved 1114112K
  class space    used 4297K, committed 4544K, reserved 1048576K
}
Event: 10.674 GC heap after
{Heap after GC invocations=38 (full 12):
 garbage-first heap   total 335872K, used 60809K [0x0000000704200000, 0x0000000800000000)
  region size 2048K, 11 young (22528K), 11 survivors (22528K)
 Metaspace       used 39147K, committed 39680K, reserved 1114112K
  class space    used 4297K, committed 4544K, reserved 1048576K
}
Event: 11.032 GC heap before
{Heap before GC invocations=38 (full 12):
 garbage-first heap   total 335872K, used 236937K [0x0000000704200000, 0x0000000800000000)
  region size 2048K, 98 young (200704K), 11 survivors (22528K)
 Metaspace       used 39155K, committed 39744K, reserved 1114112K
  class space    used 4298K, committed 4544K, reserved 1048576K
}
Event: 11.053 GC heap after
{Heap after GC invocations=39 (full 12):
 garbage-first heap   total 335872K, used 88677K [0x0000000704200000, 0x0000000800000000)
  region size 2048K, 13 young (26624K), 13 survivors (26624K)
 Metaspace       used 39155K, committed 39744K, reserved 1114112K
  class space    used 4298K, committed 4544K, reserved 1048576K
}
Event: 11.475 GC heap before
{Heap before GC invocations=39 (full 12):
 garbage-first heap   total 335872K, used 262757K [0x0000000704200000, 0x0000000800000000)
  region size 2048K, 98 young (200704K), 13 survivors (26624K)
 Metaspace       used 39336K, committed 39936K, reserved 1114112K
  class space    used 4325K, committed 4608K, reserved 1048576K
}
Event: 11.493 GC heap after
{Heap after GC invocations=40 (full 12):
 garbage-first heap   total 335872K, used 105220K [0x0000000704200000, 0x0000000800000000)
  region size 2048K, 7 young (14336K), 7 survivors (14336K)
 Metaspace       used 39336K, committed 39936K, reserved 1114112K
  class space    used 4325K, committed 4608K, reserved 1048576K
}
Event: 13.507 GC heap before
{Heap before GC invocations=40 (full 12):
 garbage-first heap   total 335872K, used 283396K [0x0000000704200000, 0x0000000800000000)
  region size 2048K, 94 young (192512K), 7 survivors (14336K)
 Metaspace       used 55429K, committed 56192K, reserved 1114112K
  class space    used 6248K, committed 6592K, reserved 1048576K
}
Event: 13.519 GC heap after
{Heap after GC invocations=41 (full 12):
 garbage-first heap   total 335872K, used 113089K [0x0000000704200000, 0x0000000800000000)
  region size 2048K, 11 young (22528K), 11 survivors (22528K)
 Metaspace       used 55429K, committed 56192K, reserved 1114112K
  class space    used 6248K, committed 6592K, reserved 1048576K
}
Event: 14.228 GC heap before
{Heap before GC invocations=41 (full 12):
 garbage-first heap   total 335872K, used 145857K [0x0000000704200000, 0x0000000800000000)
  region size 2048K, 28 young (57344K), 11 survivors (22528K)
 Metaspace       used 60647K, committed 61376K, reserved 1114112K
  class space    used 6695K, committed 7040K, reserved 1048576K
}
Event: 14.237 GC heap after
{Heap after GC invocations=42 (full 12):
 garbage-first heap   total 335872K, used 115786K [0x0000000704200000, 0x0000000800000000)
  region size 2048K, 6 young (12288K), 6 survivors (12288K)
 Metaspace       used 60647K, committed 61376K, reserved 1114112K
  class space    used 6695K, committed 7040K, reserved 1048576K
}

Dll operation events (14 events):
Event: 0.007 Loaded shared library D:\java\jdk21\bin\java.dll
Event: 0.044 Loaded shared library D:\java\jdk21\bin\jsvml.dll
Event: 0.094 Loaded shared library D:\java\jdk21\bin\zip.dll
Event: 0.097 Loaded shared library D:\java\jdk21\bin\instrument.dll
Event: 0.102 Loaded shared library D:\java\jdk21\bin\net.dll
Event: 0.103 Loaded shared library D:\java\jdk21\bin\nio.dll
Event: 0.107 Loaded shared library D:\java\jdk21\bin\zip.dll
Event: 0.176 Loaded shared library D:\java\jdk21\bin\jimage.dll
Event: 0.275 Loaded shared library D:\java\jdk21\bin\management_agent.dll
Event: 0.278 Loaded shared library D:\java\jdk21\bin\management.dll
Event: 0.291 Loaded shared library D:\java\jdk21\bin\management_ext.dll
Event: 0.653 Loaded shared library D:\java\jdk21\bin\extnet.dll
Event: 2.221 Loaded shared library D:\java\jdk21\bin\sunmscapi.dll
Event: 2.704 Loaded shared library D:\java\jdk21\bin\verify.dll

Deoptimization events (20 events):
Event: 17.807 Thread 0x0000015cefd8e540 DEOPT PACKING pc=0x0000015c9a27e2b4 sp=0x0000000cfcffd450
Event: 17.807 Thread 0x0000015cefd8e540 DEOPT UNPACKING pc=0x0000015c99847da2 sp=0x0000000cfcffd3e8 mode 2
Event: 17.807 Thread 0x0000015cefd8e540 Uncommon trap: trap_request=0xffffffde fr.pc=0x0000015c9a27e2b4 relative=0x0000000000000194
Event: 17.807 Thread 0x0000015cefd8e540 Uncommon trap: reason=class_check action=maybe_recompile pc=0x0000015c9a27e2b4 method=java.lang.String.equals(Ljava/lang/Object;)Z @ 8 c2
Event: 17.807 Thread 0x0000015cefd8e540 DEOPT PACKING pc=0x0000015c9a27e2b4 sp=0x0000000cfcffd3b0
Event: 17.807 Thread 0x0000015cefd8e540 DEOPT UNPACKING pc=0x0000015c99847da2 sp=0x0000000cfcffd348 mode 2
Event: 17.808 Thread 0x0000015cefd8e540 Uncommon trap: trap_request=0xffffffde fr.pc=0x0000015c9a27e2b4 relative=0x0000000000000194
Event: 17.808 Thread 0x0000015cefd8e540 Uncommon trap: reason=class_check action=maybe_recompile pc=0x0000015c9a27e2b4 method=java.lang.String.equals(Ljava/lang/Object;)Z @ 8 c2
Event: 17.808 Thread 0x0000015cefd8e540 DEOPT PACKING pc=0x0000015c9a27e2b4 sp=0x0000000cfcffd450
Event: 17.808 Thread 0x0000015cefd8e540 DEOPT UNPACKING pc=0x0000015c99847da2 sp=0x0000000cfcffd3e8 mode 2
Event: 17.834 Thread 0x0000015cefd8e540 DEOPT PACKING pc=0x0000015c924dbafb sp=0x0000000cfcffce50
Event: 17.834 Thread 0x0000015cefd8e540 DEOPT UNPACKING pc=0x0000015c998488e2 sp=0x0000000cfcffc2b0 mode 0
Event: 17.847 Thread 0x0000015cefd8e540 Uncommon trap: trap_request=0xffffffbe fr.pc=0x0000015c9a365654 relative=0x00000000000003b4
Event: 17.847 Thread 0x0000015cefd8e540 Uncommon trap: reason=profile_predicate action=maybe_recompile pc=0x0000015c9a365654 method=java.util.HashMap.valuesToArray([Ljava/lang/Object;)[Ljava/lang/Object; @ 36 c2
Event: 17.847 Thread 0x0000015cefd8e540 DEOPT PACKING pc=0x0000015c9a365654 sp=0x0000000cfcffd290
Event: 17.847 Thread 0x0000015cefd8e540 DEOPT UNPACKING pc=0x0000015c99847da2 sp=0x0000000cfcffd230 mode 2
Event: 17.851 Thread 0x0000015cefd8e540 Uncommon trap: trap_request=0xffffffbe fr.pc=0x0000015c9a365654 relative=0x00000000000003b4
Event: 17.851 Thread 0x0000015cefd8e540 Uncommon trap: reason=profile_predicate action=maybe_recompile pc=0x0000015c9a365654 method=java.util.HashMap.valuesToArray([Ljava/lang/Object;)[Ljava/lang/Object; @ 36 c2
Event: 17.851 Thread 0x0000015cefd8e540 DEOPT PACKING pc=0x0000015c9a365654 sp=0x0000000cfcffd050
Event: 17.851 Thread 0x0000015cefd8e540 DEOPT UNPACKING pc=0x0000015c99847da2 sp=0x0000000cfcffcff0 mode 2

Classes loaded (20 events):
Event: 16.873 Loading class java/text/FieldPosition$Delegate
Event: 16.874 Loading class java/text/FieldPosition$Delegate done
Event: 16.908 Loading class java/util/Collections$SynchronizedRandomAccessList
Event: 16.908 Loading class java/util/Collections$SynchronizedList
Event: 16.908 Loading class java/util/Collections$SynchronizedList done
Event: 16.908 Loading class java/util/Collections$SynchronizedRandomAccessList done
Event: 17.316 Loading class java/time/format/DateTimeParseException
Event: 17.316 Loading class java/time/format/DateTimeParseException done
Event: 17.373 Loading class java/util/ArrayList$ListItr
Event: 17.373 Loading class java/util/ArrayList$ListItr done
Event: 17.385 Loading class java/lang/r
Event: 17.385 Loading class java/lang/r done
Event: 17.385 Loading class java/lang/r
Event: 17.385 Loading class java/lang/r done
Event: 17.484 Loading class java/util/function/IntBinaryOperator
Event: 17.484 Loading class java/util/function/IntBinaryOperator done
Event: 17.484 Loading class java/util/stream/ReduceOps$7
Event: 17.484 Loading class java/util/stream/ReduceOps$7 done
Event: 17.484 Loading class java/util/stream/ReduceOps$6ReducingSink
Event: 17.484 Loading class java/util/stream/ReduceOps$6ReducingSink done

Classes unloaded (0 events):
No events

Classes redefined (0 events):
No events

Internal exceptions (20 events):
Event: 17.802 Thread 0x0000015cefd8e540 Exception <a 'java/lang/ClassNotFoundException'{0x0000000712760d48}: org/apache/openjpa/enhance/PersistenceCapableBeanInfo> (0x0000000712760d48) 
thrown [s\open\src\hotspot\share\classfile\systemDictionary.cpp, line 312]
Event: 17.804 Thread 0x0000015cefd8e540 Exception <a 'java/lang/ClassNotFoundException'{0x000000071276ba40}: org/apache/openjpa/enhance/PersistenceCapableCustomizer> (0x000000071276ba40) 
thrown [s\open\src\hotspot\share\classfile\systemDictionary.cpp, line 312]
Event: 17.812 Thread 0x0000015cefd8e540 Exception <a 'java/lang/ClassNotFoundException'{0x000000071279e808}: org/apache/jasper/runtime/PageContextImplBeanInfo> (0x000000071279e808) 
thrown [s\open\src\hotspot\share\classfile\systemDictionary.cpp, line 312]
Event: 17.814 Thread 0x0000015cefd8e540 Exception <a 'java/lang/ClassNotFoundException'{0x00000007127ab188}: jakarta/servlet/jsp/PageContextBeanInfo> (0x00000007127ab188) 
thrown [s\open\src\hotspot\share\classfile\systemDictionary.cpp, line 312]
Event: 17.815 Thread 0x0000015cefd8e540 Exception <a 'java/lang/ClassNotFoundException'{0x00000007127b7c58}: jakarta/servlet/jsp/JspContextBeanInfo> (0x00000007127b7c58) 
thrown [s\open\src\hotspot\share\classfile\systemDictionary.cpp, line 312]
Event: 17.817 Thread 0x0000015cefd8e540 Exception <a 'java/lang/ClassNotFoundException'{0x00000007127c4870}: jakarta/servlet/jsp/JspContextCustomizer> (0x00000007127c4870) 
thrown [s\open\src\hotspot\share\classfile\systemDictionary.cpp, line 312]
Event: 17.820 Thread 0x0000015cefd8e540 Exception <a 'java/lang/ClassNotFoundException'{0x00000007127dc790}: jakarta/servlet/jsp/PageContextCustomizer> (0x00000007127dc790) 
thrown [s\open\src\hotspot\share\classfile\systemDictionary.cpp, line 312]
Event: 17.823 Thread 0x0000015cefd8e540 Exception <a 'java/lang/ClassNotFoundException'{0x00000007127f5200}: org/apache/jasper/runtime/PageContextImplCustomizer> (0x00000007127f5200) 
thrown [s\open\src\hotspot\share\classfile\systemDictionary.cpp, line 312]
Event: 17.827 Thread 0x0000015cefd8e540 Exception <a 'java/lang/ClassNotFoundException'{0x0000000712426208}: org/apache/openejb/server/httpd/EEFilter$CdiRequestBeanInfo> (0x0000000712426208) 
thrown [s\open\src\hotspot\share\classfile\systemDictionary.cpp, line 312]
Event: 17.829 Thread 0x0000015cefd8e540 Exception <a 'java/lang/ClassNotFoundException'{0x00000007124311f0}: org/apache/openejb/server/httpd/EEFilter$NoCdiRequestBeanInfo> (0x00000007124311f0) 
thrown [s\open\src\hotspot\share\classfile\systemDictionary.cpp, line 312]
Event: 17.830 Thread 0x0000015cefd8e540 Exception <a 'java/lang/ClassNotFoundException'{0x000000071243ead8}: jakarta/servlet/http/HttpServletRequestWrapperBeanInfo> (0x000000071243ead8) 
thrown [s\open\src\hotspot\share\classfile\systemDictionary.cpp, line 312]
Event: 17.832 Thread 0x0000015cefd8e540 Exception <a 'java/lang/ClassNotFoundException'{0x000000071244bb30}: jakarta/servlet/ServletRequestWrapperBeanInfo> (0x000000071244bb30) 
thrown [s\open\src\hotspot\share\classfile\systemDictionary.cpp, line 312]
Event: 17.833 Thread 0x0000015cefd8e540 Exception <a 'java/lang/ClassNotFoundException'{0x0000000712458d50}: jakarta/servlet/ServletRequestWrapperCustomizer> (0x0000000712458d50) 
thrown [s\open\src\hotspot\share\classfile\systemDictionary.cpp, line 312]
Event: 17.837 Thread 0x0000015cefd8e540 Exception <a 'java/lang/ClassNotFoundException'{0x000000071248ad18}: jakarta/servlet/http/HttpServletRequestWrapperCustomizer> (0x000000071248ad18) 
thrown [s\open\src\hotspot\share\classfile\systemDictionary.cpp, line 312]
Event: 17.843 Thread 0x0000015cefd8e540 Exception <a 'java/lang/ClassNotFoundException'{0x00000007124c23f8}: org/apache/openejb/server/httpd/EEFilter$NoCdiRequestCustomizer> (0x00000007124c23f8) 
thrown [s\open\src\hotspot\share\classfile\systemDictionary.cpp, line 312]
Event: 17.846 Thread 0x0000015cefd8e540 Exception <a 'java/lang/ClassNotFoundException'{0x00000007124db190}: org/apache/openejb/server/httpd/EEFilter$CdiRequestCustomizer> (0x00000007124db190) 
thrown [s\open\src\hotspot\share\classfile\systemDictionary.cpp, line 312]
Event: 17.849 Thread 0x0000015cefd8e540 Exception <a 'java/lang/ClassNotFoundException'{0x00000007124f8b40}: jakarta/servlet/http/HttpServletRequestBeanInfo> (0x00000007124f8b40) 
thrown [s\open\src\hotspot\share\classfile\systemDictionary.cpp, line 312]
Event: 17.850 Thread 0x0000015cefd8e540 Exception <a 'java/lang/ClassNotFoundException'{0x0000000712505f10}: jakarta/servlet/http/HttpServletRequestCustomizer> (0x0000000712505f10) 
thrown [s\open\src\hotspot\share\classfile\systemDictionary.cpp, line 312]
Event: 17.854 Thread 0x0000015cefd8e540 Exception <a 'java/lang/ClassNotFoundException'{0x000000071252e6a0}: jakarta/servlet/ServletRequestBeanInfo> (0x000000071252e6a0) 
thrown [s\open\src\hotspot\share\classfile\systemDictionary.cpp, line 312]
Event: 17.855 Thread 0x0000015cefd8e540 Exception <a 'java/lang/ClassNotFoundException'{0x000000071253b1c8}: jakarta/servlet/ServletRequestCustomizer> (0x000000071253b1c8) 
thrown [s\open\src\hotspot\share\classfile\systemDictionary.cpp, line 312]

ZGC Phase Switch (0 events):
No events

VM Operations (20 events):
Event: 14.319 Executing VM operation: G1PauseCleanup
Event: 14.319 Executing VM operation: G1PauseCleanup done
Event: 14.545 Executing VM operation: HandshakeAllThreads (Deoptimize)
Event: 14.545 Executing VM operation: HandshakeAllThreads (Deoptimize) done
Event: 15.544 Executing VM operation: Cleanup
Event: 15.544 Executing VM operation: Cleanup done
Event: 16.818 Executing VM operation: HandshakeAllThreads (Deoptimize)
Event: 16.818 Executing VM operation: HandshakeAllThreads (Deoptimize) done
Event: 16.818 Executing VM operation: Cleanup
Event: 16.818 Executing VM operation: Cleanup done
Event: 16.822 Executing VM operation: HandshakeAllThreads (Deoptimize)
Event: 16.822 Executing VM operation: HandshakeAllThreads (Deoptimize) done
Event: 16.824 Executing VM operation: HandshakeAllThreads (Deoptimize)
Event: 16.824 Executing VM operation: HandshakeAllThreads (Deoptimize) done
Event: 17.146 Executing VM operation: HandshakeAllThreads (Deoptimize)
Event: 17.146 Executing VM operation: HandshakeAllThreads (Deoptimize) done
Event: 17.374 Executing VM operation: HandshakeAllThreads (Deoptimize)
Event: 17.374 Executing VM operation: HandshakeAllThreads (Deoptimize) done
Event: 17.694 Executing VM operation: ICBufferFull
Event: 17.694 Executing VM operation: ICBufferFull done

Events (20 events):
Event: 14.041 Thread 0x0000015cf0089b70 Thread exited: 0x0000015cf0089b70
Event: 14.041 Thread 0x0000015cf01742b0 Thread exited: 0x0000015cf01742b0
Event: 14.108 Thread 0x0000015cf4401c40 Thread added: 0x0000015cf4401c40
Event: 14.108 Thread 0x0000015cf4402310 Thread added: 0x0000015cf4402310
Event: 14.275 Thread 0x0000015cf4401c40 Thread exited: 0x0000015cf4401c40
Event: 14.275 Thread 0x0000015cf4402310 Thread exited: 0x0000015cf4402310
Event: 14.285 Thread 0x0000015ca9679590 flushing nmethod 0x0000015c92701210
Event: 14.285 Thread 0x0000015ca9679590 flushing nmethod 0x0000015c926b3510
Event: 14.285 Thread 0x0000015ca9679590 flushing nmethod 0x0000015c923a6f90
Event: 14.285 Thread 0x0000015ca9679590 flushing nmethod 0x0000015c99f9e210
Event: 14.285 Thread 0x0000015ca9679590 flushing nmethod 0x0000015c923bd190
Event: 14.285 Thread 0x0000015ca9679590 flushing nmethod 0x0000015c923bda90
Event: 14.285 Thread 0x0000015ca9679590 flushing nmethod 0x0000015c92536310
Event: 14.285 Thread 0x0000015ca9679590 flushing nmethod 0x0000015c92806190
Event: 14.393 Thread 0x0000015cf1701580 Thread added: 0x0000015cf1701580
Event: 14.434 Thread 0x0000015cf17029f0 Thread added: 0x0000015cf17029f0
Event: 14.662 Thread 0x0000015cf17029f0 Thread exited: 0x0000015cf17029f0
Event: 16.207 Thread 0x0000015cf1701580 Thread exited: 0x0000015cf1701580
Event: 16.874 Thread 0x0000015cf17029f0 Thread added: 0x0000015cf17029f0
Event: 17.657 Thread 0x0000015cf1704530 Thread added: 0x0000015cf1704530


Dynamic libraries:
0x00007ff67a2f0000 - 0x00007ff67a300000 	D:\java\jdk21\bin\java.exe
0x00007ffe79c90000 - 0x00007ffe79e88000 	C:\WINDOWS\SYSTEM32\ntdll.dll
0x00007ffe78d10000 - 0x00007ffe78dd2000 	C:\WINDOWS\System32\KERNEL32.DLL
0x00007ffe77330000 - 0x00007ffe7762f000 	C:\WINDOWS\System32\KERNELBASE.dll
0x00007ffe77630000 - 0x00007ffe77730000 	C:\WINDOWS\System32\ucrtbase.dll
0x00007ffe6e970000 - 0x00007ffe6e98b000 	D:\java\jdk21\bin\VCRUNTIME140.dll
0x00007ffe6e990000 - 0x00007ffe6e9a9000 	D:\java\jdk21\bin\jli.dll
0x00007ffe780a0000 - 0x00007ffe7814f000 	C:\WINDOWS\System32\ADVAPI32.dll
0x00007ffe78f90000 - 0x00007ffe7902e000 	C:\WINDOWS\System32\msvcrt.dll
0x00007ffe799e0000 - 0x00007ffe79a7f000 	C:\WINDOWS\System32\sechost.dll
0x00007ffe789c0000 - 0x00007ffe78ae3000 	C:\WINDOWS\System32\RPCRT4.dll
0x00007ffe77bf0000 - 0x00007ffe77c17000 	C:\WINDOWS\System32\bcrypt.dll
0x00007ffe77d20000 - 0x00007ffe77ebd000 	C:\WINDOWS\System32\USER32.dll
0x00007ffe777f0000 - 0x00007ffe77812000 	C:\WINDOWS\System32\win32u.dll
0x00007ffe79560000 - 0x00007ffe7958b000 	C:\WINDOWS\System32\GDI32.dll
0x00007ffe68e00000 - 0x00007ffe6909a000 	C:\WINDOWS\WinSxS\amd64_microsoft.windows.common-controls_6595b64144ccf1df_6.0.19041.4355_none_60b8b9eb71f62e16\COMCTL32.dll
0x00007ffe77820000 - 0x00007ffe7793a000 	C:\WINDOWS\System32\gdi32full.dll
0x00007ffe779f0000 - 0x00007ffe77a8d000 	C:\WINDOWS\System32\msvcp_win.dll
0x00007ffe700e0000 - 0x00007ffe700ea000 	C:\WINDOWS\SYSTEM32\VERSION.dll
0x00007ffe77f90000 - 0x00007ffe77fbf000 	C:\WINDOWS\System32\IMM32.DLL
0x00007ffe71670000 - 0x00007ffe7167c000 	D:\java\jdk21\bin\vcruntime140_1.dll
0x00007ffe58d20000 - 0x00007ffe58dae000 	D:\java\jdk21\bin\msvcp140.dll
0x00007ffdda7d0000 - 0x00007ffddb4ea000 	D:\java\jdk21\bin\server\jvm.dll
0x00007ffe78af0000 - 0x00007ffe78b5b000 	C:\WINDOWS\System32\WS2_32.dll
0x00007ffe6b7a0000 - 0x00007ffe6b7c7000 	C:\WINDOWS\SYSTEM32\WINMM.dll
0x00007ffe76870000 - 0x00007ffe768bb000 	C:\WINDOWS\SYSTEM32\POWRPROF.dll
0x00007ffe76730000 - 0x00007ffe76742000 	C:\WINDOWS\SYSTEM32\UMPDC.dll
0x00007ffe75b50000 - 0x00007ffe75b62000 	C:\WINDOWS\SYSTEM32\kernel.appcore.dll
0x00007ffe71590000 - 0x00007ffe7159a000 	D:\java\jdk21\bin\jimage.dll
0x00007ffe75850000 - 0x00007ffe75a34000 	C:\WINDOWS\SYSTEM32\DBGHELP.DLL
0x00007ffe55f60000 - 0x00007ffe55f94000 	C:\WINDOWS\SYSTEM32\dbgcore.DLL
0x00007ffe77c20000 - 0x00007ffe77ca2000 	C:\WINDOWS\System32\bcryptPrimitives.dll
0x00007ffe6df90000 - 0x00007ffe6df9f000 	D:\java\jdk21\bin\instrument.dll
0x00007ffe6b440000 - 0x00007ffe6b45f000 	D:\java\jdk21\bin\java.dll
0x00007ffe78240000 - 0x00007ffe789ad000 	C:\WINDOWS\System32\SHELL32.dll
0x00007ffe74fd0000 - 0x00007ffe75774000 	C:\WINDOWS\SYSTEM32\windows.storage.dll
0x00007ffe79680000 - 0x00007ffe799d5000 	C:\WINDOWS\System32\combase.dll
0x00007ffe76d60000 - 0x00007ffe76d8b000 	C:\WINDOWS\SYSTEM32\Wldp.dll
0x00007ffe77ec0000 - 0x00007ffe77f8d000 	C:\WINDOWS\System32\OLEAUT32.dll
0x00007ffe79a80000 - 0x00007ffe79b2d000 	C:\WINDOWS\System32\SHCORE.dll
0x00007ffe79590000 - 0x00007ffe795e5000 	C:\WINDOWS\System32\shlwapi.dll
0x00007ffe77260000 - 0x00007ffe77285000 	C:\WINDOWS\SYSTEM32\profapi.dll
0x00007ffe4f300000 - 0x00007ffe4f3d7000 	D:\java\jdk21\bin\jsvml.dll
0x00007ffe5a480000 - 0x00007ffe5a498000 	D:\java\jdk21\bin\zip.dll
0x00007ffe709e0000 - 0x00007ffe709f0000 	D:\java\jdk21\bin\net.dll
0x00007ffe74300000 - 0x00007ffe7440a000 	C:\WINDOWS\SYSTEM32\WINHTTP.dll
0x00007ffe76ac0000 - 0x00007ffe76b2c000 	C:\WINDOWS\system32\mswsock.dll
0x00007ffe5a4a0000 - 0x00007ffe5a4b6000 	D:\java\jdk21\bin\nio.dll
0x00007ffe6b430000 - 0x00007ffe6b439000 	D:\java\jdk21\bin\management_agent.dll
0x00007ffe5c5e0000 - 0x00007ffe5c5ea000 	D:\java\jdk21\bin\management.dll
0x00007ffe5a470000 - 0x00007ffe5a47b000 	D:\java\jdk21\bin\management_ext.dll
0x00007ffe77d10000 - 0x00007ffe77d18000 	C:\WINDOWS\System32\PSAPI.DLL
0x00007ffe42490000 - 0x00007ffe424a7000 	C:\WINDOWS\system32\napinsp.dll
0x00007ffe40ad0000 - 0x00007ffe40aeb000 	C:\WINDOWS\system32\pnrpnsp.dll
0x00007ffe4a120000 - 0x00007ffe4a135000 	C:\WINDOWS\system32\wshbth.dll
0x00007ffe742e0000 - 0x00007ffe742fd000 	C:\WINDOWS\system32\NLAapi.dll
0x00007ffe76750000 - 0x00007ffe7678b000 	C:\WINDOWS\SYSTEM32\IPHLPAPI.DLL
0x00007ffe767a0000 - 0x00007ffe7686a000 	C:\WINDOWS\SYSTEM32\DNSAPI.dll
0x00007ffe78230000 - 0x00007ffe78238000 	C:\WINDOWS\System32\NSI.dll
0x00007ffe1dba0000 - 0x00007ffe1dbb2000 	C:\WINDOWS\System32\winrnr.dll
0x00007ffe70370000 - 0x00007ffe7037a000 	C:\Windows\System32\rasadhlp.dll
0x00007ffe6fde0000 - 0x00007ffe6fe60000 	C:\WINDOWS\System32\fwpuclnt.dll
0x00007ffe76cb0000 - 0x00007ffe76cc8000 	C:\WINDOWS\SYSTEM32\CRYPTSP.dll
0x00007ffe76370000 - 0x00007ffe763a8000 	C:\WINDOWS\system32\rsaenh.dll
0x00007ffe771e0000 - 0x00007ffe7720e000 	C:\WINDOWS\SYSTEM32\USERENV.dll
0x00007ffe76cd0000 - 0x00007ffe76cdc000 	C:\WINDOWS\SYSTEM32\CRYPTBASE.dll
0x00007ffe6d5e0000 - 0x00007ffe6d5e9000 	D:\java\jdk21\bin\extnet.dll
0x00007ffe5a460000 - 0x00007ffe5a46e000 	D:\java\jdk21\bin\sunmscapi.dll
0x00007ffe77a90000 - 0x00007ffe77bec000 	C:\WINDOWS\System32\CRYPT32.dll
0x00007ffe76dd0000 - 0x00007ffe76df7000 	C:\WINDOWS\SYSTEM32\ncrypt.dll
0x00007ffe76d90000 - 0x00007ffe76dcb000 	C:\WINDOWS\SYSTEM32\NTASN1.dll
0x00007ffe5a410000 - 0x00007ffe5a420000 	D:\java\jdk21\bin\verify.dll
0x00007ffe6ff70000 - 0x00007ffe6ff77000 	C:\WINDOWS\system32\wshunix.dll

dbghelp: loaded successfully - version: 4.0.5 - missing functions: none
symbol engine: initialized successfully - sym options: 0x614 - pdb path: .;D:\java\jdk21\bin;C:\WINDOWS\SYSTEM32;C:\WINDOWS\WinSxS\amd64_microsoft.windows.common-controls_6595b64144ccf1df_6.0.19041.4355_none_60b8b9eb71f62e16;D:\java\jdk21\bin\server

VM Arguments:
jvm_args: -Djava.util.logging.config.file=C:\Users\dell\AppData\Local\JetBrains\IntelliJIdea2024.3\tomcat\637303c7-005e-4fa5-a411-b0f41081b1ea\conf\logging.properties -Djava.util.logging.manager=org.apache.juli.ClassLoaderLogManager -javaagent:D:\CODE WEB\page-movie-management\apache-tomee-webprofile-10.0.0\lib\openejb-javaagent.jar -Dcom.sun.management.jmxremote= -Dcom.sun.management.jmxremote.port=1099 -Dcom.sun.management.jmxremote.ssl=false -Dcom.sun.management.jmxremote.password.file=C:\Users\dell\AppData\Local\JetBrains\IntelliJIdea2024.3\tomcat\637303c7-005e-4fa5-a411-b0f41081b1ea\jmxremote.password -Dcom.sun.management.jmxremote.access.file=C:\Users\dell\AppData\Local\JetBrains\IntelliJIdea2024.3\tomcat\637303c7-005e-4fa5-a411-b0f41081b1ea\jmxremote.access -Djava.rmi.server.hostname=127.0.0.1 -Dtomee.serialization.class.whitelist= -Dtomee.serialization.class.blacklist=- -Dtomee.remote.support=true -Dopenejb.system.apps=true -Djdk.tls.ephemeralDHKeySize=2048 -Djava.protocol.handler.pkgs=org.apache.catalina.webresources --add-opens=java.base/java.lang=ALL-UNNAMED --add-opens=java.base/java.io=ALL-UNNAMED --add-opens=java.base/java.util=ALL-UNNAMED --add-opens=java.base/java.util.concurrent=ALL-UNNAMED --add-opens=java.rmi/sun.rmi.transport=ALL-UNNAMED -Dcatalina.base=C:\Users\dell\AppData\Local\JetBrains\IntelliJIdea2024.3\tomcat\637303c7-005e-4fa5-a411-b0f41081b1ea -Dcatalina.home=D:\CODE WEB\page-movie-management\apache-tomee-webprofile-10.0.0 -Djava.io.tmpdir=C:\Users\dell\AppData\Local\JetBrains\IntelliJIdea2024.3\tomcat\637303c7-005e-4fa5-a411-b0f41081b1ea\temp 
java_command: org.apache.catalina.startup.Bootstrap start
java_class_path (initial): D:\CODE WEB\page-movie-management\apache-tomee-webprofile-10.0.0\bin\bootstrap.jar;D:\CODE WEB\page-movie-management\apache-tomee-webprofile-10.0.0\bin\tomcat-juli.jar
Launcher Type: SUN_STANDARD

[Global flags]
     intx CICompilerCount                          = 4                                         {product} {ergonomic}
     uint ConcGCThreads                            = 2                                         {product} {ergonomic}
     uint G1ConcRefinementThreads                  = 8                                         {product} {ergonomic}
   size_t G1HeapRegionSize                         = 2097152                                   {product} {ergonomic}
    uintx GCDrainStackTargetSize                   = 64                                        {product} {ergonomic}
   size_t InitialHeapSize                          = 264241152                                 {product} {ergonomic}
     bool ManagementServer                         = true                                      {product} {command line}
   size_t MarkStackSize                            = 4194304                                   {product} {ergonomic}
   size_t MaxHeapSize                              = 4225761280                                {product} {ergonomic}
   size_t MaxNewSize                               = 2535456768                                {product} {ergonomic}
   size_t MinHeapDeltaBytes                        = 2097152                                   {product} {ergonomic}
   size_t MinHeapSize                              = 8388608                                   {product} {ergonomic}
    uintx NonNMethodCodeHeapSize                   = 5839372                                {pd product} {ergonomic}
    uintx NonProfiledCodeHeapSize                  = 122909434                              {pd product} {ergonomic}
    uintx ProfiledCodeHeapSize                     = 122909434                              {pd product} {ergonomic}
    uintx ReservedCodeCacheSize                    = 251658240                              {pd product} {ergonomic}
     bool SegmentedCodeCache                       = true                                      {product} {ergonomic}
   size_t SoftMaxHeapSize                          = 4225761280                             {manageable} {ergonomic}
     bool UseCompressedOops                        = true                           {product lp64_product} {ergonomic}
     bool UseG1GC                                  = true                                      {product} {ergonomic}
     bool UseLargePagesIndividualAllocation        = false                                  {pd product} {ergonomic}

Logging:
Log output configuration:
 #0: stdout all=warning uptime,level,tags foldmultilines=false
 #1: stderr all=off uptime,level,tags foldmultilines=false

Environment Variables:
JAVA_HOME=D:\java\jdk21
CLASSPATH=D:\CODE WEB\page-movie-management\apache-tomee-webprofile-10.0.0\bin\bootstrap.jar;D:\CODE WEB\page-movie-management\apache-tomee-webprofile-10.0.0\bin\tomcat-juli.jar
PATH=C:\Program Files\Microsoft MPI\Bin\;C:\Program Files\Common Files\Oracle\Java\javapath;C:\WINDOWS\system32;C:\WINDOWS;C:\WINDOWS\System32\Wbem;C:\WINDOWS\System32\WindowsPowerShell\v1.0\;C:\WINDOWS\System32\OpenSSH\;C:\Program Files\Microsoft SQL Server\Client SDK\ODBC\170\Tools\Binn\;D:\Install\bin;D:\Git\cmd;D:\XAMPP\php;C:\ProgramData\ComposerSetup\bin;C:\mingw64\bin;C:\TDM-GCC-32\bin;D:\notejs\;D:\XAMPP\mysql\bin;D:\Maven\bin;D:\Maven\apache-maven-3.9.9\bin;C:\Program Files (x86)\Microsoft SQL Server\160\Tools\Binn\;C:\Program Files\Microsoft SQL Server\160\Tools\Binn\;C:\Program Files\Microsoft SQL Server\160\DTS\Binn\;C:\Program Files (x86)\Microsoft SQL Server\160\DTS\Binn\;D:\python\Scripts\;D:\python\;D:\java\jdk21\bin;D:\Microsoft VS Code\bin;C:\Users\dell\AppData\Roaming\Composer\vendor\bin;C:\mingw64\bin;C:\Users\dell\AppData\Roaming\npm;D:\nodejs;D:\PyCharm\PyCharm Community Edition 2024.2.4\bin;;D:\Wireshark;D:\python3.10;D:\python39;D:\JetBrains\IntelliJ IDEA 2024.3.4.1\bin;;D:\Maven\bin;
USERNAME=dell
OS=Windows_NT
PROCESSOR_IDENTIFIER=Intel64 Family 6 Model 140 Stepping 1, GenuineIntel
TMP=C:\Users\dell\AppData\Local\Temp
TEMP=C:\Users\dell\AppData\Local\Temp




Periodic native trim disabled

---------------  S Y S T E M  ---------------

OS:
 Windows 10 , 64 bit Build 19041 (10.0.19041.5438)
OS uptime: 0 days 8:57 hours

CPU: total 8 (initial active 8) (4 cores per cpu, 2 threads per core) family 6 model 140 stepping 1 microcode 0xba, cx8, cmov, fxsr, ht, mmx, 3dnowpref, sse, sse2, sse3, ssse3, sse4.1, sse4.2, popcnt, lzcnt, tsc, tscinvbit, avx, avx2, aes, erms, clmul, bmi1, bmi2, adx, avx512f, avx512dq, avx512cd, avx512bw, avx512vl, sha, fma, vzeroupper, avx512_vpopcntdq, avx512_vpclmulqdq, avx512_vaes, avx512_vnni, clflush, clflushopt, clwb, avx512_vbmi2, avx512_vbmi, rdtscp, rdpid, fsrm, gfni, avx512_bitalg, f16c, pku, cet_ibt, cet_ss, avx512_ifma
Processor Information for all 8 processors :
  Max Mhz: 2419, Current Mhz: 2419, Mhz Limit: 2419

Memory: 4k page, system-wide physical 16118M (3688M free)
TotalPageFile size 18130M (AvailPageFile size 5M)
current process WorkingSet (physical memory assigned to process): 549M, peak: 553M
current process commit charge ("private bytes"): 587M, peak: 592M

vm_info: Java HotSpot(TM) 64-Bit Server VM (21.0.6+8-LTS-188) for windows-amd64 JRE (21.0.6+8-LTS-188), built on 2024-12-03T10:50:54Z by "mach5one" with MS VC++ 17.6 (VS2022)

END.
