#
# There is insufficient memory for the Java Runtime Environment to continue.
# Native memory allocation (malloc) failed to allocate 2123632 bytes for Chunk::new
# Possible reasons:
#   The system is out of physical RAM or swap space
#   The process is running with CompressedOops enabled, and the Java Heap may be blocking the growth of the native heap
# Possible solutions:
#   Reduce memory load on the system
#   Increase physical memory or swap space
#   Check if swap backing store is full
#   Decrease Java heap size (-Xmx/-Xms)
#   Decrease number of Java threads
#   Decrease Java thread stack sizes (-Xss)
#   Set larger code cache with -XX:ReservedCodeCacheSize=
#   JVM is running with Zero Based Compressed Oops mode in which the Java heap is
#     placed in the first 32GB address space. The Java Heap base address is the
#     maximum limit for the native heap growth. Please use -XX:HeapBaseMinAddress
#     to set the Java Heap base and to place the Java Heap above 32GB virtual address.
# This output file may be truncated or incomplete.
#
#  Out of Memory Error (arena.cpp:168), pid=16260, tid=9464
#
# JRE version: Java(TM) SE Runtime Environment (21.0.6+8) (build 21.0.6+8-LTS-188)
# Java VM: Java HotSpot(TM) 64-Bit Server VM (21.0.6+8-LTS-188, mixed mode, sharing, tiered, compressed oops, compressed class ptrs, g1 gc, windows-amd64)
# No core dump will be written. Minidumps are not enabled by default on client versions of Windows
#

---------------  S U M M A R Y ------------

Command Line: -Djava.util.logging.config.file=C:\Users\dell\AppData\Local\JetBrains\IntelliJIdea2024.3\tomcat\637303c7-005e-4fa5-a411-b0f41081b1ea\conf\logging.properties -Djava.util.logging.manager=org.apache.juli.ClassLoaderLogManager -javaagent:D:\CODE WEB\page-movie-management\apache-tomee-webprofile-10.0.0\lib\openejb-javaagent.jar -Dcom.sun.management.jmxremote= -Dcom.sun.management.jmxremote.port=1099 -Dcom.sun.management.jmxremote.ssl=false -Dcom.sun.management.jmxremote.password.file=C:\Users\dell\AppData\Local\JetBrains\IntelliJIdea2024.3\tomcat\637303c7-005e-4fa5-a411-b0f41081b1ea\jmxremote.password -Dcom.sun.management.jmxremote.access.file=C:\Users\dell\AppData\Local\JetBrains\IntelliJIdea2024.3\tomcat\637303c7-005e-4fa5-a411-b0f41081b1ea\jmxremote.access -Djava.rmi.server.hostname=127.0.0.1 -Dtomee.serialization.class.whitelist= -Dtomee.serialization.class.blacklist=- -Dtomee.remote.support=true -Dopenejb.system.apps=true -Djdk.tls.ephemeralDHKeySize=2048 -Djava.protocol.handler.pkgs=org.apache.catalina.webresources --add-opens=java.base/java.lang=ALL-UNNAMED --add-opens=java.base/java.io=ALL-UNNAMED --add-opens=java.base/java.util=ALL-UNNAMED --add-opens=java.base/java.util.concurrent=ALL-UNNAMED --add-opens=java.rmi/sun.rmi.transport=ALL-UNNAMED -Dcatalina.base=C:\Users\dell\AppData\Local\JetBrains\IntelliJIdea2024.3\tomcat\637303c7-005e-4fa5-a411-b0f41081b1ea -Dcatalina.home=D:\CODE WEB\page-movie-management\apache-tomee-webprofile-10.0.0 -Djava.io.tmpdir=C:\Users\dell\AppData\Local\JetBrains\IntelliJIdea2024.3\tomcat\637303c7-005e-4fa5-a411-b0f41081b1ea\temp org.apache.catalina.startup.Bootstrap start

Host: 11th Gen Intel(R) Core(TM) i5-1135G7 @ 2.40GHz, 8 cores, 15G,  Windows 10 , 64 bit Build 19041 (10.0.19041.5438)
Time: Wed Apr  2 23:37:26 2025 SE Asia Standard Time elapsed time: 5.905065 seconds (0d 0h 0m 5s)

---------------  T H R E A D  ---------------

Current thread (0x000001f97f5d7240):  JavaThread "C2 CompilerThread0" daemon [_thread_in_native, id=9464, stack(0x000000cfcf700000,0x000000cfcf800000) (1024K)]


Current CompileTask:
C2:   5905 4508       4       org.apache.xbean.asm9.ClassReader::accept (1419 bytes)

Stack: [0x000000cfcf700000,0x000000cfcf800000]
Native frames: (J=compiled Java code, j=interpreted, Vv=VM code, C=native code)
V  [jvm.dll+0x6ca6d9]
V  [jvm.dll+0x854f51]
V  [jvm.dll+0x85747e]
V  [jvm.dll+0x857b53]
V  [jvm.dll+0x27dcc6]
V  [jvm.dll+0xc4c2d]
V  [jvm.dll+0xc5163]
V  [jvm.dll+0x3b515c]
V  [jvm.dll+0x381855]
V  [jvm.dll+0x380cca]
V  [jvm.dll+0x246920]
V  [jvm.dll+0x245eff]
V  [jvm.dll+0x1c6d2e]
V  [jvm.dll+0x2554f9]
V  [jvm.dll+0x253a8a]
V  [jvm.dll+0x3ee576]
V  [jvm.dll+0x7ff2fb]
V  [jvm.dll+0x6c8dbd]
C  [ucrtbase.dll+0x21bb2]
C  [KERNEL32.DLL+0x17374]
C  [ntdll.dll+0x4cc91]


---------------  P R O C E S S  ---------------

Threads class SMR info:
_java_thread_list=0x000001f9610f6ad0, length=40, elements={
0x000001f9776a8fc0, 0x000001f97f5c3210, 0x000001f97f5c61e0, 0x000001f97f5c7fe0,
0x000001f97f5cbe30, 0x000001f97f5cedf0, 0x000001f97f5d0c00, 0x000001f97f5d7240,
0x000001f97f5d8080, 0x000001f97f595d60, 0x000001f9197cccf0, 0x000001f91981ac00,
0x000001f95f189d70, 0x000001f91989d9c0, 0x000001f919881a70, 0x000001f95f8ba8c0,
0x000001f960391010, 0x000001f960185540, 0x000001f960095720, 0x000001f9600977f0,
0x000001f960095db0, 0x000001f960095090, 0x000001f960096440, 0x000001f960096ad0,
0x000001f960094a00, 0x000001f960097160, 0x000001f9612eaec0, 0x000001f9612e8760,
0x000001f9612e9b10, 0x000001f9612ea1a0, 0x000001f9612edcb0, 0x000001f9612eb550,
0x000001f9612ec270, 0x000001f9612e7a40, 0x000001f9612ec900, 0x000001f9612e73b0,
0x000001f9612ecf90, 0x000001f9612e80d0, 0x000001f9604c29d0, 0x000001f960b66f40
}

Java Threads: ( => current thread )
  0x000001f9776a8fc0 JavaThread "main"                              [_thread_in_native, id=17044, stack(0x000000cfce900000,0x000000cfcea00000) (1024K)]
  0x000001f97f5c3210 JavaThread "Reference Handler"          daemon [_thread_blocked, id=8340, stack(0x000000cfcf100000,0x000000cfcf200000) (1024K)]
  0x000001f97f5c61e0 JavaThread "Finalizer"                  daemon [_thread_blocked, id=17332, stack(0x000000cfcf200000,0x000000cfcf300000) (1024K)]
  0x000001f97f5c7fe0 JavaThread "Signal Dispatcher"          daemon [_thread_blocked, id=20012, stack(0x000000cfcf300000,0x000000cfcf400000) (1024K)]
  0x000001f97f5cbe30 JavaThread "Attach Listener"            daemon [_thread_blocked, id=12956, stack(0x000000cfcf400000,0x000000cfcf500000) (1024K)]
  0x000001f97f5cedf0 JavaThread "Service Thread"             daemon [_thread_blocked, id=20432, stack(0x000000cfcf500000,0x000000cfcf600000) (1024K)]
  0x000001f97f5d0c00 JavaThread "Monitor Deflation Thread"   daemon [_thread_blocked, id=5920, stack(0x000000cfcf600000,0x000000cfcf700000) (1024K)]
=>0x000001f97f5d7240 JavaThread "C2 CompilerThread0"         daemon [_thread_in_native, id=9464, stack(0x000000cfcf700000,0x000000cfcf800000) (1024K)]
  0x000001f97f5d8080 JavaThread "C1 CompilerThread0"         daemon [_thread_blocked, id=6476, stack(0x000000cfcf800000,0x000000cfcf900000) (1024K)]
  0x000001f97f595d60 JavaThread "Common-Cleaner"             daemon [_thread_blocked, id=1316, stack(0x000000cfcf900000,0x000000cfcfa00000) (1024K)]
  0x000001f9197cccf0 JavaThread "FileHandlerLogFilesCleaner-1" daemon [_thread_blocked, id=6584, stack(0x000000cfcfa00000,0x000000cfcfb00000) (1024K)]
  0x000001f91981ac00 JavaThread "Notification Thread"        daemon [_thread_blocked, id=15696, stack(0x000000cfcfc00000,0x000000cfcfd00000) (1024K)]
  0x000001f95f189d70 JavaThread "RMI TCP Accept-0"           daemon [_thread_in_native, id=21268, stack(0x000000cfcfe00000,0x000000cfcff00000) (1024K)]
  0x000001f91989d9c0 JavaThread "RMI TCP Accept-1099"        daemon [_thread_in_native, id=18912, stack(0x000000cfcff00000,0x000000cfd0000000) (1024K)]
  0x000001f919881a70 JavaThread "RMI TCP Accept-0"           daemon [_thread_in_native, id=6236, stack(0x000000cfd0000000,0x000000cfd0100000) (1024K)]
  0x000001f95f8ba8c0 JavaThread "RMI TCP Connection(1)-127.0.0.1" daemon [_thread_in_native, id=8456, stack(0x000000cfd0800000,0x000000cfd0900000) (1024K)]
  0x000001f960391010 JavaThread "RMI Scheduler(0)"           daemon [_thread_blocked, id=1424, stack(0x000000cfd0900000,0x000000cfd0a00000) (1024K)]
  0x000001f960185540 JavaThread "RMI TCP Connection(2)-127.0.0.1" daemon [_thread_in_native, id=5828, stack(0x000000cfd0a00000,0x000000cfd0b00000) (1024K)]
  0x000001f960095720 JavaThread "AsyncFileHandlerWriter-1"   daemon [_thread_blocked, id=15248, stack(0x000000cfd0b00000,0x000000cfd0c00000) (1024K)]
  0x000001f9600977f0 JavaThread "mysql-cj-abandoned-connection-cleanup" daemon [_thread_blocked, id=5568, stack(0x000000cfd0c00000,0x000000cfd0d00000) (1024K)]
  0x000001f960095db0 JavaThread "RetryTimer"                 daemon [_thread_blocked, id=17200, stack(0x000000cfd0d00000,0x000000cfd0e00000) (1024K)]
  0x000001f960095090 JavaThread "Tomcat JDBC Pool Cleaner[97652294:1743611842775]" daemon [_thread_blocked, id=20792, stack(0x000000cfd0e00000,0x000000cfd0f00000) (1024K)]
  0x000001f960096440 JavaThread "DelayedCachedOutputStreamCleaner" daemon [_thread_blocked, id=11052, stack(0x000000cfd1000000,0x000000cfd1100000) (1024K)]
  0x000001f960096ad0 JavaThread "Catalina-utility-1"                [_thread_blocked, id=10700, stack(0x000000cfd1200000,0x000000cfd1300000) (1024K)]
  0x000001f960094a00 JavaThread "Catalina-utility-2"                [_thread_blocked, id=18352, stack(0x000000cfd1300000,0x000000cfd1400000) (1024K)]
  0x000001f960097160 JavaThread "http-nio-8080-exec-1"       daemon [_thread_blocked, id=18648, stack(0x000000cfd1100000,0x000000cfd1200000) (1024K)]
  0x000001f9612eaec0 JavaThread "http-nio-8080-exec-2"       daemon [_thread_blocked, id=11792, stack(0x000000cfd1400000,0x000000cfd1500000) (1024K)]
  0x000001f9612e8760 JavaThread "http-nio-8080-exec-3"       daemon [_thread_blocked, id=10536, stack(0x000000cfd1500000,0x000000cfd1600000) (1024K)]
  0x000001f9612e9b10 JavaThread "http-nio-8080-exec-4"       daemon [_thread_in_native, id=12240, stack(0x000000cfd1600000,0x000000cfd1700000) (1024K)]
  0x000001f9612ea1a0 JavaThread "http-nio-8080-exec-5"       daemon [_thread_blocked, id=4908, stack(0x000000cfd1700000,0x000000cfd1800000) (1024K)]
  0x000001f9612edcb0 JavaThread "http-nio-8080-exec-6"       daemon [_thread_blocked, id=1136, stack(0x000000cfd1800000,0x000000cfd1900000) (1024K)]
  0x000001f9612eb550 JavaThread "http-nio-8080-exec-7"       daemon [_thread_blocked, id=18496, stack(0x000000cfd1900000,0x000000cfd1a00000) (1024K)]
  0x000001f9612ec270 JavaThread "http-nio-8080-exec-8"       daemon [_thread_blocked, id=9548, stack(0x000000cfd1a00000,0x000000cfd1b00000) (1024K)]
  0x000001f9612e7a40 JavaThread "http-nio-8080-exec-9"       daemon [_thread_blocked, id=18616, stack(0x000000cfd1b00000,0x000000cfd1c00000) (1024K)]
  0x000001f9612ec900 JavaThread "http-nio-8080-exec-10"      daemon [_thread_blocked, id=17084, stack(0x000000cfd1c00000,0x000000cfd1d00000) (1024K)]
  0x000001f9612e73b0 JavaThread "http-nio-8080-Poller"       daemon [_thread_in_native, id=10432, stack(0x000000cfd1d00000,0x000000cfd1e00000) (1024K)]
  0x000001f9612ecf90 JavaThread "http-nio-8080-Acceptor"     daemon [_thread_in_native, id=15228, stack(0x000000cfd1e00000,0x000000cfd1f00000) (1024K)]
  0x000001f9612e80d0 JavaThread "Thread-24"                  daemon [_thread_blocked, id=4468, stack(0x000000cfcfb00000,0x000000cfcfc00000) (1024K)]
  0x000001f9604c29d0 JavaThread "C2 CompilerThread1"         daemon [_thread_in_native, id=2536, stack(0x000000cfcfd00000,0x000000cfcfe00000) (1024K)]
  0x000001f960b66f40 JavaThread "C2 CompilerThread2"         daemon [_thread_in_native, id=20984, stack(0x000000cfd1f00000,0x000000cfd2000000) (1024K)]
Total: 40

Other Threads:
  0x000001f97f5a5170 VMThread "VM Thread"                           [id=16820, stack(0x000000cfcf000000,0x000000cfcf100000) (1024K)]
  0x000001f97f5938e0 WatcherThread "VM Periodic Task Thread"        [id=3720, stack(0x000000cfcef00000,0x000000cfcf000000) (1024K)]
  0x000001f97994e1e0 WorkerThread "GC Thread#0"                     [id=11288, stack(0x000000cfcea00000,0x000000cfceb00000) (1024K)]
  0x000001f95f29b1e0 WorkerThread "GC Thread#1"                     [id=10220, stack(0x000000cfd0100000,0x000000cfd0200000) (1024K)]
  0x000001f95f29b580 WorkerThread "GC Thread#2"                     [id=6572, stack(0x000000cfd0200000,0x000000cfd0300000) (1024K)]
  0x000001f919870ef0 WorkerThread "GC Thread#3"                     [id=9808, stack(0x000000cfd0300000,0x000000cfd0400000) (1024K)]
  0x000001f9198716a0 WorkerThread "GC Thread#4"                     [id=20260, stack(0x000000cfd0400000,0x000000cfd0500000) (1024K)]
  0x000001f95f34a490 WorkerThread "GC Thread#5"                     [id=8332, stack(0x000000cfd0500000,0x000000cfd0600000) (1024K)]
  0x000001f95f4f8200 WorkerThread "GC Thread#6"                     [id=19080, stack(0x000000cfd0600000,0x000000cfd0700000) (1024K)]
  0x000001f95f4f85a0 WorkerThread "GC Thread#7"                     [id=15080, stack(0x000000cfd0700000,0x000000cfd0800000) (1024K)]
  0x000001f97776de90 ConcurrentGCThread "G1 Main Marker"            [id=7256, stack(0x000000cfceb00000,0x000000cfcec00000) (1024K)]
  0x000001f97995bf60 WorkerThread "G1 Conc#0"                       [id=12604, stack(0x000000cfcec00000,0x000000cfced00000) (1024K)]
  0x000001f960515680 WorkerThread "G1 Conc#1"                       [id=19396, stack(0x000000cfd0f00000,0x000000cfd1000000) (1024K)]
  0x000001f97f4691b0 ConcurrentGCThread "G1 Refine#0"               [id=7872, stack(0x000000cfced00000,0x000000cfcee00000) (1024K)]
  0x000001f97f469b30 ConcurrentGCThread "G1 Service"                [id=11468, stack(0x000000cfcee00000,0x000000cfcef00000) (1024K)]
Total: 15

Threads with active compile tasks:
C2 CompilerThread0     5915 4508       4       org.apache.xbean.asm9.ClassReader::accept (1419 bytes)
C2 CompilerThread1     5915 4516       4       org.apache.xbean.finder.archive.FilteredArchive$FilteredIterator::hasNext (32 bytes)
C2 CompilerThread2     5916 4601       4       java.util.regex.Pattern::compile (537 bytes)
Total: 3

VM state: not at safepoint (normal execution)

VM Mutex/Monitor currently owned by a thread: None

Heap address: 0x0000000704200000, size: 4030 MB, Compressed Oops mode: Zero based, Oop shift amount: 3

CDS archive(s) mapped at: [0x000001f91a000000-0x000001f91ac90000-0x000001f91ac90000), size 13172736, SharedBaseAddress: 0x000001f91a000000, ArchiveRelocationMode: 1.
Compressed class space mapped at: 0x000001f91b000000-0x000001f95b000000, reserved size: 1073741824
Narrow klass base: 0x000001f91a000000, Narrow klass shift: 0, Narrow klass range: 0x100000000

GC Precious Log:
 CardTable entry size: 512
 Card Set container configuration: InlinePtr #cards 4 size 8 Array Of Cards #cards 16 size 48 Howl #buckets 8 coarsen threshold 3686 Howl Bitmap #cards 512 size 80 coarsen threshold 460 Card regions per heap region 1 cards per card region 4096
 CPUs: 8 total, 8 available
 Memory: 16118M
 Large Page Support: Disabled
 NUMA Support: Disabled
 Compressed Oops: Enabled (Zero based)
 Heap Region Size: 2M
 Heap Min Capacity: 8M
 Heap Initial Capacity: 252M
 Heap Max Capacity: 4030M
 Pre-touch: Disabled
 Parallel Workers: 8
 Concurrent Workers: 2
 Concurrent Refinement Workers: 8
 Periodic GC: Disabled

Heap:
 garbage-first heap   total 237568K, used 57782K [0x0000000704200000, 0x0000000800000000)
  region size 2048K, 14 young (28672K), 2 survivors (4096K)
 Metaspace       used 36679K, committed 37248K, reserved 1114112K
  class space    used 3945K, committed 4224K, reserved 1048576K

Heap Regions: E=young(eden), S=young(survivor), O=old, HS=humongous(starts), HC=humongous(continues), CS=collection set, F=free, TAMS=top-at-mark-start, PB=parsable bottom
|   0|0x0000000704200000, 0x0000000704400000, 0x0000000704400000|100%| O|  |TAMS 0x0000000704200000| PB 0x0000000704200000| Untracked 
|   1|0x0000000704400000, 0x0000000704600000, 0x0000000704600000|100%| O|  |TAMS 0x0000000704400000| PB 0x0000000704400000| Untracked 
|   2|0x0000000704600000, 0x00000007047ea390, 0x0000000704800000| 95%| O|  |TAMS 0x0000000704600000| PB 0x0000000704600000| Untracked 
|   3|0x0000000704800000, 0x0000000704a00000, 0x0000000704a00000|100%| O|  |TAMS 0x0000000704800000| PB 0x0000000704800000| Untracked 
|   4|0x0000000704a00000, 0x0000000704c00000, 0x0000000704c00000|100%| O|  |TAMS 0x0000000704a00000| PB 0x0000000704a00000| Untracked 
|   5|0x0000000704c00000, 0x0000000704de7e68, 0x0000000704e00000| 95%| O|  |TAMS 0x0000000704c00000| PB 0x0000000704c00000| Untracked 
|   6|0x0000000704e00000, 0x0000000704e1d0a0, 0x0000000705000000|  5%| O|Cm|TAMS 0x0000000704e00000| PB 0x0000000704e00000| Complete 
|   7|0x0000000705000000, 0x0000000705200000, 0x0000000705200000|100%| O|  |TAMS 0x0000000705000000| PB 0x0000000705000000| Untracked 
|   8|0x0000000705200000, 0x0000000705400000, 0x0000000705400000|100%| O|  |TAMS 0x0000000705200000| PB 0x0000000705200000| Untracked 
|   9|0x0000000705400000, 0x0000000705600000, 0x0000000705600000|100%| O|  |TAMS 0x0000000705400000| PB 0x0000000705400000| Untracked 
|  10|0x0000000705600000, 0x0000000705800000, 0x0000000705800000|100%| O|  |TAMS 0x0000000705600000| PB 0x0000000705600000| Untracked 
|  11|0x0000000705800000, 0x0000000705a00000, 0x0000000705a00000|100%| O|  |TAMS 0x0000000705800000| PB 0x0000000705800000| Untracked 
|  12|0x0000000705a00000, 0x0000000705c00000, 0x0000000705c00000|100%| O|  |TAMS 0x0000000705a00000| PB 0x0000000705a00000| Untracked 
|  13|0x0000000705c00000, 0x0000000705e00000, 0x0000000705e00000|100%| O|  |TAMS 0x0000000705c00000| PB 0x0000000705c00000| Untracked 
|  14|0x0000000705e00000, 0x0000000705f04850, 0x0000000706000000| 50%| O|  |TAMS 0x0000000705e00000| PB 0x0000000705e00000| Untracked 
|  15|0x0000000706000000, 0x0000000706000000, 0x0000000706200000|  0%| F|  |TAMS 0x0000000706000000| PB 0x0000000706000000| Untracked 
|  16|0x0000000706200000, 0x0000000706200000, 0x0000000706400000|  0%| F|  |TAMS 0x0000000706200000| PB 0x0000000706200000| Untracked 
|  17|0x0000000706400000, 0x0000000706400000, 0x0000000706600000|  0%| F|  |TAMS 0x0000000706400000| PB 0x0000000706400000| Untracked 
|  18|0x0000000706600000, 0x0000000706600000, 0x0000000706800000|  0%| F|  |TAMS 0x0000000706600000| PB 0x0000000706600000| Untracked 
|  19|0x0000000706800000, 0x0000000706800000, 0x0000000706a00000|  0%| F|  |TAMS 0x0000000706800000| PB 0x0000000706800000| Untracked 
|  20|0x0000000706a00000, 0x0000000706a00000, 0x0000000706c00000|  0%| F|  |TAMS 0x0000000706a00000| PB 0x0000000706a00000| Untracked 
|  21|0x0000000706c00000, 0x0000000706c00000, 0x0000000706e00000|  0%| F|  |TAMS 0x0000000706c00000| PB 0x0000000706c00000| Untracked 
|  22|0x0000000706e00000, 0x0000000706e00000, 0x0000000707000000|  0%| F|  |TAMS 0x0000000706e00000| PB 0x0000000706e00000| Untracked 
|  23|0x0000000707000000, 0x0000000707000000, 0x0000000707200000|  0%| F|  |TAMS 0x0000000707000000| PB 0x0000000707000000| Untracked 
|  24|0x0000000707200000, 0x0000000707200000, 0x0000000707400000|  0%| F|  |TAMS 0x0000000707200000| PB 0x0000000707200000| Untracked 
|  25|0x0000000707400000, 0x0000000707400000, 0x0000000707600000|  0%| F|  |TAMS 0x0000000707400000| PB 0x0000000707400000| Untracked 
|  26|0x0000000707600000, 0x0000000707600000, 0x0000000707800000|  0%| F|  |TAMS 0x0000000707600000| PB 0x0000000707600000| Untracked 
|  27|0x0000000707800000, 0x0000000707a00000, 0x0000000707a00000|100%| O|  |TAMS 0x0000000707800000| PB 0x0000000707800000| Untracked 
|  28|0x0000000707a00000, 0x0000000707c00000, 0x0000000707c00000|100%| O|  |TAMS 0x0000000707a00000| PB 0x0000000707a00000| Untracked 
|  29|0x0000000707c00000, 0x0000000707e00000, 0x0000000707e00000|100%| O|  |TAMS 0x0000000707c00000| PB 0x0000000707c00000| Untracked 
|  30|0x0000000707e00000, 0x0000000707e00000, 0x0000000708000000|  0%| F|  |TAMS 0x0000000707e00000| PB 0x0000000707e00000| Untracked 
|  31|0x0000000708000000, 0x0000000708000000, 0x0000000708200000|  0%| F|  |TAMS 0x0000000708000000| PB 0x0000000708000000| Untracked 
|  32|0x0000000708200000, 0x0000000708200000, 0x0000000708400000|  0%| F|  |TAMS 0x0000000708200000| PB 0x0000000708200000| Untracked 
|  33|0x0000000708400000, 0x0000000708400000, 0x0000000708600000|  0%| F|  |TAMS 0x0000000708400000| PB 0x0000000708400000| Untracked 
|  34|0x0000000708600000, 0x0000000708600000, 0x0000000708800000|  0%| F|  |TAMS 0x0000000708600000| PB 0x0000000708600000| Untracked 
|  35|0x0000000708800000, 0x0000000708979eb0, 0x0000000708a00000| 73%| S|CS|TAMS 0x0000000708800000| PB 0x0000000708800000| Complete 
|  36|0x0000000708a00000, 0x0000000708c00000, 0x0000000708c00000|100%| S|CS|TAMS 0x0000000708a00000| PB 0x0000000708a00000| Complete 
|  37|0x0000000708c00000, 0x0000000708c00000, 0x0000000708e00000|  0%| F|  |TAMS 0x0000000708c00000| PB 0x0000000708c00000| Untracked 
|  38|0x0000000708e00000, 0x0000000708e00000, 0x0000000709000000|  0%| F|  |TAMS 0x0000000708e00000| PB 0x0000000708e00000| Untracked 
|  39|0x0000000709000000, 0x0000000709000000, 0x0000000709200000|  0%| F|  |TAMS 0x0000000709000000| PB 0x0000000709000000| Untracked 
|  40|0x0000000709200000, 0x0000000709200000, 0x0000000709400000|  0%| F|  |TAMS 0x0000000709200000| PB 0x0000000709200000| Untracked 
|  41|0x0000000709400000, 0x0000000709400000, 0x0000000709600000|  0%| F|  |TAMS 0x0000000709400000| PB 0x0000000709400000| Untracked 
|  42|0x0000000709600000, 0x0000000709600000, 0x0000000709800000|  0%| F|  |TAMS 0x0000000709600000| PB 0x0000000709600000| Untracked 
|  43|0x0000000709800000, 0x0000000709800000, 0x0000000709a00000|  0%| F|  |TAMS 0x0000000709800000| PB 0x0000000709800000| Untracked 
|  44|0x0000000709a00000, 0x0000000709a00000, 0x0000000709c00000|  0%| F|  |TAMS 0x0000000709a00000| PB 0x0000000709a00000| Untracked 
|  45|0x0000000709c00000, 0x0000000709c00000, 0x0000000709e00000|  0%| F|  |TAMS 0x0000000709c00000| PB 0x0000000709c00000| Untracked 
|  46|0x0000000709e00000, 0x0000000709e00000, 0x000000070a000000|  0%| F|  |TAMS 0x0000000709e00000| PB 0x0000000709e00000| Untracked 
|  47|0x000000070a000000, 0x000000070a000000, 0x000000070a200000|  0%| F|  |TAMS 0x000000070a000000| PB 0x000000070a000000| Untracked 
|  48|0x000000070a200000, 0x000000070a200000, 0x000000070a400000|  0%| F|  |TAMS 0x000000070a200000| PB 0x000000070a200000| Untracked 
|  49|0x000000070a400000, 0x000000070a400000, 0x000000070a600000|  0%| F|  |TAMS 0x000000070a400000| PB 0x000000070a400000| Untracked 
|  50|0x000000070a600000, 0x000000070a600000, 0x000000070a800000|  0%| F|  |TAMS 0x000000070a600000| PB 0x000000070a600000| Untracked 
|  51|0x000000070a800000, 0x000000070a800000, 0x000000070aa00000|  0%| F|  |TAMS 0x000000070a800000| PB 0x000000070a800000| Untracked 
|  52|0x000000070aa00000, 0x000000070aa00000, 0x000000070ac00000|  0%| F|  |TAMS 0x000000070aa00000| PB 0x000000070aa00000| Untracked 
|  53|0x000000070ac00000, 0x000000070ac00000, 0x000000070ae00000|  0%| F|  |TAMS 0x000000070ac00000| PB 0x000000070ac00000| Untracked 
|  54|0x000000070ae00000, 0x000000070ae00000, 0x000000070b000000|  0%| F|  |TAMS 0x000000070ae00000| PB 0x000000070ae00000| Untracked 
|  55|0x000000070b000000, 0x000000070b000000, 0x000000070b200000|  0%| F|  |TAMS 0x000000070b000000| PB 0x000000070b000000| Untracked 
|  56|0x000000070b200000, 0x000000070b200000, 0x000000070b400000|  0%| F|  |TAMS 0x000000070b200000| PB 0x000000070b200000| Untracked 
|  57|0x000000070b400000, 0x000000070b400000, 0x000000070b600000|  0%| F|  |TAMS 0x000000070b400000| PB 0x000000070b400000| Untracked 
|  58|0x000000070b600000, 0x000000070b600000, 0x000000070b800000|  0%| F|  |TAMS 0x000000070b600000| PB 0x000000070b600000| Untracked 
|  59|0x000000070b800000, 0x000000070b800000, 0x000000070ba00000|  0%| F|  |TAMS 0x000000070b800000| PB 0x000000070b800000| Untracked 
|  60|0x000000070ba00000, 0x000000070ba00000, 0x000000070bc00000|  0%| F|  |TAMS 0x000000070ba00000| PB 0x000000070ba00000| Untracked 
|  61|0x000000070bc00000, 0x000000070bc00000, 0x000000070be00000|  0%| F|  |TAMS 0x000000070bc00000| PB 0x000000070bc00000| Untracked 
|  62|0x000000070be00000, 0x000000070be00000, 0x000000070c000000|  0%| F|  |TAMS 0x000000070be00000| PB 0x000000070be00000| Untracked 
|  63|0x000000070c000000, 0x000000070c000000, 0x000000070c200000|  0%| F|  |TAMS 0x000000070c000000| PB 0x000000070c000000| Untracked 
|  64|0x000000070c200000, 0x000000070c200000, 0x000000070c400000|  0%| F|  |TAMS 0x000000070c200000| PB 0x000000070c200000| Untracked 
|  65|0x000000070c400000, 0x000000070c400000, 0x000000070c600000|  0%| F|  |TAMS 0x000000070c400000| PB 0x000000070c400000| Untracked 
|  66|0x000000070c600000, 0x000000070c600000, 0x000000070c800000|  0%| F|  |TAMS 0x000000070c600000| PB 0x000000070c600000| Untracked 
|  67|0x000000070c800000, 0x000000070c800000, 0x000000070ca00000|  0%| F|  |TAMS 0x000000070c800000| PB 0x000000070c800000| Untracked 
|  68|0x000000070ca00000, 0x000000070ca00000, 0x000000070cc00000|  0%| F|  |TAMS 0x000000070ca00000| PB 0x000000070ca00000| Untracked 
|  69|0x000000070cc00000, 0x000000070cc00000, 0x000000070ce00000|  0%| F|  |TAMS 0x000000070cc00000| PB 0x000000070cc00000| Untracked 
|  70|0x000000070ce00000, 0x000000070ce00000, 0x000000070d000000|  0%| F|  |TAMS 0x000000070ce00000| PB 0x000000070ce00000| Untracked 
|  71|0x000000070d000000, 0x000000070d000000, 0x000000070d200000|  0%| F|  |TAMS 0x000000070d000000| PB 0x000000070d000000| Untracked 
|  72|0x000000070d200000, 0x000000070d200000, 0x000000070d400000|  0%| F|  |TAMS 0x000000070d200000| PB 0x000000070d200000| Untracked 
|  73|0x000000070d400000, 0x000000070d400000, 0x000000070d600000|  0%| F|  |TAMS 0x000000070d400000| PB 0x000000070d400000| Untracked 
|  74|0x000000070d600000, 0x000000070d600000, 0x000000070d800000|  0%| F|  |TAMS 0x000000070d600000| PB 0x000000070d600000| Untracked 
|  75|0x000000070d800000, 0x000000070d800000, 0x000000070da00000|  0%| F|  |TAMS 0x000000070d800000| PB 0x000000070d800000| Untracked 
|  76|0x000000070da00000, 0x000000070da00000, 0x000000070dc00000|  0%| F|  |TAMS 0x000000070da00000| PB 0x000000070da00000| Untracked 
|  77|0x000000070dc00000, 0x000000070dc00000, 0x000000070de00000|  0%| F|  |TAMS 0x000000070dc00000| PB 0x000000070dc00000| Untracked 
|  78|0x000000070de00000, 0x000000070de00000, 0x000000070e000000|  0%| F|  |TAMS 0x000000070de00000| PB 0x000000070de00000| Untracked 
|  79|0x000000070e000000, 0x000000070e000000, 0x000000070e200000|  0%| F|  |TAMS 0x000000070e000000| PB 0x000000070e000000| Untracked 
|  80|0x000000070e200000, 0x000000070e200000, 0x000000070e400000|  0%| F|  |TAMS 0x000000070e200000| PB 0x000000070e200000| Untracked 
|  81|0x000000070e400000, 0x000000070e400000, 0x000000070e600000|  0%| F|  |TAMS 0x000000070e400000| PB 0x000000070e400000| Untracked 
|  82|0x000000070e600000, 0x000000070e600000, 0x000000070e800000|  0%| F|  |TAMS 0x000000070e600000| PB 0x000000070e600000| Untracked 
|  83|0x000000070e800000, 0x000000070e800000, 0x000000070ea00000|  0%| F|  |TAMS 0x000000070e800000| PB 0x000000070e800000| Untracked 
|  84|0x000000070ea00000, 0x000000070ea00000, 0x000000070ec00000|  0%| F|  |TAMS 0x000000070ea00000| PB 0x000000070ea00000| Untracked 
|  85|0x000000070ec00000, 0x000000070ec00000, 0x000000070ee00000|  0%| F|  |TAMS 0x000000070ec00000| PB 0x000000070ec00000| Untracked 
|  86|0x000000070ee00000, 0x000000070ee00000, 0x000000070f000000|  0%| F|  |TAMS 0x000000070ee00000| PB 0x000000070ee00000| Untracked 
|  87|0x000000070f000000, 0x000000070f000000, 0x000000070f200000|  0%| F|  |TAMS 0x000000070f000000| PB 0x000000070f000000| Untracked 
|  88|0x000000070f200000, 0x000000070f200000, 0x000000070f400000|  0%| F|  |TAMS 0x000000070f200000| PB 0x000000070f200000| Untracked 
|  89|0x000000070f400000, 0x000000070f400000, 0x000000070f600000|  0%| F|  |TAMS 0x000000070f400000| PB 0x000000070f400000| Untracked 
|  90|0x000000070f600000, 0x000000070f600000, 0x000000070f800000|  0%| F|  |TAMS 0x000000070f600000| PB 0x000000070f600000| Untracked 
|  91|0x000000070f800000, 0x000000070f800000, 0x000000070fa00000|  0%| F|  |TAMS 0x000000070f800000| PB 0x000000070f800000| Untracked 
|  92|0x000000070fa00000, 0x000000070fa00000, 0x000000070fc00000|  0%| F|  |TAMS 0x000000070fa00000| PB 0x000000070fa00000| Untracked 
|  93|0x000000070fc00000, 0x000000070fc00000, 0x000000070fe00000|  0%| F|  |TAMS 0x000000070fc00000| PB 0x000000070fc00000| Untracked 
|  94|0x000000070fe00000, 0x000000070fe00000, 0x0000000710000000|  0%| F|  |TAMS 0x000000070fe00000| PB 0x000000070fe00000| Untracked 
|  95|0x0000000710000000, 0x0000000710000000, 0x0000000710200000|  0%| F|  |TAMS 0x0000000710000000| PB 0x0000000710000000| Untracked 
|  96|0x0000000710200000, 0x0000000710200000, 0x0000000710400000|  0%| F|  |TAMS 0x0000000710200000| PB 0x0000000710200000| Untracked 
|  97|0x0000000710400000, 0x0000000710400000, 0x0000000710600000|  0%| F|  |TAMS 0x0000000710400000| PB 0x0000000710400000| Untracked 
|  98|0x0000000710600000, 0x0000000710600000, 0x0000000710800000|  0%| F|  |TAMS 0x0000000710600000| PB 0x0000000710600000| Untracked 
|  99|0x0000000710800000, 0x0000000710800000, 0x0000000710a00000|  0%| F|  |TAMS 0x0000000710800000| PB 0x0000000710800000| Untracked 
| 100|0x0000000710a00000, 0x0000000710a00000, 0x0000000710c00000|  0%| F|  |TAMS 0x0000000710a00000| PB 0x0000000710a00000| Untracked 
| 101|0x0000000710c00000, 0x0000000710c00000, 0x0000000710e00000|  0%| F|  |TAMS 0x0000000710c00000| PB 0x0000000710c00000| Untracked 
| 102|0x0000000710e00000, 0x0000000710e00000, 0x0000000711000000|  0%| F|  |TAMS 0x0000000710e00000| PB 0x0000000710e00000| Untracked 
| 103|0x0000000711000000, 0x00000007110ed570, 0x0000000711200000| 46%| E|  |TAMS 0x0000000711000000| PB 0x0000000711000000| Complete 
| 104|0x0000000711200000, 0x00000007113ffc80, 0x0000000711400000| 99%| E|  |TAMS 0x0000000711200000| PB 0x0000000711200000| Complete 
| 105|0x0000000711400000, 0x0000000711600000, 0x0000000711600000|100%| E|CS|TAMS 0x0000000711400000| PB 0x0000000711400000| Complete 
| 106|0x0000000711600000, 0x00000007117ffff8, 0x0000000711800000| 99%| E|CS|TAMS 0x0000000711600000| PB 0x0000000711600000| Complete 
| 107|0x0000000711800000, 0x0000000711a00000, 0x0000000711a00000|100%| E|CS|TAMS 0x0000000711800000| PB 0x0000000711800000| Complete 
| 108|0x0000000711a00000, 0x0000000711c00000, 0x0000000711c00000|100%| E|CS|TAMS 0x0000000711a00000| PB 0x0000000711a00000| Complete 
| 109|0x0000000711c00000, 0x0000000711e00000, 0x0000000711e00000|100%| E|CS|TAMS 0x0000000711c00000| PB 0x0000000711c00000| Complete 
| 110|0x0000000711e00000, 0x0000000712000000, 0x0000000712000000|100%| E|CS|TAMS 0x0000000711e00000| PB 0x0000000711e00000| Complete 
| 111|0x0000000712000000, 0x0000000712200000, 0x0000000712200000|100%| E|CS|TAMS 0x0000000712000000| PB 0x0000000712000000| Complete 
| 112|0x0000000712200000, 0x0000000712400000, 0x0000000712400000|100%| E|CS|TAMS 0x0000000712200000| PB 0x0000000712200000| Complete 
| 113|0x0000000712400000, 0x0000000712600000, 0x0000000712600000|100%| E|CS|TAMS 0x0000000712400000| PB 0x0000000712400000| Complete 
| 114|0x0000000712600000, 0x0000000712800000, 0x0000000712800000|100%| E|CS|TAMS 0x0000000712600000| PB 0x0000000712600000| Complete 
| 115|0x0000000712800000, 0x0000000712a00000, 0x0000000712a00000|100%| E|CS|TAMS 0x0000000712800000| PB 0x0000000712800000| Complete 

Card table byte_map: [0x000001f97a4c0000,0x000001f97aca0000] _byte_map_base: 0x000001f976c9f000

Marking Bits: (CMBitMap*) 0x000001f97994e7f0
 Bits: [0x000001f97aca0000, 0x000001f97eb98000)

Polling page: 0x000001f9790b0000

Metaspace:

Usage:
  Non-class:     31.97 MB used.
      Class:      3.85 MB used.
       Both:     35.82 MB used.

Virtual space:
  Non-class space:       64.00 MB reserved,      32.25 MB ( 50%) committed,  1 nodes.
      Class space:        1.00 GB reserved,       4.12 MB ( <1%) committed,  1 nodes.
             Both:        1.06 GB reserved,      36.38 MB (  3%) committed. 

Chunk freelists:
   Non-Class:  15.50 MB
       Class:  11.86 MB
        Both:  27.36 MB

MaxMetaspaceSize: unlimited
CompressedClassSpaceSize: 1.00 GB
Initial GC threshold: 21.00 MB
Current GC threshold: 60.44 MB
CDS: on
 - commit_granule_bytes: 65536.
 - commit_granule_words: 8192.
 - virtual_space_node_default_size: 8388608.
 - enlarge_chunks_in_place: 1.
 - use_allocation_guard: 0.


Internal statistics:

num_allocs_failed_limit: 3.
num_arena_births: 728.
num_arena_deaths: 0.
num_vsnodes_births: 2.
num_vsnodes_deaths: 0.
num_space_committed: 581.
num_space_uncommitted: 0.
num_chunks_returned_to_freelist: 3.
num_chunks_taken_from_freelist: 1723.
num_chunk_merges: 3.
num_chunk_splits: 1124.
num_chunks_enlarged: 694.
num_inconsistent_stats: 0.

CodeHeap 'non-profiled nmethods': size=120000Kb used=2046Kb max_used=2242Kb free=117953Kb
 bounds [0x000001f90fe90000, 0x000001f910100000, 0x000001f9173c0000]
CodeHeap 'profiled nmethods': size=120000Kb used=7435Kb max_used=8797Kb free=112564Kb
 bounds [0x000001f9083c0000, 0x000001f908c60000, 0x000001f90f8f0000]
CodeHeap 'non-nmethods': size=5760Kb used=1793Kb max_used=1836Kb free=3966Kb
 bounds [0x000001f90f8f0000, 0x000001f90fb60000, 0x000001f90fe90000]
 total_blobs=4464 nmethods=3810 adapters=557
 compilation: enabled
              stopped_count=0, restarted_count=0
 full_count=0

Compilation events (20 events):
Event: 5.868 Thread 0x000001f960b66f40 4592       4       java.util.regex.Matcher::search (154 bytes)
Event: 5.871 Thread 0x000001f97f5d8080 nmethod 4588 0x000001f908769b90 code [0x000001f90876a400, 0x000001f90876f338]
Event: 5.871 Thread 0x000001f97f5d8080 4593       3       org.apache.openejb.util.AnnotationFinder::addClassName (63 bytes)
Event: 5.872 Thread 0x000001f97f5d8080 nmethod 4593 0x000001f90893ca90 code [0x000001f90893cda0, 0x000001f90893dbe8]
Event: 5.872 Thread 0x000001f97f5d8080 4586       3       java.util.regex.Pattern$Dollar::study (14 bytes)
Event: 5.872 Thread 0x000001f97f5d8080 nmethod 4586 0x000001f90888c490 code [0x000001f90888c640, 0x000001f90888c838]
Event: 5.872 Thread 0x000001f97f5d8080 4589   !   3       java.util.regex.Matcher::appendReplacement (65 bytes)
Event: 5.872 Thread 0x000001f97f5d8080 nmethod 4589 0x000001f908a99a10 code [0x000001f908a99c20, 0x000001f908a9a1f8]
Event: 5.873 Thread 0x000001f97f5d8080 4590       3       java.util.regex.Matcher::appendTail (19 bytes)
Event: 5.873 Thread 0x000001f97f5d8080 nmethod 4590 0x000001f9089ee110 code [0x000001f9089ee2e0, 0x000001f9089ee5e8]
Event: 5.873 Thread 0x000001f97f5d8080 4595       3       java.util.regex.Matcher::replaceFirst (63 bytes)
Event: 5.874 Thread 0x000001f97f5d8080 nmethod 4595 0x000001f908512210 code [0x000001f9085124a0, 0x000001f908512d98]
Event: 5.874 Thread 0x000001f97f5d8080 4594       3       java.lang.String::replaceFirst (13 bytes)
Event: 5.874 Thread 0x000001f97f5d8080 nmethod 4594 0x000001f908acaa10 code [0x000001f908acabe0, 0x000001f908acae80]
Event: 5.876 Thread 0x000001f960b66f40 nmethod 4592 0x000001f90fff6510 code [0x000001f90fff66e0, 0x000001f90fff6b38]
Event: 5.876 Thread 0x000001f960b66f40 4587       4       java.util.regex.Pattern$Start::match (90 bytes)
Event: 5.878 Thread 0x000001f960b66f40 nmethod 4587 0x000001f90ff91510 code [0x000001f90ff916a0, 0x000001f90ff91888]
Event: 5.878 Thread 0x000001f960b66f40 4599   !   4       java.util.regex.Pattern::closure (276 bytes)
Event: 5.897 Thread 0x000001f960b66f40 nmethod 4599 0x000001f90ff8f290 code [0x000001f90ff8f5c0, 0x000001f90ff90708]
Event: 5.897 Thread 0x000001f960b66f40 4601       4       java.util.regex.Pattern::compile (537 bytes)

GC Heap History (20 events):
Event: 5.119 GC heap before
{Heap before GC invocations=11 (full 6):
 garbage-first heap   total 61440K, used 18363K [0x0000000704200000, 0x0000000800000000)
  region size 2048K, 1 young (2048K), 0 survivors (0K)
 Metaspace       used 36008K, committed 36544K, reserved 1114112K
  class space    used 3904K, committed 4160K, reserved 1048576K
}
Event: 5.145 GC heap after
{Heap after GC invocations=12 (full 7):
 garbage-first heap   total 61440K, used 18364K [0x0000000704200000, 0x0000000800000000)
  region size 2048K, 0 young (0K), 0 survivors (0K)
 Metaspace       used 36008K, committed 36544K, reserved 1114112K
  class space    used 3904K, committed 4160K, reserved 1048576K
}
Event: 5.145 GC heap before
{Heap before GC invocations=12 (full 7):
 garbage-first heap   total 61440K, used 18364K [0x0000000704200000, 0x0000000800000000)
  region size 2048K, 1 young (2048K), 0 survivors (0K)
 Metaspace       used 36008K, committed 36544K, reserved 1114112K
  class space    used 3904K, committed 4160K, reserved 1048576K
}
Event: 5.174 GC heap after
{Heap after GC invocations=13 (full 8):
 garbage-first heap   total 61440K, used 18364K [0x0000000704200000, 0x0000000800000000)
  region size 2048K, 0 young (0K), 0 survivors (0K)
 Metaspace       used 36008K, committed 36544K, reserved 1114112K
  class space    used 3904K, committed 4160K, reserved 1048576K
}
Event: 5.175 GC heap before
{Heap before GC invocations=13 (full 8):
 garbage-first heap   total 61440K, used 18364K [0x0000000704200000, 0x0000000800000000)
  region size 2048K, 1 young (2048K), 0 survivors (0K)
 Metaspace       used 36008K, committed 36544K, reserved 1114112K
  class space    used 3904K, committed 4160K, reserved 1048576K
}
Event: 5.204 GC heap after
{Heap after GC invocations=14 (full 9):
 garbage-first heap   total 61440K, used 18364K [0x0000000704200000, 0x0000000800000000)
  region size 2048K, 0 young (0K), 0 survivors (0K)
 Metaspace       used 36008K, committed 36544K, reserved 1114112K
  class space    used 3904K, committed 4160K, reserved 1048576K
}
Event: 5.204 GC heap before
{Heap before GC invocations=14 (full 9):
 garbage-first heap   total 61440K, used 18364K [0x0000000704200000, 0x0000000800000000)
  region size 2048K, 1 young (2048K), 0 survivors (0K)
 Metaspace       used 36008K, committed 36544K, reserved 1114112K
  class space    used 3904K, committed 4160K, reserved 1048576K
}
Event: 5.233 GC heap after
{Heap after GC invocations=15 (full 10):
 garbage-first heap   total 61440K, used 18364K [0x0000000704200000, 0x0000000800000000)
  region size 2048K, 0 young (0K), 0 survivors (0K)
 Metaspace       used 36008K, committed 36544K, reserved 1114112K
  class space    used 3904K, committed 4160K, reserved 1048576K
}
Event: 5.233 GC heap before
{Heap before GC invocations=15 (full 10):
 garbage-first heap   total 61440K, used 18364K [0x0000000704200000, 0x0000000800000000)
  region size 2048K, 1 young (2048K), 0 survivors (0K)
 Metaspace       used 36008K, committed 36544K, reserved 1114112K
  class space    used 3904K, committed 4160K, reserved 1048576K
}
Event: 5.263 GC heap after
{Heap after GC invocations=16 (full 11):
 garbage-first heap   total 61440K, used 18364K [0x0000000704200000, 0x0000000800000000)
  region size 2048K, 0 young (0K), 0 survivors (0K)
 Metaspace       used 36008K, committed 36544K, reserved 1114112K
  class space    used 3904K, committed 4160K, reserved 1048576K
}
Event: 5.265 GC heap before
{Heap before GC invocations=16 (full 11):
 garbage-first heap   total 61440K, used 18364K [0x0000000704200000, 0x0000000800000000)
  region size 2048K, 1 young (2048K), 0 survivors (0K)
 Metaspace       used 36008K, committed 36544K, reserved 1114112K
  class space    used 3904K, committed 4160K, reserved 1048576K
}
Event: 5.296 GC heap after
{Heap after GC invocations=17 (full 12):
 garbage-first heap   total 61440K, used 18364K [0x0000000704200000, 0x0000000800000000)
  region size 2048K, 0 young (0K), 0 survivors (0K)
 Metaspace       used 36008K, committed 36544K, reserved 1114112K
  class space    used 3904K, committed 4160K, reserved 1048576K
}
Event: 5.655 GC heap before
{Heap before GC invocations=17 (full 12):
 garbage-first heap   total 61440K, used 42940K [0x0000000704200000, 0x0000000800000000)
  region size 2048K, 13 young (26624K), 0 survivors (0K)
 Metaspace       used 36496K, committed 36992K, reserved 1114112K
  class space    used 3931K, committed 4160K, reserved 1048576K
}
Event: 5.658 GC heap after
{Heap after GC invocations=18 (full 12):
 garbage-first heap   total 61440K, used 25941K [0x0000000704200000, 0x0000000800000000)
  region size 2048K, 2 young (4096K), 2 survivors (4096K)
 Metaspace       used 36496K, committed 36992K, reserved 1114112K
  class space    used 3931K, committed 4160K, reserved 1048576K
}
Event: 5.714 GC heap before
{Heap before GC invocations=18 (full 12):
 garbage-first heap   total 61440K, used 42325K [0x0000000704200000, 0x0000000800000000)
  region size 2048K, 11 young (22528K), 2 survivors (4096K)
 Metaspace       used 36516K, committed 37120K, reserved 1114112K
  class space    used 3933K, committed 4224K, reserved 1048576K
}
Event: 5.718 GC heap after
{Heap after GC invocations=19 (full 12):
 garbage-first heap   total 61440K, used 30551K [0x0000000704200000, 0x0000000800000000)
  region size 2048K, 2 young (4096K), 2 survivors (4096K)
 Metaspace       used 36516K, committed 37120K, reserved 1114112K
  class space    used 3933K, committed 4224K, reserved 1048576K
}
Event: 5.754 GC heap before
{Heap before GC invocations=19 (full 12):
 garbage-first heap   total 61440K, used 44887K [0x0000000704200000, 0x0000000800000000)
  region size 2048K, 10 young (20480K), 2 survivors (4096K)
 Metaspace       used 36516K, committed 37120K, reserved 1114112K
  class space    used 3933K, committed 4224K, reserved 1048576K
}
Event: 5.759 GC heap after
{Heap after GC invocations=20 (full 12):
 garbage-first heap   total 61440K, used 33683K [0x0000000704200000, 0x0000000800000000)
  region size 2048K, 2 young (4096K), 2 survivors (4096K)
 Metaspace       used 36516K, committed 37120K, reserved 1114112K
  class space    used 3933K, committed 4224K, reserved 1048576K
}
Event: 5.791 GC heap before
{Heap before GC invocations=20 (full 12):
 garbage-first heap   total 79872K, used 48019K [0x0000000704200000, 0x0000000800000000)
  region size 2048K, 9 young (18432K), 2 survivors (4096K)
 Metaspace       used 36516K, committed 37120K, reserved 1114112K
  class space    used 3933K, committed 4224K, reserved 1048576K
}
Event: 5.796 GC heap after
{Heap after GC invocations=21 (full 12):
 garbage-first heap   total 237568K, used 37302K [0x0000000704200000, 0x0000000800000000)
  region size 2048K, 2 young (4096K), 2 survivors (4096K)
 Metaspace       used 36516K, committed 37120K, reserved 1114112K
  class space    used 3933K, committed 4224K, reserved 1048576K
}

Dll operation events (14 events):
Event: 0.006 Loaded shared library D:\java\jdk21\bin\java.dll
Event: 0.039 Loaded shared library D:\java\jdk21\bin\jsvml.dll
Event: 0.084 Loaded shared library D:\java\jdk21\bin\zip.dll
Event: 0.087 Loaded shared library D:\java\jdk21\bin\instrument.dll
Event: 0.092 Loaded shared library D:\java\jdk21\bin\net.dll
Event: 0.093 Loaded shared library D:\java\jdk21\bin\nio.dll
Event: 0.096 Loaded shared library D:\java\jdk21\bin\zip.dll
Event: 0.178 Loaded shared library D:\java\jdk21\bin\jimage.dll
Event: 0.276 Loaded shared library D:\java\jdk21\bin\management_agent.dll
Event: 0.278 Loaded shared library D:\java\jdk21\bin\management.dll
Event: 0.291 Loaded shared library D:\java\jdk21\bin\management_ext.dll
Event: 0.622 Loaded shared library D:\java\jdk21\bin\extnet.dll
Event: 2.639 Loaded shared library D:\java\jdk21\bin\sunmscapi.dll
Event: 3.109 Loaded shared library D:\java\jdk21\bin\verify.dll

Deoptimization events (20 events):
Event: 5.814 Thread 0x000001f9612e9b10 Uncommon trap: trap_request=0xffffffde fr.pc=0x000001f90ff6cbd0 relative=0x00000000000002b0
Event: 5.814 Thread 0x000001f9612e9b10 Uncommon trap: reason=class_check action=maybe_recompile pc=0x000001f90ff6cbd0 method=java.io.FilterInputStream.read([B)I @ 5 c2
Event: 5.814 Thread 0x000001f9612e9b10 DEOPT PACKING pc=0x000001f90ff6cbd0 sp=0x000000cfd16fc4d0
Event: 5.814 Thread 0x000001f9612e9b10 DEOPT UNPACKING pc=0x000001f90f947da2 sp=0x000000cfd16fc488 mode 2
Event: 5.815 Thread 0x000001f9612e9b10 Uncommon trap: trap_request=0xffffffde fr.pc=0x000001f90ffc87c0 relative=0x0000000000000bc0
Event: 5.815 Thread 0x000001f9612e9b10 Uncommon trap: reason=class_check action=maybe_recompile pc=0x000001f90ffc87c0 method=org.apache.openejb.loader.IO.copy(Ljava/io/InputStream;Ljava/io/OutputStream;)V @ 8 c2
Event: 5.815 Thread 0x000001f9612e9b10 DEOPT PACKING pc=0x000001f90ffc87c0 sp=0x000000cfd16fc2a0
Event: 5.815 Thread 0x000001f9612e9b10 DEOPT UNPACKING pc=0x000001f90f947da2 sp=0x000000cfd16fc298 mode 2
Event: 5.816 Thread 0x000001f9612e9b10 Uncommon trap: trap_request=0xffffffde fr.pc=0x000001f910051998 relative=0x0000000000004778
Event: 5.816 Thread 0x000001f9612e9b10 Uncommon trap: reason=class_check action=maybe_recompile pc=0x000001f910051998 method=java.lang.ClassLoader.loadClass(Ljava/lang/String;Z)Ljava/lang/Class; @ 38 c2
Event: 5.816 Thread 0x000001f9612e9b10 DEOPT PACKING pc=0x000001f910051998 sp=0x000000cfd16fa7f0
Event: 5.816 Thread 0x000001f9612e9b10 DEOPT UNPACKING pc=0x000001f90f947da2 sp=0x000000cfd16fa798 mode 2
Event: 5.826 Thread 0x000001f9612e9b10 Uncommon trap: trap_request=0xffffff45 fr.pc=0x000001f9100c4254 relative=0x00000000000034f4
Event: 5.826 Thread 0x000001f9612e9b10 Uncommon trap: reason=unstable_if action=reinterpret pc=0x000001f9100c4254 method=org.apache.xbean.asm9.ClassReader.readMethod(Lorg/apache/xbean/asm9/ClassVisitor;Lorg/apache/xbean/asm9/Context;I)I @ 321 c2
Event: 5.826 Thread 0x000001f9612e9b10 DEOPT PACKING pc=0x000001f9100c4254 sp=0x000000cfd16fc3e0
Event: 5.826 Thread 0x000001f9612e9b10 DEOPT UNPACKING pc=0x000001f90f947da2 sp=0x000000cfd16fc3f8 mode 2
Event: 5.899 Thread 0x000001f9612e9b10 Uncommon trap: trap_request=0xffffffde fr.pc=0x000001f90ffb1d34 relative=0x0000000000001714
Event: 5.899 Thread 0x000001f9612e9b10 Uncommon trap: reason=class_check action=maybe_recompile pc=0x000001f90ffb1d34 method=org.apache.xbean.asm9.ClassReader.readField(Lorg/apache/xbean/asm9/ClassVisitor;Lorg/apache/xbean/asm9/Context;I)I @ 340 c2
Event: 5.899 Thread 0x000001f9612e9b10 DEOPT PACKING pc=0x000001f90ffb1d34 sp=0x000000cfd16fc650
Event: 5.899 Thread 0x000001f9612e9b10 DEOPT UNPACKING pc=0x000001f90f947da2 sp=0x000000cfd16fc5c0 mode 2

Classes loaded (20 events):
Event: 5.009 Loading class javax/xml/stream/events/XMLEvent done
Event: 5.009 Loading class javax/xml/stream/events/EntityDeclaration done
Event: 5.010 Loading class javax/xml/namespace/NamespaceContext
Event: 5.010 Loading class javax/xml/namespace/NamespaceContext done
Event: 5.022 Loading class java/io/CharArrayReader
Event: 5.022 Loading class java/io/CharArrayReader done
Event: 5.023 Loading class javax/xml/stream/util/StreamReaderDelegate
Event: 5.023 Loading class javax/xml/stream/util/StreamReaderDelegate done
Event: 5.804 Loading class sun/net/www/protocol/jrt/JavaRuntimeURLConnection
Event: 5.804 Loading class sun/net/www/protocol/jrt/JavaRuntimeURLConnection done
Event: 5.805 Loading class sun/net/www/protocol/jrt/JavaRuntimeURLConnection$1
Event: 5.805 Loading class sun/net/www/protocol/jrt/JavaRuntimeURLConnection$1 done
Event: 5.805 Loading class jdk/internal/jimage/ImageBufferCache
Event: 5.805 Loading class jdk/internal/jimage/ImageBufferCache done
Event: 5.805 Loading class jdk/internal/jimage/ImageBufferCache$1
Event: 5.805 Loading class jdk/internal/jimage/ImageBufferCache$1 done
Event: 5.805 Loading class jdk/internal/jimage/ImageBufferCache$2
Event: 5.805 Loading class jdk/internal/jimage/ImageBufferCache$2 done
Event: 5.805 Loading class java/util/AbstractMap$SimpleEntry
Event: 5.805 Loading class java/util/AbstractMap$SimpleEntry done

Classes unloaded (0 events):
No events

Classes redefined (0 events):
No events

Internal exceptions (20 events):
Event: 4.413 Thread 0x000001f960097160 Exception <a 'java/lang/NoSuchMethodError'{0x0000000704f4b628}: static Ljava/lang/Object;.<clinit>()V> (0x0000000704f4b628) 
thrown [s\open\src\hotspot\share\prims\jni.cpp, line 1111]
Event: 4.483 Thread 0x000001f9612eaec0 Exception <a 'java/lang/NoSuchMethodError'{0x0000000713d47248}: static Lorg/apache/openejb/assembler/classic/AppInfo;.<clinit>()V> (0x0000000713d47248) 
thrown [s\open\src\hotspot\share\prims\jni.cpp, line 1111]
Event: 4.483 Thread 0x000001f9612eaec0 Exception <a 'java/lang/NoSuchMethodError'{0x0000000713d48308}: static Lorg/apache/openejb/assembler/classic/InfoObject;.<clinit>()V> (0x0000000713d48308) 
thrown [s\open\src\hotspot\share\prims\jni.cpp, line 1111]
Event: 4.484 Thread 0x000001f9612eaec0 Exception <a 'java/lang/NoSuchMethodError'{0x0000000713d53370}: static Lorg/apache/openejb/assembler/classic/JndiEncInfo;.<clinit>()V> (0x0000000713d53370) 
thrown [s\open\src\hotspot\share\prims\jni.cpp, line 1111]
Event: 4.486 Thread 0x000001f9612eaec0 Exception <a 'java/lang/NoSuchMethodError'{0x0000000713d72078}: static Lorg/apache/openejb/assembler/classic/EjbJarInfo;.<clinit>()V> (0x0000000713d72078) 
thrown [s\open\src\hotspot\share\prims\jni.cpp, line 1111]
Event: 4.486 Thread 0x000001f9612eaec0 Exception <a 'java/lang/NoSuchMethodError'{0x0000000713d73448}: static Lorg/apache/openejb/assembler/classic/CommonInfoObject;.<clinit>()V> (0x0000000713d73448) 
thrown [s\open\src\hotspot\share\prims\jni.cpp, line 1111]
Event: 4.489 Thread 0x000001f9612eaec0 Exception <a 'java/lang/NoSuchMethodError'{0x0000000713d94768}: static Lorg/apache/openejb/assembler/classic/SingletonBeanInfo;.<clinit>()V> (0x0000000713d94768) 
thrown [s\open\src\hotspot\share\prims\jni.cpp, line 1111]
Event: 4.489 Thread 0x000001f9612eaec0 Exception <a 'java/lang/NoSuchMethodError'{0x0000000713d99628}: static Lorg/apache/openejb/assembler/classic/EnterpriseBeanInfo;.<clinit>()V> (0x0000000713d99628) 
thrown [s\open\src\hotspot\share\prims\jni.cpp, line 1111]
Event: 4.491 Thread 0x000001f9612eaec0 Exception <a 'java/lang/NoSuchMethodError'{0x0000000713daf3e8}: static Lorg/apache/openejb/assembler/classic/JndiNameInfo;.<clinit>()V> (0x0000000713daf3e8) 
thrown [s\open\src\hotspot\share\prims\jni.cpp, line 1111]
Event: 4.493 Thread 0x000001f9612eaec0 Exception <a 'java/lang/NoSuchMethodError'{0x0000000713dd4830}: static Lorg/apache/openejb/assembler/classic/InterceptorBindingInfo;.<clinit>()V> (0x0000000713dd4830) 
thrown [s\open\src\hotspot\share\prims\jni.cpp, line 1111]
Event: 4.494 Thread 0x000001f9612eaec0 Exception <a 'java/lang/NoSuchMethodError'{0x0000000713de2630}: static Lorg/apache/openejb/assembler/classic/InterceptorInfo;.<clinit>()V> (0x0000000713de2630) 
thrown [s\open\src\hotspot\share\prims\jni.cpp, line 1111]
Event: 4.494 Thread 0x000001f9612eaec0 Exception <a 'java/lang/NoSuchMethodError'{0x0000000713dedae8}: static Lorg/apache/openejb/assembler/classic/CallbackInfo;.<clinit>()V> (0x0000000713dedae8) 
thrown [s\open\src\hotspot\share\prims\jni.cpp, line 1111]
Event: 4.496 Thread 0x000001f9612eaec0 Exception <a 'java/lang/NoSuchMethodError'{0x0000000711c0fd18}: static Lorg/apache/openejb/assembler/classic/MethodConcurrencyInfo;.<clinit>()V> (0x0000000711c0fd18) 
thrown [s\open\src\hotspot\share\prims\jni.cpp, line 1111]
Event: 4.496 Thread 0x000001f9612eaec0 Exception <a 'java/lang/NoSuchMethodError'{0x0000000711c10e70}: static Lorg/apache/openejb/assembler/classic/MethodAttributeInfo;.<clinit>()V> (0x0000000711c10e70) 
thrown [s\open\src\hotspot\share\prims\jni.cpp, line 1111]
Event: 4.497 Thread 0x000001f9612eaec0 Exception <a 'java/lang/NoSuchMethodError'{0x0000000711c1d708}: static Lorg/apache/openejb/assembler/classic/MethodInfo;.<clinit>()V> (0x0000000711c1d708) 
thrown [s\open\src\hotspot\share\prims\jni.cpp, line 1111]
Event: 4.583 Thread 0x000001f9612e9b10 Exception <a 'java/lang/ClassNotFoundException'{0x0000000711ce9e18}: org/apache/catalina/webresources/jar/Handler> (0x0000000711ce9e18) 
thrown [s\open\src\hotspot\share\classfile\systemDictionary.cpp, line 312]
Event: 5.607 Thread 0x000001f9612e9b10 Exception <a 'java/io/FileNotFoundException'{0x0000000706d806b0}> (0x0000000706d806b0) 
thrown [s\open\src\hotspot\share\prims\jni.cpp, line 520]
Event: 5.815 Thread 0x000001f9612e9b10 Exception <a 'java/lang/NoClassDefFoundError'{0x00000007126d2818}: org/apache/tools/ant/Task> (0x00000007126d2818) 
thrown [s\open\src\hotspot\share\classfile\systemDictionary.cpp, line 301]
Event: 5.816 Thread 0x000001f9612e9b10 Exception <a 'java/lang/NoClassDefFoundError'{0x00000007126ded88}: org/apache/tools/ant/Task> (0x00000007126ded88) 
thrown [s\open\src\hotspot\share\classfile\systemDictionary.cpp, line 301]
Event: 5.816 Thread 0x000001f9612e9b10 Exception <a 'java/lang/NoClassDefFoundError'{0x00000007126eb4c8}: org/apache/tools/ant/Task> (0x00000007126eb4c8) 
thrown [s\open\src\hotspot\share\classfile\systemDictionary.cpp, line 301]

ZGC Phase Switch (0 events):
No events

VM Operations (20 events):
Event: 5.204 Executing VM operation: G1CollectFull (System.gc())
Event: 5.233 Executing VM operation: G1CollectFull (System.gc()) done
Event: 5.233 Executing VM operation: G1CollectFull (System.gc())
Event: 5.263 Executing VM operation: G1CollectFull (System.gc()) done
Event: 5.265 Executing VM operation: G1CollectFull (System.gc())
Event: 5.296 Executing VM operation: G1CollectFull (System.gc()) done
Event: 5.655 Executing VM operation: G1CollectForAllocation (G1 Evacuation Pause)
Event: 5.658 Executing VM operation: G1CollectForAllocation (G1 Evacuation Pause) done
Event: 5.714 Executing VM operation: G1CollectForAllocation (G1 Evacuation Pause)
Event: 5.718 Executing VM operation: G1CollectForAllocation (G1 Evacuation Pause) done
Event: 5.754 Executing VM operation: G1CollectForAllocation (G1 Evacuation Pause)
Event: 5.759 Executing VM operation: G1CollectForAllocation (G1 Evacuation Pause) done
Event: 5.779 Executing VM operation: G1PauseRemark
Event: 5.781 Executing VM operation: G1PauseRemark done
Event: 5.791 Executing VM operation: G1CollectForAllocation (G1 Evacuation Pause)
Event: 5.796 Executing VM operation: G1CollectForAllocation (G1 Evacuation Pause) done
Event: 5.797 Executing VM operation: G1PauseCleanup
Event: 5.797 Executing VM operation: G1PauseCleanup done
Event: 5.896 Executing VM operation: HandshakeAllThreads (Deoptimize)
Event: 5.896 Executing VM operation: HandshakeAllThreads (Deoptimize) done

Events (20 events):
Event: 5.334 Thread 0x000001f960b66f40 Thread exited: 0x000001f960b66f40
Event: 5.334 Thread 0x000001f9604c29d0 Thread exited: 0x000001f9604c29d0
Event: 5.559 Thread 0x000001f9612ed620 Thread added: 0x000001f9612ed620
Event: 5.560 Thread 0x000001f9612e8df0 Thread added: 0x000001f9612e8df0
Event: 5.560 Thread 0x000001f9612e9480 Thread added: 0x000001f9612e9480
Event: 5.561 Thread 0x000001f9612ea830 Thread added: 0x000001f9612ea830
Event: 5.561 Thread 0x000001f9612ebbe0 Thread added: 0x000001f9612ebbe0
Event: 5.562 Thread 0x000001f9612e6d20 Thread added: 0x000001f9612e6d20
Event: 5.562 Thread 0x000001f9612ee340 Thread added: 0x000001f9612ee340
Event: 5.562 Thread 0x000001f9612ebbe0 Thread exited: 0x000001f9612ebbe0
Event: 5.562 Thread 0x000001f9612e9480 Thread exited: 0x000001f9612e9480
Event: 5.562 Thread 0x000001f9612e8df0 Thread exited: 0x000001f9612e8df0
Event: 5.562 Thread 0x000001f9612ed620 Thread exited: 0x000001f9612ed620
Event: 5.562 Thread 0x000001f9612ea830 Thread exited: 0x000001f9612ea830
Event: 5.563 Thread 0x000001f9612e6d20 Thread exited: 0x000001f9612e6d20
Event: 5.564 Thread 0x000001f9612ee340 Thread exited: 0x000001f9612ee340
Event: 5.564 Thread 0x000001f9604c29d0 Thread added: 0x000001f9604c29d0
Event: 5.781 Thread 0x000001f97f5a5170 flushing nmethod 0x000001f90863f490
Event: 5.781 Thread 0x000001f97f5a5170 flushing nmethod 0x000001f90841da90
Event: 5.825 Thread 0x000001f960b66f40 Thread added: 0x000001f960b66f40


Dynamic libraries:
0x00007ff7c1ba0000 - 0x00007ff7c1bb0000 	D:\java\jdk21\bin\java.exe
0x00007ff94a170000 - 0x00007ff94a368000 	C:\WINDOWS\SYSTEM32\ntdll.dll
0x00007ff949550000 - 0x00007ff949612000 	C:\WINDOWS\System32\KERNEL32.DLL
0x00007ff947bb0000 - 0x00007ff947eaf000 	C:\WINDOWS\System32\KERNELBASE.dll
0x00007ff947a10000 - 0x00007ff947b10000 	C:\WINDOWS\System32\ucrtbase.dll
0x00007ff943c80000 - 0x00007ff943c99000 	D:\java\jdk21\bin\jli.dll
0x00007ff948250000 - 0x00007ff9482ff000 	C:\WINDOWS\System32\ADVAPI32.dll
0x00007ff948860000 - 0x00007ff9488fe000 	C:\WINDOWS\System32\msvcrt.dll
0x00007ff943c60000 - 0x00007ff943c7b000 	D:\java\jdk21\bin\VCRUNTIME140.dll
0x00007ff948330000 - 0x00007ff9483cf000 	C:\WINDOWS\System32\sechost.dll
0x00007ff948c40000 - 0x00007ff948d63000 	C:\WINDOWS\System32\RPCRT4.dll
0x00007ff947810000 - 0x00007ff947837000 	C:\WINDOWS\System32\bcrypt.dll
0x00007ff9483d0000 - 0x00007ff94856d000 	C:\WINDOWS\System32\USER32.dll
0x00007ff9480d0000 - 0x00007ff9480f2000 	C:\WINDOWS\System32\win32u.dll
0x00007ff935490000 - 0x00007ff93572a000 	C:\WINDOWS\WinSxS\amd64_microsoft.windows.common-controls_6595b64144ccf1df_6.0.19041.4355_none_60b8b9eb71f62e16\COMCTL32.dll
0x00007ff948830000 - 0x00007ff94885b000 	C:\WINDOWS\System32\GDI32.dll
0x00007ff9478f0000 - 0x00007ff947a0a000 	C:\WINDOWS\System32\gdi32full.dll
0x00007ff947b10000 - 0x00007ff947bad000 	C:\WINDOWS\System32\msvcp_win.dll
0x00007ff940450000 - 0x00007ff94045a000 	C:\WINDOWS\SYSTEM32\VERSION.dll
0x00007ff948300000 - 0x00007ff94832f000 	C:\WINDOWS\System32\IMM32.DLL
0x00007ff943cf0000 - 0x00007ff943cfc000 	D:\java\jdk21\bin\vcruntime140_1.dll
0x00007ff925970000 - 0x00007ff9259fe000 	D:\java\jdk21\bin\msvcp140.dll
0x00007ff8edab0000 - 0x00007ff8ee7ca000 	D:\java\jdk21\bin\server\jvm.dll
0x00007ff948b60000 - 0x00007ff948bcb000 	C:\WINDOWS\System32\WS2_32.dll
0x00007ff93bac0000 - 0x00007ff93bae7000 	C:\WINDOWS\SYSTEM32\WINMM.dll
0x00007ff9475c0000 - 0x00007ff94760b000 	C:\WINDOWS\SYSTEM32\POWRPROF.dll
0x00007ff947530000 - 0x00007ff947542000 	C:\WINDOWS\SYSTEM32\UMPDC.dll
0x00007ff946030000 - 0x00007ff946042000 	C:\WINDOWS\SYSTEM32\kernel.appcore.dll
0x00007ff943c50000 - 0x00007ff943c5a000 	D:\java\jdk21\bin\jimage.dll
0x00007ff945400000 - 0x00007ff9455e4000 	C:\WINDOWS\SYSTEM32\DBGHELP.DLL
0x00007ff926dd0000 - 0x00007ff926e04000 	C:\WINDOWS\SYSTEM32\dbgcore.DLL
0x00007ff948100000 - 0x00007ff948182000 	C:\WINDOWS\System32\bcryptPrimitives.dll
0x00007ff9434b0000 - 0x00007ff9434bf000 	D:\java\jdk21\bin\instrument.dll
0x00007ff941c50000 - 0x00007ff941c6f000 	D:\java\jdk21\bin\java.dll
0x00007ff9499c0000 - 0x00007ff94a12d000 	C:\WINDOWS\System32\SHELL32.dll
0x00007ff945870000 - 0x00007ff946014000 	C:\WINDOWS\SYSTEM32\windows.storage.dll
0x00007ff9491f0000 - 0x00007ff949545000 	C:\WINDOWS\System32\combase.dll
0x00007ff9471d0000 - 0x00007ff9471fb000 	C:\WINDOWS\SYSTEM32\Wldp.dll
0x00007ff949620000 - 0x00007ff9496ed000 	C:\WINDOWS\System32\OLEAUT32.dll
0x00007ff948900000 - 0x00007ff9489ad000 	C:\WINDOWS\System32\SHCORE.dll
0x00007ff948190000 - 0x00007ff9481e5000 	C:\WINDOWS\System32\shlwapi.dll
0x00007ff947740000 - 0x00007ff947765000 	C:\WINDOWS\SYSTEM32\profapi.dll
0x00007ff9244c0000 - 0x00007ff924597000 	D:\java\jdk21\bin\jsvml.dll
0x00007ff92a5f0000 - 0x00007ff92a608000 	D:\java\jdk21\bin\zip.dll
0x00007ff93d350000 - 0x00007ff93d360000 	D:\java\jdk21\bin\net.dll
0x00007ff9447d0000 - 0x00007ff9448da000 	C:\WINDOWS\SYSTEM32\WINHTTP.dll
0x00007ff946f30000 - 0x00007ff946f9c000 	C:\WINDOWS\system32\mswsock.dll
0x00007ff92c270000 - 0x00007ff92c286000 	D:\java\jdk21\bin\nio.dll
0x00007ff93ecf0000 - 0x00007ff93ecf9000 	D:\java\jdk21\bin\management_agent.dll
0x00007ff93d360000 - 0x00007ff93d36a000 	D:\java\jdk21\bin\management.dll
0x00007ff9358b0000 - 0x00007ff9358bb000 	D:\java\jdk21\bin\management_ext.dll
0x00007ff949820000 - 0x00007ff949828000 	C:\WINDOWS\System32\PSAPI.DLL
0x00007ff943d30000 - 0x00007ff943d47000 	C:\WINDOWS\system32\napinsp.dll
0x00007ff943cc0000 - 0x00007ff943cdb000 	C:\WINDOWS\system32\pnrpnsp.dll
0x00007ff921440000 - 0x00007ff921455000 	C:\WINDOWS\system32\wshbth.dll
0x00007ff9448e0000 - 0x00007ff9448fd000 	C:\WINDOWS\system32\NLAapi.dll
0x00007ff946c10000 - 0x00007ff946c4b000 	C:\WINDOWS\SYSTEM32\IPHLPAPI.DLL
0x00007ff946c50000 - 0x00007ff946d1a000 	C:\WINDOWS\SYSTEM32\DNSAPI.dll
0x00007ff949810000 - 0x00007ff949818000 	C:\WINDOWS\System32\NSI.dll
0x00007ff943ca0000 - 0x00007ff943cb2000 	C:\WINDOWS\System32\winrnr.dll
0x00007ff9415d0000 - 0x00007ff9415da000 	C:\Windows\System32\rasadhlp.dll
0x00007ff9402c0000 - 0x00007ff940340000 	C:\WINDOWS\System32\fwpuclnt.dll
0x00007ff947120000 - 0x00007ff947138000 	C:\WINDOWS\SYSTEM32\CRYPTSP.dll
0x00007ff9467f0000 - 0x00007ff946828000 	C:\WINDOWS\system32\rsaenh.dll
0x00007ff9476c0000 - 0x00007ff9476ee000 	C:\WINDOWS\SYSTEM32\USERENV.dll
0x00007ff947140000 - 0x00007ff94714c000 	C:\WINDOWS\SYSTEM32\CRYPTBASE.dll
0x00007ff93d340000 - 0x00007ff93d349000 	D:\java\jdk21\bin\extnet.dll
0x00007ff92a4a0000 - 0x00007ff92a4ae000 	D:\java\jdk21\bin\sunmscapi.dll
0x00007ff947eb0000 - 0x00007ff94800c000 	C:\WINDOWS\System32\CRYPT32.dll
0x00007ff947240000 - 0x00007ff947267000 	C:\WINDOWS\SYSTEM32\ncrypt.dll
0x00007ff947200000 - 0x00007ff94723b000 	C:\WINDOWS\SYSTEM32\NTASN1.dll
0x00007ff9290b0000 - 0x00007ff9290c0000 	D:\java\jdk21\bin\verify.dll
0x00007ff941530000 - 0x00007ff941537000 	C:\WINDOWS\system32\wshunix.dll

dbghelp: loaded successfully - version: 4.0.5 - missing functions: none
symbol engine: initialized successfully - sym options: 0x614 - pdb path: .;D:\java\jdk21\bin;C:\WINDOWS\SYSTEM32;C:\WINDOWS\WinSxS\amd64_microsoft.windows.common-controls_6595b64144ccf1df_6.0.19041.4355_none_60b8b9eb71f62e16;D:\java\jdk21\bin\server

VM Arguments:
jvm_args: -Djava.util.logging.config.file=C:\Users\dell\AppData\Local\JetBrains\IntelliJIdea2024.3\tomcat\637303c7-005e-4fa5-a411-b0f41081b1ea\conf\logging.properties -Djava.util.logging.manager=org.apache.juli.ClassLoaderLogManager -javaagent:D:\CODE WEB\page-movie-management\apache-tomee-webprofile-10.0.0\lib\openejb-javaagent.jar -Dcom.sun.management.jmxremote= -Dcom.sun.management.jmxremote.port=1099 -Dcom.sun.management.jmxremote.ssl=false -Dcom.sun.management.jmxremote.password.file=C:\Users\dell\AppData\Local\JetBrains\IntelliJIdea2024.3\tomcat\637303c7-005e-4fa5-a411-b0f41081b1ea\jmxremote.password -Dcom.sun.management.jmxremote.access.file=C:\Users\dell\AppData\Local\JetBrains\IntelliJIdea2024.3\tomcat\637303c7-005e-4fa5-a411-b0f41081b1ea\jmxremote.access -Djava.rmi.server.hostname=127.0.0.1 -Dtomee.serialization.class.whitelist= -Dtomee.serialization.class.blacklist=- -Dtomee.remote.support=true -Dopenejb.system.apps=true -Djdk.tls.ephemeralDHKeySize=2048 -Djava.protocol.handler.pkgs=org.apache.catalina.webresources --add-opens=java.base/java.lang=ALL-UNNAMED --add-opens=java.base/java.io=ALL-UNNAMED --add-opens=java.base/java.util=ALL-UNNAMED --add-opens=java.base/java.util.concurrent=ALL-UNNAMED --add-opens=java.rmi/sun.rmi.transport=ALL-UNNAMED -Dcatalina.base=C:\Users\dell\AppData\Local\JetBrains\IntelliJIdea2024.3\tomcat\637303c7-005e-4fa5-a411-b0f41081b1ea -Dcatalina.home=D:\CODE WEB\page-movie-management\apache-tomee-webprofile-10.0.0 -Djava.io.tmpdir=C:\Users\dell\AppData\Local\JetBrains\IntelliJIdea2024.3\tomcat\637303c7-005e-4fa5-a411-b0f41081b1ea\temp 
java_command: org.apache.catalina.startup.Bootstrap start
java_class_path (initial): D:\CODE WEB\page-movie-management\apache-tomee-webprofile-10.0.0\bin\bootstrap.jar;D:\CODE WEB\page-movie-management\apache-tomee-webprofile-10.0.0\bin\tomcat-juli.jar
Launcher Type: SUN_STANDARD

[Global flags]
     intx CICompilerCount                          = 4                                         {product} {ergonomic}
     uint ConcGCThreads                            = 2                                         {product} {ergonomic}
     uint G1ConcRefinementThreads                  = 8                                         {product} {ergonomic}
   size_t G1HeapRegionSize                         = 2097152                                   {product} {ergonomic}
    uintx GCDrainStackTargetSize                   = 64                                        {product} {ergonomic}
   size_t InitialHeapSize                          = 264241152                                 {product} {ergonomic}
     bool ManagementServer                         = true                                      {product} {command line}
   size_t MarkStackSize                            = 4194304                                   {product} {ergonomic}
   size_t MaxHeapSize                              = 4225761280                                {product} {ergonomic}
   size_t MaxNewSize                               = 2535456768                                {product} {ergonomic}
   size_t MinHeapDeltaBytes                        = 2097152                                   {product} {ergonomic}
   size_t MinHeapSize                              = 8388608                                   {product} {ergonomic}
    uintx NonNMethodCodeHeapSize                   = 5839372                                {pd product} {ergonomic}
    uintx NonProfiledCodeHeapSize                  = 122909434                              {pd product} {ergonomic}
    uintx ProfiledCodeHeapSize                     = 122909434                              {pd product} {ergonomic}
    uintx ReservedCodeCacheSize                    = 251658240                              {pd product} {ergonomic}
     bool SegmentedCodeCache                       = true                                      {product} {ergonomic}
   size_t SoftMaxHeapSize                          = 4225761280                             {manageable} {ergonomic}
     bool UseCompressedOops                        = true                           {product lp64_product} {ergonomic}
     bool UseG1GC                                  = true                                      {product} {ergonomic}
     bool UseLargePagesIndividualAllocation        = false                                  {pd product} {ergonomic}

Logging:
Log output configuration:
 #0: stdout all=warning uptime,level,tags foldmultilines=false
 #1: stderr all=off uptime,level,tags foldmultilines=false

Environment Variables:
JAVA_HOME=D:\java\jdk21
CLASSPATH=D:\CODE WEB\page-movie-management\apache-tomee-webprofile-10.0.0\bin\bootstrap.jar;D:\CODE WEB\page-movie-management\apache-tomee-webprofile-10.0.0\bin\tomcat-juli.jar
PATH=C:\Program Files\Microsoft MPI\Bin\;C:\Program Files\Common Files\Oracle\Java\javapath;C:\WINDOWS\system32;C:\WINDOWS;C:\WINDOWS\System32\Wbem;C:\WINDOWS\System32\WindowsPowerShell\v1.0\;C:\WINDOWS\System32\OpenSSH\;C:\Program Files\Microsoft SQL Server\Client SDK\ODBC\170\Tools\Binn\;D:\Install\bin;D:\Git\cmd;D:\XAMPP\php;C:\ProgramData\ComposerSetup\bin;C:\mingw64\bin;C:\TDM-GCC-32\bin;D:\notejs\;D:\XAMPP\mysql\bin;D:\Maven\bin;D:\Maven\apache-maven-3.9.9\bin;C:\Program Files (x86)\Microsoft SQL Server\160\Tools\Binn\;C:\Program Files\Microsoft SQL Server\160\Tools\Binn\;C:\Program Files\Microsoft SQL Server\160\DTS\Binn\;C:\Program Files (x86)\Microsoft SQL Server\160\DTS\Binn\;D:\python\Scripts\;D:\python\;D:\java\jdk21\bin;D:\Microsoft VS Code\bin;C:\Users\dell\AppData\Roaming\Composer\vendor\bin;C:\mingw64\bin;C:\Users\dell\AppData\Roaming\npm;D:\nodejs;D:\PyCharm\PyCharm Community Edition 2024.2.4\bin;;D:\Wireshark;D:\python3.10;D:\python39;D:\JetBrains\IntelliJ IDEA 2024.3.4.1\bin;;D:\Maven\bin;
USERNAME=dell
OS=Windows_NT
PROCESSOR_IDENTIFIER=Intel64 Family 6 Model 140 Stepping 1, GenuineIntel
TMP=C:\Users\dell\AppData\Local\Temp
TEMP=C:\Users\dell\AppData\Local\Temp




Periodic native trim disabled

---------------  S Y S T E M  ---------------

OS:
 Windows 10 , 64 bit Build 19041 (10.0.19041.5438)
OS uptime: 1 days 4:00 hours

CPU: total 8 (initial active 8) (4 cores per cpu, 2 threads per core) family 6 model 140 stepping 1 microcode 0xba, cx8, cmov, fxsr, ht, mmx, 3dnowpref, sse, sse2, sse3, ssse3, sse4.1, sse4.2, popcnt, lzcnt, tsc, tscinvbit, avx, avx2, aes, erms, clmul, bmi1, bmi2, adx, avx512f, avx512dq, avx512cd, avx512bw, avx512vl, sha, fma, vzeroupper, avx512_vpopcntdq, avx512_vpclmulqdq, avx512_vaes, avx512_vnni, clflush, clflushopt, clwb, avx512_vbmi2, avx512_vbmi, rdtscp, rdpid, fsrm, gfni, avx512_bitalg, f16c, pku, cet_ibt, cet_ss, avx512_ifma
Processor Information for all 8 processors :
  Max Mhz: 2419, Current Mhz: 2419, Mhz Limit: 2419

Memory: 4k page, system-wide physical 16118M (5149M free)
TotalPageFile size 17082M (AvailPageFile size 15M)
current process WorkingSet (physical memory assigned to process): 239M, peak: 239M
current process commit charge ("private bytes"): 418M, peak: 419M

vm_info: Java HotSpot(TM) 64-Bit Server VM (21.0.6+8-LTS-188) for windows-amd64 JRE (21.0.6+8-LTS-188), built on 2024-12-03T10:50:54Z by "mach5one" with MS VC++ 17.6 (VS2022)

END.
