#
# There is insufficient memory for the Java Runtime Environment to continue.
# Native memory allocation (malloc) failed to allocate 2745264 bytes for Chunk::new
# Possible reasons:
#   The system is out of physical RAM or swap space
#   The process is running with CompressedOops enabled, and the Java Heap may be blocking the growth of the native heap
# Possible solutions:
#   Reduce memory load on the system
#   Increase physical memory or swap space
#   Check if swap backing store is full
#   Decrease Java heap size (-Xmx/-Xms)
#   Decrease number of Java threads
#   Decrease Java thread stack sizes (-Xss)
#   Set larger code cache with -XX:ReservedCodeCacheSize=
#   JVM is running with Zero Based Compressed Oops mode in which the Java heap is
#     placed in the first 32GB address space. The Java Heap base address is the
#     maximum limit for the native heap growth. Please use -XX:HeapBaseMinAddress
#     to set the Java Heap base and to place the Java Heap above 32GB virtual address.
# This output file may be truncated or incomplete.
#
#  Out of Memory Error (arena.cpp:168), pid=18604, tid=8476
#
# JRE version: Java(TM) SE Runtime Environment (21.0.6+8) (build 21.0.6+8-LTS-188)
# Java VM: Java HotSpot(TM) 64-Bit Server VM (21.0.6+8-LTS-188, mixed mode, sharing, tiered, compressed oops, compressed class ptrs, g1 gc, windows-amd64)
# No core dump will be written. Minidumps are not enabled by default on client versions of Windows
#

---------------  S U M M A R Y ------------

Command Line: -Djava.util.logging.config.file=C:\Users\dell\AppData\Local\JetBrains\IntelliJIdea2024.3\tomcat\637303c7-005e-4fa5-a411-b0f41081b1ea\conf\logging.properties -Djava.util.logging.manager=org.apache.juli.ClassLoaderLogManager -javaagent:D:\CODE WEB\page-movie-management\apache-tomee-webprofile-10.0.0\lib\openejb-javaagent.jar -Dcom.sun.management.jmxremote= -Dcom.sun.management.jmxremote.port=1099 -Dcom.sun.management.jmxremote.ssl=false -Dcom.sun.management.jmxremote.password.file=C:\Users\dell\AppData\Local\JetBrains\IntelliJIdea2024.3\tomcat\637303c7-005e-4fa5-a411-b0f41081b1ea\jmxremote.password -Dcom.sun.management.jmxremote.access.file=C:\Users\dell\AppData\Local\JetBrains\IntelliJIdea2024.3\tomcat\637303c7-005e-4fa5-a411-b0f41081b1ea\jmxremote.access -Djava.rmi.server.hostname=127.0.0.1 -Dtomee.serialization.class.whitelist= -Dtomee.serialization.class.blacklist=- -Dtomee.remote.support=true -Dopenejb.system.apps=true -Djdk.tls.ephemeralDHKeySize=2048 -Djava.protocol.handler.pkgs=org.apache.catalina.webresources --add-opens=java.base/java.lang=ALL-UNNAMED --add-opens=java.base/java.io=ALL-UNNAMED --add-opens=java.base/java.util=ALL-UNNAMED --add-opens=java.base/java.util.concurrent=ALL-UNNAMED --add-opens=java.rmi/sun.rmi.transport=ALL-UNNAMED -Dcatalina.base=C:\Users\dell\AppData\Local\JetBrains\IntelliJIdea2024.3\tomcat\637303c7-005e-4fa5-a411-b0f41081b1ea -Dcatalina.home=D:\CODE WEB\page-movie-management\apache-tomee-webprofile-10.0.0 -Djava.io.tmpdir=C:\Users\dell\AppData\Local\JetBrains\IntelliJIdea2024.3\tomcat\637303c7-005e-4fa5-a411-b0f41081b1ea\temp org.apache.catalina.startup.Bootstrap start

Host: 11th Gen Intel(R) Core(TM) i5-1135G7 @ 2.40GHz, 8 cores, 15G,  Windows 10 , 64 bit Build 19041 (10.0.19041.5438)
Time: Wed Apr  2 23:39:50 2025 SE Asia Standard Time elapsed time: 28.730703 seconds (0d 0h 0m 28s)

---------------  T H R E A D  ---------------

Current thread (0x0000023c72c14070):  JavaThread "C2 CompilerThread1" daemon [_thread_in_native, id=8476, stack(0x000000b0a8e00000,0x000000b0a8f00000) (1024K)]


Current CompileTask:
C2:  28730 7923       4       org.eclipse.jdt.internal.compiler.lookup.BinaryTypeBinding::createMethod (1719 bytes)

Stack: [0x000000b0a8e00000,0x000000b0a8f00000]
Native frames: (J=compiled Java code, j=interpreted, Vv=VM code, C=native code)
V  [jvm.dll+0x6ca6d9]
V  [jvm.dll+0x854f51]
V  [jvm.dll+0x85747e]
V  [jvm.dll+0x857b53]
V  [jvm.dll+0x27dcc6]
V  [jvm.dll+0xc4c2d]
V  [jvm.dll+0xc5163]
V  [jvm.dll+0x3b515c]
V  [jvm.dll+0x381855]
V  [jvm.dll+0x380cca]
V  [jvm.dll+0x246920]
V  [jvm.dll+0x245eff]
V  [jvm.dll+0x1c6d2e]
V  [jvm.dll+0x2554f9]
V  [jvm.dll+0x253a8a]
V  [jvm.dll+0x3ee576]
V  [jvm.dll+0x7ff2fb]
V  [jvm.dll+0x6c8dbd]
C  [ucrtbase.dll+0x21bb2]
C  [KERNEL32.DLL+0x17374]
C  [ntdll.dll+0x4cc91]


---------------  P R O C E S S  ---------------

Threads class SMR info:
_java_thread_list=0x0000023c737c3010, length=43, elements={
0x0000023c4b8a4e80, 0x0000023c6c904770, 0x0000023c6c905680, 0x0000023c6c907750,
0x0000023c6c90d1d0, 0x0000023c6c90e3c0, 0x0000023c6c9315d0, 0x0000023c6c936600,
0x0000023c6c937c40, 0x0000023c6cb38a30, 0x0000023c6cd76a70, 0x0000023c6cdad4d0,
0x0000023c71742f80, 0x0000023c71743ce0, 0x0000023c717b8400, 0x0000023c71b76fc0,
0x0000023c720b9250, 0x0000023c720b98b0, 0x0000023c71022ec0, 0x0000023c71020df0,
0x0000023c71023550, 0x0000023c71020760, 0x0000023c710200d0, 0x0000023c71021b10,
0x0000023c710221a0, 0x0000023c71022830, 0x0000023c7332d520, 0x0000023c7332a0a0,
0x0000023c7332a730, 0x0000023c7332dbb0, 0x0000023c7332bae0, 0x0000023c7332e240,
0x0000023c7332c170, 0x0000023c73329a10, 0x0000023c7332adc0, 0x0000023c7332e8d0,
0x0000023c7332b450, 0x0000023c7332c800, 0x0000023c7332ce90, 0x0000023c7332ef60,
0x0000023c73328660, 0x0000023c72c14070, 0x0000023c72c12530
}

Java Threads: ( => current thread )
  0x0000023c4b8a4e80 JavaThread "main"                              [_thread_in_native, id=14760, stack(0x000000b0a5900000,0x000000b0a5a00000) (1024K)]
  0x0000023c6c904770 JavaThread "Reference Handler"          daemon [_thread_blocked, id=11592, stack(0x000000b0a6100000,0x000000b0a6200000) (1024K)]
  0x0000023c6c905680 JavaThread "Finalizer"                  daemon [_thread_blocked, id=16972, stack(0x000000b0a6200000,0x000000b0a6300000) (1024K)]
  0x0000023c6c907750 JavaThread "Signal Dispatcher"          daemon [_thread_blocked, id=14656, stack(0x000000b0a6300000,0x000000b0a6400000) (1024K)]
  0x0000023c6c90d1d0 JavaThread "Attach Listener"            daemon [_thread_blocked, id=17348, stack(0x000000b0a6400000,0x000000b0a6500000) (1024K)]
  0x0000023c6c90e3c0 JavaThread "Service Thread"             daemon [_thread_blocked, id=17148, stack(0x000000b0a6500000,0x000000b0a6600000) (1024K)]
  0x0000023c6c9315d0 JavaThread "Monitor Deflation Thread"   daemon [_thread_blocked, id=13160, stack(0x000000b0a6600000,0x000000b0a6700000) (1024K)]
  0x0000023c6c936600 JavaThread "C2 CompilerThread0"         daemon [_thread_blocked, id=16500, stack(0x000000b0a6700000,0x000000b0a6800000) (1024K)]
  0x0000023c6c937c40 JavaThread "C1 CompilerThread0"         daemon [_thread_blocked, id=11672, stack(0x000000b0a6800000,0x000000b0a6900000) (1024K)]
  0x0000023c6cb38a30 JavaThread "Common-Cleaner"             daemon [_thread_blocked, id=18956, stack(0x000000b0a6900000,0x000000b0a6a00000) (1024K)]
  0x0000023c6cd76a70 JavaThread "FileHandlerLogFilesCleaner-1" daemon [_thread_blocked, id=1872, stack(0x000000b0a6b00000,0x000000b0a6c00000) (1024K)]
  0x0000023c6cdad4d0 JavaThread "Notification Thread"        daemon [_thread_blocked, id=14612, stack(0x000000b0a6c00000,0x000000b0a6d00000) (1024K)]
  0x0000023c71742f80 JavaThread "RMI TCP Accept-0"           daemon [_thread_in_native, id=19928, stack(0x000000b0a6e00000,0x000000b0a6f00000) (1024K)]
  0x0000023c71743ce0 JavaThread "RMI TCP Accept-1099"        daemon [_thread_in_native, id=6652, stack(0x000000b0a6f00000,0x000000b0a7000000) (1024K)]
  0x0000023c717b8400 JavaThread "RMI TCP Accept-0"           daemon [_thread_in_native, id=20224, stack(0x000000b0a7000000,0x000000b0a7100000) (1024K)]
  0x0000023c71b76fc0 JavaThread "RMI TCP Connection(1)-127.0.0.1" daemon [_thread_in_native, id=20188, stack(0x000000b0a7800000,0x000000b0a7900000) (1024K)]
  0x0000023c720b9250 JavaThread "RMI Scheduler(0)"           daemon [_thread_blocked, id=7256, stack(0x000000b0a7900000,0x000000b0a7a00000) (1024K)]
  0x0000023c720b98b0 JavaThread "RMI TCP Connection(idle)"   daemon [_thread_blocked, id=16004, stack(0x000000b0a7a00000,0x000000b0a7b00000) (1024K)]
  0x0000023c71022ec0 JavaThread "AsyncFileHandlerWriter-1"   daemon [_thread_blocked, id=15228, stack(0x000000b0a7b00000,0x000000b0a7c00000) (1024K)]
  0x0000023c71020df0 JavaThread "mysql-cj-abandoned-connection-cleanup" daemon [_thread_blocked, id=8424, stack(0x000000b0a7c00000,0x000000b0a7d00000) (1024K)]
  0x0000023c71023550 JavaThread "RetryTimer"                 daemon [_thread_blocked, id=19492, stack(0x000000b0a7d00000,0x000000b0a7e00000) (1024K)]
  0x0000023c71020760 JavaThread "Tomcat JDBC Pool Cleaner[1935972447:1743611964371]" daemon [_thread_blocked, id=18952, stack(0x000000b0a7e00000,0x000000b0a7f00000) (1024K)]
  0x0000023c710200d0 JavaThread "DelayedCachedOutputStreamCleaner" daemon [_thread_blocked, id=888, stack(0x000000b0a6d00000,0x000000b0a6e00000) (1024K)]
  0x0000023c71021b10 JavaThread "Catalina-utility-1"                [_thread_blocked, id=468, stack(0x000000b0a8000000,0x000000b0a8100000) (1024K)]
  0x0000023c710221a0 JavaThread "Catalina-utility-2"                [_thread_blocked, id=9684, stack(0x000000b0a8100000,0x000000b0a8200000) (1024K)]
  0x0000023c71022830 JavaThread "http-nio-8080-exec-1"       daemon [_thread_blocked, id=5368, stack(0x000000b0a8200000,0x000000b0a8300000) (1024K)]
  0x0000023c7332d520 JavaThread "http-nio-8080-exec-2"       daemon [_thread_blocked, id=10224, stack(0x000000b0a8300000,0x000000b0a8400000) (1024K)]
  0x0000023c7332a0a0 JavaThread "http-nio-8080-exec-3"       daemon [_thread_blocked, id=11136, stack(0x000000b0a8400000,0x000000b0a8500000) (1024K)]
  0x0000023c7332a730 JavaThread "http-nio-8080-exec-4"       daemon [_thread_blocked, id=1344, stack(0x000000b0a8500000,0x000000b0a8600000) (1024K)]
  0x0000023c7332dbb0 JavaThread "http-nio-8080-exec-5"       daemon [_thread_blocked, id=7820, stack(0x000000b0a8600000,0x000000b0a8700000) (1024K)]
  0x0000023c7332bae0 JavaThread "http-nio-8080-exec-6"       daemon [_thread_blocked, id=18064, stack(0x000000b0a8700000,0x000000b0a8800000) (1024K)]
  0x0000023c7332e240 JavaThread "http-nio-8080-exec-7"       daemon [_thread_blocked, id=9128, stack(0x000000b0a8800000,0x000000b0a8900000) (1024K)]
  0x0000023c7332c170 JavaThread "http-nio-8080-exec-8"       daemon [_thread_blocked, id=1524, stack(0x000000b0a8900000,0x000000b0a8a00000) (1024K)]
  0x0000023c73329a10 JavaThread "http-nio-8080-exec-9"       daemon [_thread_blocked, id=7268, stack(0x000000b0a8a00000,0x000000b0a8b00000) (1024K)]
  0x0000023c7332adc0 JavaThread "http-nio-8080-exec-10"      daemon [_thread_blocked, id=21380, stack(0x000000b0a8b00000,0x000000b0a8c00000) (1024K)]
  0x0000023c7332e8d0 JavaThread "http-nio-8080-Poller"       daemon [_thread_in_native, id=8552, stack(0x000000b0a8c00000,0x000000b0a8d00000) (1024K)]
  0x0000023c7332b450 JavaThread "http-nio-8080-Acceptor"     daemon [_thread_in_native, id=12552, stack(0x000000b0a8d00000,0x000000b0a8e00000) (1024K)]
  0x0000023c7332c800 JavaThread "Thread-24"                  daemon [_thread_blocked, id=1604, stack(0x000000b0a6a00000,0x000000b0a6b00000) (1024K)]
  0x0000023c7332ce90 JavaThread "RMI TCP Connection(3)-127.0.0.1" daemon [_thread_in_native, id=2776, stack(0x000000b0a8f00000,0x000000b0a9000000) (1024K)]
  0x0000023c7332ef60 JavaThread "mysql-cj-abandoned-connection-cleanup" daemon [_thread_blocked, id=12464, stack(0x000000b0a9000000,0x000000b0a9100000) (1024K)]
  0x0000023c73328660 JavaThread "Default Stateless Container - 1" daemon [_thread_blocked, id=1420, stack(0x000000b0a9100000,0x000000b0a9200000) (1024K)]
=>0x0000023c72c14070 JavaThread "C2 CompilerThread1"         daemon [_thread_in_native, id=8476, stack(0x000000b0a8e00000,0x000000b0a8f00000) (1024K)]
  0x0000023c72c12530 JavaThread "C2 CompilerThread2"         daemon [_thread_blocked, id=10556, stack(0x000000b0a9200000,0x000000b0a9300000) (1024K)]
Total: 43

Other Threads:
  0x0000023c6c8e7710 VMThread "VM Thread"                           [id=19444, stack(0x000000b0a6000000,0x000000b0a6100000) (1024K)]
  0x0000023c6c8d4c60 WatcherThread "VM Periodic Task Thread"        [id=16860, stack(0x000000b0a5f00000,0x000000b0a6000000) (1024K)]
  0x0000023c4b909c40 WorkerThread "GC Thread#0"                     [id=2828, stack(0x000000b0a5a00000,0x000000b0a5b00000) (1024K)]
  0x0000023c71258c10 WorkerThread "GC Thread#1"                     [id=9612, stack(0x000000b0a7100000,0x000000b0a7200000) (1024K)]
  0x0000023c71258fb0 WorkerThread "GC Thread#2"                     [id=10864, stack(0x000000b0a7200000,0x000000b0a7300000) (1024K)]
  0x0000023c712e2e30 WorkerThread "GC Thread#3"                     [id=15468, stack(0x000000b0a7300000,0x000000b0a7400000) (1024K)]
  0x0000023c712e31d0 WorkerThread "GC Thread#4"                     [id=18856, stack(0x000000b0a7400000,0x000000b0a7500000) (1024K)]
  0x0000023c712e3570 WorkerThread "GC Thread#5"                     [id=2244, stack(0x000000b0a7500000,0x000000b0a7600000) (1024K)]
  0x0000023c717fda50 WorkerThread "GC Thread#6"                     [id=20772, stack(0x000000b0a7600000,0x000000b0a7700000) (1024K)]
  0x0000023c717fddf0 WorkerThread "GC Thread#7"                     [id=7072, stack(0x000000b0a7700000,0x000000b0a7800000) (1024K)]
  0x0000023c4b91a8b0 ConcurrentGCThread "G1 Main Marker"            [id=556, stack(0x000000b0a5b00000,0x000000b0a5c00000) (1024K)]
  0x0000023c4b91ca70 WorkerThread "G1 Conc#0"                       [id=18504, stack(0x000000b0a5c00000,0x000000b0a5d00000) (1024K)]
  0x0000023c72bf1ef0 WorkerThread "G1 Conc#1"                       [id=19904, stack(0x000000b0a7f00000,0x000000b0a8000000) (1024K)]
  0x0000023c6c7aa920 ConcurrentGCThread "G1 Refine#0"               [id=12636, stack(0x000000b0a5d00000,0x000000b0a5e00000) (1024K)]
  0x0000023c6c7ab140 ConcurrentGCThread "G1 Service"                [id=14572, stack(0x000000b0a5e00000,0x000000b0a5f00000) (1024K)]
Total: 15

Threads with active compile tasks:
C2 CompilerThread1    28746 7923       4       org.eclipse.jdt.internal.compiler.lookup.BinaryTypeBinding::createMethod (1719 bytes)
Total: 1

VM state: not at safepoint (normal execution)

VM Mutex/Monitor currently owned by a thread: None

Heap address: 0x0000000704200000, size: 4030 MB, Compressed Oops mode: Zero based, Oop shift amount: 3

CDS archive(s) mapped at: [0x0000023c00000000-0x0000023c00c90000-0x0000023c00c90000), size 13172736, SharedBaseAddress: 0x0000023c00000000, ArchiveRelocationMode: 1.
Compressed class space mapped at: 0x0000023c01000000-0x0000023c41000000, reserved size: 1073741824
Narrow klass base: 0x0000023c00000000, Narrow klass shift: 0, Narrow klass range: 0x100000000

GC Precious Log:
 CardTable entry size: 512
 Card Set container configuration: InlinePtr #cards 4 size 8 Array Of Cards #cards 16 size 48 Howl #buckets 8 coarsen threshold 3686 Howl Bitmap #cards 512 size 80 coarsen threshold 460 Card regions per heap region 1 cards per card region 4096
 CPUs: 8 total, 8 available
 Memory: 16118M
 Large Page Support: Disabled
 NUMA Support: Disabled
 Compressed Oops: Enabled (Zero based)
 Heap Region Size: 2M
 Heap Min Capacity: 8M
 Heap Initial Capacity: 252M
 Heap Max Capacity: 4030M
 Pre-touch: Disabled
 Parallel Workers: 8
 Concurrent Workers: 2
 Concurrent Refinement Workers: 8
 Periodic GC: Disabled

Heap:
 garbage-first heap   total 245760K, used 178206K [0x0000000704200000, 0x0000000800000000)
  region size 2048K, 39 young (79872K), 2 survivors (4096K)
 Metaspace       used 71530K, committed 72384K, reserved 1114112K
  class space    used 7636K, committed 8000K, reserved 1048576K

Heap Regions: E=young(eden), S=young(survivor), O=old, HS=humongous(starts), HC=humongous(continues), CS=collection set, F=free, TAMS=top-at-mark-start, PB=parsable bottom
|   0|0x0000000704200000, 0x00000007043ed330, 0x0000000704400000| 96%| O|  |TAMS 0x0000000704200000| PB 0x0000000704200000| Untracked 
|   1|0x0000000704400000, 0x0000000704600000, 0x0000000704600000|100%| O|  |TAMS 0x0000000704400000| PB 0x0000000704400000| Untracked 
|   2|0x0000000704600000, 0x00000007047fffd8, 0x0000000704800000| 99%| O|  |TAMS 0x0000000704600000| PB 0x0000000704600000| Untracked 
|   3|0x0000000704800000, 0x00000007049bf0b8, 0x0000000704a00000| 87%| O|  |TAMS 0x0000000704800000| PB 0x0000000704800000| Untracked 
|   4|0x0000000704a00000, 0x0000000704c00000, 0x0000000704c00000|100%| O|  |TAMS 0x0000000704a00000| PB 0x0000000704a00000| Untracked 
|   5|0x0000000704c00000, 0x0000000704df30c8, 0x0000000704e00000| 97%| O|  |TAMS 0x0000000704c00000| PB 0x0000000704c00000| Untracked 
|   6|0x0000000704e00000, 0x0000000705000000, 0x0000000705000000|100%| O|  |TAMS 0x0000000704e00000| PB 0x0000000704e00000| Untracked 
|   7|0x0000000705000000, 0x0000000705200000, 0x0000000705200000|100%| O|  |TAMS 0x0000000705000000| PB 0x0000000705000000| Untracked 
|   8|0x0000000705200000, 0x0000000705400000, 0x0000000705400000|100%| O|Cm|TAMS 0x0000000705200000| PB 0x0000000705200000| Complete 
|   9|0x0000000705400000, 0x0000000705600000, 0x0000000705600000|100%| O|  |TAMS 0x0000000705400000| PB 0x0000000705400000| Untracked 
|  10|0x0000000705600000, 0x0000000705800000, 0x0000000705800000|100%| O|  |TAMS 0x0000000705600000| PB 0x0000000705600000| Untracked 
|  11|0x0000000705800000, 0x0000000705800000, 0x0000000705a00000|  0%| F|  |TAMS 0x0000000705800000| PB 0x0000000705800000| Untracked 
|  12|0x0000000705a00000, 0x0000000705c00000, 0x0000000705c00000|100%| O|  |TAMS 0x0000000705a00000| PB 0x0000000705a00000| Untracked 
|  13|0x0000000705c00000, 0x0000000705c00000, 0x0000000705e00000|  0%| F|  |TAMS 0x0000000705c00000| PB 0x0000000705c00000| Untracked 
|  14|0x0000000705e00000, 0x0000000706000000, 0x0000000706000000|100%| O|Cm|TAMS 0x0000000705e00000| PB 0x0000000705e00000| Complete 
|  15|0x0000000706000000, 0x0000000706200000, 0x0000000706200000|100%| O|Cm|TAMS 0x0000000706000000| PB 0x0000000706000000| Complete 
|  16|0x0000000706200000, 0x0000000706400000, 0x0000000706400000|100%| O|  |TAMS 0x0000000706200000| PB 0x0000000706200000| Untracked 
|  17|0x0000000706400000, 0x0000000706600000, 0x0000000706600000|100%| O|  |TAMS 0x0000000706400000| PB 0x0000000706400000| Untracked 
|  18|0x0000000706600000, 0x0000000706800000, 0x0000000706800000|100%| O|  |TAMS 0x0000000706600000| PB 0x0000000706600000| Untracked 
|  19|0x0000000706800000, 0x0000000706a00000, 0x0000000706a00000|100%| O|  |TAMS 0x0000000706800000| PB 0x0000000706800000| Untracked 
|  20|0x0000000706a00000, 0x0000000706c00000, 0x0000000706c00000|100%| O|  |TAMS 0x0000000706a00000| PB 0x0000000706a00000| Untracked 
|  21|0x0000000706c00000, 0x0000000706e00000, 0x0000000706e00000|100%| O|  |TAMS 0x0000000706c00000| PB 0x0000000706c00000| Untracked 
|  22|0x0000000706e00000, 0x0000000707000000, 0x0000000707000000|100%| O|  |TAMS 0x0000000706e00000| PB 0x0000000706e00000| Untracked 
|  23|0x0000000707000000, 0x0000000707200000, 0x0000000707200000|100%| O|  |TAMS 0x0000000707000000| PB 0x0000000707000000| Untracked 
|  24|0x0000000707200000, 0x0000000707400000, 0x0000000707400000|100%| O|  |TAMS 0x0000000707200000| PB 0x0000000707200000| Untracked 
|  25|0x0000000707400000, 0x0000000707600000, 0x0000000707600000|100%| O|  |TAMS 0x0000000707400000| PB 0x0000000707400000| Untracked 
|  26|0x0000000707600000, 0x0000000707800000, 0x0000000707800000|100%| O|  |TAMS 0x0000000707600000| PB 0x0000000707600000| Untracked 
|  27|0x0000000707800000, 0x0000000707a00000, 0x0000000707a00000|100%| O|  |TAMS 0x0000000707800000| PB 0x0000000707800000| Untracked 
|  28|0x0000000707a00000, 0x0000000707c00000, 0x0000000707c00000|100%| O|  |TAMS 0x0000000707a00000| PB 0x0000000707a00000| Untracked 
|  29|0x0000000707c00000, 0x0000000707e00000, 0x0000000707e00000|100%| O|  |TAMS 0x0000000707c00000| PB 0x0000000707c00000| Untracked 
|  30|0x0000000707e00000, 0x0000000708000000, 0x0000000708000000|100%| O|  |TAMS 0x0000000707e00000| PB 0x0000000707e00000| Untracked 
|  31|0x0000000708000000, 0x0000000708200000, 0x0000000708200000|100%| O|  |TAMS 0x0000000708000000| PB 0x0000000708000000| Untracked 
|  32|0x0000000708200000, 0x0000000708400000, 0x0000000708400000|100%| O|  |TAMS 0x0000000708200000| PB 0x0000000708200000| Untracked 
|  33|0x0000000708400000, 0x0000000708600000, 0x0000000708600000|100%| O|  |TAMS 0x0000000708400000| PB 0x0000000708400000| Untracked 
|  34|0x0000000708600000, 0x0000000708800000, 0x0000000708800000|100%| O|  |TAMS 0x0000000708600000| PB 0x0000000708600000| Untracked 
|  35|0x0000000708800000, 0x0000000708a00000, 0x0000000708a00000|100%| O|  |TAMS 0x0000000708800000| PB 0x0000000708800000| Untracked 
|  36|0x0000000708a00000, 0x0000000708c00000, 0x0000000708c00000|100%| O|  |TAMS 0x0000000708a00000| PB 0x0000000708a00000| Untracked 
|  37|0x0000000708c00000, 0x0000000708e00000, 0x0000000708e00000|100%| O|  |TAMS 0x0000000708c00000| PB 0x0000000708c00000| Untracked 
|  38|0x0000000708e00000, 0x0000000709000000, 0x0000000709000000|100%| O|  |TAMS 0x0000000708e00000| PB 0x0000000708e00000| Untracked 
|  39|0x0000000709000000, 0x0000000709200000, 0x0000000709200000|100%| O|  |TAMS 0x0000000709000000| PB 0x0000000709000000| Untracked 
|  40|0x0000000709200000, 0x0000000709400000, 0x0000000709400000|100%| O|  |TAMS 0x0000000709200000| PB 0x0000000709200000| Untracked 
|  41|0x0000000709400000, 0x0000000709600000, 0x0000000709600000|100%| O|  |TAMS 0x0000000709400000| PB 0x0000000709400000| Untracked 
|  42|0x0000000709600000, 0x0000000709800000, 0x0000000709800000|100%| O|  |TAMS 0x0000000709600000| PB 0x0000000709600000| Untracked 
|  43|0x0000000709800000, 0x0000000709a00000, 0x0000000709a00000|100%| O|  |TAMS 0x0000000709800000| PB 0x0000000709800000| Untracked 
|  44|0x0000000709a00000, 0x0000000709c00000, 0x0000000709c00000|100%| O|  |TAMS 0x0000000709a00000| PB 0x0000000709a00000| Untracked 
|  45|0x0000000709c00000, 0x0000000709e00000, 0x0000000709e00000|100%| O|  |TAMS 0x0000000709c00000| PB 0x0000000709c00000| Untracked 
|  46|0x0000000709e00000, 0x000000070a000000, 0x000000070a000000|100%| O|  |TAMS 0x0000000709e00000| PB 0x0000000709e00000| Untracked 
|  47|0x000000070a000000, 0x000000070a0686c0, 0x000000070a200000| 20%| O|  |TAMS 0x000000070a000000| PB 0x000000070a000000| Untracked 
|  48|0x000000070a200000, 0x000000070a400000, 0x000000070a400000|100%| O|  |TAMS 0x000000070a200000| PB 0x000000070a200000| Untracked 
|  49|0x000000070a400000, 0x000000070a600000, 0x000000070a600000|100%| O|  |TAMS 0x000000070a400000| PB 0x000000070a400000| Untracked 
|  50|0x000000070a600000, 0x000000070a800000, 0x000000070a800000|100%| O|  |TAMS 0x000000070a600000| PB 0x000000070a600000| Untracked 
|  51|0x000000070a800000, 0x000000070aa00000, 0x000000070aa00000|100%| O|  |TAMS 0x000000070a800000| PB 0x000000070a800000| Untracked 
|  52|0x000000070aa00000, 0x000000070ac00000, 0x000000070ac00000|100%| O|  |TAMS 0x000000070aa00000| PB 0x000000070aa00000| Untracked 
|  53|0x000000070ac00000, 0x000000070ac00000, 0x000000070ae00000|  0%| F|  |TAMS 0x000000070ac00000| PB 0x000000070ac00000| Untracked 
|  54|0x000000070ae00000, 0x000000070ae00000, 0x000000070b000000|  0%| F|  |TAMS 0x000000070ae00000| PB 0x000000070ae00000| Untracked 
|  55|0x000000070b000000, 0x000000070b000000, 0x000000070b200000|  0%| F|  |TAMS 0x000000070b000000| PB 0x000000070b000000| Untracked 
|  56|0x000000070b200000, 0x000000070b200000, 0x000000070b400000|  0%| F|  |TAMS 0x000000070b200000| PB 0x000000070b200000| Untracked 
|  57|0x000000070b400000, 0x000000070b400000, 0x000000070b600000|  0%| F|  |TAMS 0x000000070b400000| PB 0x000000070b400000| Untracked 
|  58|0x000000070b600000, 0x000000070b600000, 0x000000070b800000|  0%| F|  |TAMS 0x000000070b600000| PB 0x000000070b600000| Untracked 
|  59|0x000000070b800000, 0x000000070b800000, 0x000000070ba00000|  0%| F|  |TAMS 0x000000070b800000| PB 0x000000070b800000| Untracked 
|  60|0x000000070ba00000, 0x000000070ba00000, 0x000000070bc00000|  0%| F|  |TAMS 0x000000070ba00000| PB 0x000000070ba00000| Untracked 
|  61|0x000000070bc00000, 0x000000070bc00000, 0x000000070be00000|  0%| F|  |TAMS 0x000000070bc00000| PB 0x000000070bc00000| Untracked 
|  62|0x000000070be00000, 0x000000070be00000, 0x000000070c000000|  0%| F|  |TAMS 0x000000070be00000| PB 0x000000070be00000| Untracked 
|  63|0x000000070c000000, 0x000000070c000000, 0x000000070c200000|  0%| F|  |TAMS 0x000000070c000000| PB 0x000000070c000000| Untracked 
|  64|0x000000070c200000, 0x000000070c200000, 0x000000070c400000|  0%| F|  |TAMS 0x000000070c200000| PB 0x000000070c200000| Untracked 
|  65|0x000000070c400000, 0x000000070c400000, 0x000000070c600000|  0%| F|  |TAMS 0x000000070c400000| PB 0x000000070c400000| Untracked 
|  66|0x000000070c600000, 0x000000070c600000, 0x000000070c800000|  0%| F|  |TAMS 0x000000070c600000| PB 0x000000070c600000| Untracked 
|  67|0x000000070c800000, 0x000000070c800000, 0x000000070ca00000|  0%| F|  |TAMS 0x000000070c800000| PB 0x000000070c800000| Untracked 
|  68|0x000000070ca00000, 0x000000070ca00000, 0x000000070cc00000|  0%| F|  |TAMS 0x000000070ca00000| PB 0x000000070ca00000| Untracked 
|  69|0x000000070cc00000, 0x000000070cc00000, 0x000000070ce00000|  0%| F|  |TAMS 0x000000070cc00000| PB 0x000000070cc00000| Untracked 
|  70|0x000000070ce00000, 0x000000070ce00000, 0x000000070d000000|  0%| F|  |TAMS 0x000000070ce00000| PB 0x000000070ce00000| Untracked 
|  71|0x000000070d000000, 0x000000070d000000, 0x000000070d200000|  0%| F|  |TAMS 0x000000070d000000| PB 0x000000070d000000| Untracked 
|  72|0x000000070d200000, 0x000000070d200000, 0x000000070d400000|  0%| F|  |TAMS 0x000000070d200000| PB 0x000000070d200000| Untracked 
|  73|0x000000070d400000, 0x000000070d400000, 0x000000070d600000|  0%| F|  |TAMS 0x000000070d400000| PB 0x000000070d400000| Untracked 
|  74|0x000000070d600000, 0x000000070d600000, 0x000000070d800000|  0%| F|  |TAMS 0x000000070d600000| PB 0x000000070d600000| Untracked 
|  75|0x000000070d800000, 0x000000070d800000, 0x000000070da00000|  0%| F|  |TAMS 0x000000070d800000| PB 0x000000070d800000| Untracked 
|  76|0x000000070da00000, 0x000000070da00000, 0x000000070dc00000|  0%| F|  |TAMS 0x000000070da00000| PB 0x000000070da00000| Untracked 
|  77|0x000000070dc00000, 0x000000070dc00000, 0x000000070de00000|  0%| F|  |TAMS 0x000000070dc00000| PB 0x000000070dc00000| Untracked 
|  78|0x000000070de00000, 0x000000070de00000, 0x000000070e000000|  0%| F|  |TAMS 0x000000070de00000| PB 0x000000070de00000| Untracked 
|  79|0x000000070e000000, 0x000000070e000000, 0x000000070e200000|  0%| F|  |TAMS 0x000000070e000000| PB 0x000000070e000000| Untracked 
|  80|0x000000070e200000, 0x000000070e200000, 0x000000070e400000|  0%| F|  |TAMS 0x000000070e200000| PB 0x000000070e200000| Untracked 
|  81|0x000000070e400000, 0x000000070e51dd30, 0x000000070e600000| 55%| E|  |TAMS 0x000000070e400000| PB 0x000000070e400000| Complete 
|  82|0x000000070e600000, 0x000000070e800000, 0x000000070e800000|100%| E|CS|TAMS 0x000000070e600000| PB 0x000000070e600000| Complete 
|  83|0x000000070e800000, 0x000000070ea00000, 0x000000070ea00000|100%| E|CS|TAMS 0x000000070e800000| PB 0x000000070e800000| Complete 
|  84|0x000000070ea00000, 0x000000070ec00000, 0x000000070ec00000|100%| E|CS|TAMS 0x000000070ea00000| PB 0x000000070ea00000| Complete 
|  85|0x000000070ec00000, 0x000000070ee00000, 0x000000070ee00000|100%| E|CS|TAMS 0x000000070ec00000| PB 0x000000070ec00000| Complete 
|  86|0x000000070ee00000, 0x000000070f000000, 0x000000070f000000|100%| E|CS|TAMS 0x000000070ee00000| PB 0x000000070ee00000| Complete 
|  87|0x000000070f000000, 0x000000070f200000, 0x000000070f200000|100%| E|CS|TAMS 0x000000070f000000| PB 0x000000070f000000| Complete 
|  88|0x000000070f200000, 0x000000070f400000, 0x000000070f400000|100%| E|CS|TAMS 0x000000070f200000| PB 0x000000070f200000| Complete 
|  89|0x000000070f400000, 0x000000070f600000, 0x000000070f600000|100%| E|CS|TAMS 0x000000070f400000| PB 0x000000070f400000| Complete 
|  90|0x000000070f600000, 0x000000070f800000, 0x000000070f800000|100%| E|CS|TAMS 0x000000070f600000| PB 0x000000070f600000| Complete 
|  91|0x000000070f800000, 0x000000070fa00000, 0x000000070fa00000|100%| E|CS|TAMS 0x000000070f800000| PB 0x000000070f800000| Complete 
|  92|0x000000070fa00000, 0x000000070fc00000, 0x000000070fc00000|100%| E|CS|TAMS 0x000000070fa00000| PB 0x000000070fa00000| Complete 
|  93|0x000000070fc00000, 0x000000070fe00000, 0x000000070fe00000|100%| E|CS|TAMS 0x000000070fc00000| PB 0x000000070fc00000| Complete 
|  94|0x000000070fe00000, 0x0000000710000000, 0x0000000710000000|100%| E|CS|TAMS 0x000000070fe00000| PB 0x000000070fe00000| Complete 
|  95|0x0000000710000000, 0x0000000710200000, 0x0000000710200000|100%| E|CS|TAMS 0x0000000710000000| PB 0x0000000710000000| Complete 
|  96|0x0000000710200000, 0x0000000710400000, 0x0000000710400000|100%| E|CS|TAMS 0x0000000710200000| PB 0x0000000710200000| Complete 
|  97|0x0000000710400000, 0x0000000710600000, 0x0000000710600000|100%| E|CS|TAMS 0x0000000710400000| PB 0x0000000710400000| Complete 
|  98|0x0000000710600000, 0x0000000710800000, 0x0000000710800000|100%| E|CS|TAMS 0x0000000710600000| PB 0x0000000710600000| Complete 
|  99|0x0000000710800000, 0x0000000710a00000, 0x0000000710a00000|100%| E|CS|TAMS 0x0000000710800000| PB 0x0000000710800000| Complete 
| 100|0x0000000710a00000, 0x0000000710c00000, 0x0000000710c00000|100%| E|CS|TAMS 0x0000000710a00000| PB 0x0000000710a00000| Complete 
| 101|0x0000000710c00000, 0x0000000710e00000, 0x0000000710e00000|100%| E|CS|TAMS 0x0000000710c00000| PB 0x0000000710c00000| Complete 
| 102|0x0000000710e00000, 0x0000000711000000, 0x0000000711000000|100%| E|CS|TAMS 0x0000000710e00000| PB 0x0000000710e00000| Complete 
| 103|0x0000000711000000, 0x0000000711200000, 0x0000000711200000|100%| E|CS|TAMS 0x0000000711000000| PB 0x0000000711000000| Complete 
| 104|0x0000000711200000, 0x0000000711400000, 0x0000000711400000|100%| E|CS|TAMS 0x0000000711200000| PB 0x0000000711200000| Complete 
| 105|0x0000000711400000, 0x0000000711600000, 0x0000000711600000|100%| E|CS|TAMS 0x0000000711400000| PB 0x0000000711400000| Complete 
| 106|0x0000000711600000, 0x0000000711800000, 0x0000000711800000|100%| E|CS|TAMS 0x0000000711600000| PB 0x0000000711600000| Complete 
| 107|0x0000000711800000, 0x0000000711a00000, 0x0000000711a00000|100%| E|CS|TAMS 0x0000000711800000| PB 0x0000000711800000| Complete 
| 108|0x0000000711a00000, 0x0000000711c00000, 0x0000000711c00000|100%| E|CS|TAMS 0x0000000711a00000| PB 0x0000000711a00000| Complete 
| 109|0x0000000711c00000, 0x0000000711e00000, 0x0000000711e00000|100%| E|CS|TAMS 0x0000000711c00000| PB 0x0000000711c00000| Complete 
| 110|0x0000000711e00000, 0x0000000712000000, 0x0000000712000000|100%| E|CS|TAMS 0x0000000711e00000| PB 0x0000000711e00000| Complete 
| 111|0x0000000712000000, 0x0000000712200000, 0x0000000712200000|100%| E|CS|TAMS 0x0000000712000000| PB 0x0000000712000000| Complete 
| 112|0x0000000712200000, 0x0000000712400000, 0x0000000712400000|100%| E|CS|TAMS 0x0000000712200000| PB 0x0000000712200000| Complete 
| 113|0x0000000712400000, 0x0000000712600000, 0x0000000712600000|100%| E|CS|TAMS 0x0000000712400000| PB 0x0000000712400000| Complete 
| 114|0x0000000712600000, 0x0000000712800000, 0x0000000712800000|100%| S|CS|TAMS 0x0000000712600000| PB 0x0000000712600000| Complete 
| 115|0x0000000712800000, 0x0000000712a00000, 0x0000000712a00000|100%| S|CS|TAMS 0x0000000712800000| PB 0x0000000712800000| Complete 
| 116|0x0000000712a00000, 0x0000000712c00000, 0x0000000712c00000|100%| E|CS|TAMS 0x0000000712a00000| PB 0x0000000712a00000| Complete 
| 117|0x0000000712c00000, 0x0000000712e00000, 0x0000000712e00000|100%| E|CS|TAMS 0x0000000712c00000| PB 0x0000000712c00000| Complete 
| 118|0x0000000712e00000, 0x0000000713000000, 0x0000000713000000|100%| E|CS|TAMS 0x0000000712e00000| PB 0x0000000712e00000| Complete 
| 119|0x0000000713000000, 0x0000000713200000, 0x0000000713200000|100%| E|  |TAMS 0x0000000713000000| PB 0x0000000713000000| Complete 

Card table byte_map: [0x0000023c65760000,0x0000023c65f40000] _byte_map_base: 0x0000023c61f3f000

Marking Bits: (CMBitMap*) 0x0000023c4b90a250
 Bits: [0x0000023c65f40000, 0x0000023c69e38000)

Polling page: 0x0000023c4b970000

Metaspace:

Usage:
  Non-class:     62.40 MB used.
      Class:      7.46 MB used.
       Both:     69.85 MB used.

Virtual space:
  Non-class space:       64.00 MB reserved,      62.88 MB ( 98%) committed,  1 nodes.
      Class space:        1.00 GB reserved,       7.81 MB ( <1%) committed,  1 nodes.
             Both:        1.06 GB reserved,      70.69 MB (  6%) committed. 

Chunk freelists:
   Non-Class:  368.00 KB
       Class:  8.14 MB
        Both:  8.50 MB

MaxMetaspaceSize: unlimited
CompressedClassSpaceSize: 1.00 GB
Initial GC threshold: 21.00 MB
Current GC threshold: 102.50 MB
CDS: on
 - commit_granule_bytes: 65536.
 - commit_granule_words: 8192.
 - virtual_space_node_default_size: 8388608.
 - enlarge_chunks_in_place: 1.
 - use_allocation_guard: 0.


Internal statistics:

num_allocs_failed_limit: 15.
num_arena_births: 1064.
num_arena_deaths: 0.
num_vsnodes_births: 2.
num_vsnodes_deaths: 0.
num_space_committed: 1130.
num_space_uncommitted: 0.
num_chunks_returned_to_freelist: 15.
num_chunks_taken_from_freelist: 3362.
num_chunk_merges: 15.
num_chunk_splits: 2382.
num_chunks_enlarged: 1697.
num_inconsistent_stats: 0.

CodeHeap 'non-profiled nmethods': size=120000Kb used=5752Kb max_used=5752Kb free=114247Kb
 bounds [0x0000023c5cfd0000, 0x0000023c5d570000, 0x0000023c64500000]
CodeHeap 'profiled nmethods': size=120000Kb used=15980Kb max_used=15980Kb free=104019Kb
 bounds [0x0000023c55500000, 0x0000023c564a0000, 0x0000023c5ca30000]
CodeHeap 'non-nmethods': size=5760Kb used=1962Kb max_used=1993Kb free=3797Kb
 bounds [0x0000023c5ca30000, 0x0000023c5cca0000, 0x0000023c5cfd0000]
 total_blobs=8038 nmethods=7277 adapters=664
 compilation: enabled
              stopped_count=0, restarted_count=0
 full_count=0

Compilation events (20 events):
Event: 28.589 Thread 0x0000023c6c937c40 nmethod 8097 0x0000023c56495c10 code [0x0000023c56495de0, 0x0000023c56496188]
Event: 28.589 Thread 0x0000023c6c937c40 8094       3       java.beans.FeatureDescriptor::getParameterTypes (21 bytes)
Event: 28.591 Thread 0x0000023c6c937c40 nmethod 8094 0x0000023c56496310 code [0x0000023c564965e0, 0x0000023c56497398]
Event: 28.591 Thread 0x0000023c6c937c40 8099       1       jakarta.el.ELContext::isPropertyResolved (5 bytes)
Event: 28.591 Thread 0x0000023c6c937c40 nmethod 8099 0x0000023c5d569c10 code [0x0000023c5d569da0, 0x0000023c5d569e70]
Event: 28.591 Thread 0x0000023c6c937c40 8102       1       jakarta.el.ELContext::setPropertyResolved (6 bytes)
Event: 28.591 Thread 0x0000023c6c937c40 nmethod 8102 0x0000023c5d569f10 code [0x0000023c5d56a0a0, 0x0000023c5d56a170]
Event: 28.591 Thread 0x0000023c6c937c40 8105       3       org.apache.jasper.runtime.JspWriterImpl::write (130 bytes)
Event: 28.593 Thread 0x0000023c6c937c40 nmethod 8105 0x0000023c56497810 code [0x0000023c56497ac0, 0x0000023c56498830]
Event: 28.593 Thread 0x0000023c6c937c40 8104       3       org.apache.jasper.runtime.JspWriterImpl::min (9 bytes)
Event: 28.593 Thread 0x0000023c6c937c40 nmethod 8104 0x0000023c56498d10 code [0x0000023c56498ec0, 0x0000023c56499010]
Event: 28.593 Thread 0x0000023c6c937c40 8103       3       org.apache.el.lang.EvaluationContext::isPropertyResolved (8 bytes)
Event: 28.593 Thread 0x0000023c6c937c40 nmethod 8103 0x0000023c56499090 code [0x0000023c56499240, 0x0000023c56499420]
Event: 28.593 Thread 0x0000023c6c937c40 8100       3       com.sun.beans.TypeResolver::getActualType (24 bytes)
Event: 28.593 Thread 0x0000023c6c937c40 nmethod 8100 0x0000023c56499510 code [0x0000023c56499720, 0x0000023c56499e10]
Event: 28.593 Thread 0x0000023c6c937c40 8095       3       com.sun.beans.TypeResolver::resolveInClass (9 bytes)
Event: 28.594 Thread 0x0000023c6c937c40 nmethod 8095 0x0000023c5649a010 code [0x0000023c5649a240, 0x0000023c5649a9c0]
Event: 28.594 Thread 0x0000023c6c937c40 8101       3       com.sun.beans.introspect.PropertyInfo::get (22 bytes)
Event: 28.594 Thread 0x0000023c6c937c40 nmethod 8101 0x0000023c5649ac10 code [0x0000023c5649adc0, 0x0000023c5649aff0]
Event: 28.681 Thread 0x0000023c6c936600 nmethod 8077 0x0000023c5d56a210 code [0x0000023c5d56a660, 0x0000023c5d56c860]

GC Heap History (20 events):
Event: 14.358 GC heap before
{Heap before GC invocations=38 (full 12):
 garbage-first heap   total 245760K, used 183845K [0x0000000704200000, 0x0000000800000000)
  region size 2048K, 72 young (147456K), 1 survivors (2048K)
 Metaspace       used 36860K, committed 37440K, reserved 1114112K
  class space    used 3957K, committed 4224K, reserved 1048576K
}
Event: 14.359 GC heap after
{Heap after GC invocations=39 (full 12):
 garbage-first heap   total 245760K, used 38560K [0x0000000704200000, 0x0000000800000000)
  region size 2048K, 1 young (2048K), 1 survivors (2048K)
 Metaspace       used 36860K, committed 37440K, reserved 1114112K
  class space    used 3957K, committed 4224K, reserved 1048576K
}
Event: 14.831 GC heap before
{Heap before GC invocations=39 (full 12):
 garbage-first heap   total 245760K, used 183968K [0x0000000704200000, 0x0000000800000000)
  region size 2048K, 72 young (147456K), 1 survivors (2048K)
 Metaspace       used 36865K, committed 37440K, reserved 1114112K
  class space    used 3957K, committed 4224K, reserved 1048576K
}
Event: 14.832 GC heap after
{Heap after GC invocations=40 (full 12):
 garbage-first heap   total 245760K, used 38669K [0x0000000704200000, 0x0000000800000000)
  region size 2048K, 1 young (2048K), 1 survivors (2048K)
 Metaspace       used 36865K, committed 37440K, reserved 1114112K
  class space    used 3957K, committed 4224K, reserved 1048576K
}
Event: 15.359 GC heap before
{Heap before GC invocations=40 (full 12):
 garbage-first heap   total 245760K, used 184077K [0x0000000704200000, 0x0000000800000000)
  region size 2048K, 72 young (147456K), 1 survivors (2048K)
 Metaspace       used 36866K, committed 37440K, reserved 1114112K
  class space    used 3957K, committed 4224K, reserved 1048576K
}
Event: 15.360 GC heap after
{Heap after GC invocations=41 (full 12):
 garbage-first heap   total 245760K, used 38485K [0x0000000704200000, 0x0000000800000000)
  region size 2048K, 1 young (2048K), 1 survivors (2048K)
 Metaspace       used 36866K, committed 37440K, reserved 1114112K
  class space    used 3957K, committed 4224K, reserved 1048576K
}
Event: 16.008 GC heap before
{Heap before GC invocations=41 (full 12):
 garbage-first heap   total 245760K, used 183893K [0x0000000704200000, 0x0000000800000000)
  region size 2048K, 72 young (147456K), 1 survivors (2048K)
 Metaspace       used 36878K, committed 37440K, reserved 1114112K
  class space    used 3957K, committed 4224K, reserved 1048576K
}
Event: 16.009 GC heap after
{Heap after GC invocations=42 (full 12):
 garbage-first heap   total 245760K, used 38470K [0x0000000704200000, 0x0000000800000000)
  region size 2048K, 1 young (2048K), 1 survivors (2048K)
 Metaspace       used 36878K, committed 37440K, reserved 1114112K
  class space    used 3957K, committed 4224K, reserved 1048576K
}
Event: 16.752 GC heap before
{Heap before GC invocations=42 (full 12):
 garbage-first heap   total 245760K, used 183878K [0x0000000704200000, 0x0000000800000000)
  region size 2048K, 72 young (147456K), 1 survivors (2048K)
 Metaspace       used 39049K, committed 39616K, reserved 1114112K
  class space    used 4283K, committed 4544K, reserved 1048576K
}
Event: 16.769 GC heap after
{Heap after GC invocations=43 (full 12):
 garbage-first heap   total 245760K, used 63875K [0x0000000704200000, 0x0000000800000000)
  region size 2048K, 9 young (18432K), 9 survivors (18432K)
 Metaspace       used 39049K, committed 39616K, reserved 1114112K
  class space    used 4283K, committed 4544K, reserved 1048576K
}
Event: 17.152 GC heap before
{Heap before GC invocations=43 (full 12):
 garbage-first heap   total 245760K, used 192899K [0x0000000704200000, 0x0000000800000000)
  region size 2048K, 72 young (147456K), 9 survivors (18432K)
 Metaspace       used 39059K, committed 39680K, reserved 1114112K
  class space    used 4283K, committed 4544K, reserved 1048576K
}
Event: 17.177 GC heap after
{Heap after GC invocations=44 (full 12):
 garbage-first heap   total 245760K, used 84947K [0x0000000704200000, 0x0000000800000000)
  region size 2048K, 9 young (18432K), 9 survivors (18432K)
 Metaspace       used 39059K, committed 39680K, reserved 1114112K
  class space    used 4283K, committed 4544K, reserved 1048576K
}
Event: 17.690 GC heap before
{Heap before GC invocations=44 (full 12):
 garbage-first heap   total 245760K, used 207827K [0x0000000704200000, 0x0000000800000000)
  region size 2048K, 69 young (141312K), 9 survivors (18432K)
 Metaspace       used 39246K, committed 39872K, reserved 1114112K
  class space    used 4310K, committed 4608K, reserved 1048576K
}
Event: 17.706 GC heap after
{Heap after GC invocations=45 (full 12):
 garbage-first heap   total 245760K, used 100114K [0x0000000704200000, 0x0000000800000000)
  region size 2048K, 7 young (14336K), 7 survivors (14336K)
 Metaspace       used 39246K, committed 39872K, reserved 1114112K
  class space    used 4310K, committed 4608K, reserved 1048576K
}
Event: 19.782 GC heap before
{Heap before GC invocations=45 (full 12):
 garbage-first heap   total 245760K, used 210706K [0x0000000704200000, 0x0000000800000000)
  region size 2048K, 61 young (124928K), 7 survivors (14336K)
 Metaspace       used 52261K, committed 52992K, reserved 1114112K
  class space    used 5857K, committed 6208K, reserved 1048576K
}
Event: 19.795 GC heap after
{Heap after GC invocations=46 (full 12):
 garbage-first heap   total 245760K, used 107890K [0x0000000704200000, 0x0000000800000000)
  region size 2048K, 4 young (8192K), 4 survivors (8192K)
 Metaspace       used 52261K, committed 52992K, reserved 1114112K
  class space    used 5857K, committed 6208K, reserved 1048576K
}
Event: 21.082 GC heap before
{Heap before GC invocations=46 (full 12):
 garbage-first heap   total 245760K, used 212338K [0x0000000704200000, 0x0000000800000000)
  region size 2048K, 56 young (114688K), 4 survivors (8192K)
 Metaspace       used 60813K, committed 61632K, reserved 1114112K
  class space    used 6721K, committed 7104K, reserved 1048576K
}
Event: 21.088 GC heap after
{Heap after GC invocations=47 (full 12):
 garbage-first heap   total 245760K, used 109938K [0x0000000704200000, 0x0000000800000000)
  region size 2048K, 5 young (10240K), 5 survivors (10240K)
 Metaspace       used 60813K, committed 61632K, reserved 1114112K
  class space    used 6721K, committed 7104K, reserved 1048576K
}
Event: 21.142 GC heap before
{Heap before GC invocations=47 (full 12):
 garbage-first heap   total 245760K, used 116082K [0x0000000704200000, 0x0000000800000000)
  region size 2048K, 9 young (18432K), 5 survivors (10240K)
 Metaspace       used 61175K, committed 61888K, reserved 1114112K
  class space    used 6761K, committed 7104K, reserved 1048576K
}
Event: 21.148 GC heap after
{Heap after GC invocations=48 (full 12):
 garbage-first heap   total 245760K, used 110622K [0x0000000704200000, 0x0000000800000000)
  region size 2048K, 2 young (4096K), 2 survivors (4096K)
 Metaspace       used 61175K, committed 61888K, reserved 1114112K
  class space    used 6761K, committed 7104K, reserved 1048576K
}

Dll operation events (14 events):
Event: 0.006 Loaded shared library D:\java\jdk21\bin\java.dll
Event: 0.038 Loaded shared library D:\java\jdk21\bin\jsvml.dll
Event: 0.084 Loaded shared library D:\java\jdk21\bin\zip.dll
Event: 0.087 Loaded shared library D:\java\jdk21\bin\instrument.dll
Event: 0.092 Loaded shared library D:\java\jdk21\bin\net.dll
Event: 0.094 Loaded shared library D:\java\jdk21\bin\nio.dll
Event: 0.096 Loaded shared library D:\java\jdk21\bin\zip.dll
Event: 0.150 Loaded shared library D:\java\jdk21\bin\jimage.dll
Event: 0.249 Loaded shared library D:\java\jdk21\bin\management_agent.dll
Event: 0.251 Loaded shared library D:\java\jdk21\bin\management.dll
Event: 0.261 Loaded shared library D:\java\jdk21\bin\management_ext.dll
Event: 0.614 Loaded shared library D:\java\jdk21\bin\extnet.dll
Event: 2.844 Loaded shared library D:\java\jdk21\bin\sunmscapi.dll
Event: 3.373 Loaded shared library D:\java\jdk21\bin\verify.dll

Deoptimization events (20 events):
Event: 28.279 Thread 0x0000023c7332a730 Uncommon trap: trap_request=0xffffff45 fr.pc=0x0000023c5d0c4214 relative=0x00000000000007b4
Event: 28.279 Thread 0x0000023c7332a730 Uncommon trap: reason=unstable_if action=reinterpret pc=0x0000023c5d0c4214 method=com.sun.org.apache.xerces.internal.impl.XMLEntityScanner.scanData(Ljava/lang/String;Lcom/sun/org/apache/xerces/internal/util/XMLStringBuffer;I)Z @ 531 c2
Event: 28.279 Thread 0x0000023c7332a730 DEOPT PACKING pc=0x0000023c5d0c4214 sp=0x000000b0a85fd300
Event: 28.279 Thread 0x0000023c7332a730 DEOPT UNPACKING pc=0x0000023c5ca87da2 sp=0x000000b0a85fd2b0 mode 2
Event: 28.344 Thread 0x0000023c7332a730 DEOPT PACKING pc=0x0000023c560bbe23 sp=0x000000b0a85fca80
Event: 28.344 Thread 0x0000023c7332a730 DEOPT UNPACKING pc=0x0000023c5ca888e2 sp=0x000000b0a85fbfd8 mode 0
Event: 28.444 Thread 0x0000023c7332a730 Uncommon trap: trap_request=0xffffff6e fr.pc=0x0000023c5d5593d0 relative=0x00000000000001b0
Event: 28.444 Thread 0x0000023c7332a730 Uncommon trap: reason=loop_limit_check action=maybe_recompile pc=0x0000023c5d5593d0 method=org.eclipse.jdt.internal.compiler.lookup.ReferenceBinding.compare([C[CII)I @ 46 c2
Event: 28.444 Thread 0x0000023c7332a730 DEOPT PACKING pc=0x0000023c5d5593d0 sp=0x000000b0a85fcf30
Event: 28.444 Thread 0x0000023c7332a730 DEOPT UNPACKING pc=0x0000023c5ca87da2 sp=0x000000b0a85fcea0 mode 2
Event: 28.477 Thread 0x0000023c7332a730 DEOPT PACKING pc=0x0000023c561ce539 sp=0x000000b0a85fbf00
Event: 28.477 Thread 0x0000023c7332a730 DEOPT UNPACKING pc=0x0000023c5ca888e2 sp=0x000000b0a85fb338 mode 0
Event: 28.490 Thread 0x0000023c7332a730 Uncommon trap: trap_request=0xffffff6e fr.pc=0x0000023c5d563bf8 relative=0x0000000000000658
Event: 28.490 Thread 0x0000023c7332a730 Uncommon trap: reason=loop_limit_check action=maybe_recompile pc=0x0000023c5d563bf8 method=org.eclipse.jdt.internal.compiler.lookup.BinaryTypeBinding.superInterfaces()[Lorg/eclipse/jdt/internal/compiler/lookup/ReferenceBinding; @ 259 c2
Event: 28.490 Thread 0x0000023c7332a730 DEOPT PACKING pc=0x0000023c5d563bf8 sp=0x000000b0a85fcb90
Event: 28.490 Thread 0x0000023c7332a730 DEOPT UNPACKING pc=0x0000023c5ca87da2 sp=0x000000b0a85fcb50 mode 2
Event: 28.521 Thread 0x0000023c7332a730 Uncommon trap: trap_request=0xffffffde fr.pc=0x0000023c5d4bcb08 relative=0x0000000000005848
Event: 28.521 Thread 0x0000023c7332a730 Uncommon trap: reason=class_check action=maybe_recompile pc=0x0000023c5d4bcb08 method=java.net.URLClassLoader.defineClass(Ljava/lang/String;Ljdk/internal/loader/Resource;)Ljava/lang/Class; @ 13 c2
Event: 28.521 Thread 0x0000023c7332a730 DEOPT PACKING pc=0x0000023c5d4bcb08 sp=0x000000b0a85fda00
Event: 28.521 Thread 0x0000023c7332a730 DEOPT UNPACKING pc=0x0000023c5ca87da2 sp=0x000000b0a85fd818 mode 2

Classes loaded (20 events):
Event: 27.530 Loading class com/sun/org/apache/xerces/internal/dom/DeepNodeListImpl
Event: 27.530 Loading class com/sun/org/apache/xerces/internal/dom/DeepNodeListImpl done
Event: 27.530 Loading class com/sun/org/apache/xerces/internal/dom/DeferredAttrImpl
Event: 27.530 Loading class com/sun/org/apache/xerces/internal/dom/DeferredAttrImpl done
Event: 27.532 Loading class java/text/FieldPosition$Delegate
Event: 27.532 Loading class java/text/FieldPosition$Delegate done
Event: 27.599 Loading class java/util/Collections$SynchronizedRandomAccessList
Event: 27.599 Loading class java/util/Collections$SynchronizedList
Event: 27.599 Loading class java/util/Collections$SynchronizedList done
Event: 27.599 Loading class java/util/Collections$SynchronizedRandomAccessList done
Event: 28.119 Loading class java/time/format/DateTimeParseException
Event: 28.119 Loading class java/time/format/DateTimeParseException done
Event: 28.217 Loading class java/util/function/IntBinaryOperator
Event: 28.217 Loading class java/util/function/IntBinaryOperator done
Event: 28.217 Loading class java/util/stream/ReduceOps$7
Event: 28.217 Loading class java/util/stream/ReduceOps$7 done
Event: 28.217 Loading class java/util/stream/ReduceOps$6ReducingSink
Event: 28.217 Loading class java/util/stream/ReduceOps$6ReducingSink done
Event: 28.551 Loading class java/util/ArrayList$ListItr
Event: 28.551 Loading class java/util/ArrayList$ListItr done

Classes unloaded (0 events):
No events

Classes redefined (0 events):
No events

Internal exceptions (20 events):
Event: 28.291 Thread 0x0000023c7332a730 Exception <a 'java/lang/ClassNotFoundException'{0x000000070f1ae510}: org/apache/taglibs/standard/tag/common/core/ForEachSupportBeanInfo> (0x000000070f1ae510) 
thrown [s\open\src\hotspot\share\classfile\systemDictionary.cpp, line 312]
Event: 28.292 Thread 0x0000023c7332a730 Exception <a 'java/lang/ClassNotFoundException'{0x000000070f1bbe30}: jakarta/servlet/jsp/jstl/core/LoopTagSupportBeanInfo> (0x000000070f1bbe30) 
thrown [s\open\src\hotspot\share\classfile\systemDictionary.cpp, line 312]
Event: 28.293 Thread 0x0000023c7332a730 Exception <a 'java/lang/ClassNotFoundException'{0x000000070f1c8b80}: jakarta/servlet/jsp/tagext/TagSupportBeanInfo> (0x000000070f1c8b80) 
thrown [s\open\src\hotspot\share\classfile\systemDictionary.cpp, line 312]
Event: 28.294 Thread 0x0000023c7332a730 Exception <a 'java/lang/ClassNotFoundException'{0x000000070f1d5a50}: jakarta/servlet/jsp/tagext/TagSupportCustomizer> (0x000000070f1d5a50) 
thrown [s\open\src\hotspot\share\classfile\systemDictionary.cpp, line 312]
Event: 28.298 Thread 0x0000023c7332a730 Exception <a 'java/lang/ClassNotFoundException'{0x000000070f1ee788}: jakarta/servlet/jsp/jstl/core/LoopTagSupportCustomizer> (0x000000070f1ee788) 
thrown [s\open\src\hotspot\share\classfile\systemDictionary.cpp, line 312]
Event: 28.301 Thread 0x0000023c7332a730 Exception <a 'java/lang/ClassNotFoundException'{0x000000070ee060a8}: org/apache/taglibs/standard/tag/common/core/ForEachSupportCustomizer> (0x000000070ee060a8) 
thrown [s\open\src\hotspot\share\classfile\systemDictionary.cpp, line 312]
Event: 28.303 Thread 0x0000023c7332a730 Exception <a 'java/lang/ClassNotFoundException'{0x000000070ee151d0}: org/apache/taglibs/standard/tag/rt/core/ForEachTagCustomizer> (0x000000070ee151d0) 
thrown [s\open\src\hotspot\share\classfile\systemDictionary.cpp, line 312]
Event: 28.310 Thread 0x0000023c7332a730 Exception <a 'java/lang/NoSuchMethodError'{0x000000070ee58cc0}: 'java.lang.Object java.lang.invoke.DirectMethodHandle$Holder.invokeSpecial(java.lang.Object, java.lang.Object, java.lang.Object, int, int, java.lang.Object)'> (0x000000070ee58cc0) 
thrown [s\open\src\hotspot\share\interpreter\linkResolver.cpp, line 773]
Event: 28.559 Thread 0x0000023c7332a730 Exception <a 'java/lang/ClassNotFoundException'{0x000000070e7af450}: org/example/ejb/entity/TicketBeanInfo> (0x000000070e7af450) 
thrown [s\open\src\hotspot\share\classfile\systemDictionary.cpp, line 312]
Event: 28.562 Thread 0x0000023c7332a730 Exception <a 'java/lang/ClassNotFoundException'{0x000000070e7bc7b0}: org/example/ejb/entity/TicketCustomizer> (0x000000070e7bc7b0) 
thrown [s\open\src\hotspot\share\classfile\systemDictionary.cpp, line 312]
Event: 28.565 Thread 0x0000023c7332a730 Exception <a 'java/lang/ClassNotFoundException'{0x000000070e7ed3f8}: org/apache/openjpa/enhance/PersistenceCapableBeanInfo> (0x000000070e7ed3f8) 
thrown [s\open\src\hotspot\share\classfile\systemDictionary.cpp, line 312]
Event: 28.567 Thread 0x0000023c7332a730 Exception <a 'java/lang/ClassNotFoundException'{0x000000070e7f7df0}: org/apache/openjpa/enhance/PersistenceCapableCustomizer> (0x000000070e7f7df0) 
thrown [s\open\src\hotspot\share\classfile\systemDictionary.cpp, line 312]
Event: 28.570 Thread 0x0000023c7332a730 Exception <a 'java/lang/ClassNotFoundException'{0x000000070e4149e8}: org/example/ejb/entity/ShowtimeBeanInfo> (0x000000070e4149e8) 
thrown [s\open\src\hotspot\share\classfile\systemDictionary.cpp, line 312]
Event: 28.573 Thread 0x0000023c7332a730 Exception <a 'java/lang/ClassNotFoundException'{0x000000070e421e08}: org/example/ejb/entity/ShowtimeCustomizer> (0x000000070e421e08) 
thrown [s\open\src\hotspot\share\classfile\systemDictionary.cpp, line 312]
Event: 28.577 Thread 0x0000023c7332a730 Exception <a 'java/lang/ClassNotFoundException'{0x000000070e44a660}: org/example/ejb/entity/CustomerBeanInfo> (0x000000070e44a660) 
thrown [s\open\src\hotspot\share\classfile\systemDictionary.cpp, line 312]
Event: 28.578 Thread 0x0000023c7332a730 Exception <a 'java/lang/ClassNotFoundException'{0x000000070e457a80}: org/example/ejb/entity/CustomerCustomizer> (0x000000070e457a80) 
thrown [s\open\src\hotspot\share\classfile\systemDictionary.cpp, line 312]
Event: 28.582 Thread 0x0000023c7332a730 Exception <a 'java/lang/ClassNotFoundException'{0x000000070e483940}: org/example/ejb/entity/SeatRoomDetailBeanInfo> (0x000000070e483940) 
thrown [s\open\src\hotspot\share\classfile\systemDictionary.cpp, line 312]
Event: 28.584 Thread 0x0000023c7332a730 Exception <a 'java/lang/ClassNotFoundException'{0x000000070e4912d0}: org/example/ejb/entity/SeatRoomDetailCustomizer> (0x000000070e4912d0) 
thrown [s\open\src\hotspot\share\classfile\systemDictionary.cpp, line 312]
Event: 28.587 Thread 0x0000023c7332a730 Exception <a 'java/lang/ClassNotFoundException'{0x000000070e4b1760}: org/example/ejb/entity/SeatBeanInfo> (0x000000070e4b1760) 
thrown [s\open\src\hotspot\share\classfile\systemDictionary.cpp, line 312]
Event: 28.588 Thread 0x0000023c7332a730 Exception <a 'java/lang/ClassNotFoundException'{0x000000070e4be990}: org/example/ejb/entity/SeatCustomizer> (0x000000070e4be990) 
thrown [s\open\src\hotspot\share\classfile\systemDictionary.cpp, line 312]

ZGC Phase Switch (0 events):
No events

VM Operations (20 events):
Event: 24.432 Executing VM operation: Cleanup
Event: 24.432 Executing VM operation: Cleanup done
Event: 27.429 Executing VM operation: HandshakeAllThreads (Deoptimize)
Event: 27.429 Executing VM operation: HandshakeAllThreads (Deoptimize) done
Event: 27.429 Executing VM operation: Cleanup
Event: 27.429 Executing VM operation: Cleanup done
Event: 27.434 Executing VM operation: HandshakeAllThreads (Deoptimize)
Event: 27.435 Executing VM operation: HandshakeAllThreads (Deoptimize) done
Event: 27.439 Executing VM operation: HandshakeAllThreads (Deoptimize)
Event: 27.439 Executing VM operation: HandshakeAllThreads (Deoptimize) done
Event: 27.534 Executing VM operation: HandshakeAllThreads (Deoptimize)
Event: 27.534 Executing VM operation: HandshakeAllThreads (Deoptimize) done
Event: 27.902 Executing VM operation: HandshakeAllThreads (Deoptimize)
Event: 27.902 Executing VM operation: HandshakeAllThreads (Deoptimize) done
Event: 28.200 Executing VM operation: ICBufferFull
Event: 28.200 Executing VM operation: ICBufferFull done
Event: 28.223 Executing VM operation: HandshakeAllThreads (Deoptimize)
Event: 28.223 Executing VM operation: HandshakeAllThreads (Deoptimize) done
Event: 28.553 Executing VM operation: HandshakeAllThreads (Deoptimize)
Event: 28.553 Executing VM operation: HandshakeAllThreads (Deoptimize) done

Events (20 events):
Event: 21.224 Thread 0x0000023c6c8e7710 flushing nmethod 0x0000023c557b2610
Event: 21.224 Thread 0x0000023c6c8e7710 flushing nmethod 0x0000023c55a98a10
Event: 21.224 Thread 0x0000023c6c8e7710 flushing nmethod 0x0000023c5d066f90
Event: 21.224 Thread 0x0000023c6c8e7710 flushing nmethod 0x0000023c55705e10
Event: 21.224 Thread 0x0000023c6c8e7710 flushing nmethod 0x0000023c5575c010
Event: 21.224 Thread 0x0000023c6c8e7710 flushing nmethod 0x0000023c5575e410
Event: 21.224 Thread 0x0000023c6c8e7710 flushing nmethod 0x0000023c557a3210
Event: 21.224 Thread 0x0000023c6c8e7710 flushing nmethod 0x0000023c557a4010
Event: 21.224 Thread 0x0000023c6c8e7710 flushing nmethod 0x0000023c55a62890
Event: 21.224 Thread 0x0000023c6c8e7710 flushing nmethod 0x0000023c5d0c5910
Event: 21.224 Thread 0x0000023c6c8e7710 flushing nmethod 0x0000023c55508690
Event: 21.224 Thread 0x0000023c6c8e7710 flushing nmethod 0x0000023c5557a210
Event: 21.224 Thread 0x0000023c6c8e7710 flushing nmethod 0x0000023c555c2390
Event: 21.224 Thread 0x0000023c6c8e7710 flushing nmethod 0x0000023c555c8110
Event: 21.224 Thread 0x0000023c6c8e7710 flushing nmethod 0x0000023c559e1290
Event: 21.224 Thread 0x0000023c6c8e7710 flushing nmethod 0x0000023c559e3010
Event: 21.224 Thread 0x0000023c6c8e7710 flushing nmethod 0x0000023c559e3510
Event: 21.224 Thread 0x0000023c6c8e7710 flushing nmethod 0x0000023c55a22590
Event: 27.534 Thread 0x0000023c72c14070 Thread added: 0x0000023c72c14070
Event: 28.382 Thread 0x0000023c72c12530 Thread added: 0x0000023c72c12530


Dynamic libraries:
0x00007ff7c1ba0000 - 0x00007ff7c1bb0000 	D:\java\jdk21\bin\java.exe
0x00007ff94a170000 - 0x00007ff94a368000 	C:\WINDOWS\SYSTEM32\ntdll.dll
0x00007ff949550000 - 0x00007ff949612000 	C:\WINDOWS\System32\KERNEL32.DLL
0x00007ff947bb0000 - 0x00007ff947eaf000 	C:\WINDOWS\System32\KERNELBASE.dll
0x00007ff947a10000 - 0x00007ff947b10000 	C:\WINDOWS\System32\ucrtbase.dll
0x00007ff943c80000 - 0x00007ff943c99000 	D:\java\jdk21\bin\jli.dll
0x00007ff948250000 - 0x00007ff9482ff000 	C:\WINDOWS\System32\ADVAPI32.dll
0x00007ff948860000 - 0x00007ff9488fe000 	C:\WINDOWS\System32\msvcrt.dll
0x00007ff948330000 - 0x00007ff9483cf000 	C:\WINDOWS\System32\sechost.dll
0x00007ff948c40000 - 0x00007ff948d63000 	C:\WINDOWS\System32\RPCRT4.dll
0x00007ff947810000 - 0x00007ff947837000 	C:\WINDOWS\System32\bcrypt.dll
0x00007ff9483d0000 - 0x00007ff94856d000 	C:\WINDOWS\System32\USER32.dll
0x00007ff9480d0000 - 0x00007ff9480f2000 	C:\WINDOWS\System32\win32u.dll
0x00007ff943c60000 - 0x00007ff943c7b000 	D:\java\jdk21\bin\VCRUNTIME140.dll
0x00007ff948830000 - 0x00007ff94885b000 	C:\WINDOWS\System32\GDI32.dll
0x00007ff9478f0000 - 0x00007ff947a0a000 	C:\WINDOWS\System32\gdi32full.dll
0x00007ff947b10000 - 0x00007ff947bad000 	C:\WINDOWS\System32\msvcp_win.dll
0x00007ff935490000 - 0x00007ff93572a000 	C:\WINDOWS\WinSxS\amd64_microsoft.windows.common-controls_6595b64144ccf1df_6.0.19041.4355_none_60b8b9eb71f62e16\COMCTL32.dll
0x00007ff940450000 - 0x00007ff94045a000 	C:\WINDOWS\SYSTEM32\VERSION.dll
0x00007ff948300000 - 0x00007ff94832f000 	C:\WINDOWS\System32\IMM32.DLL
0x00007ff943cf0000 - 0x00007ff943cfc000 	D:\java\jdk21\bin\vcruntime140_1.dll
0x00007ff925970000 - 0x00007ff9259fe000 	D:\java\jdk21\bin\msvcp140.dll
0x00007ff8edab0000 - 0x00007ff8ee7ca000 	D:\java\jdk21\bin\server\jvm.dll
0x00007ff948b60000 - 0x00007ff948bcb000 	C:\WINDOWS\System32\WS2_32.dll
0x00007ff9475c0000 - 0x00007ff94760b000 	C:\WINDOWS\SYSTEM32\POWRPROF.dll
0x00007ff93bac0000 - 0x00007ff93bae7000 	C:\WINDOWS\SYSTEM32\WINMM.dll
0x00007ff947530000 - 0x00007ff947542000 	C:\WINDOWS\SYSTEM32\UMPDC.dll
0x00007ff946030000 - 0x00007ff946042000 	C:\WINDOWS\SYSTEM32\kernel.appcore.dll
0x00007ff943c50000 - 0x00007ff943c5a000 	D:\java\jdk21\bin\jimage.dll
0x00007ff945400000 - 0x00007ff9455e4000 	C:\WINDOWS\SYSTEM32\DBGHELP.DLL
0x00007ff926dd0000 - 0x00007ff926e04000 	C:\WINDOWS\SYSTEM32\dbgcore.DLL
0x00007ff948100000 - 0x00007ff948182000 	C:\WINDOWS\System32\bcryptPrimitives.dll
0x00007ff9434b0000 - 0x00007ff9434bf000 	D:\java\jdk21\bin\instrument.dll
0x00007ff941c50000 - 0x00007ff941c6f000 	D:\java\jdk21\bin\java.dll
0x00007ff9499c0000 - 0x00007ff94a12d000 	C:\WINDOWS\System32\SHELL32.dll
0x00007ff945870000 - 0x00007ff946014000 	C:\WINDOWS\SYSTEM32\windows.storage.dll
0x00007ff9491f0000 - 0x00007ff949545000 	C:\WINDOWS\System32\combase.dll
0x00007ff9471d0000 - 0x00007ff9471fb000 	C:\WINDOWS\SYSTEM32\Wldp.dll
0x00007ff949620000 - 0x00007ff9496ed000 	C:\WINDOWS\System32\OLEAUT32.dll
0x00007ff948900000 - 0x00007ff9489ad000 	C:\WINDOWS\System32\SHCORE.dll
0x00007ff948190000 - 0x00007ff9481e5000 	C:\WINDOWS\System32\shlwapi.dll
0x00007ff947740000 - 0x00007ff947765000 	C:\WINDOWS\SYSTEM32\profapi.dll
0x00007ff9244c0000 - 0x00007ff924597000 	D:\java\jdk21\bin\jsvml.dll
0x00007ff92a5f0000 - 0x00007ff92a608000 	D:\java\jdk21\bin\zip.dll
0x00007ff93d350000 - 0x00007ff93d360000 	D:\java\jdk21\bin\net.dll
0x00007ff9447d0000 - 0x00007ff9448da000 	C:\WINDOWS\SYSTEM32\WINHTTP.dll
0x00007ff946f30000 - 0x00007ff946f9c000 	C:\WINDOWS\system32\mswsock.dll
0x00007ff92c270000 - 0x00007ff92c286000 	D:\java\jdk21\bin\nio.dll
0x00007ff93ecf0000 - 0x00007ff93ecf9000 	D:\java\jdk21\bin\management_agent.dll
0x00007ff93d360000 - 0x00007ff93d36a000 	D:\java\jdk21\bin\management.dll
0x00007ff9358b0000 - 0x00007ff9358bb000 	D:\java\jdk21\bin\management_ext.dll
0x00007ff949820000 - 0x00007ff949828000 	C:\WINDOWS\System32\PSAPI.DLL
0x00007ff943d30000 - 0x00007ff943d47000 	C:\WINDOWS\system32\napinsp.dll
0x00007ff943cc0000 - 0x00007ff943cdb000 	C:\WINDOWS\system32\pnrpnsp.dll
0x00007ff921440000 - 0x00007ff921455000 	C:\WINDOWS\system32\wshbth.dll
0x00007ff9448e0000 - 0x00007ff9448fd000 	C:\WINDOWS\system32\NLAapi.dll
0x00007ff946c10000 - 0x00007ff946c4b000 	C:\WINDOWS\SYSTEM32\IPHLPAPI.DLL
0x00007ff946c50000 - 0x00007ff946d1a000 	C:\WINDOWS\SYSTEM32\DNSAPI.dll
0x00007ff949810000 - 0x00007ff949818000 	C:\WINDOWS\System32\NSI.dll
0x00007ff943ca0000 - 0x00007ff943cb2000 	C:\WINDOWS\System32\winrnr.dll
0x00007ff9415d0000 - 0x00007ff9415da000 	C:\Windows\System32\rasadhlp.dll
0x00007ff9402c0000 - 0x00007ff940340000 	C:\WINDOWS\System32\fwpuclnt.dll
0x00007ff947120000 - 0x00007ff947138000 	C:\WINDOWS\SYSTEM32\CRYPTSP.dll
0x00007ff9467f0000 - 0x00007ff946828000 	C:\WINDOWS\system32\rsaenh.dll
0x00007ff9476c0000 - 0x00007ff9476ee000 	C:\WINDOWS\SYSTEM32\USERENV.dll
0x00007ff947140000 - 0x00007ff94714c000 	C:\WINDOWS\SYSTEM32\CRYPTBASE.dll
0x00007ff93d340000 - 0x00007ff93d349000 	D:\java\jdk21\bin\extnet.dll
0x00007ff92a4a0000 - 0x00007ff92a4ae000 	D:\java\jdk21\bin\sunmscapi.dll
0x00007ff947eb0000 - 0x00007ff94800c000 	C:\WINDOWS\System32\CRYPT32.dll
0x00007ff947240000 - 0x00007ff947267000 	C:\WINDOWS\SYSTEM32\ncrypt.dll
0x00007ff947200000 - 0x00007ff94723b000 	C:\WINDOWS\SYSTEM32\NTASN1.dll
0x00007ff9290b0000 - 0x00007ff9290c0000 	D:\java\jdk21\bin\verify.dll
0x00007ff941530000 - 0x00007ff941537000 	C:\WINDOWS\system32\wshunix.dll

dbghelp: loaded successfully - version: 4.0.5 - missing functions: none
symbol engine: initialized successfully - sym options: 0x614 - pdb path: .;D:\java\jdk21\bin;C:\WINDOWS\SYSTEM32;C:\WINDOWS\WinSxS\amd64_microsoft.windows.common-controls_6595b64144ccf1df_6.0.19041.4355_none_60b8b9eb71f62e16;D:\java\jdk21\bin\server

VM Arguments:
jvm_args: -Djava.util.logging.config.file=C:\Users\dell\AppData\Local\JetBrains\IntelliJIdea2024.3\tomcat\637303c7-005e-4fa5-a411-b0f41081b1ea\conf\logging.properties -Djava.util.logging.manager=org.apache.juli.ClassLoaderLogManager -javaagent:D:\CODE WEB\page-movie-management\apache-tomee-webprofile-10.0.0\lib\openejb-javaagent.jar -Dcom.sun.management.jmxremote= -Dcom.sun.management.jmxremote.port=1099 -Dcom.sun.management.jmxremote.ssl=false -Dcom.sun.management.jmxremote.password.file=C:\Users\dell\AppData\Local\JetBrains\IntelliJIdea2024.3\tomcat\637303c7-005e-4fa5-a411-b0f41081b1ea\jmxremote.password -Dcom.sun.management.jmxremote.access.file=C:\Users\dell\AppData\Local\JetBrains\IntelliJIdea2024.3\tomcat\637303c7-005e-4fa5-a411-b0f41081b1ea\jmxremote.access -Djava.rmi.server.hostname=127.0.0.1 -Dtomee.serialization.class.whitelist= -Dtomee.serialization.class.blacklist=- -Dtomee.remote.support=true -Dopenejb.system.apps=true -Djdk.tls.ephemeralDHKeySize=2048 -Djava.protocol.handler.pkgs=org.apache.catalina.webresources --add-opens=java.base/java.lang=ALL-UNNAMED --add-opens=java.base/java.io=ALL-UNNAMED --add-opens=java.base/java.util=ALL-UNNAMED --add-opens=java.base/java.util.concurrent=ALL-UNNAMED --add-opens=java.rmi/sun.rmi.transport=ALL-UNNAMED -Dcatalina.base=C:\Users\dell\AppData\Local\JetBrains\IntelliJIdea2024.3\tomcat\637303c7-005e-4fa5-a411-b0f41081b1ea -Dcatalina.home=D:\CODE WEB\page-movie-management\apache-tomee-webprofile-10.0.0 -Djava.io.tmpdir=C:\Users\dell\AppData\Local\JetBrains\IntelliJIdea2024.3\tomcat\637303c7-005e-4fa5-a411-b0f41081b1ea\temp 
java_command: org.apache.catalina.startup.Bootstrap start
java_class_path (initial): D:\CODE WEB\page-movie-management\apache-tomee-webprofile-10.0.0\bin\bootstrap.jar;D:\CODE WEB\page-movie-management\apache-tomee-webprofile-10.0.0\bin\tomcat-juli.jar
Launcher Type: SUN_STANDARD

[Global flags]
     intx CICompilerCount                          = 4                                         {product} {ergonomic}
     uint ConcGCThreads                            = 2                                         {product} {ergonomic}
     uint G1ConcRefinementThreads                  = 8                                         {product} {ergonomic}
   size_t G1HeapRegionSize                         = 2097152                                   {product} {ergonomic}
    uintx GCDrainStackTargetSize                   = 64                                        {product} {ergonomic}
   size_t InitialHeapSize                          = 264241152                                 {product} {ergonomic}
     bool ManagementServer                         = true                                      {product} {command line}
   size_t MarkStackSize                            = 4194304                                   {product} {ergonomic}
   size_t MaxHeapSize                              = 4225761280                                {product} {ergonomic}
   size_t MaxNewSize                               = 2535456768                                {product} {ergonomic}
   size_t MinHeapDeltaBytes                        = 2097152                                   {product} {ergonomic}
   size_t MinHeapSize                              = 8388608                                   {product} {ergonomic}
    uintx NonNMethodCodeHeapSize                   = 5839372                                {pd product} {ergonomic}
    uintx NonProfiledCodeHeapSize                  = 122909434                              {pd product} {ergonomic}
    uintx ProfiledCodeHeapSize                     = 122909434                              {pd product} {ergonomic}
    uintx ReservedCodeCacheSize                    = 251658240                              {pd product} {ergonomic}
     bool SegmentedCodeCache                       = true                                      {product} {ergonomic}
   size_t SoftMaxHeapSize                          = 4225761280                             {manageable} {ergonomic}
     bool UseCompressedOops                        = true                           {product lp64_product} {ergonomic}
     bool UseG1GC                                  = true                                      {product} {ergonomic}
     bool UseLargePagesIndividualAllocation        = false                                  {pd product} {ergonomic}

Logging:
Log output configuration:
 #0: stdout all=warning uptime,level,tags foldmultilines=false
 #1: stderr all=off uptime,level,tags foldmultilines=false

Environment Variables:
JAVA_HOME=D:\java\jdk21
CLASSPATH=D:\CODE WEB\page-movie-management\apache-tomee-webprofile-10.0.0\bin\bootstrap.jar;D:\CODE WEB\page-movie-management\apache-tomee-webprofile-10.0.0\bin\tomcat-juli.jar
PATH=C:\Program Files\Microsoft MPI\Bin\;C:\Program Files\Common Files\Oracle\Java\javapath;C:\WINDOWS\system32;C:\WINDOWS;C:\WINDOWS\System32\Wbem;C:\WINDOWS\System32\WindowsPowerShell\v1.0\;C:\WINDOWS\System32\OpenSSH\;C:\Program Files\Microsoft SQL Server\Client SDK\ODBC\170\Tools\Binn\;D:\Install\bin;D:\Git\cmd;D:\XAMPP\php;C:\ProgramData\ComposerSetup\bin;C:\mingw64\bin;C:\TDM-GCC-32\bin;D:\notejs\;D:\XAMPP\mysql\bin;D:\Maven\bin;D:\Maven\apache-maven-3.9.9\bin;C:\Program Files (x86)\Microsoft SQL Server\160\Tools\Binn\;C:\Program Files\Microsoft SQL Server\160\Tools\Binn\;C:\Program Files\Microsoft SQL Server\160\DTS\Binn\;C:\Program Files (x86)\Microsoft SQL Server\160\DTS\Binn\;D:\python\Scripts\;D:\python\;D:\java\jdk21\bin;D:\Microsoft VS Code\bin;C:\Users\dell\AppData\Roaming\Composer\vendor\bin;C:\mingw64\bin;C:\Users\dell\AppData\Roaming\npm;D:\nodejs;D:\PyCharm\PyCharm Community Edition 2024.2.4\bin;;D:\Wireshark;D:\python3.10;D:\python39;D:\JetBrains\IntelliJ IDEA 2024.3.4.1\bin;;D:\Maven\bin;
USERNAME=dell
OS=Windows_NT
PROCESSOR_IDENTIFIER=Intel64 Family 6 Model 140 Stepping 1, GenuineIntel
TMP=C:\Users\dell\AppData\Local\Temp
TEMP=C:\Users\dell\AppData\Local\Temp




Periodic native trim disabled

---------------  S Y S T E M  ---------------

OS:
 Windows 10 , 64 bit Build 19041 (10.0.19041.5438)
OS uptime: 1 days 4:03 hours

CPU: total 8 (initial active 8) (4 cores per cpu, 2 threads per core) family 6 model 140 stepping 1 microcode 0xba, cx8, cmov, fxsr, ht, mmx, 3dnowpref, sse, sse2, sse3, ssse3, sse4.1, sse4.2, popcnt, lzcnt, tsc, tscinvbit, avx, avx2, aes, erms, clmul, bmi1, bmi2, adx, avx512f, avx512dq, avx512cd, avx512bw, avx512vl, sha, fma, vzeroupper, avx512_vpopcntdq, avx512_vpclmulqdq, avx512_vaes, avx512_vnni, clflush, clflushopt, clwb, avx512_vbmi2, avx512_vbmi, rdtscp, rdpid, fsrm, gfni, avx512_bitalg, f16c, pku, cet_ibt, cet_ss, avx512_ifma
Processor Information for all 8 processors :
  Max Mhz: 2419, Current Mhz: 2419, Mhz Limit: 2419

Memory: 4k page, system-wide physical 16118M (4718M free)
TotalPageFile size 17082M (AvailPageFile size 7M)
current process WorkingSet (physical memory assigned to process): 448M, peak: 448M
current process commit charge ("private bytes"): 488M, peak: 491M

vm_info: Java HotSpot(TM) 64-Bit Server VM (21.0.6+8-LTS-188) for windows-amd64 JRE (21.0.6+8-LTS-188), built on 2024-12-03T10:50:54Z by "mach5one" with MS VC++ 17.6 (VS2022)

END.
