#
# There is insufficient memory for the Java Runtime Environment to continue.
# Native memory allocation (malloc) failed to allocate 32744 bytes for Chunk::new
# Possible reasons:
#   The system is out of physical RAM or swap space
#   The process is running with CompressedOops enabled, and the Java Heap may be blocking the growth of the native heap
# Possible solutions:
#   Reduce memory load on the system
#   Increase physical memory or swap space
#   Check if swap backing store is full
#   Decrease Java heap size (-Xmx/-Xms)
#   Decrease number of Java threads
#   Decrease Java thread stack sizes (-Xss)
#   Set larger code cache with -XX:ReservedCodeCacheSize=
#   JVM is running with Zero Based Compressed Oops mode in which the Java heap is
#     placed in the first 32GB address space. The Java Heap base address is the
#     maximum limit for the native heap growth. Please use -XX:HeapBaseMinAddress
#     to set the Java Heap base and to place the Java Heap above 32GB virtual address.
# This output file may be truncated or incomplete.
#
#  Out of Memory Error (arena.cpp:168), pid=16044, tid=8064
#
# JRE version: Java(TM) SE Runtime Environment (21.0.6+8) (build 21.0.6+8-LTS-188)
# Java VM: Java HotSpot(TM) 64-Bit Server VM (21.0.6+8-LTS-188, mixed mode, sharing, tiered, compressed oops, compressed class ptrs, g1 gc, windows-amd64)
# No core dump will be written. Minidumps are not enabled by default on client versions of Windows
#

---------------  S U M M A R Y ------------

Command Line: -Djava.util.logging.config.file=C:\Users\dell\AppData\Local\JetBrains\IntelliJIdea2024.3\tomcat\637303c7-005e-4fa5-a411-b0f41081b1ea\conf\logging.properties -Djava.util.logging.manager=org.apache.juli.ClassLoaderLogManager -javaagent:D:\CODE WEB\page-movie-management\apache-tomee-webprofile-10.0.0\lib\openejb-javaagent.jar -Dcom.sun.management.jmxremote= -Dcom.sun.management.jmxremote.port=1099 -Dcom.sun.management.jmxremote.ssl=false -Dcom.sun.management.jmxremote.password.file=C:\Users\dell\AppData\Local\JetBrains\IntelliJIdea2024.3\tomcat\637303c7-005e-4fa5-a411-b0f41081b1ea\jmxremote.password -Dcom.sun.management.jmxremote.access.file=C:\Users\dell\AppData\Local\JetBrains\IntelliJIdea2024.3\tomcat\637303c7-005e-4fa5-a411-b0f41081b1ea\jmxremote.access -Djava.rmi.server.hostname=127.0.0.1 -Dtomee.serialization.class.whitelist= -Dtomee.serialization.class.blacklist=- -Dtomee.remote.support=true -Dopenejb.system.apps=true -Djdk.tls.ephemeralDHKeySize=2048 -Djava.protocol.handler.pkgs=org.apache.catalina.webresources --add-opens=java.base/java.lang=ALL-UNNAMED --add-opens=java.base/java.io=ALL-UNNAMED --add-opens=java.base/java.util=ALL-UNNAMED --add-opens=java.base/java.util.concurrent=ALL-UNNAMED --add-opens=java.rmi/sun.rmi.transport=ALL-UNNAMED -Dcatalina.base=C:\Users\dell\AppData\Local\JetBrains\IntelliJIdea2024.3\tomcat\637303c7-005e-4fa5-a411-b0f41081b1ea -Dcatalina.home=D:\CODE WEB\page-movie-management\apache-tomee-webprofile-10.0.0 -Djava.io.tmpdir=C:\Users\dell\AppData\Local\JetBrains\IntelliJIdea2024.3\tomcat\637303c7-005e-4fa5-a411-b0f41081b1ea\temp org.apache.catalina.startup.Bootstrap start

Host: 11th Gen Intel(R) Core(TM) i5-1135G7 @ 2.40GHz, 8 cores, 15G,  Windows 10 , 64 bit Build 19041 (10.0.19041.5438)
Time: Wed Apr  2 12:54:39 2025 SE Asia Standard Time elapsed time: 42.447244 seconds (0d 0h 0m 42s)

---------------  T H R E A D  ---------------

Current thread (0x0000028d9e1b3790):  JavaThread "C2 CompilerThread0" daemon [_thread_in_native, id=8064, stack(0x000000b976800000,0x000000b976900000) (1024K)]


Current CompileTask:
C2:  42447 6501   !   4       java.net.URLClassLoader::findClass (47 bytes)

Stack: [0x000000b976800000,0x000000b976900000]
Native frames: (J=compiled Java code, j=interpreted, Vv=VM code, C=native code)
V  [jvm.dll+0x6ca6d9]
V  [jvm.dll+0x854f51]
V  [jvm.dll+0x85747e]
V  [jvm.dll+0x857b53]
V  [jvm.dll+0x27dcc6]
V  [jvm.dll+0xc4c2d]
V  [jvm.dll+0xc5163]
V  [jvm.dll+0x6a5e80]
V  [jvm.dll+0x6a59be]
V  [jvm.dll+0x6625e0]
V  [jvm.dll+0x392eb9]
V  [jvm.dll+0x6da7eb]
V  [jvm.dll+0x6d9fbe]
V  [jvm.dll+0x1c9dec]
V  [jvm.dll+0x1ca96c]
V  [jvm.dll+0x1ca96c]
V  [jvm.dll+0x2f01cf]
V  [jvm.dll+0x6e4918]
V  [jvm.dll+0x6dcb45]
V  [jvm.dll+0x6dc00e]
V  [jvm.dll+0x6da22c]
V  [jvm.dll+0x1c9dec]
V  [jvm.dll+0x1ca96c]
V  [jvm.dll+0x2f01cf]
V  [jvm.dll+0x6e4918]
V  [jvm.dll+0x6dcb45]
V  [jvm.dll+0x6dc00e]
V  [jvm.dll+0x6da22c]
V  [jvm.dll+0x1c9dec]
V  [jvm.dll+0x1ca96c]
V  [jvm.dll+0x2f01cf]
V  [jvm.dll+0x6e4918]
V  [jvm.dll+0x6dcb45]
V  [jvm.dll+0x6dc00e]
V  [jvm.dll+0x6da22c]
V  [jvm.dll+0x1c9dec]
V  [jvm.dll+0x1ca96c]
V  [jvm.dll+0x1ca96c]
V  [jvm.dll+0x2f01cf]
V  [jvm.dll+0x6e4918]
V  [jvm.dll+0x6dcb45]
V  [jvm.dll+0x6dc00e]
V  [jvm.dll+0x6da22c]
V  [jvm.dll+0x1c9dec]
V  [jvm.dll+0x1ca96c]
V  [jvm.dll+0x2f01cf]
V  [jvm.dll+0x6e4918]
V  [jvm.dll+0x6dcb45]
V  [jvm.dll+0x6dc00e]
V  [jvm.dll+0x6da22c]
V  [jvm.dll+0x1c9dec]
V  [jvm.dll+0x1ca96c]
V  [jvm.dll+0x2f01cf]
V  [jvm.dll+0x6e4918]
V  [jvm.dll+0x6dcb45]
V  [jvm.dll+0x6dc00e]
V  [jvm.dll+0x6da22c]
V  [jvm.dll+0x1c9dec]
V  [jvm.dll+0x1ca96c]
V  [jvm.dll+0x2f01cf]
V  [jvm.dll+0x6e4918]
V  [jvm.dll+0x6dcb45]
V  [jvm.dll+0x6dc00e]
V  [jvm.dll+0x6da22c]
V  [jvm.dll+0x1c9dec]
V  [jvm.dll+0x1ca96c]
V  [jvm.dll+0x2f01cf]
V  [jvm.dll+0x6e4918]
V  [jvm.dll+0x6dcb45]
V  [jvm.dll+0x6dc00e]
V  [jvm.dll+0x6da22c]
V  [jvm.dll+0x1c9dec]
V  [jvm.dll+0x1ca96c]
V  [jvm.dll+0x2f01cf]
V  [jvm.dll+0x6e4918]
V  [jvm.dll+0x6dcb45]
V  [jvm.dll+0x6dc00e]
V  [jvm.dll+0x6da22c]
V  [jvm.dll+0x1c9dec]
V  [jvm.dll+0x2f01cf]
V  [jvm.dll+0x6e4918]
V  [jvm.dll+0x6dcb45]
V  [jvm.dll+0x6dc00e]
V  [jvm.dll+0x6da22c]
V  [jvm.dll+0x1c9dec]
V  [jvm.dll+0x2f01cf]
V  [jvm.dll+0x6e4918]
V  [jvm.dll+0x6dcb45]
V  [jvm.dll+0x6dc00e]
V  [jvm.dll+0x6da22c]
V  [jvm.dll+0x1c9dec]
V  [jvm.dll+0x245a6e]
V  [jvm.dll+0x1c6d2e]
V  [jvm.dll+0x2554f9]
V  [jvm.dll+0x253a8a]
V  [jvm.dll+0x3ee576]
V  [jvm.dll+0x7ff2fb]
V  [jvm.dll+0x6c8dbd]
C  [ucrtbase.dll+0x21bb2]
...<more frames>...


---------------  P R O C E S S  ---------------

Threads class SMR info:
_java_thread_list=0x0000028de59a8fb0, length=41, elements={
0x0000028dfcdb9630, 0x0000028d9e196300, 0x0000028d9e196f50, 0x0000028d9e199ad0,
0x0000028d9e19a7a0, 0x0000028d9e19d200, 0x0000028d9e19dc50, 0x0000028d9e1b3790,
0x0000028d9e1d6250, 0x0000028d9e3a9c40, 0x0000028d9e6208f0, 0x0000028d9e643c80,
0x0000028d9e797330, 0x0000028d9ebb5920, 0x0000028d9e862d30, 0x0000028de48a55e0,
0x0000028de49d9200, 0x0000028de4cf9390, 0x0000028de489bd80, 0x0000028de4899620,
0x0000028de4899cb0, 0x0000028de489b6f0, 0x0000028de489a9d0, 0x0000028de489b060,
0x0000028de489a340, 0x0000028de489caa0, 0x0000028de56137f0, 0x0000028de5615230,
0x0000028de560fce0, 0x0000028de56158c0, 0x0000028de5610370, 0x0000028de5615f50,
0x0000028de5612ad0, 0x0000028de560f650, 0x0000028de5611720, 0x0000028de5611db0,
0x0000028de5612440, 0x0000028de56165e0, 0x0000028de5610a00, 0x0000028de6d52140,
0x0000028d9e349090
}

Java Threads: ( => current thread )
  0x0000028dfcdb9630 JavaThread "main"                              [_thread_in_native, id=12360, stack(0x000000b975a00000,0x000000b975b00000) (1024K)]
  0x0000028d9e196300 JavaThread "Reference Handler"          daemon [_thread_blocked, id=16476, stack(0x000000b976200000,0x000000b976300000) (1024K)]
  0x0000028d9e196f50 JavaThread "Finalizer"                  daemon [_thread_blocked, id=2120, stack(0x000000b976300000,0x000000b976400000) (1024K)]
  0x0000028d9e199ad0 JavaThread "Signal Dispatcher"          daemon [_thread_blocked, id=11356, stack(0x000000b976400000,0x000000b976500000) (1024K)]
  0x0000028d9e19a7a0 JavaThread "Attach Listener"            daemon [_thread_blocked, id=12732, stack(0x000000b976500000,0x000000b976600000) (1024K)]
  0x0000028d9e19d200 JavaThread "Service Thread"             daemon [_thread_blocked, id=16660, stack(0x000000b976600000,0x000000b976700000) (1024K)]
  0x0000028d9e19dc50 JavaThread "Monitor Deflation Thread"   daemon [_thread_blocked, id=6600, stack(0x000000b976700000,0x000000b976800000) (1024K)]
=>0x0000028d9e1b3790 JavaThread "C2 CompilerThread0"         daemon [_thread_in_native, id=8064, stack(0x000000b976800000,0x000000b976900000) (1024K)]
  0x0000028d9e1d6250 JavaThread "C1 CompilerThread0"         daemon [_thread_in_native, id=10200, stack(0x000000b976900000,0x000000b976a00000) (1024K)]
  0x0000028d9e3a9c40 JavaThread "Common-Cleaner"             daemon [_thread_blocked, id=4684, stack(0x000000b976a00000,0x000000b976b00000) (1024K)]
  0x0000028d9e6208f0 JavaThread "FileHandlerLogFilesCleaner-1" daemon [_thread_blocked, id=6400, stack(0x000000b976c00000,0x000000b976d00000) (1024K)]
  0x0000028d9e643c80 JavaThread "Notification Thread"        daemon [_thread_blocked, id=11004, stack(0x000000b976d00000,0x000000b976e00000) (1024K)]
  0x0000028d9e797330 JavaThread "RMI TCP Accept-0"           daemon [_thread_in_native, id=17176, stack(0x000000b976f00000,0x000000b977000000) (1024K)]
  0x0000028d9ebb5920 JavaThread "RMI TCP Accept-1099"        daemon [_thread_in_native, id=10992, stack(0x000000b977000000,0x000000b977100000) (1024K)]
  0x0000028d9e862d30 JavaThread "RMI TCP Accept-0"           daemon [_thread_in_native, id=7744, stack(0x000000b977100000,0x000000b977200000) (1024K)]
  0x0000028de48a55e0 JavaThread "RMI TCP Connection(idle)"   daemon [_thread_blocked, id=10472, stack(0x000000b977900000,0x000000b977a00000) (1024K)]
  0x0000028de49d9200 JavaThread "RMI Scheduler(0)"           daemon [_thread_blocked, id=12876, stack(0x000000b977a00000,0x000000b977b00000) (1024K)]
  0x0000028de4cf9390 JavaThread "RMI TCP Connection(3)-127.0.0.1" daemon [_thread_in_native, id=84, stack(0x000000b977b00000,0x000000b977c00000) (1024K)]
  0x0000028de489bd80 JavaThread "AsyncFileHandlerWriter-1"   daemon [_thread_blocked, id=15520, stack(0x000000b977c00000,0x000000b977d00000) (1024K)]
  0x0000028de4899620 JavaThread "mysql-cj-abandoned-connection-cleanup" daemon [_thread_blocked, id=9712, stack(0x000000b977e00000,0x000000b977f00000) (1024K)]
  0x0000028de4899cb0 JavaThread "RetryTimer"                 daemon [_thread_blocked, id=10432, stack(0x000000b977d00000,0x000000b977e00000) (1024K)]
  0x0000028de489b6f0 JavaThread "Tomcat JDBC Pool Cleaner[1935972447:1743573239017]" daemon [_thread_blocked, id=8592, stack(0x000000b977f00000,0x000000b978000000) (1024K)]
  0x0000028de489a9d0 JavaThread "DelayedCachedOutputStreamCleaner" daemon [_thread_blocked, id=10608, stack(0x000000b978100000,0x000000b978200000) (1024K)]
  0x0000028de489b060 JavaThread "Catalina-utility-1"                [_thread_blocked, id=10324, stack(0x000000b978200000,0x000000b978300000) (1024K)]
  0x0000028de489a340 JavaThread "Catalina-utility-2"                [_thread_blocked, id=12504, stack(0x000000b978300000,0x000000b978400000) (1024K)]
  0x0000028de489caa0 JavaThread "http-nio-8080-exec-1"       daemon [_thread_blocked, id=7340, stack(0x000000b978400000,0x000000b978500000) (1024K)]
  0x0000028de56137f0 JavaThread "http-nio-8080-exec-2"       daemon [_thread_blocked, id=12096, stack(0x000000b978500000,0x000000b978600000) (1024K)]
  0x0000028de5615230 JavaThread "http-nio-8080-exec-3"       daemon [_thread_blocked, id=7956, stack(0x000000b978600000,0x000000b978700000) (1024K)]
  0x0000028de560fce0 JavaThread "http-nio-8080-exec-4"       daemon [_thread_blocked, id=17144, stack(0x000000b978700000,0x000000b978800000) (1024K)]
  0x0000028de56158c0 JavaThread "http-nio-8080-exec-5"       daemon [_thread_blocked, id=17248, stack(0x000000b978800000,0x000000b978900000) (1024K)]
  0x0000028de5610370 JavaThread "http-nio-8080-exec-6"       daemon [_thread_in_vm, id=11432, stack(0x000000b978900000,0x000000b978a00000) (1024K)]
  0x0000028de5615f50 JavaThread "http-nio-8080-exec-7"       daemon [_thread_blocked, id=17032, stack(0x000000b978a00000,0x000000b978b00000) (1024K)]
  0x0000028de5612ad0 JavaThread "http-nio-8080-exec-8"       daemon [_thread_blocked, id=2456, stack(0x000000b978b00000,0x000000b978c00000) (1024K)]
  0x0000028de560f650 JavaThread "http-nio-8080-exec-9"       daemon [_thread_blocked, id=7356, stack(0x000000b978c00000,0x000000b978d00000) (1024K)]
  0x0000028de5611720 JavaThread "http-nio-8080-exec-10"      daemon [_thread_blocked, id=12528, stack(0x000000b978d00000,0x000000b978e00000) (1024K)]
  0x0000028de5611db0 JavaThread "http-nio-8080-Poller"       daemon [_thread_in_native, id=9752, stack(0x000000b978e00000,0x000000b978f00000) (1024K)]
  0x0000028de5612440 JavaThread "http-nio-8080-Acceptor"     daemon [_thread_in_native, id=10120, stack(0x000000b978f00000,0x000000b979000000) (1024K)]
  0x0000028de56165e0 JavaThread "Thread-24"                  daemon [_thread_blocked, id=7720, stack(0x000000b976b00000,0x000000b976c00000) (1024K)]
  0x0000028de5610a00 JavaThread "Default Stateless Container - 1" daemon [_thread_blocked, id=11768, stack(0x000000b979100000,0x000000b979200000) (1024K)]
  0x0000028de6d52140 JavaThread "C2 CompilerThread1"         daemon [_thread_in_native, id=4768, stack(0x000000b979200000,0x000000b979300000) (1024K)]
  0x0000028d9e349090 JavaThread "C2 CompilerThread2"         daemon [_thread_in_native, id=12508, stack(0x000000b979300000,0x000000b979400000) (1024K)]
Total: 41

Other Threads:
  0x0000028d9e179420 VMThread "VM Thread"                           [id=16124, stack(0x000000b976100000,0x000000b976200000) (1024K)]
  0x0000028d9e167710 WatcherThread "VM Periodic Task Thread"        [id=15540, stack(0x000000b976000000,0x000000b976100000) (1024K)]
  0x0000028dfd0aaf80 WorkerThread "GC Thread#0"                     [id=4112, stack(0x000000b975b00000,0x000000b975c00000) (1024K)]
  0x0000028d9e67d1c0 WorkerThread "GC Thread#1"                     [id=1400, stack(0x000000b977200000,0x000000b977300000) (1024K)]
  0x0000028d9e67d560 WorkerThread "GC Thread#2"                     [id=9660, stack(0x000000b977300000,0x000000b977400000) (1024K)]
  0x0000028d9e8e4770 WorkerThread "GC Thread#3"                     [id=11092, stack(0x000000b977400000,0x000000b977500000) (1024K)]
  0x0000028d9e8e4b10 WorkerThread "GC Thread#4"                     [id=11296, stack(0x000000b977500000,0x000000b977600000) (1024K)]
  0x0000028d9e8e4eb0 WorkerThread "GC Thread#5"                     [id=3660, stack(0x000000b977600000,0x000000b977700000) (1024K)]
  0x0000028d9eac6dd0 WorkerThread "GC Thread#6"                     [id=9936, stack(0x000000b977700000,0x000000b977800000) (1024K)]
  0x0000028d9ebeea20 WorkerThread "GC Thread#7"                     [id=10744, stack(0x000000b977800000,0x000000b977900000) (1024K)]
  0x0000028dfd0bba90 ConcurrentGCThread "G1 Main Marker"            [id=8492, stack(0x000000b975c00000,0x000000b975d00000) (1024K)]
  0x0000028dfd0beb00 WorkerThread "G1 Conc#0"                       [id=9884, stack(0x000000b975d00000,0x000000b975e00000) (1024K)]
  0x0000028de5043fc0 WorkerThread "G1 Conc#1"                       [id=3036, stack(0x000000b978000000,0x000000b978100000) (1024K)]
  0x0000028d9e03c540 ConcurrentGCThread "G1 Refine#0"               [id=12396, stack(0x000000b975e00000,0x000000b975f00000) (1024K)]
  0x0000028d9e03cd60 ConcurrentGCThread "G1 Service"                [id=304, stack(0x000000b975f00000,0x000000b976000000) (1024K)]
Total: 15

Threads with active compile tasks:
C2 CompilerThread0    42492 6501   !   4       java.net.URLClassLoader::findClass (47 bytes)
C1 CompilerThread0    42492 6502       3       java.util.Properties$LineReader::readLine (584 bytes)
C2 CompilerThread1    42492 6504       4       sun.nio.cs.UTF_8$Decoder::decodeArrayLoop (688 bytes)
C2 CompilerThread2    42492 6512       4       java.lang.Integer::parseInt (7 bytes)
Total: 4

VM state: not at safepoint (normal execution)

VM Mutex/Monitor currently owned by a thread:  ([mutex/lock_event])
[0x00007ff8eb8dbe18] Metaspace_lock - owner thread: 0x0000028de5610370

Heap address: 0x0000000704200000, size: 4030 MB, Compressed Oops mode: Zero based, Oop shift amount: 3

CDS archive(s) mapped at: [0x0000028d9f000000-0x0000028d9fc90000-0x0000028d9fc90000), size 13172736, SharedBaseAddress: 0x0000028d9f000000, ArchiveRelocationMode: 1.
Compressed class space mapped at: 0x0000028da0000000-0x0000028de0000000, reserved size: 1073741824
Narrow klass base: 0x0000028d9f000000, Narrow klass shift: 0, Narrow klass range: 0x100000000

GC Precious Log:
 CardTable entry size: 512
 Card Set container configuration: InlinePtr #cards 4 size 8 Array Of Cards #cards 16 size 48 Howl #buckets 8 coarsen threshold 3686 Howl Bitmap #cards 512 size 80 coarsen threshold 460 Card regions per heap region 1 cards per card region 4096
 CPUs: 8 total, 8 available
 Memory: 16118M
 Large Page Support: Disabled
 NUMA Support: Disabled
 Compressed Oops: Enabled (Zero based)
 Heap Region Size: 2M
 Heap Min Capacity: 8M
 Heap Initial Capacity: 252M
 Heap Max Capacity: 4030M
 Pre-touch: Disabled
 Parallel Workers: 8
 Concurrent Workers: 2
 Concurrent Refinement Workers: 8
 Periodic GC: Disabled

Heap:
 garbage-first heap   total 276480K, used 112019K [0x0000000704200000, 0x0000000800000000)
  region size 2048K, 12 young (24576K), 4 survivors (8192K)
 Metaspace       used 51831K, committed 52416K, reserved 1114112K
  class space    used 5868K, committed 6144K, reserved 1048576K

Heap Regions: E=young(eden), S=young(survivor), O=old, HS=humongous(starts), HC=humongous(continues), CS=collection set, F=free, TAMS=top-at-mark-start, PB=parsable bottom
|   0|0x0000000704200000, 0x0000000704400000, 0x0000000704400000|100%| O|  |TAMS 0x0000000704200000| PB 0x0000000704200000| Untracked 
|   1|0x0000000704400000, 0x0000000704600000, 0x0000000704600000|100%| O|  |TAMS 0x0000000704400000| PB 0x0000000704400000| Untracked 
|   2|0x0000000704600000, 0x00000007047fd640, 0x0000000704800000| 99%| O|  |TAMS 0x0000000704600000| PB 0x0000000704600000| Untracked 
|   3|0x0000000704800000, 0x0000000704a00000, 0x0000000704a00000|100%| O|  |TAMS 0x0000000704800000| PB 0x0000000704800000| Untracked 
|   4|0x0000000704a00000, 0x0000000704c00000, 0x0000000704c00000|100%| O|  |TAMS 0x0000000704a00000| PB 0x0000000704a00000| Untracked 
|   5|0x0000000704c00000, 0x0000000704dfffa0, 0x0000000704e00000| 99%| O|  |TAMS 0x0000000704c00000| PB 0x0000000704c00000| Untracked 
|   6|0x0000000704e00000, 0x0000000704fffff0, 0x0000000705000000| 99%| O|  |TAMS 0x0000000704e00000| PB 0x0000000704e00000| Untracked 
|   7|0x0000000705000000, 0x00000007051fffe0, 0x0000000705200000| 99%| O|  |TAMS 0x0000000705000000| PB 0x0000000705000000| Untracked 
|   8|0x0000000705200000, 0x00000007053fffb0, 0x0000000705400000| 99%| O|  |TAMS 0x0000000705200000| PB 0x0000000705200000| Untracked 
|   9|0x0000000705400000, 0x00000007055ffff8, 0x0000000705600000| 99%| O|  |TAMS 0x0000000705400000| PB 0x0000000705400000| Untracked 
|  10|0x0000000705600000, 0x0000000705800000, 0x0000000705800000|100%| O|  |TAMS 0x0000000705600000| PB 0x0000000705600000| Untracked 
|  11|0x0000000705800000, 0x00000007059ddba0, 0x0000000705a00000| 93%| O|  |TAMS 0x0000000705800000| PB 0x0000000705800000| Untracked 
|  12|0x0000000705a00000, 0x0000000705aec5b0, 0x0000000705c00000| 46%| O|  |TAMS 0x0000000705a00000| PB 0x0000000705a00000| Untracked 
|  13|0x0000000705c00000, 0x0000000705e00000, 0x0000000705e00000|100%| O|  |TAMS 0x0000000705c00000| PB 0x0000000705c00000| Untracked 
|  14|0x0000000705e00000, 0x0000000706000000, 0x0000000706000000|100%| O|  |TAMS 0x0000000705e00000| PB 0x0000000705e00000| Untracked 
|  15|0x0000000706000000, 0x00000007061fffb8, 0x0000000706200000| 99%| O|  |TAMS 0x0000000706000000| PB 0x0000000706000000| Untracked 
|  16|0x0000000706200000, 0x0000000706400000, 0x0000000706400000|100%| O|  |TAMS 0x0000000706200000| PB 0x0000000706200000| Untracked 
|  17|0x0000000706400000, 0x00000007065ffff8, 0x0000000706600000| 99%| O|  |TAMS 0x0000000706400000| PB 0x0000000706400000| Untracked 
|  18|0x0000000706600000, 0x00000007067fffe8, 0x0000000706800000| 99%| O|  |TAMS 0x0000000706600000| PB 0x0000000706600000| Untracked 
|  19|0x0000000706800000, 0x0000000706a00000, 0x0000000706a00000|100%| O|  |TAMS 0x0000000706800000| PB 0x0000000706800000| Untracked 
|  20|0x0000000706a00000, 0x0000000706c00000, 0x0000000706c00000|100%| O|  |TAMS 0x0000000706a00000| PB 0x0000000706a00000| Untracked 
|  21|0x0000000706c00000, 0x0000000706e00000, 0x0000000706e00000|100%| O|  |TAMS 0x0000000706c00000| PB 0x0000000706c00000| Untracked 
|  22|0x0000000706e00000, 0x0000000707000000, 0x0000000707000000|100%| O|  |TAMS 0x0000000706e00000| PB 0x0000000706e00000| Untracked 
|  23|0x0000000707000000, 0x0000000707200000, 0x0000000707200000|100%| O|  |TAMS 0x0000000707000000| PB 0x0000000707000000| Untracked 
|  24|0x0000000707200000, 0x0000000707400000, 0x0000000707400000|100%| O|  |TAMS 0x0000000707200000| PB 0x0000000707200000| Untracked 
|  25|0x0000000707400000, 0x0000000707600000, 0x0000000707600000|100%| O|  |TAMS 0x0000000707400000| PB 0x0000000707400000| Untracked 
|  26|0x0000000707600000, 0x0000000707800000, 0x0000000707800000|100%| O|  |TAMS 0x0000000707600000| PB 0x0000000707600000| Untracked 
|  27|0x0000000707800000, 0x00000007079ffff8, 0x0000000707a00000| 99%| O|  |TAMS 0x0000000707800000| PB 0x0000000707800000| Untracked 
|  28|0x0000000707a00000, 0x0000000707a53bf8, 0x0000000707c00000| 16%| O|  |TAMS 0x0000000707a00000| PB 0x0000000707a00000| Untracked 
|  29|0x0000000707c00000, 0x0000000707e00000, 0x0000000707e00000|100%| O|  |TAMS 0x0000000707c00000| PB 0x0000000707c00000| Untracked 
|  30|0x0000000707e00000, 0x0000000708000000, 0x0000000708000000|100%| O|  |TAMS 0x0000000707e00000| PB 0x0000000707e00000| Untracked 
|  31|0x0000000708000000, 0x0000000708200000, 0x0000000708200000|100%| O|  |TAMS 0x0000000708000000| PB 0x0000000708000000| Untracked 
|  32|0x0000000708200000, 0x0000000708400000, 0x0000000708400000|100%| O|  |TAMS 0x0000000708200000| PB 0x0000000708200000| Untracked 
|  33|0x0000000708400000, 0x0000000708600000, 0x0000000708600000|100%| O|  |TAMS 0x0000000708400000| PB 0x0000000708400000| Untracked 
|  34|0x0000000708600000, 0x0000000708800000, 0x0000000708800000|100%| O|  |TAMS 0x0000000708600000| PB 0x0000000708600000| Untracked 
|  35|0x0000000708800000, 0x0000000708a00000, 0x0000000708a00000|100%| O|  |TAMS 0x0000000708800000| PB 0x0000000708800000| Untracked 
|  36|0x0000000708a00000, 0x0000000708c00000, 0x0000000708c00000|100%| O|  |TAMS 0x0000000708a00000| PB 0x0000000708a00000| Untracked 
|  37|0x0000000708c00000, 0x0000000708dcac78, 0x0000000708e00000| 89%| O|  |TAMS 0x0000000708c00000| PB 0x0000000708c00000| Untracked 
|  38|0x0000000708e00000, 0x0000000708f66c48, 0x0000000709000000| 70%| O|  |TAMS 0x0000000708e00000| PB 0x0000000708e00000| Untracked 
|  39|0x0000000709000000, 0x0000000709089480, 0x0000000709200000| 26%| O|  |TAMS 0x0000000709000000| PB 0x0000000709000000| Untracked 
|  40|0x0000000709200000, 0x0000000709200000, 0x0000000709400000|  0%| F|  |TAMS 0x0000000709200000| PB 0x0000000709200000| Untracked 
|  41|0x0000000709400000, 0x0000000709400000, 0x0000000709600000|  0%| F|  |TAMS 0x0000000709400000| PB 0x0000000709400000| Untracked 
|  42|0x0000000709600000, 0x0000000709600000, 0x0000000709800000|  0%| F|  |TAMS 0x0000000709600000| PB 0x0000000709600000| Untracked 
|  43|0x0000000709800000, 0x0000000709800000, 0x0000000709a00000|  0%| F|  |TAMS 0x0000000709800000| PB 0x0000000709800000| Untracked 
|  44|0x0000000709a00000, 0x0000000709a00000, 0x0000000709c00000|  0%| F|  |TAMS 0x0000000709a00000| PB 0x0000000709a00000| Untracked 
|  45|0x0000000709c00000, 0x0000000709c00000, 0x0000000709e00000|  0%| F|  |TAMS 0x0000000709c00000| PB 0x0000000709c00000| Untracked 
|  46|0x0000000709e00000, 0x0000000709e00000, 0x000000070a000000|  0%| F|  |TAMS 0x0000000709e00000| PB 0x0000000709e00000| Untracked 
|  47|0x000000070a000000, 0x000000070a000000, 0x000000070a200000|  0%| F|  |TAMS 0x000000070a000000| PB 0x000000070a000000| Untracked 
|  48|0x000000070a200000, 0x000000070a400000, 0x000000070a400000|100%| O|  |TAMS 0x000000070a200000| PB 0x000000070a200000| Untracked 
|  49|0x000000070a400000, 0x000000070a600000, 0x000000070a600000|100%| O|  |TAMS 0x000000070a400000| PB 0x000000070a400000| Untracked 
|  50|0x000000070a600000, 0x000000070a800000, 0x000000070a800000|100%| O|  |TAMS 0x000000070a600000| PB 0x000000070a600000| Untracked 
|  51|0x000000070a800000, 0x000000070aa00000, 0x000000070aa00000|100%| O|  |TAMS 0x000000070a800000| PB 0x000000070a800000| Untracked 
|  52|0x000000070aa00000, 0x000000070ac00000, 0x000000070ac00000|100%| O|  |TAMS 0x000000070aa00000| PB 0x000000070aa00000| Untracked 
|  53|0x000000070ac00000, 0x000000070ae00000, 0x000000070ae00000|100%| O|  |TAMS 0x000000070ac00000| PB 0x000000070ac00000| Untracked 
|  54|0x000000070ae00000, 0x000000070ae00000, 0x000000070b000000|  0%| F|  |TAMS 0x000000070ae00000| PB 0x000000070ae00000| Untracked 
|  55|0x000000070b000000, 0x000000070b000000, 0x000000070b200000|  0%| F|  |TAMS 0x000000070b000000| PB 0x000000070b000000| Untracked 
|  56|0x000000070b200000, 0x000000070b200000, 0x000000070b400000|  0%| F|  |TAMS 0x000000070b200000| PB 0x000000070b200000| Untracked 
|  57|0x000000070b400000, 0x000000070b400000, 0x000000070b600000|  0%| F|  |TAMS 0x000000070b400000| PB 0x000000070b400000| Untracked 
|  58|0x000000070b600000, 0x000000070b600000, 0x000000070b800000|  0%| F|  |TAMS 0x000000070b600000| PB 0x000000070b600000| Untracked 
|  59|0x000000070b800000, 0x000000070b800000, 0x000000070ba00000|  0%| F|  |TAMS 0x000000070b800000| PB 0x000000070b800000| Untracked 
|  60|0x000000070ba00000, 0x000000070ba00000, 0x000000070bc00000|  0%| F|  |TAMS 0x000000070ba00000| PB 0x000000070ba00000| Untracked 
|  61|0x000000070bc00000, 0x000000070bc00000, 0x000000070be00000|  0%| F|  |TAMS 0x000000070bc00000| PB 0x000000070bc00000| Untracked 
|  62|0x000000070be00000, 0x000000070be00000, 0x000000070c000000|  0%| F|  |TAMS 0x000000070be00000| PB 0x000000070be00000| Untracked 
|  63|0x000000070c000000, 0x000000070c08ef20, 0x000000070c200000| 27%| S|CS|TAMS 0x000000070c000000| PB 0x000000070c000000| Complete 
|  64|0x000000070c200000, 0x000000070c400000, 0x000000070c400000|100%| O|  |TAMS 0x000000070c200000| PB 0x000000070c200000| Untracked 
|  65|0x000000070c400000, 0x000000070c600000, 0x000000070c600000|100%| S|CS|TAMS 0x000000070c400000| PB 0x000000070c400000| Complete 
|  66|0x000000070c600000, 0x000000070c800000, 0x000000070c800000|100%| S|CS|TAMS 0x000000070c600000| PB 0x000000070c600000| Complete 
|  67|0x000000070c800000, 0x000000070ca00000, 0x000000070ca00000|100%| S|CS|TAMS 0x000000070c800000| PB 0x000000070c800000| Complete 
|  68|0x000000070ca00000, 0x000000070ca00000, 0x000000070cc00000|  0%| F|  |TAMS 0x000000070ca00000| PB 0x000000070ca00000| Untracked 
|  69|0x000000070cc00000, 0x000000070cc00000, 0x000000070ce00000|  0%| F|  |TAMS 0x000000070cc00000| PB 0x000000070cc00000| Untracked 
|  70|0x000000070ce00000, 0x000000070ce00000, 0x000000070d000000|  0%| F|  |TAMS 0x000000070ce00000| PB 0x000000070ce00000| Untracked 
|  71|0x000000070d000000, 0x000000070d000000, 0x000000070d200000|  0%| F|  |TAMS 0x000000070d000000| PB 0x000000070d000000| Untracked 
|  72|0x000000070d200000, 0x000000070d200000, 0x000000070d400000|  0%| F|  |TAMS 0x000000070d200000| PB 0x000000070d200000| Untracked 
|  73|0x000000070d400000, 0x000000070d400000, 0x000000070d600000|  0%| F|  |TAMS 0x000000070d400000| PB 0x000000070d400000| Untracked 
|  74|0x000000070d600000, 0x000000070d600000, 0x000000070d800000|  0%| F|  |TAMS 0x000000070d600000| PB 0x000000070d600000| Untracked 
|  75|0x000000070d800000, 0x000000070d800000, 0x000000070da00000|  0%| F|  |TAMS 0x000000070d800000| PB 0x000000070d800000| Untracked 
|  76|0x000000070da00000, 0x000000070da00000, 0x000000070dc00000|  0%| F|  |TAMS 0x000000070da00000| PB 0x000000070da00000| Untracked 
|  77|0x000000070dc00000, 0x000000070dc00000, 0x000000070de00000|  0%| F|  |TAMS 0x000000070dc00000| PB 0x000000070dc00000| Untracked 
|  78|0x000000070de00000, 0x000000070de00000, 0x000000070e000000|  0%| F|  |TAMS 0x000000070de00000| PB 0x000000070de00000| Untracked 
|  79|0x000000070e000000, 0x000000070e000000, 0x000000070e200000|  0%| F|  |TAMS 0x000000070e000000| PB 0x000000070e000000| Untracked 
|  80|0x000000070e200000, 0x000000070e200000, 0x000000070e400000|  0%| F|  |TAMS 0x000000070e200000| PB 0x000000070e200000| Untracked 
|  81|0x000000070e400000, 0x000000070e400000, 0x000000070e600000|  0%| F|  |TAMS 0x000000070e400000| PB 0x000000070e400000| Untracked 
|  82|0x000000070e600000, 0x000000070e600000, 0x000000070e800000|  0%| F|  |TAMS 0x000000070e600000| PB 0x000000070e600000| Untracked 
|  83|0x000000070e800000, 0x000000070e800000, 0x000000070ea00000|  0%| F|  |TAMS 0x000000070e800000| PB 0x000000070e800000| Untracked 
|  84|0x000000070ea00000, 0x000000070ea00000, 0x000000070ec00000|  0%| F|  |TAMS 0x000000070ea00000| PB 0x000000070ea00000| Untracked 
|  85|0x000000070ec00000, 0x000000070ec00000, 0x000000070ee00000|  0%| F|  |TAMS 0x000000070ec00000| PB 0x000000070ec00000| Untracked 
|  86|0x000000070ee00000, 0x000000070ee00000, 0x000000070f000000|  0%| F|  |TAMS 0x000000070ee00000| PB 0x000000070ee00000| Untracked 
|  87|0x000000070f000000, 0x000000070f000000, 0x000000070f200000|  0%| F|  |TAMS 0x000000070f000000| PB 0x000000070f000000| Untracked 
|  88|0x000000070f200000, 0x000000070f200000, 0x000000070f400000|  0%| F|  |TAMS 0x000000070f200000| PB 0x000000070f200000| Untracked 
|  89|0x000000070f400000, 0x000000070f400000, 0x000000070f600000|  0%| F|  |TAMS 0x000000070f400000| PB 0x000000070f400000| Untracked 
|  90|0x000000070f600000, 0x000000070f600000, 0x000000070f800000|  0%| F|  |TAMS 0x000000070f600000| PB 0x000000070f600000| Untracked 
|  91|0x000000070f800000, 0x000000070f800000, 0x000000070fa00000|  0%| F|  |TAMS 0x000000070f800000| PB 0x000000070f800000| Untracked 
|  92|0x000000070fa00000, 0x000000070fa00000, 0x000000070fc00000|  0%| F|  |TAMS 0x000000070fa00000| PB 0x000000070fa00000| Untracked 
|  93|0x000000070fc00000, 0x000000070fc00000, 0x000000070fe00000|  0%| F|  |TAMS 0x000000070fc00000| PB 0x000000070fc00000| Untracked 
|  94|0x000000070fe00000, 0x000000070fe00000, 0x0000000710000000|  0%| F|  |TAMS 0x000000070fe00000| PB 0x000000070fe00000| Untracked 
|  95|0x0000000710000000, 0x0000000710000000, 0x0000000710200000|  0%| F|  |TAMS 0x0000000710000000| PB 0x0000000710000000| Untracked 
|  96|0x0000000710200000, 0x0000000710200000, 0x0000000710400000|  0%| F|  |TAMS 0x0000000710200000| PB 0x0000000710200000| Untracked 
|  97|0x0000000710400000, 0x0000000710400000, 0x0000000710600000|  0%| F|  |TAMS 0x0000000710400000| PB 0x0000000710400000| Untracked 
|  98|0x0000000710600000, 0x0000000710600000, 0x0000000710800000|  0%| F|  |TAMS 0x0000000710600000| PB 0x0000000710600000| Untracked 
|  99|0x0000000710800000, 0x0000000710800000, 0x0000000710a00000|  0%| F|  |TAMS 0x0000000710800000| PB 0x0000000710800000| Untracked 
| 100|0x0000000710a00000, 0x0000000710a00000, 0x0000000710c00000|  0%| F|  |TAMS 0x0000000710a00000| PB 0x0000000710a00000| Untracked 
| 101|0x0000000710c00000, 0x0000000710c00000, 0x0000000710e00000|  0%| F|  |TAMS 0x0000000710c00000| PB 0x0000000710c00000| Untracked 
| 102|0x0000000710e00000, 0x0000000710e00000, 0x0000000711000000|  0%| F|  |TAMS 0x0000000710e00000| PB 0x0000000710e00000| Untracked 
| 103|0x0000000711000000, 0x0000000711000000, 0x0000000711200000|  0%| F|  |TAMS 0x0000000711000000| PB 0x0000000711000000| Untracked 
| 104|0x0000000711200000, 0x0000000711200000, 0x0000000711400000|  0%| F|  |TAMS 0x0000000711200000| PB 0x0000000711200000| Untracked 
| 105|0x0000000711400000, 0x0000000711400000, 0x0000000711600000|  0%| F|  |TAMS 0x0000000711400000| PB 0x0000000711400000| Untracked 
| 106|0x0000000711600000, 0x0000000711600000, 0x0000000711800000|  0%| F|  |TAMS 0x0000000711600000| PB 0x0000000711600000| Untracked 
| 107|0x0000000711800000, 0x0000000711800000, 0x0000000711a00000|  0%| F|  |TAMS 0x0000000711800000| PB 0x0000000711800000| Untracked 
| 108|0x0000000711a00000, 0x0000000711a00000, 0x0000000711c00000|  0%| F|  |TAMS 0x0000000711a00000| PB 0x0000000711a00000| Untracked 
| 109|0x0000000711c00000, 0x0000000711c00000, 0x0000000711e00000|  0%| F|  |TAMS 0x0000000711c00000| PB 0x0000000711c00000| Untracked 
| 110|0x0000000711e00000, 0x0000000711e00000, 0x0000000712000000|  0%| F|  |TAMS 0x0000000711e00000| PB 0x0000000711e00000| Untracked 
| 111|0x0000000712000000, 0x0000000712000000, 0x0000000712200000|  0%| F|  |TAMS 0x0000000712000000| PB 0x0000000712000000| Untracked 
| 112|0x0000000712200000, 0x0000000712200000, 0x0000000712400000|  0%| F|  |TAMS 0x0000000712200000| PB 0x0000000712200000| Untracked 
| 113|0x0000000712400000, 0x0000000712400000, 0x0000000712600000|  0%| F|  |TAMS 0x0000000712400000| PB 0x0000000712400000| Untracked 
| 114|0x0000000712600000, 0x0000000712600000, 0x0000000712800000|  0%| F|  |TAMS 0x0000000712600000| PB 0x0000000712600000| Untracked 
| 115|0x0000000712800000, 0x0000000712800000, 0x0000000712a00000|  0%| F|  |TAMS 0x0000000712800000| PB 0x0000000712800000| Untracked 
| 116|0x0000000712a00000, 0x0000000712a00000, 0x0000000712c00000|  0%| F|  |TAMS 0x0000000712a00000| PB 0x0000000712a00000| Untracked 
| 117|0x0000000712c00000, 0x0000000712c00000, 0x0000000712e00000|  0%| F|  |TAMS 0x0000000712c00000| PB 0x0000000712c00000| Untracked 
| 118|0x0000000712e00000, 0x0000000712e00000, 0x0000000713000000|  0%| F|  |TAMS 0x0000000712e00000| PB 0x0000000712e00000| Untracked 
| 119|0x0000000713000000, 0x0000000713000000, 0x0000000713200000|  0%| F|  |TAMS 0x0000000713000000| PB 0x0000000713000000| Untracked 
| 120|0x0000000713200000, 0x0000000713200000, 0x0000000713400000|  0%| F|  |TAMS 0x0000000713200000| PB 0x0000000713200000| Untracked 
| 121|0x0000000713400000, 0x0000000713400000, 0x0000000713600000|  0%| F|  |TAMS 0x0000000713400000| PB 0x0000000713400000| Untracked 
| 122|0x0000000713600000, 0x0000000713600000, 0x0000000713800000|  0%| F|  |TAMS 0x0000000713600000| PB 0x0000000713600000| Untracked 
| 123|0x0000000713800000, 0x0000000713800000, 0x0000000713a00000|  0%| F|  |TAMS 0x0000000713800000| PB 0x0000000713800000| Untracked 
| 124|0x0000000713a00000, 0x0000000713a00000, 0x0000000713c00000|  0%| F|  |TAMS 0x0000000713a00000| PB 0x0000000713a00000| Untracked 
| 125|0x0000000713c00000, 0x0000000713c00000, 0x0000000713e00000|  0%| F|  |TAMS 0x0000000713c00000| PB 0x0000000713c00000| Untracked 
| 126|0x0000000713e00000, 0x0000000713e00000, 0x0000000714000000|  0%| F|  |TAMS 0x0000000713e00000| PB 0x0000000713e00000| Untracked 
| 127|0x0000000714000000, 0x00000007141a5f08, 0x0000000714200000| 82%| E|  |TAMS 0x0000000714000000| PB 0x0000000714000000| Complete 
| 128|0x0000000714200000, 0x0000000714400000, 0x0000000714400000|100%| E|CS|TAMS 0x0000000714200000| PB 0x0000000714200000| Complete 
| 129|0x0000000714400000, 0x0000000714600000, 0x0000000714600000|100%| E|CS|TAMS 0x0000000714400000| PB 0x0000000714400000| Complete 
| 130|0x0000000714600000, 0x0000000714800000, 0x0000000714800000|100%| E|CS|TAMS 0x0000000714600000| PB 0x0000000714600000| Complete 
| 131|0x0000000714800000, 0x0000000714a00000, 0x0000000714a00000|100%| E|CS|TAMS 0x0000000714800000| PB 0x0000000714800000| Complete 
| 132|0x0000000714a00000, 0x0000000714c00000, 0x0000000714c00000|100%| E|CS|TAMS 0x0000000714a00000| PB 0x0000000714a00000| Complete 
| 133|0x0000000714c00000, 0x0000000714e00000, 0x0000000714e00000|100%| E|CS|TAMS 0x0000000714c00000| PB 0x0000000714c00000| Complete 
| 134|0x0000000714e00000, 0x0000000715000000, 0x0000000715000000|100%| E|CS|TAMS 0x0000000714e00000| PB 0x0000000714e00000| Complete 

Card table byte_map: [0x0000028d973c0000,0x0000028d97ba0000] _byte_map_base: 0x0000028d93b9f000

Marking Bits: (CMBitMap*) 0x0000028dfd0ab430
 Bits: [0x0000028d97ba0000, 0x0000028d9ba98000)

Polling page: 0x0000028dfd110000

Metaspace:

Usage:
  Non-class:     44.89 MB used.
      Class:      5.73 MB used.
       Both:     50.62 MB used.

Virtual space:
  Non-class space:       64.00 MB reserved,      45.19 MB ( 71%) committed,  1 nodes.
      Class space:        1.00 GB reserved,       6.00 MB ( <1%) committed,  1 nodes.
             Both:        1.06 GB reserved,      51.19 MB (  5%) committed. 

Chunk freelists:
   Non-Class:  2.05 MB
       Class:  9.88 MB
        Both:  11.92 MB

MaxMetaspaceSize: unlimited
CompressedClassSpaceSize: 1.00 GB
Initial GC threshold: 21.00 MB
Current GC threshold: 67.81 MB
CDS: on
 - commit_granule_bytes: 65536.
 - commit_granule_words: 8192.
 - virtual_space_node_default_size: 8388608.
 - enlarge_chunks_in_place: 1.
 - use_allocation_guard: 0.


Internal statistics:

num_allocs_failed_limit: 3.
num_arena_births: 936.
num_arena_deaths: 0.
num_vsnodes_births: 2.
num_vsnodes_deaths: 0.
num_space_committed: 818.
num_space_uncommitted: 0.
num_chunks_returned_to_freelist: 3.
num_chunks_taken_from_freelist: 2527.
num_chunk_merges: 3.
num_chunk_splits: 1671.
num_chunks_enlarged: 1102.
num_inconsistent_stats: 0.

CodeHeap 'non-profiled nmethods': size=120000Kb used=4252Kb max_used=4252Kb free=115747Kb
 bounds [0x0000028d8fe90000, 0x0000028d902c0000, 0x0000028d973c0000]
CodeHeap 'profiled nmethods': size=120000Kb used=10448Kb max_used=10448Kb free=109551Kb
 bounds [0x0000028d883c0000, 0x0000028d88e00000, 0x0000028d8f8f0000]
CodeHeap 'non-nmethods': size=5760Kb used=1852Kb max_used=1886Kb free=3908Kb
 bounds [0x0000028d8f8f0000, 0x0000028d8fb60000, 0x0000028d8fe90000]
 total_blobs=6038 nmethods=5345 adapters=596
 compilation: enabled
              stopped_count=0, restarted_count=0
 full_count=0

Compilation events (20 events):
Event: 42.427 Thread 0x0000028de6d52140 6485       4       java.nio.HeapCharBuffer::<init> (23 bytes)
Event: 42.427 Thread 0x0000028d9e349090 6495       4       java.nio.CharBuffer::array (35 bytes)
Event: 42.427 Thread 0x0000028d9e1d6250 6498       3       java.lang.invoke.MethodHandle::withVarargs (39 bytes)
Event: 42.427 Thread 0x0000028d9e349090 nmethod 6495 0x0000028d902b4b90 code [0x0000028d902b4d20, 0x0000028d902b4de8]
Event: 42.427 Thread 0x0000028d9e349090 6496       4       sun.nio.cs.UTF_8::updatePositions (23 bytes)
Event: 42.427 Thread 0x0000028d9e1d6250 nmethod 6498 0x0000028d88df4090 code [0x0000028d88df4260, 0x0000028d88df4620]
Event: 42.427 Thread 0x0000028d9e1d6250 6499       3       java.lang.invoke.MethodType::lastParameterType (25 bytes)
Event: 42.427 Thread 0x0000028d9e1d6250 nmethod 6499 0x0000028d88df4790 code [0x0000028d88df4940, 0x0000028d88df4af8]
Event: 42.427 Thread 0x0000028d9e1d6250 6500       3       java.lang.invoke.MethodHandleImpl::makeVarargsCollector (47 bytes)
Event: 42.428 Thread 0x0000028d9e1b3790 nmethod 6492 0x0000028d902b4e90 code [0x0000028d902b5060, 0x0000028d902b54c8]
Event: 42.428 Thread 0x0000028d9e1b3790 6482       4       java.nio.charset.CoderResult::isOverflow (14 bytes)
Event: 42.428 Thread 0x0000028d9e1d6250 nmethod 6500 0x0000028d88df4c10 code [0x0000028d88df4e80, 0x0000028d88df5ac0]
Event: 42.428 Thread 0x0000028d9e1b3790 nmethod 6482 0x0000028d902b5890 code [0x0000028d902b5a20, 0x0000028d902b5ab8]
Event: 42.428 Thread 0x0000028d9e1b3790 6480       4       sun.nio.cs.StreamEncoder::ensureOpen (18 bytes)
Event: 42.428 Thread 0x0000028d9e1b3790 nmethod 6480 0x0000028d902b5b90 code [0x0000028d902b5d20, 0x0000028d902b5dc8]
Event: 42.429 Thread 0x0000028d9e1b3790 6501   !   4       java.net.URLClassLoader::findClass (47 bytes)
Event: 42.430 Thread 0x0000028de6d52140 nmethod 6485 0x0000028d902b5e90 code [0x0000028d902b6040, 0x0000028d902b6430]
Event: 42.431 Thread 0x0000028d9e349090 nmethod 6496 0x0000028d902b6690 code [0x0000028d902b6880, 0x0000028d902b6d40]
Event: 42.445 Thread 0x0000028d9e1d6250 6502       3       java.util.Properties$LineReader::readLine (584 bytes)
Event: 42.445 Thread 0x0000028de6d52140 6504       4       sun.nio.cs.UTF_8$Decoder::decodeArrayLoop (688 bytes)

GC Heap History (20 events):
Event: 7.957 GC heap before
{Heap before GC invocations=38 (full 12):
 garbage-first heap   total 276480K, used 202680K [0x0000000704200000, 0x0000000800000000)
  region size 2048K, 81 young (165888K), 1 survivors (2048K)
 Metaspace       used 36773K, committed 37312K, reserved 1114112K
  class space    used 3948K, committed 4224K, reserved 1048576K
}
Event: 7.957 GC heap after
{Heap after GC invocations=39 (full 12):
 garbage-first heap   total 276480K, used 38947K [0x0000000704200000, 0x0000000800000000)
  region size 2048K, 1 young (2048K), 1 survivors (2048K)
 Metaspace       used 36773K, committed 37312K, reserved 1114112K
  class space    used 3948K, committed 4224K, reserved 1048576K
}
Event: 8.218 GC heap before
{Heap before GC invocations=39 (full 12):
 garbage-first heap   total 276480K, used 202787K [0x0000000704200000, 0x0000000800000000)
  region size 2048K, 81 young (165888K), 1 survivors (2048K)
 Metaspace       used 36786K, committed 37312K, reserved 1114112K
  class space    used 3948K, committed 4224K, reserved 1048576K
}
Event: 8.218 GC heap after
{Heap after GC invocations=40 (full 12):
 garbage-first heap   total 276480K, used 39145K [0x0000000704200000, 0x0000000800000000)
  region size 2048K, 1 young (2048K), 1 survivors (2048K)
 Metaspace       used 36786K, committed 37312K, reserved 1114112K
  class space    used 3948K, committed 4224K, reserved 1048576K
}
Event: 8.442 GC heap before
{Heap before GC invocations=40 (full 12):
 garbage-first heap   total 276480K, used 202985K [0x0000000704200000, 0x0000000800000000)
  region size 2048K, 81 young (165888K), 1 survivors (2048K)
 Metaspace       used 36788K, committed 37312K, reserved 1114112K
  class space    used 3948K, committed 4224K, reserved 1048576K
}
Event: 8.443 GC heap after
{Heap after GC invocations=41 (full 12):
 garbage-first heap   total 276480K, used 38905K [0x0000000704200000, 0x0000000800000000)
  region size 2048K, 1 young (2048K), 1 survivors (2048K)
 Metaspace       used 36788K, committed 37312K, reserved 1114112K
  class space    used 3948K, committed 4224K, reserved 1048576K
}
Event: 8.867 GC heap before
{Heap before GC invocations=41 (full 12):
 garbage-first heap   total 276480K, used 202745K [0x0000000704200000, 0x0000000800000000)
  region size 2048K, 81 young (165888K), 1 survivors (2048K)
 Metaspace       used 38956K, committed 39552K, reserved 1114112K
  class space    used 4273K, committed 4608K, reserved 1048576K
}
Event: 8.877 GC heap after
{Heap after GC invocations=42 (full 12):
 garbage-first heap   total 276480K, used 58190K [0x0000000704200000, 0x0000000800000000)
  region size 2048K, 10 young (20480K), 10 survivors (20480K)
 Metaspace       used 38956K, committed 39552K, reserved 1114112K
  class space    used 4273K, committed 4608K, reserved 1048576K
}
Event: 9.185 GC heap before
{Heap before GC invocations=42 (full 12):
 garbage-first heap   total 276480K, used 203598K [0x0000000704200000, 0x0000000800000000)
  region size 2048K, 81 young (165888K), 10 survivors (20480K)
 Metaspace       used 38967K, committed 39616K, reserved 1114112K
  class space    used 4273K, committed 4608K, reserved 1048576K
}
Event: 9.203 GC heap after
{Heap after GC invocations=43 (full 12):
 garbage-first heap   total 276480K, used 80208K [0x0000000704200000, 0x0000000800000000)
  region size 2048K, 11 young (22528K), 11 survivors (22528K)
 Metaspace       used 38967K, committed 39616K, reserved 1114112K
  class space    used 4273K, committed 4608K, reserved 1048576K
}
Event: 9.478 GC heap before
{Heap before GC invocations=43 (full 12):
 garbage-first heap   total 276480K, used 223568K [0x0000000704200000, 0x0000000800000000)
  region size 2048K, 81 young (165888K), 11 survivors (22528K)
 Metaspace       used 39149K, committed 39744K, reserved 1114112K
  class space    used 4300K, committed 4608K, reserved 1048576K
}
Event: 9.494 GC heap after
{Heap after GC invocations=44 (full 12):
 garbage-first heap   total 276480K, used 100586K [0x0000000704200000, 0x0000000800000000)
  region size 2048K, 9 young (18432K), 9 survivors (18432K)
 Metaspace       used 39149K, committed 39744K, reserved 1114112K
  class space    used 4300K, committed 4608K, reserved 1048576K
}
Event: 9.684 GC heap before
{Heap before GC invocations=44 (full 12):
 garbage-first heap   total 276480K, used 137450K [0x0000000704200000, 0x0000000800000000)
  region size 2048K, 28 young (57344K), 9 survivors (18432K)
 Metaspace       used 41039K, committed 41664K, reserved 1114112K
  class space    used 4519K, committed 4800K, reserved 1048576K
}
Event: 9.726 GC heap after
{Heap after GC invocations=45 (full 13):
 garbage-first heap   total 276480K, used 92740K [0x0000000704200000, 0x0000000800000000)
  region size 2048K, 0 young (0K), 0 survivors (0K)
 Metaspace       used 41039K, committed 41664K, reserved 1114112K
  class space    used 4519K, committed 4800K, reserved 1048576K
}
Event: 9.727 GC heap before
{Heap before GC invocations=45 (full 13):
 garbage-first heap   total 276480K, used 92740K [0x0000000704200000, 0x0000000800000000)
  region size 2048K, 1 young (2048K), 0 survivors (0K)
 Metaspace       used 41039K, committed 41664K, reserved 1114112K
  class space    used 4519K, committed 4800K, reserved 1048576K
}
Event: 9.773 GC heap after
{Heap after GC invocations=46 (full 14):
 garbage-first heap   total 276480K, used 92681K [0x0000000704200000, 0x0000000800000000)
  region size 2048K, 0 young (0K), 0 survivors (0K)
 Metaspace       used 41039K, committed 41664K, reserved 1114112K
  class space    used 4519K, committed 4800K, reserved 1048576K
}
Event: 9.775 GC heap before
{Heap before GC invocations=46 (full 14):
 garbage-first heap   total 276480K, used 92681K [0x0000000704200000, 0x0000000800000000)
  region size 2048K, 1 young (2048K), 0 survivors (0K)
 Metaspace       used 41039K, committed 41664K, reserved 1114112K
  class space    used 4519K, committed 4800K, reserved 1048576K
}
Event: 9.815 GC heap after
{Heap after GC invocations=47 (full 15):
 garbage-first heap   total 276480K, used 90967K [0x0000000704200000, 0x0000000800000000)
  region size 2048K, 0 young (0K), 0 survivors (0K)
 Metaspace       used 41039K, committed 41664K, reserved 1114112K
  class space    used 4519K, committed 4800K, reserved 1048576K
}
Event: 13.682 GC heap before
{Heap before GC invocations=47 (full 15):
 garbage-first heap   total 276480K, used 226135K [0x0000000704200000, 0x0000000800000000)
  region size 2048K, 67 young (137216K), 0 survivors (0K)
 Metaspace       used 48984K, committed 49664K, reserved 1114112K
  class space    used 5561K, committed 5888K, reserved 1048576K
}
Event: 13.686 GC heap after
{Heap after GC invocations=48 (full 15):
 garbage-first heap   total 276480K, used 97683K [0x0000000704200000, 0x0000000800000000)
  region size 2048K, 4 young (8192K), 4 survivors (8192K)
 Metaspace       used 48984K, committed 49664K, reserved 1114112K
  class space    used 5561K, committed 5888K, reserved 1048576K
}

Dll operation events (14 events):
Event: 0.006 Loaded shared library D:\java\jdk21\bin\java.dll
Event: 0.032 Loaded shared library D:\java\jdk21\bin\jsvml.dll
Event: 0.069 Loaded shared library D:\java\jdk21\bin\zip.dll
Event: 0.071 Loaded shared library D:\java\jdk21\bin\instrument.dll
Event: 0.075 Loaded shared library D:\java\jdk21\bin\net.dll
Event: 0.077 Loaded shared library D:\java\jdk21\bin\nio.dll
Event: 0.079 Loaded shared library D:\java\jdk21\bin\zip.dll
Event: 0.134 Loaded shared library D:\java\jdk21\bin\jimage.dll
Event: 0.196 Loaded shared library D:\java\jdk21\bin\management_agent.dll
Event: 0.197 Loaded shared library D:\java\jdk21\bin\management.dll
Event: 0.204 Loaded shared library D:\java\jdk21\bin\management_ext.dll
Event: 0.446 Loaded shared library D:\java\jdk21\bin\extnet.dll
Event: 1.792 Loaded shared library D:\java\jdk21\bin\sunmscapi.dll
Event: 2.091 Loaded shared library D:\java\jdk21\bin\verify.dll

Deoptimization events (20 events):
Event: 42.358 Thread 0x0000028de5610370 Uncommon trap: trap_request=0xffffff45 fr.pc=0x0000028d9016b540 relative=0x0000000000003a80
Event: 42.358 Thread 0x0000028de5610370 Uncommon trap: reason=unstable_if action=reinterpret pc=0x0000028d9016b540 method=java.util.jar.Manifest$FastInputStream.readLine([BII)I @ 130 c2
Event: 42.358 Thread 0x0000028de5610370 DEOPT PACKING pc=0x0000028d9016b540 sp=0x000000b9789f91d0
Event: 42.358 Thread 0x0000028de5610370 DEOPT UNPACKING pc=0x0000028d8f947da2 sp=0x000000b9789f90d0 mode 2
Event: 42.358 Thread 0x0000028de5610370 Uncommon trap: trap_request=0xffffff45 fr.pc=0x0000028d90094f18 relative=0x0000000000000698
Event: 42.358 Thread 0x0000028de5610370 Uncommon trap: reason=unstable_if action=reinterpret pc=0x0000028d90094f18 method=java.util.jar.Manifest$FastInputStream.readLine([BII)I @ 130 c2
Event: 42.358 Thread 0x0000028de5610370 DEOPT PACKING pc=0x0000028d90094f18 sp=0x000000b9789f9190
Event: 42.358 Thread 0x0000028de5610370 DEOPT UNPACKING pc=0x0000028d8f947da2 sp=0x000000b9789f90c8 mode 2
Event: 42.375 Thread 0x0000028de5610370 Uncommon trap: trap_request=0xffffff45 fr.pc=0x0000028d900e5b10 relative=0x0000000000000250
Event: 42.375 Thread 0x0000028de5610370 Uncommon trap: reason=unstable_if action=reinterpret pc=0x0000028d900e5b10 method=java.io.BufferedInputStream.fill()V @ 10 c2
Event: 42.375 Thread 0x0000028de5610370 DEOPT PACKING pc=0x0000028d900e5b10 sp=0x000000b9789fd7c0
Event: 42.375 Thread 0x0000028de5610370 DEOPT UNPACKING pc=0x0000028d8f947da2 sp=0x000000b9789fd758 mode 2
Event: 42.405 Thread 0x0000028de5610370 Uncommon trap: trap_request=0xffffff45 fr.pc=0x0000028d90142c2c relative=0x0000000000000c2c
Event: 42.405 Thread 0x0000028de5610370 Uncommon trap: reason=unstable_if action=reinterpret pc=0x0000028d90142c2c method=java.util.regex.Pattern.sequence(Ljava/util/regex/Pattern$Node;)Ljava/util/regex/Pattern$Node; @ 471 c2
Event: 42.405 Thread 0x0000028de5610370 DEOPT PACKING pc=0x0000028d90142c2c sp=0x000000b9789fd230
Event: 42.405 Thread 0x0000028de5610370 DEOPT UNPACKING pc=0x0000028d8f947da2 sp=0x000000b9789fd1d0 mode 2
Event: 42.445 Thread 0x0000028de5610370 Uncommon trap: trap_request=0xffffff45 fr.pc=0x0000028d90133c90 relative=0x00000000000012d0
Event: 42.445 Thread 0x0000028de5610370 Uncommon trap: reason=unstable_if action=reinterpret pc=0x0000028d90133c90 method=java.util.Properties$LineReader.readLine()I @ 325 c2
Event: 42.445 Thread 0x0000028de5610370 DEOPT PACKING pc=0x0000028d90133c90 sp=0x000000b9789fcf10
Event: 42.445 Thread 0x0000028de5610370 DEOPT UNPACKING pc=0x0000028d8f947da2 sp=0x000000b9789fcea0 mode 2

Classes loaded (20 events):
Event: 13.704 Loading class jdk/internal/icu/text/UCharacterIterator
Event: 13.704 Loading class jdk/internal/icu/text/UCharacterIterator done
Event: 13.704 Loading class jdk/internal/icu/impl/ReplaceableUCharacterIterator
Event: 13.704 Loading class jdk/internal/icu/impl/ReplaceableUCharacterIterator done
Event: 13.704 Loading class jdk/internal/icu/text/ReplaceableString
Event: 13.704 Loading class jdk/internal/icu/text/Replaceable
Event: 13.704 Loading class jdk/internal/icu/text/Replaceable done
Event: 13.704 Loading class jdk/internal/icu/text/ReplaceableString done
Event: 13.815 Loading class com/sun/crypto/provider/AESKeyGenerator
Event: 13.815 Loading class com/sun/crypto/provider/AESKeyGenerator done
Event: 13.815 Loading class com/sun/crypto/provider/SunJCE$SecureRandomHolder
Event: 13.815 Loading class com/sun/crypto/provider/SunJCE$SecureRandomHolder done
Event: 13.816 Loading class com/sun/crypto/provider/KeyGeneratorCore$HmacKG$SHA256
Event: 13.816 Loading class com/sun/crypto/provider/KeyGeneratorCore$HmacKG
Event: 13.816 Loading class com/sun/crypto/provider/KeyGeneratorCore$HmacKG done
Event: 13.816 Loading class com/sun/crypto/provider/KeyGeneratorCore$HmacKG$SHA256 done
Event: 13.816 Loading class com/sun/crypto/provider/KeyGeneratorCore
Event: 13.816 Loading class com/sun/crypto/provider/KeyGeneratorCore done
Event: 42.350 Loading class java/lang/AbstractMethodError
Event: 42.350 Loading class java/lang/AbstractMethodError done

Classes unloaded (0 events):
No events

Classes redefined (0 events):
No events

Internal exceptions (20 events):
Event: 12.900 Thread 0x0000028de489b060 Exception <a 'java/lang/NoSuchMethodError'{0x0000000710e14448}: 'java.lang.Object java.lang.invoke.DirectMethodHandle$Holder.invokeSpecialIFC(java.lang.Object, java.lang.Object, java.lang.Object, java.lang.Object)'> (0x0000000710e14448) 
thrown [s\open\src\hotspot\share\interpreter\linkResolver.cpp, line 773]
Event: 12.938 Thread 0x0000028de489b060 Exception <a 'java/lang/ClassNotFoundException'{0x0000000710c019d0}: openwebbeans/Messages> (0x0000000710c019d0) 
thrown [s\open\src\hotspot\share\prims\jni.cpp, line 539]
Event: 12.939 Thread 0x0000028de489b060 Exception <a 'java/lang/ClassNotFoundException'{0x0000000710c1a880}: openwebbeans/Messages_en> (0x0000000710c1a880) 
thrown [s\open\src\hotspot\share\prims\jni.cpp, line 539]
Event: 12.939 Thread 0x0000028de489b060 Exception <a 'java/lang/ClassNotFoundException'{0x0000000710c1d338}: openwebbeans/Messages_en_US> (0x0000000710c1d338) 
thrown [s\open\src\hotspot\share\prims\jni.cpp, line 539]
Event: 13.190 Thread 0x0000028de489b060 Exception <a 'java/lang/IncompatibleClassChangeError'{0x000000070fe2c860}: Found class java.lang.Object, but interface was expected> (0x000000070fe2c860) 
thrown [s\open\src\hotspot\share\interpreter\linkResolver.cpp, line 840]
Event: 13.212 Thread 0x0000028de489b060 Exception <a 'java/lang/NoSuchMethodError'{0x000000070fc06fb0}: 'java.lang.Object java.lang.invoke.DirectMethodHandle$Holder.invokeVirtual(java.lang.Object, java.lang.Object, java.lang.Object, java.lang.Object)'> (0x000000070fc06fb0) 
thrown [s\open\src\hotspot\share\interpreter\linkResolver.cpp, line 773]
Event: 13.219 Thread 0x0000028de489b060 Exception <a 'java/lang/IncompatibleClassChangeError'{0x000000070fc68850}: Found class java.lang.Object, but interface was expected> (0x000000070fc68850) 
thrown [s\open\src\hotspot\share\interpreter\linkResolver.cpp, line 840]
Event: 13.222 Thread 0x0000028de489b060 Exception <a 'java/lang/IncompatibleClassChangeError'{0x000000070fca35a0}: Found class java.lang.Object, but interface was expected> (0x000000070fca35a0) 
thrown [s\open\src\hotspot\share\interpreter\linkResolver.cpp, line 840]
Event: 13.235 Thread 0x0000028de489b060 Exception <a 'java/lang/NoClassDefFoundError'{0x000000070fd25fa0}: org/apache/log4j/Logger> (0x000000070fd25fa0) 
thrown [s\open\src\hotspot\share\oops\constantPool.cpp, line 873]
Event: 13.241 Thread 0x0000028de489b060 Exception <a 'java/lang/NoClassDefFoundError'{0x000000070fd69ae8}: org/apache/log4j/Logger> (0x000000070fd69ae8) 
thrown [s\open\src\hotspot\share\oops\constantPool.cpp, line 873]
Event: 13.245 Thread 0x0000028de489b060 Exception <a 'java/lang/NoClassDefFoundError'{0x000000070fde97f0}: org/apache/log4j/Logger> (0x000000070fde97f0) 
thrown [s\open\src\hotspot\share\oops\constantPool.cpp, line 873]
Event: 13.260 Thread 0x0000028de489b060 Exception <a 'java/io/FileNotFoundException'{0x000000070fab6128}> (0x000000070fab6128) 
thrown [s\open\src\hotspot\share\prims\jni.cpp, line 520]
Event: 13.299 Thread 0x0000028de489b060 Exception <a 'sun/nio/fs/WindowsException'{0x000000070f96d6c8}> (0x000000070f96d6c8) 
thrown [s\open\src\hotspot\share\prims\jni.cpp, line 520]
Event: 13.327 Thread 0x0000028de489b060 Exception <a 'java/io/FileNotFoundException'{0x000000070f700000}> (0x000000070f700000) 
thrown [s\open\src\hotspot\share\prims\jni.cpp, line 520]
Event: 13.443 Thread 0x0000028de489b060 Exception <a 'java/lang/NoSuchMethodError'{0x000000070ea8d568}: 'long java.lang.invoke.DirectMethodHandle$Holder.invokeVirtual(java.lang.Object, java.lang.Object)'> (0x000000070ea8d568) 
thrown [s\open\src\hotspot\share\interpreter\linkResolver.cpp, line 773]
Event: 13.627 Thread 0x0000028de489b060 Implicit null exception at 0x0000028d9025d48d to 0x0000028d9025f1d8
Event: 13.645 Thread 0x0000028de489b060 Implicit null exception at 0x0000028d90186d8a to 0x0000028d90187040
Event: 13.645 Thread 0x0000028de489b060 Implicit null exception at 0x0000028d90022d05 to 0x0000028d90022f98
Event: 13.887 Thread 0x0000028de489b060 Implicit null exception at 0x0000028d884e11b0 to 0x0000028d884e1d32
Event: 13.887 Thread 0x0000028de489b060 Exception <a 'java/lang/NullPointerException'{0x0000000714736d48}> (0x0000000714736d48) 
thrown [s\open\src\hotspot\share\runtime\sharedRuntime.cpp, line 625]

ZGC Phase Switch (0 events):
No events

VM Operations (20 events):
Event: 13.384 Executing VM operation: ICBufferFull
Event: 13.384 Executing VM operation: ICBufferFull done
Event: 13.564 Executing VM operation: HandshakeAllThreads (Deoptimize)
Event: 13.564 Executing VM operation: HandshakeAllThreads (Deoptimize) done
Event: 13.564 Executing VM operation: HandshakeAllThreads (Deoptimize)
Event: 13.564 Executing VM operation: HandshakeAllThreads (Deoptimize) done
Event: 13.682 Executing VM operation: G1CollectForAllocation (G1 Evacuation Pause)
Event: 13.686 Executing VM operation: G1CollectForAllocation (G1 Evacuation Pause) done
Event: 13.693 Executing VM operation: HandshakeAllThreads (Deoptimize)
Event: 13.693 Executing VM operation: HandshakeAllThreads (Deoptimize) done
Event: 13.694 Executing VM operation: HandshakeAllThreads (Deoptimize)
Event: 13.694 Executing VM operation: HandshakeAllThreads (Deoptimize) done
Event: 14.693 Executing VM operation: Cleanup
Event: 14.694 Executing VM operation: Cleanup done
Event: 30.701 Executing VM operation: Cleanup
Event: 30.701 Executing VM operation: Cleanup done
Event: 42.390 Executing VM operation: HandshakeAllThreads (Deoptimize)
Event: 42.391 Executing VM operation: HandshakeAllThreads (Deoptimize) done
Event: 42.391 Executing VM operation: Cleanup
Event: 42.391 Executing VM operation: Cleanup done

Events (20 events):
Event: 12.490 Thread 0x0000028de4cb2e40 Thread added: 0x0000028de4cb2e40
Event: 13.245 Thread 0x0000028de5610a00 Thread added: 0x0000028de5610a00
Event: 13.416 Thread 0x0000028de5614510 Thread added: 0x0000028de5614510
Event: 13.416 Thread 0x0000028de5613e80 Thread added: 0x0000028de5613e80
Event: 13.416 Thread 0x0000028de5616c70 Thread added: 0x0000028de5616c70
Event: 13.416 Thread 0x0000028de5611090 Thread added: 0x0000028de5611090
Event: 13.416 Thread 0x0000028de5613160 Thread added: 0x0000028de5613160
Event: 13.416 Thread 0x0000028de5614ba0 Thread added: 0x0000028de5614ba0
Event: 13.417 Thread 0x0000028de489c410 Thread added: 0x0000028de489c410
Event: 13.417 Thread 0x0000028de5613e80 Thread exited: 0x0000028de5613e80
Event: 13.417 Thread 0x0000028de5614510 Thread exited: 0x0000028de5614510
Event: 13.417 Thread 0x0000028de5611090 Thread exited: 0x0000028de5611090
Event: 13.417 Thread 0x0000028de5616c70 Thread exited: 0x0000028de5616c70
Event: 13.417 Thread 0x0000028de5614ba0 Thread exited: 0x0000028de5614ba0
Event: 13.417 Thread 0x0000028de489c410 Thread exited: 0x0000028de489c410
Event: 13.417 Thread 0x0000028de5613160 Thread exited: 0x0000028de5613160
Event: 18.909 Thread 0x0000028de4cb2e40 Thread exited: 0x0000028de4cb2e40
Event: 21.455 Thread 0x0000028d9e6af2e0 Thread exited: 0x0000028d9e6af2e0
Event: 42.420 Thread 0x0000028de6d52140 Thread added: 0x0000028de6d52140
Event: 42.420 Thread 0x0000028d9e349090 Thread added: 0x0000028d9e349090


Dynamic libraries:
0x00007ff7be100000 - 0x00007ff7be110000 	D:\java\jdk21\bin\java.exe
0x00007ff94a170000 - 0x00007ff94a368000 	C:\WINDOWS\SYSTEM32\ntdll.dll
0x00007ff949550000 - 0x00007ff949612000 	C:\WINDOWS\System32\KERNEL32.DLL
0x00007ff947bb0000 - 0x00007ff947eaf000 	C:\WINDOWS\System32\KERNELBASE.dll
0x00007ff947a10000 - 0x00007ff947b10000 	C:\WINDOWS\System32\ucrtbase.dll
0x00007ff941c10000 - 0x00007ff941c2b000 	D:\java\jdk21\bin\VCRUNTIME140.dll
0x00007ff943d70000 - 0x00007ff943d89000 	D:\java\jdk21\bin\jli.dll
0x00007ff948250000 - 0x00007ff9482ff000 	C:\WINDOWS\System32\ADVAPI32.dll
0x00007ff948860000 - 0x00007ff9488fe000 	C:\WINDOWS\System32\msvcrt.dll
0x00007ff948330000 - 0x00007ff9483cf000 	C:\WINDOWS\System32\sechost.dll
0x00007ff948c40000 - 0x00007ff948d63000 	C:\WINDOWS\System32\RPCRT4.dll
0x00007ff947810000 - 0x00007ff947837000 	C:\WINDOWS\System32\bcrypt.dll
0x00007ff9483d0000 - 0x00007ff94856d000 	C:\WINDOWS\System32\USER32.dll
0x00007ff9480d0000 - 0x00007ff9480f2000 	C:\WINDOWS\System32\win32u.dll
0x00007ff935490000 - 0x00007ff93572a000 	C:\WINDOWS\WinSxS\amd64_microsoft.windows.common-controls_6595b64144ccf1df_6.0.19041.4355_none_60b8b9eb71f62e16\COMCTL32.dll
0x00007ff948830000 - 0x00007ff94885b000 	C:\WINDOWS\System32\GDI32.dll
0x00007ff9478f0000 - 0x00007ff947a0a000 	C:\WINDOWS\System32\gdi32full.dll
0x00007ff947b10000 - 0x00007ff947bad000 	C:\WINDOWS\System32\msvcp_win.dll
0x00007ff940450000 - 0x00007ff94045a000 	C:\WINDOWS\SYSTEM32\VERSION.dll
0x00007ff948300000 - 0x00007ff94832f000 	C:\WINDOWS\System32\IMM32.DLL
0x00007ff943d60000 - 0x00007ff943d6c000 	D:\java\jdk21\bin\vcruntime140_1.dll
0x00007ff913c60000 - 0x00007ff913cee000 	D:\java\jdk21\bin\msvcp140.dll
0x00007ff8eaca0000 - 0x00007ff8eb9ba000 	D:\java\jdk21\bin\server\jvm.dll
0x00007ff948b60000 - 0x00007ff948bcb000 	C:\WINDOWS\System32\WS2_32.dll
0x00007ff9475c0000 - 0x00007ff94760b000 	C:\WINDOWS\SYSTEM32\POWRPROF.dll
0x00007ff93bac0000 - 0x00007ff93bae7000 	C:\WINDOWS\SYSTEM32\WINMM.dll
0x00007ff947530000 - 0x00007ff947542000 	C:\WINDOWS\SYSTEM32\UMPDC.dll
0x00007ff946030000 - 0x00007ff946042000 	C:\WINDOWS\SYSTEM32\kernel.appcore.dll
0x00007ff943d20000 - 0x00007ff943d2a000 	D:\java\jdk21\bin\jimage.dll
0x00007ff945400000 - 0x00007ff9455e4000 	C:\WINDOWS\SYSTEM32\DBGHELP.DLL
0x00007ff926dd0000 - 0x00007ff926e04000 	C:\WINDOWS\SYSTEM32\dbgcore.DLL
0x00007ff948100000 - 0x00007ff948182000 	C:\WINDOWS\System32\bcryptPrimitives.dll
0x00007ff9413b0000 - 0x00007ff9413bf000 	D:\java\jdk21\bin\instrument.dll
0x00007ff941ba0000 - 0x00007ff941bbf000 	D:\java\jdk21\bin\java.dll
0x00007ff9499c0000 - 0x00007ff94a12d000 	C:\WINDOWS\System32\SHELL32.dll
0x00007ff945870000 - 0x00007ff946014000 	C:\WINDOWS\SYSTEM32\windows.storage.dll
0x00007ff9491f0000 - 0x00007ff949545000 	C:\WINDOWS\System32\combase.dll
0x00007ff9471d0000 - 0x00007ff9471fb000 	C:\WINDOWS\SYSTEM32\Wldp.dll
0x00007ff949620000 - 0x00007ff9496ed000 	C:\WINDOWS\System32\OLEAUT32.dll
0x00007ff948900000 - 0x00007ff9489ad000 	C:\WINDOWS\System32\SHCORE.dll
0x00007ff948190000 - 0x00007ff9481e5000 	C:\WINDOWS\System32\shlwapi.dll
0x00007ff947740000 - 0x00007ff947765000 	C:\WINDOWS\SYSTEM32\profapi.dll
0x00007ff913ad0000 - 0x00007ff913ba7000 	D:\java\jdk21\bin\jsvml.dll
0x00007ff92a800000 - 0x00007ff92a818000 	D:\java\jdk21\bin\zip.dll
0x00007ff9413c0000 - 0x00007ff9413d0000 	D:\java\jdk21\bin\net.dll
0x00007ff9447d0000 - 0x00007ff9448da000 	C:\WINDOWS\SYSTEM32\WINHTTP.dll
0x00007ff946f30000 - 0x00007ff946f9c000 	C:\WINDOWS\system32\mswsock.dll
0x00007ff9358f0000 - 0x00007ff935906000 	D:\java\jdk21\bin\nio.dll
0x00007ff92a7f0000 - 0x00007ff92a7f9000 	D:\java\jdk21\bin\management_agent.dll
0x00007ff92a770000 - 0x00007ff92a77a000 	D:\java\jdk21\bin\management.dll
0x00007ff92a760000 - 0x00007ff92a76b000 	D:\java\jdk21\bin\management_ext.dll
0x00007ff949820000 - 0x00007ff949828000 	C:\WINDOWS\System32\PSAPI.DLL
0x00007ff943d30000 - 0x00007ff943d47000 	C:\WINDOWS\system32\napinsp.dll
0x00007ff943cc0000 - 0x00007ff943cdb000 	C:\WINDOWS\system32\pnrpnsp.dll
0x00007ff921440000 - 0x00007ff921455000 	C:\WINDOWS\system32\wshbth.dll
0x00007ff9448e0000 - 0x00007ff9448fd000 	C:\WINDOWS\system32\NLAapi.dll
0x00007ff946c10000 - 0x00007ff946c4b000 	C:\WINDOWS\SYSTEM32\IPHLPAPI.DLL
0x00007ff946c50000 - 0x00007ff946d1a000 	C:\WINDOWS\SYSTEM32\DNSAPI.dll
0x00007ff949810000 - 0x00007ff949818000 	C:\WINDOWS\System32\NSI.dll
0x00007ff943ca0000 - 0x00007ff943cb2000 	C:\WINDOWS\System32\winrnr.dll
0x00007ff9415d0000 - 0x00007ff9415da000 	C:\Windows\System32\rasadhlp.dll
0x00007ff9402c0000 - 0x00007ff940340000 	C:\WINDOWS\System32\fwpuclnt.dll
0x00007ff947120000 - 0x00007ff947138000 	C:\WINDOWS\SYSTEM32\CRYPTSP.dll
0x00007ff9467f0000 - 0x00007ff946828000 	C:\WINDOWS\system32\rsaenh.dll
0x00007ff9476c0000 - 0x00007ff9476ee000 	C:\WINDOWS\SYSTEM32\USERENV.dll
0x00007ff947140000 - 0x00007ff94714c000 	C:\WINDOWS\SYSTEM32\CRYPTBASE.dll
0x00007ff940460000 - 0x00007ff940469000 	D:\java\jdk21\bin\extnet.dll
0x00007ff92a750000 - 0x00007ff92a75e000 	D:\java\jdk21\bin\sunmscapi.dll
0x00007ff947eb0000 - 0x00007ff94800c000 	C:\WINDOWS\System32\CRYPT32.dll
0x00007ff947240000 - 0x00007ff947267000 	C:\WINDOWS\SYSTEM32\ncrypt.dll
0x00007ff947200000 - 0x00007ff94723b000 	C:\WINDOWS\SYSTEM32\NTASN1.dll
0x00007ff92a740000 - 0x00007ff92a750000 	D:\java\jdk21\bin\verify.dll
0x00007ff92a6d0000 - 0x00007ff92a6d7000 	C:\WINDOWS\system32\wshunix.dll

dbghelp: loaded successfully - version: 4.0.5 - missing functions: none
symbol engine: initialized successfully - sym options: 0x614 - pdb path: .;D:\java\jdk21\bin;C:\WINDOWS\SYSTEM32;C:\WINDOWS\WinSxS\amd64_microsoft.windows.common-controls_6595b64144ccf1df_6.0.19041.4355_none_60b8b9eb71f62e16;D:\java\jdk21\bin\server

VM Arguments:
jvm_args: -Djava.util.logging.config.file=C:\Users\dell\AppData\Local\JetBrains\IntelliJIdea2024.3\tomcat\637303c7-005e-4fa5-a411-b0f41081b1ea\conf\logging.properties -Djava.util.logging.manager=org.apache.juli.ClassLoaderLogManager -javaagent:D:\CODE WEB\page-movie-management\apache-tomee-webprofile-10.0.0\lib\openejb-javaagent.jar -Dcom.sun.management.jmxremote= -Dcom.sun.management.jmxremote.port=1099 -Dcom.sun.management.jmxremote.ssl=false -Dcom.sun.management.jmxremote.password.file=C:\Users\dell\AppData\Local\JetBrains\IntelliJIdea2024.3\tomcat\637303c7-005e-4fa5-a411-b0f41081b1ea\jmxremote.password -Dcom.sun.management.jmxremote.access.file=C:\Users\dell\AppData\Local\JetBrains\IntelliJIdea2024.3\tomcat\637303c7-005e-4fa5-a411-b0f41081b1ea\jmxremote.access -Djava.rmi.server.hostname=127.0.0.1 -Dtomee.serialization.class.whitelist= -Dtomee.serialization.class.blacklist=- -Dtomee.remote.support=true -Dopenejb.system.apps=true -Djdk.tls.ephemeralDHKeySize=2048 -Djava.protocol.handler.pkgs=org.apache.catalina.webresources --add-opens=java.base/java.lang=ALL-UNNAMED --add-opens=java.base/java.io=ALL-UNNAMED --add-opens=java.base/java.util=ALL-UNNAMED --add-opens=java.base/java.util.concurrent=ALL-UNNAMED --add-opens=java.rmi/sun.rmi.transport=ALL-UNNAMED -Dcatalina.base=C:\Users\dell\AppData\Local\JetBrains\IntelliJIdea2024.3\tomcat\637303c7-005e-4fa5-a411-b0f41081b1ea -Dcatalina.home=D:\CODE WEB\page-movie-management\apache-tomee-webprofile-10.0.0 -Djava.io.tmpdir=C:\Users\dell\AppData\Local\JetBrains\IntelliJIdea2024.3\tomcat\637303c7-005e-4fa5-a411-b0f41081b1ea\temp 
java_command: org.apache.catalina.startup.Bootstrap start
java_class_path (initial): D:\CODE WEB\page-movie-management\apache-tomee-webprofile-10.0.0\bin\bootstrap.jar;D:\CODE WEB\page-movie-management\apache-tomee-webprofile-10.0.0\bin\tomcat-juli.jar
Launcher Type: SUN_STANDARD

[Global flags]
     intx CICompilerCount                          = 4                                         {product} {ergonomic}
     uint ConcGCThreads                            = 2                                         {product} {ergonomic}
     uint G1ConcRefinementThreads                  = 8                                         {product} {ergonomic}
   size_t G1HeapRegionSize                         = 2097152                                   {product} {ergonomic}
    uintx GCDrainStackTargetSize                   = 64                                        {product} {ergonomic}
   size_t InitialHeapSize                          = 264241152                                 {product} {ergonomic}
     bool ManagementServer                         = true                                      {product} {command line}
   size_t MarkStackSize                            = 4194304                                   {product} {ergonomic}
   size_t MaxHeapSize                              = 4225761280                                {product} {ergonomic}
   size_t MaxNewSize                               = 2535456768                                {product} {ergonomic}
   size_t MinHeapDeltaBytes                        = 2097152                                   {product} {ergonomic}
   size_t MinHeapSize                              = 8388608                                   {product} {ergonomic}
    uintx NonNMethodCodeHeapSize                   = 5839372                                {pd product} {ergonomic}
    uintx NonProfiledCodeHeapSize                  = 122909434                              {pd product} {ergonomic}
    uintx ProfiledCodeHeapSize                     = 122909434                              {pd product} {ergonomic}
    uintx ReservedCodeCacheSize                    = 251658240                              {pd product} {ergonomic}
     bool SegmentedCodeCache                       = true                                      {product} {ergonomic}
   size_t SoftMaxHeapSize                          = 4225761280                             {manageable} {ergonomic}
     bool UseCompressedOops                        = true                           {product lp64_product} {ergonomic}
     bool UseG1GC                                  = true                                      {product} {ergonomic}
     bool UseLargePagesIndividualAllocation        = false                                  {pd product} {ergonomic}

Logging:
Log output configuration:
 #0: stdout all=warning uptime,level,tags foldmultilines=false
 #1: stderr all=off uptime,level,tags foldmultilines=false

Environment Variables:
JAVA_HOME=D:\java\jdk21
CLASSPATH=D:\CODE WEB\page-movie-management\apache-tomee-webprofile-10.0.0\bin\bootstrap.jar;D:\CODE WEB\page-movie-management\apache-tomee-webprofile-10.0.0\bin\tomcat-juli.jar
PATH=C:\Program Files\Microsoft MPI\Bin\;C:\Program Files\Common Files\Oracle\Java\javapath;C:\WINDOWS\system32;C:\WINDOWS;C:\WINDOWS\System32\Wbem;C:\WINDOWS\System32\WindowsPowerShell\v1.0\;C:\WINDOWS\System32\OpenSSH\;C:\Program Files\Microsoft SQL Server\Client SDK\ODBC\170\Tools\Binn\;D:\Install\bin;D:\Git\cmd;D:\XAMPP\php;C:\ProgramData\ComposerSetup\bin;C:\mingw64\bin;C:\TDM-GCC-32\bin;D:\notejs\;D:\XAMPP\mysql\bin;D:\Maven\bin;D:\Maven\apache-maven-3.9.9\bin;C:\Program Files (x86)\Microsoft SQL Server\160\Tools\Binn\;C:\Program Files\Microsoft SQL Server\160\Tools\Binn\;C:\Program Files\Microsoft SQL Server\160\DTS\Binn\;C:\Program Files (x86)\Microsoft SQL Server\160\DTS\Binn\;D:\python\Scripts\;D:\python\;D:\java\jdk21\bin;D:\Microsoft VS Code\bin;C:\Users\dell\AppData\Roaming\Composer\vendor\bin;C:\mingw64\bin;C:\Users\dell\AppData\Roaming\npm;D:\nodejs;D:\PyCharm\PyCharm Community Edition 2024.2.4\bin;;D:\Wireshark;D:\python3.10;D:\python39;D:\JetBrains\IntelliJ IDEA 2024.3.4.1\bin;;D:\Maven\bin;
USERNAME=dell
OS=Windows_NT
PROCESSOR_IDENTIFIER=Intel64 Family 6 Model 140 Stepping 1, GenuineIntel
TMP=C:\Users\dell\AppData\Local\Temp
TEMP=C:\Users\dell\AppData\Local\Temp




Periodic native trim disabled

---------------  S Y S T E M  ---------------

OS:
 Windows 10 , 64 bit Build 19041 (10.0.19041.5438)
OS uptime: 0 days 17:17 hours

CPU: total 8 (initial active 8) (4 cores per cpu, 2 threads per core) family 6 model 140 stepping 1 microcode 0xba, cx8, cmov, fxsr, ht, mmx, 3dnowpref, sse, sse2, sse3, ssse3, sse4.1, sse4.2, popcnt, lzcnt, tsc, tscinvbit, avx, avx2, aes, erms, clmul, bmi1, bmi2, adx, avx512f, avx512dq, avx512cd, avx512bw, avx512vl, sha, fma, vzeroupper, avx512_vpopcntdq, avx512_vpclmulqdq, avx512_vaes, avx512_vnni, clflush, clflushopt, clwb, avx512_vbmi2, avx512_vbmi, rdtscp, rdpid, fsrm, gfni, avx512_bitalg, f16c, pku, cet_ibt, cet_ss, avx512_ifma
Processor Information for all 8 processors :
  Max Mhz: 2419, Current Mhz: 2419, Mhz Limit: 2419

Memory: 4k page, system-wide physical 16118M (5051M free)
TotalPageFile size 17202M (AvailPageFile size 22M)
current process WorkingSet (physical memory assigned to process): 425M, peak: 445M
current process commit charge ("private bytes"): 462M, peak: 496M

vm_info: Java HotSpot(TM) 64-Bit Server VM (21.0.6+8-LTS-188) for windows-amd64 JRE (21.0.6+8-LTS-188), built on 2024-12-03T10:50:54Z by "mach5one" with MS VC++ 17.6 (VS2022)

END.
