#
# There is insufficient memory for the Java Runtime Environment to continue.
# Native memory allocation (malloc) failed to allocate 154816 bytes for Chunk::new
# Possible reasons:
#   The system is out of physical RAM or swap space
#   The process is running with CompressedOops enabled, and the Java Heap may be blocking the growth of the native heap
# Possible solutions:
#   Reduce memory load on the system
#   Increase physical memory or swap space
#   Check if swap backing store is full
#   Decrease Java heap size (-Xmx/-Xms)
#   Decrease number of Java threads
#   Decrease Java thread stack sizes (-Xss)
#   Set larger code cache with -XX:ReservedCodeCacheSize=
#   JVM is running with Zero Based Compressed Oops mode in which the Java heap is
#     placed in the first 32GB address space. The Java Heap base address is the
#     maximum limit for the native heap growth. Please use -XX:HeapBaseMinAddress
#     to set the Java Heap base and to place the Java Heap above 32GB virtual address.
# This output file may be truncated or incomplete.
#
#  Out of Memory Error (arena.cpp:168), pid=9172, tid=1784
#
# JRE version: Java(TM) SE Runtime Environment (21.0.6+8) (build 21.0.6+8-LTS-188)
# Java VM: Java HotSpot(TM) 64-Bit Server VM (21.0.6+8-LTS-188, mixed mode, sharing, tiered, compressed oops, compressed class ptrs, g1 gc, windows-amd64)
# No core dump will be written. Minidumps are not enabled by default on client versions of Windows
#

---------------  S U M M A R Y ------------

Command Line: -Djava.util.logging.config.file=C:\Users\dell\AppData\Local\JetBrains\IntelliJIdea2024.3\tomcat\637303c7-005e-4fa5-a411-b0f41081b1ea\conf\logging.properties -Djava.util.logging.manager=org.apache.juli.ClassLoaderLogManager -javaagent:D:\CODE WEB\page-movie-management\apache-tomee-webprofile-10.0.0\lib\openejb-javaagent.jar -Dcom.sun.management.jmxremote= -Dcom.sun.management.jmxremote.port=1099 -Dcom.sun.management.jmxremote.ssl=false -Dcom.sun.management.jmxremote.password.file=C:\Users\dell\AppData\Local\JetBrains\IntelliJIdea2024.3\tomcat\637303c7-005e-4fa5-a411-b0f41081b1ea\jmxremote.password -Dcom.sun.management.jmxremote.access.file=C:\Users\dell\AppData\Local\JetBrains\IntelliJIdea2024.3\tomcat\637303c7-005e-4fa5-a411-b0f41081b1ea\jmxremote.access -Djava.rmi.server.hostname=127.0.0.1 -Dtomee.serialization.class.whitelist= -Dtomee.serialization.class.blacklist=- -Dtomee.remote.support=true -Dopenejb.system.apps=true -Djdk.tls.ephemeralDHKeySize=2048 -Djava.protocol.handler.pkgs=org.apache.catalina.webresources --add-opens=java.base/java.lang=ALL-UNNAMED --add-opens=java.base/java.io=ALL-UNNAMED --add-opens=java.base/java.util=ALL-UNNAMED --add-opens=java.base/java.util.concurrent=ALL-UNNAMED --add-opens=java.rmi/sun.rmi.transport=ALL-UNNAMED -Dcatalina.base=C:\Users\dell\AppData\Local\JetBrains\IntelliJIdea2024.3\tomcat\637303c7-005e-4fa5-a411-b0f41081b1ea -Dcatalina.home=D:\CODE WEB\page-movie-management\apache-tomee-webprofile-10.0.0 -Djava.io.tmpdir=C:\Users\dell\AppData\Local\JetBrains\IntelliJIdea2024.3\tomcat\637303c7-005e-4fa5-a411-b0f41081b1ea\temp org.apache.catalina.startup.Bootstrap start

Host: 11th Gen Intel(R) Core(TM) i5-1135G7 @ 2.40GHz, 8 cores, 15G,  Windows 10 , 64 bit Build 19041 (10.0.19041.5438)
Time: Wed Apr  2 12:55:06 2025 SE Asia Standard Time elapsed time: 0.349916 seconds (0d 0h 0m 0s)

---------------  T H R E A D  ---------------

Current thread (0x000002397eeacb20):  JavaThread "C2 CompilerThread1" daemon [_thread_in_native, id=1784, stack(0x000000d60f200000,0x000000d60f300000) (1024K)]


Current CompileTask:
C2:    349  988       4       java.util.HashMap::resize (356 bytes)

Stack: [0x000000d60f200000,0x000000d60f300000]
Native frames: (J=compiled Java code, j=interpreted, Vv=VM code, C=native code)
V  [jvm.dll+0x6ca6d9]
V  [jvm.dll+0x854f51]
V  [jvm.dll+0x85747e]
V  [jvm.dll+0x857b53]
V  [jvm.dll+0x27dcc6]
V  [jvm.dll+0xc4c2d]
V  [jvm.dll+0xc5163]
V  [jvm.dll+0x2f0fbd]
V  [jvm.dll+0x5f546a]
V  [jvm.dll+0x24f8a2]
V  [jvm.dll+0x24fc5f]
V  [jvm.dll+0x248764]
V  [jvm.dll+0x245df4]
V  [jvm.dll+0x1c6d2e]
V  [jvm.dll+0x2554f9]
V  [jvm.dll+0x253a8a]
V  [jvm.dll+0x3ee576]
V  [jvm.dll+0x7ff2fb]
V  [jvm.dll+0x6c8dbd]
C  [ucrtbase.dll+0x21bb2]
C  [KERNEL32.DLL+0x17374]
C  [ntdll.dll+0x4cc91]


---------------  P R O C E S S  ---------------

Threads class SMR info:
_java_thread_list=0x000002397f8443a0, length=14, elements={
0x000002396d235ee0, 0x000002397ee949f0, 0x000002397ee95700, 0x000002397ee967b0,
0x000002397ee9a220, 0x000002397ee9ac70, 0x000002397ee9b6c0, 0x000002397eea8c20,
0x000002397eeadf90, 0x000002397ee69740, 0x000002397eeacb20, 0x000002397f7a51c0,
0x000002397f7ccd90, 0x000002397eead1f0
}

Java Threads: ( => current thread )
  0x000002396d235ee0 JavaThread "main"                              [_thread_in_vm, id=11472, stack(0x000000d60e100000,0x000000d60e200000) (1024K)]
  0x000002397ee949f0 JavaThread "Reference Handler"          daemon [_thread_blocked, id=15744, stack(0x000000d60e900000,0x000000d60ea00000) (1024K)]
  0x000002397ee95700 JavaThread "Finalizer"                  daemon [_thread_blocked, id=10000, stack(0x000000d60ea00000,0x000000d60eb00000) (1024K)]
  0x000002397ee967b0 JavaThread "Signal Dispatcher"          daemon [_thread_blocked, id=15288, stack(0x000000d60eb00000,0x000000d60ec00000) (1024K)]
  0x000002397ee9a220 JavaThread "Attach Listener"            daemon [_thread_blocked, id=8996, stack(0x000000d60ec00000,0x000000d60ed00000) (1024K)]
  0x000002397ee9ac70 JavaThread "Service Thread"             daemon [_thread_blocked, id=1520, stack(0x000000d60ed00000,0x000000d60ee00000) (1024K)]
  0x000002397ee9b6c0 JavaThread "Monitor Deflation Thread"   daemon [_thread_blocked, id=7020, stack(0x000000d60ee00000,0x000000d60ef00000) (1024K)]
  0x000002397eea8c20 JavaThread "C2 CompilerThread0"         daemon [_thread_in_native, id=6852, stack(0x000000d60ef00000,0x000000d60f000000) (1024K)]
  0x000002397eeadf90 JavaThread "C1 CompilerThread0"         daemon [_thread_in_native, id=6464, stack(0x000000d60f000000,0x000000d60f100000) (1024K)]
  0x000002397ee69740 JavaThread "Common-Cleaner"             daemon [_thread_blocked, id=11984, stack(0x000000d60f100000,0x000000d60f200000) (1024K)]
=>0x000002397eeacb20 JavaThread "C2 CompilerThread1"         daemon [_thread_in_native, id=1784, stack(0x000000d60f200000,0x000000d60f300000) (1024K)]
  0x000002397f7a51c0 JavaThread "FileHandlerLogFilesCleaner-1" daemon [_thread_blocked, id=1688, stack(0x000000d60f300000,0x000000d60f400000) (1024K)]
  0x000002397f7ccd90 JavaThread "Notification Thread"        daemon [_thread_blocked, id=6924, stack(0x000000d60f400000,0x000000d60f500000) (1024K)]
  0x000002397eead1f0 JavaThread "C2 CompilerThread2"         daemon [_thread_in_native, id=10444, stack(0x000000d60f500000,0x000000d60f600000) (1024K)]
Total: 14

Other Threads:
  0x000002397ee7a8b0 VMThread "VM Thread"                           [id=7964, stack(0x000000d60e800000,0x000000d60e900000) (1024K)]
  0x000002397ee68b30 WatcherThread "VM Periodic Task Thread"        [id=12840, stack(0x000000d60e700000,0x000000d60e800000) (1024K)]
  0x000002396d29c870 WorkerThread "GC Thread#0"                     [id=9768, stack(0x000000d60e200000,0x000000d60e300000) (1024K)]
  0x000002396d2adbf0 ConcurrentGCThread "G1 Main Marker"            [id=13424, stack(0x000000d60e300000,0x000000d60e400000) (1024K)]
  0x000002396d2afcb0 WorkerThread "G1 Conc#0"                       [id=4152, stack(0x000000d60e400000,0x000000d60e500000) (1024K)]
  0x000002396d2fd210 ConcurrentGCThread "G1 Refine#0"               [id=9988, stack(0x000000d60e500000,0x000000d60e600000) (1024K)]
  0x000002396d2fdb90 ConcurrentGCThread "G1 Service"                [id=6184, stack(0x000000d60e600000,0x000000d60e700000) (1024K)]
Total: 7

Threads with active compile tasks:
C2 CompilerThread0      356  995       4       jdk.internal.util.xml.impl.Parser::step (891 bytes)
C1 CompilerThread0      356 1012       3       jdk.jfr.internal.jfc.model.XmlEvent::constraints (9 bytes)
C2 CompilerThread1      356  988       4       java.util.HashMap::resize (356 bytes)
C2 CompilerThread2      356 1014       4       jdk.internal.util.xml.impl.Parser::ensureCapacity (96 bytes)
Total: 4

VM state: not at safepoint (normal execution)

VM Mutex/Monitor currently owned by a thread:  ([mutex/lock_event])
[0x00007ff8eb8dbe18] Metaspace_lock - owner thread: 0x000002396d235ee0

Heap address: 0x0000000704200000, size: 4030 MB, Compressed Oops mode: Zero based, Oop shift amount: 3

CDS archive(s) mapped at: [0x000002390f000000-0x000002390fc90000-0x000002390fc90000), size 13172736, SharedBaseAddress: 0x000002390f000000, ArchiveRelocationMode: 1.
Compressed class space mapped at: 0x0000023910000000-0x0000023950000000, reserved size: 1073741824
Narrow klass base: 0x000002390f000000, Narrow klass shift: 0, Narrow klass range: 0x100000000

GC Precious Log:
 CardTable entry size: 512
 Card Set container configuration: InlinePtr #cards 4 size 8 Array Of Cards #cards 16 size 48 Howl #buckets 8 coarsen threshold 3686 Howl Bitmap #cards 512 size 80 coarsen threshold 460 Card regions per heap region 1 cards per card region 4096
 CPUs: 8 total, 8 available
 Memory: 16118M
 Large Page Support: Disabled
 NUMA Support: Disabled
 Compressed Oops: Enabled (Zero based)
 Heap Region Size: 2M
 Heap Min Capacity: 8M
 Heap Initial Capacity: 252M
 Heap Max Capacity: 4030M
 Pre-touch: Disabled
 Parallel Workers: 8
 Concurrent Workers: 2
 Concurrent Refinement Workers: 8
 Periodic GC: Disabled

Heap:
 garbage-first heap   total 258048K, used 12288K [0x0000000704200000, 0x0000000800000000)
  region size 2048K, 7 young (14336K), 0 survivors (0K)
 Metaspace       used 4424K, committed 4544K, reserved 1114112K
  class space    used 449K, committed 512K, reserved 1048576K

Heap Regions: E=young(eden), S=young(survivor), O=old, HS=humongous(starts), HC=humongous(continues), CS=collection set, F=free, TAMS=top-at-mark-start, PB=parsable bottom
|   0|0x0000000704200000, 0x0000000704200000, 0x0000000704400000|  0%| F|  |TAMS 0x0000000704200000| PB 0x0000000704200000| Untracked 
|   1|0x0000000704400000, 0x0000000704400000, 0x0000000704600000|  0%| F|  |TAMS 0x0000000704400000| PB 0x0000000704400000| Untracked 
|   2|0x0000000704600000, 0x0000000704600000, 0x0000000704800000|  0%| F|  |TAMS 0x0000000704600000| PB 0x0000000704600000| Untracked 
|   3|0x0000000704800000, 0x0000000704800000, 0x0000000704a00000|  0%| F|  |TAMS 0x0000000704800000| PB 0x0000000704800000| Untracked 
|   4|0x0000000704a00000, 0x0000000704a00000, 0x0000000704c00000|  0%| F|  |TAMS 0x0000000704a00000| PB 0x0000000704a00000| Untracked 
|   5|0x0000000704c00000, 0x0000000704c00000, 0x0000000704e00000|  0%| F|  |TAMS 0x0000000704c00000| PB 0x0000000704c00000| Untracked 
|   6|0x0000000704e00000, 0x0000000704e00000, 0x0000000705000000|  0%| F|  |TAMS 0x0000000704e00000| PB 0x0000000704e00000| Untracked 
|   7|0x0000000705000000, 0x0000000705000000, 0x0000000705200000|  0%| F|  |TAMS 0x0000000705000000| PB 0x0000000705000000| Untracked 
|   8|0x0000000705200000, 0x0000000705200000, 0x0000000705400000|  0%| F|  |TAMS 0x0000000705200000| PB 0x0000000705200000| Untracked 
|   9|0x0000000705400000, 0x0000000705400000, 0x0000000705600000|  0%| F|  |TAMS 0x0000000705400000| PB 0x0000000705400000| Untracked 
|  10|0x0000000705600000, 0x0000000705600000, 0x0000000705800000|  0%| F|  |TAMS 0x0000000705600000| PB 0x0000000705600000| Untracked 
|  11|0x0000000705800000, 0x0000000705800000, 0x0000000705a00000|  0%| F|  |TAMS 0x0000000705800000| PB 0x0000000705800000| Untracked 
|  12|0x0000000705a00000, 0x0000000705a00000, 0x0000000705c00000|  0%| F|  |TAMS 0x0000000705a00000| PB 0x0000000705a00000| Untracked 
|  13|0x0000000705c00000, 0x0000000705c00000, 0x0000000705e00000|  0%| F|  |TAMS 0x0000000705c00000| PB 0x0000000705c00000| Untracked 
|  14|0x0000000705e00000, 0x0000000705e00000, 0x0000000706000000|  0%| F|  |TAMS 0x0000000705e00000| PB 0x0000000705e00000| Untracked 
|  15|0x0000000706000000, 0x0000000706000000, 0x0000000706200000|  0%| F|  |TAMS 0x0000000706000000| PB 0x0000000706000000| Untracked 
|  16|0x0000000706200000, 0x0000000706200000, 0x0000000706400000|  0%| F|  |TAMS 0x0000000706200000| PB 0x0000000706200000| Untracked 
|  17|0x0000000706400000, 0x0000000706400000, 0x0000000706600000|  0%| F|  |TAMS 0x0000000706400000| PB 0x0000000706400000| Untracked 
|  18|0x0000000706600000, 0x0000000706600000, 0x0000000706800000|  0%| F|  |TAMS 0x0000000706600000| PB 0x0000000706600000| Untracked 
|  19|0x0000000706800000, 0x0000000706800000, 0x0000000706a00000|  0%| F|  |TAMS 0x0000000706800000| PB 0x0000000706800000| Untracked 
|  20|0x0000000706a00000, 0x0000000706a00000, 0x0000000706c00000|  0%| F|  |TAMS 0x0000000706a00000| PB 0x0000000706a00000| Untracked 
|  21|0x0000000706c00000, 0x0000000706c00000, 0x0000000706e00000|  0%| F|  |TAMS 0x0000000706c00000| PB 0x0000000706c00000| Untracked 
|  22|0x0000000706e00000, 0x0000000706e00000, 0x0000000707000000|  0%| F|  |TAMS 0x0000000706e00000| PB 0x0000000706e00000| Untracked 
|  23|0x0000000707000000, 0x0000000707000000, 0x0000000707200000|  0%| F|  |TAMS 0x0000000707000000| PB 0x0000000707000000| Untracked 
|  24|0x0000000707200000, 0x0000000707200000, 0x0000000707400000|  0%| F|  |TAMS 0x0000000707200000| PB 0x0000000707200000| Untracked 
|  25|0x0000000707400000, 0x0000000707400000, 0x0000000707600000|  0%| F|  |TAMS 0x0000000707400000| PB 0x0000000707400000| Untracked 
|  26|0x0000000707600000, 0x0000000707600000, 0x0000000707800000|  0%| F|  |TAMS 0x0000000707600000| PB 0x0000000707600000| Untracked 
|  27|0x0000000707800000, 0x0000000707800000, 0x0000000707a00000|  0%| F|  |TAMS 0x0000000707800000| PB 0x0000000707800000| Untracked 
|  28|0x0000000707a00000, 0x0000000707a00000, 0x0000000707c00000|  0%| F|  |TAMS 0x0000000707a00000| PB 0x0000000707a00000| Untracked 
|  29|0x0000000707c00000, 0x0000000707c00000, 0x0000000707e00000|  0%| F|  |TAMS 0x0000000707c00000| PB 0x0000000707c00000| Untracked 
|  30|0x0000000707e00000, 0x0000000707e00000, 0x0000000708000000|  0%| F|  |TAMS 0x0000000707e00000| PB 0x0000000707e00000| Untracked 
|  31|0x0000000708000000, 0x0000000708000000, 0x0000000708200000|  0%| F|  |TAMS 0x0000000708000000| PB 0x0000000708000000| Untracked 
|  32|0x0000000708200000, 0x0000000708200000, 0x0000000708400000|  0%| F|  |TAMS 0x0000000708200000| PB 0x0000000708200000| Untracked 
|  33|0x0000000708400000, 0x0000000708400000, 0x0000000708600000|  0%| F|  |TAMS 0x0000000708400000| PB 0x0000000708400000| Untracked 
|  34|0x0000000708600000, 0x0000000708600000, 0x0000000708800000|  0%| F|  |TAMS 0x0000000708600000| PB 0x0000000708600000| Untracked 
|  35|0x0000000708800000, 0x0000000708800000, 0x0000000708a00000|  0%| F|  |TAMS 0x0000000708800000| PB 0x0000000708800000| Untracked 
|  36|0x0000000708a00000, 0x0000000708a00000, 0x0000000708c00000|  0%| F|  |TAMS 0x0000000708a00000| PB 0x0000000708a00000| Untracked 
|  37|0x0000000708c00000, 0x0000000708c00000, 0x0000000708e00000|  0%| F|  |TAMS 0x0000000708c00000| PB 0x0000000708c00000| Untracked 
|  38|0x0000000708e00000, 0x0000000708e00000, 0x0000000709000000|  0%| F|  |TAMS 0x0000000708e00000| PB 0x0000000708e00000| Untracked 
|  39|0x0000000709000000, 0x0000000709000000, 0x0000000709200000|  0%| F|  |TAMS 0x0000000709000000| PB 0x0000000709000000| Untracked 
|  40|0x0000000709200000, 0x0000000709200000, 0x0000000709400000|  0%| F|  |TAMS 0x0000000709200000| PB 0x0000000709200000| Untracked 
|  41|0x0000000709400000, 0x0000000709400000, 0x0000000709600000|  0%| F|  |TAMS 0x0000000709400000| PB 0x0000000709400000| Untracked 
|  42|0x0000000709600000, 0x0000000709600000, 0x0000000709800000|  0%| F|  |TAMS 0x0000000709600000| PB 0x0000000709600000| Untracked 
|  43|0x0000000709800000, 0x0000000709800000, 0x0000000709a00000|  0%| F|  |TAMS 0x0000000709800000| PB 0x0000000709800000| Untracked 
|  44|0x0000000709a00000, 0x0000000709a00000, 0x0000000709c00000|  0%| F|  |TAMS 0x0000000709a00000| PB 0x0000000709a00000| Untracked 
|  45|0x0000000709c00000, 0x0000000709c00000, 0x0000000709e00000|  0%| F|  |TAMS 0x0000000709c00000| PB 0x0000000709c00000| Untracked 
|  46|0x0000000709e00000, 0x0000000709e00000, 0x000000070a000000|  0%| F|  |TAMS 0x0000000709e00000| PB 0x0000000709e00000| Untracked 
|  47|0x000000070a000000, 0x000000070a000000, 0x000000070a200000|  0%| F|  |TAMS 0x000000070a000000| PB 0x000000070a000000| Untracked 
|  48|0x000000070a200000, 0x000000070a200000, 0x000000070a400000|  0%| F|  |TAMS 0x000000070a200000| PB 0x000000070a200000| Untracked 
|  49|0x000000070a400000, 0x000000070a400000, 0x000000070a600000|  0%| F|  |TAMS 0x000000070a400000| PB 0x000000070a400000| Untracked 
|  50|0x000000070a600000, 0x000000070a600000, 0x000000070a800000|  0%| F|  |TAMS 0x000000070a600000| PB 0x000000070a600000| Untracked 
|  51|0x000000070a800000, 0x000000070a800000, 0x000000070aa00000|  0%| F|  |TAMS 0x000000070a800000| PB 0x000000070a800000| Untracked 
|  52|0x000000070aa00000, 0x000000070aa00000, 0x000000070ac00000|  0%| F|  |TAMS 0x000000070aa00000| PB 0x000000070aa00000| Untracked 
|  53|0x000000070ac00000, 0x000000070ac00000, 0x000000070ae00000|  0%| F|  |TAMS 0x000000070ac00000| PB 0x000000070ac00000| Untracked 
|  54|0x000000070ae00000, 0x000000070ae00000, 0x000000070b000000|  0%| F|  |TAMS 0x000000070ae00000| PB 0x000000070ae00000| Untracked 
|  55|0x000000070b000000, 0x000000070b000000, 0x000000070b200000|  0%| F|  |TAMS 0x000000070b000000| PB 0x000000070b000000| Untracked 
|  56|0x000000070b200000, 0x000000070b200000, 0x000000070b400000|  0%| F|  |TAMS 0x000000070b200000| PB 0x000000070b200000| Untracked 
|  57|0x000000070b400000, 0x000000070b400000, 0x000000070b600000|  0%| F|  |TAMS 0x000000070b400000| PB 0x000000070b400000| Untracked 
|  58|0x000000070b600000, 0x000000070b600000, 0x000000070b800000|  0%| F|  |TAMS 0x000000070b600000| PB 0x000000070b600000| Untracked 
|  59|0x000000070b800000, 0x000000070b800000, 0x000000070ba00000|  0%| F|  |TAMS 0x000000070b800000| PB 0x000000070b800000| Untracked 
|  60|0x000000070ba00000, 0x000000070ba00000, 0x000000070bc00000|  0%| F|  |TAMS 0x000000070ba00000| PB 0x000000070ba00000| Untracked 
|  61|0x000000070bc00000, 0x000000070bc00000, 0x000000070be00000|  0%| F|  |TAMS 0x000000070bc00000| PB 0x000000070bc00000| Untracked 
|  62|0x000000070be00000, 0x000000070be00000, 0x000000070c000000|  0%| F|  |TAMS 0x000000070be00000| PB 0x000000070be00000| Untracked 
|  63|0x000000070c000000, 0x000000070c000000, 0x000000070c200000|  0%| F|  |TAMS 0x000000070c000000| PB 0x000000070c000000| Untracked 
|  64|0x000000070c200000, 0x000000070c200000, 0x000000070c400000|  0%| F|  |TAMS 0x000000070c200000| PB 0x000000070c200000| Untracked 
|  65|0x000000070c400000, 0x000000070c400000, 0x000000070c600000|  0%| F|  |TAMS 0x000000070c400000| PB 0x000000070c400000| Untracked 
|  66|0x000000070c600000, 0x000000070c600000, 0x000000070c800000|  0%| F|  |TAMS 0x000000070c600000| PB 0x000000070c600000| Untracked 
|  67|0x000000070c800000, 0x000000070c800000, 0x000000070ca00000|  0%| F|  |TAMS 0x000000070c800000| PB 0x000000070c800000| Untracked 
|  68|0x000000070ca00000, 0x000000070ca00000, 0x000000070cc00000|  0%| F|  |TAMS 0x000000070ca00000| PB 0x000000070ca00000| Untracked 
|  69|0x000000070cc00000, 0x000000070cc00000, 0x000000070ce00000|  0%| F|  |TAMS 0x000000070cc00000| PB 0x000000070cc00000| Untracked 
|  70|0x000000070ce00000, 0x000000070ce00000, 0x000000070d000000|  0%| F|  |TAMS 0x000000070ce00000| PB 0x000000070ce00000| Untracked 
|  71|0x000000070d000000, 0x000000070d000000, 0x000000070d200000|  0%| F|  |TAMS 0x000000070d000000| PB 0x000000070d000000| Untracked 
|  72|0x000000070d200000, 0x000000070d200000, 0x000000070d400000|  0%| F|  |TAMS 0x000000070d200000| PB 0x000000070d200000| Untracked 
|  73|0x000000070d400000, 0x000000070d400000, 0x000000070d600000|  0%| F|  |TAMS 0x000000070d400000| PB 0x000000070d400000| Untracked 
|  74|0x000000070d600000, 0x000000070d600000, 0x000000070d800000|  0%| F|  |TAMS 0x000000070d600000| PB 0x000000070d600000| Untracked 
|  75|0x000000070d800000, 0x000000070d800000, 0x000000070da00000|  0%| F|  |TAMS 0x000000070d800000| PB 0x000000070d800000| Untracked 
|  76|0x000000070da00000, 0x000000070da00000, 0x000000070dc00000|  0%| F|  |TAMS 0x000000070da00000| PB 0x000000070da00000| Untracked 
|  77|0x000000070dc00000, 0x000000070dc00000, 0x000000070de00000|  0%| F|  |TAMS 0x000000070dc00000| PB 0x000000070dc00000| Untracked 
|  78|0x000000070de00000, 0x000000070de00000, 0x000000070e000000|  0%| F|  |TAMS 0x000000070de00000| PB 0x000000070de00000| Untracked 
|  79|0x000000070e000000, 0x000000070e000000, 0x000000070e200000|  0%| F|  |TAMS 0x000000070e000000| PB 0x000000070e000000| Untracked 
|  80|0x000000070e200000, 0x000000070e200000, 0x000000070e400000|  0%| F|  |TAMS 0x000000070e200000| PB 0x000000070e200000| Untracked 
|  81|0x000000070e400000, 0x000000070e400000, 0x000000070e600000|  0%| F|  |TAMS 0x000000070e400000| PB 0x000000070e400000| Untracked 
|  82|0x000000070e600000, 0x000000070e600000, 0x000000070e800000|  0%| F|  |TAMS 0x000000070e600000| PB 0x000000070e600000| Untracked 
|  83|0x000000070e800000, 0x000000070e800000, 0x000000070ea00000|  0%| F|  |TAMS 0x000000070e800000| PB 0x000000070e800000| Untracked 
|  84|0x000000070ea00000, 0x000000070ea00000, 0x000000070ec00000|  0%| F|  |TAMS 0x000000070ea00000| PB 0x000000070ea00000| Untracked 
|  85|0x000000070ec00000, 0x000000070ec00000, 0x000000070ee00000|  0%| F|  |TAMS 0x000000070ec00000| PB 0x000000070ec00000| Untracked 
|  86|0x000000070ee00000, 0x000000070ee00000, 0x000000070f000000|  0%| F|  |TAMS 0x000000070ee00000| PB 0x000000070ee00000| Untracked 
|  87|0x000000070f000000, 0x000000070f000000, 0x000000070f200000|  0%| F|  |TAMS 0x000000070f000000| PB 0x000000070f000000| Untracked 
|  88|0x000000070f200000, 0x000000070f200000, 0x000000070f400000|  0%| F|  |TAMS 0x000000070f200000| PB 0x000000070f200000| Untracked 
|  89|0x000000070f400000, 0x000000070f400000, 0x000000070f600000|  0%| F|  |TAMS 0x000000070f400000| PB 0x000000070f400000| Untracked 
|  90|0x000000070f600000, 0x000000070f600000, 0x000000070f800000|  0%| F|  |TAMS 0x000000070f600000| PB 0x000000070f600000| Untracked 
|  91|0x000000070f800000, 0x000000070f800000, 0x000000070fa00000|  0%| F|  |TAMS 0x000000070f800000| PB 0x000000070f800000| Untracked 
|  92|0x000000070fa00000, 0x000000070fa00000, 0x000000070fc00000|  0%| F|  |TAMS 0x000000070fa00000| PB 0x000000070fa00000| Untracked 
|  93|0x000000070fc00000, 0x000000070fc00000, 0x000000070fe00000|  0%| F|  |TAMS 0x000000070fc00000| PB 0x000000070fc00000| Untracked 
|  94|0x000000070fe00000, 0x000000070fe00000, 0x0000000710000000|  0%| F|  |TAMS 0x000000070fe00000| PB 0x000000070fe00000| Untracked 
|  95|0x0000000710000000, 0x0000000710000000, 0x0000000710200000|  0%| F|  |TAMS 0x0000000710000000| PB 0x0000000710000000| Untracked 
|  96|0x0000000710200000, 0x0000000710200000, 0x0000000710400000|  0%| F|  |TAMS 0x0000000710200000| PB 0x0000000710200000| Untracked 
|  97|0x0000000710400000, 0x0000000710400000, 0x0000000710600000|  0%| F|  |TAMS 0x0000000710400000| PB 0x0000000710400000| Untracked 
|  98|0x0000000710600000, 0x0000000710600000, 0x0000000710800000|  0%| F|  |TAMS 0x0000000710600000| PB 0x0000000710600000| Untracked 
|  99|0x0000000710800000, 0x0000000710800000, 0x0000000710a00000|  0%| F|  |TAMS 0x0000000710800000| PB 0x0000000710800000| Untracked 
| 100|0x0000000710a00000, 0x0000000710a00000, 0x0000000710c00000|  0%| F|  |TAMS 0x0000000710a00000| PB 0x0000000710a00000| Untracked 
| 101|0x0000000710c00000, 0x0000000710c00000, 0x0000000710e00000|  0%| F|  |TAMS 0x0000000710c00000| PB 0x0000000710c00000| Untracked 
| 102|0x0000000710e00000, 0x0000000710e00000, 0x0000000711000000|  0%| F|  |TAMS 0x0000000710e00000| PB 0x0000000710e00000| Untracked 
| 103|0x0000000711000000, 0x0000000711000000, 0x0000000711200000|  0%| F|  |TAMS 0x0000000711000000| PB 0x0000000711000000| Untracked 
| 104|0x0000000711200000, 0x0000000711200000, 0x0000000711400000|  0%| F|  |TAMS 0x0000000711200000| PB 0x0000000711200000| Untracked 
| 105|0x0000000711400000, 0x0000000711400000, 0x0000000711600000|  0%| F|  |TAMS 0x0000000711400000| PB 0x0000000711400000| Untracked 
| 106|0x0000000711600000, 0x0000000711600000, 0x0000000711800000|  0%| F|  |TAMS 0x0000000711600000| PB 0x0000000711600000| Untracked 
| 107|0x0000000711800000, 0x0000000711800000, 0x0000000711a00000|  0%| F|  |TAMS 0x0000000711800000| PB 0x0000000711800000| Untracked 
| 108|0x0000000711a00000, 0x0000000711a00000, 0x0000000711c00000|  0%| F|  |TAMS 0x0000000711a00000| PB 0x0000000711a00000| Untracked 
| 109|0x0000000711c00000, 0x0000000711c00000, 0x0000000711e00000|  0%| F|  |TAMS 0x0000000711c00000| PB 0x0000000711c00000| Untracked 
| 110|0x0000000711e00000, 0x0000000711e00000, 0x0000000712000000|  0%| F|  |TAMS 0x0000000711e00000| PB 0x0000000711e00000| Untracked 
| 111|0x0000000712000000, 0x0000000712000000, 0x0000000712200000|  0%| F|  |TAMS 0x0000000712000000| PB 0x0000000712000000| Untracked 
| 112|0x0000000712200000, 0x0000000712200000, 0x0000000712400000|  0%| F|  |TAMS 0x0000000712200000| PB 0x0000000712200000| Untracked 
| 113|0x0000000712400000, 0x0000000712400000, 0x0000000712600000|  0%| F|  |TAMS 0x0000000712400000| PB 0x0000000712400000| Untracked 
| 114|0x0000000712600000, 0x0000000712600000, 0x0000000712800000|  0%| F|  |TAMS 0x0000000712600000| PB 0x0000000712600000| Untracked 
| 115|0x0000000712800000, 0x0000000712800000, 0x0000000712a00000|  0%| F|  |TAMS 0x0000000712800000| PB 0x0000000712800000| Untracked 
| 116|0x0000000712a00000, 0x0000000712a00000, 0x0000000712c00000|  0%| F|  |TAMS 0x0000000712a00000| PB 0x0000000712a00000| Untracked 
| 117|0x0000000712c00000, 0x0000000712c00000, 0x0000000712e00000|  0%| F|  |TAMS 0x0000000712c00000| PB 0x0000000712c00000| Untracked 
| 118|0x0000000712e00000, 0x0000000712e00000, 0x0000000713000000|  0%| F|  |TAMS 0x0000000712e00000| PB 0x0000000712e00000| Untracked 
| 119|0x0000000713000000, 0x00000007130e1cb0, 0x0000000713200000| 44%| E|  |TAMS 0x0000000713000000| PB 0x0000000713000000| Complete 
| 120|0x0000000713200000, 0x0000000713400000, 0x0000000713400000|100%| E|CS|TAMS 0x0000000713200000| PB 0x0000000713200000| Complete 
| 121|0x0000000713400000, 0x0000000713600000, 0x0000000713600000|100%| E|CS|TAMS 0x0000000713400000| PB 0x0000000713400000| Complete 
| 122|0x0000000713600000, 0x0000000713800000, 0x0000000713800000|100%| E|CS|TAMS 0x0000000713600000| PB 0x0000000713600000| Complete 
| 123|0x0000000713800000, 0x0000000713a00000, 0x0000000713a00000|100%| E|CS|TAMS 0x0000000713800000| PB 0x0000000713800000| Complete 
| 124|0x0000000713a00000, 0x0000000713c00000, 0x0000000713c00000|100%| E|CS|TAMS 0x0000000713a00000| PB 0x0000000713a00000| Complete 
| 125|0x0000000713c00000, 0x0000000713e00000, 0x0000000713e00000|100%| E|CS|TAMS 0x0000000713c00000| PB 0x0000000713c00000| Complete 

Card table byte_map: [0x0000023978110000,0x00000239788f0000] _byte_map_base: 0x00000239748ef000

Marking Bits: (CMBitMap*) 0x000002396d29d590
 Bits: [0x00000239788f0000, 0x000002397c7e8000)

Polling page: 0x000002396d300000

Metaspace:

Usage:
  Non-class:      3.88 MB used.
      Class:    449.98 KB used.
       Both:      4.32 MB used.

Virtual space:
  Non-class space:       64.00 MB reserved,       3.94 MB (  6%) committed,  1 nodes.
      Class space:        1.00 GB reserved,     512.00 KB ( <1%) committed,  1 nodes.
             Both:        1.06 GB reserved,       4.44 MB ( <1%) committed. 

Chunk freelists:
   Non-Class:  11.75 MB
       Class:  15.51 MB
        Both:  27.26 MB

MaxMetaspaceSize: unlimited
CompressedClassSpaceSize: 1.00 GB
Initial GC threshold: 21.00 MB
Current GC threshold: 21.00 MB
CDS: on
 - commit_granule_bytes: 65536.
 - commit_granule_words: 8192.
 - virtual_space_node_default_size: 8388608.
 - enlarge_chunks_in_place: 1.
 - use_allocation_guard: 0.


Internal statistics:

num_allocs_failed_limit: 0.
num_arena_births: 142.
num_arena_deaths: 0.
num_vsnodes_births: 2.
num_vsnodes_deaths: 0.
num_space_committed: 71.
num_space_uncommitted: 0.
num_chunks_returned_to_freelist: 0.
num_chunks_taken_from_freelist: 181.
num_chunk_merges: 0.
num_chunk_splits: 111.
num_chunks_enlarged: 48.
num_inconsistent_stats: 0.

CodeHeap 'non-profiled nmethods': size=120000Kb used=305Kb max_used=305Kb free=119694Kb
 bounds [0x0000023907ad0000, 0x0000023907d40000, 0x000002390f000000]
CodeHeap 'profiled nmethods': size=120000Kb used=1575Kb max_used=1575Kb free=118424Kb
 bounds [0x0000023900000000, 0x0000023900270000, 0x0000023907530000]
CodeHeap 'non-nmethods': size=5760Kb used=1526Kb max_used=1557Kb free=4233Kb
 bounds [0x0000023907530000, 0x00000239077a0000, 0x0000023907ad0000]
 total_blobs=1487 nmethods=1002 adapters=390
 compilation: enabled
              stopped_count=0, restarted_count=0
 full_count=0

Compilation events (20 events):
Event: 0.345 Thread 0x000002397eea8c20  995       4       jdk.internal.util.xml.impl.Parser::step (891 bytes)
Event: 0.345 Thread 0x000002397eeadf90 nmethod 1000 0x0000023900181090 code [0x00000239001812c0, 0x0000023900181bb8]
Event: 0.345 Thread 0x000002397eeadf90 1003       3       jdk.jfr.internal.jfc.model.XmlElement::instantiate (67 bytes)
Event: 0.346 Thread 0x000002397eeadf90 nmethod 1003 0x0000023900182010 code [0x0000023900182260, 0x0000023900182a28]
Event: 0.346 Thread 0x000002397eeadf90  998       3       jdk.jfr.internal.jfc.model.Parser$ConfigurationHandler::startElement (103 bytes)
Event: 0.346 Thread 0x000002397eeadf90 nmethod 998 0x0000023900182c90 code [0x0000023900182f20, 0x0000023900183978]
Event: 0.346 Thread 0x000002397eeadf90  999       3       jdk.jfr.internal.jfc.model.XmlElement::<init> (68 bytes)
Event: 0.346 Thread 0x000002397eeadf90 nmethod 999 0x0000023900183d90 code [0x0000023900183fc0, 0x0000023900184920]
Event: 0.346 Thread 0x000002397eeadf90 1006       3       jdk.jfr.internal.jfc.model.Parser$ConfigurationHandler::endElement (117 bytes)
Event: 0.347 Thread 0x000002397eeadf90 nmethod 1006 0x0000023900184b90 code [0x0000023900184ee0, 0x00000239001860a0]
Event: 0.347 Thread 0x000002397eeadf90 1007       3       java.lang.String::strip (35 bytes)
Event: 0.347 Thread 0x000002397eeadf90 nmethod 1007 0x0000023900186710 code [0x00000239001868e0, 0x0000023900186bc8]
Event: 0.347 Thread 0x000002397eeadf90 1001       3       java.lang.Class::getDeclaredConstructor (31 bytes)
Event: 0.348 Thread 0x000002397eeadf90 nmethod 1001 0x0000023900186c90 code [0x0000023900186f00, 0x00000239001877a8]
Event: 0.348 Thread 0x000002397eeadf90 1002       3       jdk.jfr.internal.jfc.model.XmlElement::createChild (18 bytes)
Event: 0.348 Thread 0x000002397eeadf90 nmethod 1002 0x0000023900187b90 code [0x0000023900187d60, 0x0000023900188060]
Event: 0.348 Thread 0x000002397eeadf90 1004   !   3       jdk.jfr.internal.jfc.model.Utilities::instantiate (48 bytes)
Event: 0.349 Thread 0x000002397eead1f0 1014       4       jdk.internal.util.xml.impl.Parser::ensureCapacity (96 bytes)
Event: 0.349 Thread 0x000002397eeadf90 nmethod 1004 0x0000023900188210 code [0x00000239001884c0, 0x0000023900189018]
Event: 0.349 Thread 0x000002397eeadf90 1005       3       jdk.jfr.internal.jfc.model.XmlElement::addChild (12 bytes)

GC Heap History (0 events):
No events

Dll operation events (11 events):
Event: 0.007 Loaded shared library D:\java\jdk21\bin\java.dll
Event: 0.037 Loaded shared library D:\java\jdk21\bin\jsvml.dll
Event: 0.074 Loaded shared library D:\java\jdk21\bin\zip.dll
Event: 0.076 Loaded shared library D:\java\jdk21\bin\instrument.dll
Event: 0.080 Loaded shared library D:\java\jdk21\bin\net.dll
Event: 0.081 Loaded shared library D:\java\jdk21\bin\nio.dll
Event: 0.084 Loaded shared library D:\java\jdk21\bin\zip.dll
Event: 0.135 Loaded shared library D:\java\jdk21\bin\jimage.dll
Event: 0.208 Loaded shared library D:\java\jdk21\bin\management_agent.dll
Event: 0.210 Loaded shared library D:\java\jdk21\bin\management.dll
Event: 0.220 Loaded shared library D:\java\jdk21\bin\management_ext.dll

Deoptimization events (20 events):
Event: 0.281 Thread 0x000002396d235ee0 DEOPT PACKING pc=0x0000023907b0daf8 sp=0x000000d60e1fdc20
Event: 0.281 Thread 0x000002396d235ee0 DEOPT UNPACKING pc=0x0000023907587da2 sp=0x000000d60e1fdb88 mode 2
Event: 0.301 Thread 0x000002396d235ee0 DEOPT PACKING pc=0x000002390000c3d8 sp=0x000000d60e1fc4d0
Event: 0.301 Thread 0x000002396d235ee0 DEOPT UNPACKING pc=0x00000239075888e2 sp=0x000000d60e1fb938 mode 0
Event: 0.312 Thread 0x000002396d235ee0 DEOPT PACKING pc=0x00000239000331d5 sp=0x000000d60e1fd4e0
Event: 0.312 Thread 0x000002396d235ee0 DEOPT UNPACKING pc=0x00000239075888e2 sp=0x000000d60e1fc968 mode 0
Event: 0.312 Thread 0x000002396d235ee0 DEOPT PACKING pc=0x00000239000331d5 sp=0x000000d60e1fd4e0
Event: 0.312 Thread 0x000002396d235ee0 DEOPT UNPACKING pc=0x00000239075888e2 sp=0x000000d60e1fc968 mode 0
Event: 0.337 Thread 0x000002396d235ee0 Uncommon trap: trap_request=0xffffff45 fr.pc=0x0000023907b19a6c relative=0x000000000000004c
Event: 0.337 Thread 0x000002396d235ee0 Uncommon trap: reason=unstable_if action=reinterpret pc=0x0000023907b19a6c method=java.lang.CharacterDataLatin1.equalsIgnoreCase(BB)Z @ 2 c2
Event: 0.337 Thread 0x000002396d235ee0 DEOPT PACKING pc=0x0000023907b19a6c sp=0x000000d60e1fd330
Event: 0.337 Thread 0x000002396d235ee0 DEOPT UNPACKING pc=0x0000023907587da2 sp=0x000000d60e1fd2b0 mode 2
Event: 0.344 Thread 0x000002396d235ee0 Uncommon trap: trap_request=0xffffff45 fr.pc=0x0000023907b196e8 relative=0x00000000000000c8
Event: 0.344 Thread 0x000002396d235ee0 Uncommon trap: reason=unstable_if action=reinterpret pc=0x0000023907b196e8 method=jdk.internal.util.xml.impl.Parser.bappend(CC)V @ 1 c2
Event: 0.344 Thread 0x000002396d235ee0 DEOPT PACKING pc=0x0000023907b196e8 sp=0x000000d60e1fd470
Event: 0.344 Thread 0x000002396d235ee0 DEOPT UNPACKING pc=0x0000023907587da2 sp=0x000000d60e1fd3f8 mode 2
Event: 0.344 Thread 0x000002396d235ee0 Uncommon trap: trap_request=0xffffff45 fr.pc=0x0000023907b19314 relative=0x0000000000000074
Event: 0.344 Thread 0x000002396d235ee0 Uncommon trap: reason=unstable_if action=reinterpret pc=0x0000023907b19314 method=jdk.internal.util.xml.impl.Parser.ensureCapacity(I)V @ 40 c2
Event: 0.344 Thread 0x000002396d235ee0 DEOPT PACKING pc=0x0000023907b19314 sp=0x000000d60e1fd470
Event: 0.344 Thread 0x000002396d235ee0 DEOPT UNPACKING pc=0x0000023907587da2 sp=0x000000d60e1fd3e8 mode 2

Classes loaded (20 events):
Event: 0.337 Loading class jdk/jfr/internal/jfc/model/XmlExpression done
Event: 0.337 Loading class jdk/jfr/internal/jfc/model/XmlCondition done
Event: 0.337 Loading class jdk/jfr/internal/jfc/model/XmlText
Event: 0.337 Loading class jdk/jfr/internal/jfc/model/XmlInput
Event: 0.337 Loading class jdk/jfr/internal/jfc/model/XmlInput done
Event: 0.337 Loading class jdk/jfr/internal/jfc/model/XmlText done
Event: 0.337 Loading class jdk/jfr/internal/jfc/model/XmlSelection
Event: 0.337 Loading class jdk/jfr/internal/jfc/model/XmlSelection done
Event: 0.337 Loading class jdk/jfr/internal/jfc/model/XmlFlag
Event: 0.337 Loading class jdk/jfr/internal/jfc/model/XmlFlag done
Event: 0.337 Loading class jdk/jfr/internal/jfc/model/XmlOption
Event: 0.337 Loading class jdk/jfr/internal/jfc/model/XmlOption done
Event: 0.338 Loading class jdk/jfr/internal/jfc/model/XmlOr
Event: 0.338 Loading class jdk/jfr/internal/jfc/model/XmlOr done
Event: 0.338 Loading class jdk/jfr/internal/jfc/model/XmlAnd
Event: 0.338 Loading class jdk/jfr/internal/jfc/model/XmlAnd done
Event: 0.338 Loading class jdk/jfr/internal/jfc/model/XmlTest
Event: 0.338 Loading class jdk/jfr/internal/jfc/model/XmlTest done
Event: 0.338 Loading class jdk/jfr/internal/jfc/model/XmlNot
Event: 0.338 Loading class jdk/jfr/internal/jfc/model/XmlNot done

Classes unloaded (0 events):
No events

Classes redefined (0 events):
No events

Internal exceptions (7 events):
Event: 0.105 Thread 0x000002396d235ee0 Exception <a 'java/lang/NoSuchMethodError'{0x0000000713b72c10}: 'void java.lang.invoke.DirectMethodHandle$Holder.invokeStatic(java.lang.Object, java.lang.Object)'> (0x0000000713b72c10) 
thrown [s\open\src\hotspot\share\interpreter\linkResolver.cpp, line 773]
Event: 0.189 Thread 0x000002396d235ee0 Exception <a 'java/lang/NoSuchMethodError'{0x0000000713999598}: 'void java.lang.invoke.DirectMethodHandle$Holder.invokeStatic(java.lang.Object, java.lang.Object, java.lang.Object)'> (0x0000000713999598) 
thrown [s\open\src\hotspot\share\interpreter\linkResolver.cpp, line 773]
Event: 0.191 Thread 0x000002396d235ee0 Exception <a 'java/lang/NoSuchMethodError'{0x00000007139adec8}: 'java.lang.Object java.lang.invoke.Invokers$Holder.invokeExact_MT(java.lang.Object, java.lang.Object, java.lang.Object, java.lang.Object, java.lang.Object)'> (0x00000007139adec8) 
thrown [s\open\src\hotspot\share\interpreter\linkResolver.cpp, line 773]
Event: 0.224 Thread 0x000002396d235ee0 Exception <a 'java/lang/NoSuchMethodError'{0x00000007137451d0}: 'int java.lang.invoke.DirectMethodHandle$Holder.invokeInterface(java.lang.Object, java.lang.Object)'> (0x00000007137451d0) 
thrown [s\open\src\hotspot\share\interpreter\linkResolver.cpp, line 773]
Event: 0.224 Thread 0x000002396d235ee0 Exception <a 'java/lang/IncompatibleClassChangeError'{0x00000007137484f8}: Found class java.lang.Object, but interface was expected> (0x00000007137484f8) 
thrown [s\open\src\hotspot\share\interpreter\linkResolver.cpp, line 840]
Event: 0.271 Thread 0x000002396d235ee0 Exception <a 'java/lang/NoSuchMethodError'{0x0000000713487490}: 'int java.lang.invoke.DirectMethodHandle$Holder.invokeSpecial(java.lang.Object, java.lang.Object, java.lang.Object)'> (0x0000000713487490) 
thrown [s\open\src\hotspot\share\interpreter\linkResolver.cpp, line 773]
Event: 0.300 Thread 0x000002396d235ee0 Exception <a 'java/lang/NoSuchMethodError'{0x00000007135d35e8}: 'java.lang.Object java.lang.invoke.DirectMethodHandle$Holder.invokeStaticInit(java.lang.Object, java.lang.Object, java.lang.Object)'> (0x00000007135d35e8) 
thrown [s\open\src\hotspot\share\interpreter\linkResolver.cpp, line 773]

ZGC Phase Switch (0 events):
No events

VM Operations (2 events):
Event: 0.060 Executing VM operation: HandshakeAllThreads (Deoptimize)
Event: 0.060 Executing VM operation: HandshakeAllThreads (Deoptimize) done

Events (14 events):
Event: 0.021 Thread 0x000002396d235ee0 Thread added: 0x000002396d235ee0
Event: 0.035 Thread 0x000002397ee949f0 Thread added: 0x000002397ee949f0
Event: 0.035 Thread 0x000002397ee95700 Thread added: 0x000002397ee95700
Event: 0.035 Thread 0x000002397ee967b0 Thread added: 0x000002397ee967b0
Event: 0.035 Thread 0x000002397ee9a220 Thread added: 0x000002397ee9a220
Event: 0.035 Thread 0x000002397ee9ac70 Thread added: 0x000002397ee9ac70
Event: 0.035 Thread 0x000002397ee9b6c0 Thread added: 0x000002397ee9b6c0
Event: 0.035 Thread 0x000002397eea8c20 Thread added: 0x000002397eea8c20
Event: 0.035 Thread 0x000002397eeadf90 Thread added: 0x000002397eeadf90
Event: 0.056 Thread 0x000002397ee69740 Thread added: 0x000002397ee69740
Event: 0.147 Thread 0x000002397eeacb20 Thread added: 0x000002397eeacb20
Event: 0.180 Thread 0x000002397f7a51c0 Thread added: 0x000002397f7a51c0
Event: 0.192 Thread 0x000002397f7ccd90 Thread added: 0x000002397f7ccd90
Event: 0.348 Thread 0x000002397eead1f0 Thread added: 0x000002397eead1f0


Dynamic libraries:
0x00007ff7be100000 - 0x00007ff7be110000 	D:\java\jdk21\bin\java.exe
0x00007ff94a170000 - 0x00007ff94a368000 	C:\WINDOWS\SYSTEM32\ntdll.dll
0x00007ff949550000 - 0x00007ff949612000 	C:\WINDOWS\System32\KERNEL32.DLL
0x00007ff947bb0000 - 0x00007ff947eaf000 	C:\WINDOWS\System32\KERNELBASE.dll
0x00007ff947a10000 - 0x00007ff947b10000 	C:\WINDOWS\System32\ucrtbase.dll
0x00007ff943d70000 - 0x00007ff943d89000 	D:\java\jdk21\bin\jli.dll
0x00007ff941c10000 - 0x00007ff941c2b000 	D:\java\jdk21\bin\VCRUNTIME140.dll
0x00007ff948250000 - 0x00007ff9482ff000 	C:\WINDOWS\System32\ADVAPI32.dll
0x00007ff948860000 - 0x00007ff9488fe000 	C:\WINDOWS\System32\msvcrt.dll
0x00007ff948330000 - 0x00007ff9483cf000 	C:\WINDOWS\System32\sechost.dll
0x00007ff948c40000 - 0x00007ff948d63000 	C:\WINDOWS\System32\RPCRT4.dll
0x00007ff947810000 - 0x00007ff947837000 	C:\WINDOWS\System32\bcrypt.dll
0x00007ff9483d0000 - 0x00007ff94856d000 	C:\WINDOWS\System32\USER32.dll
0x00007ff9480d0000 - 0x00007ff9480f2000 	C:\WINDOWS\System32\win32u.dll
0x00007ff935490000 - 0x00007ff93572a000 	C:\WINDOWS\WinSxS\amd64_microsoft.windows.common-controls_6595b64144ccf1df_6.0.19041.4355_none_60b8b9eb71f62e16\COMCTL32.dll
0x00007ff948830000 - 0x00007ff94885b000 	C:\WINDOWS\System32\GDI32.dll
0x00007ff9478f0000 - 0x00007ff947a0a000 	C:\WINDOWS\System32\gdi32full.dll
0x00007ff947b10000 - 0x00007ff947bad000 	C:\WINDOWS\System32\msvcp_win.dll
0x00007ff940450000 - 0x00007ff94045a000 	C:\WINDOWS\SYSTEM32\VERSION.dll
0x00007ff948300000 - 0x00007ff94832f000 	C:\WINDOWS\System32\IMM32.DLL
0x00007ff943d60000 - 0x00007ff943d6c000 	D:\java\jdk21\bin\vcruntime140_1.dll
0x00007ff913c60000 - 0x00007ff913cee000 	D:\java\jdk21\bin\msvcp140.dll
0x00007ff8eaca0000 - 0x00007ff8eb9ba000 	D:\java\jdk21\bin\server\jvm.dll
0x00007ff948b60000 - 0x00007ff948bcb000 	C:\WINDOWS\System32\WS2_32.dll
0x00007ff9475c0000 - 0x00007ff94760b000 	C:\WINDOWS\SYSTEM32\POWRPROF.dll
0x00007ff93bac0000 - 0x00007ff93bae7000 	C:\WINDOWS\SYSTEM32\WINMM.dll
0x00007ff947530000 - 0x00007ff947542000 	C:\WINDOWS\SYSTEM32\UMPDC.dll
0x00007ff946030000 - 0x00007ff946042000 	C:\WINDOWS\SYSTEM32\kernel.appcore.dll
0x00007ff943d20000 - 0x00007ff943d2a000 	D:\java\jdk21\bin\jimage.dll
0x00007ff945400000 - 0x00007ff9455e4000 	C:\WINDOWS\SYSTEM32\DBGHELP.DLL
0x00007ff926dd0000 - 0x00007ff926e04000 	C:\WINDOWS\SYSTEM32\dbgcore.DLL
0x00007ff948100000 - 0x00007ff948182000 	C:\WINDOWS\System32\bcryptPrimitives.dll
0x00007ff9413b0000 - 0x00007ff9413bf000 	D:\java\jdk21\bin\instrument.dll
0x00007ff941ba0000 - 0x00007ff941bbf000 	D:\java\jdk21\bin\java.dll
0x00007ff9499c0000 - 0x00007ff94a12d000 	C:\WINDOWS\System32\SHELL32.dll
0x00007ff945870000 - 0x00007ff946014000 	C:\WINDOWS\SYSTEM32\windows.storage.dll
0x00007ff9491f0000 - 0x00007ff949545000 	C:\WINDOWS\System32\combase.dll
0x00007ff9471d0000 - 0x00007ff9471fb000 	C:\WINDOWS\SYSTEM32\Wldp.dll
0x00007ff949620000 - 0x00007ff9496ed000 	C:\WINDOWS\System32\OLEAUT32.dll
0x00007ff948900000 - 0x00007ff9489ad000 	C:\WINDOWS\System32\SHCORE.dll
0x00007ff948190000 - 0x00007ff9481e5000 	C:\WINDOWS\System32\shlwapi.dll
0x00007ff947740000 - 0x00007ff947765000 	C:\WINDOWS\SYSTEM32\profapi.dll
0x00007ff913ad0000 - 0x00007ff913ba7000 	D:\java\jdk21\bin\jsvml.dll
0x00007ff92a800000 - 0x00007ff92a818000 	D:\java\jdk21\bin\zip.dll
0x00007ff9413c0000 - 0x00007ff9413d0000 	D:\java\jdk21\bin\net.dll
0x00007ff9447d0000 - 0x00007ff9448da000 	C:\WINDOWS\SYSTEM32\WINHTTP.dll
0x00007ff946f30000 - 0x00007ff946f9c000 	C:\WINDOWS\system32\mswsock.dll
0x00007ff9358f0000 - 0x00007ff935906000 	D:\java\jdk21\bin\nio.dll
0x00007ff92a7f0000 - 0x00007ff92a7f9000 	D:\java\jdk21\bin\management_agent.dll
0x00007ff92a770000 - 0x00007ff92a77a000 	D:\java\jdk21\bin\management.dll
0x00007ff92a760000 - 0x00007ff92a76b000 	D:\java\jdk21\bin\management_ext.dll
0x00007ff949820000 - 0x00007ff949828000 	C:\WINDOWS\System32\PSAPI.DLL

dbghelp: loaded successfully - version: 4.0.5 - missing functions: none
symbol engine: initialized successfully - sym options: 0x614 - pdb path: .;D:\java\jdk21\bin;C:\WINDOWS\SYSTEM32;C:\WINDOWS\WinSxS\amd64_microsoft.windows.common-controls_6595b64144ccf1df_6.0.19041.4355_none_60b8b9eb71f62e16;D:\java\jdk21\bin\server

VM Arguments:
jvm_args: -Djava.util.logging.config.file=C:\Users\dell\AppData\Local\JetBrains\IntelliJIdea2024.3\tomcat\637303c7-005e-4fa5-a411-b0f41081b1ea\conf\logging.properties -Djava.util.logging.manager=org.apache.juli.ClassLoaderLogManager -javaagent:D:\CODE WEB\page-movie-management\apache-tomee-webprofile-10.0.0\lib\openejb-javaagent.jar -Dcom.sun.management.jmxremote= -Dcom.sun.management.jmxremote.port=1099 -Dcom.sun.management.jmxremote.ssl=false -Dcom.sun.management.jmxremote.password.file=C:\Users\dell\AppData\Local\JetBrains\IntelliJIdea2024.3\tomcat\637303c7-005e-4fa5-a411-b0f41081b1ea\jmxremote.password -Dcom.sun.management.jmxremote.access.file=C:\Users\dell\AppData\Local\JetBrains\IntelliJIdea2024.3\tomcat\637303c7-005e-4fa5-a411-b0f41081b1ea\jmxremote.access -Djava.rmi.server.hostname=127.0.0.1 -Dtomee.serialization.class.whitelist= -Dtomee.serialization.class.blacklist=- -Dtomee.remote.support=true -Dopenejb.system.apps=true -Djdk.tls.ephemeralDHKeySize=2048 -Djava.protocol.handler.pkgs=org.apache.catalina.webresources --add-opens=java.base/java.lang=ALL-UNNAMED --add-opens=java.base/java.io=ALL-UNNAMED --add-opens=java.base/java.util=ALL-UNNAMED --add-opens=java.base/java.util.concurrent=ALL-UNNAMED --add-opens=java.rmi/sun.rmi.transport=ALL-UNNAMED -Dcatalina.base=C:\Users\dell\AppData\Local\JetBrains\IntelliJIdea2024.3\tomcat\637303c7-005e-4fa5-a411-b0f41081b1ea -Dcatalina.home=D:\CODE WEB\page-movie-management\apache-tomee-webprofile-10.0.0 -Djava.io.tmpdir=C:\Users\dell\AppData\Local\JetBrains\IntelliJIdea2024.3\tomcat\637303c7-005e-4fa5-a411-b0f41081b1ea\temp 
java_command: org.apache.catalina.startup.Bootstrap start
java_class_path (initial): D:\CODE WEB\page-movie-management\apache-tomee-webprofile-10.0.0\bin\bootstrap.jar;D:\CODE WEB\page-movie-management\apache-tomee-webprofile-10.0.0\bin\tomcat-juli.jar
Launcher Type: SUN_STANDARD

[Global flags]
     intx CICompilerCount                          = 4                                         {product} {ergonomic}
     uint ConcGCThreads                            = 2                                         {product} {ergonomic}
     uint G1ConcRefinementThreads                  = 8                                         {product} {ergonomic}
   size_t G1HeapRegionSize                         = 2097152                                   {product} {ergonomic}
    uintx GCDrainStackTargetSize                   = 64                                        {product} {ergonomic}
   size_t InitialHeapSize                          = 264241152                                 {product} {ergonomic}
     bool ManagementServer                         = true                                      {product} {command line}
   size_t MarkStackSize                            = 4194304                                   {product} {ergonomic}
   size_t MaxHeapSize                              = 4225761280                                {product} {ergonomic}
   size_t MaxNewSize                               = 2535456768                                {product} {ergonomic}
   size_t MinHeapDeltaBytes                        = 2097152                                   {product} {ergonomic}
   size_t MinHeapSize                              = 8388608                                   {product} {ergonomic}
    uintx NonNMethodCodeHeapSize                   = 5839372                                {pd product} {ergonomic}
    uintx NonProfiledCodeHeapSize                  = 122909434                              {pd product} {ergonomic}
    uintx ProfiledCodeHeapSize                     = 122909434                              {pd product} {ergonomic}
    uintx ReservedCodeCacheSize                    = 251658240                              {pd product} {ergonomic}
     bool SegmentedCodeCache                       = true                                      {product} {ergonomic}
   size_t SoftMaxHeapSize                          = 4225761280                             {manageable} {ergonomic}
     bool UseCompressedOops                        = true                           {product lp64_product} {ergonomic}
     bool UseG1GC                                  = true                                      {product} {ergonomic}
     bool UseLargePagesIndividualAllocation        = false                                  {pd product} {ergonomic}

Logging:
Log output configuration:
 #0: stdout all=warning uptime,level,tags foldmultilines=false
 #1: stderr all=off uptime,level,tags foldmultilines=false

Environment Variables:
JAVA_HOME=D:\java\jdk21
CLASSPATH=D:\CODE WEB\page-movie-management\apache-tomee-webprofile-10.0.0\bin\bootstrap.jar;D:\CODE WEB\page-movie-management\apache-tomee-webprofile-10.0.0\bin\tomcat-juli.jar
PATH=C:\Program Files\Microsoft MPI\Bin\;C:\Program Files\Common Files\Oracle\Java\javapath;C:\WINDOWS\system32;C:\WINDOWS;C:\WINDOWS\System32\Wbem;C:\WINDOWS\System32\WindowsPowerShell\v1.0\;C:\WINDOWS\System32\OpenSSH\;C:\Program Files\Microsoft SQL Server\Client SDK\ODBC\170\Tools\Binn\;D:\Install\bin;D:\Git\cmd;D:\XAMPP\php;C:\ProgramData\ComposerSetup\bin;C:\mingw64\bin;C:\TDM-GCC-32\bin;D:\notejs\;D:\XAMPP\mysql\bin;D:\Maven\bin;D:\Maven\apache-maven-3.9.9\bin;C:\Program Files (x86)\Microsoft SQL Server\160\Tools\Binn\;C:\Program Files\Microsoft SQL Server\160\Tools\Binn\;C:\Program Files\Microsoft SQL Server\160\DTS\Binn\;C:\Program Files (x86)\Microsoft SQL Server\160\DTS\Binn\;D:\python\Scripts\;D:\python\;D:\java\jdk21\bin;D:\Microsoft VS Code\bin;C:\Users\dell\AppData\Roaming\Composer\vendor\bin;C:\mingw64\bin;C:\Users\dell\AppData\Roaming\npm;D:\nodejs;D:\PyCharm\PyCharm Community Edition 2024.2.4\bin;;D:\Wireshark;D:\python3.10;D:\python39;D:\JetBrains\IntelliJ IDEA 2024.3.4.1\bin;;D:\Maven\bin;
USERNAME=dell
OS=Windows_NT
PROCESSOR_IDENTIFIER=Intel64 Family 6 Model 140 Stepping 1, GenuineIntel
TMP=C:\Users\dell\AppData\Local\Temp
TEMP=C:\Users\dell\AppData\Local\Temp




Periodic native trim disabled

---------------  S Y S T E M  ---------------

OS:
 Windows 10 , 64 bit Build 19041 (10.0.19041.5438)
OS uptime: 0 days 17:18 hours

CPU: total 8 (initial active 8) (4 cores per cpu, 2 threads per core) family 6 model 140 stepping 1 microcode 0xba, cx8, cmov, fxsr, ht, mmx, 3dnowpref, sse, sse2, sse3, ssse3, sse4.1, sse4.2, popcnt, lzcnt, tsc, tscinvbit, avx, avx2, aes, erms, clmul, bmi1, bmi2, adx, avx512f, avx512dq, avx512cd, avx512bw, avx512vl, sha, fma, vzeroupper, avx512_vpopcntdq, avx512_vpclmulqdq, avx512_vaes, avx512_vnni, clflush, clflushopt, clwb, avx512_vbmi2, avx512_vbmi, rdtscp, rdpid, fsrm, gfni, avx512_bitalg, f16c, pku, cet_ibt, cet_ss, avx512_ifma
Processor Information for all 8 processors :
  Max Mhz: 2419, Current Mhz: 2419, Mhz Limit: 2419

Memory: 4k page, system-wide physical 16118M (5541M free)
TotalPageFile size 17202M (AvailPageFile size 0M)
current process WorkingSet (physical memory assigned to process): 58M, peak: 58M
current process commit charge ("private bytes"): 344M, peak: 344M

vm_info: Java HotSpot(TM) 64-Bit Server VM (21.0.6+8-LTS-188) for windows-amd64 JRE (21.0.6+8-LTS-188), built on 2024-12-03T10:50:54Z by "mach5one" with MS VC++ 17.6 (VS2022)

END.
