#
# There is insufficient memory for the Java Runtime Environment to continue.
# Native memory allocation (malloc) failed to allocate 1487744 bytes for Chunk::new
# Possible reasons:
#   The system is out of physical RAM or swap space
#   The process is running with CompressedOops enabled, and the Java Heap may be blocking the growth of the native heap
# Possible solutions:
#   Reduce memory load on the system
#   Increase physical memory or swap space
#   Check if swap backing store is full
#   Decrease Java heap size (-Xmx/-Xms)
#   Decrease number of Java threads
#   Decrease Java thread stack sizes (-Xss)
#   Set larger code cache with -XX:ReservedCodeCacheSize=
#   JVM is running with Zero Based Compressed Oops mode in which the Java heap is
#     placed in the first 32GB address space. The Java Heap base address is the
#     maximum limit for the native heap growth. Please use -XX:HeapBaseMinAddress
#     to set the Java Heap base and to place the Java Heap above 32GB virtual address.
# This output file may be truncated or incomplete.
#
#  Out of Memory Error (arena.cpp:168), pid=13224, tid=1564
#
# JRE version: Java(TM) SE Runtime Environment (21.0.6+8) (build 21.0.6+8-LTS-188)
# Java VM: Java HotSpot(TM) 64-Bit Server VM (21.0.6+8-LTS-188, mixed mode, sharing, tiered, compressed oops, compressed class ptrs, g1 gc, windows-amd64)
# No core dump will be written. Minidumps are not enabled by default on client versions of Windows
#

---------------  S U M M A R Y ------------

Command Line: -Djava.util.logging.config.file=C:\Users\dell\AppData\Local\JetBrains\IntelliJIdea2024.3\tomcat\637303c7-005e-4fa5-a411-b0f41081b1ea\conf\logging.properties -Djava.util.logging.manager=org.apache.juli.ClassLoaderLogManager -javaagent:D:\CODE WEB\page-movie-management\apache-tomee-webprofile-10.0.0\lib\openejb-javaagent.jar -Dcom.sun.management.jmxremote= -Dcom.sun.management.jmxremote.port=1099 -Dcom.sun.management.jmxremote.ssl=false -Dcom.sun.management.jmxremote.password.file=C:\Users\dell\AppData\Local\JetBrains\IntelliJIdea2024.3\tomcat\637303c7-005e-4fa5-a411-b0f41081b1ea\jmxremote.password -Dcom.sun.management.jmxremote.access.file=C:\Users\dell\AppData\Local\JetBrains\IntelliJIdea2024.3\tomcat\637303c7-005e-4fa5-a411-b0f41081b1ea\jmxremote.access -Djava.rmi.server.hostname=127.0.0.1 -Dtomee.serialization.class.whitelist= -Dtomee.serialization.class.blacklist=- -Dtomee.remote.support=true -Dopenejb.system.apps=true -Djdk.tls.ephemeralDHKeySize=2048 -Djava.protocol.handler.pkgs=org.apache.catalina.webresources --add-opens=java.base/java.lang=ALL-UNNAMED --add-opens=java.base/java.io=ALL-UNNAMED --add-opens=java.base/java.util=ALL-UNNAMED --add-opens=java.base/java.util.concurrent=ALL-UNNAMED --add-opens=java.rmi/sun.rmi.transport=ALL-UNNAMED -Dcatalina.base=C:\Users\dell\AppData\Local\JetBrains\IntelliJIdea2024.3\tomcat\637303c7-005e-4fa5-a411-b0f41081b1ea -Dcatalina.home=D:\CODE WEB\page-movie-management\apache-tomee-webprofile-10.0.0 -Djava.io.tmpdir=C:\Users\dell\AppData\Local\JetBrains\IntelliJIdea2024.3\tomcat\637303c7-005e-4fa5-a411-b0f41081b1ea\temp org.apache.catalina.startup.Bootstrap start

Host: 11th Gen Intel(R) Core(TM) i5-1135G7 @ 2.40GHz, 8 cores, 15G,  Windows 10 , 64 bit Build 19041 (10.0.19041.5438)
Time: Fri Apr  4 00:01:01 2025 SE Asia Standard Time elapsed time: 13.301733 seconds (0d 0h 0m 13s)

---------------  T H R E A D  ---------------

Current thread (0x000001a85736f220):  JavaThread "C2 CompilerThread1" daemon [_thread_in_native, id=1564, stack(0x0000007376f00000,0x0000007377000000) (1024K)]


Current CompileTask:
C2:  13301 6723       4       java.net.URLClassLoader$1::run (5 bytes)

Stack: [0x0000007376f00000,0x0000007377000000]
Native frames: (J=compiled Java code, j=interpreted, Vv=VM code, C=native code)
V  [jvm.dll+0x6ca6d9]
V  [jvm.dll+0x854f51]
V  [jvm.dll+0x85747e]
V  [jvm.dll+0x857b53]
V  [jvm.dll+0x27dcc6]
V  [jvm.dll+0xc4c2d]
V  [jvm.dll+0xc5163]
V  [jvm.dll+0x3b515c]
V  [jvm.dll+0x1df829]
V  [jvm.dll+0x246a72]
V  [jvm.dll+0x245eff]
V  [jvm.dll+0x1c6d2e]
V  [jvm.dll+0x2554f9]
V  [jvm.dll+0x253a8a]
V  [jvm.dll+0x3ee576]
V  [jvm.dll+0x7ff2fb]
V  [jvm.dll+0x6c8dbd]
C  [ucrtbase.dll+0x21bb2]
C  [KERNEL32.DLL+0x17374]
C  [ntdll.dll+0x4cc91]


---------------  P R O C E S S  ---------------

Threads class SMR info:
_java_thread_list=0x000001a8572d2470, length=43, elements={
0x000001a86dbaa030, 0x000001a87feca330, 0x000001a87fecb750, 0x000001a87fecfb40,
0x000001a87fed0590, 0x000001a87fed52c0, 0x000001a87fed5d10, 0x000001a87fed3320,
0x000001a87fed41e0, 0x000001a8541ace50, 0x000001a85441d510, 0x000001a8544228b0,
0x000001a8544645f0, 0x000001a854cfe090, 0x000001a854b60900, 0x000001a855b23550,
0x000001a855b22830, 0x000001a855b22ec0, 0x000001a855b24270, 0x000001a855b20df0,
0x000001a855b21b10, 0x000001a855b221a0, 0x000001a856282c90, 0x000001a856281f70,
0x000001a856284040, 0x000001a856283320, 0x000001a8562818e0, 0x000001a8562839b0,
0x000001a856280bc0, 0x000001a856282600, 0x000001a856281250, 0x000001a8567a6990,
0x000001a8567abee0, 0x000001a8567a8a60, 0x000001a8567a76b0, 0x000001a8567ab850,
0x000001a8567a90f0, 0x000001a8567a9780, 0x000001a8567a7020, 0x000001a85736f220,
0x000001a8567aa4a0, 0x000001a8567a7d40, 0x000001a8566741a0
}

Java Threads: ( => current thread )
  0x000001a86dbaa030 JavaThread "main"                              [_thread_in_native, id=3260, stack(0x0000007375b00000,0x0000007375c00000) (1024K)]
  0x000001a87feca330 JavaThread "Reference Handler"          daemon [_thread_blocked, id=19604, stack(0x0000007376300000,0x0000007376400000) (1024K)]
  0x000001a87fecb750 JavaThread "Finalizer"                  daemon [_thread_blocked, id=3588, stack(0x0000007376400000,0x0000007376500000) (1024K)]
  0x000001a87fecfb40 JavaThread "Signal Dispatcher"          daemon [_thread_blocked, id=16988, stack(0x0000007376500000,0x0000007376600000) (1024K)]
  0x000001a87fed0590 JavaThread "Attach Listener"            daemon [_thread_blocked, id=17560, stack(0x0000007376600000,0x0000007376700000) (1024K)]
  0x000001a87fed52c0 JavaThread "Service Thread"             daemon [_thread_blocked, id=1352, stack(0x0000007376700000,0x0000007376800000) (1024K)]
  0x000001a87fed5d10 JavaThread "Monitor Deflation Thread"   daemon [_thread_blocked, id=5428, stack(0x0000007376800000,0x0000007376900000) (1024K)]
  0x000001a87fed3320 JavaThread "C2 CompilerThread0"         daemon [_thread_in_native, id=8444, stack(0x0000007376900000,0x0000007376a00000) (1024K)]
  0x000001a87fed41e0 JavaThread "C1 CompilerThread0"         daemon [_thread_blocked, id=20356, stack(0x0000007376a00000,0x0000007376b00000) (1024K)]
  0x000001a8541ace50 JavaThread "Common-Cleaner"             daemon [_thread_blocked, id=11640, stack(0x0000007376b00000,0x0000007376c00000) (1024K)]
  0x000001a85441d510 JavaThread "FileHandlerLogFilesCleaner-1" daemon [_thread_blocked, id=9156, stack(0x0000007376c00000,0x0000007376d00000) (1024K)]
  0x000001a8544228b0 JavaThread "Notification Thread"        daemon [_thread_blocked, id=6152, stack(0x0000007376d00000,0x0000007376e00000) (1024K)]
  0x000001a8544645f0 JavaThread "RMI TCP Accept-0"           daemon [_thread_in_native, id=19336, stack(0x0000007377000000,0x0000007377100000) (1024K)]
  0x000001a854cfe090 JavaThread "RMI TCP Accept-1099"        daemon [_thread_in_native, id=17512, stack(0x0000007377100000,0x0000007377200000) (1024K)]
  0x000001a854b60900 JavaThread "RMI TCP Accept-0"           daemon [_thread_in_native, id=10428, stack(0x0000007377200000,0x0000007377300000) (1024K)]
  0x000001a855b23550 JavaThread "RMI TCP Connection(1)-127.0.0.1" daemon [_thread_in_native, id=7260, stack(0x0000007377a00000,0x0000007377b00000) (1024K)]
  0x000001a855b22830 JavaThread "RMI Scheduler(0)"           daemon [_thread_blocked, id=8076, stack(0x0000007377b00000,0x0000007377c00000) (1024K)]
  0x000001a855b22ec0 JavaThread "RMI TCP Connection(4)-127.0.0.1" daemon [_thread_in_native, id=6348, stack(0x0000007377c00000,0x0000007377d00000) (1024K)]
  0x000001a855b24270 JavaThread "AsyncFileHandlerWriter-1"   daemon [_thread_blocked, id=19508, stack(0x0000007377d00000,0x0000007377e00000) (1024K)]
  0x000001a855b20df0 JavaThread "mysql-cj-abandoned-connection-cleanup" daemon [_thread_blocked, id=14152, stack(0x0000007377e00000,0x0000007377f00000) (1024K)]
  0x000001a855b21b10 JavaThread "RetryTimer"                 daemon [_thread_blocked, id=15528, stack(0x0000007377f00000,0x0000007378000000) (1024K)]
  0x000001a855b221a0 JavaThread "RMI TCP Connection(3)-127.0.0.1" daemon [_thread_in_native, id=11976, stack(0x0000007378100000,0x0000007378200000) (1024K)]
  0x000001a856282c90 JavaThread "Tomcat JDBC Pool Cleaner[192881625:1743699650425]" daemon [_thread_blocked, id=720, stack(0x0000007378200000,0x0000007378300000) (1024K)]
  0x000001a856281f70 JavaThread "DelayedCachedOutputStreamCleaner" daemon [_thread_blocked, id=19644, stack(0x0000007378300000,0x0000007378400000) (1024K)]
  0x000001a856284040 JavaThread "Catalina-utility-1"                [_thread_blocked, id=20816, stack(0x0000007378400000,0x0000007378500000) (1024K)]
  0x000001a856283320 JavaThread "Catalina-utility-2"                [_thread_blocked, id=20900, stack(0x0000007378500000,0x0000007378600000) (1024K)]
  0x000001a8562818e0 JavaThread "http-nio-8080-exec-1"       daemon [_thread_blocked, id=21908, stack(0x0000007378600000,0x0000007378700000) (1024K)]
  0x000001a8562839b0 JavaThread "http-nio-8080-exec-2"       daemon [_thread_blocked, id=13436, stack(0x0000007378700000,0x0000007378800000) (1024K)]
  0x000001a856280bc0 JavaThread "http-nio-8080-exec-3"       daemon [_thread_blocked, id=8712, stack(0x0000007378800000,0x0000007378900000) (1024K)]
  0x000001a856282600 JavaThread "http-nio-8080-exec-4"       daemon [_thread_blocked, id=11924, stack(0x0000007378900000,0x0000007378a00000) (1024K)]
  0x000001a856281250 JavaThread "http-nio-8080-exec-5"       daemon [_thread_blocked, id=15968, stack(0x0000007378a00000,0x0000007378b00000) (1024K)]
  0x000001a8567a6990 JavaThread "http-nio-8080-exec-6"       daemon [_thread_blocked, id=5196, stack(0x0000007378b00000,0x0000007378c00000) (1024K)]
  0x000001a8567abee0 JavaThread "http-nio-8080-exec-7"       daemon [_thread_blocked, id=12440, stack(0x0000007378c00000,0x0000007378d00000) (1024K)]
  0x000001a8567a8a60 JavaThread "http-nio-8080-exec-8"       daemon [_thread_blocked, id=17372, stack(0x0000007378d00000,0x0000007378e00000) (1024K)]
  0x000001a8567a76b0 JavaThread "http-nio-8080-exec-9"       daemon [_thread_blocked, id=4284, stack(0x0000007378e00000,0x0000007378f00000) (1024K)]
  0x000001a8567ab850 JavaThread "http-nio-8080-exec-10"      daemon [_thread_blocked, id=19300, stack(0x0000007378f00000,0x0000007379000000) (1024K)]
  0x000001a8567a90f0 JavaThread "http-nio-8080-Poller"       daemon [_thread_in_native, id=17768, stack(0x0000007379000000,0x0000007379100000) (1024K)]
  0x000001a8567a9780 JavaThread "http-nio-8080-Acceptor"     daemon [_thread_in_native, id=8080, stack(0x0000007379100000,0x0000007379200000) (1024K)]
  0x000001a8567a7020 JavaThread "Thread-24"                  daemon [_thread_blocked, id=6088, stack(0x0000007376e00000,0x0000007376f00000) (1024K)]
=>0x000001a85736f220 JavaThread "C2 CompilerThread1"         daemon [_thread_in_native, id=1564, stack(0x0000007376f00000,0x0000007377000000) (1024K)]
  0x000001a8567aa4a0 JavaThread "mysql-cj-abandoned-connection-cleanup" daemon [_thread_blocked, id=16504, stack(0x0000007379200000,0x0000007379300000) (1024K)]
  0x000001a8567a7d40 JavaThread "Default Stateless Container - 1" daemon [_thread_blocked, id=22032, stack(0x0000007379300000,0x0000007379400000) (1024K)]
  0x000001a8566741a0 JavaThread "C2 CompilerThread2"         daemon [_thread_in_native, id=6544, stack(0x0000007379400000,0x0000007379500000) (1024K)]
Total: 43

Other Threads:
  0x000001a87feab890 VMThread "VM Thread"                           [id=21880, stack(0x0000007376200000,0x0000007376300000) (1024K)]
  0x000001a87fe9a9c0 WatcherThread "VM Periodic Task Thread"        [id=17976, stack(0x0000007376100000,0x0000007376200000) (1024K)]
  0x000001a86fe69e10 WorkerThread "GC Thread#0"                     [id=16288, stack(0x0000007375c00000,0x0000007375d00000) (1024K)]
  0x000001a854ceedf0 WorkerThread "GC Thread#1"                     [id=20388, stack(0x0000007377300000,0x0000007377400000) (1024K)]
  0x000001a854cef190 WorkerThread "GC Thread#2"                     [id=19408, stack(0x0000007377400000,0x0000007377500000) (1024K)]
  0x000001a8549e6ae0 WorkerThread "GC Thread#3"                     [id=18336, stack(0x0000007377500000,0x0000007377600000) (1024K)]
  0x000001a8549e6e80 WorkerThread "GC Thread#4"                     [id=20080, stack(0x0000007377600000,0x0000007377700000) (1024K)]
  0x000001a8549e7220 WorkerThread "GC Thread#5"                     [id=6856, stack(0x0000007377700000,0x0000007377800000) (1024K)]
  0x000001a8546a3610 WorkerThread "GC Thread#6"                     [id=9524, stack(0x0000007377800000,0x0000007377900000) (1024K)]
  0x000001a8546a41c0 WorkerThread "GC Thread#7"                     [id=19916, stack(0x0000007377900000,0x0000007377a00000) (1024K)]
  0x000001a86fe7a8d0 ConcurrentGCThread "G1 Main Marker"            [id=7212, stack(0x0000007375d00000,0x0000007375e00000) (1024K)]
  0x000001a86fe7d660 WorkerThread "G1 Conc#0"                       [id=20416, stack(0x0000007375e00000,0x0000007375f00000) (1024K)]
  0x000001a855b63ec0 WorkerThread "G1 Conc#1"                       [id=20160, stack(0x0000007378000000,0x0000007378100000) (1024K)]
  0x000001a87fd70580 ConcurrentGCThread "G1 Refine#0"               [id=19632, stack(0x0000007375f00000,0x0000007376000000) (1024K)]
  0x000001a87fd70ea0 ConcurrentGCThread "G1 Service"                [id=18948, stack(0x0000007376000000,0x0000007376100000) (1024K)]
Total: 15

Threads with active compile tasks:
C2 CompilerThread0    13318 6850       4       java.io.ObjectOutputStream$BlockDataOutputStream::writeBytes (144 bytes)
C2 CompilerThread1    13318 6723       4       java.net.URLClassLoader$1::run (5 bytes)
C2 CompilerThread2    13318 6717   !   4       java.net.URLClassLoader$1::run (81 bytes)
Total: 3

VM state: not at safepoint (normal execution)

VM Mutex/Monitor currently owned by a thread: None

Heap address: 0x0000000704200000, size: 4030 MB, Compressed Oops mode: Zero based, Oop shift amount: 3

CDS archive(s) mapped at: [0x000001a80f000000-0x000001a80fc90000-0x000001a80fc90000), size 13172736, SharedBaseAddress: 0x000001a80f000000, ArchiveRelocationMode: 1.
Compressed class space mapped at: 0x000001a810000000-0x000001a850000000, reserved size: 1073741824
Narrow klass base: 0x000001a80f000000, Narrow klass shift: 0, Narrow klass range: 0x100000000

GC Precious Log:
 CardTable entry size: 512
 Card Set container configuration: InlinePtr #cards 4 size 8 Array Of Cards #cards 16 size 48 Howl #buckets 8 coarsen threshold 3686 Howl Bitmap #cards 512 size 80 coarsen threshold 460 Card regions per heap region 1 cards per card region 4096
 CPUs: 8 total, 8 available
 Memory: 16118M
 Large Page Support: Disabled
 NUMA Support: Disabled
 Compressed Oops: Enabled (Zero based)
 Heap Region Size: 2M
 Heap Min Capacity: 8M
 Heap Initial Capacity: 252M
 Heap Max Capacity: 4030M
 Pre-touch: Disabled
 Parallel Workers: 8
 Concurrent Workers: 2
 Concurrent Refinement Workers: 8
 Periodic GC: Disabled

Heap:
 garbage-first heap   total 258048K, used 220694K [0x0000000704200000, 0x0000000800000000)
  region size 2048K, 57 young (116736K), 3 survivors (6144K)
 Metaspace       used 56997K, committed 57792K, reserved 1114112K
  class space    used 6414K, committed 6784K, reserved 1048576K

Heap Regions: E=young(eden), S=young(survivor), O=old, HS=humongous(starts), HC=humongous(continues), CS=collection set, F=free, TAMS=top-at-mark-start, PB=parsable bottom
|   0|0x0000000704200000, 0x0000000704400000, 0x0000000704400000|100%| O|  |TAMS 0x0000000704200000| PB 0x0000000704200000| Untracked 
|   1|0x0000000704400000, 0x00000007045ffff0, 0x0000000704600000| 99%| O|  |TAMS 0x0000000704400000| PB 0x0000000704400000| Untracked 
|   2|0x0000000704600000, 0x00000007047ffff0, 0x0000000704800000| 99%| O|  |TAMS 0x0000000704600000| PB 0x0000000704600000| Untracked 
|   3|0x0000000704800000, 0x0000000704a00000, 0x0000000704a00000|100%| O|  |TAMS 0x0000000704800000| PB 0x0000000704800000| Untracked 
|   4|0x0000000704a00000, 0x0000000704c00000, 0x0000000704c00000|100%| O|  |TAMS 0x0000000704a00000| PB 0x0000000704a00000| Untracked 
|   5|0x0000000704c00000, 0x0000000704e00000, 0x0000000704e00000|100%| O|  |TAMS 0x0000000704c00000| PB 0x0000000704c00000| Untracked 
|   6|0x0000000704e00000, 0x0000000705000000, 0x0000000705000000|100%| O|  |TAMS 0x0000000704e00000| PB 0x0000000704e00000| Untracked 
|   7|0x0000000705000000, 0x0000000705200000, 0x0000000705200000|100%| O|  |TAMS 0x0000000705000000| PB 0x0000000705000000| Untracked 
|   8|0x0000000705200000, 0x0000000705400000, 0x0000000705400000|100%| O|  |TAMS 0x0000000705200000| PB 0x0000000705200000| Untracked 
|   9|0x0000000705400000, 0x00000007055a4b70, 0x0000000705600000| 82%| O|  |TAMS 0x0000000705400000| PB 0x0000000705400000| Untracked 
|  10|0x0000000705600000, 0x0000000705800000, 0x0000000705800000|100%| O|  |TAMS 0x0000000705600000| PB 0x0000000705600000| Untracked 
|  11|0x0000000705800000, 0x0000000705a00000, 0x0000000705a00000|100%| O|  |TAMS 0x0000000705800000| PB 0x0000000705800000| Untracked 
|  12|0x0000000705a00000, 0x0000000705c00000, 0x0000000705c00000|100%| O|  |TAMS 0x0000000705a00000| PB 0x0000000705a00000| Untracked 
|  13|0x0000000705c00000, 0x0000000705e00000, 0x0000000705e00000|100%| O|  |TAMS 0x0000000705c00000| PB 0x0000000705c00000| Untracked 
|  14|0x0000000705e00000, 0x0000000706000000, 0x0000000706000000|100%| O|  |TAMS 0x0000000705e00000| PB 0x0000000705e00000| Untracked 
|  15|0x0000000706000000, 0x0000000706200000, 0x0000000706200000|100%| O|  |TAMS 0x0000000706000000| PB 0x0000000706000000| Untracked 
|  16|0x0000000706200000, 0x0000000706400000, 0x0000000706400000|100%| O|  |TAMS 0x0000000706200000| PB 0x0000000706200000| Untracked 
|  17|0x0000000706400000, 0x0000000706600000, 0x0000000706600000|100%| O|  |TAMS 0x0000000706400000| PB 0x0000000706400000| Untracked 
|  18|0x0000000706600000, 0x0000000706800000, 0x0000000706800000|100%| O|  |TAMS 0x0000000706600000| PB 0x0000000706600000| Untracked 
|  19|0x0000000706800000, 0x0000000706a00000, 0x0000000706a00000|100%| O|  |TAMS 0x0000000706800000| PB 0x0000000706800000| Untracked 
|  20|0x0000000706a00000, 0x0000000706c00000, 0x0000000706c00000|100%| O|  |TAMS 0x0000000706a00000| PB 0x0000000706a00000| Untracked 
|  21|0x0000000706c00000, 0x0000000706e00000, 0x0000000706e00000|100%| O|  |TAMS 0x0000000706c00000| PB 0x0000000706c00000| Untracked 
|  22|0x0000000706e00000, 0x0000000707000000, 0x0000000707000000|100%| O|  |TAMS 0x0000000706e00000| PB 0x0000000706e00000| Untracked 
|  23|0x0000000707000000, 0x0000000707200000, 0x0000000707200000|100%| O|  |TAMS 0x0000000707000000| PB 0x0000000707000000| Untracked 
|  24|0x0000000707200000, 0x0000000707400000, 0x0000000707400000|100%| O|  |TAMS 0x0000000707200000| PB 0x0000000707200000| Untracked 
|  25|0x0000000707400000, 0x0000000707600000, 0x0000000707600000|100%| O|  |TAMS 0x0000000707400000| PB 0x0000000707400000| Untracked 
|  26|0x0000000707600000, 0x0000000707800000, 0x0000000707800000|100%| O|  |TAMS 0x0000000707600000| PB 0x0000000707600000| Untracked 
|  27|0x0000000707800000, 0x0000000707a00000, 0x0000000707a00000|100%| O|  |TAMS 0x0000000707800000| PB 0x0000000707800000| Untracked 
|  28|0x0000000707a00000, 0x0000000707c00000, 0x0000000707c00000|100%| O|  |TAMS 0x0000000707a00000| PB 0x0000000707a00000| Untracked 
|  29|0x0000000707c00000, 0x0000000707e00000, 0x0000000707e00000|100%| O|  |TAMS 0x0000000707c00000| PB 0x0000000707c00000| Untracked 
|  30|0x0000000707e00000, 0x0000000708000000, 0x0000000708000000|100%| O|  |TAMS 0x0000000707e00000| PB 0x0000000707e00000| Untracked 
|  31|0x0000000708000000, 0x0000000708200000, 0x0000000708200000|100%| O|  |TAMS 0x0000000708000000| PB 0x0000000708000000| Untracked 
|  32|0x0000000708200000, 0x0000000708400000, 0x0000000708400000|100%| O|  |TAMS 0x0000000708200000| PB 0x0000000708200000| Untracked 
|  33|0x0000000708400000, 0x0000000708600000, 0x0000000708600000|100%| O|  |TAMS 0x0000000708400000| PB 0x0000000708400000| Untracked 
|  34|0x0000000708600000, 0x0000000708800000, 0x0000000708800000|100%| O|  |TAMS 0x0000000708600000| PB 0x0000000708600000| Untracked 
|  35|0x0000000708800000, 0x0000000708a00000, 0x0000000708a00000|100%| O|  |TAMS 0x0000000708800000| PB 0x0000000708800000| Untracked 
|  36|0x0000000708a00000, 0x0000000708c00000, 0x0000000708c00000|100%| O|  |TAMS 0x0000000708a00000| PB 0x0000000708a00000| Untracked 
|  37|0x0000000708c00000, 0x0000000708e00000, 0x0000000708e00000|100%| O|  |TAMS 0x0000000708c00000| PB 0x0000000708c00000| Untracked 
|  38|0x0000000708e00000, 0x0000000709000000, 0x0000000709000000|100%| O|  |TAMS 0x0000000708e00000| PB 0x0000000708e00000| Untracked 
|  39|0x0000000709000000, 0x0000000709200000, 0x0000000709200000|100%| O|  |TAMS 0x0000000709000000| PB 0x0000000709000000| Untracked 
|  40|0x0000000709200000, 0x0000000709400000, 0x0000000709400000|100%| O|  |TAMS 0x0000000709200000| PB 0x0000000709200000| Untracked 
|  41|0x0000000709400000, 0x0000000709600000, 0x0000000709600000|100%| O|  |TAMS 0x0000000709400000| PB 0x0000000709400000| Untracked 
|  42|0x0000000709600000, 0x0000000709800000, 0x0000000709800000|100%| O|  |TAMS 0x0000000709600000| PB 0x0000000709600000| Untracked 
|  43|0x0000000709800000, 0x0000000709a00000, 0x0000000709a00000|100%| O|  |TAMS 0x0000000709800000| PB 0x0000000709800000| Untracked 
|  44|0x0000000709a00000, 0x0000000709c00000, 0x0000000709c00000|100%| O|  |TAMS 0x0000000709a00000| PB 0x0000000709a00000| Untracked 
|  45|0x0000000709c00000, 0x0000000709e00000, 0x0000000709e00000|100%| O|  |TAMS 0x0000000709c00000| PB 0x0000000709c00000| Untracked 
|  46|0x0000000709e00000, 0x000000070a000000, 0x000000070a000000|100%| O|  |TAMS 0x0000000709e00000| PB 0x0000000709e00000| Untracked 
|  47|0x000000070a000000, 0x000000070a000000, 0x000000070a200000|  0%| F|  |TAMS 0x000000070a000000| PB 0x000000070a000000| Untracked 
|  48|0x000000070a200000, 0x000000070a200000, 0x000000070a400000|  0%| F|  |TAMS 0x000000070a200000| PB 0x000000070a200000| Untracked 
|  49|0x000000070a400000, 0x000000070a400000, 0x000000070a600000|  0%| F|  |TAMS 0x000000070a400000| PB 0x000000070a400000| Untracked 
|  50|0x000000070a600000, 0x000000070a800000, 0x000000070a800000|100%| O|  |TAMS 0x000000070a600000| PB 0x000000070a600000| Untracked 
|  51|0x000000070a800000, 0x000000070a800000, 0x000000070aa00000|  0%| F|  |TAMS 0x000000070a800000| PB 0x000000070a800000| Untracked 
|  52|0x000000070aa00000, 0x000000070ac00000, 0x000000070ac00000|100%| O|  |TAMS 0x000000070aa00000| PB 0x000000070aa00000| Untracked 
|  53|0x000000070ac00000, 0x000000070ae00000, 0x000000070ae00000|100%| O|  |TAMS 0x000000070ac00000| PB 0x000000070ac00000| Untracked 
|  54|0x000000070ae00000, 0x000000070b000000, 0x000000070b000000|100%| O|  |TAMS 0x000000070ae00000| PB 0x000000070ae00000| Untracked 
|  55|0x000000070b000000, 0x000000070b1e0ff0, 0x000000070b200000| 93%| O|  |TAMS 0x000000070b000000| PB 0x000000070b000000| Untracked 
|  56|0x000000070b200000, 0x000000070b200000, 0x000000070b400000|  0%| F|  |TAMS 0x000000070b200000| PB 0x000000070b200000| Untracked 
|  57|0x000000070b400000, 0x000000070b400000, 0x000000070b600000|  0%| F|  |TAMS 0x000000070b400000| PB 0x000000070b400000| Untracked 
|  58|0x000000070b600000, 0x000000070b600000, 0x000000070b800000|  0%| F|  |TAMS 0x000000070b600000| PB 0x000000070b600000| Untracked 
|  59|0x000000070b800000, 0x000000070b800000, 0x000000070ba00000|  0%| F|  |TAMS 0x000000070b800000| PB 0x000000070b800000| Untracked 
|  60|0x000000070ba00000, 0x000000070ba00000, 0x000000070bc00000|  0%| F|  |TAMS 0x000000070ba00000| PB 0x000000070ba00000| Untracked 
|  61|0x000000070bc00000, 0x000000070bc00000, 0x000000070be00000|  0%| F|  |TAMS 0x000000070bc00000| PB 0x000000070bc00000| Untracked 
|  62|0x000000070be00000, 0x000000070be00000, 0x000000070c000000|  0%| F|  |TAMS 0x000000070be00000| PB 0x000000070be00000| Untracked 
|  63|0x000000070c000000, 0x000000070c000000, 0x000000070c200000|  0%| F|  |TAMS 0x000000070c000000| PB 0x000000070c000000| Untracked 
|  64|0x000000070c200000, 0x000000070c200000, 0x000000070c400000|  0%| F|  |TAMS 0x000000070c200000| PB 0x000000070c200000| Untracked 
|  65|0x000000070c400000, 0x000000070c400000, 0x000000070c600000|  0%| F|  |TAMS 0x000000070c400000| PB 0x000000070c400000| Untracked 
|  66|0x000000070c600000, 0x000000070c800000, 0x000000070c800000|100%| S|CS|TAMS 0x000000070c600000| PB 0x000000070c600000| Complete 
|  67|0x000000070c800000, 0x000000070ca00000, 0x000000070ca00000|100%| S|CS|TAMS 0x000000070c800000| PB 0x000000070c800000| Complete 
|  68|0x000000070ca00000, 0x000000070cc00000, 0x000000070cc00000|100%| S|CS|TAMS 0x000000070ca00000| PB 0x000000070ca00000| Complete 
|  69|0x000000070cc00000, 0x000000070cc00000, 0x000000070ce00000|  0%| F|  |TAMS 0x000000070cc00000| PB 0x000000070cc00000| Untracked 
|  70|0x000000070ce00000, 0x000000070ce00000, 0x000000070d000000|  0%| F|  |TAMS 0x000000070ce00000| PB 0x000000070ce00000| Untracked 
|  71|0x000000070d000000, 0x000000070d000000, 0x000000070d200000|  0%| F|  |TAMS 0x000000070d000000| PB 0x000000070d000000| Untracked 
|  72|0x000000070d200000, 0x000000070d31e718, 0x000000070d400000| 55%| E|  |TAMS 0x000000070d200000| PB 0x000000070d200000| Complete 
|  73|0x000000070d400000, 0x000000070d600000, 0x000000070d600000|100%| E|CS|TAMS 0x000000070d400000| PB 0x000000070d400000| Complete 
|  74|0x000000070d600000, 0x000000070d800000, 0x000000070d800000|100%| E|CS|TAMS 0x000000070d600000| PB 0x000000070d600000| Complete 
|  75|0x000000070d800000, 0x000000070da00000, 0x000000070da00000|100%| E|CS|TAMS 0x000000070d800000| PB 0x000000070d800000| Complete 
|  76|0x000000070da00000, 0x000000070dc00000, 0x000000070dc00000|100%| E|CS|TAMS 0x000000070da00000| PB 0x000000070da00000| Complete 
|  77|0x000000070dc00000, 0x000000070de00000, 0x000000070de00000|100%| E|CS|TAMS 0x000000070dc00000| PB 0x000000070dc00000| Complete 
|  78|0x000000070de00000, 0x000000070e000000, 0x000000070e000000|100%| E|CS|TAMS 0x000000070de00000| PB 0x000000070de00000| Complete 
|  79|0x000000070e000000, 0x000000070e200000, 0x000000070e200000|100%| E|CS|TAMS 0x000000070e000000| PB 0x000000070e000000| Complete 
|  80|0x000000070e200000, 0x000000070e400000, 0x000000070e400000|100%| E|CS|TAMS 0x000000070e200000| PB 0x000000070e200000| Complete 
|  81|0x000000070e400000, 0x000000070e600000, 0x000000070e600000|100%| E|CS|TAMS 0x000000070e400000| PB 0x000000070e400000| Complete 
|  82|0x000000070e600000, 0x000000070e800000, 0x000000070e800000|100%| E|CS|TAMS 0x000000070e600000| PB 0x000000070e600000| Complete 
|  83|0x000000070e800000, 0x000000070ea00000, 0x000000070ea00000|100%| E|CS|TAMS 0x000000070e800000| PB 0x000000070e800000| Complete 
|  84|0x000000070ea00000, 0x000000070ec00000, 0x000000070ec00000|100%| E|CS|TAMS 0x000000070ea00000| PB 0x000000070ea00000| Complete 
|  85|0x000000070ec00000, 0x000000070ee00000, 0x000000070ee00000|100%| E|CS|TAMS 0x000000070ec00000| PB 0x000000070ec00000| Complete 
|  86|0x000000070ee00000, 0x000000070f000000, 0x000000070f000000|100%| E|CS|TAMS 0x000000070ee00000| PB 0x000000070ee00000| Complete 
|  87|0x000000070f000000, 0x000000070f200000, 0x000000070f200000|100%| E|CS|TAMS 0x000000070f000000| PB 0x000000070f000000| Complete 
|  88|0x000000070f200000, 0x000000070f400000, 0x000000070f400000|100%| E|CS|TAMS 0x000000070f200000| PB 0x000000070f200000| Complete 
|  89|0x000000070f400000, 0x000000070f600000, 0x000000070f600000|100%| E|CS|TAMS 0x000000070f400000| PB 0x000000070f400000| Complete 
|  90|0x000000070f600000, 0x000000070f800000, 0x000000070f800000|100%| E|CS|TAMS 0x000000070f600000| PB 0x000000070f600000| Complete 
|  91|0x000000070f800000, 0x000000070fa00000, 0x000000070fa00000|100%| E|CS|TAMS 0x000000070f800000| PB 0x000000070f800000| Complete 
|  92|0x000000070fa00000, 0x000000070fc00000, 0x000000070fc00000|100%| E|CS|TAMS 0x000000070fa00000| PB 0x000000070fa00000| Complete 
|  93|0x000000070fc00000, 0x000000070fe00000, 0x000000070fe00000|100%| E|CS|TAMS 0x000000070fc00000| PB 0x000000070fc00000| Complete 
|  94|0x000000070fe00000, 0x0000000710000000, 0x0000000710000000|100%| E|CS|TAMS 0x000000070fe00000| PB 0x000000070fe00000| Complete 
|  95|0x0000000710000000, 0x0000000710200000, 0x0000000710200000|100%| E|CS|TAMS 0x0000000710000000| PB 0x0000000710000000| Complete 
|  96|0x0000000710200000, 0x0000000710400000, 0x0000000710400000|100%| E|CS|TAMS 0x0000000710200000| PB 0x0000000710200000| Complete 
|  97|0x0000000710400000, 0x0000000710600000, 0x0000000710600000|100%| E|CS|TAMS 0x0000000710400000| PB 0x0000000710400000| Complete 
|  98|0x0000000710600000, 0x0000000710800000, 0x0000000710800000|100%| E|CS|TAMS 0x0000000710600000| PB 0x0000000710600000| Complete 
|  99|0x0000000710800000, 0x0000000710a00000, 0x0000000710a00000|100%| E|CS|TAMS 0x0000000710800000| PB 0x0000000710800000| Complete 
| 100|0x0000000710a00000, 0x0000000710c00000, 0x0000000710c00000|100%| E|CS|TAMS 0x0000000710a00000| PB 0x0000000710a00000| Complete 
| 101|0x0000000710c00000, 0x0000000710e00000, 0x0000000710e00000|100%| E|CS|TAMS 0x0000000710c00000| PB 0x0000000710c00000| Complete 
| 102|0x0000000710e00000, 0x0000000711000000, 0x0000000711000000|100%| E|CS|TAMS 0x0000000710e00000| PB 0x0000000710e00000| Complete 
| 103|0x0000000711000000, 0x0000000711200000, 0x0000000711200000|100%| E|CS|TAMS 0x0000000711000000| PB 0x0000000711000000| Complete 
| 104|0x0000000711200000, 0x0000000711400000, 0x0000000711400000|100%| E|CS|TAMS 0x0000000711200000| PB 0x0000000711200000| Complete 
| 105|0x0000000711400000, 0x0000000711600000, 0x0000000711600000|100%| E|CS|TAMS 0x0000000711400000| PB 0x0000000711400000| Complete 
| 106|0x0000000711600000, 0x0000000711800000, 0x0000000711800000|100%| E|CS|TAMS 0x0000000711600000| PB 0x0000000711600000| Complete 
| 107|0x0000000711800000, 0x0000000711a00000, 0x0000000711a00000|100%| E|CS|TAMS 0x0000000711800000| PB 0x0000000711800000| Complete 
| 108|0x0000000711a00000, 0x0000000711c00000, 0x0000000711c00000|100%| E|CS|TAMS 0x0000000711a00000| PB 0x0000000711a00000| Complete 
| 109|0x0000000711c00000, 0x0000000711e00000, 0x0000000711e00000|100%| E|CS|TAMS 0x0000000711c00000| PB 0x0000000711c00000| Complete 
| 110|0x0000000711e00000, 0x0000000712000000, 0x0000000712000000|100%| E|CS|TAMS 0x0000000711e00000| PB 0x0000000711e00000| Complete 
| 111|0x0000000712000000, 0x0000000712200000, 0x0000000712200000|100%| E|CS|TAMS 0x0000000712000000| PB 0x0000000712000000| Complete 
| 112|0x0000000712200000, 0x0000000712400000, 0x0000000712400000|100%| E|CS|TAMS 0x0000000712200000| PB 0x0000000712200000| Complete 
| 113|0x0000000712400000, 0x0000000712600000, 0x0000000712600000|100%| E|CS|TAMS 0x0000000712400000| PB 0x0000000712400000| Complete 
| 114|0x0000000712600000, 0x0000000712800000, 0x0000000712800000|100%| E|CS|TAMS 0x0000000712600000| PB 0x0000000712600000| Complete 
| 115|0x0000000712800000, 0x0000000712a00000, 0x0000000712a00000|100%| E|CS|TAMS 0x0000000712800000| PB 0x0000000712800000| Complete 
| 116|0x0000000712a00000, 0x0000000712c00000, 0x0000000712c00000|100%| E|CS|TAMS 0x0000000712a00000| PB 0x0000000712a00000| Complete 
| 117|0x0000000712c00000, 0x0000000712e00000, 0x0000000712e00000|100%| E|CS|TAMS 0x0000000712c00000| PB 0x0000000712c00000| Complete 
| 118|0x0000000712e00000, 0x0000000713000000, 0x0000000713000000|100%| E|CS|TAMS 0x0000000712e00000| PB 0x0000000712e00000| Complete 
| 119|0x0000000713000000, 0x0000000713200000, 0x0000000713200000|100%| E|CS|TAMS 0x0000000713000000| PB 0x0000000713000000| Complete 
| 120|0x0000000713200000, 0x0000000713400000, 0x0000000713400000|100%| E|CS|TAMS 0x0000000713200000| PB 0x0000000713200000| Complete 
| 121|0x0000000713400000, 0x0000000713600000, 0x0000000713600000|100%| E|CS|TAMS 0x0000000713400000| PB 0x0000000713400000| Complete 
| 122|0x0000000713600000, 0x0000000713800000, 0x0000000713800000|100%| E|CS|TAMS 0x0000000713600000| PB 0x0000000713600000| Complete 
| 123|0x0000000713800000, 0x0000000713a00000, 0x0000000713a00000|100%| E|CS|TAMS 0x0000000713800000| PB 0x0000000713800000| Complete 
| 124|0x0000000713a00000, 0x0000000713c00000, 0x0000000713c00000|100%| E|CS|TAMS 0x0000000713a00000| PB 0x0000000713a00000| Complete 
| 125|0x0000000713c00000, 0x0000000713e00000, 0x0000000713e00000|100%| E|CS|TAMS 0x0000000713c00000| PB 0x0000000713c00000| Complete 

Card table byte_map: [0x000001a878db0000,0x000001a879590000] _byte_map_base: 0x000001a87558f000

Marking Bits: (CMBitMap*) 0x000001a86fe6a420
 Bits: [0x000001a879590000, 0x000001a87d488000)

Polling page: 0x000001a86ddc0000

Metaspace:

Usage:
  Non-class:     49.40 MB used.
      Class:      6.26 MB used.
       Both:     55.66 MB used.

Virtual space:
  Non-class space:       64.00 MB reserved,      49.81 MB ( 78%) committed,  1 nodes.
      Class space:        1.00 GB reserved,       6.62 MB ( <1%) committed,  1 nodes.
             Both:        1.06 GB reserved,      56.44 MB (  5%) committed. 

Chunk freelists:
   Non-Class:  13.46 MB
       Class:  9.36 MB
        Both:  22.82 MB

MaxMetaspaceSize: unlimited
CompressedClassSpaceSize: 1.00 GB
Initial GC threshold: 21.00 MB
Current GC threshold: 61.56 MB
CDS: on
 - commit_granule_bytes: 65536.
 - commit_granule_words: 8192.
 - virtual_space_node_default_size: 8388608.
 - enlarge_chunks_in_place: 1.
 - use_allocation_guard: 0.


Internal statistics:

num_allocs_failed_limit: 6.
num_arena_births: 992.
num_arena_deaths: 0.
num_vsnodes_births: 2.
num_vsnodes_deaths: 0.
num_space_committed: 902.
num_space_uncommitted: 0.
num_chunks_returned_to_freelist: 6.
num_chunks_taken_from_freelist: 2783.
num_chunk_merges: 6.
num_chunk_splits: 1848.
num_chunks_enlarged: 1236.
num_inconsistent_stats: 0.

CodeHeap 'non-profiled nmethods': size=120000Kb used=5023Kb max_used=5023Kb free=114976Kb
 bounds [0x000001a807ad0000, 0x000001a807fc0000, 0x000001a80f000000]
CodeHeap 'profiled nmethods': size=120000Kb used=12375Kb max_used=12375Kb free=107624Kb
 bounds [0x000001a800000000, 0x000001a800c20000, 0x000001a807530000]
CodeHeap 'non-nmethods': size=5760Kb used=1851Kb max_used=1900Kb free=3908Kb
 bounds [0x000001a807530000, 0x000001a8077a0000, 0x000001a807ad0000]
 total_blobs=6757 nmethods=6066 adapters=593
 compilation: enabled
              stopped_count=0, restarted_count=0
 full_count=0

Compilation events (20 events):
Event: 13.271 Thread 0x000001a87fed3320 nmethod 6816% 0x000001a807fb3690 code [0x000001a807fb3840, 0x000001a807fb40a8]
Event: 13.271 Thread 0x000001a87fed3320 6834   !   4       java.lang.ref.ReferenceQueue::poll (40 bytes)
Event: 13.273 Thread 0x000001a87fed3320 nmethod 6834 0x000001a807fb4310 code [0x000001a807fb44e0, 0x000001a807fb4678]
Event: 13.273 Thread 0x000001a87fed3320 6827       4       jdk.internal.reflect.AccessorGenerator::sub (5 bytes)
Event: 13.273 Thread 0x000001a87fed3320 nmethod 6827 0x000001a807fb4810 code [0x000001a807fb4980, 0x000001a807fb49f0]
Event: 13.273 Thread 0x000001a87fed3320 6825       4       jdk.internal.reflect.ClassFileAssembler::cpi (22 bytes)
Event: 13.273 Thread 0x000001a87fed3320 nmethod 6825 0x000001a807fb4b10 code [0x000001a807fb4ca0, 0x000001a807fb4d48]
Event: 13.273 Thread 0x000001a87fed3320 6838       4       java.lang.Class$Atomic::casReflectionData (13 bytes)
Event: 13.275 Thread 0x000001a87fed3320 nmethod 6838 0x000001a807fb4e10 code [0x000001a807fb4fa0, 0x000001a807fb50f8]
Event: 13.293 Thread 0x000001a87fed41e0 6844   !   3       java.io.StringReader::read (52 bytes)
Event: 13.294 Thread 0x000001a87fed41e0 nmethod 6844 0x000001a800c12110 code [0x000001a800c12340, 0x000001a800c12c10]
Event: 13.294 Thread 0x000001a87fed41e0 6846       1       org.apache.catalina.valves.ValveBase::getNext (5 bytes)
Event: 13.294 Thread 0x000001a87fed41e0 nmethod 6846 0x000001a807fb5190 code [0x000001a807fb5320, 0x000001a807fb53f0]
Event: 13.294 Thread 0x000001a87fed41e0 6845       1       org.apache.tomcat.util.buf.ByteChunk::getBuffer (5 bytes)
Event: 13.294 Thread 0x000001a87fed41e0 nmethod 6845 0x000001a807fb5490 code [0x000001a807fb5620, 0x000001a807fb56f0]
Event: 13.295 Thread 0x000001a87fed41e0 6847       3       java.security.AccessController::getContext (23 bytes)
Event: 13.295 Thread 0x000001a87fed41e0 nmethod 6847 0x000001a800c13110 code [0x000001a800c132e0, 0x000001a800c135b8]
Event: 13.295 Thread 0x000001a87fed41e0 6848       1       org.apache.tomcat.util.buf.MessageBytes::getByteChunk (5 bytes)
Event: 13.295 Thread 0x000001a87fed41e0 nmethod 6848 0x000001a807fb5790 code [0x000001a807fb5920, 0x000001a807fb59f0]
Event: 13.295 Thread 0x000001a87fed3320 6849       4       java.io.ObjectOutputStream$BlockDataOutputStream::getUTFLength (124 bytes)

GC Heap History (20 events):
Event: 7.970 GC heap before
{Heap before GC invocations=37 (full 12):
 garbage-first heap   total 258048K, used 189078K [0x0000000704200000, 0x0000000800000000)
  region size 2048K, 75 young (153600K), 2 survivors (4096K)
 Metaspace       used 37524K, committed 38080K, reserved 1114112K
  class space    used 4005K, committed 4288K, reserved 1048576K
}
Event: 7.971 GC heap after
{Heap after GC invocations=38 (full 12):
 garbage-first heap   total 258048K, used 39366K [0x0000000704200000, 0x0000000800000000)
  region size 2048K, 1 young (2048K), 1 survivors (2048K)
 Metaspace       used 37524K, committed 38080K, reserved 1114112K
  class space    used 4005K, committed 4288K, reserved 1048576K
}
Event: 8.232 GC heap before
{Heap before GC invocations=38 (full 12):
 garbage-first heap   total 258048K, used 190918K [0x0000000704200000, 0x0000000800000000)
  region size 2048K, 75 young (153600K), 1 survivors (2048K)
 Metaspace       used 37524K, committed 38080K, reserved 1114112K
  class space    used 4005K, committed 4288K, reserved 1048576K
}
Event: 8.233 GC heap after
{Heap after GC invocations=39 (full 12):
 garbage-first heap   total 258048K, used 39583K [0x0000000704200000, 0x0000000800000000)
  region size 2048K, 1 young (2048K), 1 survivors (2048K)
 Metaspace       used 37524K, committed 38080K, reserved 1114112K
  class space    used 4005K, committed 4288K, reserved 1048576K
}
Event: 8.493 GC heap before
{Heap before GC invocations=39 (full 12):
 garbage-first heap   total 258048K, used 191135K [0x0000000704200000, 0x0000000800000000)
  region size 2048K, 75 young (153600K), 1 survivors (2048K)
 Metaspace       used 37524K, committed 38080K, reserved 1114112K
  class space    used 4005K, committed 4288K, reserved 1048576K
}
Event: 8.494 GC heap after
{Heap after GC invocations=40 (full 12):
 garbage-first heap   total 258048K, used 39671K [0x0000000704200000, 0x0000000800000000)
  region size 2048K, 1 young (2048K), 1 survivors (2048K)
 Metaspace       used 37524K, committed 38080K, reserved 1114112K
  class space    used 4005K, committed 4288K, reserved 1048576K
}
Event: 8.792 GC heap before
{Heap before GC invocations=40 (full 12):
 garbage-first heap   total 258048K, used 191223K [0x0000000704200000, 0x0000000800000000)
  region size 2048K, 75 young (153600K), 1 survivors (2048K)
 Metaspace       used 37543K, committed 38144K, reserved 1114112K
  class space    used 4005K, committed 4288K, reserved 1048576K
}
Event: 8.793 GC heap after
{Heap after GC invocations=41 (full 12):
 garbage-first heap   total 258048K, used 39839K [0x0000000704200000, 0x0000000800000000)
  region size 2048K, 1 young (2048K), 1 survivors (2048K)
 Metaspace       used 37543K, committed 38144K, reserved 1114112K
  class space    used 4005K, committed 4288K, reserved 1048576K
}
Event: 9.097 GC heap before
{Heap before GC invocations=41 (full 12):
 garbage-first heap   total 258048K, used 191391K [0x0000000704200000, 0x0000000800000000)
  region size 2048K, 75 young (153600K), 1 survivors (2048K)
 Metaspace       used 37544K, committed 38144K, reserved 1114112K
  class space    used 4005K, committed 4288K, reserved 1048576K
}
Event: 9.098 GC heap after
{Heap after GC invocations=42 (full 12):
 garbage-first heap   total 258048K, used 39576K [0x0000000704200000, 0x0000000800000000)
  region size 2048K, 1 young (2048K), 1 survivors (2048K)
 Metaspace       used 37544K, committed 38144K, reserved 1114112K
  class space    used 4005K, committed 4288K, reserved 1048576K
}
Event: 9.584 GC heap before
{Heap before GC invocations=42 (full 12):
 garbage-first heap   total 258048K, used 191128K [0x0000000704200000, 0x0000000800000000)
  region size 2048K, 75 young (153600K), 1 survivors (2048K)
 Metaspace       used 39124K, committed 39744K, reserved 1114112K
  class space    used 4249K, committed 4544K, reserved 1048576K
}
Event: 9.586 GC heap after
{Heap after GC invocations=43 (full 12):
 garbage-first heap   total 258048K, used 39928K [0x0000000704200000, 0x0000000800000000)
  region size 2048K, 1 young (2048K), 1 survivors (2048K)
 Metaspace       used 39124K, committed 39744K, reserved 1114112K
  class space    used 4249K, committed 4544K, reserved 1048576K
}
Event: 10.108 GC heap before
{Heap before GC invocations=43 (full 12):
 garbage-first heap   total 258048K, used 191480K [0x0000000704200000, 0x0000000800000000)
  region size 2048K, 75 young (153600K), 1 survivors (2048K)
 Metaspace       used 39724K, committed 40256K, reserved 1114112K
  class space    used 4331K, committed 4608K, reserved 1048576K
}
Event: 10.130 GC heap after
{Heap after GC invocations=44 (full 12):
 garbage-first heap   total 258048K, used 68766K [0x0000000704200000, 0x0000000800000000)
  region size 2048K, 10 young (20480K), 10 survivors (20480K)
 Metaspace       used 39724K, committed 40256K, reserved 1114112K
  class space    used 4331K, committed 4608K, reserved 1048576K
}
Event: 10.403 GC heap before
{Heap before GC invocations=44 (full 12):
 garbage-first heap   total 258048K, used 201886K [0x0000000704200000, 0x0000000800000000)
  region size 2048K, 75 young (153600K), 10 survivors (20480K)
 Metaspace       used 39732K, committed 40320K, reserved 1114112K
  class space    used 4331K, committed 4608K, reserved 1048576K
}
Event: 10.423 GC heap after
{Heap after GC invocations=45 (full 12):
 garbage-first heap   total 258048K, used 90581K [0x0000000704200000, 0x0000000800000000)
  region size 2048K, 10 young (20480K), 10 survivors (20480K)
 Metaspace       used 39732K, committed 40320K, reserved 1114112K
  class space    used 4331K, committed 4608K, reserved 1048576K
}
Event: 10.746 GC heap before
{Heap before GC invocations=45 (full 12):
 garbage-first heap   total 258048K, used 217557K [0x0000000704200000, 0x0000000800000000)
  region size 2048K, 72 young (147456K), 10 survivors (20480K)
 Metaspace       used 39912K, committed 40512K, reserved 1114112K
  class space    used 4358K, committed 4608K, reserved 1048576K
}
Event: 10.762 GC heap after
{Heap after GC invocations=46 (full 12):
 garbage-first heap   total 258048K, used 105977K [0x0000000704200000, 0x0000000800000000)
  region size 2048K, 7 young (14336K), 7 survivors (14336K)
 Metaspace       used 39912K, committed 40512K, reserved 1114112K
  class space    used 4358K, committed 4608K, reserved 1048576K
}
Event: 12.058 GC heap before
{Heap before GC invocations=46 (full 12):
 garbage-first heap   total 258048K, used 222713K [0x0000000704200000, 0x0000000800000000)
  region size 2048K, 64 young (131072K), 7 survivors (14336K)
 Metaspace       used 51816K, committed 52480K, reserved 1114112K
  class space    used 5788K, committed 6080K, reserved 1048576K
}
Event: 12.068 GC heap after
{Heap after GC invocations=47 (full 12):
 garbage-first heap   total 258048K, used 112150K [0x0000000704200000, 0x0000000800000000)
  region size 2048K, 3 young (6144K), 3 survivors (6144K)
 Metaspace       used 51816K, committed 52480K, reserved 1114112K
  class space    used 5788K, committed 6080K, reserved 1048576K
}

Dll operation events (14 events):
Event: 0.007 Loaded shared library D:\java\jdk21\bin\java.dll
Event: 0.040 Loaded shared library D:\java\jdk21\bin\jsvml.dll
Event: 0.093 Loaded shared library D:\java\jdk21\bin\zip.dll
Event: 0.098 Loaded shared library D:\java\jdk21\bin\instrument.dll
Event: 0.102 Loaded shared library D:\java\jdk21\bin\net.dll
Event: 0.105 Loaded shared library D:\java\jdk21\bin\nio.dll
Event: 0.108 Loaded shared library D:\java\jdk21\bin\zip.dll
Event: 0.188 Loaded shared library D:\java\jdk21\bin\jimage.dll
Event: 0.332 Loaded shared library D:\java\jdk21\bin\management_agent.dll
Event: 0.345 Loaded shared library D:\java\jdk21\bin\management.dll
Event: 0.378 Loaded shared library D:\java\jdk21\bin\management_ext.dll
Event: 0.814 Loaded shared library D:\java\jdk21\bin\extnet.dll
Event: 2.238 Loaded shared library D:\java\jdk21\bin\sunmscapi.dll
Event: 2.680 Loaded shared library D:\java\jdk21\bin\verify.dll

Deoptimization events (20 events):
Event: 13.081 Thread 0x000001a856282600 Uncommon trap: trap_request=0xffffffbe fr.pc=0x000001a807fa1abc relative=0x000000000000029c
Event: 13.081 Thread 0x000001a856282600 Uncommon trap: reason=profile_predicate action=maybe_recompile pc=0x000001a807fa1abc method=java.util.HashMap.keysToArray([Ljava/lang/Object;)[Ljava/lang/Object; @ 36 c2
Event: 13.081 Thread 0x000001a856282600 DEOPT PACKING pc=0x000001a807fa1abc sp=0x00000073789fbdf0
Event: 13.081 Thread 0x000001a856282600 DEOPT UNPACKING pc=0x000001a807587da2 sp=0x00000073789fbd90 mode 2
Event: 13.133 Thread 0x000001a856282600 Uncommon trap: trap_request=0xffffff45 fr.pc=0x000001a807cb660c relative=0x00000000000000ec
Event: 13.133 Thread 0x000001a856282600 Uncommon trap: reason=unstable_if action=reinterpret pc=0x000001a807cb660c method=java.math.BigInteger.getInt(I)I @ 39 c2
Event: 13.133 Thread 0x000001a856282600 DEOPT PACKING pc=0x000001a807cb660c sp=0x00000073789fbce0
Event: 13.133 Thread 0x000001a856282600 DEOPT UNPACKING pc=0x000001a807587da2 sp=0x00000073789fbc78 mode 2
Event: 13.173 Thread 0x000001a856282600 Uncommon trap: trap_request=0xffffffd6 fr.pc=0x000001a807c2b354 relative=0x0000000000000bf4
Event: 13.173 Thread 0x000001a856282600 Uncommon trap: reason=array_check action=maybe_recompile pc=0x000001a807c2b354 method=com.sun.org.apache.xerces.internal.utils.XMLLimitAnalyzer.addValue(ILjava/lang/String;I)V @ 123 c2
Event: 13.173 Thread 0x000001a856282600 DEOPT PACKING pc=0x000001a807c2b354 sp=0x00000073789fbe90
Event: 13.173 Thread 0x000001a856282600 DEOPT UNPACKING pc=0x000001a807587da2 sp=0x00000073789fbe60 mode 2
Event: 13.183 Thread 0x000001a856282600 Uncommon trap: trap_request=0xffffff76 fr.pc=0x000001a807fab648 relative=0x0000000000000228
Event: 13.183 Thread 0x000001a856282600 Uncommon trap: reason=predicate action=maybe_recompile pc=0x000001a807fab648 method=java.util.HashMap.keysToArray([Ljava/lang/Object;)[Ljava/lang/Object; @ 48 c2
Event: 13.183 Thread 0x000001a856282600 DEOPT PACKING pc=0x000001a807fab648 sp=0x00000073789fc5e0
Event: 13.183 Thread 0x000001a856282600 DEOPT UNPACKING pc=0x000001a807587da2 sp=0x00000073789fc578 mode 2
Event: 13.187 Thread 0x000001a856282600 Uncommon trap: trap_request=0xffffffde fr.pc=0x000001a807f495c4 relative=0x0000000000005264
Event: 13.187 Thread 0x000001a856282600 Uncommon trap: reason=class_check action=maybe_recompile pc=0x000001a807f495c4 method=org.apache.xbean.asm9.shade.commons.EmptyVisitor$3.visitAnnotation(Ljava/lang/String;Z)Lorg/apache/xbean/asm9/AnnotationVisitor; @ 6 c2
Event: 13.187 Thread 0x000001a856282600 DEOPT PACKING pc=0x000001a807f495c4 sp=0x00000073789fb8f0
Event: 13.187 Thread 0x000001a856282600 DEOPT UNPACKING pc=0x000001a807587da2 sp=0x00000073789fb820 mode 2

Classes loaded (20 events):
Event: 12.962 Loading class jdk/internal/icu/text/NormalizerBase$NFKCMode
Event: 12.962 Loading class jdk/internal/icu/text/NormalizerBase$NFKCMode done
Event: 12.962 Loading class jdk/internal/icu/text/UCharacterIterator
Event: 12.962 Loading class jdk/internal/icu/text/UCharacterIterator done
Event: 12.962 Loading class jdk/internal/icu/impl/ReplaceableUCharacterIterator
Event: 12.962 Loading class jdk/internal/icu/impl/ReplaceableUCharacterIterator done
Event: 12.962 Loading class jdk/internal/icu/text/ReplaceableString
Event: 12.962 Loading class jdk/internal/icu/text/Replaceable
Event: 12.962 Loading class jdk/internal/icu/text/Replaceable done
Event: 12.962 Loading class jdk/internal/icu/text/ReplaceableString done
Event: 13.147 Loading class com/sun/crypto/provider/AESKeyGenerator
Event: 13.147 Loading class com/sun/crypto/provider/AESKeyGenerator done
Event: 13.147 Loading class com/sun/crypto/provider/SunJCE$SecureRandomHolder
Event: 13.147 Loading class com/sun/crypto/provider/SunJCE$SecureRandomHolder done
Event: 13.147 Loading class com/sun/crypto/provider/KeyGeneratorCore$HmacKG$SHA256
Event: 13.147 Loading class com/sun/crypto/provider/KeyGeneratorCore$HmacKG
Event: 13.148 Loading class com/sun/crypto/provider/KeyGeneratorCore$HmacKG done
Event: 13.148 Loading class com/sun/crypto/provider/KeyGeneratorCore$HmacKG$SHA256 done
Event: 13.148 Loading class com/sun/crypto/provider/KeyGeneratorCore
Event: 13.148 Loading class com/sun/crypto/provider/KeyGeneratorCore done

Classes unloaded (0 events):
No events

Classes redefined (0 events):
No events

Internal exceptions (20 events):
Event: 12.869 Thread 0x000001a856282600 Implicit null exception at 0x000001a807ef638a to 0x000001a807ef6640
Event: 12.869 Thread 0x000001a856282600 Implicit null exception at 0x000001a807c6b385 to 0x000001a807c6b618
Event: 13.229 Thread 0x000001a856282600 Implicit null exception at 0x000001a80029d6b0 to 0x000001a80029e232
Event: 13.229 Thread 0x000001a856282600 Exception <a 'java/lang/NullPointerException'{0x000000070d51ba98}> (0x000000070d51ba98) 
thrown [s\open\src\hotspot\share\runtime\sharedRuntime.cpp, line 625]
Event: 13.242 Thread 0x000001a856282600 Exception <a 'java/lang/NoSuchMethodError'{0x000000070d587ba0}: static Lorg/apache/openejb/assembler/classic/EnvEntryInfo;.<clinit>()V> (0x000000070d587ba0) 
thrown [s\open\src\hotspot\share\prims\jni.cpp, line 1111]
Event: 13.242 Thread 0x000001a856282600 Exception <a 'java/lang/NoSuchMethodError'{0x000000070d588ea8}: static Lorg/apache/openejb/assembler/classic/InjectableInfo;.<clinit>()V> (0x000000070d588ea8) 
thrown [s\open\src\hotspot\share\prims\jni.cpp, line 1111]
Event: 13.244 Thread 0x000001a856282600 Exception <a 'java/lang/NoSuchMethodError'{0x000000070d596040}: static Lorg/apache/openejb/assembler/classic/ValidationInfo;.<clinit>()V> (0x000000070d596040) 
thrown [s\open\src\hotspot\share\prims\jni.cpp, line 1111]
Event: 13.245 Thread 0x000001a856282600 Exception <a 'java/lang/NoSuchMethodError'{0x000000070d5a24b8}: static Lorg/apache/openejb/assembler/classic/StatelessBeanInfo;.<clinit>()V> (0x000000070d5a24b8) 
thrown [s\open\src\hotspot\share\prims\jni.cpp, line 1111]
Event: 13.246 Thread 0x000001a856282600 Exception <a 'java/lang/NoSuchMethodError'{0x000000070d5b0768}: static Lorg/apache/openejb/assembler/classic/PersistenceContextReferenceInfo;.<clinit>()V> (0x000000070d5b0768) 
thrown [s\open\src\hotspot\share\prims\jni.cpp, line 1111]
Event: 13.247 Thread 0x000001a856282600 Exception <a 'java/lang/NoSuchMethodError'{0x000000070d5bc698}: static Lorg/apache/openejb/assembler/classic/InjectionInfo;.<clinit>()V> (0x000000070d5bc698) 
thrown [s\open\src\hotspot\share\prims\jni.cpp, line 1111]
Event: 13.248 Thread 0x000001a856282600 Exception <a 'java/lang/NoSuchMethodError'{0x000000070d5c9c40}: static Lorg/apache/openejb/assembler/classic/ResourceEnvReferenceInfo;.<clinit>()V> (0x000000070d5c9c40) 
thrown [s\open\src\hotspot\share\prims\jni.cpp, line 1111]
Event: 13.252 Thread 0x000001a856282600 Exception <a 'java/lang/NoSuchMethodError'{0x000000070d5d8098}: static Lorg/apache/openejb/assembler/classic/BeansInfo;.<clinit>()V> (0x000000070d5d8098) 
thrown [s\open\src\hotspot\share\prims\jni.cpp, line 1111]
Event: 13.258 Thread 0x000001a856282600 Exception <a 'java/lang/NoSuchMethodError'{0x000000070d5f1128}: static Lorg/apache/openejb/assembler/classic/BeansInfo$BDAInfo;.<clinit>()V> (0x000000070d5f1128) 
thrown [s\open\src\hotspot\share\prims\jni.cpp, line 1111]
Event: 13.260 Thread 0x000001a856282600 Exception <a 'java/lang/NoSuchMethodError'{0x000000070d20feb0}: static Lorg/apache/openejb/assembler/classic/EjbLocalReferenceInfo;.<clinit>()V> (0x000000070d20feb0) 
thrown [s\open\src\hotspot\share\prims\jni.cpp, line 1111]
Event: 13.260 Thread 0x000001a856282600 Exception <a 'java/lang/NoSuchMethodError'{0x000000070d2117c0}: static Lorg/apache/openejb/assembler/classic/EjbReferenceInfo;.<clinit>()V> (0x000000070d2117c0) 
thrown [s\open\src\hotspot\share\prims\jni.cpp, line 1111]
Event: 13.261 Thread 0x000001a856282600 Exception <a 'java/lang/NoSuchMethodError'{0x000000070d2219a0}: static Lorg/apache/openejb/assembler/classic/ManagedBeanInfo;.<clinit>()V> (0x000000070d2219a0) 
thrown [s\open\src\hotspot\share\prims\jni.cpp, line 1111]
Event: 13.263 Thread 0x000001a856282600 Exception <a 'java/lang/NoSuchMethodError'{0x000000070d2312a8}: static Lorg/apache/openejb/assembler/classic/PersistenceUnitInfo;.<clinit>()V> (0x000000070d2312a8) 
thrown [s\open\src\hotspot\share\prims\jni.cpp, line 1111]
Event: 13.264 Thread 0x000001a856282600 Exception <a 'java/lang/NoSuchMethodError'{0x000000070d241fb0}: static Lorg/apache/openejb/assembler/classic/WebAppInfo;.<clinit>()V> (0x000000070d241fb0) 
thrown [s\open\src\hotspot\share\prims\jni.cpp, line 1111]
Event: 13.265 Thread 0x000001a856282600 Exception <a 'java/lang/NoSuchMethodError'{0x000000070d24e5c8}: static Lorg/apache/openejb/assembler/classic/ClassListInfo;.<clinit>()V> (0x000000070d24e5c8) 
thrown [s\open\src\hotspot\share\prims\jni.cpp, line 1111]
Event: 13.266 Thread 0x000001a856282600 Exception <a 'java/lang/NoSuchMethodError'{0x000000070d25de40}: static Lorg/apache/openejb/assembler/classic/ServletInfo;.<clinit>()V> (0x000000070d25de40) 
thrown [s\open\src\hotspot\share\prims\jni.cpp, line 1111]

ZGC Phase Switch (0 events):
No events

VM Operations (20 events):
Event: 12.191 Executing VM operation: HandshakeAllThreads (Deoptimize)
Event: 12.191 Executing VM operation: HandshakeAllThreads (Deoptimize) done
Event: 12.244 Executing VM operation: HandshakeAllThreads (Deoptimize)
Event: 12.244 Executing VM operation: HandshakeAllThreads (Deoptimize) done
Event: 12.245 Executing VM operation: HandshakeAllThreads (Deoptimize)
Event: 12.245 Executing VM operation: HandshakeAllThreads (Deoptimize) done
Event: 12.380 Executing VM operation: HandshakeAllThreads (Deoptimize)
Event: 12.380 Executing VM operation: HandshakeAllThreads (Deoptimize) done
Event: 12.728 Executing VM operation: ICBufferFull
Event: 12.728 Executing VM operation: ICBufferFull done
Event: 12.756 Executing VM operation: HandshakeAllThreads (Deoptimize)
Event: 12.756 Executing VM operation: HandshakeAllThreads (Deoptimize) done
Event: 12.757 Executing VM operation: HandshakeAllThreads (Deoptimize)
Event: 12.757 Executing VM operation: HandshakeAllThreads (Deoptimize) done
Event: 12.946 Executing VM operation: HandshakeAllThreads (Deoptimize)
Event: 12.946 Executing VM operation: HandshakeAllThreads (Deoptimize) done
Event: 12.947 Executing VM operation: HandshakeAllThreads (Deoptimize)
Event: 12.947 Executing VM operation: HandshakeAllThreads (Deoptimize) done
Event: 13.230 Executing VM operation: ICBufferFull
Event: 13.230 Executing VM operation: ICBufferFull done

Events (20 events):
Event: 12.557 Thread 0x000001a8566d3720 Thread added: 0x000001a8566d3720
Event: 12.557 Thread 0x000001a8566d0fc0 Thread added: 0x000001a8566d0fc0
Event: 12.557 Thread 0x000001a8566d3090 Thread added: 0x000001a8566d3090
Event: 12.560 Thread 0x000001a8567a83d0 Thread exited: 0x000001a8567a83d0
Event: 12.560 Thread 0x000001a8567a9e10 Thread exited: 0x000001a8567a9e10
Event: 12.560 Thread 0x000001a8567aab30 Thread exited: 0x000001a8567aab30
Event: 12.560 Thread 0x000001a8567adfb0 Thread exited: 0x000001a8567adfb0
Event: 12.560 Thread 0x000001a855b23be0 Thread exited: 0x000001a855b23be0
Event: 12.561 Thread 0x000001a8567ad290 Thread exited: 0x000001a8567ad290
Event: 12.561 Thread 0x000001a855b21480 Thread exited: 0x000001a855b21480
Event: 12.561 Thread 0x000001a8566d2370 Thread exited: 0x000001a8566d2370
Event: 12.561 Thread 0x000001a8566d3720 Thread exited: 0x000001a8566d3720
Event: 12.562 Thread 0x000001a8567acc00 Thread exited: 0x000001a8567acc00
Event: 12.562 Thread 0x000001a8567ad920 Thread exited: 0x000001a8567ad920
Event: 12.562 Thread 0x000001a8567ab1c0 Thread exited: 0x000001a8567ab1c0
Event: 12.562 Thread 0x000001a8567ac570 Thread exited: 0x000001a8567ac570
Event: 12.563 Thread 0x000001a8566d7f50 Thread exited: 0x000001a8566d7f50
Event: 12.563 Thread 0x000001a8566d3090 Thread exited: 0x000001a8566d3090
Event: 12.565 Thread 0x000001a8566d0fc0 Thread exited: 0x000001a8566d0fc0
Event: 12.565 Thread 0x000001a8566d2a00 Thread exited: 0x000001a8566d2a00


Dynamic libraries:
0x00007ff67a2f0000 - 0x00007ff67a300000 	D:\java\jdk21\bin\java.exe
0x00007ffe79c90000 - 0x00007ffe79e88000 	C:\WINDOWS\SYSTEM32\ntdll.dll
0x00007ffe78d10000 - 0x00007ffe78dd2000 	C:\WINDOWS\System32\KERNEL32.DLL
0x00007ffe77330000 - 0x00007ffe7762f000 	C:\WINDOWS\System32\KERNELBASE.dll
0x00007ffe77630000 - 0x00007ffe77730000 	C:\WINDOWS\System32\ucrtbase.dll
0x00007ffe6d600000 - 0x00007ffe6d619000 	D:\java\jdk21\bin\jli.dll
0x00007ffe6b440000 - 0x00007ffe6b45b000 	D:\java\jdk21\bin\VCRUNTIME140.dll
0x00007ffe780a0000 - 0x00007ffe7814f000 	C:\WINDOWS\System32\ADVAPI32.dll
0x00007ffe78f90000 - 0x00007ffe7902e000 	C:\WINDOWS\System32\msvcrt.dll
0x00007ffe799e0000 - 0x00007ffe79a7f000 	C:\WINDOWS\System32\sechost.dll
0x00007ffe789c0000 - 0x00007ffe78ae3000 	C:\WINDOWS\System32\RPCRT4.dll
0x00007ffe77bf0000 - 0x00007ffe77c17000 	C:\WINDOWS\System32\bcrypt.dll
0x00007ffe77d20000 - 0x00007ffe77ebd000 	C:\WINDOWS\System32\USER32.dll
0x00007ffe777f0000 - 0x00007ffe77812000 	C:\WINDOWS\System32\win32u.dll
0x00007ffe79560000 - 0x00007ffe7958b000 	C:\WINDOWS\System32\GDI32.dll
0x00007ffe68e00000 - 0x00007ffe6909a000 	C:\WINDOWS\WinSxS\amd64_microsoft.windows.common-controls_6595b64144ccf1df_6.0.19041.4355_none_60b8b9eb71f62e16\COMCTL32.dll
0x00007ffe77820000 - 0x00007ffe7793a000 	C:\WINDOWS\System32\gdi32full.dll
0x00007ffe779f0000 - 0x00007ffe77a8d000 	C:\WINDOWS\System32\msvcp_win.dll
0x00007ffe700e0000 - 0x00007ffe700ea000 	C:\WINDOWS\SYSTEM32\VERSION.dll
0x00007ffe77f90000 - 0x00007ffe77fbf000 	C:\WINDOWS\System32\IMM32.DLL
0x00007ffe716c0000 - 0x00007ffe716cc000 	D:\java\jdk21\bin\vcruntime140_1.dll
0x00007ffe3a980000 - 0x00007ffe3aa0e000 	D:\java\jdk21\bin\msvcp140.dll
0x00007ffde0020000 - 0x00007ffde0d3a000 	D:\java\jdk21\bin\server\jvm.dll
0x00007ffe78af0000 - 0x00007ffe78b5b000 	C:\WINDOWS\System32\WS2_32.dll
0x00007ffe76870000 - 0x00007ffe768bb000 	C:\WINDOWS\SYSTEM32\POWRPROF.dll
0x00007ffe6b7a0000 - 0x00007ffe6b7c7000 	C:\WINDOWS\SYSTEM32\WINMM.dll
0x00007ffe76730000 - 0x00007ffe76742000 	C:\WINDOWS\SYSTEM32\UMPDC.dll
0x00007ffe75b50000 - 0x00007ffe75b62000 	C:\WINDOWS\SYSTEM32\kernel.appcore.dll
0x00007ffe70a80000 - 0x00007ffe70a8a000 	D:\java\jdk21\bin\jimage.dll
0x00007ffe75850000 - 0x00007ffe75a34000 	C:\WINDOWS\SYSTEM32\DBGHELP.DLL
0x00007ffe55f60000 - 0x00007ffe55f94000 	C:\WINDOWS\SYSTEM32\dbgcore.DLL
0x00007ffe77c20000 - 0x00007ffe77ca2000 	C:\WINDOWS\System32\bcryptPrimitives.dll
0x00007ffe6e000000 - 0x00007ffe6e00f000 	D:\java\jdk21\bin\instrument.dll
0x00007ffe59220000 - 0x00007ffe5923f000 	D:\java\jdk21\bin\java.dll
0x00007ffe78240000 - 0x00007ffe789ad000 	C:\WINDOWS\System32\SHELL32.dll
0x00007ffe74fd0000 - 0x00007ffe75774000 	C:\WINDOWS\SYSTEM32\windows.storage.dll
0x00007ffe79680000 - 0x00007ffe799d5000 	C:\WINDOWS\System32\combase.dll
0x00007ffe76d60000 - 0x00007ffe76d8b000 	C:\WINDOWS\SYSTEM32\Wldp.dll
0x00007ffe77ec0000 - 0x00007ffe77f8d000 	C:\WINDOWS\System32\OLEAUT32.dll
0x00007ffe79a80000 - 0x00007ffe79b2d000 	C:\WINDOWS\System32\SHCORE.dll
0x00007ffe79590000 - 0x00007ffe795e5000 	C:\WINDOWS\System32\shlwapi.dll
0x00007ffe77260000 - 0x00007ffe77285000 	C:\WINDOWS\SYSTEM32\profapi.dll
0x00007ffe3a8a0000 - 0x00007ffe3a977000 	D:\java\jdk21\bin\jsvml.dll
0x00007ffe58f70000 - 0x00007ffe58f88000 	D:\java\jdk21\bin\zip.dll
0x00007ffe6fe80000 - 0x00007ffe6fe90000 	D:\java\jdk21\bin\net.dll
0x00007ffe74300000 - 0x00007ffe7440a000 	C:\WINDOWS\SYSTEM32\WINHTTP.dll
0x00007ffe76ac0000 - 0x00007ffe76b2c000 	C:\WINDOWS\system32\mswsock.dll
0x00007ffe59160000 - 0x00007ffe59176000 	D:\java\jdk21\bin\nio.dll
0x00007ffe5c5e0000 - 0x00007ffe5c5e9000 	D:\java\jdk21\bin\management_agent.dll
0x00007ffe59210000 - 0x00007ffe5921a000 	D:\java\jdk21\bin\management.dll
0x00007ffe591e0000 - 0x00007ffe591eb000 	D:\java\jdk21\bin\management_ext.dll
0x00007ffe77d10000 - 0x00007ffe77d18000 	C:\WINDOWS\System32\PSAPI.DLL
0x00007ffe42490000 - 0x00007ffe424a7000 	C:\WINDOWS\system32\napinsp.dll
0x00007ffe40ad0000 - 0x00007ffe40aeb000 	C:\WINDOWS\system32\pnrpnsp.dll
0x00007ffe4a120000 - 0x00007ffe4a135000 	C:\WINDOWS\system32\wshbth.dll
0x00007ffe742e0000 - 0x00007ffe742fd000 	C:\WINDOWS\system32\NLAapi.dll
0x00007ffe76750000 - 0x00007ffe7678b000 	C:\WINDOWS\SYSTEM32\IPHLPAPI.DLL
0x00007ffe767a0000 - 0x00007ffe7686a000 	C:\WINDOWS\SYSTEM32\DNSAPI.dll
0x00007ffe78230000 - 0x00007ffe78238000 	C:\WINDOWS\System32\NSI.dll
0x00007ffe1dba0000 - 0x00007ffe1dbb2000 	C:\WINDOWS\System32\winrnr.dll
0x00007ffe70370000 - 0x00007ffe7037a000 	C:\Windows\System32\rasadhlp.dll
0x00007ffe6fde0000 - 0x00007ffe6fe60000 	C:\WINDOWS\System32\fwpuclnt.dll
0x00007ffe76cb0000 - 0x00007ffe76cc8000 	C:\WINDOWS\SYSTEM32\CRYPTSP.dll
0x00007ffe76370000 - 0x00007ffe763a8000 	C:\WINDOWS\system32\rsaenh.dll
0x00007ffe771e0000 - 0x00007ffe7720e000 	C:\WINDOWS\SYSTEM32\USERENV.dll
0x00007ffe76cd0000 - 0x00007ffe76cdc000 	C:\WINDOWS\SYSTEM32\CRYPTBASE.dll
0x00007ffe6b430000 - 0x00007ffe6b439000 	D:\java\jdk21\bin\extnet.dll
0x00007ffe591d0000 - 0x00007ffe591de000 	D:\java\jdk21\bin\sunmscapi.dll
0x00007ffe77a90000 - 0x00007ffe77bec000 	C:\WINDOWS\System32\CRYPT32.dll
0x00007ffe76dd0000 - 0x00007ffe76df7000 	C:\WINDOWS\SYSTEM32\ncrypt.dll
0x00007ffe76d90000 - 0x00007ffe76dcb000 	C:\WINDOWS\SYSTEM32\NTASN1.dll
0x00007ffe591b0000 - 0x00007ffe591c0000 	D:\java\jdk21\bin\verify.dll
0x00007ffe712f0000 - 0x00007ffe712f7000 	C:\WINDOWS\system32\wshunix.dll

dbghelp: loaded successfully - version: 4.0.5 - missing functions: none
symbol engine: initialized successfully - sym options: 0x614 - pdb path: .;D:\java\jdk21\bin;C:\WINDOWS\SYSTEM32;C:\WINDOWS\WinSxS\amd64_microsoft.windows.common-controls_6595b64144ccf1df_6.0.19041.4355_none_60b8b9eb71f62e16;D:\java\jdk21\bin\server

VM Arguments:
jvm_args: -Djava.util.logging.config.file=C:\Users\dell\AppData\Local\JetBrains\IntelliJIdea2024.3\tomcat\637303c7-005e-4fa5-a411-b0f41081b1ea\conf\logging.properties -Djava.util.logging.manager=org.apache.juli.ClassLoaderLogManager -javaagent:D:\CODE WEB\page-movie-management\apache-tomee-webprofile-10.0.0\lib\openejb-javaagent.jar -Dcom.sun.management.jmxremote= -Dcom.sun.management.jmxremote.port=1099 -Dcom.sun.management.jmxremote.ssl=false -Dcom.sun.management.jmxremote.password.file=C:\Users\dell\AppData\Local\JetBrains\IntelliJIdea2024.3\tomcat\637303c7-005e-4fa5-a411-b0f41081b1ea\jmxremote.password -Dcom.sun.management.jmxremote.access.file=C:\Users\dell\AppData\Local\JetBrains\IntelliJIdea2024.3\tomcat\637303c7-005e-4fa5-a411-b0f41081b1ea\jmxremote.access -Djava.rmi.server.hostname=127.0.0.1 -Dtomee.serialization.class.whitelist= -Dtomee.serialization.class.blacklist=- -Dtomee.remote.support=true -Dopenejb.system.apps=true -Djdk.tls.ephemeralDHKeySize=2048 -Djava.protocol.handler.pkgs=org.apache.catalina.webresources --add-opens=java.base/java.lang=ALL-UNNAMED --add-opens=java.base/java.io=ALL-UNNAMED --add-opens=java.base/java.util=ALL-UNNAMED --add-opens=java.base/java.util.concurrent=ALL-UNNAMED --add-opens=java.rmi/sun.rmi.transport=ALL-UNNAMED -Dcatalina.base=C:\Users\dell\AppData\Local\JetBrains\IntelliJIdea2024.3\tomcat\637303c7-005e-4fa5-a411-b0f41081b1ea -Dcatalina.home=D:\CODE WEB\page-movie-management\apache-tomee-webprofile-10.0.0 -Djava.io.tmpdir=C:\Users\dell\AppData\Local\JetBrains\IntelliJIdea2024.3\tomcat\637303c7-005e-4fa5-a411-b0f41081b1ea\temp 
java_command: org.apache.catalina.startup.Bootstrap start
java_class_path (initial): D:\CODE WEB\page-movie-management\apache-tomee-webprofile-10.0.0\bin\bootstrap.jar;D:\CODE WEB\page-movie-management\apache-tomee-webprofile-10.0.0\bin\tomcat-juli.jar
Launcher Type: SUN_STANDARD

[Global flags]
     intx CICompilerCount                          = 4                                         {product} {ergonomic}
     uint ConcGCThreads                            = 2                                         {product} {ergonomic}
     uint G1ConcRefinementThreads                  = 8                                         {product} {ergonomic}
   size_t G1HeapRegionSize                         = 2097152                                   {product} {ergonomic}
    uintx GCDrainStackTargetSize                   = 64                                        {product} {ergonomic}
   size_t InitialHeapSize                          = 264241152                                 {product} {ergonomic}
     bool ManagementServer                         = true                                      {product} {command line}
   size_t MarkStackSize                            = 4194304                                   {product} {ergonomic}
   size_t MaxHeapSize                              = 4225761280                                {product} {ergonomic}
   size_t MaxNewSize                               = 2535456768                                {product} {ergonomic}
   size_t MinHeapDeltaBytes                        = 2097152                                   {product} {ergonomic}
   size_t MinHeapSize                              = 8388608                                   {product} {ergonomic}
    uintx NonNMethodCodeHeapSize                   = 5839372                                {pd product} {ergonomic}
    uintx NonProfiledCodeHeapSize                  = 122909434                              {pd product} {ergonomic}
    uintx ProfiledCodeHeapSize                     = 122909434                              {pd product} {ergonomic}
    uintx ReservedCodeCacheSize                    = 251658240                              {pd product} {ergonomic}
     bool SegmentedCodeCache                       = true                                      {product} {ergonomic}
   size_t SoftMaxHeapSize                          = 4225761280                             {manageable} {ergonomic}
     bool UseCompressedOops                        = true                           {product lp64_product} {ergonomic}
     bool UseG1GC                                  = true                                      {product} {ergonomic}
     bool UseLargePagesIndividualAllocation        = false                                  {pd product} {ergonomic}

Logging:
Log output configuration:
 #0: stdout all=warning uptime,level,tags foldmultilines=false
 #1: stderr all=off uptime,level,tags foldmultilines=false

Environment Variables:
JAVA_HOME=D:\java\jdk21
CLASSPATH=D:\CODE WEB\page-movie-management\apache-tomee-webprofile-10.0.0\bin\bootstrap.jar;D:\CODE WEB\page-movie-management\apache-tomee-webprofile-10.0.0\bin\tomcat-juli.jar
PATH=C:\Program Files\Microsoft MPI\Bin\;C:\Program Files\Common Files\Oracle\Java\javapath;C:\WINDOWS\system32;C:\WINDOWS;C:\WINDOWS\System32\Wbem;C:\WINDOWS\System32\WindowsPowerShell\v1.0\;C:\WINDOWS\System32\OpenSSH\;C:\Program Files\Microsoft SQL Server\Client SDK\ODBC\170\Tools\Binn\;D:\Install\bin;D:\Git\cmd;D:\XAMPP\php;C:\ProgramData\ComposerSetup\bin;C:\mingw64\bin;C:\TDM-GCC-32\bin;D:\notejs\;D:\XAMPP\mysql\bin;D:\Maven\bin;D:\Maven\apache-maven-3.9.9\bin;C:\Program Files (x86)\Microsoft SQL Server\160\Tools\Binn\;C:\Program Files\Microsoft SQL Server\160\Tools\Binn\;C:\Program Files\Microsoft SQL Server\160\DTS\Binn\;C:\Program Files (x86)\Microsoft SQL Server\160\DTS\Binn\;D:\python\Scripts\;D:\python\;D:\java\jdk21\bin;D:\Microsoft VS Code\bin;C:\Users\dell\AppData\Roaming\Composer\vendor\bin;C:\mingw64\bin;C:\Users\dell\AppData\Roaming\npm;D:\nodejs;D:\PyCharm\PyCharm Community Edition 2024.2.4\bin;;D:\Wireshark;D:\python3.10;D:\python39;D:\JetBrains\IntelliJ IDEA 2024.3.4.1\bin;;D:\Maven\bin;
USERNAME=dell
OS=Windows_NT
PROCESSOR_IDENTIFIER=Intel64 Family 6 Model 140 Stepping 1, GenuineIntel
TMP=C:\Users\dell\AppData\Local\Temp
TEMP=C:\Users\dell\AppData\Local\Temp




Periodic native trim disabled

---------------  S Y S T E M  ---------------

OS:
 Windows 10 , 64 bit Build 19041 (10.0.19041.5438)
OS uptime: 0 days 7:55 hours

CPU: total 8 (initial active 8) (4 cores per cpu, 2 threads per core) family 6 model 140 stepping 1 microcode 0xba, cx8, cmov, fxsr, ht, mmx, 3dnowpref, sse, sse2, sse3, ssse3, sse4.1, sse4.2, popcnt, lzcnt, tsc, tscinvbit, avx, avx2, aes, erms, clmul, bmi1, bmi2, adx, avx512f, avx512dq, avx512cd, avx512bw, avx512vl, sha, fma, vzeroupper, avx512_vpopcntdq, avx512_vpclmulqdq, avx512_vaes, avx512_vnni, clflush, clflushopt, clwb, avx512_vbmi2, avx512_vbmi, rdtscp, rdpid, fsrm, gfni, avx512_bitalg, f16c, pku, cet_ibt, cet_ss, avx512_ifma
Processor Information for all 8 processors :
  Max Mhz: 2419, Current Mhz: 2419, Mhz Limit: 2419

Memory: 4k page, system-wide physical 16118M (3775M free)
TotalPageFile size 18408M (AvailPageFile size 5M)
current process WorkingSet (physical memory assigned to process): 443M, peak: 446M
current process commit charge ("private bytes"): 484M, peak: 486M

vm_info: Java HotSpot(TM) 64-Bit Server VM (21.0.6+8-LTS-188) for windows-amd64 JRE (21.0.6+8-LTS-188), built on 2024-12-03T10:50:54Z by "mach5one" with MS VC++ 17.6 (VS2022)

END.
