#
# There is insufficient memory for the Java Runtime Environment to continue.
# Native memory allocation (mmap) failed to map 35651584 bytes for G1 virtual space
# Possible reasons:
#   The system is out of physical RAM or swap space
#   The process is running with CompressedOops enabled, and the Java Heap may be blocking the growth of the native heap
# Possible solutions:
#   Reduce memory load on the system
#   Increase physical memory or swap space
#   Check if swap backing store is full
#   Decrease Java heap size (-Xmx/-Xms)
#   Decrease number of Java threads
#   Decrease Java thread stack sizes (-Xss)
#   Set larger code cache with -XX:ReservedCodeCacheSize=
#   JVM is running with Zero Based Compressed Oops mode in which the Java heap is
#     placed in the first 32GB address space. The Java Heap base address is the
#     maximum limit for the native heap growth. Please use -XX:HeapBaseMinAddress
#     to set the Java Heap base and to place the Java Heap above 32GB virtual address.
# This output file may be truncated or incomplete.
#
#  Out of Memory Error (os_windows.cpp:3603), pid=10584, tid=3532
#
# JRE version: Java(TM) SE Runtime Environment (21.0.6+8) (build 21.0.6+8-LTS-188)
# Java VM: Java HotSpot(TM) 64-Bit Server VM (21.0.6+8-LTS-188, mixed mode, sharing, tiered, compressed oops, compressed class ptrs, g1 gc, windows-amd64)
# No core dump will be written. Minidumps are not enabled by default on client versions of Windows
#

---------------  S U M M A R Y ------------

Command Line: -Djava.util.logging.config.file=C:\Users\dell\AppData\Local\JetBrains\IntelliJIdea2024.3\tomcat\9f411d38-16df-4f19-b5be-948e73c00b98\conf\logging.properties -Djava.util.logging.manager=org.apache.juli.ClassLoaderLogManager -javaagent:D:\CODE WEB\a\page-movie-management\apache-tomee-webprofile-10.0.0\lib\openejb-javaagent.jar -Dcom.sun.management.jmxremote= -Dcom.sun.management.jmxremote.port=1099 -Dcom.sun.management.jmxremote.ssl=false -Dcom.sun.management.jmxremote.password.file=C:\Users\dell\AppData\Local\JetBrains\IntelliJIdea2024.3\tomcat\9f411d38-16df-4f19-b5be-948e73c00b98\jmxremote.password -Dcom.sun.management.jmxremote.access.file=C:\Users\dell\AppData\Local\JetBrains\IntelliJIdea2024.3\tomcat\9f411d38-16df-4f19-b5be-948e73c00b98\jmxremote.access -Djava.rmi.server.hostname=127.0.0.1 -Dtomee.serialization.class.whitelist= -Dtomee.serialization.class.blacklist=- -Dtomee.remote.support=true -Dopenejb.system.apps=true -Djdk.tls.ephemeralDHKeySize=2048 -Djava.protocol.handler.pkgs=org.apache.catalina.webresources --add-opens=java.base/java.lang=ALL-UNNAMED --add-opens=java.base/java.io=ALL-UNNAMED --add-opens=java.base/java.util=ALL-UNNAMED --add-opens=java.base/java.util.concurrent=ALL-UNNAMED --add-opens=java.rmi/sun.rmi.transport=ALL-UNNAMED -Dcatalina.base=C:\Users\dell\AppData\Local\JetBrains\IntelliJIdea2024.3\tomcat\9f411d38-16df-4f19-b5be-948e73c00b98 -Dcatalina.home=D:\CODE WEB\a\page-movie-management\apache-tomee-webprofile-10.0.0 -Djava.io.tmpdir=C:\Users\dell\AppData\Local\JetBrains\IntelliJIdea2024.3\tomcat\9f411d38-16df-4f19-b5be-948e73c00b98\temp org.apache.catalina.startup.Bootstrap start

Host: 11th Gen Intel(R) Core(TM) i5-1135G7 @ 2.40GHz, 8 cores, 15G,  Windows 10 , 64 bit Build 19041 (10.0.19041.5438)
Time: Fri Apr  4 20:27:53 2025 SE Asia Standard Time elapsed time: 12.261605 seconds (0d 0h 0m 12s)

---------------  T H R E A D  ---------------

Current thread (0x000001c3e4a0bb80):  VMThread "VM Thread"          [id=3532, stack(0x0000005dd8f00000,0x0000005dd9000000) (1024K)]

Stack: [0x0000005dd8f00000,0x0000005dd9000000]
Native frames: (J=compiled Java code, j=interpreted, Vv=VM code, C=native code)
V  [jvm.dll+0x6ca6d9]
V  [jvm.dll+0x854f51]
V  [jvm.dll+0x85747e]
V  [jvm.dll+0x857b53]
V  [jvm.dll+0x27dcc6]
V  [jvm.dll+0x6c6e55]
V  [jvm.dll+0x6bb9da]
V  [jvm.dll+0x35393a]
V  [jvm.dll+0x35b596]
V  [jvm.dll+0x3adefe]
V  [jvm.dll+0x3ae1a8]
V  [jvm.dll+0x327cbc]
V  [jvm.dll+0x327d47]
V  [jvm.dll+0x36c60c]
V  [jvm.dll+0x36ae5e]
V  [jvm.dll+0x327481]
V  [jvm.dll+0x36a57a]
V  [jvm.dll+0x85d920]
V  [jvm.dll+0x85eca4]
V  [jvm.dll+0x85f1e0]
V  [jvm.dll+0x85f483]
V  [jvm.dll+0x7ff2fb]
V  [jvm.dll+0x6c8dbd]
C  [ucrtbase.dll+0x21bb2]
C  [KERNEL32.DLL+0x17374]
C  [ntdll.dll+0x4cc91]

VM_Operation (0x0000005ddb5fac70): G1CollectForAllocation, mode: safepoint, requested by thread 0x000001c3ea1d2400


---------------  P R O C E S S  ---------------

Threads class SMR info:
_java_thread_list=0x000001c3ea6b0f50, length=39, elements={
0x000001c3c38da8c0, 0x000001c3e4a28d70, 0x000001c3e4a29920, 0x000001c3e4a2c6a0,
0x000001c3e4a2d0f0, 0x000001c3e4a302f0, 0x000001c3e4a34930, 0x000001c3e4a46e10,
0x000001c3e4a678b0, 0x000001c3e4a34fc0, 0x000001c3e4a35650, 0x000001c3e4a33580,
0x000001c3e4a35ce0, 0x000001c3e4a36370, 0x000001c3e4a33c10, 0x000001c3e4a36a00,
0x000001c3e4a342a0, 0x000001c3ea1d0330, 0x000001c3ea1d44d0, 0x000001c3ea1ce260,
0x000001c3ea1d4b60, 0x000001c3ea1cdbd0, 0x000001c3ea1cef80, 0x000001c3ea1cfca0,
0x000001c3ea1d16e0, 0x000001c3ea1d3120, 0x000001c3ea1d37b0, 0x000001c3ea1d1d70,
0x000001c3ea1d2400, 0x000001c3ea1ce8f0, 0x000001c3ea1d3e40, 0x000001c3ea1d51f0,
0x000001c3ea1cf610, 0x000001c3ea1d09c0, 0x000001c3ea1d1050, 0x000001c3ebffb510,
0x000001c3ebffbba0, 0x000001c3ebffe300, 0x000001c3e4f0fb80
}

Java Threads: ( => current thread )
  0x000001c3c38da8c0 JavaThread "main"                              [_thread_in_native, id=5192, stack(0x0000005dd8800000,0x0000005dd8900000) (1024K)]
  0x000001c3e4a28d70 JavaThread "Reference Handler"          daemon [_thread_blocked, id=19532, stack(0x0000005dd9000000,0x0000005dd9100000) (1024K)]
  0x000001c3e4a29920 JavaThread "Finalizer"                  daemon [_thread_blocked, id=8324, stack(0x0000005dd9100000,0x0000005dd9200000) (1024K)]
  0x000001c3e4a2c6a0 JavaThread "Signal Dispatcher"          daemon [_thread_blocked, id=20052, stack(0x0000005dd9200000,0x0000005dd9300000) (1024K)]
  0x000001c3e4a2d0f0 JavaThread "Attach Listener"            daemon [_thread_blocked, id=17780, stack(0x0000005dd9300000,0x0000005dd9400000) (1024K)]
  0x000001c3e4a302f0 JavaThread "Service Thread"             daemon [_thread_blocked, id=12296, stack(0x0000005dd9400000,0x0000005dd9500000) (1024K)]
  0x000001c3e4a34930 JavaThread "Monitor Deflation Thread"   daemon [_thread_blocked, id=17880, stack(0x0000005dd9500000,0x0000005dd9600000) (1024K)]
  0x000001c3e4a46e10 JavaThread "C2 CompilerThread0"         daemon [_thread_in_native, id=15372, stack(0x0000005dd9600000,0x0000005dd9700000) (1024K)]
  0x000001c3e4a678b0 JavaThread "C1 CompilerThread0"         daemon [_thread_blocked, id=19100, stack(0x0000005dd9700000,0x0000005dd9800000) (1024K)]
  0x000001c3e4a34fc0 JavaThread "Common-Cleaner"             daemon [_thread_blocked, id=18860, stack(0x0000005dd9800000,0x0000005dd9900000) (1024K)]
  0x000001c3e4a35650 JavaThread "FileHandlerLogFilesCleaner-1" daemon [_thread_blocked, id=14852, stack(0x0000005dd9a00000,0x0000005dd9b00000) (1024K)]
  0x000001c3e4a33580 JavaThread "Notification Thread"        daemon [_thread_blocked, id=2104, stack(0x0000005dd9b00000,0x0000005dd9c00000) (1024K)]
  0x000001c3e4a35ce0 JavaThread "RMI TCP Accept-0"           daemon [_thread_in_native, id=13928, stack(0x0000005dd9d00000,0x0000005dd9e00000) (1024K)]
  0x000001c3e4a36370 JavaThread "RMI TCP Accept-1099"        daemon [_thread_in_native, id=8432, stack(0x0000005dd9e00000,0x0000005dd9f00000) (1024K)]
  0x000001c3e4a33c10 JavaThread "RMI TCP Accept-0"           daemon [_thread_in_native, id=10140, stack(0x0000005dd9f00000,0x0000005dda000000) (1024K)]
  0x000001c3e4a36a00 JavaThread "RMI TCP Connection(1)-127.0.0.1" daemon [_thread_in_native, id=17484, stack(0x0000005dda700000,0x0000005dda800000) (1024K)]
  0x000001c3e4a342a0 JavaThread "RMI Scheduler(0)"           daemon [_thread_blocked, id=17524, stack(0x0000005dda800000,0x0000005dda900000) (1024K)]
  0x000001c3ea1d0330 JavaThread "RMI TCP Connection(2)-127.0.0.1" daemon [_thread_in_native, id=18904, stack(0x0000005dda900000,0x0000005ddaa00000) (1024K)]
  0x000001c3ea1d44d0 JavaThread "AsyncFileHandlerWriter-1"   daemon [_thread_blocked, id=10700, stack(0x0000005ddab00000,0x0000005ddac00000) (1024K)]
  0x000001c3ea1ce260 JavaThread "mysql-cj-abandoned-connection-cleanup" daemon [_thread_blocked, id=11204, stack(0x0000005ddaa00000,0x0000005ddab00000) (1024K)]
  0x000001c3ea1d4b60 JavaThread "RetryTimer"                 daemon [_thread_blocked, id=18376, stack(0x0000005ddac00000,0x0000005ddad00000) (1024K)]
  0x000001c3ea1cdbd0 JavaThread "Tomcat JDBC Pool Cleaner[1935972447:1743773263510]" daemon [_thread_blocked, id=2276, stack(0x0000005ddad00000,0x0000005ddae00000) (1024K)]
  0x000001c3ea1cef80 JavaThread "DelayedCachedOutputStreamCleaner" daemon [_thread_blocked, id=18788, stack(0x0000005ddaf00000,0x0000005ddb000000) (1024K)]
  0x000001c3ea1cfca0 JavaThread "Catalina-utility-1"                [_thread_blocked, id=11056, stack(0x0000005ddb000000,0x0000005ddb100000) (1024K)]
  0x000001c3ea1d16e0 JavaThread "Catalina-utility-2"                [_thread_blocked, id=17716, stack(0x0000005ddb100000,0x0000005ddb200000) (1024K)]
  0x000001c3ea1d3120 JavaThread "http-nio-8080-exec-1"       daemon [_thread_blocked, id=5580, stack(0x0000005ddb200000,0x0000005ddb300000) (1024K)]
  0x000001c3ea1d37b0 JavaThread "http-nio-8080-exec-2"       daemon [_thread_blocked, id=6180, stack(0x0000005ddb300000,0x0000005ddb400000) (1024K)]
  0x000001c3ea1d1d70 JavaThread "http-nio-8080-exec-3"       daemon [_thread_blocked, id=16148, stack(0x0000005ddb400000,0x0000005ddb500000) (1024K)]
  0x000001c3ea1d2400 JavaThread "http-nio-8080-exec-4"       daemon [_thread_blocked, id=10356, stack(0x0000005ddb500000,0x0000005ddb600000) (1024K)]
  0x000001c3ea1ce8f0 JavaThread "http-nio-8080-exec-5"       daemon [_thread_blocked, id=7904, stack(0x0000005ddb600000,0x0000005ddb700000) (1024K)]
  0x000001c3ea1d3e40 JavaThread "http-nio-8080-exec-6"       daemon [_thread_blocked, id=8708, stack(0x0000005ddb700000,0x0000005ddb800000) (1024K)]
  0x000001c3ea1d51f0 JavaThread "http-nio-8080-exec-7"       daemon [_thread_blocked, id=16788, stack(0x0000005ddb800000,0x0000005ddb900000) (1024K)]
  0x000001c3ea1cf610 JavaThread "http-nio-8080-exec-8"       daemon [_thread_blocked, id=3220, stack(0x0000005ddb900000,0x0000005ddba00000) (1024K)]
  0x000001c3ea1d09c0 JavaThread "http-nio-8080-exec-9"       daemon [_thread_blocked, id=18892, stack(0x0000005ddba00000,0x0000005ddbb00000) (1024K)]
  0x000001c3ea1d1050 JavaThread "http-nio-8080-exec-10"      daemon [_thread_blocked, id=9492, stack(0x0000005ddbb00000,0x0000005ddbc00000) (1024K)]
  0x000001c3ebffb510 JavaThread "http-nio-8080-Poller"       daemon [_thread_in_native, id=7744, stack(0x0000005ddbc00000,0x0000005ddbd00000) (1024K)]
  0x000001c3ebffbba0 JavaThread "http-nio-8080-Acceptor"     daemon [_thread_in_native, id=6580, stack(0x0000005ddbd00000,0x0000005ddbe00000) (1024K)]
  0x000001c3ebffe300 JavaThread "Thread-24"                  daemon [_thread_blocked, id=13472, stack(0x0000005dd9900000,0x0000005dd9a00000) (1024K)]
  0x000001c3e4f0fb80 JavaThread "C2 CompilerThread1"         daemon [_thread_blocked, id=2528, stack(0x0000005dd9c00000,0x0000005dd9d00000) (1024K)]
Total: 39

Other Threads:
=>0x000001c3e4a0bb80 VMThread "VM Thread"                           [id=3532, stack(0x0000005dd8f00000,0x0000005dd9000000) (1024K)]
  0x000001c3e49f7f90 WatcherThread "VM Periodic Task Thread"        [id=10672, stack(0x0000005dd8e00000,0x0000005dd8f00000) (1024K)]
  0x000001c3c3a3bc10 WorkerThread "GC Thread#0"                     [id=15912, stack(0x0000005dd8900000,0x0000005dd8a00000) (1024K)]
  0x000001c3e96d0c50 WorkerThread "GC Thread#1"                     [id=11284, stack(0x0000005dda000000,0x0000005dda100000) (1024K)]
  0x000001c3e93ff960 WorkerThread "GC Thread#2"                     [id=12836, stack(0x0000005dda100000,0x0000005dda200000) (1024K)]
  0x000001c3e93ffd00 WorkerThread "GC Thread#3"                     [id=3996, stack(0x0000005dda200000,0x0000005dda300000) (1024K)]
  0x000001c3e94000a0 WorkerThread "GC Thread#4"                     [id=19124, stack(0x0000005dda300000,0x0000005dda400000) (1024K)]
  0x000001c3e97b4550 WorkerThread "GC Thread#5"                     [id=14932, stack(0x0000005dda400000,0x0000005dda500000) (1024K)]
  0x000001c3e946b3f0 WorkerThread "GC Thread#6"                     [id=10216, stack(0x0000005dda500000,0x0000005dda600000) (1024K)]
  0x000001c3e9473570 WorkerThread "GC Thread#7"                     [id=11632, stack(0x0000005dda600000,0x0000005dda700000) (1024K)]
  0x000001c3c3a4c780 ConcurrentGCThread "G1 Main Marker"            [id=20456, stack(0x0000005dd8a00000,0x0000005dd8b00000) (1024K)]
  0x000001c3c3a4d830 WorkerThread "G1 Conc#0"                       [id=18724, stack(0x0000005dd8b00000,0x0000005dd8c00000) (1024K)]
  0x000001c3ea97b590 WorkerThread "G1 Conc#1"                       [id=3372, stack(0x0000005ddae00000,0x0000005ddaf00000) (1024K)]
  0x000001c3c3a9ea30 ConcurrentGCThread "G1 Refine#0"               [id=15888, stack(0x0000005dd8c00000,0x0000005dd8d00000) (1024K)]
  0x000001c3e48cc530 ConcurrentGCThread "G1 Service"                [id=12164, stack(0x0000005dd8d00000,0x0000005dd8e00000) (1024K)]
Total: 15

Threads with active compile tasks:
C2 CompilerThread0    12281 5071       4       org.apache.xbean.finder.AnnotationFinder::linkInterfaces (259 bytes)
C2 CompilerThread1    12281 5079       4       org.apache.xbean.finder.archive.JarArchive::getBytecode (105 bytes)
Total: 2

VM state: at safepoint (normal execution)

VM Mutex/Monitor currently owned by a thread:  ([mutex/lock_event])
[0x00007ff80cf6de98] Threads_lock - owner thread: 0x000001c3e4a0bb80
[0x00007ff80cf6df98] Heap_lock - owner thread: 0x000001c3ea1d2400

Heap address: 0x0000000704200000, size: 4030 MB, Compressed Oops mode: Zero based, Oop shift amount: 3

CDS archive(s) mapped at: [0x000001c380000000-0x000001c380c90000-0x000001c380c90000), size 13172736, SharedBaseAddress: 0x000001c380000000, ArchiveRelocationMode: 1.
Compressed class space mapped at: 0x000001c381000000-0x000001c3c1000000, reserved size: 1073741824
Narrow klass base: 0x000001c380000000, Narrow klass shift: 0, Narrow klass range: 0x100000000

GC Precious Log:
 CardTable entry size: 512
 Card Set container configuration: InlinePtr #cards 4 size 8 Array Of Cards #cards 16 size 48 Howl #buckets 8 coarsen threshold 3686 Howl Bitmap #cards 512 size 80 coarsen threshold 460 Card regions per heap region 1 cards per card region 4096
 CPUs: 8 total, 8 available
 Memory: 16118M
 Large Page Support: Disabled
 NUMA Support: Disabled
 Compressed Oops: Enabled (Zero based)
 Heap Region Size: 2M
 Heap Min Capacity: 8M
 Heap Initial Capacity: 252M
 Heap Max Capacity: 4030M
 Pre-touch: Disabled
 Parallel Workers: 8
 Concurrent Workers: 2
 Concurrent Refinement Workers: 8
 Periodic GC: Disabled

Heap:
 garbage-first heap   total 266240K, used 109314K [0x0000000704200000, 0x0000000800000000)
  region size 2048K, 4 young (8192K), 4 survivors (8192K)
 Metaspace       used 39285K, committed 39872K, reserved 1114112K
  class space    used 4318K, committed 4608K, reserved 1048576K

Heap Regions: E=young(eden), S=young(survivor), O=old, HS=humongous(starts), HC=humongous(continues), CS=collection set, F=free, TAMS=top-at-mark-start, PB=parsable bottom
|   0|0x0000000704200000, 0x0000000704400000, 0x0000000704400000|100%| O|  |TAMS 0x0000000704400000| PB 0x0000000704200000| Untracked 
|   1|0x0000000704400000, 0x0000000704600000, 0x0000000704600000|100%| O|  |TAMS 0x0000000704600000| PB 0x0000000704400000| Untracked 
|   2|0x0000000704600000, 0x00000007047fbdb8, 0x0000000704800000| 99%| O|  |TAMS 0x00000007047fbdb8| PB 0x0000000704600000| Untracked 
|   3|0x0000000704800000, 0x0000000704a00000, 0x0000000704a00000|100%| O|  |TAMS 0x0000000704a00000| PB 0x0000000704800000| Untracked 
|   4|0x0000000704a00000, 0x0000000704c00000, 0x0000000704c00000|100%| O|  |TAMS 0x0000000704c00000| PB 0x0000000704a00000| Untracked 
|   5|0x0000000704c00000, 0x0000000704dff9b0, 0x0000000704e00000| 99%| O|  |TAMS 0x0000000704dff9b0| PB 0x0000000704c00000| Untracked 
|   6|0x0000000704e00000, 0x0000000704fffea8, 0x0000000705000000| 99%| O|  |TAMS 0x0000000704fffea8| PB 0x0000000704e00000| Untracked 
|   7|0x0000000705000000, 0x00000007051e3a80, 0x0000000705200000| 94%| O|  |TAMS 0x00000007051e3a80| PB 0x0000000705000000| Untracked 
|   8|0x0000000705200000, 0x00000007053f8868, 0x0000000705400000| 98%| O|  |TAMS 0x00000007053f8868| PB 0x0000000705200000| Untracked 
|   9|0x0000000705400000, 0x0000000705600000, 0x0000000705600000|100%| O|  |TAMS 0x0000000705600000| PB 0x0000000705400000| Untracked 
|  10|0x0000000705600000, 0x0000000705800000, 0x0000000705800000|100%| O|  |TAMS 0x0000000705800000| PB 0x0000000705600000| Untracked 
|  11|0x0000000705800000, 0x0000000705a00000, 0x0000000705a00000|100%| O|  |TAMS 0x0000000705a00000| PB 0x0000000705800000| Untracked 
|  12|0x0000000705a00000, 0x0000000705c00000, 0x0000000705c00000|100%| O|  |TAMS 0x0000000705c00000| PB 0x0000000705a00000| Untracked 
|  13|0x0000000705c00000, 0x0000000705e00000, 0x0000000705e00000|100%| O|  |TAMS 0x0000000705e00000| PB 0x0000000705c00000| Untracked 
|  14|0x0000000705e00000, 0x0000000706000000, 0x0000000706000000|100%| O|  |TAMS 0x0000000706000000| PB 0x0000000705e00000| Untracked 
|  15|0x0000000706000000, 0x0000000706200000, 0x0000000706200000|100%| O|  |TAMS 0x0000000706200000| PB 0x0000000706000000| Untracked 
|  16|0x0000000706200000, 0x0000000706400000, 0x0000000706400000|100%| O|  |TAMS 0x0000000706400000| PB 0x0000000706200000| Untracked 
|  17|0x0000000706400000, 0x0000000706600000, 0x0000000706600000|100%| O|  |TAMS 0x0000000706600000| PB 0x0000000706400000| Untracked 
|  18|0x0000000706600000, 0x0000000706800000, 0x0000000706800000|100%| O|  |TAMS 0x0000000706800000| PB 0x0000000706600000| Untracked 
|  19|0x0000000706800000, 0x0000000706a00000, 0x0000000706a00000|100%| O|  |TAMS 0x0000000706a00000| PB 0x0000000706800000| Untracked 
|  20|0x0000000706a00000, 0x0000000706c00000, 0x0000000706c00000|100%| O|  |TAMS 0x0000000706c00000| PB 0x0000000706a00000| Untracked 
|  21|0x0000000706c00000, 0x0000000706e00000, 0x0000000706e00000|100%| O|  |TAMS 0x0000000706e00000| PB 0x0000000706c00000| Untracked 
|  22|0x0000000706e00000, 0x0000000707000000, 0x0000000707000000|100%| O|  |TAMS 0x0000000707000000| PB 0x0000000706e00000| Untracked 
|  23|0x0000000707000000, 0x0000000707200000, 0x0000000707200000|100%| O|  |TAMS 0x0000000707200000| PB 0x0000000707000000| Untracked 
|  24|0x0000000707200000, 0x0000000707400000, 0x0000000707400000|100%| O|  |TAMS 0x0000000707400000| PB 0x0000000707200000| Untracked 
|  25|0x0000000707400000, 0x0000000707600000, 0x0000000707600000|100%| O|  |TAMS 0x0000000707600000| PB 0x0000000707400000| Untracked 
|  26|0x0000000707600000, 0x0000000707800000, 0x0000000707800000|100%| O|  |TAMS 0x0000000707800000| PB 0x0000000707600000| Untracked 
|  27|0x0000000707800000, 0x0000000707a00000, 0x0000000707a00000|100%| O|  |TAMS 0x0000000707a00000| PB 0x0000000707800000| Untracked 
|  28|0x0000000707a00000, 0x0000000707c00000, 0x0000000707c00000|100%| O|  |TAMS 0x0000000707c00000| PB 0x0000000707a00000| Untracked 
|  29|0x0000000707c00000, 0x0000000707e00000, 0x0000000707e00000|100%| O|  |TAMS 0x0000000707e00000| PB 0x0000000707c00000| Untracked 
|  30|0x0000000707e00000, 0x0000000708000000, 0x0000000708000000|100%| O|  |TAMS 0x0000000708000000| PB 0x0000000707e00000| Untracked 
|  31|0x0000000708000000, 0x0000000708200000, 0x0000000708200000|100%| O|  |TAMS 0x0000000708200000| PB 0x0000000708000000| Untracked 
|  32|0x0000000708200000, 0x0000000708400000, 0x0000000708400000|100%| O|  |TAMS 0x0000000708400000| PB 0x0000000708200000| Untracked 
|  33|0x0000000708400000, 0x0000000708600000, 0x0000000708600000|100%| O|  |TAMS 0x0000000708600000| PB 0x0000000708400000| Untracked 
|  34|0x0000000708600000, 0x0000000708800000, 0x0000000708800000|100%| O|  |TAMS 0x0000000708600000| PB 0x0000000708600000| Untracked 
|  35|0x0000000708800000, 0x0000000708a00000, 0x0000000708a00000|100%| O|  |TAMS 0x0000000708a00000| PB 0x0000000708800000| Untracked 
|  36|0x0000000708a00000, 0x0000000708c00000, 0x0000000708c00000|100%| O|  |TAMS 0x0000000708a00000| PB 0x0000000708a00000| Untracked 
|  37|0x0000000708c00000, 0x0000000708e00000, 0x0000000708e00000|100%| O|  |TAMS 0x0000000708e00000| PB 0x0000000708c00000| Untracked 
|  38|0x0000000708e00000, 0x0000000709000000, 0x0000000709000000|100%| O|  |TAMS 0x0000000709000000| PB 0x0000000708e00000| Untracked 
|  39|0x0000000709000000, 0x0000000709200000, 0x0000000709200000|100%| O|  |TAMS 0x0000000709200000| PB 0x0000000709000000| Untracked 
|  40|0x0000000709200000, 0x0000000709400000, 0x0000000709400000|100%| O|  |TAMS 0x0000000709400000| PB 0x0000000709200000| Untracked 
|  41|0x0000000709400000, 0x0000000709600000, 0x0000000709600000|100%| O|  |TAMS 0x0000000709600000| PB 0x0000000709400000| Untracked 
|  42|0x0000000709600000, 0x0000000709800000, 0x0000000709800000|100%| O|  |TAMS 0x0000000709600000| PB 0x0000000709600000| Untracked 
|  43|0x0000000709800000, 0x0000000709a00000, 0x0000000709a00000|100%| O|  |TAMS 0x0000000709800000| PB 0x0000000709800000| Untracked 
|  44|0x0000000709a00000, 0x0000000709c00000, 0x0000000709c00000|100%| O|  |TAMS 0x0000000709a00000| PB 0x0000000709a00000| Untracked 
|  45|0x0000000709c00000, 0x0000000709c00000, 0x0000000709e00000|  0%| F|  |TAMS 0x0000000709c00000| PB 0x0000000709c00000| Untracked 
|  46|0x0000000709e00000, 0x0000000709e00000, 0x000000070a000000|  0%| F|  |TAMS 0x0000000709e00000| PB 0x0000000709e00000| Untracked 
|  47|0x000000070a000000, 0x000000070a200000, 0x000000070a200000|100%| O|  |TAMS 0x000000070a200000| PB 0x000000070a000000| Untracked 
|  48|0x000000070a200000, 0x000000070a200000, 0x000000070a400000|  0%| F|  |TAMS 0x000000070a200000| PB 0x000000070a200000| Untracked 
|  49|0x000000070a400000, 0x000000070a400000, 0x000000070a600000|  0%| F|  |TAMS 0x000000070a400000| PB 0x000000070a400000| Untracked 
|  50|0x000000070a600000, 0x000000070a600000, 0x000000070a800000|  0%| F|  |TAMS 0x000000070a600000| PB 0x000000070a600000| Untracked 
|  51|0x000000070a800000, 0x000000070a800000, 0x000000070aa00000|  0%| F|  |TAMS 0x000000070a800000| PB 0x000000070a800000| Untracked 
|  52|0x000000070aa00000, 0x000000070aa00000, 0x000000070ac00000|  0%| F|  |TAMS 0x000000070aa00000| PB 0x000000070aa00000| Untracked 
|  53|0x000000070ac00000, 0x000000070ac00000, 0x000000070ae00000|  0%| F|  |TAMS 0x000000070ac00000| PB 0x000000070ac00000| Untracked 
|  54|0x000000070ae00000, 0x000000070ae00000, 0x000000070b000000|  0%| F|  |TAMS 0x000000070ae00000| PB 0x000000070ae00000| Untracked 
|  55|0x000000070b000000, 0x000000070b000000, 0x000000070b200000|  0%| F|  |TAMS 0x000000070b000000| PB 0x000000070b000000| Untracked 
|  56|0x000000070b200000, 0x000000070b2e9180, 0x000000070b400000| 45%| S|CS|TAMS 0x000000070b200000| PB 0x000000070b200000| Complete 
|  57|0x000000070b400000, 0x000000070b600000, 0x000000070b600000|100%| S|CS|TAMS 0x000000070b400000| PB 0x000000070b400000| Complete 
|  58|0x000000070b600000, 0x000000070b800000, 0x000000070b800000|100%| S|CS|TAMS 0x000000070b600000| PB 0x000000070b600000| Complete 
|  59|0x000000070b800000, 0x000000070ba00000, 0x000000070ba00000|100%| S|CS|TAMS 0x000000070b800000| PB 0x000000070b800000| Complete 
|  60|0x000000070ba00000, 0x000000070ba00000, 0x000000070bc00000|  0%| F|  |TAMS 0x000000070ba00000| PB 0x000000070ba00000| Untracked 
|  61|0x000000070bc00000, 0x000000070bc00000, 0x000000070be00000|  0%| F|  |TAMS 0x000000070bc00000| PB 0x000000070bc00000| Untracked 
|  62|0x000000070be00000, 0x000000070be00000, 0x000000070c000000|  0%| F|  |TAMS 0x000000070be00000| PB 0x000000070be00000| Untracked 
|  63|0x000000070c000000, 0x000000070c000000, 0x000000070c200000|  0%| F|  |TAMS 0x000000070c000000| PB 0x000000070c000000| Untracked 
|  64|0x000000070c200000, 0x000000070c200000, 0x000000070c400000|  0%| F|  |TAMS 0x000000070c200000| PB 0x000000070c200000| Untracked 
|  65|0x000000070c400000, 0x000000070c400000, 0x000000070c600000|  0%| F|  |TAMS 0x000000070c400000| PB 0x000000070c400000| Untracked 
|  66|0x000000070c600000, 0x000000070c600000, 0x000000070c800000|  0%| F|  |TAMS 0x000000070c600000| PB 0x000000070c600000| Untracked 
|  67|0x000000070c800000, 0x000000070c800000, 0x000000070ca00000|  0%| F|  |TAMS 0x000000070c800000| PB 0x000000070c800000| Untracked 
|  68|0x000000070ca00000, 0x000000070ca00000, 0x000000070cc00000|  0%| F|  |TAMS 0x000000070ca00000| PB 0x000000070ca00000| Untracked 
|  69|0x000000070cc00000, 0x000000070cc00000, 0x000000070ce00000|  0%| F|  |TAMS 0x000000070cc00000| PB 0x000000070cc00000| Untracked 
|  70|0x000000070ce00000, 0x000000070ce00000, 0x000000070d000000|  0%| F|  |TAMS 0x000000070ce00000| PB 0x000000070ce00000| Untracked 
|  71|0x000000070d000000, 0x000000070d000000, 0x000000070d200000|  0%| F|  |TAMS 0x000000070d000000| PB 0x000000070d000000| Untracked 
|  72|0x000000070d200000, 0x000000070d200000, 0x000000070d400000|  0%| F|  |TAMS 0x000000070d200000| PB 0x000000070d200000| Untracked 
|  73|0x000000070d400000, 0x000000070d400000, 0x000000070d600000|  0%| F|  |TAMS 0x000000070d400000| PB 0x000000070d400000| Untracked 
|  74|0x000000070d600000, 0x000000070d600000, 0x000000070d800000|  0%| F|  |TAMS 0x000000070d600000| PB 0x000000070d600000| Untracked 
|  75|0x000000070d800000, 0x000000070d800000, 0x000000070da00000|  0%| F|  |TAMS 0x000000070d800000| PB 0x000000070d800000| Untracked 
|  76|0x000000070da00000, 0x000000070da00000, 0x000000070dc00000|  0%| F|  |TAMS 0x000000070da00000| PB 0x000000070da00000| Untracked 
|  77|0x000000070dc00000, 0x000000070dc00000, 0x000000070de00000|  0%| F|  |TAMS 0x000000070dc00000| PB 0x000000070dc00000| Untracked 
|  78|0x000000070de00000, 0x000000070de00000, 0x000000070e000000|  0%| F|  |TAMS 0x000000070de00000| PB 0x000000070de00000| Untracked 
|  79|0x000000070e000000, 0x000000070e000000, 0x000000070e200000|  0%| F|  |TAMS 0x000000070e000000| PB 0x000000070e000000| Untracked 
|  80|0x000000070e200000, 0x000000070e200000, 0x000000070e400000|  0%| F|  |TAMS 0x000000070e200000| PB 0x000000070e200000| Untracked 
|  81|0x000000070e400000, 0x000000070e400000, 0x000000070e600000|  0%| F|  |TAMS 0x000000070e400000| PB 0x000000070e400000| Untracked 
|  82|0x000000070e600000, 0x000000070e600000, 0x000000070e800000|  0%| F|  |TAMS 0x000000070e600000| PB 0x000000070e600000| Untracked 
|  83|0x000000070e800000, 0x000000070e800000, 0x000000070ea00000|  0%| F|  |TAMS 0x000000070e800000| PB 0x000000070e800000| Untracked 
|  84|0x000000070ea00000, 0x000000070ea00000, 0x000000070ec00000|  0%| F|  |TAMS 0x000000070ea00000| PB 0x000000070ea00000| Untracked 
|  85|0x000000070ec00000, 0x000000070ec00000, 0x000000070ee00000|  0%| F|  |TAMS 0x000000070ec00000| PB 0x000000070ec00000| Untracked 
|  86|0x000000070ee00000, 0x000000070ee00000, 0x000000070f000000|  0%| F|  |TAMS 0x000000070ee00000| PB 0x000000070ee00000| Untracked 
|  87|0x000000070f000000, 0x000000070f000000, 0x000000070f200000|  0%| F|  |TAMS 0x000000070f000000| PB 0x000000070f000000| Untracked 
|  88|0x000000070f200000, 0x000000070f200000, 0x000000070f400000|  0%| F|  |TAMS 0x000000070f200000| PB 0x000000070f200000| Untracked 
|  89|0x000000070f400000, 0x000000070f400000, 0x000000070f600000|  0%| F|  |TAMS 0x000000070f400000| PB 0x000000070f400000| Untracked 
|  90|0x000000070f600000, 0x000000070f600000, 0x000000070f800000|  0%| F|  |TAMS 0x000000070f600000| PB 0x000000070f600000| Untracked 
|  91|0x000000070f800000, 0x000000070f800000, 0x000000070fa00000|  0%| F|  |TAMS 0x000000070f800000| PB 0x000000070f800000| Untracked 
|  92|0x000000070fa00000, 0x000000070fa00000, 0x000000070fc00000|  0%| F|  |TAMS 0x000000070fa00000| PB 0x000000070fa00000| Untracked 
|  93|0x000000070fc00000, 0x000000070fc00000, 0x000000070fe00000|  0%| F|  |TAMS 0x000000070fc00000| PB 0x000000070fc00000| Untracked 
|  94|0x000000070fe00000, 0x000000070fe00000, 0x0000000710000000|  0%| F|  |TAMS 0x000000070fe00000| PB 0x000000070fe00000| Untracked 
|  95|0x0000000710000000, 0x0000000710000000, 0x0000000710200000|  0%| F|  |TAMS 0x0000000710000000| PB 0x0000000710000000| Untracked 
|  96|0x0000000710200000, 0x0000000710200000, 0x0000000710400000|  0%| F|  |TAMS 0x0000000710200000| PB 0x0000000710200000| Untracked 
|  97|0x0000000710400000, 0x0000000710400000, 0x0000000710600000|  0%| F|  |TAMS 0x0000000710400000| PB 0x0000000710400000| Untracked 
|  98|0x0000000710600000, 0x0000000710600000, 0x0000000710800000|  0%| F|  |TAMS 0x0000000710600000| PB 0x0000000710600000| Untracked 
|  99|0x0000000710800000, 0x0000000710800000, 0x0000000710a00000|  0%| F|  |TAMS 0x0000000710800000| PB 0x0000000710800000| Untracked 
| 100|0x0000000710a00000, 0x0000000710a00000, 0x0000000710c00000|  0%| F|  |TAMS 0x0000000710a00000| PB 0x0000000710a00000| Untracked 
| 101|0x0000000710c00000, 0x0000000710c00000, 0x0000000710e00000|  0%| F|  |TAMS 0x0000000710c00000| PB 0x0000000710c00000| Untracked 
| 102|0x0000000710e00000, 0x0000000710e00000, 0x0000000711000000|  0%| F|  |TAMS 0x0000000710e00000| PB 0x0000000710e00000| Untracked 
| 103|0x0000000711000000, 0x0000000711000000, 0x0000000711200000|  0%| F|  |TAMS 0x0000000711000000| PB 0x0000000711000000| Untracked 
| 104|0x0000000711200000, 0x0000000711200000, 0x0000000711400000|  0%| F|  |TAMS 0x0000000711200000| PB 0x0000000711200000| Untracked 
| 105|0x0000000711400000, 0x0000000711400000, 0x0000000711600000|  0%| F|  |TAMS 0x0000000711400000| PB 0x0000000711400000| Untracked 
| 106|0x0000000711600000, 0x0000000711600000, 0x0000000711800000|  0%| F|  |TAMS 0x0000000711600000| PB 0x0000000711600000| Untracked 
| 107|0x0000000711800000, 0x0000000711800000, 0x0000000711a00000|  0%| F|  |TAMS 0x0000000711800000| PB 0x0000000711800000| Untracked 
| 108|0x0000000711a00000, 0x0000000711a00000, 0x0000000711c00000|  0%| F|  |TAMS 0x0000000711a00000| PB 0x0000000711a00000| Untracked 
| 109|0x0000000711c00000, 0x0000000711c00000, 0x0000000711e00000|  0%| F|  |TAMS 0x0000000711c00000| PB 0x0000000711c00000| Untracked 
| 110|0x0000000711e00000, 0x0000000711e00000, 0x0000000712000000|  0%| F|  |TAMS 0x0000000711e00000| PB 0x0000000711e00000| Untracked 
| 111|0x0000000712000000, 0x0000000712000000, 0x0000000712200000|  0%| F|  |TAMS 0x0000000712000000| PB 0x0000000712000000| Untracked 
| 112|0x0000000712200000, 0x0000000712200000, 0x0000000712400000|  0%| F|  |TAMS 0x0000000712200000| PB 0x0000000712200000| Untracked 
| 113|0x0000000712400000, 0x0000000712400000, 0x0000000712600000|  0%| F|  |TAMS 0x0000000712400000| PB 0x0000000712400000| Untracked 
| 114|0x0000000712600000, 0x0000000712600000, 0x0000000712800000|  0%| F|  |TAMS 0x0000000712600000| PB 0x0000000712600000| Untracked 
| 115|0x0000000712800000, 0x0000000712800000, 0x0000000712a00000|  0%| F|  |TAMS 0x0000000712800000| PB 0x0000000712800000| Untracked 
| 116|0x0000000712a00000, 0x0000000712a00000, 0x0000000712c00000|  0%| F|  |TAMS 0x0000000712a00000| PB 0x0000000712a00000| Untracked 
| 117|0x0000000712c00000, 0x0000000712c00000, 0x0000000712e00000|  0%| F|  |TAMS 0x0000000712c00000| PB 0x0000000712c00000| Untracked 
| 118|0x0000000712e00000, 0x0000000712e00000, 0x0000000713000000|  0%| F|  |TAMS 0x0000000712e00000| PB 0x0000000712e00000| Untracked 
| 119|0x0000000713000000, 0x0000000713000000, 0x0000000713200000|  0%| F|  |TAMS 0x0000000713000000| PB 0x0000000713000000| Untracked 
| 120|0x0000000713200000, 0x0000000713200000, 0x0000000713400000|  0%| F|  |TAMS 0x0000000713200000| PB 0x0000000713200000| Untracked 
| 121|0x0000000713400000, 0x0000000713400000, 0x0000000713600000|  0%| F|  |TAMS 0x0000000713400000| PB 0x0000000713400000| Untracked 
| 122|0x0000000713600000, 0x0000000713600000, 0x0000000713800000|  0%| F|  |TAMS 0x0000000713600000| PB 0x0000000713600000| Untracked 
| 123|0x0000000713800000, 0x0000000713800000, 0x0000000713a00000|  0%| F|  |TAMS 0x0000000713800000| PB 0x0000000713800000| Untracked 
| 124|0x0000000713a00000, 0x0000000713a00000, 0x0000000713c00000|  0%| F|  |TAMS 0x0000000713a00000| PB 0x0000000713a00000| Untracked 
| 125|0x0000000713c00000, 0x0000000713c00000, 0x0000000713e00000|  0%| F|  |TAMS 0x0000000713c00000| PB 0x0000000713c00000| Untracked 
|2011|0x00000007ff800000, 0x00000007ffa00000, 0x00000007ffa00000|100%| O|  |TAMS 0x00000007ff882740| PB 0x00000007ff800000| Untracked 
|2012|0x00000007ffa00000, 0x00000007ffc00000, 0x00000007ffc00000|100%| O|  |TAMS 0x00000007ffc00000| PB 0x00000007ffa00000| Untracked 
|2013|0x00000007ffc00000, 0x00000007ffe00000, 0x00000007ffe00000|100%| O|  |TAMS 0x00000007ffe00000| PB 0x00000007ffc00000| Untracked 
|2014|0x00000007ffe00000, 0x0000000800000000, 0x0000000800000000|100%| O|  |TAMS 0x0000000800000000| PB 0x00000007ffe00000| Untracked 

Card table byte_map: [0x000001c3dd890000,0x000001c3de070000] _byte_map_base: 0x000001c3da06f000

Marking Bits: (CMBitMap*) 0x000001c3c3a3c120
 Bits: [0x000001c3de070000, 0x000001c3e1f68000)

Polling page: 0x000001c3c3870000

Metaspace:

Usage:
  Non-class:     34.15 MB used.
      Class:      4.22 MB used.
       Both:     38.36 MB used.

Virtual space:
  Non-class space:       64.00 MB reserved,      34.44 MB ( 54%) committed,  1 nodes.
      Class space:        1.00 GB reserved,       4.50 MB ( <1%) committed,  1 nodes.
             Both:        1.06 GB reserved,      38.94 MB (  4%) committed. 

Chunk freelists:
   Non-Class:  13.31 MB
       Class:  11.53 MB
        Both:  24.84 MB

MaxMetaspaceSize: unlimited
CompressedClassSpaceSize: 1.00 GB
Initial GC threshold: 21.00 MB
Current GC threshold: 60.94 MB
CDS: on
 - commit_granule_bytes: 65536.
 - commit_granule_words: 8192.
 - virtual_space_node_default_size: 8388608.
 - enlarge_chunks_in_place: 1.
 - use_allocation_guard: 0.


Internal statistics:

num_allocs_failed_limit: 3.
num_arena_births: 802.
num_arena_deaths: 0.
num_vsnodes_births: 2.
num_vsnodes_deaths: 0.
num_space_committed: 622.
num_space_uncommitted: 0.
num_chunks_returned_to_freelist: 3.
num_chunks_taken_from_freelist: 1883.
num_chunk_merges: 3.
num_chunk_splits: 1233.
num_chunks_enlarged: 770.
num_inconsistent_stats: 0.

CodeHeap 'non-profiled nmethods': size=120000Kb used=3463Kb max_used=3463Kb free=116536Kb
 bounds [0x000001c3d5110000, 0x000001c3d5480000, 0x000001c3dc640000]
CodeHeap 'profiled nmethods': size=120000Kb used=8148Kb max_used=8742Kb free=111851Kb
 bounds [0x000001c3cd640000, 0x000001c3cdef0000, 0x000001c3d4b70000]
CodeHeap 'non-nmethods': size=5760Kb used=1820Kb max_used=1891Kb free=3939Kb
 bounds [0x000001c3d4b70000, 0x000001c3d4de0000, 0x000001c3d5110000]
 total_blobs=4929 nmethods=4260 adapters=572
 compilation: enabled
              stopped_count=0, restarted_count=0
 full_count=0

Compilation events (20 events):
Event: 12.090 Thread 0x000001c3e4f0fb80 nmethod 5069 0x000001c3d546f290 code [0x000001c3d546f420, 0x000001c3d546f520]
Event: 12.093 Thread 0x000001c3e4a46e10 nmethod 5068% 0x000001c3d546f610 code [0x000001c3d546f7c0, 0x000001c3d546fb88]
Event: 12.094 Thread 0x000001c3e4a46e10 5070       4       java.util.LinkedList$ListItr::<init> (47 bytes)
Event: 12.096 Thread 0x000001c3e4a46e10 nmethod 5070 0x000001c3d546fd90 code [0x000001c3d546ff20, 0x000001c3d5470270]
Event: 12.113 Thread 0x000001c3e4a46e10 5071       4       org.apache.xbean.finder.AnnotationFinder::linkInterfaces (259 bytes)
Event: 12.127 Thread 0x000001c3e4a678b0 5072       3       org.apache.xbean.finder.AnnotationFinder$MethodInfo::<init> (60 bytes)
Event: 12.128 Thread 0x000001c3e4a678b0 nmethod 5072 0x000001c3cd661790 code [0x000001c3cd6619a0, 0x000001c3cd662180]
Event: 12.128 Thread 0x000001c3e4a678b0 5073       3       org.apache.xbean.asm9.Type::getMethodDescriptor (74 bytes)
Event: 12.129 Thread 0x000001c3e4a678b0 nmethod 5073 0x000001c3cd6aa310 code [0x000001c3cd6aa560, 0x000001c3cd6aad90]
Event: 12.130 Thread 0x000001c3e4f0fb80 5074       4       java.util.LinkedList$ListItr::next (56 bytes)
Event: 12.135 Thread 0x000001c3e4f0fb80 nmethod 5074 0x000001c3d5470390 code [0x000001c3d5470520, 0x000001c3d5470840]
Event: 12.157 Thread 0x000001c3e4a678b0 5075       3       org.apache.openejb.config.WebappAggregatedArchive::getBytecode (11 bytes)
Event: 12.157 Thread 0x000001c3e4a678b0 nmethod 5075 0x000001c3cd6a9e90 code [0x000001c3cd6aa040, 0x000001c3cd6aa220]
Event: 12.160 Thread 0x000001c3e4a678b0 5076   !   3       org.apache.xbean.finder.AnnotationFinder::readClassDef (55 bytes)
Event: 12.161 Thread 0x000001c3e4a678b0 nmethod 5076 0x000001c3cd6a9110 code [0x000001c3cd6a9360, 0x000001c3cd6a9b98]
Event: 12.191 Thread 0x000001c3e4f0fb80 5077   !   4       org.apache.xbean.finder.archive.CompositeArchive::getBytecode (51 bytes)
Event: 12.196 Thread 0x000001c3e4f0fb80 nmethod 5077 0x000001c3d5470990 code [0x000001c3d5470b60, 0x000001c3d5470f48]
Event: 12.197 Thread 0x000001c3e4f0fb80 5078       4       org.apache.xbean.finder.archive.FilteredArchive::getBytecode (11 bytes)
Event: 12.209 Thread 0x000001c3e4f0fb80 nmethod 5078 0x000001c3d5471390 code [0x000001c3d5471560, 0x000001c3d5471990]
Event: 12.209 Thread 0x000001c3e4f0fb80 5079       4       org.apache.xbean.finder.archive.JarArchive::getBytecode (105 bytes)

GC Heap History (20 events):
Event: 9.109 GC heap after
{Heap after GC invocations=45 (full 12):
 garbage-first heap   total 184320K, used 39610K [0x0000000704200000, 0x0000000800000000)
  region size 2048K, 1 young (2048K), 1 survivors (2048K)
 Metaspace       used 36908K, committed 37504K, reserved 1114112K
  class space    used 3967K, committed 4288K, reserved 1048576K
}
Event: 9.452 GC heap before
{Heap before GC invocations=45 (full 12):
 garbage-first heap   total 184320K, used 148154K [0x0000000704200000, 0x0000000800000000)
  region size 2048K, 54 young (110592K), 1 survivors (2048K)
 Metaspace       used 36908K, committed 37504K, reserved 1114112K
  class space    used 3967K, committed 4288K, reserved 1048576K
}
Event: 9.454 GC heap after
{Heap after GC invocations=46 (full 12):
 garbage-first heap   total 184320K, used 39676K [0x0000000704200000, 0x0000000800000000)
  region size 2048K, 1 young (2048K), 1 survivors (2048K)
 Metaspace       used 36908K, committed 37504K, reserved 1114112K
  class space    used 3967K, committed 4288K, reserved 1048576K
}
Event: 9.709 GC heap before
{Heap before GC invocations=46 (full 12):
 garbage-first heap   total 184320K, used 148220K [0x0000000704200000, 0x0000000800000000)
  region size 2048K, 54 young (110592K), 1 survivors (2048K)
 Metaspace       used 36911K, committed 37504K, reserved 1114112K
  class space    used 3967K, committed 4288K, reserved 1048576K
}
Event: 9.710 GC heap after
{Heap after GC invocations=47 (full 12):
 garbage-first heap   total 184320K, used 39737K [0x0000000704200000, 0x0000000800000000)
  region size 2048K, 1 young (2048K), 1 survivors (2048K)
 Metaspace       used 36911K, committed 37504K, reserved 1114112K
  class space    used 3967K, committed 4288K, reserved 1048576K
}
Event: 9.996 GC heap before
{Heap before GC invocations=47 (full 12):
 garbage-first heap   total 184320K, used 148281K [0x0000000704200000, 0x0000000800000000)
  region size 2048K, 54 young (110592K), 1 survivors (2048K)
 Metaspace       used 36919K, committed 37504K, reserved 1114112K
  class space    used 3968K, committed 4288K, reserved 1048576K
}
Event: 9.997 GC heap after
{Heap after GC invocations=48 (full 12):
 garbage-first heap   total 184320K, used 39676K [0x0000000704200000, 0x0000000800000000)
  region size 2048K, 1 young (2048K), 1 survivors (2048K)
 Metaspace       used 36919K, committed 37504K, reserved 1114112K
  class space    used 3968K, committed 4288K, reserved 1048576K
}
Event: 10.298 GC heap before
{Heap before GC invocations=48 (full 12):
 garbage-first heap   total 184320K, used 148220K [0x0000000704200000, 0x0000000800000000)
  region size 2048K, 54 young (110592K), 1 survivors (2048K)
 Metaspace       used 36924K, committed 37504K, reserved 1114112K
  class space    used 3968K, committed 4288K, reserved 1048576K
}
Event: 10.298 GC heap after
{Heap after GC invocations=49 (full 12):
 garbage-first heap   total 184320K, used 39698K [0x0000000704200000, 0x0000000800000000)
  region size 2048K, 1 young (2048K), 1 survivors (2048K)
 Metaspace       used 36924K, committed 37504K, reserved 1114112K
  class space    used 3968K, committed 4288K, reserved 1048576K
}
Event: 10.593 GC heap before
{Heap before GC invocations=49 (full 12):
 garbage-first heap   total 184320K, used 148242K [0x0000000704200000, 0x0000000800000000)
  region size 2048K, 54 young (110592K), 1 survivors (2048K)
 Metaspace       used 36928K, committed 37504K, reserved 1114112K
  class space    used 3968K, committed 4288K, reserved 1048576K
}
Event: 10.594 GC heap after
{Heap after GC invocations=50 (full 12):
 garbage-first heap   total 184320K, used 39937K [0x0000000704200000, 0x0000000800000000)
  region size 2048K, 1 young (2048K), 1 survivors (2048K)
 Metaspace       used 36928K, committed 37504K, reserved 1114112K
  class space    used 3968K, committed 4288K, reserved 1048576K
}
Event: 11.102 GC heap before
{Heap before GC invocations=50 (full 12):
 garbage-first heap   total 184320K, used 148481K [0x0000000704200000, 0x0000000800000000)
  region size 2048K, 54 young (110592K), 1 survivors (2048K)
 Metaspace       used 39108K, committed 39744K, reserved 1114112K
  class space    used 4292K, committed 4608K, reserved 1048576K
}
Event: 11.108 GC heap after
{Heap after GC invocations=51 (full 12):
 garbage-first heap   total 184320K, used 51294K [0x0000000704200000, 0x0000000800000000)
  region size 2048K, 6 young (12288K), 6 survivors (12288K)
 Metaspace       used 39108K, committed 39744K, reserved 1114112K
  class space    used 4292K, committed 4608K, reserved 1048576K
}
Event: 11.355 GC heap before
{Heap before GC invocations=51 (full 12):
 garbage-first heap   total 184320K, used 147550K [0x0000000704200000, 0x0000000800000000)
  region size 2048K, 54 young (110592K), 6 survivors (12288K)
 Metaspace       used 39110K, committed 39744K, reserved 1114112K
  class space    used 4293K, committed 4608K, reserved 1048576K
}
Event: 11.370 GC heap after
{Heap after GC invocations=52 (full 12):
 garbage-first heap   total 184320K, used 68841K [0x0000000704200000, 0x0000000800000000)
  region size 2048K, 7 young (14336K), 7 survivors (14336K)
 Metaspace       used 39110K, committed 39744K, reserved 1114112K
  class space    used 4293K, committed 4608K, reserved 1048576K
}
Event: 11.625 GC heap before
{Heap before GC invocations=52 (full 12):
 garbage-first heap   total 184320K, used 156905K [0x0000000704200000, 0x0000000800000000)
  region size 2048K, 50 young (102400K), 7 survivors (14336K)
 Metaspace       used 39110K, committed 39744K, reserved 1114112K
  class space    used 4293K, committed 4608K, reserved 1048576K
}
Event: 11.646 GC heap after
{Heap after GC invocations=53 (full 12):
 garbage-first heap   total 190464K, used 87895K [0x0000000704200000, 0x0000000800000000)
  region size 2048K, 7 young (14336K), 7 survivors (14336K)
 Metaspace       used 39110K, committed 39744K, reserved 1114112K
  class space    used 4293K, committed 4608K, reserved 1048576K
}
Event: 11.879 GC heap before
{Heap before GC invocations=53 (full 12):
 garbage-first heap   total 190464K, used 161623K [0x0000000704200000, 0x0000000800000000)
  region size 2048K, 43 young (88064K), 7 survivors (14336K)
 Metaspace       used 39116K, committed 39744K, reserved 1114112K
  class space    used 4293K, committed 4608K, reserved 1048576K
}
Event: 11.896 GC heap after
{Heap after GC invocations=54 (full 12):
 garbage-first heap   total 192512K, used 102760K [0x0000000704200000, 0x0000000800000000)
  region size 2048K, 6 young (12288K), 6 survivors (12288K)
 Metaspace       used 39116K, committed 39744K, reserved 1114112K
  class space    used 4293K, committed 4608K, reserved 1048576K
}
Event: 12.243 GC heap before
{Heap before GC invocations=54 (full 12):
 garbage-first heap   total 192512K, used 164200K [0x0000000704200000, 0x0000000800000000)
  region size 2048K, 36 young (73728K), 6 survivors (12288K)
 Metaspace       used 39285K, committed 39872K, reserved 1114112K
  class space    used 4318K, committed 4608K, reserved 1048576K
}

Dll operation events (14 events):
Event: 0.005 Loaded shared library D:\java\jdk21\bin\java.dll
Event: 0.035 Loaded shared library D:\java\jdk21\bin\jsvml.dll
Event: 0.074 Loaded shared library D:\java\jdk21\bin\zip.dll
Event: 0.076 Loaded shared library D:\java\jdk21\bin\instrument.dll
Event: 0.080 Loaded shared library D:\java\jdk21\bin\net.dll
Event: 0.081 Loaded shared library D:\java\jdk21\bin\nio.dll
Event: 0.083 Loaded shared library D:\java\jdk21\bin\zip.dll
Event: 0.140 Loaded shared library D:\java\jdk21\bin\jimage.dll
Event: 0.220 Loaded shared library D:\java\jdk21\bin\management_agent.dll
Event: 0.222 Loaded shared library D:\java\jdk21\bin\management.dll
Event: 0.232 Loaded shared library D:\java\jdk21\bin\management_ext.dll
Event: 0.503 Loaded shared library D:\java\jdk21\bin\extnet.dll
Event: 2.017 Loaded shared library D:\java\jdk21\bin\sunmscapi.dll
Event: 2.430 Loaded shared library D:\java\jdk21\bin\verify.dll

Deoptimization events (20 events):
Event: 12.064 Thread 0x000001c3ea1d2400 DEOPT PACKING pc=0x000001c3d52d8140 sp=0x0000005ddb5faae0
Event: 12.064 Thread 0x000001c3ea1d2400 DEOPT UNPACKING pc=0x000001c3d4bc7da2 sp=0x0000005ddb5faa88 mode 2
Event: 12.079 Thread 0x000001c3ea1d2400 DEOPT PACKING pc=0x000001c3cd7fb41c sp=0x0000005ddb5fca00
Event: 12.079 Thread 0x000001c3ea1d2400 DEOPT UNPACKING pc=0x000001c3d4bc88e2 sp=0x0000005ddb5fbe70 mode 0
Event: 12.079 Thread 0x000001c3ea1d2400 Uncommon trap: trap_request=0xffffffbe fr.pc=0x000001c3d54677a0 relative=0x0000000000000360
Event: 12.079 Thread 0x000001c3ea1d2400 Uncommon trap: reason=profile_predicate action=maybe_recompile pc=0x000001c3d54677a0 method=java.util.HashMap.valuesToArray([Ljava/lang/Object;)[Ljava/lang/Object; @ 32 c2
Event: 12.079 Thread 0x000001c3ea1d2400 DEOPT PACKING pc=0x000001c3d54677a0 sp=0x0000005ddb5fc9c0
Event: 12.079 Thread 0x000001c3ea1d2400 DEOPT UNPACKING pc=0x000001c3d4bc7da2 sp=0x0000005ddb5fc980 mode 2
Event: 12.079 Thread 0x000001c3ea1d2400 Uncommon trap: trap_request=0xffffffbe fr.pc=0x000001c3d54677a0 relative=0x0000000000000360
Event: 12.079 Thread 0x000001c3ea1d2400 Uncommon trap: reason=profile_predicate action=maybe_recompile pc=0x000001c3d54677a0 method=java.util.HashMap.valuesToArray([Ljava/lang/Object;)[Ljava/lang/Object; @ 32 c2
Event: 12.079 Thread 0x000001c3ea1d2400 DEOPT PACKING pc=0x000001c3d54677a0 sp=0x0000005ddb5fc9c0
Event: 12.079 Thread 0x000001c3ea1d2400 DEOPT UNPACKING pc=0x000001c3d4bc7da2 sp=0x0000005ddb5fc980 mode 2
Event: 12.079 Thread 0x000001c3ea1d2400 Uncommon trap: trap_request=0xffffffbe fr.pc=0x000001c3d54677a0 relative=0x0000000000000360
Event: 12.079 Thread 0x000001c3ea1d2400 Uncommon trap: reason=profile_predicate action=maybe_recompile pc=0x000001c3d54677a0 method=java.util.HashMap.valuesToArray([Ljava/lang/Object;)[Ljava/lang/Object; @ 32 c2
Event: 12.079 Thread 0x000001c3ea1d2400 DEOPT PACKING pc=0x000001c3d54677a0 sp=0x0000005ddb5fc9c0
Event: 12.079 Thread 0x000001c3ea1d2400 DEOPT UNPACKING pc=0x000001c3d4bc7da2 sp=0x0000005ddb5fc980 mode 2
Event: 12.080 Thread 0x000001c3ea1d2400 Uncommon trap: trap_request=0xffffffbe fr.pc=0x000001c3d54677a0 relative=0x0000000000000360
Event: 12.080 Thread 0x000001c3ea1d2400 Uncommon trap: reason=profile_predicate action=maybe_recompile pc=0x000001c3d54677a0 method=java.util.HashMap.valuesToArray([Ljava/lang/Object;)[Ljava/lang/Object; @ 32 c2
Event: 12.080 Thread 0x000001c3ea1d2400 DEOPT PACKING pc=0x000001c3d54677a0 sp=0x0000005ddb5fc9c0
Event: 12.080 Thread 0x000001c3ea1d2400 DEOPT UNPACKING pc=0x000001c3d4bc7da2 sp=0x0000005ddb5fc980 mode 2

Classes loaded (20 events):
Event: 12.015 Loading class javax/xml/stream/util/EventReaderDelegate
Event: 12.015 Loading class javax/xml/stream/util/EventReaderDelegate done
Event: 12.016 Loading class javax/xml/stream/util/package-info
Event: 12.016 Loading class javax/xml/stream/util/package-info done
Event: 12.037 Loading class javax/security/auth/login/package-info
Event: 12.037 Loading class javax/security/auth/login/package-info done
Event: 12.037 Loading class javax/security/auth/login/Configuration$Parameters
Event: 12.037 Loading class javax/security/auth/login/Configuration$Parameters done
Event: 12.044 Loading class javax/xml/transform/stream/package-info
Event: 12.044 Loading class javax/xml/transform/stream/package-info done
Event: 12.053 Loading class javax/xml/stream/package-info
Event: 12.053 Loading class javax/xml/stream/package-info done
Event: 12.057 Loading class javax/xml/stream/XMLEventWriter
Event: 12.057 Loading class javax/xml/stream/util/XMLEventConsumer
Event: 12.057 Loading class javax/xml/stream/util/XMLEventConsumer done
Event: 12.057 Loading class javax/xml/stream/XMLEventWriter done
Event: 12.060 Loading class org/xml/sax/package-info
Event: 12.060 Loading class org/xml/sax/package-info done
Event: 12.084 Loading class org/xml/sax/ext/package-info
Event: 12.084 Loading class org/xml/sax/ext/package-info done

Classes unloaded (0 events):
No events

Classes redefined (0 events):
No events

Internal exceptions (20 events):
Event: 3.349 Thread 0x000001c3ea1d37b0 Exception <a 'java/lang/NoSuchMethodError'{0x0000000704ee1ba0}: static Lorg/apache/openejb/assembler/classic/InterceptorBindingInfo;.<clinit>()V> (0x0000000704ee1ba0) 
thrown [s\open\src\hotspot\share\prims\jni.cpp, line 1111]
Event: 3.350 Thread 0x000001c3ea1d37b0 Exception <a 'java/lang/NoSuchMethodError'{0x0000000704eefbe8}: static Lorg/apache/openejb/assembler/classic/InterceptorInfo;.<clinit>()V> (0x0000000704eefbe8) 
thrown [s\open\src\hotspot\share\prims\jni.cpp, line 1111]
Event: 3.350 Thread 0x000001c3ea1d37b0 Exception <a 'java/lang/NoSuchMethodError'{0x0000000704efb0a0}: static Lorg/apache/openejb/assembler/classic/CallbackInfo;.<clinit>()V> (0x0000000704efb0a0) 
thrown [s\open\src\hotspot\share\prims\jni.cpp, line 1111]
Event: 3.353 Thread 0x000001c3ea1d37b0 Exception <a 'java/lang/NoSuchMethodError'{0x0000000704f1ca78}: static Lorg/apache/openejb/assembler/classic/MethodConcurrencyInfo;.<clinit>()V> (0x0000000704f1ca78) 
thrown [s\open\src\hotspot\share\prims\jni.cpp, line 1111]
Event: 3.353 Thread 0x000001c3ea1d37b0 Exception <a 'java/lang/NoSuchMethodError'{0x0000000704f1dbd0}: static Lorg/apache/openejb/assembler/classic/MethodAttributeInfo;.<clinit>()V> (0x0000000704f1dbd0) 
thrown [s\open\src\hotspot\share\prims\jni.cpp, line 1111]
Event: 3.354 Thread 0x000001c3ea1d37b0 Exception <a 'java/lang/NoSuchMethodError'{0x0000000704f2a960}: static Lorg/apache/openejb/assembler/classic/MethodInfo;.<clinit>()V> (0x0000000704f2a960) 
thrown [s\open\src\hotspot\share\prims\jni.cpp, line 1111]
Event: 3.423 Thread 0x000001c3ea1d2400 Exception <a 'java/lang/ClassNotFoundException'{0x000000070552d290}: org/apache/catalina/webresources/jar/Handler> (0x000000070552d290) 
thrown [s\open\src\hotspot\share\classfile\systemDictionary.cpp, line 312]
Event: 4.204 Thread 0x000001c3ea1d2400 Exception <a 'java/io/FileNotFoundException'{0x00000007073ece68}> (0x00000007073ece68) 
thrown [s\open\src\hotspot\share\prims\jni.cpp, line 520]
Event: 4.370 Thread 0x000001c3ea1d2400 Exception <a 'java/lang/NoClassDefFoundError'{0x000000070863a2a0}: org/apache/tools/ant/Task> (0x000000070863a2a0) 
thrown [s\open\src\hotspot\share\classfile\systemDictionary.cpp, line 301]
Event: 4.370 Thread 0x000001c3ea1d2400 Exception <a 'java/lang/NoClassDefFoundError'{0x0000000708647678}: org/apache/tools/ant/Task> (0x0000000708647678) 
thrown [s\open\src\hotspot\share\classfile\systemDictionary.cpp, line 301]
Event: 4.371 Thread 0x000001c3ea1d2400 Exception <a 'java/lang/NoClassDefFoundError'{0x00000007086542b0}: org/apache/tools/ant/Task> (0x00000007086542b0) 
thrown [s\open\src\hotspot\share\classfile\systemDictionary.cpp, line 301]
Event: 4.399 Thread 0x000001c3ea1d2400 Exception <a 'java/lang/NoSuchMethodError'{0x0000000707f29f90}: 'java.lang.Object java.lang.invoke.DirectMethodHandle$Holder.invokeSpecial(java.lang.Object, java.lang.Object, int, java.lang.Object, java.lang.Object)'> (0x0000000707f29f90) 
thrown [s\open\src\hotspot\share\interpreter\linkResolver.cpp, line 773]
Event: 9.861 Thread 0x000001c3ea1d2400 Exception <a 'java/io/FileNotFoundException'{0x000000070be31ae0}> (0x000000070be31ae0) 
thrown [s\open\src\hotspot\share\prims\jni.cpp, line 520]
Event: 10.706 Thread 0x000001c3ea1d2400 Implicit null exception at 0x000001c3d53c9e0f to 0x000001c3d53ca05c
Event: 10.915 Thread 0x000001c3ea1d2400 Exception <a 'java/lang/ClassNotFoundException'{0x000000070ba2d298}: com/sun/org/apache/xerces/internal/impl/msg/spi/XMLMessagesProvider> (0x000000070ba2d298) 
thrown [s\open\src\hotspot\share\classfile\systemDictionary.cpp, line 312]
Event: 10.920 Thread 0x000001c3ea1d2400 Implicit null exception at 0x000001c3d53027c0 to 0x000001c3d5303c48
Event: 10.921 Thread 0x000001c3ea1d2400 Implicit null exception at 0x000001c3d53027c0 to 0x000001c3d5303c48
Event: 10.928 Thread 0x000001c3ea1d2400 Implicit null exception at 0x000001c3d53027c0 to 0x000001c3d5303c48
Event: 12.063 Thread 0x000001c3ea1d2400 Exception <a 'java/lang/NoClassDefFoundError'{0x000000070d720b68}: org/apache/tools/ant/Task> (0x000000070d720b68) 
thrown [s\open\src\hotspot\share\classfile\systemDictionary.cpp, line 301]
Event: 12.065 Thread 0x000001c3ea1d2400 Exception <a 'java/lang/NoClassDefFoundError'{0x000000070d727fb8}: org/apache/tools/ant/Task> (0x000000070d727fb8) 
thrown [s\open\src\hotspot\share\classfile\systemDictionary.cpp, line 301]

ZGC Phase Switch (0 events):
No events

VM Operations (20 events):
Event: 9.997 Executing VM operation: G1CollectForAllocation (G1 Evacuation Pause) done
Event: 10.298 Executing VM operation: G1CollectForAllocation (G1 Evacuation Pause)
Event: 10.298 Executing VM operation: G1CollectForAllocation (G1 Evacuation Pause) done
Event: 10.593 Executing VM operation: G1CollectForAllocation (G1 Evacuation Pause)
Event: 10.594 Executing VM operation: G1CollectForAllocation (G1 Evacuation Pause) done
Event: 10.778 Executing VM operation: HandshakeAllThreads (Deoptimize)
Event: 10.778 Executing VM operation: HandshakeAllThreads (Deoptimize) done
Event: 11.102 Executing VM operation: G1CollectForAllocation (G1 Evacuation Pause)
Event: 11.108 Executing VM operation: G1CollectForAllocation (G1 Evacuation Pause) done
Event: 11.355 Executing VM operation: G1CollectForAllocation (G1 Evacuation Pause)
Event: 11.370 Executing VM operation: G1CollectForAllocation (G1 Evacuation Pause) done
Event: 11.624 Executing VM operation: G1CollectForAllocation (G1 Evacuation Pause)
Event: 11.646 Executing VM operation: G1CollectForAllocation (G1 Evacuation Pause) done
Event: 11.879 Executing VM operation: G1CollectForAllocation (G1 Evacuation Pause)
Event: 11.896 Executing VM operation: G1CollectForAllocation (G1 Evacuation Pause) done
Event: 12.002 Executing VM operation: HandshakeAllThreads (Deoptimize)
Event: 12.002 Executing VM operation: HandshakeAllThreads (Deoptimize) done
Event: 12.026 Executing VM operation: HandshakeAllThreads (Deoptimize)
Event: 12.027 Executing VM operation: HandshakeAllThreads (Deoptimize) done
Event: 12.243 Executing VM operation: G1CollectForAllocation (G1 Evacuation Pause)

Events (20 events):
Event: 4.503 Thread 0x000001c3e4a0bb80 flushing nmethod 0x000001c3cd92ef90
Event: 4.503 Thread 0x000001c3e4a0bb80 flushing nmethod 0x000001c3cdb49390
Event: 4.503 Thread 0x000001c3e4a0bb80 flushing nmethod 0x000001c3cdb49f10
Event: 4.503 Thread 0x000001c3e4a0bb80 flushing nmethod 0x000001c3cdb4a710
Event: 4.503 Thread 0x000001c3e4a0bb80 flushing nmethod 0x000001c3cdc84c10
Event: 4.503 Thread 0x000001c3e4a0bb80 flushing nmethod 0x000001c3cd650c10
Event: 4.503 Thread 0x000001c3e4a0bb80 flushing nmethod 0x000001c3cd76fb90
Event: 4.503 Thread 0x000001c3e4a0bb80 flushing nmethod 0x000001c3cd803790
Event: 4.503 Thread 0x000001c3e4a0bb80 flushing nmethod 0x000001c3cd968510
Event: 5.286 Thread 0x000001c3ea568600 Thread exited: 0x000001c3ea568600
Event: 5.879 Thread 0x000001c3e4f0fb80 Thread exited: 0x000001c3e4f0fb80
Event: 9.648 Thread 0x000001c3e4f0fb80 Thread added: 0x000001c3e4f0fb80
Event: 9.658 Thread 0x000001c3ea568600 Thread added: 0x000001c3ea568600
Event: 10.069 Thread 0x000001c3ea568600 Thread exited: 0x000001c3ea568600
Event: 10.304 Thread 0x000001c3e4f0fb80 Thread exited: 0x000001c3e4f0fb80
Event: 10.994 Thread 0x000001c3e4f0fb80 Thread added: 0x000001c3e4f0fb80
Event: 11.164 Thread 0x000001c3ea568600 Thread added: 0x000001c3ea568600
Event: 11.683 Thread 0x000001c3ea568600 Thread exited: 0x000001c3ea568600
Event: 11.927 Thread 0x000001c3e4f0fb80 Thread exited: 0x000001c3e4f0fb80
Event: 12.023 Thread 0x000001c3e4f0fb80 Thread added: 0x000001c3e4f0fb80


Dynamic libraries:
0x00007ff74c4d0000 - 0x00007ff74c4e0000 	D:\java\jdk21\bin\java.exe
0x00007ff869530000 - 0x00007ff869728000 	C:\WINDOWS\SYSTEM32\ntdll.dll
0x00007ff868f90000 - 0x00007ff869052000 	C:\WINDOWS\System32\KERNEL32.DLL
0x00007ff866ec0000 - 0x00007ff8671bf000 	C:\WINDOWS\System32\KERNELBASE.dll
0x00007ff8673b0000 - 0x00007ff8674b0000 	C:\WINDOWS\System32\ucrtbase.dll
0x00007ff85e020000 - 0x00007ff85e03b000 	D:\java\jdk21\bin\VCRUNTIME140.dll
0x00007ff85cf30000 - 0x00007ff85cf49000 	D:\java\jdk21\bin\jli.dll
0x00007ff869340000 - 0x00007ff8693ef000 	C:\WINDOWS\System32\ADVAPI32.dll
0x00007ff869420000 - 0x00007ff8694be000 	C:\WINDOWS\System32\msvcrt.dll
0x00007ff867670000 - 0x00007ff86770f000 	C:\WINDOWS\System32\sechost.dll
0x00007ff867850000 - 0x00007ff867973000 	C:\WINDOWS\System32\RPCRT4.dll
0x00007ff866bd0000 - 0x00007ff866bf7000 	C:\WINDOWS\System32\bcrypt.dll
0x00007ff868d00000 - 0x00007ff868e9d000 	C:\WINDOWS\System32\USER32.dll
0x00007ff866c00000 - 0x00007ff866c22000 	C:\WINDOWS\System32\win32u.dll
0x00007ff8694c0000 - 0x00007ff8694eb000 	C:\WINDOWS\System32\GDI32.dll
0x00007ff8538e0000 - 0x00007ff853b7a000 	C:\WINDOWS\WinSxS\amd64_microsoft.windows.common-controls_6595b64144ccf1df_6.0.19041.4355_none_60b8b9eb71f62e16\COMCTL32.dll
0x00007ff866c80000 - 0x00007ff866d9a000 	C:\WINDOWS\System32\gdi32full.dll
0x00007ff8674b0000 - 0x00007ff86754d000 	C:\WINDOWS\System32\msvcp_win.dll
0x00007ff860780000 - 0x00007ff86078a000 	C:\WINDOWS\SYSTEM32\VERSION.dll
0x00007ff8693f0000 - 0x00007ff86941f000 	C:\WINDOWS\System32\IMM32.DLL
0x00007ff860560000 - 0x00007ff86056c000 	D:\java\jdk21\bin\vcruntime140_1.dll
0x00007ff848ac0000 - 0x00007ff848b4e000 	D:\java\jdk21\bin\msvcp140.dll
0x00007ff80c330000 - 0x00007ff80d04a000 	D:\java\jdk21\bin\server\jvm.dll
0x00007ff8692d0000 - 0x00007ff86933b000 	C:\WINDOWS\System32\WS2_32.dll
0x00007ff866110000 - 0x00007ff86615b000 	C:\WINDOWS\SYSTEM32\POWRPROF.dll
0x00007ff8591a0000 - 0x00007ff8591c7000 	C:\WINDOWS\SYSTEM32\WINMM.dll
0x00007ff865fd0000 - 0x00007ff865fe2000 	C:\WINDOWS\SYSTEM32\UMPDC.dll
0x00007ff8653f0000 - 0x00007ff865402000 	C:\WINDOWS\SYSTEM32\kernel.appcore.dll
0x00007ff860460000 - 0x00007ff86046a000 	D:\java\jdk21\bin\jimage.dll
0x00007ff8647c0000 - 0x00007ff8649a4000 	C:\WINDOWS\SYSTEM32\DBGHELP.DLL
0x00007ff842ba0000 - 0x00007ff842bd4000 	C:\WINDOWS\SYSTEM32\dbgcore.DLL
0x00007ff867320000 - 0x00007ff8673a2000 	C:\WINDOWS\System32\bcryptPrimitives.dll
0x00007ff85cf20000 - 0x00007ff85cf2f000 	D:\java\jdk21\bin\instrument.dll
0x00007ff85b290000 - 0x00007ff85b2af000 	D:\java\jdk21\bin\java.dll
0x00007ff867f30000 - 0x00007ff86869d000 	C:\WINDOWS\System32\SHELL32.dll
0x00007ff864c30000 - 0x00007ff8653d4000 	C:\WINDOWS\SYSTEM32\windows.storage.dll
0x00007ff8689a0000 - 0x00007ff868cf5000 	C:\WINDOWS\System32\combase.dll
0x00007ff866600000 - 0x00007ff86662b000 	C:\WINDOWS\SYSTEM32\Wldp.dll
0x00007ff868870000 - 0x00007ff86893d000 	C:\WINDOWS\System32\OLEAUT32.dll
0x00007ff869060000 - 0x00007ff86910d000 	C:\WINDOWS\System32\SHCORE.dll
0x00007ff867770000 - 0x00007ff8677c5000 	C:\WINDOWS\System32\shlwapi.dll
0x00007ff866b00000 - 0x00007ff866b25000 	C:\WINDOWS\SYSTEM32\profapi.dll
0x00007ff843e10000 - 0x00007ff843ee7000 	D:\java\jdk21\bin\jsvml.dll
0x00007ff859090000 - 0x00007ff8590a8000 	D:\java\jdk21\bin\zip.dll
0x00007ff85d7b0000 - 0x00007ff85d7c0000 	D:\java\jdk21\bin\net.dll
0x00007ff863b90000 - 0x00007ff863c9a000 	C:\WINDOWS\SYSTEM32\WINHTTP.dll
0x00007ff866360000 - 0x00007ff8663cc000 	C:\WINDOWS\system32\mswsock.dll
0x00007ff85b270000 - 0x00007ff85b286000 	D:\java\jdk21\bin\nio.dll
0x00007ff859080000 - 0x00007ff859089000 	D:\java\jdk21\bin\management_agent.dll
0x00007ff854a10000 - 0x00007ff854a1a000 	D:\java\jdk21\bin\management.dll
0x00007ff854980000 - 0x00007ff85498b000 	D:\java\jdk21\bin\management_ext.dll
0x00007ff8692c0000 - 0x00007ff8692c8000 	C:\WINDOWS\System32\PSAPI.DLL
0x00007ff85cbd0000 - 0x00007ff85cbe7000 	C:\WINDOWS\system32\napinsp.dll
0x00007ff812c70000 - 0x00007ff812c8b000 	C:\WINDOWS\system32\pnrpnsp.dll
0x00007ff8397c0000 - 0x00007ff8397d5000 	C:\WINDOWS\system32\wshbth.dll
0x00007ff863cb0000 - 0x00007ff863ccd000 	C:\WINDOWS\system32\NLAapi.dll
0x00007ff865ff0000 - 0x00007ff86602b000 	C:\WINDOWS\SYSTEM32\IPHLPAPI.DLL
0x00007ff866030000 - 0x00007ff8660fa000 	C:\WINDOWS\SYSTEM32\DNSAPI.dll
0x00007ff8686a0000 - 0x00007ff8686a8000 	C:\WINDOWS\System32\NSI.dll
0x00007ff80d5d0000 - 0x00007ff80d5e2000 	C:\WINDOWS\System32\winrnr.dll
0x00007ff860860000 - 0x00007ff86086a000 	C:\Windows\System32\rasadhlp.dll
0x00007ff85f720000 - 0x00007ff85f7a0000 	C:\WINDOWS\System32\fwpuclnt.dll
0x00007ff866550000 - 0x00007ff866568000 	C:\WINDOWS\SYSTEM32\CRYPTSP.dll
0x00007ff865c10000 - 0x00007ff865c48000 	C:\WINDOWS\system32\rsaenh.dll
0x00007ff866ac0000 - 0x00007ff866aee000 	C:\WINDOWS\SYSTEM32\USERENV.dll
0x00007ff866570000 - 0x00007ff86657c000 	C:\WINDOWS\SYSTEM32\CRYPTBASE.dll
0x00007ff85c570000 - 0x00007ff85c579000 	D:\java\jdk21\bin\extnet.dll
0x00007ff853e70000 - 0x00007ff853e7e000 	D:\java\jdk21\bin\sunmscapi.dll
0x00007ff8671c0000 - 0x00007ff86731c000 	C:\WINDOWS\System32\CRYPT32.dll
0x00007ff866670000 - 0x00007ff866697000 	C:\WINDOWS\SYSTEM32\ncrypt.dll
0x00007ff866630000 - 0x00007ff86666b000 	C:\WINDOWS\SYSTEM32\NTASN1.dll
0x00007ff852e40000 - 0x00007ff852e50000 	D:\java\jdk21\bin\verify.dll
0x00007ff8612b0000 - 0x00007ff8612b7000 	C:\WINDOWS\system32\wshunix.dll

dbghelp: loaded successfully - version: 4.0.5 - missing functions: none
symbol engine: initialized successfully - sym options: 0x614 - pdb path: .;D:\java\jdk21\bin;C:\WINDOWS\SYSTEM32;C:\WINDOWS\WinSxS\amd64_microsoft.windows.common-controls_6595b64144ccf1df_6.0.19041.4355_none_60b8b9eb71f62e16;D:\java\jdk21\bin\server

VM Arguments:
jvm_args: -Djava.util.logging.config.file=C:\Users\dell\AppData\Local\JetBrains\IntelliJIdea2024.3\tomcat\9f411d38-16df-4f19-b5be-948e73c00b98\conf\logging.properties -Djava.util.logging.manager=org.apache.juli.ClassLoaderLogManager -javaagent:D:\CODE WEB\a\page-movie-management\apache-tomee-webprofile-10.0.0\lib\openejb-javaagent.jar -Dcom.sun.management.jmxremote= -Dcom.sun.management.jmxremote.port=1099 -Dcom.sun.management.jmxremote.ssl=false -Dcom.sun.management.jmxremote.password.file=C:\Users\dell\AppData\Local\JetBrains\IntelliJIdea2024.3\tomcat\9f411d38-16df-4f19-b5be-948e73c00b98\jmxremote.password -Dcom.sun.management.jmxremote.access.file=C:\Users\dell\AppData\Local\JetBrains\IntelliJIdea2024.3\tomcat\9f411d38-16df-4f19-b5be-948e73c00b98\jmxremote.access -Djava.rmi.server.hostname=127.0.0.1 -Dtomee.serialization.class.whitelist= -Dtomee.serialization.class.blacklist=- -Dtomee.remote.support=true -Dopenejb.system.apps=true -Djdk.tls.ephemeralDHKeySize=2048 -Djava.protocol.handler.pkgs=org.apache.catalina.webresources --add-opens=java.base/java.lang=ALL-UNNAMED --add-opens=java.base/java.io=ALL-UNNAMED --add-opens=java.base/java.util=ALL-UNNAMED --add-opens=java.base/java.util.concurrent=ALL-UNNAMED --add-opens=java.rmi/sun.rmi.transport=ALL-UNNAMED -Dcatalina.base=C:\Users\dell\AppData\Local\JetBrains\IntelliJIdea2024.3\tomcat\9f411d38-16df-4f19-b5be-948e73c00b98 -Dcatalina.home=D:\CODE WEB\a\page-movie-management\apache-tomee-webprofile-10.0.0 -Djava.io.tmpdir=C:\Users\dell\AppData\Local\JetBrains\IntelliJIdea2024.3\tomcat\9f411d38-16df-4f19-b5be-948e73c00b98\temp 
java_command: org.apache.catalina.startup.Bootstrap start
java_class_path (initial): D:\CODE WEB\a\page-movie-management\apache-tomee-webprofile-10.0.0\bin\bootstrap.jar;D:\CODE WEB\a\page-movie-management\apache-tomee-webprofile-10.0.0\bin\tomcat-juli.jar
Launcher Type: SUN_STANDARD

[Global flags]
     intx CICompilerCount                          = 4                                         {product} {ergonomic}
     uint ConcGCThreads                            = 2                                         {product} {ergonomic}
     uint G1ConcRefinementThreads                  = 8                                         {product} {ergonomic}
   size_t G1HeapRegionSize                         = 2097152                                   {product} {ergonomic}
    uintx GCDrainStackTargetSize                   = 64                                        {product} {ergonomic}
   size_t InitialHeapSize                          = 264241152                                 {product} {ergonomic}
     bool ManagementServer                         = true                                      {product} {command line}
   size_t MarkStackSize                            = 4194304                                   {product} {ergonomic}
   size_t MaxHeapSize                              = 4225761280                                {product} {ergonomic}
   size_t MaxNewSize                               = 2535456768                                {product} {ergonomic}
   size_t MinHeapDeltaBytes                        = 2097152                                   {product} {ergonomic}
   size_t MinHeapSize                              = 8388608                                   {product} {ergonomic}
    uintx NonNMethodCodeHeapSize                   = 5839372                                {pd product} {ergonomic}
    uintx NonProfiledCodeHeapSize                  = 122909434                              {pd product} {ergonomic}
    uintx ProfiledCodeHeapSize                     = 122909434                              {pd product} {ergonomic}
    uintx ReservedCodeCacheSize                    = 251658240                              {pd product} {ergonomic}
     bool SegmentedCodeCache                       = true                                      {product} {ergonomic}
   size_t SoftMaxHeapSize                          = 4225761280                             {manageable} {ergonomic}
     bool UseCompressedOops                        = true                           {product lp64_product} {ergonomic}
     bool UseG1GC                                  = true                                      {product} {ergonomic}
     bool UseLargePagesIndividualAllocation        = false                                  {pd product} {ergonomic}

Logging:
Log output configuration:
 #0: stdout all=warning uptime,level,tags foldmultilines=false
 #1: stderr all=off uptime,level,tags foldmultilines=false

Environment Variables:
JAVA_HOME=D:\java\jdk21
CLASSPATH=D:\CODE WEB\a\page-movie-management\apache-tomee-webprofile-10.0.0\bin\bootstrap.jar;D:\CODE WEB\a\page-movie-management\apache-tomee-webprofile-10.0.0\bin\tomcat-juli.jar
PATH=C:\Program Files\Microsoft MPI\Bin\;C:\Program Files\Common Files\Oracle\Java\javapath;C:\WINDOWS\system32;C:\WINDOWS;C:\WINDOWS\System32\Wbem;C:\WINDOWS\System32\WindowsPowerShell\v1.0\;C:\WINDOWS\System32\OpenSSH\;C:\Program Files\Microsoft SQL Server\Client SDK\ODBC\170\Tools\Binn\;D:\Install\bin;D:\Git\cmd;D:\XAMPP\php;C:\ProgramData\ComposerSetup\bin;C:\mingw64\bin;C:\TDM-GCC-32\bin;D:\notejs\;D:\XAMPP\mysql\bin;D:\Maven\bin;D:\Maven\apache-maven-3.9.9\bin;C:\Program Files (x86)\Microsoft SQL Server\160\Tools\Binn\;C:\Program Files\Microsoft SQL Server\160\Tools\Binn\;C:\Program Files\Microsoft SQL Server\160\DTS\Binn\;C:\Program Files (x86)\Microsoft SQL Server\160\DTS\Binn\;D:\python\Scripts\;D:\python\;D:\java\jdk21\bin;D:\Microsoft VS Code\bin;C:\Users\dell\AppData\Roaming\Composer\vendor\bin;C:\mingw64\bin;C:\Users\dell\AppData\Roaming\npm;D:\nodejs;D:\PyCharm\PyCharm Community Edition 2024.2.4\bin;;D:\Wireshark;D:\python3.10;D:\python39;D:\JetBrains\IntelliJ IDEA 2024.3.4.1\bin;;D:\Maven\bin;
USERNAME=dell
OS=Windows_NT
PROCESSOR_IDENTIFIER=Intel64 Family 6 Model 140 Stepping 1, GenuineIntel
TMP=C:\Users\dell\AppData\Local\Temp
TEMP=C:\Users\dell\AppData\Local\Temp




Periodic native trim disabled

---------------  S Y S T E M  ---------------

OS:
 Windows 10 , 64 bit Build 19041 (10.0.19041.5438)
OS uptime: 0 days 12:42 hours

CPU: total 8 (initial active 8) (4 cores per cpu, 2 threads per core) family 6 model 140 stepping 1 microcode 0xba, cx8, cmov, fxsr, ht, mmx, 3dnowpref, sse, sse2, sse3, ssse3, sse4.1, sse4.2, popcnt, lzcnt, tsc, tscinvbit, avx, avx2, aes, erms, clmul, bmi1, bmi2, adx, avx512f, avx512dq, avx512cd, avx512bw, avx512vl, sha, fma, vzeroupper, avx512_vpopcntdq, avx512_vpclmulqdq, avx512_vaes, avx512_vnni, clflush, clflushopt, clwb, avx512_vbmi2, avx512_vbmi, rdtscp, rdpid, fsrm, gfni, avx512_bitalg, f16c, pku, cet_ibt, cet_ss, avx512_ifma
Processor Information for all 8 processors :
  Max Mhz: 2419, Current Mhz: 2419, Mhz Limit: 2419

Memory: 4k page, system-wide physical 16118M (3671M free)
TotalPageFile size 19237M (AvailPageFile size 31M)
current process WorkingSet (physical memory assigned to process): 357M, peak: 360M
current process commit charge ("private bytes"): 469M, peak: 502M

vm_info: Java HotSpot(TM) 64-Bit Server VM (21.0.6+8-LTS-188) for windows-amd64 JRE (21.0.6+8-LTS-188), built on 2024-12-03T10:50:54Z by "mach5one" with MS VC++ 17.6 (VS2022)

END.
