#
# There is insufficient memory for the Java Runtime Environment to continue.
# Native memory allocation (mmap) failed to map 264241152 bytes for G1 virtual space
# Possible reasons:
#   The system is out of physical RAM or swap space
#   The process is running with CompressedOops enabled, and the Java Heap may be blocking the growth of the native heap
# Possible solutions:
#   Reduce memory load on the system
#   Increase physical memory or swap space
#   Check if swap backing store is full
#   Decrease Java heap size (-Xmx/-Xms)
#   Decrease number of Java threads
#   Decrease Java thread stack sizes (-Xss)
#   Set larger code cache with -XX:ReservedCodeCacheSize=
#   JVM is running with Zero Based Compressed Oops mode in which the Java heap is
#     placed in the first 32GB address space. The Java Heap base address is the
#     maximum limit for the native heap growth. Please use -XX:HeapBaseMinAddress
#     to set the Java Heap base and to place the Java Heap above 32GB virtual address.
# This output file may be truncated or incomplete.
#
#  Out of Memory Error (os_windows.cpp:3603), pid=19180, tid=11420
#
# JRE version:  (21.0.6+8) (build )
# Java VM: Java HotSpot(TM) 64-Bit Server VM (21.0.6+8-LTS-188, mixed mode, sharing, tiered, compressed oops, compressed class ptrs, g1 gc, windows-amd64)
# No core dump will be written. Minidumps are not enabled by default on client versions of Windows
#

---------------  S U M M A R Y ------------

Command Line: -Djava.util.logging.config.file=C:\Users\dell\AppData\Local\JetBrains\IntelliJIdea2024.3\tomcat\9f411d38-16df-4f19-b5be-948e73c00b98\conf\logging.properties -Djava.util.logging.manager=org.apache.juli.ClassLoaderLogManager -javaagent:D:\CODE WEB\a\page-movie-management\apache-tomee-webprofile-10.0.0\lib\openejb-javaagent.jar -Dcom.sun.management.jmxremote= -Dcom.sun.management.jmxremote.port=1099 -Dcom.sun.management.jmxremote.ssl=false -Dcom.sun.management.jmxremote.password.file=C:\Users\dell\AppData\Local\JetBrains\IntelliJIdea2024.3\tomcat\9f411d38-16df-4f19-b5be-948e73c00b98\jmxremote.password -Dcom.sun.management.jmxremote.access.file=C:\Users\dell\AppData\Local\JetBrains\IntelliJIdea2024.3\tomcat\9f411d38-16df-4f19-b5be-948e73c00b98\jmxremote.access -Djava.rmi.server.hostname=127.0.0.1 -Dtomee.serialization.class.whitelist= -Dtomee.serialization.class.blacklist=- -Dtomee.remote.support=true -Dopenejb.system.apps=true -Djdk.tls.ephemeralDHKeySize=2048 -Djava.protocol.handler.pkgs=org.apache.catalina.webresources --add-opens=java.base/java.lang=ALL-UNNAMED --add-opens=java.base/java.io=ALL-UNNAMED --add-opens=java.base/java.util=ALL-UNNAMED --add-opens=java.base/java.util.concurrent=ALL-UNNAMED --add-opens=java.rmi/sun.rmi.transport=ALL-UNNAMED -Dcatalina.base=C:\Users\dell\AppData\Local\JetBrains\IntelliJIdea2024.3\tomcat\9f411d38-16df-4f19-b5be-948e73c00b98 -Dcatalina.home=D:\CODE WEB\a\page-movie-management\apache-tomee-webprofile-10.0.0 -Djava.io.tmpdir=C:\Users\dell\AppData\Local\JetBrains\IntelliJIdea2024.3\tomcat\9f411d38-16df-4f19-b5be-948e73c00b98\temp org.apache.catalina.startup.Bootstrap start

Host: 11th Gen Intel(R) Core(TM) i5-1135G7 @ 2.40GHz, 8 cores, 15G,  Windows 10 , 64 bit Build 19041 (10.0.19041.5438)
Time: Fri Apr  4 20:31:42 2025 SE Asia Standard Time elapsed time: 0.021444 seconds (0d 0h 0m 0s)

---------------  T H R E A D  ---------------

Current thread (0x0000027ab9918400):  JavaThread "Unknown thread" [_thread_in_vm, id=11420, stack(0x0000008164e00000,0x0000008164f00000) (1024K)]

Stack: [0x0000008164e00000,0x0000008164f00000]
Native frames: (J=compiled Java code, j=interpreted, Vv=VM code, C=native code)
V  [jvm.dll+0x6ca6d9]
V  [jvm.dll+0x854f51]
V  [jvm.dll+0x85747e]
V  [jvm.dll+0x857b53]
V  [jvm.dll+0x27dcc6]
V  [jvm.dll+0x6c6e55]
V  [jvm.dll+0x6bb9da]
V  [jvm.dll+0x35393a]
V  [jvm.dll+0x35b596]
V  [jvm.dll+0x3adefe]
V  [jvm.dll+0x3ae1a8]
V  [jvm.dll+0x327cbc]
V  [jvm.dll+0x32881b]
V  [jvm.dll+0x81e309]
V  [jvm.dll+0x3babe1]
V  [jvm.dll+0x807658]
V  [jvm.dll+0x44fdae]
V  [jvm.dll+0x4519a1]
C  [jli.dll+0x52a3]
C  [ucrtbase.dll+0x21bb2]
C  [KERNEL32.DLL+0x17374]
C  [ntdll.dll+0x4cc91]


---------------  P R O C E S S  ---------------

Threads class SMR info:
_java_thread_list=0x00007ff80cefcc08, length=0, elements={
}

Java Threads: ( => current thread )
Total: 0

Other Threads:
  0x0000027ab9a7de40 WorkerThread "GC Thread#0"                     [id=14600, stack(0x0000008164f00000,0x0000008165000000) (1024K)]
  0x0000027ab9a8aa00 ConcurrentGCThread "G1 Main Marker"            [id=3012, stack(0x0000008165000000,0x0000008165100000) (1024K)]
  0x0000027ab99de7d0 WorkerThread "G1 Conc#0"                       [id=11208, stack(0x0000008165100000,0x0000008165200000) (1024K)]

[error occurred during error reporting (printing all threads), id 0xc0000005, EXCEPTION_ACCESS_VIOLATION (0xc0000005) at pc=0x00007ff80c66a427]
VM state: not at safepoint (not fully initialized)

VM Mutex/Monitor currently owned by a thread:  ([mutex/lock_event])
[0x00007ff80cf6df98] Heap_lock - owner thread: 0x0000027ab9918400

Heap address: 0x0000000704200000, size: 4030 MB, Compressed Oops mode: Zero based, Oop shift amount: 3

CDS archive(s) mapped at: [0x0000000000000000-0x0000000000000000-0x0000000000000000), size 0, SharedBaseAddress: 0x0000000800000000, ArchiveRelocationMode: 1.
Narrow klass base: 0x0000000000000000, Narrow klass shift: 0, Narrow klass range: 0x0

GC Precious Log:
 CardTable entry size: 512
 Card Set container configuration: InlinePtr #cards 4 size 8 Array Of Cards #cards 16 size 48 Howl #buckets 8 coarsen threshold 3686 Howl Bitmap #cards 512 size 80 coarsen threshold 460 Card regions per heap region 1 cards per card region 4096

Heap:
 garbage-first heap   total 0K, used 0K [0x0000000704200000, 0x0000000800000000)
  region size 2048K, 0 young (0K), 0 survivors (0K)

[error occurred during error reporting (printing heap information), id 0xc0000005, EXCEPTION_ACCESS_VIOLATION (0xc0000005) at pc=0x00007ff80ca536a9]
GC Heap History (0 events):
No events

Dll operation events (1 events):
Event: 0.016 Loaded shared library D:\java\jdk21\bin\java.dll

Deoptimization events (0 events):
No events

Classes loaded (0 events):
No events

Classes unloaded (0 events):
No events

Classes redefined (0 events):
No events

Internal exceptions (0 events):
No events

ZGC Phase Switch (0 events):
No events

VM Operations (0 events):
No events

Events (0 events):
No events


Dynamic libraries:
0x00007ff74c4d0000 - 0x00007ff74c4e0000 	D:\java\jdk21\bin\java.exe
0x00007ff869530000 - 0x00007ff869728000 	C:\WINDOWS\SYSTEM32\ntdll.dll
0x00007ff868f90000 - 0x00007ff869052000 	C:\WINDOWS\System32\KERNEL32.DLL
0x00007ff866ec0000 - 0x00007ff8671bf000 	C:\WINDOWS\System32\KERNELBASE.dll
0x00007ff8673b0000 - 0x00007ff8674b0000 	C:\WINDOWS\System32\ucrtbase.dll
0x00007ff860460000 - 0x00007ff860479000 	D:\java\jdk21\bin\jli.dll
0x00007ff869340000 - 0x00007ff8693ef000 	C:\WINDOWS\System32\ADVAPI32.dll
0x00007ff85e020000 - 0x00007ff85e03b000 	D:\java\jdk21\bin\VCRUNTIME140.dll
0x00007ff869420000 - 0x00007ff8694be000 	C:\WINDOWS\System32\msvcrt.dll
0x00007ff867670000 - 0x00007ff86770f000 	C:\WINDOWS\System32\sechost.dll
0x00007ff867850000 - 0x00007ff867973000 	C:\WINDOWS\System32\RPCRT4.dll
0x00007ff866bd0000 - 0x00007ff866bf7000 	C:\WINDOWS\System32\bcrypt.dll
0x00007ff868d00000 - 0x00007ff868e9d000 	C:\WINDOWS\System32\USER32.dll
0x00007ff866c00000 - 0x00007ff866c22000 	C:\WINDOWS\System32\win32u.dll
0x00007ff8694c0000 - 0x00007ff8694eb000 	C:\WINDOWS\System32\GDI32.dll
0x00007ff866c80000 - 0x00007ff866d9a000 	C:\WINDOWS\System32\gdi32full.dll
0x00007ff8674b0000 - 0x00007ff86754d000 	C:\WINDOWS\System32\msvcp_win.dll
0x00007ff8538e0000 - 0x00007ff853b7a000 	C:\WINDOWS\WinSxS\amd64_microsoft.windows.common-controls_6595b64144ccf1df_6.0.19041.4355_none_60b8b9eb71f62e16\COMCTL32.dll
0x00007ff860780000 - 0x00007ff86078a000 	C:\WINDOWS\SYSTEM32\VERSION.dll
0x00007ff8693f0000 - 0x00007ff86941f000 	C:\WINDOWS\System32\IMM32.DLL
0x00007ff85e310000 - 0x00007ff85e31c000 	D:\java\jdk21\bin\vcruntime140_1.dll
0x00007ff843e60000 - 0x00007ff843eee000 	D:\java\jdk21\bin\msvcp140.dll
0x00007ff80c330000 - 0x00007ff80d04a000 	D:\java\jdk21\bin\server\jvm.dll
0x00007ff8692d0000 - 0x00007ff86933b000 	C:\WINDOWS\System32\WS2_32.dll
0x00007ff866110000 - 0x00007ff86615b000 	C:\WINDOWS\SYSTEM32\POWRPROF.dll
0x00007ff8591a0000 - 0x00007ff8591c7000 	C:\WINDOWS\SYSTEM32\WINMM.dll
0x00007ff865fd0000 - 0x00007ff865fe2000 	C:\WINDOWS\SYSTEM32\UMPDC.dll
0x00007ff8653f0000 - 0x00007ff865402000 	C:\WINDOWS\SYSTEM32\kernel.appcore.dll
0x00007ff85d7b0000 - 0x00007ff85d7ba000 	D:\java\jdk21\bin\jimage.dll
0x00007ff8647c0000 - 0x00007ff8649a4000 	C:\WINDOWS\SYSTEM32\DBGHELP.DLL
0x00007ff842ba0000 - 0x00007ff842bd4000 	C:\WINDOWS\SYSTEM32\dbgcore.DLL
0x00007ff867320000 - 0x00007ff8673a2000 	C:\WINDOWS\System32\bcryptPrimitives.dll
0x00007ff85c570000 - 0x00007ff85c57f000 	D:\java\jdk21\bin\instrument.dll
0x00007ff85b290000 - 0x00007ff85b2af000 	D:\java\jdk21\bin\java.dll

dbghelp: loaded successfully - version: 4.0.5 - missing functions: none
symbol engine: initialized successfully - sym options: 0x614 - pdb path: .;D:\java\jdk21\bin;C:\WINDOWS\SYSTEM32;C:\WINDOWS\WinSxS\amd64_microsoft.windows.common-controls_6595b64144ccf1df_6.0.19041.4355_none_60b8b9eb71f62e16;D:\java\jdk21\bin\server

VM Arguments:
jvm_args: -Djava.util.logging.config.file=C:\Users\dell\AppData\Local\JetBrains\IntelliJIdea2024.3\tomcat\9f411d38-16df-4f19-b5be-948e73c00b98\conf\logging.properties -Djava.util.logging.manager=org.apache.juli.ClassLoaderLogManager -javaagent:D:\CODE WEB\a\page-movie-management\apache-tomee-webprofile-10.0.0\lib\openejb-javaagent.jar -Dcom.sun.management.jmxremote= -Dcom.sun.management.jmxremote.port=1099 -Dcom.sun.management.jmxremote.ssl=false -Dcom.sun.management.jmxremote.password.file=C:\Users\dell\AppData\Local\JetBrains\IntelliJIdea2024.3\tomcat\9f411d38-16df-4f19-b5be-948e73c00b98\jmxremote.password -Dcom.sun.management.jmxremote.access.file=C:\Users\dell\AppData\Local\JetBrains\IntelliJIdea2024.3\tomcat\9f411d38-16df-4f19-b5be-948e73c00b98\jmxremote.access -Djava.rmi.server.hostname=127.0.0.1 -Dtomee.serialization.class.whitelist= -Dtomee.serialization.class.blacklist=- -Dtomee.remote.support=true -Dopenejb.system.apps=true -Djdk.tls.ephemeralDHKeySize=2048 -Djava.protocol.handler.pkgs=org.apache.catalina.webresources --add-opens=java.base/java.lang=ALL-UNNAMED --add-opens=java.base/java.io=ALL-UNNAMED --add-opens=java.base/java.util=ALL-UNNAMED --add-opens=java.base/java.util.concurrent=ALL-UNNAMED --add-opens=java.rmi/sun.rmi.transport=ALL-UNNAMED -Dcatalina.base=C:\Users\dell\AppData\Local\JetBrains\IntelliJIdea2024.3\tomcat\9f411d38-16df-4f19-b5be-948e73c00b98 -Dcatalina.home=D:\CODE WEB\a\page-movie-management\apache-tomee-webprofile-10.0.0 -Djava.io.tmpdir=C:\Users\dell\AppData\Local\JetBrains\IntelliJIdea2024.3\tomcat\9f411d38-16df-4f19-b5be-948e73c00b98\temp 
java_command: org.apache.catalina.startup.Bootstrap start
java_class_path (initial): D:\CODE WEB\a\page-movie-management\apache-tomee-webprofile-10.0.0\bin\bootstrap.jar;D:\CODE WEB\a\page-movie-management\apache-tomee-webprofile-10.0.0\bin\tomcat-juli.jar
Launcher Type: SUN_STANDARD

[Global flags]
     intx CICompilerCount                          = 4                                         {product} {ergonomic}
     uint ConcGCThreads                            = 2                                         {product} {ergonomic}
     uint G1ConcRefinementThreads                  = 8                                         {product} {ergonomic}
   size_t G1HeapRegionSize                         = 2097152                                   {product} {ergonomic}
    uintx GCDrainStackTargetSize                   = 64                                        {product} {ergonomic}
   size_t InitialHeapSize                          = 264241152                                 {product} {ergonomic}
     bool ManagementServer                         = true                                      {product} {command line}
   size_t MarkStackSize                            = 4194304                                   {product} {ergonomic}
   size_t MaxHeapSize                              = 4225761280                                {product} {ergonomic}
   size_t MinHeapDeltaBytes                        = 2097152                                   {product} {ergonomic}
   size_t MinHeapSize                              = 8388608                                   {product} {ergonomic}
    uintx NonNMethodCodeHeapSize                   = 5839372                                {pd product} {ergonomic}
    uintx NonProfiledCodeHeapSize                  = 122909434                              {pd product} {ergonomic}
    uintx ProfiledCodeHeapSize                     = 122909434                              {pd product} {ergonomic}
    uintx ReservedCodeCacheSize                    = 251658240                              {pd product} {ergonomic}
     bool SegmentedCodeCache                       = true                                      {product} {ergonomic}
   size_t SoftMaxHeapSize                          = 4225761280                             {manageable} {ergonomic}
     bool UseCompressedOops                        = true                           {product lp64_product} {ergonomic}
     bool UseG1GC                                  = true                                      {product} {ergonomic}
     bool UseLargePagesIndividualAllocation        = false                                  {pd product} {ergonomic}

Logging:
Log output configuration:
 #0: stdout all=warning uptime,level,tags foldmultilines=false
 #1: stderr all=off uptime,level,tags foldmultilines=false

Environment Variables:
JAVA_HOME=D:\java\jdk21
CLASSPATH=D:\CODE WEB\a\page-movie-management\apache-tomee-webprofile-10.0.0\bin\bootstrap.jar;D:\CODE WEB\a\page-movie-management\apache-tomee-webprofile-10.0.0\bin\tomcat-juli.jar
PATH=C:\Program Files\Microsoft MPI\Bin\;C:\Program Files\Common Files\Oracle\Java\javapath;C:\WINDOWS\system32;C:\WINDOWS;C:\WINDOWS\System32\Wbem;C:\WINDOWS\System32\WindowsPowerShell\v1.0\;C:\WINDOWS\System32\OpenSSH\;C:\Program Files\Microsoft SQL Server\Client SDK\ODBC\170\Tools\Binn\;D:\Install\bin;D:\Git\cmd;D:\XAMPP\php;C:\ProgramData\ComposerSetup\bin;C:\mingw64\bin;C:\TDM-GCC-32\bin;D:\notejs\;D:\XAMPP\mysql\bin;D:\Maven\bin;D:\Maven\apache-maven-3.9.9\bin;C:\Program Files (x86)\Microsoft SQL Server\160\Tools\Binn\;C:\Program Files\Microsoft SQL Server\160\Tools\Binn\;C:\Program Files\Microsoft SQL Server\160\DTS\Binn\;C:\Program Files (x86)\Microsoft SQL Server\160\DTS\Binn\;D:\python\Scripts\;D:\python\;D:\java\jdk21\bin;D:\Microsoft VS Code\bin;C:\Users\dell\AppData\Roaming\Composer\vendor\bin;C:\mingw64\bin;C:\Users\dell\AppData\Roaming\npm;D:\nodejs;D:\PyCharm\PyCharm Community Edition 2024.2.4\bin;;D:\Wireshark;D:\python3.10;D:\python39;D:\JetBrains\IntelliJ IDEA 2024.3.4.1\bin;;D:\Maven\bin;
USERNAME=dell
OS=Windows_NT
PROCESSOR_IDENTIFIER=Intel64 Family 6 Model 140 Stepping 1, GenuineIntel
TMP=C:\Users\dell\AppData\Local\Temp
TEMP=C:\Users\dell\AppData\Local\Temp




Periodic native trim disabled

---------------  S Y S T E M  ---------------

OS:
 Windows 10 , 64 bit Build 19041 (10.0.19041.5438)
OS uptime: 0 days 12:46 hours

CPU: total 8 (initial active 8) (4 cores per cpu, 2 threads per core) family 6 model 140 stepping 1 microcode 0xba, cx8, cmov, fxsr, ht, mmx, 3dnowpref, sse, sse2, sse3, ssse3, sse4.1, sse4.2, popcnt, lzcnt, tsc, tscinvbit, avx, avx2, aes, erms, clmul, bmi1, bmi2, adx, avx512f, avx512dq, avx512cd, avx512bw, avx512vl, sha, fma, vzeroupper, avx512_vpopcntdq, avx512_vpclmulqdq, avx512_vaes, avx512_vnni, clflush, clflushopt, clwb, avx512_vbmi2, avx512_vbmi, rdtscp, rdpid, fsrm, gfni, avx512_bitalg, f16c, pku, cet_ibt, cet_ss, avx512_ifma
Processor Information for all 8 processors :
  Max Mhz: 2419, Current Mhz: 2419, Mhz Limit: 2419

Memory: 4k page, system-wide physical 16118M (3334M free)
TotalPageFile size 19237M (AvailPageFile size 5M)
current process WorkingSet (physical memory assigned to process): 10M, peak: 10M
current process commit charge ("private bytes"): 60M, peak: 312M

vm_info: Java HotSpot(TM) 64-Bit Server VM (21.0.6+8-LTS-188) for windows-amd64 JRE (21.0.6+8-LTS-188), built on 2024-12-03T10:50:54Z by "mach5one" with MS VC++ 17.6 (VS2022)

END.
