#
# There is insufficient memory for the Java Runtime Environment to continue.
# Native memory allocation (mmap) failed to map 138412032 bytes for G1 virtual space
# Possible reasons:
#   The system is out of physical RAM or swap space
#   The process is running with CompressedOops enabled, and the Java Heap may be blocking the growth of the native heap
# Possible solutions:
#   Reduce memory load on the system
#   Increase physical memory or swap space
#   Check if swap backing store is full
#   Decrease Java heap size (-Xmx/-Xms)
#   Decrease number of Java threads
#   Decrease Java thread stack sizes (-Xss)
#   Set larger code cache with -XX:ReservedCodeCacheSize=
#   JVM is running with Zero Based Compressed Oops mode in which the Java heap is
#     placed in the first 32GB address space. The Java Heap base address is the
#     maximum limit for the native heap growth. Please use -XX:HeapBaseMinAddress
#     to set the Java Heap base and to place the Java Heap above 32GB virtual address.
# This output file may be truncated or incomplete.
#
#  Out of Memory Error (os_windows.cpp:3603), pid=4116, tid=476
#
# JRE version: Java(TM) SE Runtime Environment (21.0.6+8) (build 21.0.6+8-LTS-188)
# Java VM: Java HotSpot(TM) 64-Bit Server VM (21.0.6+8-LTS-188, mixed mode, sharing, tiered, compressed oops, compressed class ptrs, g1 gc, windows-amd64)
# No core dump will be written. Minidumps are not enabled by default on client versions of Windows
#

---------------  S U M M A R Y ------------

Command Line: -Djava.util.logging.config.file=C:\Users\dell\AppData\Local\JetBrains\IntelliJIdea2024.3\tomcat\637303c7-005e-4fa5-a411-b0f41081b1ea\conf\logging.properties -Djava.util.logging.manager=org.apache.juli.ClassLoaderLogManager -javaagent:D:\CODE WEB\page-movie-management\apache-tomee-webprofile-10.0.0\lib\openejb-javaagent.jar -Dcom.sun.management.jmxremote= -Dcom.sun.management.jmxremote.port=1099 -Dcom.sun.management.jmxremote.ssl=false -Dcom.sun.management.jmxremote.password.file=C:\Users\dell\AppData\Local\JetBrains\IntelliJIdea2024.3\tomcat\637303c7-005e-4fa5-a411-b0f41081b1ea\jmxremote.password -Dcom.sun.management.jmxremote.access.file=C:\Users\dell\AppData\Local\JetBrains\IntelliJIdea2024.3\tomcat\637303c7-005e-4fa5-a411-b0f41081b1ea\jmxremote.access -Djava.rmi.server.hostname=127.0.0.1 -Dtomee.serialization.class.whitelist= -Dtomee.serialization.class.blacklist=- -Dtomee.remote.support=true -Dopenejb.system.apps=true -Djdk.tls.ephemeralDHKeySize=2048 -Djava.protocol.handler.pkgs=org.apache.catalina.webresources --add-opens=java.base/java.lang=ALL-UNNAMED --add-opens=java.base/java.io=ALL-UNNAMED --add-opens=java.base/java.util=ALL-UNNAMED --add-opens=java.base/java.util.concurrent=ALL-UNNAMED --add-opens=java.rmi/sun.rmi.transport=ALL-UNNAMED -Dcatalina.base=C:\Users\dell\AppData\Local\JetBrains\IntelliJIdea2024.3\tomcat\637303c7-005e-4fa5-a411-b0f41081b1ea -Dcatalina.home=D:\CODE WEB\page-movie-management\apache-tomee-webprofile-10.0.0 -Djava.io.tmpdir=C:\Users\dell\AppData\Local\JetBrains\IntelliJIdea2024.3\tomcat\637303c7-005e-4fa5-a411-b0f41081b1ea\temp org.apache.catalina.startup.Bootstrap start

Host: 11th Gen Intel(R) Core(TM) i5-1135G7 @ 2.40GHz, 8 cores, 15G,  Windows 10 , 64 bit Build 19041 (10.0.19041.5438)
Time: Thu Apr  3 13:27:24 2025 SE Asia Standard Time elapsed time: 4.660538 seconds (0d 0h 0m 4s)

---------------  T H R E A D  ---------------

Current thread (0x0000022e79f7b1c0):  VMThread "VM Thread"          [id=476, stack(0x000000a576b00000,0x000000a576c00000) (1024K)]

Stack: [0x000000a576b00000,0x000000a576c00000]
Native frames: (J=compiled Java code, j=interpreted, Vv=VM code, C=native code)
V  [jvm.dll+0x6ca6d9]
V  [jvm.dll+0x854f51]
V  [jvm.dll+0x85747e]
V  [jvm.dll+0x857b53]
V  [jvm.dll+0x27dcc6]
V  [jvm.dll+0x6c6e55]
V  [jvm.dll+0x6bb9da]
V  [jvm.dll+0x35393a]
V  [jvm.dll+0x35b596]
V  [jvm.dll+0x3adefe]
V  [jvm.dll+0x3ae1a8]
V  [jvm.dll+0x327cbc]
V  [jvm.dll+0x327d47]
V  [jvm.dll+0x36c60c]
V  [jvm.dll+0x36ae5e]
V  [jvm.dll+0x327481]
V  [jvm.dll+0x36a57a]
V  [jvm.dll+0x85d920]
V  [jvm.dll+0x85eca4]
V  [jvm.dll+0x85f1e0]
V  [jvm.dll+0x85f483]
V  [jvm.dll+0x7ff2fb]
V  [jvm.dll+0x6c8dbd]
C  [ucrtbase.dll+0x21bb2]
C  [KERNEL32.DLL+0x17374]
C  [ntdll.dll+0x4cc91]

VM_Operation (0x000000a5792fc2c0): G1CollectForAllocation, mode: safepoint, requested by thread 0x0000022e425322d0


---------------  P R O C E S S  ---------------

Threads class SMR info:
_java_thread_list=0x0000022e415eab70, length=40, elements={
0x0000022e58e49eb0, 0x0000022e79f98df0, 0x0000022e79f9afc0, 0x0000022e79f9c3d0,
0x0000022e79f9f240, 0x0000022e79f9fc90, 0x0000022e79fa06e0, 0x0000022e79fa93e0,
0x0000022e79fccec0, 0x0000022e79f67540, 0x0000022e7e33c700, 0x0000022e7e440670,
0x0000022e7e6f8b00, 0x0000022e7eb2ddc0, 0x0000022e7e568010, 0x0000022e41974440,
0x0000022e4114a8b0, 0x0000022e410d4fe0, 0x0000022e417788c0, 0x0000022e41777510,
0x0000022e41778230, 0x0000022e425350c0, 0x0000022e425315b0, 0x0000022e42532960,
0x0000022e42535750, 0x0000022e42532ff0, 0x0000022e42531c40, 0x0000022e42533680,
0x0000022e42533d10, 0x0000022e425322d0, 0x0000022e42535de0, 0x0000022e425343a0,
0x0000022e42534a30, 0x0000022e42530f20, 0x0000022e42530890, 0x0000022e4252ee50,
0x0000022e42536470, 0x0000022e4252f4e0, 0x0000022e430af820, 0x0000022e430aea80
}

Java Threads: ( => current thread )
  0x0000022e58e49eb0 JavaThread "main"                              [_thread_in_native, id=15136, stack(0x000000a576400000,0x000000a576500000) (1024K)]
  0x0000022e79f98df0 JavaThread "Reference Handler"          daemon [_thread_blocked, id=16312, stack(0x000000a576c00000,0x000000a576d00000) (1024K)]
  0x0000022e79f9afc0 JavaThread "Finalizer"                  daemon [_thread_blocked, id=5568, stack(0x000000a576d00000,0x000000a576e00000) (1024K)]
  0x0000022e79f9c3d0 JavaThread "Signal Dispatcher"          daemon [_thread_blocked, id=17720, stack(0x000000a576e00000,0x000000a576f00000) (1024K)]
  0x0000022e79f9f240 JavaThread "Attach Listener"            daemon [_thread_blocked, id=20456, stack(0x000000a576f00000,0x000000a577000000) (1024K)]
  0x0000022e79f9fc90 JavaThread "Service Thread"             daemon [_thread_blocked, id=20792, stack(0x000000a577000000,0x000000a577100000) (1024K)]
  0x0000022e79fa06e0 JavaThread "Monitor Deflation Thread"   daemon [_thread_blocked, id=21404, stack(0x000000a577100000,0x000000a577200000) (1024K)]
  0x0000022e79fa93e0 JavaThread "C2 CompilerThread0"         daemon [_thread_in_native, id=10416, stack(0x000000a577200000,0x000000a577300000) (1024K)]
  0x0000022e79fccec0 JavaThread "C1 CompilerThread0"         daemon [_thread_blocked, id=18388, stack(0x000000a577300000,0x000000a577400000) (1024K)]
  0x0000022e79f67540 JavaThread "Common-Cleaner"             daemon [_thread_blocked, id=7424, stack(0x000000a577400000,0x000000a577500000) (1024K)]
  0x0000022e7e33c700 JavaThread "FileHandlerLogFilesCleaner-1" daemon [_thread_blocked, id=3472, stack(0x000000a577600000,0x000000a577700000) (1024K)]
  0x0000022e7e440670 JavaThread "Notification Thread"        daemon [_thread_blocked, id=3268, stack(0x000000a577700000,0x000000a577800000) (1024K)]
  0x0000022e7e6f8b00 JavaThread "RMI TCP Accept-0"           daemon [_thread_in_native, id=4576, stack(0x000000a577900000,0x000000a577a00000) (1024K)]
  0x0000022e7eb2ddc0 JavaThread "RMI TCP Accept-1099"        daemon [_thread_in_native, id=12896, stack(0x000000a577a00000,0x000000a577b00000) (1024K)]
  0x0000022e7e568010 JavaThread "RMI TCP Accept-0"           daemon [_thread_in_native, id=12808, stack(0x000000a577b00000,0x000000a577c00000) (1024K)]
  0x0000022e41974440 JavaThread "RMI TCP Connection(1)-127.0.0.1" daemon [_thread_in_native, id=18400, stack(0x000000a578300000,0x000000a578400000) (1024K)]
  0x0000022e4114a8b0 JavaThread "RMI Scheduler(0)"           daemon [_thread_blocked, id=17684, stack(0x000000a578400000,0x000000a578500000) (1024K)]
  0x0000022e410d4fe0 JavaThread "RMI TCP Connection(2)-127.0.0.1" daemon [_thread_in_native, id=17468, stack(0x000000a578500000,0x000000a578600000) (1024K)]
  0x0000022e417788c0 JavaThread "AsyncFileHandlerWriter-1"   daemon [_thread_blocked, id=5020, stack(0x000000a577800000,0x000000a577900000) (1024K)]
  0x0000022e41777510 JavaThread "mysql-cj-abandoned-connection-cleanup" daemon [_thread_blocked, id=11052, stack(0x000000a578600000,0x000000a578700000) (1024K)]
  0x0000022e41778230 JavaThread "RetryTimer"                 daemon [_thread_blocked, id=20676, stack(0x000000a578800000,0x000000a578900000) (1024K)]
  0x0000022e425350c0 JavaThread "Tomcat JDBC Pool Cleaner[1935972447:1743661641444]" daemon [_thread_blocked, id=16912, stack(0x000000a578900000,0x000000a578a00000) (1024K)]
  0x0000022e425315b0 JavaThread "DelayedCachedOutputStreamCleaner" daemon [_thread_blocked, id=20768, stack(0x000000a578b00000,0x000000a578c00000) (1024K)]
  0x0000022e42532960 JavaThread "Catalina-utility-1"                [_thread_blocked, id=21400, stack(0x000000a578c00000,0x000000a578d00000) (1024K)]
  0x0000022e42535750 JavaThread "Catalina-utility-2"                [_thread_blocked, id=16956, stack(0x000000a578d00000,0x000000a578e00000) (1024K)]
  0x0000022e42532ff0 JavaThread "http-nio-8080-exec-1"       daemon [_thread_blocked, id=10932, stack(0x000000a578e00000,0x000000a578f00000) (1024K)]
  0x0000022e42531c40 JavaThread "http-nio-8080-exec-2"       daemon [_thread_blocked, id=9300, stack(0x000000a578f00000,0x000000a579000000) (1024K)]
  0x0000022e42533680 JavaThread "http-nio-8080-exec-3"       daemon [_thread_blocked, id=9768, stack(0x000000a579000000,0x000000a579100000) (1024K)]
  0x0000022e42533d10 JavaThread "http-nio-8080-exec-4"       daemon [_thread_blocked, id=8540, stack(0x000000a579100000,0x000000a579200000) (1024K)]
  0x0000022e425322d0 JavaThread "http-nio-8080-exec-5"       daemon [_thread_blocked, id=20488, stack(0x000000a579200000,0x000000a579300000) (1024K)]
  0x0000022e42535de0 JavaThread "http-nio-8080-exec-6"       daemon [_thread_blocked, id=3980, stack(0x000000a579300000,0x000000a579400000) (1024K)]
  0x0000022e425343a0 JavaThread "http-nio-8080-exec-7"       daemon [_thread_blocked, id=8348, stack(0x000000a579400000,0x000000a579500000) (1024K)]
  0x0000022e42534a30 JavaThread "http-nio-8080-exec-8"       daemon [_thread_blocked, id=20060, stack(0x000000a579500000,0x000000a579600000) (1024K)]
  0x0000022e42530f20 JavaThread "http-nio-8080-exec-9"       daemon [_thread_blocked, id=11388, stack(0x000000a579600000,0x000000a579700000) (1024K)]
  0x0000022e42530890 JavaThread "http-nio-8080-exec-10"      daemon [_thread_blocked, id=9148, stack(0x000000a579700000,0x000000a579800000) (1024K)]
  0x0000022e4252ee50 JavaThread "http-nio-8080-Poller"       daemon [_thread_in_native, id=16604, stack(0x000000a579800000,0x000000a579900000) (1024K)]
  0x0000022e42536470 JavaThread "http-nio-8080-Acceptor"     daemon [_thread_in_native, id=21364, stack(0x000000a579900000,0x000000a579a00000) (1024K)]
  0x0000022e4252f4e0 JavaThread "Thread-24"                  daemon [_thread_blocked, id=12580, stack(0x000000a577500000,0x000000a577600000) (1024K)]
  0x0000022e430af820 JavaThread "C2 CompilerThread1"         daemon [_thread_blocked, id=16972, stack(0x000000a578700000,0x000000a578800000) (1024K)]
  0x0000022e430aea80 JavaThread "C2 CompilerThread2"         daemon [_thread_blocked, id=8820, stack(0x000000a579a00000,0x000000a579b00000) (1024K)]
Total: 40

Other Threads:
=>0x0000022e79f7b1c0 VMThread "VM Thread"                           [id=476, stack(0x000000a576b00000,0x000000a576c00000) (1024K)]
  0x0000022e79f66520 WatcherThread "VM Periodic Task Thread"        [id=14656, stack(0x000000a576a00000,0x000000a576b00000) (1024K)]
  0x0000022e5af4abc0 WorkerThread "GC Thread#0"                     [id=20148, stack(0x000000a576500000,0x000000a576600000) (1024K)]
  0x0000022e7e73b020 WorkerThread "GC Thread#1"                     [id=8564, stack(0x000000a577c00000,0x000000a577d00000) (1024K)]
  0x0000022e7e73b3c0 WorkerThread "GC Thread#2"                     [id=18864, stack(0x000000a577d00000,0x000000a577e00000) (1024K)]
  0x0000022e7e73b760 WorkerThread "GC Thread#3"                     [id=13880, stack(0x000000a577e00000,0x000000a577f00000) (1024K)]
  0x0000022e7eb173a0 WorkerThread "GC Thread#4"                     [id=2304, stack(0x000000a577f00000,0x000000a578000000) (1024K)]
  0x0000022e7eb17b50 WorkerThread "GC Thread#5"                     [id=12200, stack(0x000000a578000000,0x000000a578100000) (1024K)]
  0x0000022e7e9c6f80 WorkerThread "GC Thread#6"                     [id=9036, stack(0x000000a578100000,0x000000a578200000) (1024K)]
  0x0000022e7e4a5d30 WorkerThread "GC Thread#7"                     [id=8112, stack(0x000000a578200000,0x000000a578300000) (1024K)]
  0x0000022e5af5b730 ConcurrentGCThread "G1 Main Marker"            [id=14988, stack(0x000000a576600000,0x000000a576700000) (1024K)]
  0x0000022e5af5d7f0 WorkerThread "G1 Conc#0"                       [id=18828, stack(0x000000a576700000,0x000000a576800000) (1024K)]
  0x0000022e41fd96b0 WorkerThread "G1 Conc#1"                       [id=20308, stack(0x000000a578a00000,0x000000a578b00000) (1024K)]
  0x0000022e79e3b940 ConcurrentGCThread "G1 Refine#0"               [id=20696, stack(0x000000a576800000,0x000000a576900000) (1024K)]
  0x0000022e79e3c2c0 ConcurrentGCThread "G1 Service"                [id=15052, stack(0x000000a576900000,0x000000a576a00000) (1024K)]
Total: 15

Threads with active compile tasks:
C2 CompilerThread0     4678 4527       4       org.apache.xbean.asm9.ClassReader::accept (1419 bytes)
C2 CompilerThread1     4678 4616   !   4       java.util.regex.Pattern::closure (276 bytes)
C2 CompilerThread2     4678 4617       4       java.util.regex.Pattern::compile (537 bytes)
Total: 3

VM state: at safepoint (normal execution)

VM Mutex/Monitor currently owned by a thread:  ([mutex/lock_event])
[0x00007ff8db03de98] Threads_lock - owner thread: 0x0000022e79f7b1c0
[0x00007ff8db03df98] Heap_lock - owner thread: 0x0000022e425322d0

Heap address: 0x0000000704200000, size: 4030 MB, Compressed Oops mode: Zero based, Oop shift amount: 3

CDS archive(s) mapped at: [0x0000022e00000000-0x0000022e00c90000-0x0000022e00c90000), size 13172736, SharedBaseAddress: 0x0000022e00000000, ArchiveRelocationMode: 1.
Compressed class space mapped at: 0x0000022e01000000-0x0000022e41000000, reserved size: 1073741824
Narrow klass base: 0x0000022e00000000, Narrow klass shift: 0, Narrow klass range: 0x100000000

GC Precious Log:
 CardTable entry size: 512
 Card Set container configuration: InlinePtr #cards 4 size 8 Array Of Cards #cards 16 size 48 Howl #buckets 8 coarsen threshold 3686 Howl Bitmap #cards 512 size 80 coarsen threshold 460 Card regions per heap region 1 cards per card region 4096
 CPUs: 8 total, 8 available
 Memory: 16118M
 Large Page Support: Disabled
 NUMA Support: Disabled
 Compressed Oops: Enabled (Zero based)
 Heap Region Size: 2M
 Heap Min Capacity: 8M
 Heap Initial Capacity: 252M
 Heap Max Capacity: 4030M
 Pre-touch: Disabled
 Parallel Workers: 8
 Concurrent Workers: 2
 Concurrent Refinement Workers: 8
 Periodic GC: Disabled

Heap:
 garbage-first heap   total 69632K, used 38629K [0x0000000704200000, 0x0000000800000000)
  region size 2048K, 1 young (2048K), 1 survivors (2048K)
 Metaspace       used 36720K, committed 37184K, reserved 1114112K
  class space    used 3949K, committed 4160K, reserved 1048576K

Heap Regions: E=young(eden), S=young(survivor), O=old, HS=humongous(starts), HC=humongous(continues), CS=collection set, F=free, TAMS=top-at-mark-start, PB=parsable bottom
|   0|0x0000000704200000, 0x0000000704400000, 0x0000000704400000|100%| O|  |TAMS 0x0000000704400000| PB 0x0000000704200000| Untracked 
|   1|0x0000000704400000, 0x0000000704600000, 0x0000000704600000|100%| O|  |TAMS 0x0000000704600000| PB 0x0000000704400000| Untracked 
|   2|0x0000000704600000, 0x0000000704800000, 0x0000000704800000|100%| O|  |TAMS 0x0000000704800000| PB 0x0000000704600000| Untracked 
|   3|0x0000000704800000, 0x0000000704a00000, 0x0000000704a00000|100%| O|  |TAMS 0x0000000704a00000| PB 0x0000000704800000| Untracked 
|   4|0x0000000704a00000, 0x0000000704c00000, 0x0000000704c00000|100%| O|  |TAMS 0x0000000704c00000| PB 0x0000000704a00000| Untracked 
|   5|0x0000000704c00000, 0x0000000704dffff8, 0x0000000704e00000| 99%| O|  |TAMS 0x0000000704dffff8| PB 0x0000000704c00000| Untracked 
|   6|0x0000000704e00000, 0x0000000704f4be98, 0x0000000705000000| 64%| O|  |TAMS 0x0000000704f4be98| PB 0x0000000704e00000| Untracked 
|   7|0x0000000705000000, 0x00000007050849d8, 0x0000000705200000| 25%| O|  |TAMS 0x00000007050849d8| PB 0x0000000705000000| Untracked 
|   8|0x0000000705200000, 0x0000000705400000, 0x0000000705400000|100%| O|  |TAMS 0x0000000705400000| PB 0x0000000705200000| Untracked 
|   9|0x0000000705400000, 0x0000000705600000, 0x0000000705600000|100%| O|  |TAMS 0x0000000705600000| PB 0x0000000705400000| Untracked 
|  10|0x0000000705600000, 0x0000000705800000, 0x0000000705800000|100%| O|  |TAMS 0x0000000705800000| PB 0x0000000705600000| Untracked 
|  11|0x0000000705800000, 0x0000000705a00000, 0x0000000705a00000|100%| O|  |TAMS 0x0000000705a00000| PB 0x0000000705800000| Untracked 
|  12|0x0000000705a00000, 0x0000000705c00000, 0x0000000705c00000|100%| O|  |TAMS 0x0000000705c00000| PB 0x0000000705a00000| Untracked 
|  13|0x0000000705c00000, 0x0000000705e00000, 0x0000000705e00000|100%| O|  |TAMS 0x0000000705e00000| PB 0x0000000705c00000| Untracked 
|  14|0x0000000705e00000, 0x0000000706000000, 0x0000000706000000|100%| O|  |TAMS 0x0000000705f69488| PB 0x0000000705e00000| Untracked 
|  15|0x0000000706000000, 0x0000000706200000, 0x0000000706200000|100%| O|  |TAMS 0x0000000706000000| PB 0x0000000706000000| Untracked 
|  16|0x0000000706200000, 0x0000000706400000, 0x0000000706400000|100%| O|  |TAMS 0x0000000706200000| PB 0x0000000706200000| Untracked 
|  17|0x0000000706400000, 0x0000000706400000, 0x0000000706600000|  0%| F|  |TAMS 0x0000000706400000| PB 0x0000000706400000| Untracked 
|  18|0x0000000706600000, 0x0000000706600000, 0x0000000706800000|  0%| F|  |TAMS 0x0000000706600000| PB 0x0000000706600000| Untracked 
|  19|0x0000000706800000, 0x0000000706800000, 0x0000000706a00000|  0%| F|  |TAMS 0x0000000706800000| PB 0x0000000706800000| Untracked 
|  20|0x0000000706a00000, 0x0000000706a00000, 0x0000000706c00000|  0%| F|  |TAMS 0x0000000706a00000| PB 0x0000000706a00000| Untracked 
|  21|0x0000000706c00000, 0x0000000706c00000, 0x0000000706e00000|  0%| F|  |TAMS 0x0000000706c00000| PB 0x0000000706c00000| Untracked 
|  22|0x0000000706e00000, 0x0000000706fe8e08, 0x0000000707000000| 95%| S|CS|TAMS 0x0000000706e00000| PB 0x0000000706e00000| Complete 
|  23|0x0000000707000000, 0x0000000707000000, 0x0000000707200000|  0%| F|  |TAMS 0x0000000707000000| PB 0x0000000707000000| Untracked 
|  24|0x0000000707200000, 0x0000000707200000, 0x0000000707400000|  0%| F|  |TAMS 0x0000000707200000| PB 0x0000000707200000| Untracked 
|  25|0x0000000707400000, 0x0000000707400000, 0x0000000707600000|  0%| F|  |TAMS 0x0000000707400000| PB 0x0000000707400000| Untracked 
|  26|0x0000000707600000, 0x0000000707600000, 0x0000000707800000|  0%| F|  |TAMS 0x0000000707600000| PB 0x0000000707600000| Untracked 
|  27|0x0000000707800000, 0x0000000707a00000, 0x0000000707a00000|100%| O|  |TAMS 0x0000000707a00000| PB 0x0000000707800000| Untracked 
|  28|0x0000000707a00000, 0x0000000707c00000, 0x0000000707c00000|100%| O|  |TAMS 0x0000000707c00000| PB 0x0000000707a00000| Untracked 
|  29|0x0000000707c00000, 0x0000000707c00000, 0x0000000707e00000|  0%| F|  |TAMS 0x0000000707c00000| PB 0x0000000707c00000| Untracked 
|  30|0x0000000707e00000, 0x0000000707e00000, 0x0000000708000000|  0%| F|  |TAMS 0x0000000707e00000| PB 0x0000000707e00000| Untracked 
| 105|0x0000000711400000, 0x0000000711400000, 0x0000000711600000|  0%| F|  |TAMS 0x0000000711400000| PB 0x0000000711400000| Untracked 
| 109|0x0000000711c00000, 0x0000000711c00000, 0x0000000711e00000|  0%| F|  |TAMS 0x0000000711c00000| PB 0x0000000711c00000| Untracked 
| 125|0x0000000713c00000, 0x0000000713c00000, 0x0000000713e00000|  0%| F|  |TAMS 0x0000000713c00000| PB 0x0000000713c00000| Untracked 

Card table byte_map: [0x0000022e72e80000,0x0000022e73660000] _byte_map_base: 0x0000022e6f65f000

Marking Bits: (CMBitMap*) 0x0000022e5af4b0d0
 Bits: [0x0000022e73660000, 0x0000022e77558000)

Polling page: 0x0000022e58df0000

Metaspace:

Usage:
  Non-class:     32.00 MB used.
      Class:      3.86 MB used.
       Both:     35.86 MB used.

Virtual space:
  Non-class space:       64.00 MB reserved,      32.25 MB ( 50%) committed,  1 nodes.
      Class space:        1.00 GB reserved,       4.06 MB ( <1%) committed,  1 nodes.
             Both:        1.06 GB reserved,      36.31 MB (  3%) committed. 

Chunk freelists:
   Non-Class:  15.50 MB
       Class:  11.88 MB
        Both:  27.38 MB

MaxMetaspaceSize: unlimited
CompressedClassSpaceSize: 1.00 GB
Initial GC threshold: 21.00 MB
Current GC threshold: 59.62 MB
CDS: on
 - commit_granule_bytes: 65536.
 - commit_granule_words: 8192.
 - virtual_space_node_default_size: 8388608.
 - enlarge_chunks_in_place: 1.
 - use_allocation_guard: 0.


Internal statistics:

num_allocs_failed_limit: 3.
num_arena_births: 732.
num_arena_deaths: 0.
num_vsnodes_births: 2.
num_vsnodes_deaths: 0.
num_space_committed: 580.
num_space_uncommitted: 0.
num_chunks_returned_to_freelist: 3.
num_chunks_taken_from_freelist: 1708.
num_chunk_merges: 3.
num_chunk_splits: 1122.
num_chunks_enlarged: 714.
num_inconsistent_stats: 0.

CodeHeap 'non-profiled nmethods': size=120000Kb used=2092Kb max_used=2235Kb free=117907Kb
 bounds [0x0000022e6ae40000, 0x0000022e6b0b0000, 0x0000022e72370000]
CodeHeap 'profiled nmethods': size=120000Kb used=7473Kb max_used=8805Kb free=112526Kb
 bounds [0x0000022e63370000, 0x0000022e63c10000, 0x0000022e6a8a0000]
CodeHeap 'non-nmethods': size=5760Kb used=1796Kb max_used=1830Kb free=3964Kb
 bounds [0x0000022e6a8a0000, 0x0000022e6ab10000, 0x0000022e6ae40000]
 total_blobs=4485 nmethods=3831 adapters=557
 compilation: enabled
              stopped_count=0, restarted_count=0
 full_count=0

Compilation events (20 events):
Event: 4.645 Thread 0x0000022e430af820 nmethod 4591 0x0000022e6af7b610 code [0x0000022e6af7b860, 0x0000022e6af7c448]
Event: 4.645 Thread 0x0000022e79fccec0 4609       3       org.apache.openejb.util.AnnotationFinder::addClassName (63 bytes)
Event: 4.645 Thread 0x0000022e430af820 4600       4       java.util.regex.Pattern$Start::match (90 bytes)
Event: 4.646 Thread 0x0000022e79fccec0 nmethod 4609 0x0000022e63a84190 code [0x0000022e63a844a0, 0x0000022e63a852e8]
Event: 4.646 Thread 0x0000022e79fccec0 4606   !   3       java.util.regex.Matcher::appendReplacement (65 bytes)
Event: 4.646 Thread 0x0000022e79fccec0 nmethod 4606 0x0000022e635af890 code [0x0000022e635afaa0, 0x0000022e635b0078]
Event: 4.646 Thread 0x0000022e79fccec0 4610       3       java.lang.String::replaceFirst (13 bytes)
Event: 4.647 Thread 0x0000022e79fccec0 nmethod 4610 0x0000022e638da790 code [0x0000022e638da960, 0x0000022e638dac00]
Event: 4.647 Thread 0x0000022e79fccec0 4611       3       java.util.regex.Matcher::replaceFirst (63 bytes)
Event: 4.647 Thread 0x0000022e79fccec0 nmethod 4611 0x0000022e6346ec90 code [0x0000022e6346ef20, 0x0000022e6346f818]
Event: 4.647 Thread 0x0000022e79fccec0 4607       3       java.util.regex.Matcher::appendTail (19 bytes)
Event: 4.647 Thread 0x0000022e79fccec0 nmethod 4607 0x0000022e63b58910 code [0x0000022e63b58ae0, 0x0000022e63b58de8]
Event: 4.647 Thread 0x0000022e430af820 nmethod 4600 0x0000022e6af7b110 code [0x0000022e6af7b2a0, 0x0000022e6af7b488]
Event: 4.647 Thread 0x0000022e430af820 4608       4       java.lang.String::codePointAt (50 bytes)
Event: 4.648 Thread 0x0000022e430af820 nmethod 4608 0x0000022e6af7aa90 code [0x0000022e6af7ac20, 0x0000022e6af7ad40]
Event: 4.648 Thread 0x0000022e430af820 4612       4       java.util.regex.Pattern::next (33 bytes)
Event: 4.649 Thread 0x0000022e430af820 nmethod 4612 0x0000022e6af3dd10 code [0x0000022e6af3dea0, 0x0000022e6af3dfb8]
Event: 4.649 Thread 0x0000022e430af820 4616   !   4       java.util.regex.Pattern::closure (276 bytes)
Event: 4.650 Thread 0x0000022e430aea80 nmethod 4604 0x0000022e6af3d390 code [0x0000022e6af3d560, 0x0000022e6af3d9b8]
Event: 4.650 Thread 0x0000022e430aea80 4617       4       java.util.regex.Pattern::compile (537 bytes)

GC Heap History (20 events):
Event: 3.977 GC heap after
{Heap after GC invocations=11 (full 6):
 garbage-first heap   total 69632K, used 18241K [0x0000000704200000, 0x0000000800000000)
  region size 2048K, 0 young (0K), 0 survivors (0K)
 Metaspace       used 36066K, committed 36608K, reserved 1114112K
  class space    used 3909K, committed 4160K, reserved 1048576K
}
Event: 3.982 GC heap before
{Heap before GC invocations=11 (full 6):
 garbage-first heap   total 69632K, used 18241K [0x0000000704200000, 0x0000000800000000)
  region size 2048K, 1 young (2048K), 0 survivors (0K)
 Metaspace       used 36068K, committed 36608K, reserved 1114112K
  class space    used 3909K, committed 4160K, reserved 1048576K
}
Event: 4.001 GC heap after
{Heap after GC invocations=12 (full 7):
 garbage-first heap   total 69632K, used 18242K [0x0000000704200000, 0x0000000800000000)
  region size 2048K, 0 young (0K), 0 survivors (0K)
 Metaspace       used 36068K, committed 36608K, reserved 1114112K
  class space    used 3909K, committed 4160K, reserved 1048576K
}
Event: 4.001 GC heap before
{Heap before GC invocations=12 (full 7):
 garbage-first heap   total 69632K, used 18242K [0x0000000704200000, 0x0000000800000000)
  region size 2048K, 1 young (2048K), 0 survivors (0K)
 Metaspace       used 36068K, committed 36608K, reserved 1114112K
  class space    used 3909K, committed 4160K, reserved 1048576K
}
Event: 4.026 GC heap after
{Heap after GC invocations=13 (full 8):
 garbage-first heap   total 69632K, used 18242K [0x0000000704200000, 0x0000000800000000)
  region size 2048K, 0 young (0K), 0 survivors (0K)
 Metaspace       used 36068K, committed 36608K, reserved 1114112K
  class space    used 3909K, committed 4160K, reserved 1048576K
}
Event: 4.026 GC heap before
{Heap before GC invocations=13 (full 8):
 garbage-first heap   total 69632K, used 18242K [0x0000000704200000, 0x0000000800000000)
  region size 2048K, 1 young (2048K), 0 survivors (0K)
 Metaspace       used 36068K, committed 36608K, reserved 1114112K
  class space    used 3909K, committed 4160K, reserved 1048576K
}
Event: 4.051 GC heap after
{Heap after GC invocations=14 (full 9):
 garbage-first heap   total 69632K, used 18242K [0x0000000704200000, 0x0000000800000000)
  region size 2048K, 0 young (0K), 0 survivors (0K)
 Metaspace       used 36068K, committed 36608K, reserved 1114112K
  class space    used 3909K, committed 4160K, reserved 1048576K
}
Event: 4.051 GC heap before
{Heap before GC invocations=14 (full 9):
 garbage-first heap   total 69632K, used 18242K [0x0000000704200000, 0x0000000800000000)
  region size 2048K, 1 young (2048K), 0 survivors (0K)
 Metaspace       used 36068K, committed 36608K, reserved 1114112K
  class space    used 3909K, committed 4160K, reserved 1048576K
}
Event: 4.082 GC heap after
{Heap after GC invocations=15 (full 10):
 garbage-first heap   total 69632K, used 18242K [0x0000000704200000, 0x0000000800000000)
  region size 2048K, 0 young (0K), 0 survivors (0K)
 Metaspace       used 36068K, committed 36608K, reserved 1114112K
  class space    used 3909K, committed 4160K, reserved 1048576K
}
Event: 4.083 GC heap before
{Heap before GC invocations=15 (full 10):
 garbage-first heap   total 69632K, used 18242K [0x0000000704200000, 0x0000000800000000)
  region size 2048K, 1 young (2048K), 0 survivors (0K)
 Metaspace       used 36068K, committed 36608K, reserved 1114112K
  class space    used 3909K, committed 4160K, reserved 1048576K
}
Event: 4.107 GC heap after
{Heap after GC invocations=16 (full 11):
 garbage-first heap   total 69632K, used 18242K [0x0000000704200000, 0x0000000800000000)
  region size 2048K, 0 young (0K), 0 survivors (0K)
 Metaspace       used 36068K, committed 36608K, reserved 1114112K
  class space    used 3909K, committed 4160K, reserved 1048576K
}
Event: 4.109 GC heap before
{Heap before GC invocations=16 (full 11):
 garbage-first heap   total 69632K, used 18242K [0x0000000704200000, 0x0000000800000000)
  region size 2048K, 1 young (2048K), 0 survivors (0K)
 Metaspace       used 36068K, committed 36608K, reserved 1114112K
  class space    used 3909K, committed 4160K, reserved 1048576K
}
Event: 4.133 GC heap after
{Heap after GC invocations=17 (full 12):
 garbage-first heap   total 69632K, used 18242K [0x0000000704200000, 0x0000000800000000)
  region size 2048K, 0 young (0K), 0 survivors (0K)
 Metaspace       used 36068K, committed 36608K, reserved 1114112K
  class space    used 3909K, committed 4160K, reserved 1048576K
}
Event: 4.479 GC heap before
{Heap before GC invocations=17 (full 12):
 garbage-first heap   total 69632K, used 46914K [0x0000000704200000, 0x0000000800000000)
  region size 2048K, 15 young (30720K), 0 survivors (0K)
 Metaspace       used 36548K, committed 37120K, reserved 1114112K
  class space    used 3936K, committed 4160K, reserved 1048576K
}
Event: 4.482 GC heap after
{Heap after GC invocations=18 (full 12):
 garbage-first heap   total 69632K, used 27249K [0x0000000704200000, 0x0000000800000000)
  region size 2048K, 2 young (4096K), 2 survivors (4096K)
 Metaspace       used 36548K, committed 37120K, reserved 1114112K
  class space    used 3936K, committed 4160K, reserved 1048576K
}
Event: 4.531 GC heap before
{Heap before GC invocations=18 (full 12):
 garbage-first heap   total 69632K, used 49777K [0x0000000704200000, 0x0000000800000000)
  region size 2048K, 13 young (26624K), 2 survivors (4096K)
 Metaspace       used 36564K, committed 37120K, reserved 1114112K
  class space    used 3938K, committed 4160K, reserved 1048576K
}
Event: 4.534 GC heap after
{Heap after GC invocations=19 (full 12):
 garbage-first heap   total 69632K, used 31595K [0x0000000704200000, 0x0000000800000000)
  region size 2048K, 2 young (4096K), 2 survivors (4096K)
 Metaspace       used 36564K, committed 37120K, reserved 1114112K
  class space    used 3938K, committed 4160K, reserved 1048576K
}
Event: 4.570 GC heap before
{Heap before GC invocations=19 (full 12):
 garbage-first heap   total 69632K, used 52075K [0x0000000704200000, 0x0000000800000000)
  region size 2048K, 12 young (24576K), 2 survivors (4096K)
 Metaspace       used 36564K, committed 37120K, reserved 1114112K
  class space    used 3938K, committed 4160K, reserved 1048576K
}
Event: 4.574 GC heap after
{Heap after GC invocations=20 (full 12):
 garbage-first heap   total 69632K, used 36071K [0x0000000704200000, 0x0000000800000000)
  region size 2048K, 2 young (4096K), 2 survivors (4096K)
 Metaspace       used 36564K, committed 37120K, reserved 1114112K
  class space    used 3938K, committed 4160K, reserved 1048576K
}
Event: 4.655 GC heap before
{Heap before GC invocations=20 (full 12):
 garbage-first heap   total 69632K, used 54503K [0x0000000704200000, 0x0000000800000000)
  region size 2048K, 11 young (22528K), 2 survivors (4096K)
 Metaspace       used 36720K, committed 37184K, reserved 1114112K
  class space    used 3949K, committed 4160K, reserved 1048576K
}

Dll operation events (14 events):
Event: 0.007 Loaded shared library D:\java\jdk21\bin\java.dll
Event: 0.038 Loaded shared library D:\java\jdk21\bin\jsvml.dll
Event: 0.073 Loaded shared library D:\java\jdk21\bin\zip.dll
Event: 0.076 Loaded shared library D:\java\jdk21\bin\instrument.dll
Event: 0.080 Loaded shared library D:\java\jdk21\bin\net.dll
Event: 0.081 Loaded shared library D:\java\jdk21\bin\nio.dll
Event: 0.084 Loaded shared library D:\java\jdk21\bin\zip.dll
Event: 0.139 Loaded shared library D:\java\jdk21\bin\jimage.dll
Event: 0.209 Loaded shared library D:\java\jdk21\bin\management_agent.dll
Event: 0.211 Loaded shared library D:\java\jdk21\bin\management.dll
Event: 0.221 Loaded shared library D:\java\jdk21\bin\management_ext.dll
Event: 0.530 Loaded shared library D:\java\jdk21\bin\extnet.dll
Event: 2.093 Loaded shared library D:\java\jdk21\bin\sunmscapi.dll
Event: 2.478 Loaded shared library D:\java\jdk21\bin\verify.dll

Deoptimization events (20 events):
Event: 4.596 Thread 0x0000022e425322d0 Uncommon trap: trap_request=0xffffffde fr.pc=0x0000022e6afc7968 relative=0x0000000000000188
Event: 4.596 Thread 0x0000022e425322d0 Uncommon trap: reason=class_check action=maybe_recompile pc=0x0000022e6afc7968 method=java.io.FilterInputStream.read([B)I @ 5 c2
Event: 4.596 Thread 0x0000022e425322d0 DEOPT PACKING pc=0x0000022e6afc7968 sp=0x000000a5792fc870
Event: 4.596 Thread 0x0000022e425322d0 DEOPT UNPACKING pc=0x0000022e6a8f7da2 sp=0x000000a5792fc828 mode 2
Event: 4.596 Thread 0x0000022e425322d0 Uncommon trap: trap_request=0xffffffde fr.pc=0x0000022e6afc7968 relative=0x0000000000000188
Event: 4.596 Thread 0x0000022e425322d0 Uncommon trap: reason=class_check action=maybe_recompile pc=0x0000022e6afc7968 method=java.io.FilterInputStream.read([B)I @ 5 c2
Event: 4.596 Thread 0x0000022e425322d0 DEOPT PACKING pc=0x0000022e6afc7968 sp=0x000000a5792fc870
Event: 4.596 Thread 0x0000022e425322d0 DEOPT UNPACKING pc=0x0000022e6a8f7da2 sp=0x000000a5792fc828 mode 2
Event: 4.597 Thread 0x0000022e425322d0 Uncommon trap: trap_request=0xffffffde fr.pc=0x0000022e6aeed3c4 relative=0x0000000000001164
Event: 4.597 Thread 0x0000022e425322d0 Uncommon trap: reason=class_check action=maybe_recompile pc=0x0000022e6aeed3c4 method=org.apache.openejb.loader.IO.copy(Ljava/io/InputStream;Ljava/io/OutputStream;)V @ 8 c2
Event: 4.597 Thread 0x0000022e425322d0 DEOPT PACKING pc=0x0000022e6aeed3c4 sp=0x000000a5792fc640
Event: 4.597 Thread 0x0000022e425322d0 DEOPT UNPACKING pc=0x0000022e6a8f7da2 sp=0x000000a5792fc638 mode 2
Event: 4.599 Thread 0x0000022e425322d0 Uncommon trap: trap_request=0xffffffde fr.pc=0x0000022e6affa8f4 relative=0x00000000000046d4
Event: 4.599 Thread 0x0000022e425322d0 Uncommon trap: reason=class_check action=maybe_recompile pc=0x0000022e6affa8f4 method=java.lang.ClassLoader.loadClass(Ljava/lang/String;Z)Ljava/lang/Class; @ 38 c2
Event: 4.599 Thread 0x0000022e425322d0 DEOPT PACKING pc=0x0000022e6affa8f4 sp=0x000000a5792fab90
Event: 4.599 Thread 0x0000022e425322d0 DEOPT UNPACKING pc=0x0000022e6a8f7da2 sp=0x000000a5792fab38 mode 2
Event: 4.611 Thread 0x0000022e425322d0 Uncommon trap: trap_request=0xffffff45 fr.pc=0x0000022e6af63488 relative=0x0000000000003248
Event: 4.611 Thread 0x0000022e425322d0 Uncommon trap: reason=unstable_if action=reinterpret pc=0x0000022e6af63488 method=org.apache.xbean.asm9.ClassReader.readMethod(Lorg/apache/xbean/asm9/ClassVisitor;Lorg/apache/xbean/asm9/Context;I)I @ 321 c2
Event: 4.611 Thread 0x0000022e425322d0 DEOPT PACKING pc=0x0000022e6af63488 sp=0x000000a5792fc770
Event: 4.611 Thread 0x0000022e425322d0 DEOPT UNPACKING pc=0x0000022e6a8f7da2 sp=0x000000a5792fc798 mode 2

Classes loaded (20 events):
Event: 3.892 Loading class javax/xml/stream/events/XMLEvent done
Event: 3.892 Loading class javax/xml/stream/events/EntityDeclaration done
Event: 3.893 Loading class javax/xml/namespace/NamespaceContext
Event: 3.893 Loading class javax/xml/namespace/NamespaceContext done
Event: 3.901 Loading class java/io/CharArrayReader
Event: 3.901 Loading class java/io/CharArrayReader done
Event: 3.902 Loading class javax/xml/stream/util/StreamReaderDelegate
Event: 3.902 Loading class javax/xml/stream/util/StreamReaderDelegate done
Event: 4.585 Loading class sun/net/www/protocol/jrt/JavaRuntimeURLConnection
Event: 4.585 Loading class sun/net/www/protocol/jrt/JavaRuntimeURLConnection done
Event: 4.586 Loading class sun/net/www/protocol/jrt/JavaRuntimeURLConnection$1
Event: 4.586 Loading class sun/net/www/protocol/jrt/JavaRuntimeURLConnection$1 done
Event: 4.586 Loading class jdk/internal/jimage/ImageBufferCache
Event: 4.586 Loading class jdk/internal/jimage/ImageBufferCache done
Event: 4.586 Loading class jdk/internal/jimage/ImageBufferCache$1
Event: 4.587 Loading class jdk/internal/jimage/ImageBufferCache$1 done
Event: 4.587 Loading class jdk/internal/jimage/ImageBufferCache$2
Event: 4.587 Loading class jdk/internal/jimage/ImageBufferCache$2 done
Event: 4.587 Loading class java/util/AbstractMap$SimpleEntry
Event: 4.587 Loading class java/util/AbstractMap$SimpleEntry done

Classes unloaded (0 events):
No events

Classes redefined (0 events):
No events

Internal exceptions (20 events):
Event: 3.342 Thread 0x0000022e42532ff0 Exception <a 'java/lang/NoSuchMethodError'{0x0000000704ff29b8}: static Ljava/lang/Object;.<clinit>()V> (0x0000000704ff29b8) 
thrown [s\open\src\hotspot\share\prims\jni.cpp, line 1111]
Event: 3.460 Thread 0x0000022e42531c40 Exception <a 'java/lang/NoSuchMethodError'{0x0000000711c47cb8}: static Lorg/apache/openejb/assembler/classic/AppInfo;.<clinit>()V> (0x0000000711c47cb8) 
thrown [s\open\src\hotspot\share\prims\jni.cpp, line 1111]
Event: 3.460 Thread 0x0000022e42531c40 Exception <a 'java/lang/NoSuchMethodError'{0x0000000711c48d78}: static Lorg/apache/openejb/assembler/classic/InfoObject;.<clinit>()V> (0x0000000711c48d78) 
thrown [s\open\src\hotspot\share\prims\jni.cpp, line 1111]
Event: 3.461 Thread 0x0000022e42531c40 Exception <a 'java/lang/NoSuchMethodError'{0x0000000711c53de0}: static Lorg/apache/openejb/assembler/classic/JndiEncInfo;.<clinit>()V> (0x0000000711c53de0) 
thrown [s\open\src\hotspot\share\prims\jni.cpp, line 1111]
Event: 3.464 Thread 0x0000022e42531c40 Exception <a 'java/lang/NoSuchMethodError'{0x0000000711c7eb88}: static Lorg/apache/openejb/assembler/classic/EjbJarInfo;.<clinit>()V> (0x0000000711c7eb88) 
thrown [s\open\src\hotspot\share\prims\jni.cpp, line 1111]
Event: 3.464 Thread 0x0000022e42531c40 Exception <a 'java/lang/NoSuchMethodError'{0x0000000711c7ff58}: static Lorg/apache/openejb/assembler/classic/CommonInfoObject;.<clinit>()V> (0x0000000711c7ff58) 
thrown [s\open\src\hotspot\share\prims\jni.cpp, line 1111]
Event: 3.469 Thread 0x0000022e42531c40 Exception <a 'java/lang/NoSuchMethodError'{0x0000000711ca1000}: static Lorg/apache/openejb/assembler/classic/SingletonBeanInfo;.<clinit>()V> (0x0000000711ca1000) 
thrown [s\open\src\hotspot\share\prims\jni.cpp, line 1111]
Event: 3.469 Thread 0x0000022e42531c40 Exception <a 'java/lang/NoSuchMethodError'{0x0000000711ca5ec0}: static Lorg/apache/openejb/assembler/classic/EnterpriseBeanInfo;.<clinit>()V> (0x0000000711ca5ec0) 
thrown [s\open\src\hotspot\share\prims\jni.cpp, line 1111]
Event: 3.471 Thread 0x0000022e42531c40 Exception <a 'java/lang/NoSuchMethodError'{0x0000000711cbbf40}: static Lorg/apache/openejb/assembler/classic/JndiNameInfo;.<clinit>()V> (0x0000000711cbbf40) 
thrown [s\open\src\hotspot\share\prims\jni.cpp, line 1111]
Event: 3.474 Thread 0x0000022e42531c40 Exception <a 'java/lang/NoSuchMethodError'{0x0000000711ce1130}: static Lorg/apache/openejb/assembler/classic/InterceptorBindingInfo;.<clinit>()V> (0x0000000711ce1130) 
thrown [s\open\src\hotspot\share\prims\jni.cpp, line 1111]
Event: 3.475 Thread 0x0000022e42531c40 Exception <a 'java/lang/NoSuchMethodError'{0x0000000711ceef30}: static Lorg/apache/openejb/assembler/classic/InterceptorInfo;.<clinit>()V> (0x0000000711ceef30) 
thrown [s\open\src\hotspot\share\prims\jni.cpp, line 1111]
Event: 3.476 Thread 0x0000022e42531c40 Exception <a 'java/lang/NoSuchMethodError'{0x0000000711cfa3e8}: static Lorg/apache/openejb/assembler/classic/CallbackInfo;.<clinit>()V> (0x0000000711cfa3e8) 
thrown [s\open\src\hotspot\share\prims\jni.cpp, line 1111]
Event: 3.478 Thread 0x0000022e42531c40 Exception <a 'java/lang/NoSuchMethodError'{0x0000000711db59a8}: static Lorg/apache/openejb/assembler/classic/MethodConcurrencyInfo;.<clinit>()V> (0x0000000711db59a8) 
thrown [s\open\src\hotspot\share\prims\jni.cpp, line 1111]
Event: 3.478 Thread 0x0000022e42531c40 Exception <a 'java/lang/NoSuchMethodError'{0x0000000711db6b00}: static Lorg/apache/openejb/assembler/classic/MethodAttributeInfo;.<clinit>()V> (0x0000000711db6b00) 
thrown [s\open\src\hotspot\share\prims\jni.cpp, line 1111]
Event: 3.479 Thread 0x0000022e42531c40 Exception <a 'java/lang/NoSuchMethodError'{0x0000000711dc3398}: static Lorg/apache/openejb/assembler/classic/MethodInfo;.<clinit>()V> (0x0000000711dc3398) 
thrown [s\open\src\hotspot\share\prims\jni.cpp, line 1111]
Event: 3.544 Thread 0x0000022e425322d0 Exception <a 'java/lang/ClassNotFoundException'{0x000000071140f5f0}: org/apache/catalina/webresources/jar/Handler> (0x000000071140f5f0) 
thrown [s\open\src\hotspot\share\classfile\systemDictionary.cpp, line 312]
Event: 4.424 Thread 0x0000022e425322d0 Exception <a 'java/io/FileNotFoundException'{0x00000007077eb018}> (0x00000007077eb018) 
thrown [s\open\src\hotspot\share\prims\jni.cpp, line 520]
Event: 4.597 Thread 0x0000022e425322d0 Exception <a 'java/lang/NoClassDefFoundError'{0x0000000711535c60}: org/apache/tools/ant/Task> (0x0000000711535c60) 
thrown [s\open\src\hotspot\share\classfile\systemDictionary.cpp, line 301]
Event: 4.598 Thread 0x0000022e425322d0 Exception <a 'java/lang/NoClassDefFoundError'{0x0000000711543058}: org/apache/tools/ant/Task> (0x0000000711543058) 
thrown [s\open\src\hotspot\share\classfile\systemDictionary.cpp, line 301]
Event: 4.599 Thread 0x0000022e425322d0 Exception <a 'java/lang/NoClassDefFoundError'{0x000000071154f798}: org/apache/tools/ant/Task> (0x000000071154f798) 
thrown [s\open\src\hotspot\share\classfile\systemDictionary.cpp, line 301]

ZGC Phase Switch (0 events):
No events

VM Operations (20 events):
Event: 3.977 Executing VM operation: G1CollectFull (System.gc()) done
Event: 3.982 Executing VM operation: G1CollectFull (System.gc())
Event: 4.001 Executing VM operation: G1CollectFull (System.gc()) done
Event: 4.001 Executing VM operation: G1CollectFull (System.gc())
Event: 4.026 Executing VM operation: G1CollectFull (System.gc()) done
Event: 4.026 Executing VM operation: G1CollectFull (System.gc())
Event: 4.051 Executing VM operation: G1CollectFull (System.gc()) done
Event: 4.051 Executing VM operation: G1CollectFull (System.gc())
Event: 4.082 Executing VM operation: G1CollectFull (System.gc()) done
Event: 4.083 Executing VM operation: G1CollectFull (System.gc())
Event: 4.107 Executing VM operation: G1CollectFull (System.gc()) done
Event: 4.109 Executing VM operation: G1CollectFull (System.gc())
Event: 4.133 Executing VM operation: G1CollectFull (System.gc()) done
Event: 4.479 Executing VM operation: G1CollectForAllocation (G1 Evacuation Pause)
Event: 4.483 Executing VM operation: G1CollectForAllocation (G1 Evacuation Pause) done
Event: 4.531 Executing VM operation: G1CollectForAllocation (G1 Evacuation Pause)
Event: 4.534 Executing VM operation: G1CollectForAllocation (G1 Evacuation Pause) done
Event: 4.570 Executing VM operation: G1CollectForAllocation (G1 Evacuation Pause)
Event: 4.574 Executing VM operation: G1CollectForAllocation (G1 Evacuation Pause) done
Event: 4.655 Executing VM operation: G1CollectForAllocation (G1 Evacuation Pause)

Events (20 events):
Event: 3.949 Thread 0x0000022e79f7b1c0 flushing nmethod 0x0000022e636fdd90
Event: 3.949 Thread 0x0000022e79f7b1c0 flushing nmethod 0x0000022e63a51110
Event: 3.949 Thread 0x0000022e79f7b1c0 flushing nmethod 0x0000022e63b5be10
Event: 4.016 Thread 0x0000022e79f7b1c0 flushing nmethod 0x0000022e6ae8c790
Event: 4.369 Thread 0x0000022e4252fb70 Thread added: 0x0000022e4252fb70
Event: 4.369 Thread 0x0000022e42530200 Thread added: 0x0000022e42530200
Event: 4.370 Thread 0x0000022e41777ba0 Thread added: 0x0000022e41777ba0
Event: 4.370 Thread 0x0000022e434b6c10 Thread added: 0x0000022e434b6c10
Event: 4.370 Thread 0x0000022e434b5ef0 Thread added: 0x0000022e434b5ef0
Event: 4.371 Thread 0x0000022e434b7930 Thread added: 0x0000022e434b7930
Event: 4.372 Thread 0x0000022e434b7fc0 Thread added: 0x0000022e434b7fc0
Event: 4.372 Thread 0x0000022e434b5ef0 Thread exited: 0x0000022e434b5ef0
Event: 4.372 Thread 0x0000022e41777ba0 Thread exited: 0x0000022e41777ba0
Event: 4.372 Thread 0x0000022e42530200 Thread exited: 0x0000022e42530200
Event: 4.373 Thread 0x0000022e434b6c10 Thread exited: 0x0000022e434b6c10
Event: 4.374 Thread 0x0000022e4252fb70 Thread exited: 0x0000022e4252fb70
Event: 4.375 Thread 0x0000022e434b7930 Thread exited: 0x0000022e434b7930
Event: 4.376 Thread 0x0000022e434b7fc0 Thread exited: 0x0000022e434b7fc0
Event: 4.390 Thread 0x0000022e430af820 Thread added: 0x0000022e430af820
Event: 4.601 Thread 0x0000022e430aea80 Thread added: 0x0000022e430aea80


Dynamic libraries:
0x00007ff685ef0000 - 0x00007ff685f00000 	D:\java\jdk21\bin\java.exe
0x00007ff94a170000 - 0x00007ff94a368000 	C:\WINDOWS\SYSTEM32\ntdll.dll
0x00007ff949550000 - 0x00007ff949612000 	C:\WINDOWS\System32\KERNEL32.DLL
0x00007ff947bb0000 - 0x00007ff947eaf000 	C:\WINDOWS\System32\KERNELBASE.dll
0x00007ff947a10000 - 0x00007ff947b10000 	C:\WINDOWS\System32\ucrtbase.dll
0x00007ff943d10000 - 0x00007ff943d2b000 	D:\java\jdk21\bin\VCRUNTIME140.dll
0x00007ff943ce0000 - 0x00007ff943cf9000 	D:\java\jdk21\bin\jli.dll
0x00007ff948250000 - 0x00007ff9482ff000 	C:\WINDOWS\System32\ADVAPI32.dll
0x00007ff948860000 - 0x00007ff9488fe000 	C:\WINDOWS\System32\msvcrt.dll
0x00007ff948330000 - 0x00007ff9483cf000 	C:\WINDOWS\System32\sechost.dll
0x00007ff948c40000 - 0x00007ff948d63000 	C:\WINDOWS\System32\RPCRT4.dll
0x00007ff947810000 - 0x00007ff947837000 	C:\WINDOWS\System32\bcrypt.dll
0x00007ff9483d0000 - 0x00007ff94856d000 	C:\WINDOWS\System32\USER32.dll
0x00007ff9480d0000 - 0x00007ff9480f2000 	C:\WINDOWS\System32\win32u.dll
0x00007ff935490000 - 0x00007ff93572a000 	C:\WINDOWS\WinSxS\amd64_microsoft.windows.common-controls_6595b64144ccf1df_6.0.19041.4355_none_60b8b9eb71f62e16\COMCTL32.dll
0x00007ff948830000 - 0x00007ff94885b000 	C:\WINDOWS\System32\GDI32.dll
0x00007ff9478f0000 - 0x00007ff947a0a000 	C:\WINDOWS\System32\gdi32full.dll
0x00007ff947b10000 - 0x00007ff947bad000 	C:\WINDOWS\System32\msvcp_win.dll
0x00007ff940450000 - 0x00007ff94045a000 	C:\WINDOWS\SYSTEM32\VERSION.dll
0x00007ff948300000 - 0x00007ff94832f000 	C:\WINDOWS\System32\IMM32.DLL
0x00007ff941be0000 - 0x00007ff941bec000 	D:\java\jdk21\bin\vcruntime140_1.dll
0x00007ff9414b0000 - 0x00007ff94153e000 	D:\java\jdk21\bin\msvcp140.dll
0x00007ff8da400000 - 0x00007ff8db11a000 	D:\java\jdk21\bin\server\jvm.dll
0x00007ff948b60000 - 0x00007ff948bcb000 	C:\WINDOWS\System32\WS2_32.dll
0x00007ff9475c0000 - 0x00007ff94760b000 	C:\WINDOWS\SYSTEM32\POWRPROF.dll
0x00007ff93bac0000 - 0x00007ff93bae7000 	C:\WINDOWS\SYSTEM32\WINMM.dll
0x00007ff947530000 - 0x00007ff947542000 	C:\WINDOWS\SYSTEM32\UMPDC.dll
0x00007ff946030000 - 0x00007ff946042000 	C:\WINDOWS\SYSTEM32\kernel.appcore.dll
0x00007ff941bd0000 - 0x00007ff941bda000 	D:\java\jdk21\bin\jimage.dll
0x00007ff945400000 - 0x00007ff9455e4000 	C:\WINDOWS\SYSTEM32\DBGHELP.DLL
0x00007ff926dd0000 - 0x00007ff926e04000 	C:\WINDOWS\SYSTEM32\dbgcore.DLL
0x00007ff948100000 - 0x00007ff948182000 	C:\WINDOWS\System32\bcryptPrimitives.dll
0x00007ff941b60000 - 0x00007ff941b6f000 	D:\java\jdk21\bin\instrument.dll
0x00007ff941bb0000 - 0x00007ff941bcf000 	D:\java\jdk21\bin\java.dll
0x00007ff9499c0000 - 0x00007ff94a12d000 	C:\WINDOWS\System32\SHELL32.dll
0x00007ff945870000 - 0x00007ff946014000 	C:\WINDOWS\SYSTEM32\windows.storage.dll
0x00007ff9491f0000 - 0x00007ff949545000 	C:\WINDOWS\System32\combase.dll
0x00007ff9471d0000 - 0x00007ff9471fb000 	C:\WINDOWS\SYSTEM32\Wldp.dll
0x00007ff949620000 - 0x00007ff9496ed000 	C:\WINDOWS\System32\OLEAUT32.dll
0x00007ff948900000 - 0x00007ff9489ad000 	C:\WINDOWS\System32\SHCORE.dll
0x00007ff948190000 - 0x00007ff9481e5000 	C:\WINDOWS\System32\shlwapi.dll
0x00007ff947740000 - 0x00007ff947765000 	C:\WINDOWS\SYSTEM32\profapi.dll
0x00007ff91d630000 - 0x00007ff91d707000 	D:\java\jdk21\bin\jsvml.dll
0x00007ff940360000 - 0x00007ff940378000 	D:\java\jdk21\bin\zip.dll
0x00007ff941b90000 - 0x00007ff941ba0000 	D:\java\jdk21\bin\net.dll
0x00007ff9447d0000 - 0x00007ff9448da000 	C:\WINDOWS\SYSTEM32\WINHTTP.dll
0x00007ff946f30000 - 0x00007ff946f9c000 	C:\WINDOWS\system32\mswsock.dll
0x00007ff941b70000 - 0x00007ff941b86000 	D:\java\jdk21\bin\nio.dll
0x00007ff92a580000 - 0x00007ff92a589000 	D:\java\jdk21\bin\management_agent.dll
0x00007ff92a3d0000 - 0x00007ff92a3da000 	D:\java\jdk21\bin\management.dll
0x00007ff92a3c0000 - 0x00007ff92a3cb000 	D:\java\jdk21\bin\management_ext.dll
0x00007ff949820000 - 0x00007ff949828000 	C:\WINDOWS\System32\PSAPI.DLL
0x00007ff943d30000 - 0x00007ff943d47000 	C:\WINDOWS\system32\napinsp.dll
0x00007ff943cc0000 - 0x00007ff943cdb000 	C:\WINDOWS\system32\pnrpnsp.dll
0x00007ff921440000 - 0x00007ff921455000 	C:\WINDOWS\system32\wshbth.dll
0x00007ff9448e0000 - 0x00007ff9448fd000 	C:\WINDOWS\system32\NLAapi.dll
0x00007ff946c10000 - 0x00007ff946c4b000 	C:\WINDOWS\SYSTEM32\IPHLPAPI.DLL
0x00007ff946c50000 - 0x00007ff946d1a000 	C:\WINDOWS\SYSTEM32\DNSAPI.dll
0x00007ff949810000 - 0x00007ff949818000 	C:\WINDOWS\System32\NSI.dll
0x00007ff943ca0000 - 0x00007ff943cb2000 	C:\WINDOWS\System32\winrnr.dll
0x00007ff9415d0000 - 0x00007ff9415da000 	C:\Windows\System32\rasadhlp.dll
0x00007ff9402c0000 - 0x00007ff940340000 	C:\WINDOWS\System32\fwpuclnt.dll
0x00007ff947120000 - 0x00007ff947138000 	C:\WINDOWS\SYSTEM32\CRYPTSP.dll
0x00007ff9467f0000 - 0x00007ff946828000 	C:\WINDOWS\system32\rsaenh.dll
0x00007ff9476c0000 - 0x00007ff9476ee000 	C:\WINDOWS\SYSTEM32\USERENV.dll
0x00007ff947140000 - 0x00007ff94714c000 	C:\WINDOWS\SYSTEM32\CRYPTBASE.dll
0x00007ff93da80000 - 0x00007ff93da89000 	D:\java\jdk21\bin\extnet.dll
0x00007ff92a790000 - 0x00007ff92a79e000 	D:\java\jdk21\bin\sunmscapi.dll
0x00007ff947eb0000 - 0x00007ff94800c000 	C:\WINDOWS\System32\CRYPT32.dll
0x00007ff947240000 - 0x00007ff947267000 	C:\WINDOWS\SYSTEM32\ncrypt.dll
0x00007ff947200000 - 0x00007ff94723b000 	C:\WINDOWS\SYSTEM32\NTASN1.dll
0x00007ff92a380000 - 0x00007ff92a390000 	D:\java\jdk21\bin\verify.dll
0x00007ff91c0e0000 - 0x00007ff91c0e7000 	C:\WINDOWS\system32\wshunix.dll

dbghelp: loaded successfully - version: 4.0.5 - missing functions: none
symbol engine: initialized successfully - sym options: 0x614 - pdb path: .;D:\java\jdk21\bin;C:\WINDOWS\SYSTEM32;C:\WINDOWS\WinSxS\amd64_microsoft.windows.common-controls_6595b64144ccf1df_6.0.19041.4355_none_60b8b9eb71f62e16;D:\java\jdk21\bin\server

VM Arguments:
jvm_args: -Djava.util.logging.config.file=C:\Users\dell\AppData\Local\JetBrains\IntelliJIdea2024.3\tomcat\637303c7-005e-4fa5-a411-b0f41081b1ea\conf\logging.properties -Djava.util.logging.manager=org.apache.juli.ClassLoaderLogManager -javaagent:D:\CODE WEB\page-movie-management\apache-tomee-webprofile-10.0.0\lib\openejb-javaagent.jar -Dcom.sun.management.jmxremote= -Dcom.sun.management.jmxremote.port=1099 -Dcom.sun.management.jmxremote.ssl=false -Dcom.sun.management.jmxremote.password.file=C:\Users\dell\AppData\Local\JetBrains\IntelliJIdea2024.3\tomcat\637303c7-005e-4fa5-a411-b0f41081b1ea\jmxremote.password -Dcom.sun.management.jmxremote.access.file=C:\Users\dell\AppData\Local\JetBrains\IntelliJIdea2024.3\tomcat\637303c7-005e-4fa5-a411-b0f41081b1ea\jmxremote.access -Djava.rmi.server.hostname=127.0.0.1 -Dtomee.serialization.class.whitelist= -Dtomee.serialization.class.blacklist=- -Dtomee.remote.support=true -Dopenejb.system.apps=true -Djdk.tls.ephemeralDHKeySize=2048 -Djava.protocol.handler.pkgs=org.apache.catalina.webresources --add-opens=java.base/java.lang=ALL-UNNAMED --add-opens=java.base/java.io=ALL-UNNAMED --add-opens=java.base/java.util=ALL-UNNAMED --add-opens=java.base/java.util.concurrent=ALL-UNNAMED --add-opens=java.rmi/sun.rmi.transport=ALL-UNNAMED -Dcatalina.base=C:\Users\dell\AppData\Local\JetBrains\IntelliJIdea2024.3\tomcat\637303c7-005e-4fa5-a411-b0f41081b1ea -Dcatalina.home=D:\CODE WEB\page-movie-management\apache-tomee-webprofile-10.0.0 -Djava.io.tmpdir=C:\Users\dell\AppData\Local\JetBrains\IntelliJIdea2024.3\tomcat\637303c7-005e-4fa5-a411-b0f41081b1ea\temp 
java_command: org.apache.catalina.startup.Bootstrap start
java_class_path (initial): D:\CODE WEB\page-movie-management\apache-tomee-webprofile-10.0.0\bin\bootstrap.jar;D:\CODE WEB\page-movie-management\apache-tomee-webprofile-10.0.0\bin\tomcat-juli.jar
Launcher Type: SUN_STANDARD

[Global flags]
     intx CICompilerCount                          = 4                                         {product} {ergonomic}
     uint ConcGCThreads                            = 2                                         {product} {ergonomic}
     uint G1ConcRefinementThreads                  = 8                                         {product} {ergonomic}
   size_t G1HeapRegionSize                         = 2097152                                   {product} {ergonomic}
    uintx GCDrainStackTargetSize                   = 64                                        {product} {ergonomic}
   size_t InitialHeapSize                          = 264241152                                 {product} {ergonomic}
     bool ManagementServer                         = true                                      {product} {command line}
   size_t MarkStackSize                            = 4194304                                   {product} {ergonomic}
   size_t MaxHeapSize                              = 4225761280                                {product} {ergonomic}
   size_t MaxNewSize                               = 2535456768                                {product} {ergonomic}
   size_t MinHeapDeltaBytes                        = 2097152                                   {product} {ergonomic}
   size_t MinHeapSize                              = 8388608                                   {product} {ergonomic}
    uintx NonNMethodCodeHeapSize                   = 5839372                                {pd product} {ergonomic}
    uintx NonProfiledCodeHeapSize                  = 122909434                              {pd product} {ergonomic}
    uintx ProfiledCodeHeapSize                     = 122909434                              {pd product} {ergonomic}
    uintx ReservedCodeCacheSize                    = 251658240                              {pd product} {ergonomic}
     bool SegmentedCodeCache                       = true                                      {product} {ergonomic}
   size_t SoftMaxHeapSize                          = 4225761280                             {manageable} {ergonomic}
     bool UseCompressedOops                        = true                           {product lp64_product} {ergonomic}
     bool UseG1GC                                  = true                                      {product} {ergonomic}
     bool UseLargePagesIndividualAllocation        = false                                  {pd product} {ergonomic}

Logging:
Log output configuration:
 #0: stdout all=warning uptime,level,tags foldmultilines=false
 #1: stderr all=off uptime,level,tags foldmultilines=false

Environment Variables:
JAVA_HOME=D:\java\jdk21
CLASSPATH=D:\CODE WEB\page-movie-management\apache-tomee-webprofile-10.0.0\bin\bootstrap.jar;D:\CODE WEB\page-movie-management\apache-tomee-webprofile-10.0.0\bin\tomcat-juli.jar
PATH=C:\Program Files\Microsoft MPI\Bin\;C:\Program Files\Common Files\Oracle\Java\javapath;C:\WINDOWS\system32;C:\WINDOWS;C:\WINDOWS\System32\Wbem;C:\WINDOWS\System32\WindowsPowerShell\v1.0\;C:\WINDOWS\System32\OpenSSH\;C:\Program Files\Microsoft SQL Server\Client SDK\ODBC\170\Tools\Binn\;D:\Install\bin;D:\Git\cmd;D:\XAMPP\php;C:\ProgramData\ComposerSetup\bin;C:\mingw64\bin;C:\TDM-GCC-32\bin;D:\notejs\;D:\XAMPP\mysql\bin;D:\Maven\bin;D:\Maven\apache-maven-3.9.9\bin;C:\Program Files (x86)\Microsoft SQL Server\160\Tools\Binn\;C:\Program Files\Microsoft SQL Server\160\Tools\Binn\;C:\Program Files\Microsoft SQL Server\160\DTS\Binn\;C:\Program Files (x86)\Microsoft SQL Server\160\DTS\Binn\;D:\python\Scripts\;D:\python\;D:\java\jdk21\bin;D:\Microsoft VS Code\bin;C:\Users\dell\AppData\Roaming\Composer\vendor\bin;C:\mingw64\bin;C:\Users\dell\AppData\Roaming\npm;D:\nodejs;D:\PyCharm\PyCharm Community Edition 2024.2.4\bin;;D:\Wireshark;D:\python3.10;D:\python39;D:\JetBrains\IntelliJ IDEA 2024.3.4.1\bin;;D:\Maven\bin;
USERNAME=dell
OS=Windows_NT
PROCESSOR_IDENTIFIER=Intel64 Family 6 Model 140 Stepping 1, GenuineIntel
TMP=C:\Users\dell\AppData\Local\Temp
TEMP=C:\Users\dell\AppData\Local\Temp




Periodic native trim disabled

---------------  S Y S T E M  ---------------

OS:
 Windows 10 , 64 bit Build 19041 (10.0.19041.5438)
OS uptime: 1 days 17:50 hours

CPU: total 8 (initial active 8) (4 cores per cpu, 2 threads per core) family 6 model 140 stepping 1 microcode 0xba, cx8, cmov, fxsr, ht, mmx, 3dnowpref, sse, sse2, sse3, ssse3, sse4.1, sse4.2, popcnt, lzcnt, tsc, tscinvbit, avx, avx2, aes, erms, clmul, bmi1, bmi2, adx, avx512f, avx512dq, avx512cd, avx512bw, avx512vl, sha, fma, vzeroupper, avx512_vpopcntdq, avx512_vpclmulqdq, avx512_vaes, avx512_vnni, clflush, clflushopt, clwb, avx512_vbmi2, avx512_vbmi, rdtscp, rdpid, fsrm, gfni, avx512_bitalg, f16c, pku, cet_ibt, cet_ss, avx512_ifma
Processor Information for all 8 processors :
  Max Mhz: 2419, Current Mhz: 2419, Mhz Limit: 2419

Memory: 4k page, system-wide physical 16118M (3569M free)
TotalPageFile size 16898M (AvailPageFile size 64M)
current process WorkingSet (physical memory assigned to process): 214M, peak: 214M
current process commit charge ("private bytes"): 250M, peak: 395M

vm_info: Java HotSpot(TM) 64-Bit Server VM (21.0.6+8-LTS-188) for windows-amd64 JRE (21.0.6+8-LTS-188), built on 2024-12-03T10:50:54Z by "mach5one" with MS VC++ 17.6 (VS2022)

END.
