#
# There is insufficient memory for the Java Runtime Environment to continue.
# Native memory allocation (malloc) failed to allocate 2502416 bytes for Chunk::new
# Possible reasons:
#   The system is out of physical RAM or swap space
#   The process is running with CompressedOops enabled, and the Java Heap may be blocking the growth of the native heap
# Possible solutions:
#   Reduce memory load on the system
#   Increase physical memory or swap space
#   Check if swap backing store is full
#   Decrease Java heap size (-Xmx/-Xms)
#   Decrease number of Java threads
#   Decrease Java thread stack sizes (-Xss)
#   Set larger code cache with -XX:ReservedCodeCacheSize=
#   JVM is running with Zero Based Compressed Oops mode in which the Java heap is
#     placed in the first 32GB address space. The Java Heap base address is the
#     maximum limit for the native heap growth. Please use -XX:HeapBaseMinAddress
#     to set the Java Heap base and to place the Java Heap above 32GB virtual address.
# This output file may be truncated or incomplete.
#
#  Out of Memory Error (arena.cpp:168), pid=20740, tid=21100
#
# JRE version: Java(TM) SE Runtime Environment (21.0.6+8) (build 21.0.6+8-LTS-188)
# Java VM: Java HotSpot(TM) 64-Bit Server VM (21.0.6+8-LTS-188, mixed mode, sharing, tiered, compressed oops, compressed class ptrs, g1 gc, windows-amd64)
# No core dump will be written. Minidumps are not enabled by default on client versions of Windows
#

---------------  S U M M A R Y ------------

Command Line: -Djava.util.logging.config.file=C:\Users\dell\AppData\Local\JetBrains\IntelliJIdea2024.3\tomcat\637303c7-005e-4fa5-a411-b0f41081b1ea\conf\logging.properties -Djava.util.logging.manager=org.apache.juli.ClassLoaderLogManager -javaagent:D:\CODE WEB\page-movie-management\apache-tomee-webprofile-10.0.0\lib\openejb-javaagent.jar -Dcom.sun.management.jmxremote= -Dcom.sun.management.jmxremote.port=1099 -Dcom.sun.management.jmxremote.ssl=false -Dcom.sun.management.jmxremote.password.file=C:\Users\dell\AppData\Local\JetBrains\IntelliJIdea2024.3\tomcat\637303c7-005e-4fa5-a411-b0f41081b1ea\jmxremote.password -Dcom.sun.management.jmxremote.access.file=C:\Users\dell\AppData\Local\JetBrains\IntelliJIdea2024.3\tomcat\637303c7-005e-4fa5-a411-b0f41081b1ea\jmxremote.access -Djava.rmi.server.hostname=127.0.0.1 -Dtomee.serialization.class.whitelist= -Dtomee.serialization.class.blacklist=- -Dtomee.remote.support=true -Dopenejb.system.apps=true -Djdk.tls.ephemeralDHKeySize=2048 -Djava.protocol.handler.pkgs=org.apache.catalina.webresources --add-opens=java.base/java.lang=ALL-UNNAMED --add-opens=java.base/java.io=ALL-UNNAMED --add-opens=java.base/java.util=ALL-UNNAMED --add-opens=java.base/java.util.concurrent=ALL-UNNAMED --add-opens=java.rmi/sun.rmi.transport=ALL-UNNAMED -Dcatalina.base=C:\Users\dell\AppData\Local\JetBrains\IntelliJIdea2024.3\tomcat\637303c7-005e-4fa5-a411-b0f41081b1ea -Dcatalina.home=D:\CODE WEB\page-movie-management\apache-tomee-webprofile-10.0.0 -Djava.io.tmpdir=C:\Users\dell\AppData\Local\JetBrains\IntelliJIdea2024.3\tomcat\637303c7-005e-4fa5-a411-b0f41081b1ea\temp org.apache.catalina.startup.Bootstrap start

Host: 11th Gen Intel(R) Core(TM) i5-1135G7 @ 2.40GHz, 8 cores, 15G,  Windows 10 , 64 bit Build 19041 (10.0.19041.5438)
Time: Fri Apr  4 00:00:22 2025 SE Asia Standard Time elapsed time: 15.336497 seconds (0d 0h 0m 15s)

---------------  T H R E A D  ---------------

Current thread (0x00000216ff024900):  JavaThread "C2 CompilerThread0" daemon [_thread_in_native, id=21100, stack(0x0000006ac9f00000,0x0000006aca000000) (1024K)]


Current CompileTask:
C2:  15336 7347       4       org.eclipse.jdt.internal.compiler.lookup.BinaryTypeBinding::createMethod (1719 bytes)

Stack: [0x0000006ac9f00000,0x0000006aca000000]
Native frames: (J=compiled Java code, j=interpreted, Vv=VM code, C=native code)
V  [jvm.dll+0x6ca6d9]
V  [jvm.dll+0x854f51]
V  [jvm.dll+0x85747e]
V  [jvm.dll+0x857b53]
V  [jvm.dll+0x27dcc6]
V  [jvm.dll+0xc4c2d]
V  [jvm.dll+0xc5163]
V  [jvm.dll+0x3b5122]
V  [jvm.dll+0x381855]
V  [jvm.dll+0x380cca]
V  [jvm.dll+0x246920]
V  [jvm.dll+0x245eff]
V  [jvm.dll+0x1c6d2e]
V  [jvm.dll+0x2554f9]
V  [jvm.dll+0x253a8a]
V  [jvm.dll+0x3ee576]
V  [jvm.dll+0x7ff2fb]
V  [jvm.dll+0x6c8dbd]
C  [ucrtbase.dll+0x21bb2]
C  [KERNEL32.DLL+0x17374]
C  [ntdll.dll+0x4cc91]


---------------  P R O C E S S  ---------------

Threads class SMR info:
_java_thread_list=0x00000216cd725180, length=43, elements={
0x00000216e1b49c50, 0x00000216ff00e000, 0x00000216ff00f260, 0x00000216ff011080,
0x00000216ff015af0, 0x00000216ff016950, 0x00000216ff01f3b0, 0x00000216ff024900,
0x00000216ff0295a0, 0x00000216c91014e0, 0x00000216c93641e0, 0x00000216c9340d10,
0x00000216c950d0d0, 0x00000216c94260c0, 0x00000216c94272c0, 0x00000216ca7a6fc0,
0x00000216caa24cf0, 0x00000216cab45b50, 0x00000216cab44110, 0x00000216cab44e30,
0x00000216cab454c0, 0x00000216cab461e0, 0x00000216cab46870, 0x00000216cab46f00,
0x00000216cab47590, 0x00000216cc470f90, 0x00000216cc471620, 0x00000216cc4736f0,
0x00000216cc4729d0, 0x00000216cc471cb0, 0x00000216cc472340, 0x00000216cc473060,
0x00000216cc473d80, 0x00000216cc474410, 0x00000216cb3465a0, 0x00000216cb348d00,
0x00000216cb345880, 0x00000216cb349a20, 0x00000216cb3444d0, 0x00000216cb349390,
0x00000216cb34baf0, 0x00000216ff028130, 0x00000216ff028800
}

Java Threads: ( => current thread )
  0x00000216e1b49c50 JavaThread "main"                              [_thread_in_native, id=7652, stack(0x0000006ac9100000,0x0000006ac9200000) (1024K)]
  0x00000216ff00e000 JavaThread "Reference Handler"          daemon [_thread_blocked, id=19308, stack(0x0000006ac9900000,0x0000006ac9a00000) (1024K)]
  0x00000216ff00f260 JavaThread "Finalizer"                  daemon [_thread_blocked, id=21888, stack(0x0000006ac9a00000,0x0000006ac9b00000) (1024K)]
  0x00000216ff011080 JavaThread "Signal Dispatcher"          daemon [_thread_blocked, id=14760, stack(0x0000006ac9b00000,0x0000006ac9c00000) (1024K)]
  0x00000216ff015af0 JavaThread "Attach Listener"            daemon [_thread_blocked, id=18920, stack(0x0000006ac9c00000,0x0000006ac9d00000) (1024K)]
  0x00000216ff016950 JavaThread "Service Thread"             daemon [_thread_blocked, id=14008, stack(0x0000006ac9d00000,0x0000006ac9e00000) (1024K)]
  0x00000216ff01f3b0 JavaThread "Monitor Deflation Thread"   daemon [_thread_blocked, id=18800, stack(0x0000006ac9e00000,0x0000006ac9f00000) (1024K)]
=>0x00000216ff024900 JavaThread "C2 CompilerThread0"         daemon [_thread_in_native, id=21100, stack(0x0000006ac9f00000,0x0000006aca000000) (1024K)]
  0x00000216ff0295a0 JavaThread "C1 CompilerThread0"         daemon [_thread_blocked, id=20000, stack(0x0000006aca000000,0x0000006aca100000) (1024K)]
  0x00000216c91014e0 JavaThread "Common-Cleaner"             daemon [_thread_blocked, id=9288, stack(0x0000006aca100000,0x0000006aca200000) (1024K)]
  0x00000216c93641e0 JavaThread "FileHandlerLogFilesCleaner-1" daemon [_thread_blocked, id=16416, stack(0x0000006aca300000,0x0000006aca400000) (1024K)]
  0x00000216c9340d10 JavaThread "Notification Thread"        daemon [_thread_blocked, id=16324, stack(0x0000006aca400000,0x0000006aca500000) (1024K)]
  0x00000216c950d0d0 JavaThread "RMI TCP Accept-0"           daemon [_thread_in_native, id=6188, stack(0x0000006aca600000,0x0000006aca700000) (1024K)]
  0x00000216c94260c0 JavaThread "RMI TCP Accept-1099"        daemon [_thread_in_native, id=8396, stack(0x0000006aca700000,0x0000006aca800000) (1024K)]
  0x00000216c94272c0 JavaThread "RMI TCP Accept-0"           daemon [_thread_in_native, id=20588, stack(0x0000006aca800000,0x0000006aca900000) (1024K)]
  0x00000216ca7a6fc0 JavaThread "AsyncFileHandlerWriter-1"   daemon [_thread_blocked, id=20772, stack(0x0000006acb000000,0x0000006acb100000) (1024K)]
  0x00000216caa24cf0 JavaThread "mysql-cj-abandoned-connection-cleanup" daemon [_thread_blocked, id=14908, stack(0x0000006acb100000,0x0000006acb200000) (1024K)]
  0x00000216cab45b50 JavaThread "RMI TCP Connection(1)-127.0.0.1" daemon [_thread_in_native, id=20256, stack(0x0000006acb200000,0x0000006acb300000) (1024K)]
  0x00000216cab44110 JavaThread "RMI Scheduler(0)"           daemon [_thread_blocked, id=5748, stack(0x0000006acb300000,0x0000006acb400000) (1024K)]
  0x00000216cab44e30 JavaThread "RMI TCP Connection(4)-127.0.0.1" daemon [_thread_in_native, id=16068, stack(0x0000006acb400000,0x0000006acb500000) (1024K)]
  0x00000216cab454c0 JavaThread "RetryTimer"                 daemon [_thread_blocked, id=20152, stack(0x0000006acb500000,0x0000006acb600000) (1024K)]
  0x00000216cab461e0 JavaThread "Tomcat JDBC Pool Cleaner[1935972447:1743699608745]" daemon [_thread_blocked, id=20048, stack(0x0000006acb700000,0x0000006acb800000) (1024K)]
  0x00000216cab46870 JavaThread "DelayedCachedOutputStreamCleaner" daemon [_thread_blocked, id=16528, stack(0x0000006acb800000,0x0000006acb900000) (1024K)]
  0x00000216cab46f00 JavaThread "RMI TCP Connection(3)-127.0.0.1" daemon [_thread_in_native, id=17780, stack(0x0000006acb900000,0x0000006acba00000) (1024K)]
  0x00000216cab47590 JavaThread "Catalina-utility-1"                [_thread_blocked, id=6464, stack(0x0000006acba00000,0x0000006acbb00000) (1024K)]
  0x00000216cc470f90 JavaThread "Catalina-utility-2"                [_thread_blocked, id=18752, stack(0x0000006acbb00000,0x0000006acbc00000) (1024K)]
  0x00000216cc471620 JavaThread "http-nio-8080-exec-1"       daemon [_thread_blocked, id=22120, stack(0x0000006acbc00000,0x0000006acbd00000) (1024K)]
  0x00000216cc4736f0 JavaThread "http-nio-8080-exec-2"       daemon [_thread_blocked, id=10700, stack(0x0000006acbd00000,0x0000006acbe00000) (1024K)]
  0x00000216cc4729d0 JavaThread "http-nio-8080-exec-3"       daemon [_thread_blocked, id=16200, stack(0x0000006acbe00000,0x0000006acbf00000) (1024K)]
  0x00000216cc471cb0 JavaThread "http-nio-8080-exec-4"       daemon [_thread_blocked, id=9320, stack(0x0000006acbf00000,0x0000006acc000000) (1024K)]
  0x00000216cc472340 JavaThread "http-nio-8080-exec-5"       daemon [_thread_blocked, id=21668, stack(0x0000006acc000000,0x0000006acc100000) (1024K)]
  0x00000216cc473060 JavaThread "http-nio-8080-exec-6"       daemon [_thread_blocked, id=18600, stack(0x0000006acc100000,0x0000006acc200000) (1024K)]
  0x00000216cc473d80 JavaThread "http-nio-8080-exec-7"       daemon [_thread_blocked, id=7600, stack(0x0000006acc200000,0x0000006acc300000) (1024K)]
  0x00000216cc474410 JavaThread "http-nio-8080-exec-8"       daemon [_thread_blocked, id=21028, stack(0x0000006acc300000,0x0000006acc400000) (1024K)]
  0x00000216cb3465a0 JavaThread "http-nio-8080-exec-9"       daemon [_thread_blocked, id=18200, stack(0x0000006acc400000,0x0000006acc500000) (1024K)]
  0x00000216cb348d00 JavaThread "http-nio-8080-exec-10"      daemon [_thread_blocked, id=9340, stack(0x0000006acc500000,0x0000006acc600000) (1024K)]
  0x00000216cb345880 JavaThread "http-nio-8080-Poller"       daemon [_thread_in_native, id=19108, stack(0x0000006acc600000,0x0000006acc700000) (1024K)]
  0x00000216cb349a20 JavaThread "http-nio-8080-Acceptor"     daemon [_thread_in_native, id=15584, stack(0x0000006acc700000,0x0000006acc800000) (1024K)]
  0x00000216cb3444d0 JavaThread "Thread-24"                  daemon [_thread_blocked, id=21992, stack(0x0000006aca500000,0x0000006aca600000) (1024K)]
  0x00000216cb349390 JavaThread "mysql-cj-abandoned-connection-cleanup" daemon [_thread_blocked, id=404, stack(0x0000006acc800000,0x0000006acc900000) (1024K)]
  0x00000216cb34baf0 JavaThread "Default Stateless Container - 1" daemon [_thread_blocked, id=12464, stack(0x0000006acc900000,0x0000006acca00000) (1024K)]
  0x00000216ff028130 JavaThread "C2 CompilerThread1"         daemon [_thread_blocked, id=20984, stack(0x0000006aca200000,0x0000006aca300000) (1024K)]
  0x00000216ff028800 JavaThread "C2 CompilerThread2"         daemon [_thread_blocked, id=14104, stack(0x0000006acca00000,0x0000006accb00000) (1024K)]
Total: 43

Other Threads:
  0x00000216feff2890 VMThread "VM Thread"                           [id=13316, stack(0x0000006ac9800000,0x0000006ac9900000) (1024K)]
  0x00000216fefdfa70 WatcherThread "VM Periodic Task Thread"        [id=19744, stack(0x0000006ac9700000,0x0000006ac9800000) (1024K)]
  0x00000216e3e9a2c0 WorkerThread "GC Thread#0"                     [id=12952, stack(0x0000006ac9200000,0x0000006ac9300000) (1024K)]
  0x00000216c953c8c0 WorkerThread "GC Thread#1"                     [id=3628, stack(0x0000006aca900000,0x0000006acaa00000) (1024K)]
  0x00000216c9824490 WorkerThread "GC Thread#2"                     [id=21252, stack(0x0000006acaa00000,0x0000006acab00000) (1024K)]
  0x00000216c9824830 WorkerThread "GC Thread#3"                     [id=12748, stack(0x0000006acab00000,0x0000006acac00000) (1024K)]
  0x00000216c9824fe0 WorkerThread "GC Thread#4"                     [id=19248, stack(0x0000006acac00000,0x0000006acad00000) (1024K)]
  0x00000216c9a025e0 WorkerThread "GC Thread#5"                     [id=7904, stack(0x0000006acad00000,0x0000006acae00000) (1024K)]
  0x00000216c98ba1e0 WorkerThread "GC Thread#6"                     [id=15624, stack(0x0000006acae00000,0x0000006acaf00000) (1024K)]
  0x00000216c98bbdb0 WorkerThread "GC Thread#7"                     [id=12460, stack(0x0000006acaf00000,0x0000006acb000000) (1024K)]
  0x00000216e3eaadd0 ConcurrentGCThread "G1 Main Marker"            [id=18152, stack(0x0000006ac9300000,0x0000006ac9400000) (1024K)]
  0x00000216e3eade40 WorkerThread "G1 Conc#0"                       [id=6212, stack(0x0000006ac9400000,0x0000006ac9500000) (1024K)]
  0x00000216cb3e6b10 WorkerThread "G1 Conc#1"                       [id=9280, stack(0x0000006acb600000,0x0000006acb700000) (1024K)]
  0x00000216feeb5690 ConcurrentGCThread "G1 Refine#0"               [id=10108, stack(0x0000006ac9500000,0x0000006ac9600000) (1024K)]
  0x00000216feeb5fb0 ConcurrentGCThread "G1 Service"                [id=7496, stack(0x0000006ac9600000,0x0000006ac9700000) (1024K)]
Total: 15

Threads with active compile tasks:
C2 CompilerThread0    15351 7347       4       org.eclipse.jdt.internal.compiler.lookup.BinaryTypeBinding::createMethod (1719 bytes)
Total: 1

VM state: not at safepoint (normal execution)

VM Mutex/Monitor currently owned by a thread: None

Heap address: 0x0000000704200000, size: 4030 MB, Compressed Oops mode: Zero based, Oop shift amount: 3

CDS archive(s) mapped at: [0x0000021684000000-0x0000021684c90000-0x0000021684c90000), size 13172736, SharedBaseAddress: 0x0000021684000000, ArchiveRelocationMode: 1.
Compressed class space mapped at: 0x0000021685000000-0x00000216c5000000, reserved size: 1073741824
Narrow klass base: 0x0000021684000000, Narrow klass shift: 0, Narrow klass range: 0x100000000

GC Precious Log:
 CardTable entry size: 512
 Card Set container configuration: InlinePtr #cards 4 size 8 Array Of Cards #cards 16 size 48 Howl #buckets 8 coarsen threshold 3686 Howl Bitmap #cards 512 size 80 coarsen threshold 460 Card regions per heap region 1 cards per card region 4096
 CPUs: 8 total, 8 available
 Memory: 16118M
 Large Page Support: Disabled
 NUMA Support: Disabled
 Compressed Oops: Enabled (Zero based)
 Heap Region Size: 2M
 Heap Min Capacity: 8M
 Heap Initial Capacity: 252M
 Heap Max Capacity: 4030M
 Pre-touch: Disabled
 Parallel Workers: 8
 Concurrent Workers: 2
 Concurrent Refinement Workers: 8
 Periodic GC: Disabled

Heap:
 garbage-first heap   total 331776K, used 135232K [0x0000000704200000, 0x0000000800000000)
  region size 2048K, 18 young (36864K), 6 survivors (12288K)
 Metaspace       used 64350K, committed 65152K, reserved 1114112K
  class space    used 6996K, committed 7360K, reserved 1048576K

Heap Regions: E=young(eden), S=young(survivor), O=old, HS=humongous(starts), HC=humongous(continues), CS=collection set, F=free, TAMS=top-at-mark-start, PB=parsable bottom
|   0|0x0000000704200000, 0x00000007043fd990, 0x0000000704400000| 99%| O|  |TAMS 0x0000000704200000| PB 0x0000000704200000| Untracked 
|   1|0x0000000704400000, 0x0000000704600000, 0x0000000704600000|100%| O|  |TAMS 0x0000000704400000| PB 0x0000000704400000| Untracked 
|   2|0x0000000704600000, 0x00000007047f4290, 0x0000000704800000| 97%| O|  |TAMS 0x0000000704600000| PB 0x0000000704600000| Untracked 
|   3|0x0000000704800000, 0x0000000704a00000, 0x0000000704a00000|100%| O|  |TAMS 0x0000000704800000| PB 0x0000000704800000| Untracked 
|   4|0x0000000704a00000, 0x0000000704c00000, 0x0000000704c00000|100%| O|  |TAMS 0x0000000704a00000| PB 0x0000000704a00000| Untracked 
|   5|0x0000000704c00000, 0x0000000704dd33d8, 0x0000000704e00000| 91%| O|  |TAMS 0x0000000704c00000| PB 0x0000000704c00000| Untracked 
|   6|0x0000000704e00000, 0x0000000705000000, 0x0000000705000000|100%| O|Cm|TAMS 0x0000000704e00000| PB 0x0000000704e00000| Complete 
|   7|0x0000000705000000, 0x0000000705200000, 0x0000000705200000|100%| O|  |TAMS 0x0000000705000000| PB 0x0000000705000000| Untracked 
|   8|0x0000000705200000, 0x0000000705400000, 0x0000000705400000|100%| O|  |TAMS 0x0000000705200000| PB 0x0000000705200000| Untracked 
|   9|0x0000000705400000, 0x0000000705600000, 0x0000000705600000|100%| O|  |TAMS 0x0000000705400000| PB 0x0000000705400000| Untracked 
|  10|0x0000000705600000, 0x0000000705800000, 0x0000000705800000|100%| O|  |TAMS 0x0000000705600000| PB 0x0000000705600000| Untracked 
|  11|0x0000000705800000, 0x0000000705800000, 0x0000000705a00000|  0%| F|  |TAMS 0x0000000705800000| PB 0x0000000705800000| Untracked 
|  12|0x0000000705a00000, 0x0000000705a00000, 0x0000000705c00000|  0%| F|  |TAMS 0x0000000705a00000| PB 0x0000000705a00000| Untracked 
|  13|0x0000000705c00000, 0x0000000705e00000, 0x0000000705e00000|100%| O|  |TAMS 0x0000000705c00000| PB 0x0000000705c00000| Untracked 
|  14|0x0000000705e00000, 0x0000000706000000, 0x0000000706000000|100%| O|Cm|TAMS 0x0000000705e00000| PB 0x0000000705e00000| Complete 
|  15|0x0000000706000000, 0x0000000706200000, 0x0000000706200000|100%| O|  |TAMS 0x0000000706000000| PB 0x0000000706000000| Untracked 
|  16|0x0000000706200000, 0x0000000706400000, 0x0000000706400000|100%| O|  |TAMS 0x0000000706200000| PB 0x0000000706200000| Untracked 
|  17|0x0000000706400000, 0x0000000706600000, 0x0000000706600000|100%| O|  |TAMS 0x0000000706400000| PB 0x0000000706400000| Untracked 
|  18|0x0000000706600000, 0x0000000706800000, 0x0000000706800000|100%| O|  |TAMS 0x0000000706600000| PB 0x0000000706600000| Untracked 
|  19|0x0000000706800000, 0x0000000706a00000, 0x0000000706a00000|100%| O|  |TAMS 0x0000000706800000| PB 0x0000000706800000| Untracked 
|  20|0x0000000706a00000, 0x0000000706c00000, 0x0000000706c00000|100%| O|  |TAMS 0x0000000706a00000| PB 0x0000000706a00000| Untracked 
|  21|0x0000000706c00000, 0x0000000706e00000, 0x0000000706e00000|100%| O|  |TAMS 0x0000000706c00000| PB 0x0000000706c00000| Untracked 
|  22|0x0000000706e00000, 0x0000000707000000, 0x0000000707000000|100%| O|  |TAMS 0x0000000706e00000| PB 0x0000000706e00000| Untracked 
|  23|0x0000000707000000, 0x0000000707200000, 0x0000000707200000|100%| O|  |TAMS 0x0000000707000000| PB 0x0000000707000000| Untracked 
|  24|0x0000000707200000, 0x0000000707400000, 0x0000000707400000|100%| O|  |TAMS 0x0000000707200000| PB 0x0000000707200000| Untracked 
|  25|0x0000000707400000, 0x0000000707600000, 0x0000000707600000|100%| O|  |TAMS 0x0000000707400000| PB 0x0000000707400000| Untracked 
|  26|0x0000000707600000, 0x0000000707800000, 0x0000000707800000|100%| O|  |TAMS 0x0000000707600000| PB 0x0000000707600000| Untracked 
|  27|0x0000000707800000, 0x0000000707a00000, 0x0000000707a00000|100%| O|  |TAMS 0x0000000707800000| PB 0x0000000707800000| Untracked 
|  28|0x0000000707a00000, 0x0000000707c00000, 0x0000000707c00000|100%| O|  |TAMS 0x0000000707a00000| PB 0x0000000707a00000| Untracked 
|  29|0x0000000707c00000, 0x0000000707e00000, 0x0000000707e00000|100%| O|  |TAMS 0x0000000707c00000| PB 0x0000000707c00000| Untracked 
|  30|0x0000000707e00000, 0x0000000708000000, 0x0000000708000000|100%| O|  |TAMS 0x0000000707e00000| PB 0x0000000707e00000| Untracked 
|  31|0x0000000708000000, 0x0000000708200000, 0x0000000708200000|100%| O|  |TAMS 0x0000000708000000| PB 0x0000000708000000| Untracked 
|  32|0x0000000708200000, 0x0000000708400000, 0x0000000708400000|100%| O|  |TAMS 0x0000000708200000| PB 0x0000000708200000| Untracked 
|  33|0x0000000708400000, 0x0000000708600000, 0x0000000708600000|100%| O|  |TAMS 0x0000000708400000| PB 0x0000000708400000| Untracked 
|  34|0x0000000708600000, 0x0000000708800000, 0x0000000708800000|100%| O|  |TAMS 0x0000000708600000| PB 0x0000000708600000| Untracked 
|  35|0x0000000708800000, 0x0000000708a00000, 0x0000000708a00000|100%| O|  |TAMS 0x0000000708800000| PB 0x0000000708800000| Untracked 
|  36|0x0000000708a00000, 0x0000000708c00000, 0x0000000708c00000|100%| O|  |TAMS 0x0000000708a00000| PB 0x0000000708a00000| Untracked 
|  37|0x0000000708c00000, 0x0000000708e00000, 0x0000000708e00000|100%| O|  |TAMS 0x0000000708c00000| PB 0x0000000708c00000| Untracked 
|  38|0x0000000708e00000, 0x0000000709000000, 0x0000000709000000|100%| O|  |TAMS 0x0000000708e00000| PB 0x0000000708e00000| Untracked 
|  39|0x0000000709000000, 0x0000000709200000, 0x0000000709200000|100%| O|  |TAMS 0x0000000709000000| PB 0x0000000709000000| Untracked 
|  40|0x0000000709200000, 0x0000000709400000, 0x0000000709400000|100%| O|  |TAMS 0x0000000709200000| PB 0x0000000709200000| Untracked 
|  41|0x0000000709400000, 0x0000000709600000, 0x0000000709600000|100%| O|  |TAMS 0x0000000709400000| PB 0x0000000709400000| Untracked 
|  42|0x0000000709600000, 0x0000000709800000, 0x0000000709800000|100%| O|  |TAMS 0x0000000709600000| PB 0x0000000709600000| Untracked 
|  43|0x0000000709800000, 0x0000000709a00000, 0x0000000709a00000|100%| O|  |TAMS 0x0000000709800000| PB 0x0000000709800000| Untracked 
|  44|0x0000000709a00000, 0x0000000709c00000, 0x0000000709c00000|100%| O|  |TAMS 0x0000000709a00000| PB 0x0000000709a00000| Untracked 
|  45|0x0000000709c00000, 0x0000000709e00000, 0x0000000709e00000|100%| O|  |TAMS 0x0000000709c00000| PB 0x0000000709c00000| Untracked 
|  46|0x0000000709e00000, 0x000000070a000000, 0x000000070a000000|100%| O|  |TAMS 0x0000000709e00000| PB 0x0000000709e00000| Untracked 
|  47|0x000000070a000000, 0x000000070a200000, 0x000000070a200000|100%| O|  |TAMS 0x000000070a000000| PB 0x000000070a000000| Untracked 
|  48|0x000000070a200000, 0x000000070a400000, 0x000000070a400000|100%| O|  |TAMS 0x000000070a200000| PB 0x000000070a200000| Untracked 
|  49|0x000000070a400000, 0x000000070a600000, 0x000000070a600000|100%| O|  |TAMS 0x000000070a400000| PB 0x000000070a400000| Untracked 
|  50|0x000000070a600000, 0x000000070a800000, 0x000000070a800000|100%| O|  |TAMS 0x000000070a600000| PB 0x000000070a600000| Untracked 
|  51|0x000000070a800000, 0x000000070aa00000, 0x000000070aa00000|100%| O|  |TAMS 0x000000070a800000| PB 0x000000070a800000| Untracked 
|  52|0x000000070aa00000, 0x000000070aa00000, 0x000000070ac00000|  0%| F|  |TAMS 0x000000070aa00000| PB 0x000000070aa00000| Untracked 
|  53|0x000000070ac00000, 0x000000070ac00000, 0x000000070ae00000|  0%| F|  |TAMS 0x000000070ac00000| PB 0x000000070ac00000| Untracked 
|  54|0x000000070ae00000, 0x000000070ae00000, 0x000000070b000000|  0%| F|  |TAMS 0x000000070ae00000| PB 0x000000070ae00000| Untracked 
|  55|0x000000070b000000, 0x000000070b000000, 0x000000070b200000|  0%| F|  |TAMS 0x000000070b000000| PB 0x000000070b000000| Untracked 
|  56|0x000000070b200000, 0x000000070b200000, 0x000000070b400000|  0%| F|  |TAMS 0x000000070b200000| PB 0x000000070b200000| Untracked 
|  57|0x000000070b400000, 0x000000070b400000, 0x000000070b600000|  0%| F|  |TAMS 0x000000070b400000| PB 0x000000070b400000| Untracked 
|  58|0x000000070b600000, 0x000000070b600000, 0x000000070b800000|  0%| F|  |TAMS 0x000000070b600000| PB 0x000000070b600000| Untracked 
|  59|0x000000070b800000, 0x000000070b800000, 0x000000070ba00000|  0%| F|  |TAMS 0x000000070b800000| PB 0x000000070b800000| Untracked 
|  60|0x000000070ba00000, 0x000000070ba00000, 0x000000070bc00000|  0%| F|  |TAMS 0x000000070ba00000| PB 0x000000070ba00000| Untracked 
|  61|0x000000070bc00000, 0x000000070bc00000, 0x000000070be00000|  0%| F|  |TAMS 0x000000070bc00000| PB 0x000000070bc00000| Untracked 
|  62|0x000000070be00000, 0x000000070be00000, 0x000000070c000000|  0%| F|  |TAMS 0x000000070be00000| PB 0x000000070be00000| Untracked 
|  63|0x000000070c000000, 0x000000070c000000, 0x000000070c200000|  0%| F|  |TAMS 0x000000070c000000| PB 0x000000070c000000| Untracked 
|  64|0x000000070c200000, 0x000000070c200000, 0x000000070c400000|  0%| F|  |TAMS 0x000000070c200000| PB 0x000000070c200000| Untracked 
|  65|0x000000070c400000, 0x000000070c400000, 0x000000070c600000|  0%| F|  |TAMS 0x000000070c400000| PB 0x000000070c400000| Untracked 
|  66|0x000000070c600000, 0x000000070c600000, 0x000000070c800000|  0%| F|  |TAMS 0x000000070c600000| PB 0x000000070c600000| Untracked 
|  67|0x000000070c800000, 0x000000070c800000, 0x000000070ca00000|  0%| F|  |TAMS 0x000000070c800000| PB 0x000000070c800000| Untracked 
|  68|0x000000070ca00000, 0x000000070ca00000, 0x000000070cc00000|  0%| F|  |TAMS 0x000000070ca00000| PB 0x000000070ca00000| Untracked 
|  69|0x000000070cc00000, 0x000000070cc00000, 0x000000070ce00000|  0%| F|  |TAMS 0x000000070cc00000| PB 0x000000070cc00000| Untracked 
|  70|0x000000070ce00000, 0x000000070ce00000, 0x000000070d000000|  0%| F|  |TAMS 0x000000070ce00000| PB 0x000000070ce00000| Untracked 
|  71|0x000000070d000000, 0x000000070d000000, 0x000000070d200000|  0%| F|  |TAMS 0x000000070d000000| PB 0x000000070d000000| Untracked 
|  72|0x000000070d200000, 0x000000070d200000, 0x000000070d400000|  0%| F|  |TAMS 0x000000070d200000| PB 0x000000070d200000| Untracked 
|  73|0x000000070d400000, 0x000000070d400000, 0x000000070d600000|  0%| F|  |TAMS 0x000000070d400000| PB 0x000000070d400000| Untracked 
|  74|0x000000070d600000, 0x000000070d600000, 0x000000070d800000|  0%| F|  |TAMS 0x000000070d600000| PB 0x000000070d600000| Untracked 
|  75|0x000000070d800000, 0x000000070d800000, 0x000000070da00000|  0%| F|  |TAMS 0x000000070d800000| PB 0x000000070d800000| Untracked 
|  76|0x000000070da00000, 0x000000070da00000, 0x000000070dc00000|  0%| F|  |TAMS 0x000000070da00000| PB 0x000000070da00000| Untracked 
|  77|0x000000070dc00000, 0x000000070dc00000, 0x000000070de00000|  0%| F|  |TAMS 0x000000070dc00000| PB 0x000000070dc00000| Untracked 
|  78|0x000000070de00000, 0x000000070de00000, 0x000000070e000000|  0%| F|  |TAMS 0x000000070de00000| PB 0x000000070de00000| Untracked 
|  79|0x000000070e000000, 0x000000070e000000, 0x000000070e200000|  0%| F|  |TAMS 0x000000070e000000| PB 0x000000070e000000| Untracked 
|  80|0x000000070e200000, 0x000000070e200000, 0x000000070e400000|  0%| F|  |TAMS 0x000000070e200000| PB 0x000000070e200000| Untracked 
|  81|0x000000070e400000, 0x000000070e400000, 0x000000070e600000|  0%| F|  |TAMS 0x000000070e400000| PB 0x000000070e400000| Untracked 
|  82|0x000000070e600000, 0x000000070e600000, 0x000000070e800000|  0%| F|  |TAMS 0x000000070e600000| PB 0x000000070e600000| Untracked 
|  83|0x000000070e800000, 0x000000070e800000, 0x000000070ea00000|  0%| F|  |TAMS 0x000000070e800000| PB 0x000000070e800000| Untracked 
|  84|0x000000070ea00000, 0x000000070ea00000, 0x000000070ec00000|  0%| F|  |TAMS 0x000000070ea00000| PB 0x000000070ea00000| Untracked 
|  85|0x000000070ec00000, 0x000000070ec4b378, 0x000000070ee00000| 14%| S|CS|TAMS 0x000000070ec00000| PB 0x000000070ec00000| Complete 
|  86|0x000000070ee00000, 0x000000070f000000, 0x000000070f000000|100%| S|CS|TAMS 0x000000070ee00000| PB 0x000000070ee00000| Complete 
|  87|0x000000070f000000, 0x000000070f200000, 0x000000070f200000|100%| S|CS|TAMS 0x000000070f000000| PB 0x000000070f000000| Complete 
|  88|0x000000070f200000, 0x000000070f400000, 0x000000070f400000|100%| S|CS|TAMS 0x000000070f200000| PB 0x000000070f200000| Complete 
|  89|0x000000070f400000, 0x000000070f600000, 0x000000070f600000|100%| S|CS|TAMS 0x000000070f400000| PB 0x000000070f400000| Complete 
|  90|0x000000070f600000, 0x000000070f800000, 0x000000070f800000|100%| S|CS|TAMS 0x000000070f600000| PB 0x000000070f600000| Complete 
|  91|0x000000070f800000, 0x000000070f800000, 0x000000070fa00000|  0%| F|  |TAMS 0x000000070f800000| PB 0x000000070f800000| Untracked 
|  92|0x000000070fa00000, 0x000000070fa00000, 0x000000070fc00000|  0%| F|  |TAMS 0x000000070fa00000| PB 0x000000070fa00000| Untracked 
|  93|0x000000070fc00000, 0x000000070fc00000, 0x000000070fe00000|  0%| F|  |TAMS 0x000000070fc00000| PB 0x000000070fc00000| Untracked 
|  94|0x000000070fe00000, 0x000000070fe00000, 0x0000000710000000|  0%| F|  |TAMS 0x000000070fe00000| PB 0x000000070fe00000| Untracked 
|  95|0x0000000710000000, 0x0000000710000000, 0x0000000710200000|  0%| F|  |TAMS 0x0000000710000000| PB 0x0000000710000000| Untracked 
|  96|0x0000000710200000, 0x0000000710200000, 0x0000000710400000|  0%| F|  |TAMS 0x0000000710200000| PB 0x0000000710200000| Untracked 
|  97|0x0000000710400000, 0x0000000710400000, 0x0000000710600000|  0%| F|  |TAMS 0x0000000710400000| PB 0x0000000710400000| Untracked 
|  98|0x0000000710600000, 0x0000000710600000, 0x0000000710800000|  0%| F|  |TAMS 0x0000000710600000| PB 0x0000000710600000| Untracked 
|  99|0x0000000710800000, 0x0000000710800000, 0x0000000710a00000|  0%| F|  |TAMS 0x0000000710800000| PB 0x0000000710800000| Untracked 
| 100|0x0000000710a00000, 0x0000000710a00000, 0x0000000710c00000|  0%| F|  |TAMS 0x0000000710a00000| PB 0x0000000710a00000| Untracked 
| 101|0x0000000710c00000, 0x0000000710c00000, 0x0000000710e00000|  0%| F|  |TAMS 0x0000000710c00000| PB 0x0000000710c00000| Untracked 
| 102|0x0000000710e00000, 0x0000000710e00000, 0x0000000711000000|  0%| F|  |TAMS 0x0000000710e00000| PB 0x0000000710e00000| Untracked 
| 103|0x0000000711000000, 0x0000000711000000, 0x0000000711200000|  0%| F|  |TAMS 0x0000000711000000| PB 0x0000000711000000| Untracked 
| 104|0x0000000711200000, 0x0000000711200000, 0x0000000711400000|  0%| F|  |TAMS 0x0000000711200000| PB 0x0000000711200000| Untracked 
| 105|0x0000000711400000, 0x0000000711400000, 0x0000000711600000|  0%| F|  |TAMS 0x0000000711400000| PB 0x0000000711400000| Untracked 
| 106|0x0000000711600000, 0x0000000711600000, 0x0000000711800000|  0%| F|  |TAMS 0x0000000711600000| PB 0x0000000711600000| Untracked 
| 107|0x0000000711800000, 0x0000000711800000, 0x0000000711a00000|  0%| F|  |TAMS 0x0000000711800000| PB 0x0000000711800000| Untracked 
| 108|0x0000000711a00000, 0x0000000711a00000, 0x0000000711c00000|  0%| F|  |TAMS 0x0000000711a00000| PB 0x0000000711a00000| Untracked 
| 109|0x0000000711c00000, 0x0000000711c00000, 0x0000000711e00000|  0%| F|  |TAMS 0x0000000711c00000| PB 0x0000000711c00000| Untracked 
| 110|0x0000000711e00000, 0x0000000711e00000, 0x0000000712000000|  0%| F|  |TAMS 0x0000000711e00000| PB 0x0000000711e00000| Untracked 
| 111|0x0000000712000000, 0x0000000712000000, 0x0000000712200000|  0%| F|  |TAMS 0x0000000712000000| PB 0x0000000712000000| Untracked 
| 112|0x0000000712200000, 0x0000000712200000, 0x0000000712400000|  0%| F|  |TAMS 0x0000000712200000| PB 0x0000000712200000| Untracked 
| 113|0x0000000712400000, 0x0000000712400000, 0x0000000712600000|  0%| F|  |TAMS 0x0000000712400000| PB 0x0000000712400000| Untracked 
| 114|0x0000000712600000, 0x0000000712600000, 0x0000000712800000|  0%| F|  |TAMS 0x0000000712600000| PB 0x0000000712600000| Untracked 
| 115|0x0000000712800000, 0x0000000712800000, 0x0000000712a00000|  0%| F|  |TAMS 0x0000000712800000| PB 0x0000000712800000| Untracked 
| 116|0x0000000712a00000, 0x0000000712a00000, 0x0000000712c00000|  0%| F|  |TAMS 0x0000000712a00000| PB 0x0000000712a00000| Untracked 
| 117|0x0000000712c00000, 0x0000000712c00000, 0x0000000712e00000|  0%| F|  |TAMS 0x0000000712c00000| PB 0x0000000712c00000| Untracked 
| 118|0x0000000712e00000, 0x0000000712e00000, 0x0000000713000000|  0%| F|  |TAMS 0x0000000712e00000| PB 0x0000000712e00000| Untracked 
| 119|0x0000000713000000, 0x0000000713000000, 0x0000000713200000|  0%| F|  |TAMS 0x0000000713000000| PB 0x0000000713000000| Untracked 
| 120|0x0000000713200000, 0x0000000713200000, 0x0000000713400000|  0%| F|  |TAMS 0x0000000713200000| PB 0x0000000713200000| Untracked 
| 121|0x0000000713400000, 0x0000000713400000, 0x0000000713600000|  0%| F|  |TAMS 0x0000000713400000| PB 0x0000000713400000| Untracked 
| 122|0x0000000713600000, 0x0000000713600000, 0x0000000713800000|  0%| F|  |TAMS 0x0000000713600000| PB 0x0000000713600000| Untracked 
| 123|0x0000000713800000, 0x0000000713800000, 0x0000000713a00000|  0%| F|  |TAMS 0x0000000713800000| PB 0x0000000713800000| Untracked 
| 124|0x0000000713a00000, 0x0000000713a00000, 0x0000000713c00000|  0%| F|  |TAMS 0x0000000713a00000| PB 0x0000000713a00000| Untracked 
| 125|0x0000000713c00000, 0x0000000713c00000, 0x0000000713e00000|  0%| F|  |TAMS 0x0000000713c00000| PB 0x0000000713c00000| Untracked 
| 126|0x0000000713e00000, 0x0000000713e00000, 0x0000000714000000|  0%| F|  |TAMS 0x0000000713e00000| PB 0x0000000713e00000| Untracked 
| 127|0x0000000714000000, 0x0000000714000000, 0x0000000714200000|  0%| F|  |TAMS 0x0000000714000000| PB 0x0000000714000000| Untracked 
| 128|0x0000000714200000, 0x0000000714200000, 0x0000000714400000|  0%| F|  |TAMS 0x0000000714200000| PB 0x0000000714200000| Untracked 
| 129|0x0000000714400000, 0x0000000714400000, 0x0000000714600000|  0%| F|  |TAMS 0x0000000714400000| PB 0x0000000714400000| Untracked 
| 130|0x0000000714600000, 0x0000000714600000, 0x0000000714800000|  0%| F|  |TAMS 0x0000000714600000| PB 0x0000000714600000| Untracked 
| 131|0x0000000714800000, 0x0000000714800000, 0x0000000714a00000|  0%| F|  |TAMS 0x0000000714800000| PB 0x0000000714800000| Untracked 
| 132|0x0000000714a00000, 0x0000000714a00000, 0x0000000714c00000|  0%| F|  |TAMS 0x0000000714a00000| PB 0x0000000714a00000| Untracked 
| 133|0x0000000714c00000, 0x0000000714c00000, 0x0000000714e00000|  0%| F|  |TAMS 0x0000000714c00000| PB 0x0000000714c00000| Untracked 
| 134|0x0000000714e00000, 0x0000000714e00000, 0x0000000715000000|  0%| F|  |TAMS 0x0000000714e00000| PB 0x0000000714e00000| Untracked 
| 135|0x0000000715000000, 0x0000000715000000, 0x0000000715200000|  0%| F|  |TAMS 0x0000000715000000| PB 0x0000000715000000| Untracked 
| 136|0x0000000715200000, 0x0000000715200000, 0x0000000715400000|  0%| F|  |TAMS 0x0000000715200000| PB 0x0000000715200000| Untracked 
| 137|0x0000000715400000, 0x0000000715400000, 0x0000000715600000|  0%| F|  |TAMS 0x0000000715400000| PB 0x0000000715400000| Untracked 
| 138|0x0000000715600000, 0x0000000715600000, 0x0000000715800000|  0%| F|  |TAMS 0x0000000715600000| PB 0x0000000715600000| Untracked 
| 139|0x0000000715800000, 0x0000000715800000, 0x0000000715a00000|  0%| F|  |TAMS 0x0000000715800000| PB 0x0000000715800000| Untracked 
| 140|0x0000000715a00000, 0x0000000715a00000, 0x0000000715c00000|  0%| F|  |TAMS 0x0000000715a00000| PB 0x0000000715a00000| Untracked 
| 141|0x0000000715c00000, 0x0000000715c00000, 0x0000000715e00000|  0%| F|  |TAMS 0x0000000715c00000| PB 0x0000000715c00000| Untracked 
| 142|0x0000000715e00000, 0x0000000715e00000, 0x0000000716000000|  0%| F|  |TAMS 0x0000000715e00000| PB 0x0000000715e00000| Untracked 
| 143|0x0000000716000000, 0x0000000716000000, 0x0000000716200000|  0%| F|  |TAMS 0x0000000716000000| PB 0x0000000716000000| Untracked 
| 144|0x0000000716200000, 0x0000000716200000, 0x0000000716400000|  0%| F|  |TAMS 0x0000000716200000| PB 0x0000000716200000| Untracked 
| 145|0x0000000716400000, 0x0000000716400000, 0x0000000716600000|  0%| F|  |TAMS 0x0000000716400000| PB 0x0000000716400000| Untracked 
| 146|0x0000000716600000, 0x0000000716600000, 0x0000000716800000|  0%| F|  |TAMS 0x0000000716600000| PB 0x0000000716600000| Untracked 
| 147|0x0000000716800000, 0x0000000716800000, 0x0000000716a00000|  0%| F|  |TAMS 0x0000000716800000| PB 0x0000000716800000| Untracked 
| 148|0x0000000716a00000, 0x0000000716a00000, 0x0000000716c00000|  0%| F|  |TAMS 0x0000000716a00000| PB 0x0000000716a00000| Untracked 
| 149|0x0000000716c00000, 0x0000000716c00000, 0x0000000716e00000|  0%| F|  |TAMS 0x0000000716c00000| PB 0x0000000716c00000| Untracked 
| 150|0x0000000716e00000, 0x0000000716e99318, 0x0000000717000000| 29%| E|  |TAMS 0x0000000716e00000| PB 0x0000000716e00000| Complete 
| 151|0x0000000717000000, 0x0000000717200000, 0x0000000717200000|100%| E|CS|TAMS 0x0000000717000000| PB 0x0000000717000000| Complete 
| 152|0x0000000717200000, 0x0000000717400000, 0x0000000717400000|100%| E|CS|TAMS 0x0000000717200000| PB 0x0000000717200000| Complete 
| 153|0x0000000717400000, 0x0000000717600000, 0x0000000717600000|100%| E|CS|TAMS 0x0000000717400000| PB 0x0000000717400000| Complete 
| 154|0x0000000717600000, 0x0000000717800000, 0x0000000717800000|100%| E|CS|TAMS 0x0000000717600000| PB 0x0000000717600000| Complete 
| 155|0x0000000717800000, 0x0000000717a00000, 0x0000000717a00000|100%| E|CS|TAMS 0x0000000717800000| PB 0x0000000717800000| Complete 
| 156|0x0000000717a00000, 0x0000000717c00000, 0x0000000717c00000|100%| E|CS|TAMS 0x0000000717a00000| PB 0x0000000717a00000| Complete 
| 157|0x0000000717c00000, 0x0000000717e00000, 0x0000000717e00000|100%| E|CS|TAMS 0x0000000717c00000| PB 0x0000000717c00000| Complete 
| 158|0x0000000717e00000, 0x0000000718000000, 0x0000000718000000|100%| E|CS|TAMS 0x0000000717e00000| PB 0x0000000717e00000| Complete 
| 159|0x0000000718000000, 0x0000000718200000, 0x0000000718200000|100%| E|CS|TAMS 0x0000000718000000| PB 0x0000000718000000| Complete 
| 160|0x0000000718200000, 0x0000000718400000, 0x0000000718400000|100%| E|CS|TAMS 0x0000000718200000| PB 0x0000000718200000| Complete 
| 161|0x0000000718400000, 0x0000000718600000, 0x0000000718600000|100%| E|CS|TAMS 0x0000000718400000| PB 0x0000000718400000| Complete 

Card table byte_map: [0x00000216fbdd0000,0x00000216fc5b0000] _byte_map_base: 0x00000216f85af000

Marking Bits: (CMBitMap*) 0x00000216e3e9a770
 Bits: [0x0000021680000000, 0x0000021683ef8000)

Polling page: 0x00000216e1d60000

Metaspace:

Usage:
  Non-class:     56.01 MB used.
      Class:      6.83 MB used.
       Both:     62.84 MB used.

Virtual space:
  Non-class space:       64.00 MB reserved,      56.44 MB ( 88%) committed,  1 nodes.
      Class space:        1.00 GB reserved,       7.19 MB ( <1%) committed,  1 nodes.
             Both:        1.06 GB reserved,      63.62 MB (  6%) committed. 

Chunk freelists:
   Non-Class:  6.80 MB
       Class:  8.78 MB
        Both:  15.58 MB

MaxMetaspaceSize: unlimited
CompressedClassSpaceSize: 1.00 GB
Initial GC threshold: 21.00 MB
Current GC threshold: 102.81 MB
CDS: on
 - commit_granule_bytes: 65536.
 - commit_granule_words: 8192.
 - virtual_space_node_default_size: 8388608.
 - enlarge_chunks_in_place: 1.
 - use_allocation_guard: 0.


Internal statistics:

num_allocs_failed_limit: 17.
num_arena_births: 996.
num_arena_deaths: 0.
num_vsnodes_births: 2.
num_vsnodes_deaths: 0.
num_space_committed: 1017.
num_space_uncommitted: 0.
num_chunks_returned_to_freelist: 17.
num_chunks_taken_from_freelist: 3002.
num_chunk_merges: 14.
num_chunk_splits: 2104.
num_chunks_enlarged: 1475.
num_inconsistent_stats: 0.

CodeHeap 'non-profiled nmethods': size=120000Kb used=5506Kb max_used=5506Kb free=114493Kb
 bounds [0x00000216f3d90000, 0x00000216f4300000, 0x00000216fb2c0000]
CodeHeap 'profiled nmethods': size=120000Kb used=14076Kb max_used=14076Kb free=105924Kb
 bounds [0x00000216ec2c0000, 0x00000216ed080000, 0x00000216f37f0000]
CodeHeap 'non-nmethods': size=5760Kb used=1902Kb max_used=1957Kb free=3857Kb
 bounds [0x00000216f37f0000, 0x00000216f3a60000, 0x00000216f3d90000]
 total_blobs=7376 nmethods=6650 adapters=630
 compilation: enabled
              stopped_count=0, restarted_count=0
 full_count=0

Compilation events (20 events):
Event: 15.097 Thread 0x00000216ff028800 7474       4       org.apache.jasper.compiler.SmapUtil$SDEInstaller::writeU1 (19 bytes)
Event: 15.098 Thread 0x00000216ff0295a0 nmethod 7470 0x00000216ed07ba90 code [0x00000216ed07bc60, 0x00000216ed07bfe8]
Event: 15.098 Thread 0x00000216ff0295a0 7448       3       org.eclipse.jdt.internal.compiler.lookup.MethodBinding::isConstructor (14 bytes)
Event: 15.098 Thread 0x00000216ff0295a0 nmethod 7448 0x00000216ed07c110 code [0x00000216ed07c2c0, 0x00000216ed07c448]
Event: 15.098 Thread 0x00000216ff028800 nmethod 7474 0x00000216f42e2e10 code [0x00000216f42e2fa0, 0x00000216f42e3080]
Event: 15.098 Thread 0x00000216ff028800 7466       4       org.eclipse.jdt.internal.compiler.ClassFile::u1At (10 bytes)
Event: 15.098 Thread 0x00000216ff028800 nmethod 7466 0x00000216f42e3190 code [0x00000216f42e3320, 0x00000216f42e33e8]
Event: 15.098 Thread 0x00000216ff028800 7473       4       org.apache.jasper.compiler.SmapUtil$SDEInstaller::readU1 (21 bytes)
Event: 15.099 Thread 0x00000216ff028800 nmethod 7473 0x00000216f42e3490 code [0x00000216f42e3620, 0x00000216f42e3700]
Event: 15.099 Thread 0x00000216ff0295a0 7476       3       org.apache.catalina.loader.WebappClassLoaderBase::findLoadedClass0 (32 bytes)
Event: 15.099 Thread 0x00000216ff0295a0 nmethod 7476 0x00000216ed07c510 code [0x00000216ed07c6e0, 0x00000216ed07ca70]
Event: 15.100 Thread 0x00000216ff0295a0 7477       3       org.apache.jasper.runtime.JspWriterImpl::ensureOpen (28 bytes)
Event: 15.101 Thread 0x00000216ff0295a0 nmethod 7477 0x00000216ed07cb90 code [0x00000216ed07cd80, 0x00000216ed07d258]
Event: 15.101 Thread 0x00000216ff0295a0 7478       3       org.apache.jasper.runtime.JspWriterImpl::write (130 bytes)
Event: 15.101 Thread 0x00000216ff0295a0 nmethod 7478 0x00000216ed07d410 code [0x00000216ed07d6c0, 0x00000216ed07e430]
Event: 15.101 Thread 0x00000216ff0295a0 7479       3       org.apache.jasper.runtime.JspWriterImpl::min (9 bytes)
Event: 15.101 Thread 0x00000216ff0295a0 nmethod 7479 0x00000216ed07e910 code [0x00000216ed07eac0, 0x00000216ed07ec10]
Event: 15.101 Thread 0x00000216ff0295a0 7480       3       java.util.Calendar::getBaseStyle (6 bytes)
Event: 15.101 Thread 0x00000216ff0295a0 nmethod 7480 0x00000216ed07ec90 code [0x00000216ed07ee20, 0x00000216ed07ef38]
Event: 15.111 Thread 0x00000216ff028130 nmethod 7331 0x00000216f42e3810 code [0x00000216f42e6d80, 0x00000216f42ec2b8]

GC Heap History (20 events):
Event: 6.524 GC heap before
{Heap before GC invocations=36 (full 12):
 garbage-first heap   total 276480K, used 198847K [0x0000000704200000, 0x0000000800000000)
  region size 2048K, 81 young (165888K), 3 survivors (6144K)
 Metaspace       used 36975K, committed 37568K, reserved 1114112K
  class space    used 3973K, committed 4224K, reserved 1048576K
}
Event: 6.527 GC heap after
{Heap after GC invocations=37 (full 12):
 garbage-first heap   total 331776K, used 39529K [0x0000000704200000, 0x0000000800000000)
  region size 2048K, 1 young (2048K), 1 survivors (2048K)
 Metaspace       used 36975K, committed 37568K, reserved 1114112K
  class space    used 3973K, committed 4224K, reserved 1048576K
}
Event: 6.829 GC heap before
{Heap before GC invocations=37 (full 12):
 garbage-first heap   total 331776K, used 236137K [0x0000000704200000, 0x0000000800000000)
  region size 2048K, 97 young (198656K), 1 survivors (2048K)
 Metaspace       used 36975K, committed 37568K, reserved 1114112K
  class space    used 3973K, committed 4224K, reserved 1048576K
}
Event: 6.830 GC heap after
{Heap after GC invocations=38 (full 12):
 garbage-first heap   total 331776K, used 39400K [0x0000000704200000, 0x0000000800000000)
  region size 2048K, 1 young (2048K), 1 survivors (2048K)
 Metaspace       used 36975K, committed 37568K, reserved 1114112K
  class space    used 3973K, committed 4224K, reserved 1048576K
}
Event: 7.121 GC heap before
{Heap before GC invocations=38 (full 12):
 garbage-first heap   total 331776K, used 236008K [0x0000000704200000, 0x0000000800000000)
  region size 2048K, 97 young (198656K), 1 survivors (2048K)
 Metaspace       used 36975K, committed 37568K, reserved 1114112K
  class space    used 3973K, committed 4224K, reserved 1048576K
}
Event: 7.122 GC heap after
{Heap after GC invocations=39 (full 12):
 garbage-first heap   total 331776K, used 39304K [0x0000000704200000, 0x0000000800000000)
  region size 2048K, 1 young (2048K), 1 survivors (2048K)
 Metaspace       used 36975K, committed 37568K, reserved 1114112K
  class space    used 3973K, committed 4224K, reserved 1048576K
}
Event: 7.405 GC heap before
{Heap before GC invocations=39 (full 12):
 garbage-first heap   total 331776K, used 235912K [0x0000000704200000, 0x0000000800000000)
  region size 2048K, 97 young (198656K), 1 survivors (2048K)
 Metaspace       used 36987K, committed 37568K, reserved 1114112K
  class space    used 3973K, committed 4224K, reserved 1048576K
}
Event: 7.406 GC heap after
{Heap after GC invocations=40 (full 12):
 garbage-first heap   total 331776K, used 39256K [0x0000000704200000, 0x0000000800000000)
  region size 2048K, 1 young (2048K), 1 survivors (2048K)
 Metaspace       used 36987K, committed 37568K, reserved 1114112K
  class space    used 3973K, committed 4224K, reserved 1048576K
}
Event: 7.712 GC heap before
{Heap before GC invocations=40 (full 12):
 garbage-first heap   total 331776K, used 235864K [0x0000000704200000, 0x0000000800000000)
  region size 2048K, 97 young (198656K), 1 survivors (2048K)
 Metaspace       used 36989K, committed 37568K, reserved 1114112K
  class space    used 3973K, committed 4224K, reserved 1048576K
}
Event: 7.713 GC heap after
{Heap after GC invocations=41 (full 12):
 garbage-first heap   total 331776K, used 39229K [0x0000000704200000, 0x0000000800000000)
  region size 2048K, 1 young (2048K), 1 survivors (2048K)
 Metaspace       used 36989K, committed 37568K, reserved 1114112K
  class space    used 3973K, committed 4224K, reserved 1048576K
}
Event: 8.001 GC heap before
{Heap before GC invocations=41 (full 12):
 garbage-first heap   total 331776K, used 235837K [0x0000000704200000, 0x0000000800000000)
  region size 2048K, 97 young (198656K), 1 survivors (2048K)
 Metaspace       used 37009K, committed 37568K, reserved 1114112K
  class space    used 3973K, committed 4224K, reserved 1048576K
}
Event: 8.001 GC heap after
{Heap after GC invocations=42 (full 12):
 garbage-first heap   total 331776K, used 39140K [0x0000000704200000, 0x0000000800000000)
  region size 2048K, 1 young (2048K), 1 survivors (2048K)
 Metaspace       used 37009K, committed 37568K, reserved 1114112K
  class space    used 3973K, committed 4224K, reserved 1048576K
}
Event: 8.454 GC heap before
{Heap before GC invocations=42 (full 12):
 garbage-first heap   total 331776K, used 235748K [0x0000000704200000, 0x0000000800000000)
  region size 2048K, 97 young (198656K), 1 survivors (2048K)
 Metaspace       used 39195K, committed 39808K, reserved 1114112K
  class space    used 4299K, committed 4608K, reserved 1048576K
}
Event: 8.469 GC heap after
{Heap after GC invocations=43 (full 12):
 garbage-first heap   total 331776K, used 72100K [0x0000000704200000, 0x0000000800000000)
  region size 2048K, 13 young (26624K), 13 survivors (26624K)
 Metaspace       used 39195K, committed 39808K, reserved 1114112K
  class space    used 4299K, committed 4608K, reserved 1048576K
}
Event: 8.767 GC heap before
{Heap before GC invocations=43 (full 12):
 garbage-first heap   total 331776K, used 244132K [0x0000000704200000, 0x0000000800000000)
  region size 2048K, 97 young (198656K), 13 survivors (26624K)
 Metaspace       used 39364K, committed 40000K, reserved 1114112K
  class space    used 4324K, committed 4608K, reserved 1048576K
}
Event: 8.789 GC heap after
{Heap after GC invocations=44 (full 12):
 garbage-first heap   total 331776K, used 102048K [0x0000000704200000, 0x0000000800000000)
  region size 2048K, 13 young (26624K), 13 survivors (26624K)
 Metaspace       used 39364K, committed 40000K, reserved 1114112K
  class space    used 4324K, committed 4608K, reserved 1048576K
}
Event: 10.333 GC heap before
{Heap before GC invocations=44 (full 12):
 garbage-first heap   total 331776K, used 274080K [0x0000000704200000, 0x0000000800000000)
  region size 2048K, 97 young (198656K), 13 survivors (26624K)
 Metaspace       used 51345K, committed 52032K, reserved 1114112K
  class space    used 5758K, committed 6080K, reserved 1048576K
}
Event: 10.346 GC heap after
{Heap after GC invocations=45 (full 12):
 garbage-first heap   total 331776K, used 113560K [0x0000000704200000, 0x0000000800000000)
  region size 2048K, 4 young (8192K), 4 survivors (8192K)
 Metaspace       used 51345K, committed 52032K, reserved 1114112K
  class space    used 5758K, committed 6080K, reserved 1048576K
}
Event: 12.055 GC heap before
{Heap before GC invocations=45 (full 12):
 garbage-first heap   total 331776K, used 254872K [0x0000000704200000, 0x0000000800000000)
  region size 2048K, 75 young (153600K), 4 survivors (8192K)
 Metaspace       used 61331K, committed 62080K, reserved 1114112K
  class space    used 6774K, committed 7168K, reserved 1048576K
}
Event: 12.062 GC heap after
{Heap after GC invocations=46 (full 12):
 garbage-first heap   total 331776K, used 115909K [0x0000000704200000, 0x0000000800000000)
  region size 2048K, 6 young (12288K), 6 survivors (12288K)
 Metaspace       used 61331K, committed 62080K, reserved 1114112K
  class space    used 6774K, committed 7168K, reserved 1048576K
}

Dll operation events (14 events):
Event: 0.006 Loaded shared library D:\java\jdk21\bin\java.dll
Event: 0.035 Loaded shared library D:\java\jdk21\bin\jsvml.dll
Event: 0.080 Loaded shared library D:\java\jdk21\bin\zip.dll
Event: 0.083 Loaded shared library D:\java\jdk21\bin\instrument.dll
Event: 0.087 Loaded shared library D:\java\jdk21\bin\net.dll
Event: 0.089 Loaded shared library D:\java\jdk21\bin\nio.dll
Event: 0.091 Loaded shared library D:\java\jdk21\bin\zip.dll
Event: 0.143 Loaded shared library D:\java\jdk21\bin\jimage.dll
Event: 0.214 Loaded shared library D:\java\jdk21\bin\management_agent.dll
Event: 0.216 Loaded shared library D:\java\jdk21\bin\management.dll
Event: 0.225 Loaded shared library D:\java\jdk21\bin\management_ext.dll
Event: 0.505 Loaded shared library D:\java\jdk21\bin\extnet.dll
Event: 1.796 Loaded shared library D:\java\jdk21\bin\sunmscapi.dll
Event: 2.074 Loaded shared library D:\java\jdk21\bin\verify.dll

Deoptimization events (20 events):
Event: 12.365 Thread 0x00000216cb3465a0 Uncommon trap: trap_request=0xffffff45 fr.pc=0x00000216f41dd9b0 relative=0x0000000000000170
Event: 12.365 Thread 0x00000216cb3465a0 Uncommon trap: reason=unstable_if action=reinterpret pc=0x00000216f41dd9b0 method=java.lang.String.getBytes([BIB)V @ 5 c2
Event: 12.365 Thread 0x00000216cb3465a0 DEOPT PACKING pc=0x00000216f41dd9b0 sp=0x0000006acc4fe710
Event: 12.365 Thread 0x00000216cb3465a0 DEOPT UNPACKING pc=0x00000216f3847da2 sp=0x0000006acc4fe650 mode 2
Event: 12.365 Thread 0x00000216cb3465a0 Uncommon trap: trap_request=0xffffff45 fr.pc=0x00000216f3deeeb8 relative=0x0000000000000118
Event: 12.365 Thread 0x00000216cb3465a0 Uncommon trap: reason=unstable_if action=reinterpret pc=0x00000216f3deeeb8 method=java.lang.String.getBytes([BIB)V @ 5 c2
Event: 12.365 Thread 0x00000216cb3465a0 DEOPT PACKING pc=0x00000216f3deeeb8 sp=0x0000006acc4fe690
Event: 12.365 Thread 0x00000216cb3465a0 DEOPT UNPACKING pc=0x00000216f3847da2 sp=0x0000006acc4fe658 mode 2
Event: 15.016 Thread 0x00000216cc471620 Uncommon trap: trap_request=0xffffffc6 fr.pc=0x00000216f3e65cf4 relative=0x0000000000000554
Event: 15.016 Thread 0x00000216cc471620 Uncommon trap: reason=bimorphic_or_optimized_type_check action=maybe_recompile pc=0x00000216f3e65cf4 method=java.io.BufferedInputStream.read1([BII)I @ 52 c2
Event: 15.016 Thread 0x00000216cc471620 DEOPT PACKING pc=0x00000216f3e65cf4 sp=0x0000006acbcfd360
Event: 15.016 Thread 0x00000216cc471620 DEOPT UNPACKING pc=0x00000216f3847da2 sp=0x0000006acbcfd318 mode 2
Event: 15.027 Thread 0x00000216cc471620 Uncommon trap: trap_request=0xffffff45 fr.pc=0x00000216f42ae728 relative=0x0000000000000568
Event: 15.027 Thread 0x00000216cc471620 Uncommon trap: reason=unstable_if action=reinterpret pc=0x00000216f42ae728 method=java.nio.charset.CharsetEncoder.encode(Ljava/nio/CharBuffer;Ljava/nio/ByteBuffer;Z)Ljava/nio/charset/CoderResult; @ 97 c2
Event: 15.027 Thread 0x00000216cc471620 DEOPT PACKING pc=0x00000216f42ae728 sp=0x0000006acbcfd760
Event: 15.027 Thread 0x00000216cc471620 DEOPT UNPACKING pc=0x00000216f3847da2 sp=0x0000006acbcfd738 mode 2
Event: 15.098 Thread 0x00000216cc471620 Uncommon trap: trap_request=0xffffffde fr.pc=0x00000216f4273318 relative=0x0000000000005838
Event: 15.098 Thread 0x00000216cc471620 Uncommon trap: reason=class_check action=maybe_recompile pc=0x00000216f4273318 method=java.net.URLClassLoader.defineClass(Ljava/lang/String;Ljdk/internal/loader/Resource;)Ljava/lang/Class; @ 13 c2
Event: 15.098 Thread 0x00000216cc471620 DEOPT PACKING pc=0x00000216f4273318 sp=0x0000006acbcfdaf0
Event: 15.098 Thread 0x00000216cc471620 DEOPT UNPACKING pc=0x00000216f3847da2 sp=0x0000006acbcfd8f8 mode 2

Classes loaded (20 events):
Event: 11.806 Loading class java/lang/AbstractMethodError
Event: 11.806 Loading class java/lang/AbstractMethodError done
Event: 11.885 Loading class sun/util/ResourceBundleEnumeration
Event: 11.886 Loading class sun/util/ResourceBundleEnumeration done
Event: 12.085 Loading class java/lang/NegativeArraySizeException
Event: 12.085 Loading class java/lang/NegativeArraySizeException done
Event: 12.201 Loading class java/util/stream/ReferencePipeline$4
Event: 12.202 Loading class java/util/stream/ReferencePipeline$4 done
Event: 12.202 Loading class java/util/stream/Nodes$IntFixedNodeBuilder
Event: 12.202 Loading class java/util/stream/Node$Builder$OfInt
Event: 12.202 Loading class java/util/stream/Node$Builder$OfInt done
Event: 12.202 Loading class java/util/stream/Nodes$IntArrayNode
Event: 12.202 Loading class java/util/stream/Nodes$IntArrayNode done
Event: 12.202 Loading class java/util/stream/Nodes$IntFixedNodeBuilder done
Event: 12.202 Loading class java/util/stream/ReferencePipeline$4$1
Event: 12.202 Loading class java/util/stream/ReferencePipeline$4$1 done
Event: 12.336 Loading class java/util/Hashtable$ValueCollection
Event: 12.336 Loading class java/util/Hashtable$ValueCollection done
Event: 12.354 Loading class java/io/WriteAbortedException
Event: 12.354 Loading class java/io/WriteAbortedException done

Classes unloaded (0 events):
No events

Classes redefined (0 events):
No events

Internal exceptions (20 events):
Event: 11.057 Thread 0x00000216cc471cb0 Implicit null exception at 0x00000216f3f0fb85 to 0x00000216f3f0fe18
Event: 11.376 Thread 0x00000216cc471cb0 Implicit null exception at 0x00000216ec865830 to 0x00000216ec8663b2
Event: 11.376 Thread 0x00000216cc471cb0 Exception <a 'java/lang/NullPointerException'{0x0000000711b12880}> (0x0000000711b12880) 
thrown [s\open\src\hotspot\share\runtime\sharedRuntime.cpp, line 625]
Event: 11.386 Thread 0x00000216cc471cb0 Exception <a 'java/lang/NoSuchMethodError'{0x0000000711b7e838}: static Lorg/apache/openejb/assembler/classic/EnvEntryInfo;.<clinit>()V> (0x0000000711b7e838) 
thrown [s\open\src\hotspot\share\prims\jni.cpp, line 1111]
Event: 11.386 Thread 0x00000216cc471cb0 Exception <a 'java/lang/NoSuchMethodError'{0x0000000711b7fb40}: static Lorg/apache/openejb/assembler/classic/InjectableInfo;.<clinit>()V> (0x0000000711b7fb40) 
thrown [s\open\src\hotspot\share\prims\jni.cpp, line 1111]
Event: 11.387 Thread 0x00000216cc471cb0 Exception <a 'java/lang/NoSuchMethodError'{0x0000000711b8ccd8}: static Lorg/apache/openejb/assembler/classic/ValidationInfo;.<clinit>()V> (0x0000000711b8ccd8) 
thrown [s\open\src\hotspot\share\prims\jni.cpp, line 1111]
Event: 11.387 Thread 0x00000216cc471cb0 Exception <a 'java/lang/NoSuchMethodError'{0x0000000711b99150}: static Lorg/apache/openejb/assembler/classic/StatelessBeanInfo;.<clinit>()V> (0x0000000711b99150) 
thrown [s\open\src\hotspot\share\prims\jni.cpp, line 1111]
Event: 11.388 Thread 0x00000216cc471cb0 Exception <a 'java/lang/NoSuchMethodError'{0x0000000711ba7400}: static Lorg/apache/openejb/assembler/classic/PersistenceContextReferenceInfo;.<clinit>()V> (0x0000000711ba7400) 
thrown [s\open\src\hotspot\share\prims\jni.cpp, line 1111]
Event: 11.388 Thread 0x00000216cc471cb0 Exception <a 'java/lang/NoSuchMethodError'{0x0000000711bb3330}: static Lorg/apache/openejb/assembler/classic/InjectionInfo;.<clinit>()V> (0x0000000711bb3330) 
thrown [s\open\src\hotspot\share\prims\jni.cpp, line 1111]
Event: 11.389 Thread 0x00000216cc471cb0 Exception <a 'java/lang/NoSuchMethodError'{0x0000000711bc08d8}: static Lorg/apache/openejb/assembler/classic/ResourceEnvReferenceInfo;.<clinit>()V> (0x0000000711bc08d8) 
thrown [s\open\src\hotspot\share\prims\jni.cpp, line 1111]
Event: 11.390 Thread 0x00000216cc471cb0 Exception <a 'java/lang/NoSuchMethodError'{0x0000000711bced30}: static Lorg/apache/openejb/assembler/classic/BeansInfo;.<clinit>()V> (0x0000000711bced30) 
thrown [s\open\src\hotspot\share\prims\jni.cpp, line 1111]
Event: 11.392 Thread 0x00000216cc471cb0 Exception <a 'java/lang/NoSuchMethodError'{0x0000000711be7dc0}: static Lorg/apache/openejb/assembler/classic/BeansInfo$BDAInfo;.<clinit>()V> (0x0000000711be7dc0) 
thrown [s\open\src\hotspot\share\prims\jni.cpp, line 1111]
Event: 11.394 Thread 0x00000216cc471cb0 Exception <a 'java/lang/NoSuchMethodError'{0x0000000711802698}: static Lorg/apache/openejb/assembler/classic/EjbLocalReferenceInfo;.<clinit>()V> (0x0000000711802698) 
thrown [s\open\src\hotspot\share\prims\jni.cpp, line 1111]
Event: 11.394 Thread 0x00000216cc471cb0 Exception <a 'java/lang/NoSuchMethodError'{0x0000000711803fa8}: static Lorg/apache/openejb/assembler/classic/EjbReferenceInfo;.<clinit>()V> (0x0000000711803fa8) 
thrown [s\open\src\hotspot\share\prims\jni.cpp, line 1111]
Event: 11.396 Thread 0x00000216cc471cb0 Exception <a 'java/lang/NoSuchMethodError'{0x0000000711814188}: static Lorg/apache/openejb/assembler/classic/ManagedBeanInfo;.<clinit>()V> (0x0000000711814188) 
thrown [s\open\src\hotspot\share\prims\jni.cpp, line 1111]
Event: 11.401 Thread 0x00000216cc471cb0 Exception <a 'java/lang/NoSuchMethodError'{0x0000000711823a90}: static Lorg/apache/openejb/assembler/classic/PersistenceUnitInfo;.<clinit>()V> (0x0000000711823a90) 
thrown [s\open\src\hotspot\share\prims\jni.cpp, line 1111]
Event: 11.404 Thread 0x00000216cc471cb0 Exception <a 'java/lang/NoSuchMethodError'{0x0000000711834798}: static Lorg/apache/openejb/assembler/classic/WebAppInfo;.<clinit>()V> (0x0000000711834798) 
thrown [s\open\src\hotspot\share\prims\jni.cpp, line 1111]
Event: 11.405 Thread 0x00000216cc471cb0 Exception <a 'java/lang/NoSuchMethodError'{0x0000000711840db0}: static Lorg/apache/openejb/assembler/classic/ClassListInfo;.<clinit>()V> (0x0000000711840db0) 
thrown [s\open\src\hotspot\share\prims\jni.cpp, line 1111]
Event: 11.407 Thread 0x00000216cc471cb0 Exception <a 'java/lang/NoSuchMethodError'{0x0000000711850628}: static Lorg/apache/openejb/assembler/classic/ServletInfo;.<clinit>()V> (0x0000000711850628) 
thrown [s\open\src\hotspot\share\prims\jni.cpp, line 1111]
Event: 11.951 Thread 0x00000216cc474410 Exception <a 'java/lang/NoSuchMethodError'{0x000000071086df50}: 'int java.lang.invoke.DirectMethodHandle$Holder.invokeStaticInit(java.lang.Object, java.lang.Object, java.lang.Object)'> (0x000000071086df50) 
thrown [s\open\src\hotspot\share\interpreter\linkResolver.cpp, line 773]

ZGC Phase Switch (0 events):
No events

VM Operations (20 events):
Event: 11.850 Executing VM operation: HandshakeAllThreads (Deoptimize)
Event: 11.850 Executing VM operation: HandshakeAllThreads (Deoptimize) done
Event: 12.055 Executing VM operation: CollectForMetadataAllocation (Metadata GC Threshold)
Event: 12.062 Executing VM operation: CollectForMetadataAllocation (Metadata GC Threshold) done
Event: 12.085 Executing VM operation: CollectForMetadataAllocation (Metadata GC Threshold)
Event: 12.085 Executing VM operation: CollectForMetadataAllocation (Metadata GC Threshold) done
Event: 12.093 Executing VM operation: CollectForMetadataAllocation (Metadata GC Threshold)
Event: 12.094 Executing VM operation: CollectForMetadataAllocation (Metadata GC Threshold) done
Event: 12.094 Executing VM operation: CollectForMetadataAllocation (Metadata GC Threshold)
Event: 12.094 Executing VM operation: CollectForMetadataAllocation (Metadata GC Threshold) done
Event: 12.132 Executing VM operation: CollectForMetadataAllocation (Metadata GC Threshold)
Event: 12.132 Executing VM operation: CollectForMetadataAllocation (Metadata GC Threshold) done
Event: 12.145 Executing VM operation: G1PauseRemark
Event: 12.148 Executing VM operation: G1PauseRemark done
Event: 12.192 Executing VM operation: G1PauseCleanup
Event: 12.193 Executing VM operation: G1PauseCleanup done
Event: 12.360 Executing VM operation: HandshakeAllThreads (Deoptimize)
Event: 12.360 Executing VM operation: HandshakeAllThreads (Deoptimize) done
Event: 13.360 Executing VM operation: Cleanup
Event: 13.360 Executing VM operation: Cleanup done

Events (20 events):
Event: 12.148 Thread 0x00000216feff2890 flushing nmethod 0x00000216ec3c2590
Event: 12.148 Thread 0x00000216feff2890 flushing nmethod 0x00000216ec3d0b90
Event: 12.148 Thread 0x00000216feff2890 flushing nmethod 0x00000216ec438a90
Event: 12.148 Thread 0x00000216feff2890 flushing nmethod 0x00000216ec4b0590
Event: 12.148 Thread 0x00000216feff2890 flushing nmethod 0x00000216ec52c890
Event: 12.148 Thread 0x00000216feff2890 flushing nmethod 0x00000216ec561a90
Event: 12.148 Thread 0x00000216feff2890 flushing nmethod 0x00000216ec976210
Event: 12.148 Thread 0x00000216feff2890 flushing nmethod 0x00000216ec376010
Event: 12.148 Thread 0x00000216feff2890 flushing nmethod 0x00000216ec3b4f90
Event: 12.148 Thread 0x00000216feff2890 flushing nmethod 0x00000216ec461790
Event: 12.148 Thread 0x00000216feff2890 flushing nmethod 0x00000216ec466790
Event: 12.148 Thread 0x00000216feff2890 flushing nmethod 0x00000216ec77fd10
Event: 12.148 Thread 0x00000216feff2890 flushing nmethod 0x00000216ec780510
Event: 12.148 Thread 0x00000216feff2890 flushing nmethod 0x00000216ec7fc210
Event: 12.196 Thread 0x00000216ff028ed0 Thread added: 0x00000216ff028ed0
Event: 12.247 Thread 0x00000216ff02aa10 Thread added: 0x00000216ff02aa10
Event: 12.466 Thread 0x00000216ff02aa10 Thread exited: 0x00000216ff02aa10
Event: 15.013 Thread 0x00000216ff028ed0 Thread exited: 0x00000216ff028ed0
Event: 15.045 Thread 0x00000216ff028130 Thread added: 0x00000216ff028130
Event: 15.078 Thread 0x00000216ff028800 Thread added: 0x00000216ff028800


Dynamic libraries:
0x00007ff67a2f0000 - 0x00007ff67a300000 	D:\java\jdk21\bin\java.exe
0x00007ffe79c90000 - 0x00007ffe79e88000 	C:\WINDOWS\SYSTEM32\ntdll.dll
0x00007ffe78d10000 - 0x00007ffe78dd2000 	C:\WINDOWS\System32\KERNEL32.DLL
0x00007ffe77330000 - 0x00007ffe7762f000 	C:\WINDOWS\System32\KERNELBASE.dll
0x00007ffe77630000 - 0x00007ffe77730000 	C:\WINDOWS\System32\ucrtbase.dll
0x00007ffe6b440000 - 0x00007ffe6b45b000 	D:\java\jdk21\bin\VCRUNTIME140.dll
0x00007ffe6d600000 - 0x00007ffe6d619000 	D:\java\jdk21\bin\jli.dll
0x00007ffe780a0000 - 0x00007ffe7814f000 	C:\WINDOWS\System32\ADVAPI32.dll
0x00007ffe78f90000 - 0x00007ffe7902e000 	C:\WINDOWS\System32\msvcrt.dll
0x00007ffe799e0000 - 0x00007ffe79a7f000 	C:\WINDOWS\System32\sechost.dll
0x00007ffe789c0000 - 0x00007ffe78ae3000 	C:\WINDOWS\System32\RPCRT4.dll
0x00007ffe77bf0000 - 0x00007ffe77c17000 	C:\WINDOWS\System32\bcrypt.dll
0x00007ffe77d20000 - 0x00007ffe77ebd000 	C:\WINDOWS\System32\USER32.dll
0x00007ffe777f0000 - 0x00007ffe77812000 	C:\WINDOWS\System32\win32u.dll
0x00007ffe79560000 - 0x00007ffe7958b000 	C:\WINDOWS\System32\GDI32.dll
0x00007ffe77820000 - 0x00007ffe7793a000 	C:\WINDOWS\System32\gdi32full.dll
0x00007ffe68e00000 - 0x00007ffe6909a000 	C:\WINDOWS\WinSxS\amd64_microsoft.windows.common-controls_6595b64144ccf1df_6.0.19041.4355_none_60b8b9eb71f62e16\COMCTL32.dll
0x00007ffe779f0000 - 0x00007ffe77a8d000 	C:\WINDOWS\System32\msvcp_win.dll
0x00007ffe700e0000 - 0x00007ffe700ea000 	C:\WINDOWS\SYSTEM32\VERSION.dll
0x00007ffe77f90000 - 0x00007ffe77fbf000 	C:\WINDOWS\System32\IMM32.DLL
0x00007ffe716c0000 - 0x00007ffe716cc000 	D:\java\jdk21\bin\vcruntime140_1.dll
0x00007ffe3a980000 - 0x00007ffe3aa0e000 	D:\java\jdk21\bin\msvcp140.dll
0x00007ffde0020000 - 0x00007ffde0d3a000 	D:\java\jdk21\bin\server\jvm.dll
0x00007ffe78af0000 - 0x00007ffe78b5b000 	C:\WINDOWS\System32\WS2_32.dll
0x00007ffe76870000 - 0x00007ffe768bb000 	C:\WINDOWS\SYSTEM32\POWRPROF.dll
0x00007ffe6b7a0000 - 0x00007ffe6b7c7000 	C:\WINDOWS\SYSTEM32\WINMM.dll
0x00007ffe76730000 - 0x00007ffe76742000 	C:\WINDOWS\SYSTEM32\UMPDC.dll
0x00007ffe75b50000 - 0x00007ffe75b62000 	C:\WINDOWS\SYSTEM32\kernel.appcore.dll
0x00007ffe70a80000 - 0x00007ffe70a8a000 	D:\java\jdk21\bin\jimage.dll
0x00007ffe75850000 - 0x00007ffe75a34000 	C:\WINDOWS\SYSTEM32\DBGHELP.DLL
0x00007ffe55f60000 - 0x00007ffe55f94000 	C:\WINDOWS\SYSTEM32\dbgcore.DLL
0x00007ffe77c20000 - 0x00007ffe77ca2000 	C:\WINDOWS\System32\bcryptPrimitives.dll
0x00007ffe6e000000 - 0x00007ffe6e00f000 	D:\java\jdk21\bin\instrument.dll
0x00007ffe59220000 - 0x00007ffe5923f000 	D:\java\jdk21\bin\java.dll
0x00007ffe78240000 - 0x00007ffe789ad000 	C:\WINDOWS\System32\SHELL32.dll
0x00007ffe74fd0000 - 0x00007ffe75774000 	C:\WINDOWS\SYSTEM32\windows.storage.dll
0x00007ffe79680000 - 0x00007ffe799d5000 	C:\WINDOWS\System32\combase.dll
0x00007ffe76d60000 - 0x00007ffe76d8b000 	C:\WINDOWS\SYSTEM32\Wldp.dll
0x00007ffe77ec0000 - 0x00007ffe77f8d000 	C:\WINDOWS\System32\OLEAUT32.dll
0x00007ffe79a80000 - 0x00007ffe79b2d000 	C:\WINDOWS\System32\SHCORE.dll
0x00007ffe79590000 - 0x00007ffe795e5000 	C:\WINDOWS\System32\shlwapi.dll
0x00007ffe77260000 - 0x00007ffe77285000 	C:\WINDOWS\SYSTEM32\profapi.dll
0x00007ffe3a8a0000 - 0x00007ffe3a977000 	D:\java\jdk21\bin\jsvml.dll
0x00007ffe58f70000 - 0x00007ffe58f88000 	D:\java\jdk21\bin\zip.dll
0x00007ffe6fe80000 - 0x00007ffe6fe90000 	D:\java\jdk21\bin\net.dll
0x00007ffe74300000 - 0x00007ffe7440a000 	C:\WINDOWS\SYSTEM32\WINHTTP.dll
0x00007ffe76ac0000 - 0x00007ffe76b2c000 	C:\WINDOWS\system32\mswsock.dll
0x00007ffe59160000 - 0x00007ffe59176000 	D:\java\jdk21\bin\nio.dll
0x00007ffe5c5e0000 - 0x00007ffe5c5e9000 	D:\java\jdk21\bin\management_agent.dll
0x00007ffe59210000 - 0x00007ffe5921a000 	D:\java\jdk21\bin\management.dll
0x00007ffe591d0000 - 0x00007ffe591db000 	D:\java\jdk21\bin\management_ext.dll
0x00007ffe77d10000 - 0x00007ffe77d18000 	C:\WINDOWS\System32\PSAPI.DLL
0x00007ffe42490000 - 0x00007ffe424a7000 	C:\WINDOWS\system32\napinsp.dll
0x00007ffe40ad0000 - 0x00007ffe40aeb000 	C:\WINDOWS\system32\pnrpnsp.dll
0x00007ffe4a120000 - 0x00007ffe4a135000 	C:\WINDOWS\system32\wshbth.dll
0x00007ffe742e0000 - 0x00007ffe742fd000 	C:\WINDOWS\system32\NLAapi.dll
0x00007ffe76750000 - 0x00007ffe7678b000 	C:\WINDOWS\SYSTEM32\IPHLPAPI.DLL
0x00007ffe767a0000 - 0x00007ffe7686a000 	C:\WINDOWS\SYSTEM32\DNSAPI.dll
0x00007ffe78230000 - 0x00007ffe78238000 	C:\WINDOWS\System32\NSI.dll
0x00007ffe1dba0000 - 0x00007ffe1dbb2000 	C:\WINDOWS\System32\winrnr.dll
0x00007ffe70370000 - 0x00007ffe7037a000 	C:\Windows\System32\rasadhlp.dll
0x00007ffe6fde0000 - 0x00007ffe6fe60000 	C:\WINDOWS\System32\fwpuclnt.dll
0x00007ffe76cb0000 - 0x00007ffe76cc8000 	C:\WINDOWS\SYSTEM32\CRYPTSP.dll
0x00007ffe76370000 - 0x00007ffe763a8000 	C:\WINDOWS\system32\rsaenh.dll
0x00007ffe771e0000 - 0x00007ffe7720e000 	C:\WINDOWS\SYSTEM32\USERENV.dll
0x00007ffe76cd0000 - 0x00007ffe76cdc000 	C:\WINDOWS\SYSTEM32\CRYPTBASE.dll
0x00007ffe6b430000 - 0x00007ffe6b439000 	D:\java\jdk21\bin\extnet.dll
0x00007ffe591b0000 - 0x00007ffe591be000 	D:\java\jdk21\bin\sunmscapi.dll
0x00007ffe77a90000 - 0x00007ffe77bec000 	C:\WINDOWS\System32\CRYPT32.dll
0x00007ffe76dd0000 - 0x00007ffe76df7000 	C:\WINDOWS\SYSTEM32\ncrypt.dll
0x00007ffe76d90000 - 0x00007ffe76dcb000 	C:\WINDOWS\SYSTEM32\NTASN1.dll
0x00007ffe58f10000 - 0x00007ffe58f20000 	D:\java\jdk21\bin\verify.dll
0x00007ffe712f0000 - 0x00007ffe712f7000 	C:\WINDOWS\system32\wshunix.dll

dbghelp: loaded successfully - version: 4.0.5 - missing functions: none
symbol engine: initialized successfully - sym options: 0x614 - pdb path: .;D:\java\jdk21\bin;C:\WINDOWS\SYSTEM32;C:\WINDOWS\WinSxS\amd64_microsoft.windows.common-controls_6595b64144ccf1df_6.0.19041.4355_none_60b8b9eb71f62e16;D:\java\jdk21\bin\server

VM Arguments:
jvm_args: -Djava.util.logging.config.file=C:\Users\dell\AppData\Local\JetBrains\IntelliJIdea2024.3\tomcat\637303c7-005e-4fa5-a411-b0f41081b1ea\conf\logging.properties -Djava.util.logging.manager=org.apache.juli.ClassLoaderLogManager -javaagent:D:\CODE WEB\page-movie-management\apache-tomee-webprofile-10.0.0\lib\openejb-javaagent.jar -Dcom.sun.management.jmxremote= -Dcom.sun.management.jmxremote.port=1099 -Dcom.sun.management.jmxremote.ssl=false -Dcom.sun.management.jmxremote.password.file=C:\Users\dell\AppData\Local\JetBrains\IntelliJIdea2024.3\tomcat\637303c7-005e-4fa5-a411-b0f41081b1ea\jmxremote.password -Dcom.sun.management.jmxremote.access.file=C:\Users\dell\AppData\Local\JetBrains\IntelliJIdea2024.3\tomcat\637303c7-005e-4fa5-a411-b0f41081b1ea\jmxremote.access -Djava.rmi.server.hostname=127.0.0.1 -Dtomee.serialization.class.whitelist= -Dtomee.serialization.class.blacklist=- -Dtomee.remote.support=true -Dopenejb.system.apps=true -Djdk.tls.ephemeralDHKeySize=2048 -Djava.protocol.handler.pkgs=org.apache.catalina.webresources --add-opens=java.base/java.lang=ALL-UNNAMED --add-opens=java.base/java.io=ALL-UNNAMED --add-opens=java.base/java.util=ALL-UNNAMED --add-opens=java.base/java.util.concurrent=ALL-UNNAMED --add-opens=java.rmi/sun.rmi.transport=ALL-UNNAMED -Dcatalina.base=C:\Users\dell\AppData\Local\JetBrains\IntelliJIdea2024.3\tomcat\637303c7-005e-4fa5-a411-b0f41081b1ea -Dcatalina.home=D:\CODE WEB\page-movie-management\apache-tomee-webprofile-10.0.0 -Djava.io.tmpdir=C:\Users\dell\AppData\Local\JetBrains\IntelliJIdea2024.3\tomcat\637303c7-005e-4fa5-a411-b0f41081b1ea\temp 
java_command: org.apache.catalina.startup.Bootstrap start
java_class_path (initial): D:\CODE WEB\page-movie-management\apache-tomee-webprofile-10.0.0\bin\bootstrap.jar;D:\CODE WEB\page-movie-management\apache-tomee-webprofile-10.0.0\bin\tomcat-juli.jar
Launcher Type: SUN_STANDARD

[Global flags]
     intx CICompilerCount                          = 4                                         {product} {ergonomic}
     uint ConcGCThreads                            = 2                                         {product} {ergonomic}
     uint G1ConcRefinementThreads                  = 8                                         {product} {ergonomic}
   size_t G1HeapRegionSize                         = 2097152                                   {product} {ergonomic}
    uintx GCDrainStackTargetSize                   = 64                                        {product} {ergonomic}
   size_t InitialHeapSize                          = 264241152                                 {product} {ergonomic}
     bool ManagementServer                         = true                                      {product} {command line}
   size_t MarkStackSize                            = 4194304                                   {product} {ergonomic}
   size_t MaxHeapSize                              = 4225761280                                {product} {ergonomic}
   size_t MaxNewSize                               = 2535456768                                {product} {ergonomic}
   size_t MinHeapDeltaBytes                        = 2097152                                   {product} {ergonomic}
   size_t MinHeapSize                              = 8388608                                   {product} {ergonomic}
    uintx NonNMethodCodeHeapSize                   = 5839372                                {pd product} {ergonomic}
    uintx NonProfiledCodeHeapSize                  = 122909434                              {pd product} {ergonomic}
    uintx ProfiledCodeHeapSize                     = 122909434                              {pd product} {ergonomic}
    uintx ReservedCodeCacheSize                    = 251658240                              {pd product} {ergonomic}
     bool SegmentedCodeCache                       = true                                      {product} {ergonomic}
   size_t SoftMaxHeapSize                          = 4225761280                             {manageable} {ergonomic}
     bool UseCompressedOops                        = true                           {product lp64_product} {ergonomic}
     bool UseG1GC                                  = true                                      {product} {ergonomic}
     bool UseLargePagesIndividualAllocation        = false                                  {pd product} {ergonomic}

Logging:
Log output configuration:
 #0: stdout all=warning uptime,level,tags foldmultilines=false
 #1: stderr all=off uptime,level,tags foldmultilines=false

Environment Variables:
JAVA_HOME=D:\java\jdk21
CLASSPATH=D:\CODE WEB\page-movie-management\apache-tomee-webprofile-10.0.0\bin\bootstrap.jar;D:\CODE WEB\page-movie-management\apache-tomee-webprofile-10.0.0\bin\tomcat-juli.jar
PATH=C:\Program Files\Microsoft MPI\Bin\;C:\Program Files\Common Files\Oracle\Java\javapath;C:\WINDOWS\system32;C:\WINDOWS;C:\WINDOWS\System32\Wbem;C:\WINDOWS\System32\WindowsPowerShell\v1.0\;C:\WINDOWS\System32\OpenSSH\;C:\Program Files\Microsoft SQL Server\Client SDK\ODBC\170\Tools\Binn\;D:\Install\bin;D:\Git\cmd;D:\XAMPP\php;C:\ProgramData\ComposerSetup\bin;C:\mingw64\bin;C:\TDM-GCC-32\bin;D:\notejs\;D:\XAMPP\mysql\bin;D:\Maven\bin;D:\Maven\apache-maven-3.9.9\bin;C:\Program Files (x86)\Microsoft SQL Server\160\Tools\Binn\;C:\Program Files\Microsoft SQL Server\160\Tools\Binn\;C:\Program Files\Microsoft SQL Server\160\DTS\Binn\;C:\Program Files (x86)\Microsoft SQL Server\160\DTS\Binn\;D:\python\Scripts\;D:\python\;D:\java\jdk21\bin;D:\Microsoft VS Code\bin;C:\Users\dell\AppData\Roaming\Composer\vendor\bin;C:\mingw64\bin;C:\Users\dell\AppData\Roaming\npm;D:\nodejs;D:\PyCharm\PyCharm Community Edition 2024.2.4\bin;;D:\Wireshark;D:\python3.10;D:\python39;D:\JetBrains\IntelliJ IDEA 2024.3.4.1\bin;;D:\Maven\bin;
USERNAME=dell
OS=Windows_NT
PROCESSOR_IDENTIFIER=Intel64 Family 6 Model 140 Stepping 1, GenuineIntel
TMP=C:\Users\dell\AppData\Local\Temp
TEMP=C:\Users\dell\AppData\Local\Temp




Periodic native trim disabled

---------------  S Y S T E M  ---------------

OS:
 Windows 10 , 64 bit Build 19041 (10.0.19041.5438)
OS uptime: 0 days 7:54 hours

CPU: total 8 (initial active 8) (4 cores per cpu, 2 threads per core) family 6 model 140 stepping 1 microcode 0xba, cx8, cmov, fxsr, ht, mmx, 3dnowpref, sse, sse2, sse3, ssse3, sse4.1, sse4.2, popcnt, lzcnt, tsc, tscinvbit, avx, avx2, aes, erms, clmul, bmi1, bmi2, adx, avx512f, avx512dq, avx512cd, avx512bw, avx512vl, sha, fma, vzeroupper, avx512_vpopcntdq, avx512_vpclmulqdq, avx512_vaes, avx512_vnni, clflush, clflushopt, clwb, avx512_vbmi2, avx512_vbmi, rdtscp, rdpid, fsrm, gfni, avx512_bitalg, f16c, pku, cet_ibt, cet_ss, avx512_ifma
Processor Information for all 8 processors :
  Max Mhz: 2419, Current Mhz: 2419, Mhz Limit: 2419

Memory: 4k page, system-wide physical 16118M (3491M free)
TotalPageFile size 18408M (AvailPageFile size 9M)
current process WorkingSet (physical memory assigned to process): 531M, peak: 537M
current process commit charge ("private bytes"): 569M, peak: 574M

vm_info: Java HotSpot(TM) 64-Bit Server VM (21.0.6+8-LTS-188) for windows-amd64 JRE (21.0.6+8-LTS-188), built on 2024-12-03T10:50:54Z by "mach5one" with MS VC++ 17.6 (VS2022)

END.
