#
# There is insufficient memory for the Java Runtime Environment to continue.
# Native memory allocation (malloc) failed to allocate 284960 bytes for Chunk::new
# Possible reasons:
#   The system is out of physical RAM or swap space
#   The process is running with CompressedOops enabled, and the Java Heap may be blocking the growth of the native heap
# Possible solutions:
#   Reduce memory load on the system
#   Increase physical memory or swap space
#   Check if swap backing store is full
#   Decrease Java heap size (-Xmx/-Xms)
#   Decrease number of Java threads
#   Decrease Java thread stack sizes (-Xss)
#   Set larger code cache with -XX:ReservedCodeCacheSize=
#   JVM is running with Zero Based Compressed Oops mode in which the Java heap is
#     placed in the first 32GB address space. The Java Heap base address is the
#     maximum limit for the native heap growth. Please use -XX:HeapBaseMinAddress
#     to set the Java Heap base and to place the Java Heap above 32GB virtual address.
# This output file may be truncated or incomplete.
#
#  Out of Memory Error (arena.cpp:168), pid=9780, tid=11500
#
# JRE version: Java(TM) SE Runtime Environment (21.0.6+8) (build 21.0.6+8-LTS-188)
# Java VM: Java HotSpot(TM) 64-Bit Server VM (21.0.6+8-LTS-188, mixed mode, sharing, tiered, compressed oops, compressed class ptrs, g1 gc, windows-amd64)
# No core dump will be written. Minidumps are not enabled by default on client versions of Windows
#

---------------  S U M M A R Y ------------

Command Line: -Djava.util.logging.config.file=C:\Users\dell\AppData\Local\JetBrains\IntelliJIdea2024.3\tomcat\637303c7-005e-4fa5-a411-b0f41081b1ea\conf\logging.properties -Djava.util.logging.manager=org.apache.juli.ClassLoaderLogManager -javaagent:D:\CODE WEB\page-movie-management\apache-tomee-webprofile-10.0.0\lib\openejb-javaagent.jar -Dcom.sun.management.jmxremote= -Dcom.sun.management.jmxremote.port=1099 -Dcom.sun.management.jmxremote.ssl=false -Dcom.sun.management.jmxremote.password.file=C:\Users\dell\AppData\Local\JetBrains\IntelliJIdea2024.3\tomcat\637303c7-005e-4fa5-a411-b0f41081b1ea\jmxremote.password -Dcom.sun.management.jmxremote.access.file=C:\Users\dell\AppData\Local\JetBrains\IntelliJIdea2024.3\tomcat\637303c7-005e-4fa5-a411-b0f41081b1ea\jmxremote.access -Djava.rmi.server.hostname=127.0.0.1 -Dtomee.serialization.class.whitelist= -Dtomee.serialization.class.blacklist=- -Dtomee.remote.support=true -Dopenejb.system.apps=true -Djdk.tls.ephemeralDHKeySize=2048 -Djava.protocol.handler.pkgs=org.apache.catalina.webresources --add-opens=java.base/java.lang=ALL-UNNAMED --add-opens=java.base/java.io=ALL-UNNAMED --add-opens=java.base/java.util=ALL-UNNAMED --add-opens=java.base/java.util.concurrent=ALL-UNNAMED --add-opens=java.rmi/sun.rmi.transport=ALL-UNNAMED -Dcatalina.base=C:\Users\dell\AppData\Local\JetBrains\IntelliJIdea2024.3\tomcat\637303c7-005e-4fa5-a411-b0f41081b1ea -Dcatalina.home=D:\CODE WEB\page-movie-management\apache-tomee-webprofile-10.0.0 -Djava.io.tmpdir=C:\Users\dell\AppData\Local\JetBrains\IntelliJIdea2024.3\tomcat\637303c7-005e-4fa5-a411-b0f41081b1ea\temp org.apache.catalina.startup.Bootstrap start

Host: 11th Gen Intel(R) Core(TM) i5-1135G7 @ 2.40GHz, 8 cores, 15G,  Windows 10 , 64 bit Build 19041 (10.0.19041.5438)
Time: Tue Apr  1 19:05:06 2025 SE Asia Standard Time elapsed time: 543.604227 seconds (0d 0h 9m 3s)

---------------  T H R E A D  ---------------

Current thread (0x0000016b63e135b0):  JavaThread "C2 CompilerThread0" daemon [_thread_in_native, id=11500, stack(0x0000006714700000,0x0000006714800000) (1024K)]


Current CompileTask:
C2: 543604 7868       4       jdk.internal.loader.BuiltinClassLoader::findResources (182 bytes)

Stack: [0x0000006714700000,0x0000006714800000]
Native frames: (J=compiled Java code, j=interpreted, Vv=VM code, C=native code)
V  [jvm.dll+0x6ca6d9]
V  [jvm.dll+0x854f51]
V  [jvm.dll+0x85747e]
V  [jvm.dll+0x857b53]
V  [jvm.dll+0x27dcc6]
V  [jvm.dll+0xc4c2d]
V  [jvm.dll+0xc5163]
V  [jvm.dll+0x3b515c]
V  [jvm.dll+0x381855]
V  [jvm.dll+0x380cca]
V  [jvm.dll+0x246920]
V  [jvm.dll+0x245eff]
V  [jvm.dll+0x1c6d2e]
V  [jvm.dll+0x2554f9]
V  [jvm.dll+0x253a8a]
V  [jvm.dll+0x3ee576]
V  [jvm.dll+0x7ff2fb]
V  [jvm.dll+0x6c8dbd]
C  [ucrtbase.dll+0x21bb2]
C  [KERNEL32.DLL+0x17374]
C  [ntdll.dll+0x4cc91]


---------------  P R O C E S S  ---------------

Threads class SMR info:
_java_thread_list=0x0000016b6bc62bd0, length=37, elements={
0x0000016b42ae9000, 0x0000016b63e067d0, 0x0000016b63e095f0, 0x0000016b63e0b1b0,
0x0000016b63e0bc00, 0x0000016b63e0e8e0, 0x0000016b63e0f330, 0x0000016b63e135b0,
0x0000016b63e20790, 0x0000016b680c0c00, 0x0000016b68321220, 0x0000016b68362440,
0x0000016b687ddf30, 0x0000016b684ca120, 0x0000016b68390130, 0x0000016b69813930,
0x0000016b694975d0, 0x0000016b69495500, 0x0000016b69937e90, 0x0000016b69938520,
0x0000016b69935730, 0x0000016b69938bb0, 0x0000016b69936450, 0x0000016b6993a5f0,
0x0000016b699398d0, 0x0000016b699350a0, 0x0000016b69939240, 0x0000016b6993ac80,
0x0000016b69935dc0, 0x0000016b69933cf0, 0x0000016b69936ae0, 0x0000016b69937170,
0x0000016b69937800, 0x0000016b6993b310, 0x0000016b69496220, 0x0000016b694968b0,
0x0000016b69494150
}

Java Threads: ( => current thread )
  0x0000016b42ae9000 JavaThread "main"                              [_thread_in_native, id=8564, stack(0x0000006713900000,0x0000006713a00000) (1024K)]
  0x0000016b63e067d0 JavaThread "Reference Handler"          daemon [_thread_blocked, id=17812, stack(0x0000006714100000,0x0000006714200000) (1024K)]
  0x0000016b63e095f0 JavaThread "Finalizer"                  daemon [_thread_blocked, id=14176, stack(0x0000006714200000,0x0000006714300000) (1024K)]
  0x0000016b63e0b1b0 JavaThread "Signal Dispatcher"          daemon [_thread_blocked, id=14740, stack(0x0000006714300000,0x0000006714400000) (1024K)]
  0x0000016b63e0bc00 JavaThread "Attach Listener"            daemon [_thread_blocked, id=15960, stack(0x0000006714400000,0x0000006714500000) (1024K)]
  0x0000016b63e0e8e0 JavaThread "Service Thread"             daemon [_thread_blocked, id=1432, stack(0x0000006714500000,0x0000006714600000) (1024K)]
  0x0000016b63e0f330 JavaThread "Monitor Deflation Thread"   daemon [_thread_blocked, id=9892, stack(0x0000006714600000,0x0000006714700000) (1024K)]
=>0x0000016b63e135b0 JavaThread "C2 CompilerThread0"         daemon [_thread_in_native, id=11500, stack(0x0000006714700000,0x0000006714800000) (1024K)]
  0x0000016b63e20790 JavaThread "C1 CompilerThread0"         daemon [_thread_blocked, id=16812, stack(0x0000006714800000,0x0000006714900000) (1024K)]
  0x0000016b680c0c00 JavaThread "Common-Cleaner"             daemon [_thread_blocked, id=8740, stack(0x0000006714900000,0x0000006714a00000) (1024K)]
  0x0000016b68321220 JavaThread "FileHandlerLogFilesCleaner-1" daemon [_thread_blocked, id=5256, stack(0x0000006714b00000,0x0000006714c00000) (1024K)]
  0x0000016b68362440 JavaThread "Notification Thread"        daemon [_thread_blocked, id=2380, stack(0x0000006714c00000,0x0000006714d00000) (1024K)]
  0x0000016b687ddf30 JavaThread "RMI TCP Accept-0"           daemon [_thread_in_native, id=10612, stack(0x0000006714d00000,0x0000006714e00000) (1024K)]
  0x0000016b684ca120 JavaThread "RMI TCP Accept-1099"        daemon [_thread_in_native, id=17256, stack(0x0000006714e00000,0x0000006714f00000) (1024K)]
  0x0000016b68390130 JavaThread "RMI TCP Accept-0"           daemon [_thread_in_native, id=9708, stack(0x0000006714f00000,0x0000006715000000) (1024K)]
  0x0000016b69813930 JavaThread "RMI Scheduler(0)"           daemon [_thread_blocked, id=7656, stack(0x0000006715800000,0x0000006715900000) (1024K)]
  0x0000016b694975d0 JavaThread "AsyncFileHandlerWriter-1"   daemon [_thread_blocked, id=18260, stack(0x0000006715a00000,0x0000006715b00000) (1024K)]
  0x0000016b69495500 JavaThread "mysql-cj-abandoned-connection-cleanup" daemon [_thread_blocked, id=4588, stack(0x0000006715c00000,0x0000006715d00000) (1024K)]
  0x0000016b69937e90 JavaThread "RetryTimer"                 daemon [_thread_blocked, id=6736, stack(0x0000006715d00000,0x0000006715e00000) (1024K)]
  0x0000016b69938520 JavaThread "DelayedCachedOutputStreamCleaner" daemon [_thread_blocked, id=12336, stack(0x0000006715f00000,0x0000006716000000) (1024K)]
  0x0000016b69935730 JavaThread "Catalina-utility-1"                [_thread_blocked, id=3148, stack(0x0000006716000000,0x0000006716100000) (1024K)]
  0x0000016b69938bb0 JavaThread "Catalina-utility-2"                [_thread_in_native, id=14628, stack(0x0000006716100000,0x0000006716200000) (1024K)]
  0x0000016b69936450 JavaThread "http-nio-8080-exec-1"       daemon [_thread_blocked, id=4000, stack(0x0000006716200000,0x0000006716300000) (1024K)]
  0x0000016b6993a5f0 JavaThread "http-nio-8080-exec-2"       daemon [_thread_blocked, id=15480, stack(0x0000006716300000,0x0000006716400000) (1024K)]
  0x0000016b699398d0 JavaThread "http-nio-8080-exec-3"       daemon [_thread_blocked, id=14284, stack(0x0000006716400000,0x0000006716500000) (1024K)]
  0x0000016b699350a0 JavaThread "http-nio-8080-exec-4"       daemon [_thread_blocked, id=2564, stack(0x0000006716500000,0x0000006716600000) (1024K)]
  0x0000016b69939240 JavaThread "http-nio-8080-exec-5"       daemon [_thread_blocked, id=5944, stack(0x0000006716600000,0x0000006716700000) (1024K)]
  0x0000016b6993ac80 JavaThread "http-nio-8080-exec-6"       daemon [_thread_blocked, id=12172, stack(0x0000006716700000,0x0000006716800000) (1024K)]
  0x0000016b69935dc0 JavaThread "http-nio-8080-exec-7"       daemon [_thread_blocked, id=6044, stack(0x0000006716800000,0x0000006716900000) (1024K)]
  0x0000016b69933cf0 JavaThread "http-nio-8080-exec-8"       daemon [_thread_blocked, id=17568, stack(0x0000006716900000,0x0000006716a00000) (1024K)]
  0x0000016b69936ae0 JavaThread "http-nio-8080-exec-9"       daemon [_thread_blocked, id=1044, stack(0x0000006716a00000,0x0000006716b00000) (1024K)]
  0x0000016b69937170 JavaThread "http-nio-8080-exec-10"      daemon [_thread_blocked, id=8264, stack(0x0000006716b00000,0x0000006716c00000) (1024K)]
  0x0000016b69937800 JavaThread "http-nio-8080-Poller"       daemon [_thread_in_native, id=4120, stack(0x0000006716c00000,0x0000006716d00000) (1024K)]
  0x0000016b6993b310 JavaThread "http-nio-8080-Acceptor"     daemon [_thread_in_native, id=12312, stack(0x0000006716d00000,0x0000006716e00000) (1024K)]
  0x0000016b69496220 JavaThread "Thread-24"                  daemon [_thread_blocked, id=7488, stack(0x0000006714a00000,0x0000006714b00000) (1024K)]
  0x0000016b694968b0 JavaThread "mysql-cj-abandoned-connection-cleanup" daemon [_thread_blocked, id=7908, stack(0x0000006716f00000,0x0000006717000000) (1024K)]
  0x0000016b69494150 JavaThread "Default Stateless Container - 1" daemon [_thread_blocked, id=14188, stack(0x0000006717000000,0x0000006717100000) (1024K)]
Total: 37

Other Threads:
  0x0000016b63de7e00 VMThread "VM Thread"                           [id=12144, stack(0x0000006714000000,0x0000006714100000) (1024K)]
  0x0000016b63dd7960 WatcherThread "VM Periodic Task Thread"        [id=5392, stack(0x0000006713f00000,0x0000006714000000) (1024K)]
  0x0000016b44dbe1a0 WorkerThread "GC Thread#0"                     [id=6896, stack(0x0000006713a00000,0x0000006713b00000) (1024K)]
  0x0000016b685eb450 WorkerThread "GC Thread#1"                     [id=13348, stack(0x0000006715000000,0x0000006715100000) (1024K)]
  0x0000016b685eb7f0 WorkerThread "GC Thread#2"                     [id=1020, stack(0x0000006715100000,0x0000006715200000) (1024K)]
  0x0000016b685ebb90 WorkerThread "GC Thread#3"                     [id=17332, stack(0x0000006715200000,0x0000006715300000) (1024K)]
  0x0000016b68447020 WorkerThread "GC Thread#4"                     [id=4008, stack(0x0000006715300000,0x0000006715400000) (1024K)]
  0x0000016b684473c0 WorkerThread "GC Thread#5"                     [id=5764, stack(0x0000006715400000,0x0000006715500000) (1024K)]
  0x0000016b6880bec0 WorkerThread "GC Thread#6"                     [id=11276, stack(0x0000006715500000,0x0000006715600000) (1024K)]
  0x0000016b6880f760 WorkerThread "GC Thread#7"                     [id=10556, stack(0x0000006715600000,0x0000006715700000) (1024K)]
  0x0000016b42baded0 ConcurrentGCThread "G1 Main Marker"            [id=6936, stack(0x0000006713b00000,0x0000006713c00000) (1024K)]
  0x0000016b44dcbd70 WorkerThread "G1 Conc#0"                       [id=2052, stack(0x0000006713c00000,0x0000006713d00000) (1024K)]
  0x0000016b69aaa7b0 WorkerThread "G1 Conc#1"                       [id=1008, stack(0x0000006715e00000,0x0000006715f00000) (1024K)]
  0x0000016b63caa520 ConcurrentGCThread "G1 Refine#0"               [id=16528, stack(0x0000006713d00000,0x0000006713e00000) (1024K)]
  0x0000016b63caafa0 ConcurrentGCThread "G1 Service"                [id=2820, stack(0x0000006713e00000,0x0000006713f00000) (1024K)]
Total: 15

Threads with active compile tasks:
C2 CompilerThread0   543624 7868       4       jdk.internal.loader.BuiltinClassLoader::findResources (182 bytes)
Total: 1

VM state: not at safepoint (normal execution)

VM Mutex/Monitor currently owned by a thread: None

Heap address: 0x0000000704200000, size: 4030 MB, Compressed Oops mode: Zero based, Oop shift amount: 3

CDS archive(s) mapped at: [0x0000016b00000000-0x0000016b00c90000-0x0000016b00c90000), size 13172736, SharedBaseAddress: 0x0000016b00000000, ArchiveRelocationMode: 1.
Compressed class space mapped at: 0x0000016b01000000-0x0000016b41000000, reserved size: 1073741824
Narrow klass base: 0x0000016b00000000, Narrow klass shift: 0, Narrow klass range: 0x100000000

GC Precious Log:
 CardTable entry size: 512
 Card Set container configuration: InlinePtr #cards 4 size 8 Array Of Cards #cards 16 size 48 Howl #buckets 8 coarsen threshold 3686 Howl Bitmap #cards 512 size 80 coarsen threshold 460 Card regions per heap region 1 cards per card region 4096
 CPUs: 8 total, 8 available
 Memory: 16118M
 Large Page Support: Disabled
 NUMA Support: Disabled
 Compressed Oops: Enabled (Zero based)
 Heap Region Size: 2M
 Heap Min Capacity: 8M
 Heap Initial Capacity: 252M
 Heap Max Capacity: 4030M
 Pre-touch: Disabled
 Parallel Workers: 8
 Concurrent Workers: 2
 Concurrent Refinement Workers: 8
 Periodic GC: Disabled

Heap:
 garbage-first heap   total 348160K, used 115048K [0x0000000704200000, 0x0000000800000000)
  region size 2048K, 13 young (26624K), 5 survivors (10240K)
 Metaspace       used 59399K, committed 60352K, reserved 1114112K
  class space    used 6487K, committed 6848K, reserved 1048576K

Heap Regions: E=young(eden), S=young(survivor), O=old, HS=humongous(starts), HC=humongous(continues), CS=collection set, F=free, TAMS=top-at-mark-start, PB=parsable bottom
|   0|0x0000000704200000, 0x0000000704400000, 0x0000000704400000|100%| O|  |TAMS 0x0000000704200000| PB 0x0000000704200000| Untracked 
|   1|0x0000000704400000, 0x00000007045fda08, 0x0000000704600000| 99%| O|  |TAMS 0x0000000704400000| PB 0x0000000704400000| Untracked 
|   2|0x0000000704600000, 0x0000000704800000, 0x0000000704800000|100%| O|  |TAMS 0x0000000704600000| PB 0x0000000704600000| Untracked 
|   3|0x0000000704800000, 0x0000000704a00000, 0x0000000704a00000|100%| O|  |TAMS 0x0000000704800000| PB 0x0000000704800000| Untracked 
|   4|0x0000000704a00000, 0x0000000704c00000, 0x0000000704c00000|100%| O|  |TAMS 0x0000000704a00000| PB 0x0000000704a00000| Untracked 
|   5|0x0000000704c00000, 0x0000000704dffff8, 0x0000000704e00000| 99%| O|  |TAMS 0x0000000704c00000| PB 0x0000000704c00000| Untracked 
|   6|0x0000000704e00000, 0x0000000705000000, 0x0000000705000000|100%| O|  |TAMS 0x0000000704e00000| PB 0x0000000704e00000| Untracked 
|   7|0x0000000705000000, 0x00000007051e4d08, 0x0000000705200000| 94%| O|  |TAMS 0x0000000705000000| PB 0x0000000705000000| Untracked 
|   8|0x0000000705200000, 0x000000070536bbc8, 0x0000000705400000| 71%| O|  |TAMS 0x0000000705200000| PB 0x0000000705200000| Untracked 
|   9|0x0000000705400000, 0x0000000705600000, 0x0000000705600000|100%| O|  |TAMS 0x0000000705400000| PB 0x0000000705400000| Untracked 
|  10|0x0000000705600000, 0x0000000705800000, 0x0000000705800000|100%| O|  |TAMS 0x0000000705600000| PB 0x0000000705600000| Untracked 
|  11|0x0000000705800000, 0x0000000705a00000, 0x0000000705a00000|100%| O|  |TAMS 0x0000000705800000| PB 0x0000000705800000| Untracked 
|  12|0x0000000705a00000, 0x0000000705c00000, 0x0000000705c00000|100%| O|  |TAMS 0x0000000705a00000| PB 0x0000000705a00000| Untracked 
|  13|0x0000000705c00000, 0x0000000705c00000, 0x0000000705e00000|  0%| F|  |TAMS 0x0000000705c00000| PB 0x0000000705c00000| Untracked 
|  14|0x0000000705e00000, 0x0000000705e00000, 0x0000000706000000|  0%| F|  |TAMS 0x0000000705e00000| PB 0x0000000705e00000| Untracked 
|  15|0x0000000706000000, 0x0000000706000000, 0x0000000706200000|  0%| F|  |TAMS 0x0000000706000000| PB 0x0000000706000000| Untracked 
|  16|0x0000000706200000, 0x0000000706200000, 0x0000000706400000|  0%| F|  |TAMS 0x0000000706200000| PB 0x0000000706200000| Untracked 
|  17|0x0000000706400000, 0x0000000706600000, 0x0000000706600000|100%| O|  |TAMS 0x0000000706400000| PB 0x0000000706400000| Untracked 
|  18|0x0000000706600000, 0x0000000706800000, 0x0000000706800000|100%| O|  |TAMS 0x0000000706600000| PB 0x0000000706600000| Untracked 
|  19|0x0000000706800000, 0x0000000706a00000, 0x0000000706a00000|100%| O|  |TAMS 0x0000000706800000| PB 0x0000000706800000| Untracked 
|  20|0x0000000706a00000, 0x0000000706c00000, 0x0000000706c00000|100%| O|  |TAMS 0x0000000706a00000| PB 0x0000000706a00000| Untracked 
|  21|0x0000000706c00000, 0x0000000706e00000, 0x0000000706e00000|100%| O|  |TAMS 0x0000000706c00000| PB 0x0000000706c00000| Untracked 
|  22|0x0000000706e00000, 0x0000000707000000, 0x0000000707000000|100%| O|  |TAMS 0x0000000706e00000| PB 0x0000000706e00000| Untracked 
|  23|0x0000000707000000, 0x0000000707200000, 0x0000000707200000|100%| O|  |TAMS 0x0000000707000000| PB 0x0000000707000000| Untracked 
|  24|0x0000000707200000, 0x0000000707400000, 0x0000000707400000|100%| O|  |TAMS 0x0000000707200000| PB 0x0000000707200000| Untracked 
|  25|0x0000000707400000, 0x0000000707600000, 0x0000000707600000|100%| O|  |TAMS 0x0000000707400000| PB 0x0000000707400000| Untracked 
|  26|0x0000000707600000, 0x0000000707800000, 0x0000000707800000|100%| O|  |TAMS 0x0000000707600000| PB 0x0000000707600000| Untracked 
|  27|0x0000000707800000, 0x0000000707a00000, 0x0000000707a00000|100%| O|  |TAMS 0x0000000707800000| PB 0x0000000707800000| Untracked 
|  28|0x0000000707a00000, 0x0000000707c00000, 0x0000000707c00000|100%| O|  |TAMS 0x0000000707a00000| PB 0x0000000707a00000| Untracked 
|  29|0x0000000707c00000, 0x0000000707e00000, 0x0000000707e00000|100%| O|  |TAMS 0x0000000707c00000| PB 0x0000000707c00000| Untracked 
|  30|0x0000000707e00000, 0x0000000708000000, 0x0000000708000000|100%| O|  |TAMS 0x0000000707e00000| PB 0x0000000707e00000| Untracked 
|  31|0x0000000708000000, 0x0000000708200000, 0x0000000708200000|100%| O|  |TAMS 0x0000000708000000| PB 0x0000000708000000| Untracked 
|  32|0x0000000708200000, 0x0000000708400000, 0x0000000708400000|100%| O|  |TAMS 0x0000000708200000| PB 0x0000000708200000| Untracked 
|  33|0x0000000708400000, 0x0000000708600000, 0x0000000708600000|100%| O|  |TAMS 0x0000000708400000| PB 0x0000000708400000| Untracked 
|  34|0x0000000708600000, 0x0000000708800000, 0x0000000708800000|100%| O|  |TAMS 0x0000000708600000| PB 0x0000000708600000| Untracked 
|  35|0x0000000708800000, 0x0000000708a00000, 0x0000000708a00000|100%| O|  |TAMS 0x0000000708800000| PB 0x0000000708800000| Untracked 
|  36|0x0000000708a00000, 0x0000000708c00000, 0x0000000708c00000|100%| O|  |TAMS 0x0000000708a00000| PB 0x0000000708a00000| Untracked 
|  37|0x0000000708c00000, 0x0000000708e00000, 0x0000000708e00000|100%| O|  |TAMS 0x0000000708c00000| PB 0x0000000708c00000| Untracked 
|  38|0x0000000708e00000, 0x0000000709000000, 0x0000000709000000|100%| O|  |TAMS 0x0000000708e00000| PB 0x0000000708e00000| Untracked 
|  39|0x0000000709000000, 0x0000000709000000, 0x0000000709200000|  0%| F|  |TAMS 0x0000000709000000| PB 0x0000000709000000| Untracked 
|  40|0x0000000709200000, 0x0000000709200000, 0x0000000709400000|  0%| F|  |TAMS 0x0000000709200000| PB 0x0000000709200000| Untracked 
|  41|0x0000000709400000, 0x0000000709400000, 0x0000000709600000|  0%| F|  |TAMS 0x0000000709400000| PB 0x0000000709400000| Untracked 
|  42|0x0000000709600000, 0x0000000709600000, 0x0000000709800000|  0%| F|  |TAMS 0x0000000709600000| PB 0x0000000709600000| Untracked 
|  43|0x0000000709800000, 0x0000000709800000, 0x0000000709a00000|  0%| F|  |TAMS 0x0000000709800000| PB 0x0000000709800000| Untracked 
|  44|0x0000000709a00000, 0x0000000709a00000, 0x0000000709c00000|  0%| F|  |TAMS 0x0000000709a00000| PB 0x0000000709a00000| Untracked 
|  45|0x0000000709c00000, 0x0000000709c00000, 0x0000000709e00000|  0%| F|  |TAMS 0x0000000709c00000| PB 0x0000000709c00000| Untracked 
|  46|0x0000000709e00000, 0x0000000709e00000, 0x000000070a000000|  0%| F|  |TAMS 0x0000000709e00000| PB 0x0000000709e00000| Untracked 
|  47|0x000000070a000000, 0x000000070a000000, 0x000000070a200000|  0%| F|  |TAMS 0x000000070a000000| PB 0x000000070a000000| Untracked 
|  48|0x000000070a200000, 0x000000070a400000, 0x000000070a400000|100%| O|  |TAMS 0x000000070a200000| PB 0x000000070a200000| Untracked 
|  49|0x000000070a400000, 0x000000070a600000, 0x000000070a600000|100%| O|  |TAMS 0x000000070a400000| PB 0x000000070a400000| Untracked 
|  50|0x000000070a600000, 0x000000070a800000, 0x000000070a800000|100%| O|  |TAMS 0x000000070a600000| PB 0x000000070a600000| Untracked 
|  51|0x000000070a800000, 0x000000070aa00000, 0x000000070aa00000|100%| O|  |TAMS 0x000000070a800000| PB 0x000000070a800000| Untracked 
|  52|0x000000070aa00000, 0x000000070ac00000, 0x000000070ac00000|100%| O|  |TAMS 0x000000070aa00000| PB 0x000000070aa00000| Untracked 
|  53|0x000000070ac00000, 0x000000070ae00000, 0x000000070ae00000|100%| O|  |TAMS 0x000000070ac00000| PB 0x000000070ac00000| Untracked 
|  54|0x000000070ae00000, 0x000000070b000000, 0x000000070b000000|100%| O|  |TAMS 0x000000070ae00000| PB 0x000000070ae00000| Untracked 
|  55|0x000000070b000000, 0x000000070b200000, 0x000000070b200000|100%| O|  |TAMS 0x000000070b000000| PB 0x000000070b000000| Untracked 
|  56|0x000000070b200000, 0x000000070b400000, 0x000000070b400000|100%| O|  |TAMS 0x000000070b200000| PB 0x000000070b200000| Untracked 
|  57|0x000000070b400000, 0x000000070b600000, 0x000000070b600000|100%| O|  |TAMS 0x000000070b400000| PB 0x000000070b400000| Untracked 
|  58|0x000000070b600000, 0x000000070b600000, 0x000000070b800000|  0%| F|  |TAMS 0x000000070b600000| PB 0x000000070b600000| Untracked 
|  59|0x000000070b800000, 0x000000070b800000, 0x000000070ba00000|  0%| F|  |TAMS 0x000000070b800000| PB 0x000000070b800000| Untracked 
|  60|0x000000070ba00000, 0x000000070ba00000, 0x000000070bc00000|  0%| F|  |TAMS 0x000000070ba00000| PB 0x000000070ba00000| Untracked 
|  61|0x000000070bc00000, 0x000000070bc00000, 0x000000070be00000|  0%| F|  |TAMS 0x000000070bc00000| PB 0x000000070bc00000| Untracked 
|  62|0x000000070be00000, 0x000000070be00000, 0x000000070c000000|  0%| F|  |TAMS 0x000000070be00000| PB 0x000000070be00000| Untracked 
|  63|0x000000070c000000, 0x000000070c000000, 0x000000070c200000|  0%| F|  |TAMS 0x000000070c000000| PB 0x000000070c000000| Untracked 
|  64|0x000000070c200000, 0x000000070c30bee0, 0x000000070c400000| 52%| S|CS|TAMS 0x000000070c200000| PB 0x000000070c200000| Complete 
|  65|0x000000070c400000, 0x000000070c600000, 0x000000070c600000|100%| S|CS|TAMS 0x000000070c400000| PB 0x000000070c400000| Complete 
|  66|0x000000070c600000, 0x000000070c800000, 0x000000070c800000|100%| S|CS|TAMS 0x000000070c600000| PB 0x000000070c600000| Complete 
|  67|0x000000070c800000, 0x000000070ca00000, 0x000000070ca00000|100%| S|CS|TAMS 0x000000070c800000| PB 0x000000070c800000| Complete 
|  68|0x000000070ca00000, 0x000000070ca00000, 0x000000070cc00000|  0%| F|  |TAMS 0x000000070ca00000| PB 0x000000070ca00000| Untracked 
|  69|0x000000070cc00000, 0x000000070cc00000, 0x000000070ce00000|  0%| F|  |TAMS 0x000000070cc00000| PB 0x000000070cc00000| Untracked 
|  70|0x000000070ce00000, 0x000000070ce00000, 0x000000070d000000|  0%| F|  |TAMS 0x000000070ce00000| PB 0x000000070ce00000| Untracked 
|  71|0x000000070d000000, 0x000000070d000000, 0x000000070d200000|  0%| F|  |TAMS 0x000000070d000000| PB 0x000000070d000000| Untracked 
|  72|0x000000070d200000, 0x000000070d200000, 0x000000070d400000|  0%| F|  |TAMS 0x000000070d200000| PB 0x000000070d200000| Untracked 
|  73|0x000000070d400000, 0x000000070d400000, 0x000000070d600000|  0%| F|  |TAMS 0x000000070d400000| PB 0x000000070d400000| Untracked 
|  74|0x000000070d600000, 0x000000070d800000, 0x000000070d800000|100%| S|CS|TAMS 0x000000070d600000| PB 0x000000070d600000| Complete 
|  75|0x000000070d800000, 0x000000070d800000, 0x000000070da00000|  0%| F|  |TAMS 0x000000070d800000| PB 0x000000070d800000| Untracked 
|  76|0x000000070da00000, 0x000000070da00000, 0x000000070dc00000|  0%| F|  |TAMS 0x000000070da00000| PB 0x000000070da00000| Untracked 
|  77|0x000000070dc00000, 0x000000070dc00000, 0x000000070de00000|  0%| F|  |TAMS 0x000000070dc00000| PB 0x000000070dc00000| Untracked 
|  78|0x000000070de00000, 0x000000070de00000, 0x000000070e000000|  0%| F|  |TAMS 0x000000070de00000| PB 0x000000070de00000| Untracked 
|  79|0x000000070e000000, 0x000000070e000000, 0x000000070e200000|  0%| F|  |TAMS 0x000000070e000000| PB 0x000000070e000000| Untracked 
|  80|0x000000070e200000, 0x000000070e200000, 0x000000070e400000|  0%| F|  |TAMS 0x000000070e200000| PB 0x000000070e200000| Untracked 
|  81|0x000000070e400000, 0x000000070e400000, 0x000000070e600000|  0%| F|  |TAMS 0x000000070e400000| PB 0x000000070e400000| Untracked 
|  82|0x000000070e600000, 0x000000070e600000, 0x000000070e800000|  0%| F|  |TAMS 0x000000070e600000| PB 0x000000070e600000| Untracked 
|  83|0x000000070e800000, 0x000000070e800000, 0x000000070ea00000|  0%| F|  |TAMS 0x000000070e800000| PB 0x000000070e800000| Untracked 
|  84|0x000000070ea00000, 0x000000070ea00000, 0x000000070ec00000|  0%| F|  |TAMS 0x000000070ea00000| PB 0x000000070ea00000| Untracked 
|  85|0x000000070ec00000, 0x000000070ec00000, 0x000000070ee00000|  0%| F|  |TAMS 0x000000070ec00000| PB 0x000000070ec00000| Untracked 
|  86|0x000000070ee00000, 0x000000070ee00000, 0x000000070f000000|  0%| F|  |TAMS 0x000000070ee00000| PB 0x000000070ee00000| Untracked 
|  87|0x000000070f000000, 0x000000070f000000, 0x000000070f200000|  0%| F|  |TAMS 0x000000070f000000| PB 0x000000070f000000| Untracked 
|  88|0x000000070f200000, 0x000000070f200000, 0x000000070f400000|  0%| F|  |TAMS 0x000000070f200000| PB 0x000000070f200000| Untracked 
|  89|0x000000070f400000, 0x000000070f400000, 0x000000070f600000|  0%| F|  |TAMS 0x000000070f400000| PB 0x000000070f400000| Untracked 
|  90|0x000000070f600000, 0x000000070f600000, 0x000000070f800000|  0%| F|  |TAMS 0x000000070f600000| PB 0x000000070f600000| Untracked 
|  91|0x000000070f800000, 0x000000070f800000, 0x000000070fa00000|  0%| F|  |TAMS 0x000000070f800000| PB 0x000000070f800000| Untracked 
|  92|0x000000070fa00000, 0x000000070fa00000, 0x000000070fc00000|  0%| F|  |TAMS 0x000000070fa00000| PB 0x000000070fa00000| Untracked 
|  93|0x000000070fc00000, 0x000000070fc00000, 0x000000070fe00000|  0%| F|  |TAMS 0x000000070fc00000| PB 0x000000070fc00000| Untracked 
|  94|0x000000070fe00000, 0x000000070fe00000, 0x0000000710000000|  0%| F|  |TAMS 0x000000070fe00000| PB 0x000000070fe00000| Untracked 
|  95|0x0000000710000000, 0x0000000710000000, 0x0000000710200000|  0%| F|  |TAMS 0x0000000710000000| PB 0x0000000710000000| Untracked 
|  96|0x0000000710200000, 0x0000000710200000, 0x0000000710400000|  0%| F|  |TAMS 0x0000000710200000| PB 0x0000000710200000| Untracked 
|  97|0x0000000710400000, 0x0000000710400000, 0x0000000710600000|  0%| F|  |TAMS 0x0000000710400000| PB 0x0000000710400000| Untracked 
|  98|0x0000000710600000, 0x0000000710600000, 0x0000000710800000|  0%| F|  |TAMS 0x0000000710600000| PB 0x0000000710600000| Untracked 
|  99|0x0000000710800000, 0x0000000710800000, 0x0000000710a00000|  0%| F|  |TAMS 0x0000000710800000| PB 0x0000000710800000| Untracked 
| 100|0x0000000710a00000, 0x0000000710a00000, 0x0000000710c00000|  0%| F|  |TAMS 0x0000000710a00000| PB 0x0000000710a00000| Untracked 
| 101|0x0000000710c00000, 0x0000000710c00000, 0x0000000710e00000|  0%| F|  |TAMS 0x0000000710c00000| PB 0x0000000710c00000| Untracked 
| 102|0x0000000710e00000, 0x0000000710e00000, 0x0000000711000000|  0%| F|  |TAMS 0x0000000710e00000| PB 0x0000000710e00000| Untracked 
| 103|0x0000000711000000, 0x0000000711000000, 0x0000000711200000|  0%| F|  |TAMS 0x0000000711000000| PB 0x0000000711000000| Untracked 
| 104|0x0000000711200000, 0x0000000711200000, 0x0000000711400000|  0%| F|  |TAMS 0x0000000711200000| PB 0x0000000711200000| Untracked 
| 105|0x0000000711400000, 0x0000000711400000, 0x0000000711600000|  0%| F|  |TAMS 0x0000000711400000| PB 0x0000000711400000| Untracked 
| 106|0x0000000711600000, 0x0000000711600000, 0x0000000711800000|  0%| F|  |TAMS 0x0000000711600000| PB 0x0000000711600000| Untracked 
| 107|0x0000000711800000, 0x0000000711800000, 0x0000000711a00000|  0%| F|  |TAMS 0x0000000711800000| PB 0x0000000711800000| Untracked 
| 108|0x0000000711a00000, 0x0000000711a00000, 0x0000000711c00000|  0%| F|  |TAMS 0x0000000711a00000| PB 0x0000000711a00000| Untracked 
| 109|0x0000000711c00000, 0x0000000711c00000, 0x0000000711e00000|  0%| F|  |TAMS 0x0000000711c00000| PB 0x0000000711c00000| Untracked 
| 110|0x0000000711e00000, 0x0000000711e00000, 0x0000000712000000|  0%| F|  |TAMS 0x0000000711e00000| PB 0x0000000711e00000| Untracked 
| 111|0x0000000712000000, 0x0000000712000000, 0x0000000712200000|  0%| F|  |TAMS 0x0000000712000000| PB 0x0000000712000000| Untracked 
| 112|0x0000000712200000, 0x0000000712200000, 0x0000000712400000|  0%| F|  |TAMS 0x0000000712200000| PB 0x0000000712200000| Untracked 
| 113|0x0000000712400000, 0x0000000712400000, 0x0000000712600000|  0%| F|  |TAMS 0x0000000712400000| PB 0x0000000712400000| Untracked 
| 114|0x0000000712600000, 0x0000000712600000, 0x0000000712800000|  0%| F|  |TAMS 0x0000000712600000| PB 0x0000000712600000| Untracked 
| 115|0x0000000712800000, 0x0000000712800000, 0x0000000712a00000|  0%| F|  |TAMS 0x0000000712800000| PB 0x0000000712800000| Untracked 
| 116|0x0000000712a00000, 0x0000000712a00000, 0x0000000712c00000|  0%| F|  |TAMS 0x0000000712a00000| PB 0x0000000712a00000| Untracked 
| 117|0x0000000712c00000, 0x0000000712c00000, 0x0000000712e00000|  0%| F|  |TAMS 0x0000000712c00000| PB 0x0000000712c00000| Untracked 
| 118|0x0000000712e00000, 0x0000000712e00000, 0x0000000713000000|  0%| F|  |TAMS 0x0000000712e00000| PB 0x0000000712e00000| Untracked 
| 119|0x0000000713000000, 0x0000000713000000, 0x0000000713200000|  0%| F|  |TAMS 0x0000000713000000| PB 0x0000000713000000| Untracked 
| 120|0x0000000713200000, 0x0000000713200000, 0x0000000713400000|  0%| F|  |TAMS 0x0000000713200000| PB 0x0000000713200000| Untracked 
| 121|0x0000000713400000, 0x0000000713400000, 0x0000000713600000|  0%| F|  |TAMS 0x0000000713400000| PB 0x0000000713400000| Untracked 
| 122|0x0000000713600000, 0x0000000713600000, 0x0000000713800000|  0%| F|  |TAMS 0x0000000713600000| PB 0x0000000713600000| Untracked 
| 123|0x0000000713800000, 0x0000000713800000, 0x0000000713a00000|  0%| F|  |TAMS 0x0000000713800000| PB 0x0000000713800000| Untracked 
| 124|0x0000000713a00000, 0x0000000713a00000, 0x0000000713c00000|  0%| F|  |TAMS 0x0000000713a00000| PB 0x0000000713a00000| Untracked 
| 125|0x0000000713c00000, 0x0000000713c00000, 0x0000000713e00000|  0%| F|  |TAMS 0x0000000713c00000| PB 0x0000000713c00000| Untracked 
| 126|0x0000000713e00000, 0x0000000713e00000, 0x0000000714000000|  0%| F|  |TAMS 0x0000000713e00000| PB 0x0000000713e00000| Untracked 
| 127|0x0000000714000000, 0x0000000714000000, 0x0000000714200000|  0%| F|  |TAMS 0x0000000714000000| PB 0x0000000714000000| Untracked 
| 128|0x0000000714200000, 0x0000000714200000, 0x0000000714400000|  0%| F|  |TAMS 0x0000000714200000| PB 0x0000000714200000| Untracked 
| 129|0x0000000714400000, 0x0000000714400000, 0x0000000714600000|  0%| F|  |TAMS 0x0000000714400000| PB 0x0000000714400000| Untracked 
| 130|0x0000000714600000, 0x0000000714600000, 0x0000000714800000|  0%| F|  |TAMS 0x0000000714600000| PB 0x0000000714600000| Untracked 
| 131|0x0000000714800000, 0x0000000714800000, 0x0000000714a00000|  0%| F|  |TAMS 0x0000000714800000| PB 0x0000000714800000| Untracked 
| 132|0x0000000714a00000, 0x0000000714a00000, 0x0000000714c00000|  0%| F|  |TAMS 0x0000000714a00000| PB 0x0000000714a00000| Untracked 
| 133|0x0000000714c00000, 0x0000000714c00000, 0x0000000714e00000|  0%| F|  |TAMS 0x0000000714c00000| PB 0x0000000714c00000| Untracked 
| 134|0x0000000714e00000, 0x0000000714e00000, 0x0000000715000000|  0%| F|  |TAMS 0x0000000714e00000| PB 0x0000000714e00000| Untracked 
| 135|0x0000000715000000, 0x0000000715000000, 0x0000000715200000|  0%| F|  |TAMS 0x0000000715000000| PB 0x0000000715000000| Untracked 
| 136|0x0000000715200000, 0x0000000715200000, 0x0000000715400000|  0%| F|  |TAMS 0x0000000715200000| PB 0x0000000715200000| Untracked 
| 137|0x0000000715400000, 0x0000000715400000, 0x0000000715600000|  0%| F|  |TAMS 0x0000000715400000| PB 0x0000000715400000| Untracked 
| 138|0x0000000715600000, 0x0000000715600000, 0x0000000715800000|  0%| F|  |TAMS 0x0000000715600000| PB 0x0000000715600000| Untracked 
| 139|0x0000000715800000, 0x0000000715800000, 0x0000000715a00000|  0%| F|  |TAMS 0x0000000715800000| PB 0x0000000715800000| Untracked 
| 140|0x0000000715a00000, 0x0000000715a00000, 0x0000000715c00000|  0%| F|  |TAMS 0x0000000715a00000| PB 0x0000000715a00000| Untracked 
| 141|0x0000000715c00000, 0x0000000715c00000, 0x0000000715e00000|  0%| F|  |TAMS 0x0000000715c00000| PB 0x0000000715c00000| Untracked 
| 142|0x0000000715e00000, 0x0000000715e00000, 0x0000000716000000|  0%| F|  |TAMS 0x0000000715e00000| PB 0x0000000715e00000| Untracked 
| 143|0x0000000716000000, 0x0000000716000000, 0x0000000716200000|  0%| F|  |TAMS 0x0000000716000000| PB 0x0000000716000000| Untracked 
| 144|0x0000000716200000, 0x0000000716200000, 0x0000000716400000|  0%| F|  |TAMS 0x0000000716200000| PB 0x0000000716200000| Untracked 
| 145|0x0000000716400000, 0x0000000716400000, 0x0000000716600000|  0%| F|  |TAMS 0x0000000716400000| PB 0x0000000716400000| Untracked 
| 146|0x0000000716600000, 0x0000000716600000, 0x0000000716800000|  0%| F|  |TAMS 0x0000000716600000| PB 0x0000000716600000| Untracked 
| 147|0x0000000716800000, 0x0000000716800000, 0x0000000716a00000|  0%| F|  |TAMS 0x0000000716800000| PB 0x0000000716800000| Untracked 
| 148|0x0000000716a00000, 0x0000000716a00000, 0x0000000716c00000|  0%| F|  |TAMS 0x0000000716a00000| PB 0x0000000716a00000| Untracked 
| 149|0x0000000716c00000, 0x0000000716c00000, 0x0000000716e00000|  0%| F|  |TAMS 0x0000000716c00000| PB 0x0000000716c00000| Untracked 
| 150|0x0000000716e00000, 0x0000000716e00000, 0x0000000717000000|  0%| F|  |TAMS 0x0000000716e00000| PB 0x0000000716e00000| Untracked 
| 151|0x0000000717000000, 0x0000000717000000, 0x0000000717200000|  0%| F|  |TAMS 0x0000000717000000| PB 0x0000000717000000| Untracked 
| 152|0x0000000717200000, 0x0000000717200000, 0x0000000717400000|  0%| F|  |TAMS 0x0000000717200000| PB 0x0000000717200000| Untracked 
| 153|0x0000000717400000, 0x0000000717400000, 0x0000000717600000|  0%| F|  |TAMS 0x0000000717400000| PB 0x0000000717400000| Untracked 
| 154|0x0000000717600000, 0x0000000717600000, 0x0000000717800000|  0%| F|  |TAMS 0x0000000717600000| PB 0x0000000717600000| Untracked 
| 155|0x0000000717800000, 0x0000000717800000, 0x0000000717a00000|  0%| F|  |TAMS 0x0000000717800000| PB 0x0000000717800000| Untracked 
| 156|0x0000000717a00000, 0x0000000717a00000, 0x0000000717c00000|  0%| F|  |TAMS 0x0000000717a00000| PB 0x0000000717a00000| Untracked 
| 157|0x0000000717c00000, 0x0000000717c00000, 0x0000000717e00000|  0%| F|  |TAMS 0x0000000717c00000| PB 0x0000000717c00000| Untracked 
| 158|0x0000000717e00000, 0x0000000717e00000, 0x0000000718000000|  0%| F|  |TAMS 0x0000000717e00000| PB 0x0000000717e00000| Untracked 
| 159|0x0000000718000000, 0x0000000718000000, 0x0000000718200000|  0%| F|  |TAMS 0x0000000718000000| PB 0x0000000718000000| Untracked 
| 160|0x0000000718200000, 0x0000000718200000, 0x0000000718400000|  0%| F|  |TAMS 0x0000000718200000| PB 0x0000000718200000| Untracked 
| 161|0x0000000718400000, 0x0000000718400000, 0x0000000718600000|  0%| F|  |TAMS 0x0000000718400000| PB 0x0000000718400000| Untracked 
| 162|0x0000000718600000, 0x00000007187dde40, 0x0000000718800000| 93%| E|  |TAMS 0x0000000718600000| PB 0x0000000718600000| Complete 
| 163|0x0000000718800000, 0x0000000718a00000, 0x0000000718a00000|100%| E|CS|TAMS 0x0000000718800000| PB 0x0000000718800000| Complete 
| 164|0x0000000718a00000, 0x0000000718c00000, 0x0000000718c00000|100%| E|CS|TAMS 0x0000000718a00000| PB 0x0000000718a00000| Complete 
| 165|0x0000000718c00000, 0x0000000718e00000, 0x0000000718e00000|100%| E|CS|TAMS 0x0000000718c00000| PB 0x0000000718c00000| Complete 
| 166|0x0000000718e00000, 0x0000000719000000, 0x0000000719000000|100%| E|CS|TAMS 0x0000000718e00000| PB 0x0000000718e00000| Complete 
| 167|0x0000000719000000, 0x0000000719200000, 0x0000000719200000|100%| E|CS|TAMS 0x0000000719000000| PB 0x0000000719000000| Complete 
| 168|0x0000000719200000, 0x0000000719400000, 0x0000000719400000|100%| E|CS|TAMS 0x0000000719200000| PB 0x0000000719200000| Complete 
| 169|0x0000000719400000, 0x0000000719600000, 0x0000000719600000|100%| E|CS|TAMS 0x0000000719400000| PB 0x0000000719400000| Complete 

Card table byte_map: [0x0000016b5cd00000,0x0000016b5d4e0000] _byte_map_base: 0x0000016b594df000

Marking Bits: (CMBitMap*) 0x0000016b44dbe7b0
 Bits: [0x0000016b5d4e0000, 0x0000016b613d8000)

Polling page: 0x0000016b42ce0000

Metaspace:

Usage:
  Non-class:     51.67 MB used.
      Class:      6.34 MB used.
       Both:     58.01 MB used.

Virtual space:
  Non-class space:       64.00 MB reserved,      52.25 MB ( 82%) committed,  1 nodes.
      Class space:        1.00 GB reserved,       6.69 MB ( <1%) committed,  1 nodes.
             Both:        1.06 GB reserved,      58.94 MB (  5%) committed. 

Chunk freelists:
   Non-Class:  11.47 MB
       Class:  9.12 MB
        Both:  20.59 MB

MaxMetaspaceSize: unlimited
CompressedClassSpaceSize: 1.00 GB
Initial GC threshold: 21.00 MB
Current GC threshold: 89.50 MB
CDS: on
 - commit_granule_bytes: 65536.
 - commit_granule_words: 8192.
 - virtual_space_node_default_size: 8388608.
 - enlarge_chunks_in_place: 1.
 - use_allocation_guard: 0.


Internal statistics:

num_allocs_failed_limit: 18.
num_arena_births: 1168.
num_arena_deaths: 0.
num_vsnodes_births: 2.
num_vsnodes_deaths: 0.
num_space_committed: 942.
num_space_uncommitted: 0.
num_chunks_returned_to_freelist: 18.
num_chunks_taken_from_freelist: 3096.
num_chunk_merges: 18.
num_chunk_splits: 2090.
num_chunks_enlarged: 1376.
num_inconsistent_stats: 0.

CodeHeap 'non-profiled nmethods': size=120000Kb used=6075Kb max_used=6075Kb free=113924Kb
 bounds [0x0000016b54cb0000, 0x0000016b552a0000, 0x0000016b5c1e0000]
CodeHeap 'profiled nmethods': size=120000Kb used=15816Kb max_used=15816Kb free=104183Kb
 bounds [0x0000016b4d1e0000, 0x0000016b4e160000, 0x0000016b54710000]
CodeHeap 'non-nmethods': size=5760Kb used=1834Kb max_used=1875Kb free=3925Kb
 bounds [0x0000016b54710000, 0x0000016b54980000, 0x0000016b54cb0000]
 total_blobs=7821 nmethods=7137 adapters=587
 compilation: enabled
              stopped_count=0, restarted_count=0
 full_count=0

Compilation events (20 events):
Event: 533.350 Thread 0x0000016b63e135b0 nmethod 7857 0x0000016b55299110 code [0x0000016b552992c0, 0x0000016b55299640]
Event: 533.350 Thread 0x0000016b63e135b0 7858       4       java.util.HashMap::values (25 bytes)
Event: 533.352 Thread 0x0000016b63e135b0 nmethod 7858 0x0000016b55299890 code [0x0000016b55299a20, 0x0000016b55299c08]
Event: 533.367 Thread 0x0000016b63e135b0 7859 % !   4       org.apache.openejb.config.DeploymentLoader::getWebDescriptors @ 66 (417 bytes)
Event: 533.383 Thread 0x0000016b63e135b0 nmethod 7859% 0x0000016b55299d10 code [0x0000016b55299f60, 0x0000016b5529afb8]
Event: 533.536 Thread 0x0000016b63e135b0 7860       4       java.lang.StackTraceElement::of (39 bytes)
Event: 533.541 Thread 0x0000016b63e20790 7862   !   3       java.util.ServiceLoader$LazyClassPathLookupIterator::nextProviderClass (248 bytes)
Event: 533.545 Thread 0x0000016b63e20790 nmethod 7862 0x0000016b4e14cf90 code [0x0000016b4e14d540, 0x0000016b4e14fe90]
Event: 533.553 Thread 0x0000016b63e135b0 nmethod 7860 0x0000016b5529c010 code [0x0000016b5529c200, 0x0000016b5529cc68]
Event: 533.554 Thread 0x0000016b63e135b0 7861       4       java.lang.StackTraceElement::of (30 bytes)
Event: 533.556 Thread 0x0000016b63e20790 7864       3       java.util.Objects::toString (13 bytes)
Event: 533.556 Thread 0x0000016b63e20790 nmethod 7864 0x0000016b4e150e10 code [0x0000016b4e150fc0, 0x0000016b4e1511e0]
Event: 533.565 Thread 0x0000016b63e135b0 nmethod 7861 0x0000016b5529d190 code [0x0000016b5529d360, 0x0000016b5529da50]
Event: 533.565 Thread 0x0000016b63e135b0 7865   !   4       org.apache.openejb.log.LoggerCreator$Get::levels (47 bytes)
Event: 533.569 Thread 0x0000016b63e135b0 nmethod 7865 0x0000016b5529dd90 code [0x0000016b5529df60, 0x0000016b5529e160]
Event: 533.578 Thread 0x0000016b63e20790 7866  s    3       org.apache.catalina.core.StandardWrapper::backgroundProcess (38 bytes)
Event: 533.578 Thread 0x0000016b63e135b0 7867       4       java.lang.StringBuilder::append (9 bytes)
Event: 533.579 Thread 0x0000016b63e20790 nmethod 7866 0x0000016b4e151290 code [0x0000016b4e1514a0, 0x0000016b4e151c08]
Event: 533.585 Thread 0x0000016b63e135b0 nmethod 7867 0x0000016b5529e390 code [0x0000016b5529e580, 0x0000016b5529eb70]
Event: 543.587 Thread 0x0000016b63e135b0 7868       4       jdk.internal.loader.BuiltinClassLoader::findResources (182 bytes)

GC Heap History (20 events):
Event: 165.743 GC heap before
{Heap before GC invocations=55 (full 12):
 garbage-first heap   total 348160K, used 295222K [0x0000000704200000, 0x0000000800000000)
  region size 2048K, 102 young (208896K), 6 survivors (12288K)
 Metaspace       used 58591K, committed 59392K, reserved 1114112K
  class space    used 6377K, committed 6720K, reserved 1048576K
}
Event: 165.749 GC heap after
{Heap after GC invocations=56 (full 12):
 garbage-first heap   total 348160K, used 99084K [0x0000000704200000, 0x0000000800000000)
  region size 2048K, 6 young (12288K), 6 survivors (12288K)
 Metaspace       used 58591K, committed 59392K, reserved 1114112K
  class space    used 6377K, committed 6720K, reserved 1048576K
}
Event: 206.469 GC heap before
{Heap before GC invocations=56 (full 12):
 garbage-first heap   total 348160K, used 295692K [0x0000000704200000, 0x0000000800000000)
  region size 2048K, 102 young (208896K), 6 survivors (12288K)
 Metaspace       used 58677K, committed 59456K, reserved 1114112K
  class space    used 6389K, committed 6720K, reserved 1048576K
}
Event: 206.475 GC heap after
{Heap after GC invocations=57 (full 12):
 garbage-first heap   total 348160K, used 99094K [0x0000000704200000, 0x0000000800000000)
  region size 2048K, 6 young (12288K), 6 survivors (12288K)
 Metaspace       used 58677K, committed 59456K, reserved 1114112K
  class space    used 6389K, committed 6720K, reserved 1048576K
}
Event: 247.357 GC heap before
{Heap before GC invocations=57 (full 12):
 garbage-first heap   total 348160K, used 295702K [0x0000000704200000, 0x0000000800000000)
  region size 2048K, 102 young (208896K), 6 survivors (12288K)
 Metaspace       used 58851K, committed 59776K, reserved 1114112K
  class space    used 6406K, committed 6784K, reserved 1048576K
}
Event: 247.364 GC heap after
{Heap after GC invocations=58 (full 12):
 garbage-first heap   total 348160K, used 99345K [0x0000000704200000, 0x0000000800000000)
  region size 2048K, 6 young (12288K), 6 survivors (12288K)
 Metaspace       used 58851K, committed 59776K, reserved 1114112K
  class space    used 6406K, committed 6784K, reserved 1048576K
}
Event: 288.173 GC heap before
{Heap before GC invocations=58 (full 12):
 garbage-first heap   total 348160K, used 295953K [0x0000000704200000, 0x0000000800000000)
  region size 2048K, 102 young (208896K), 6 survivors (12288K)
 Metaspace       used 58931K, committed 59840K, reserved 1114112K
  class space    used 6417K, committed 6784K, reserved 1048576K
}
Event: 288.179 GC heap after
{Heap after GC invocations=59 (full 12):
 garbage-first heap   total 348160K, used 99836K [0x0000000704200000, 0x0000000800000000)
  region size 2048K, 6 young (12288K), 6 survivors (12288K)
 Metaspace       used 58931K, committed 59840K, reserved 1114112K
  class space    used 6417K, committed 6784K, reserved 1048576K
}
Event: 329.212 GC heap before
{Heap before GC invocations=59 (full 12):
 garbage-first heap   total 348160K, used 296444K [0x0000000704200000, 0x0000000800000000)
  region size 2048K, 102 young (208896K), 6 survivors (12288K)
 Metaspace       used 59004K, committed 59904K, reserved 1114112K
  class space    used 6428K, committed 6784K, reserved 1048576K
}
Event: 329.216 GC heap after
{Heap after GC invocations=60 (full 12):
 garbage-first heap   total 348160K, used 99625K [0x0000000704200000, 0x0000000800000000)
  region size 2048K, 6 young (12288K), 6 survivors (12288K)
 Metaspace       used 59004K, committed 59904K, reserved 1114112K
  class space    used 6428K, committed 6784K, reserved 1048576K
}
Event: 370.091 GC heap before
{Heap before GC invocations=60 (full 12):
 garbage-first heap   total 348160K, used 296233K [0x0000000704200000, 0x0000000800000000)
  region size 2048K, 102 young (208896K), 6 survivors (12288K)
 Metaspace       used 59068K, committed 59904K, reserved 1114112K
  class space    used 6440K, committed 6784K, reserved 1048576K
}
Event: 370.097 GC heap after
{Heap after GC invocations=61 (full 12):
 garbage-first heap   total 348160K, used 99879K [0x0000000704200000, 0x0000000800000000)
  region size 2048K, 6 young (12288K), 6 survivors (12288K)
 Metaspace       used 59068K, committed 59904K, reserved 1114112K
  class space    used 6440K, committed 6784K, reserved 1048576K
}
Event: 411.023 GC heap before
{Heap before GC invocations=61 (full 12):
 garbage-first heap   total 348160K, used 296487K [0x0000000704200000, 0x0000000800000000)
  region size 2048K, 102 young (208896K), 6 survivors (12288K)
 Metaspace       used 59140K, committed 60096K, reserved 1114112K
  class space    used 6451K, committed 6848K, reserved 1048576K
}
Event: 411.029 GC heap after
{Heap after GC invocations=62 (full 12):
 garbage-first heap   total 348160K, used 99730K [0x0000000704200000, 0x0000000800000000)
  region size 2048K, 6 young (12288K), 6 survivors (12288K)
 Metaspace       used 59140K, committed 60096K, reserved 1114112K
  class space    used 6451K, committed 6848K, reserved 1048576K
}
Event: 451.926 GC heap before
{Heap before GC invocations=62 (full 12):
 garbage-first heap   total 348160K, used 296338K [0x0000000704200000, 0x0000000800000000)
  region size 2048K, 102 young (208896K), 6 survivors (12288K)
 Metaspace       used 59230K, committed 60224K, reserved 1114112K
  class space    used 6462K, committed 6848K, reserved 1048576K
}
Event: 451.933 GC heap after
{Heap after GC invocations=63 (full 12):
 garbage-first heap   total 348160K, used 99950K [0x0000000704200000, 0x0000000800000000)
  region size 2048K, 6 young (12288K), 6 survivors (12288K)
 Metaspace       used 59230K, committed 60224K, reserved 1114112K
  class space    used 6462K, committed 6848K, reserved 1048576K
}
Event: 492.693 GC heap before
{Heap before GC invocations=63 (full 12):
 garbage-first heap   total 348160K, used 296558K [0x0000000704200000, 0x0000000800000000)
  region size 2048K, 102 young (208896K), 6 survivors (12288K)
 Metaspace       used 59296K, committed 60288K, reserved 1114112K
  class space    used 6473K, committed 6848K, reserved 1048576K
}
Event: 492.700 GC heap after
{Heap after GC invocations=64 (full 12):
 garbage-first heap   total 348160K, used 100699K [0x0000000704200000, 0x0000000800000000)
  region size 2048K, 7 young (14336K), 7 survivors (14336K)
 Metaspace       used 59296K, committed 60288K, reserved 1114112K
  class space    used 6473K, committed 6848K, reserved 1048576K
}
Event: 533.491 GC heap before
{Heap before GC invocations=64 (full 12):
 garbage-first heap   total 348160K, used 295259K [0x0000000704200000, 0x0000000800000000)
  region size 2048K, 102 young (208896K), 7 survivors (14336K)
 Metaspace       used 59384K, committed 60352K, reserved 1114112K
  class space    used 6485K, committed 6848K, reserved 1048576K
}
Event: 533.497 GC heap after
{Heap after GC invocations=65 (full 12):
 garbage-first heap   total 348160K, used 100712K [0x0000000704200000, 0x0000000800000000)
  region size 2048K, 5 young (10240K), 5 survivors (10240K)
 Metaspace       used 59384K, committed 60352K, reserved 1114112K
  class space    used 6485K, committed 6848K, reserved 1048576K
}

Dll operation events (14 events):
Event: 0.006 Loaded shared library D:\java\jdk21\bin\java.dll
Event: 0.038 Loaded shared library D:\java\jdk21\bin\jsvml.dll
Event: 0.083 Loaded shared library D:\java\jdk21\bin\zip.dll
Event: 0.088 Loaded shared library D:\java\jdk21\bin\instrument.dll
Event: 0.094 Loaded shared library D:\java\jdk21\bin\net.dll
Event: 0.096 Loaded shared library D:\java\jdk21\bin\nio.dll
Event: 0.098 Loaded shared library D:\java\jdk21\bin\zip.dll
Event: 0.164 Loaded shared library D:\java\jdk21\bin\jimage.dll
Event: 0.253 Loaded shared library D:\java\jdk21\bin\management_agent.dll
Event: 0.255 Loaded shared library D:\java\jdk21\bin\management.dll
Event: 0.268 Loaded shared library D:\java\jdk21\bin\management_ext.dll
Event: 0.636 Loaded shared library D:\java\jdk21\bin\extnet.dll
Event: 1.949 Loaded shared library D:\java\jdk21\bin\verify.dll
Event: 2.137 Loaded shared library D:\java\jdk21\bin\sunmscapi.dll

Deoptimization events (20 events):
Event: 247.475 Thread 0x0000016b69938bb0 Uncommon trap: trap_request=0xffffffd6 fr.pc=0x0000016b5523dbe4 relative=0x0000000000000484
Event: 247.475 Thread 0x0000016b69938bb0 Uncommon trap: reason=array_check action=maybe_recompile pc=0x0000016b5523dbe4 method=java.util.LinkedHashMap.valuesToArray([Ljava/lang/Object;Z)[Ljava/lang/Object; @ 67 c2
Event: 247.475 Thread 0x0000016b69938bb0 DEOPT PACKING pc=0x0000016b5523dbe4 sp=0x00000067161fddf0
Event: 247.475 Thread 0x0000016b69938bb0 DEOPT UNPACKING pc=0x0000016b54767da2 sp=0x00000067161fdd28 mode 2
Event: 247.475 Thread 0x0000016b69938bb0 Uncommon trap: trap_request=0xffffffd6 fr.pc=0x0000016b5523dbe4 relative=0x0000000000000484
Event: 247.475 Thread 0x0000016b69938bb0 Uncommon trap: reason=array_check action=maybe_recompile pc=0x0000016b5523dbe4 method=java.util.LinkedHashMap.valuesToArray([Ljava/lang/Object;Z)[Ljava/lang/Object; @ 67 c2
Event: 247.475 Thread 0x0000016b69938bb0 DEOPT PACKING pc=0x0000016b5523dbe4 sp=0x00000067161fddf0
Event: 247.475 Thread 0x0000016b69938bb0 DEOPT UNPACKING pc=0x0000016b54767da2 sp=0x00000067161fdd28 mode 2
Event: 257.512 Thread 0x0000016b69938bb0 Uncommon trap: trap_request=0xffffffd6 fr.pc=0x0000016b5523e58c relative=0x00000000000003cc
Event: 257.512 Thread 0x0000016b69938bb0 Uncommon trap: reason=array_check action=maybe_recompile pc=0x0000016b5523e58c method=java.util.LinkedHashMap.valuesToArray([Ljava/lang/Object;Z)[Ljava/lang/Object; @ 67 c2
Event: 257.512 Thread 0x0000016b69938bb0 DEOPT PACKING pc=0x0000016b5523e58c sp=0x00000067161febc0
Event: 257.512 Thread 0x0000016b69938bb0 DEOPT UNPACKING pc=0x0000016b54767da2 sp=0x00000067161feb60 mode 2
Event: 278.070 Thread 0x0000016b69935730 DEOPT PACKING pc=0x0000016b4dae87c5 sp=0x00000067160fe940
Event: 278.070 Thread 0x0000016b69935730 DEOPT UNPACKING pc=0x0000016b547688e2 sp=0x00000067160fde00 mode 0
Event: 410.915 Thread 0x0000016b69938bb0 DEOPT PACKING pc=0x0000016b4df76c26 sp=0x00000067161fe270
Event: 410.915 Thread 0x0000016b69938bb0 DEOPT UNPACKING pc=0x0000016b547688e2 sp=0x00000067161fd838 mode 0
Event: 472.256 Thread 0x0000016b69938bb0 DEOPT PACKING pc=0x0000016b4de9510e sp=0x00000067161fe100
Event: 472.256 Thread 0x0000016b69938bb0 DEOPT UNPACKING pc=0x0000016b547688e2 sp=0x00000067161fd608 mode 0
Event: 482.432 Thread 0x0000016b69935730 DEOPT PACKING pc=0x0000016b4ddbcab9 sp=0x00000067160fe5f0
Event: 482.432 Thread 0x0000016b69935730 DEOPT UNPACKING pc=0x0000016b547688e2 sp=0x00000067160fdb08 mode 0

Classes loaded (20 events):
Event: 10.967 Loading class java/lang/AbstractMethodError
Event: 10.967 Loading class java/lang/AbstractMethodError done
Event: 11.042 Loading class sun/util/ResourceBundleEnumeration
Event: 11.042 Loading class sun/util/ResourceBundleEnumeration done
Event: 11.239 Loading class java/lang/NegativeArraySizeException
Event: 11.239 Loading class java/lang/NegativeArraySizeException done
Event: 11.300 Loading class java/util/stream/ReferencePipeline$4
Event: 11.300 Loading class java/util/stream/ReferencePipeline$4 done
Event: 11.301 Loading class java/util/stream/Nodes$IntFixedNodeBuilder
Event: 11.301 Loading class java/util/stream/Node$Builder$OfInt
Event: 11.301 Loading class java/util/stream/Node$Builder$OfInt done
Event: 11.301 Loading class java/util/stream/Nodes$IntArrayNode
Event: 11.301 Loading class java/util/stream/Nodes$IntArrayNode done
Event: 11.301 Loading class java/util/stream/Nodes$IntFixedNodeBuilder done
Event: 11.301 Loading class java/util/stream/ReferencePipeline$4$1
Event: 11.301 Loading class java/util/stream/ReferencePipeline$4$1 done
Event: 11.399 Loading class java/util/Hashtable$ValueCollection
Event: 11.399 Loading class java/util/Hashtable$ValueCollection done
Event: 11.408 Loading class java/io/WriteAbortedException
Event: 11.408 Loading class java/io/WriteAbortedException done

Classes unloaded (0 events):
No events

Classes redefined (0 events):
No events

Internal exceptions (20 events):
Event: 441.586 Thread 0x0000016b69938bb0 Exception <a 'java/io/FileNotFoundException'{0x00000007122e91b8}> (0x00000007122e91b8) 
thrown [s\open\src\hotspot\share\prims\jni.cpp, line 520]
Event: 441.747 Thread 0x0000016b69938bb0 Exception <a 'java/io/FileNotFoundException'{0x000000070f75a3e0}> (0x000000070f75a3e0) 
thrown [s\open\src\hotspot\share\prims\jni.cpp, line 520]
Event: 451.806 Thread 0x0000016b69935730 Exception <a 'java/io/FileNotFoundException'{0x00000007183ca2a8}> (0x00000007183ca2a8) 
thrown [s\open\src\hotspot\share\prims\jni.cpp, line 520]
Event: 452.008 Thread 0x0000016b69935730 Exception <a 'java/io/FileNotFoundException'{0x0000000718639bf8}> (0x0000000718639bf8) 
thrown [s\open\src\hotspot\share\prims\jni.cpp, line 520]
Event: 462.069 Thread 0x0000016b69935730 Exception <a 'java/io/FileNotFoundException'{0x00000007184cdeb0}> (0x00000007184cdeb0) 
thrown [s\open\src\hotspot\share\prims\jni.cpp, line 520]
Event: 462.198 Thread 0x0000016b69935730 Exception <a 'java/io/FileNotFoundException'{0x0000000715707c68}> (0x0000000715707c68) 
thrown [s\open\src\hotspot\share\prims\jni.cpp, line 520]
Event: 472.250 Thread 0x0000016b69938bb0 Exception <a 'java/io/FileNotFoundException'{0x00000007185caaa8}> (0x00000007185caaa8) 
thrown [s\open\src\hotspot\share\prims\jni.cpp, line 520]
Event: 472.376 Thread 0x0000016b69938bb0 Exception <a 'java/io/FileNotFoundException'{0x0000000712940020}> (0x0000000712940020) 
thrown [s\open\src\hotspot\share\prims\jni.cpp, line 520]
Event: 482.422 Thread 0x0000016b69935730 Exception <a 'java/io/FileNotFoundException'{0x00000007124a4b40}> (0x00000007124a4b40) 
thrown [s\open\src\hotspot\share\prims\jni.cpp, line 520]
Event: 482.568 Thread 0x0000016b69935730 Exception <a 'java/io/FileNotFoundException'{0x000000070f907a10}> (0x000000070f907a10) 
thrown [s\open\src\hotspot\share\prims\jni.cpp, line 520]
Event: 492.615 Thread 0x0000016b69938bb0 Exception <a 'java/io/FileNotFoundException'{0x00000007127ce5c0}> (0x00000007127ce5c0) 
thrown [s\open\src\hotspot\share\prims\jni.cpp, line 520]
Event: 492.727 Thread 0x0000016b69938bb0 Exception <a 'java/io/FileNotFoundException'{0x0000000718b4aa48}> (0x0000000718b4aa48) 
thrown [s\open\src\hotspot\share\prims\jni.cpp, line 520]
Event: 502.780 Thread 0x0000016b69938bb0 Exception <a 'java/io/FileNotFoundException'{0x00000007189dccb8}> (0x00000007189dccb8) 
thrown [s\open\src\hotspot\share\prims\jni.cpp, line 520]
Event: 502.919 Thread 0x0000016b69938bb0 Exception <a 'java/io/FileNotFoundException'{0x00000007158398c0}> (0x00000007158398c0) 
thrown [s\open\src\hotspot\share\prims\jni.cpp, line 520]
Event: 512.980 Thread 0x0000016b69935730 Exception <a 'java/io/FileNotFoundException'{0x00000007186c7850}> (0x00000007186c7850) 
thrown [s\open\src\hotspot\share\prims\jni.cpp, line 520]
Event: 513.081 Thread 0x0000016b69935730 Exception <a 'java/io/FileNotFoundException'{0x0000000712b24ca8}> (0x0000000712b24ca8) 
thrown [s\open\src\hotspot\share\prims\jni.cpp, line 520]
Event: 523.157 Thread 0x0000016b69935730 Exception <a 'java/io/FileNotFoundException'{0x00000007129c28d8}> (0x00000007129c28d8) 
thrown [s\open\src\hotspot\share\prims\jni.cpp, line 520]
Event: 523.296 Thread 0x0000016b69935730 Exception <a 'java/io/FileNotFoundException'{0x000000070fa19f88}> (0x000000070fa19f88) 
thrown [s\open\src\hotspot\share\prims\jni.cpp, line 520]
Event: 533.353 Thread 0x0000016b69935730 Exception <a 'java/io/FileNotFoundException'{0x000000070f8b84e8}> (0x000000070f8b84e8) 
thrown [s\open\src\hotspot\share\prims\jni.cpp, line 520]
Event: 533.537 Thread 0x0000016b69935730 Exception <a 'java/io/FileNotFoundException'{0x0000000718b13f28}> (0x0000000718b13f28) 
thrown [s\open\src\hotspot\share\prims\jni.cpp, line 520]

ZGC Phase Switch (0 events):
No events

VM Operations (20 events):
Event: 481.042 Executing VM operation: HandshakeAllThreads (HandshakeForDeflation)
Event: 481.042 Executing VM operation: HandshakeAllThreads (HandshakeForDeflation) done
Event: 481.042 Executing VM operation: RendezvousGCThreads
Event: 481.042 Executing VM operation: RendezvousGCThreads done
Event: 483.050 Executing VM operation: Cleanup
Event: 483.050 Executing VM operation: Cleanup done
Event: 492.693 Executing VM operation: G1CollectForAllocation (G1 Evacuation Pause)
Event: 492.700 Executing VM operation: G1CollectForAllocation (G1 Evacuation Pause) done
Event: 494.715 Executing VM operation: Cleanup
Event: 494.715 Executing VM operation: Cleanup done
Event: 523.943 Executing VM operation: Cleanup
Event: 523.943 Executing VM operation: Cleanup done
Event: 533.491 Executing VM operation: G1CollectForAllocation (G1 Evacuation Pause)
Event: 533.497 Executing VM operation: G1CollectForAllocation (G1 Evacuation Pause) done
Event: 534.502 Executing VM operation: Cleanup
Event: 534.502 Executing VM operation: Cleanup done
Event: 541.149 Executing VM operation: HandshakeAllThreads (HandshakeForDeflation)
Event: 541.149 Executing VM operation: HandshakeAllThreads (HandshakeForDeflation) done
Event: 541.149 Executing VM operation: RendezvousGCThreads
Event: 541.149 Executing VM operation: RendezvousGCThreads done

Events (20 events):
Event: 339.348 Thread 0x0000016b6c047420 Thread added: 0x0000016b6c047420
Event: 339.349 Thread 0x0000016b6c046700 Thread added: 0x0000016b6c046700
Event: 339.349 Thread 0x0000016b6c047420 Thread exited: 0x0000016b6c047420
Event: 339.349 Thread 0x0000016b6c046700 Thread exited: 0x0000016b6c046700
Event: 380.241 Thread 0x0000016b6c043280 Thread added: 0x0000016b6c043280
Event: 380.241 Thread 0x0000016b6c048e60 Thread added: 0x0000016b6c048e60
Event: 380.241 Thread 0x0000016b6c043280 Thread exited: 0x0000016b6c043280
Event: 380.241 Thread 0x0000016b6c048e60 Thread exited: 0x0000016b6c048e60
Event: 421.182 Thread 0x0000016b6c041ed0 Thread added: 0x0000016b6c041ed0
Event: 421.183 Thread 0x0000016b6c048e60 Thread added: 0x0000016b6c048e60
Event: 421.183 Thread 0x0000016b6c041ed0 Thread exited: 0x0000016b6c041ed0
Event: 421.184 Thread 0x0000016b6c048e60 Thread exited: 0x0000016b6c048e60
Event: 462.066 Thread 0x0000016b6c046d90 Thread added: 0x0000016b6c046d90
Event: 462.066 Thread 0x0000016b6c048140 Thread added: 0x0000016b6c048140
Event: 462.066 Thread 0x0000016b6c046d90 Thread exited: 0x0000016b6c046d90
Event: 462.067 Thread 0x0000016b6c048140 Thread exited: 0x0000016b6c048140
Event: 502.773 Thread 0x0000016b6c043910 Thread added: 0x0000016b6c043910
Event: 502.774 Thread 0x0000016b6c048140 Thread added: 0x0000016b6c048140
Event: 502.774 Thread 0x0000016b6c043910 Thread exited: 0x0000016b6c043910
Event: 502.774 Thread 0x0000016b6c048140 Thread exited: 0x0000016b6c048140


Dynamic libraries:
0x00007ff601470000 - 0x00007ff601480000 	D:\java\jdk21\bin\java.exe
0x00007ffc63930000 - 0x00007ffc63b28000 	C:\WINDOWS\SYSTEM32\ntdll.dll
0x00007ffc61d40000 - 0x00007ffc61e02000 	C:\WINDOWS\System32\KERNEL32.DLL
0x00007ffc61480000 - 0x00007ffc6177f000 	C:\WINDOWS\System32\KERNELBASE.dll
0x00007ffc61330000 - 0x00007ffc61430000 	C:\WINDOWS\System32\ucrtbase.dll
0x00007ffc5ac10000 - 0x00007ffc5ac2b000 	D:\java\jdk21\bin\VCRUNTIME140.dll
0x00007ffc5ac50000 - 0x00007ffc5ac69000 	D:\java\jdk21\bin\jli.dll
0x00007ffc62c40000 - 0x00007ffc62cef000 	C:\WINDOWS\System32\ADVAPI32.dll
0x00007ffc63060000 - 0x00007ffc630fe000 	C:\WINDOWS\System32\msvcrt.dll
0x00007ffc61e10000 - 0x00007ffc61eaf000 	C:\WINDOWS\System32\sechost.dll
0x00007ffc62560000 - 0x00007ffc62683000 	C:\WINDOWS\System32\RPCRT4.dll
0x00007ffc61270000 - 0x00007ffc61297000 	C:\WINDOWS\System32\bcrypt.dll
0x00007ffc62350000 - 0x00007ffc624ed000 	C:\WINDOWS\System32\USER32.dll
0x00007ffc60fd0000 - 0x00007ffc60ff2000 	C:\WINDOWS\System32\win32u.dll
0x00007ffc62810000 - 0x00007ffc6283b000 	C:\WINDOWS\System32\GDI32.dll
0x00007ffc61780000 - 0x00007ffc6189a000 	C:\WINDOWS\System32\gdi32full.dll
0x00007ffc611d0000 - 0x00007ffc6126d000 	C:\WINDOWS\System32\msvcp_win.dll
0x00007ffc4ece0000 - 0x00007ffc4ef7a000 	C:\WINDOWS\WinSxS\amd64_microsoft.windows.common-controls_6595b64144ccf1df_6.0.19041.4355_none_60b8b9eb71f62e16\COMCTL32.dll
0x00007ffc59be0000 - 0x00007ffc59bea000 	C:\WINDOWS\SYSTEM32\VERSION.dll
0x00007ffc61cb0000 - 0x00007ffc61cdf000 	C:\WINDOWS\System32\IMM32.DLL
0x00007ffc5e220000 - 0x00007ffc5e22c000 	D:\java\jdk21\bin\vcruntime140_1.dll
0x00007ffc466b0000 - 0x00007ffc4673e000 	D:\java\jdk21\bin\msvcp140.dll
0x00007ffbc26f0000 - 0x00007ffbc340a000 	D:\java\jdk21\bin\server\jvm.dll
0x00007ffc624f0000 - 0x00007ffc6255b000 	C:\WINDOWS\System32\WS2_32.dll
0x00007ffc60510000 - 0x00007ffc6055b000 	C:\WINDOWS\SYSTEM32\POWRPROF.dll
0x00007ffc54f90000 - 0x00007ffc54fb7000 	C:\WINDOWS\SYSTEM32\WINMM.dll
0x00007ffc603d0000 - 0x00007ffc603e2000 	C:\WINDOWS\SYSTEM32\UMPDC.dll
0x00007ffc5f7f0000 - 0x00007ffc5f802000 	C:\WINDOWS\SYSTEM32\kernel.appcore.dll
0x00007ffc5ac00000 - 0x00007ffc5ac0a000 	D:\java\jdk21\bin\jimage.dll
0x00007ffc5f4f0000 - 0x00007ffc5f6d4000 	C:\WINDOWS\SYSTEM32\DBGHELP.DLL
0x00007ffc40280000 - 0x00007ffc402b4000 	C:\WINDOWS\SYSTEM32\dbgcore.DLL
0x00007ffc612a0000 - 0x00007ffc61322000 	C:\WINDOWS\System32\bcryptPrimitives.dll
0x00007ffc584e0000 - 0x00007ffc584ef000 	D:\java\jdk21\bin\instrument.dll
0x00007ffc46690000 - 0x00007ffc466af000 	D:\java\jdk21\bin\java.dll
0x00007ffc63180000 - 0x00007ffc638ed000 	C:\WINDOWS\System32\SHELL32.dll
0x00007ffc5ec70000 - 0x00007ffc5f414000 	C:\WINDOWS\SYSTEM32\windows.storage.dll
0x00007ffc61950000 - 0x00007ffc61ca5000 	C:\WINDOWS\System32\combase.dll
0x00007ffc60a00000 - 0x00007ffc60a2b000 	C:\WINDOWS\SYSTEM32\Wldp.dll
0x00007ffc62b70000 - 0x00007ffc62c3d000 	C:\WINDOWS\System32\OLEAUT32.dll
0x00007ffc62700000 - 0x00007ffc627ad000 	C:\WINDOWS\System32\SHCORE.dll
0x00007ffc62f40000 - 0x00007ffc62f95000 	C:\WINDOWS\System32\shlwapi.dll
0x00007ffc60f00000 - 0x00007ffc60f25000 	C:\WINDOWS\SYSTEM32\profapi.dll
0x00007ffc419a0000 - 0x00007ffc41a77000 	D:\java\jdk21\bin\jsvml.dll
0x00007ffc46650000 - 0x00007ffc46668000 	D:\java\jdk21\bin\zip.dll
0x00007ffc58820000 - 0x00007ffc58830000 	D:\java\jdk21\bin\net.dll
0x00007ffc5dfd0000 - 0x00007ffc5e0da000 	C:\WINDOWS\SYSTEM32\WINHTTP.dll
0x00007ffc60760000 - 0x00007ffc607cc000 	C:\WINDOWS\system32\mswsock.dll
0x00007ffc46670000 - 0x00007ffc46686000 	D:\java\jdk21\bin\nio.dll
0x00007ffc46640000 - 0x00007ffc46649000 	D:\java\jdk21\bin\management_agent.dll
0x00007ffc46630000 - 0x00007ffc4663a000 	D:\java\jdk21\bin\management.dll
0x00007ffc46620000 - 0x00007ffc4662b000 	D:\java\jdk21\bin\management_ext.dll
0x00007ffc626f0000 - 0x00007ffc626f8000 	C:\WINDOWS\System32\PSAPI.DLL
0x00007ffc5d9c0000 - 0x00007ffc5d9d7000 	C:\WINDOWS\system32\napinsp.dll
0x00007ffc58260000 - 0x00007ffc5827b000 	C:\WINDOWS\system32\pnrpnsp.dll
0x00007ffc31440000 - 0x00007ffc31455000 	C:\WINDOWS\system32\wshbth.dll
0x00007ffc5dfa0000 - 0x00007ffc5dfbd000 	C:\WINDOWS\system32\NLAapi.dll
0x00007ffc603f0000 - 0x00007ffc6042b000 	C:\WINDOWS\SYSTEM32\IPHLPAPI.DLL
0x00007ffc60430000 - 0x00007ffc604fa000 	C:\WINDOWS\SYSTEM32\DNSAPI.dll
0x00007ffc62fa0000 - 0x00007ffc62fa8000 	C:\WINDOWS\System32\NSI.dll
0x00007ffc56fc0000 - 0x00007ffc56fd2000 	C:\WINDOWS\System32\winrnr.dll
0x00007ffc5c650000 - 0x00007ffc5c65a000 	C:\Windows\System32\rasadhlp.dll
0x00007ffc59c10000 - 0x00007ffc59c90000 	C:\WINDOWS\System32\fwpuclnt.dll
0x00007ffc60950000 - 0x00007ffc60968000 	C:\WINDOWS\SYSTEM32\CRYPTSP.dll
0x00007ffc60010000 - 0x00007ffc60048000 	C:\WINDOWS\system32\rsaenh.dll
0x00007ffc60e80000 - 0x00007ffc60eae000 	C:\WINDOWS\SYSTEM32\USERENV.dll
0x00007ffc60970000 - 0x00007ffc6097c000 	C:\WINDOWS\SYSTEM32\CRYPTBASE.dll
0x00007ffc56fb0000 - 0x00007ffc56fb9000 	D:\java\jdk21\bin\extnet.dll
0x00007ffc46600000 - 0x00007ffc46610000 	D:\java\jdk21\bin\verify.dll
0x00007ffc46610000 - 0x00007ffc4661e000 	D:\java\jdk21\bin\sunmscapi.dll
0x00007ffc61000000 - 0x00007ffc6115c000 	C:\WINDOWS\System32\CRYPT32.dll
0x00007ffc60a70000 - 0x00007ffc60a97000 	C:\WINDOWS\SYSTEM32\ncrypt.dll
0x00007ffc60a30000 - 0x00007ffc60a6b000 	C:\WINDOWS\SYSTEM32\NTASN1.dll
0x00007ffc36b50000 - 0x00007ffc36b57000 	C:\WINDOWS\system32\wshunix.dll

dbghelp: loaded successfully - version: 4.0.5 - missing functions: none
symbol engine: initialized successfully - sym options: 0x614 - pdb path: .;D:\java\jdk21\bin;C:\WINDOWS\SYSTEM32;C:\WINDOWS\WinSxS\amd64_microsoft.windows.common-controls_6595b64144ccf1df_6.0.19041.4355_none_60b8b9eb71f62e16;D:\java\jdk21\bin\server

VM Arguments:
jvm_args: -Djava.util.logging.config.file=C:\Users\dell\AppData\Local\JetBrains\IntelliJIdea2024.3\tomcat\637303c7-005e-4fa5-a411-b0f41081b1ea\conf\logging.properties -Djava.util.logging.manager=org.apache.juli.ClassLoaderLogManager -javaagent:D:\CODE WEB\page-movie-management\apache-tomee-webprofile-10.0.0\lib\openejb-javaagent.jar -Dcom.sun.management.jmxremote= -Dcom.sun.management.jmxremote.port=1099 -Dcom.sun.management.jmxremote.ssl=false -Dcom.sun.management.jmxremote.password.file=C:\Users\dell\AppData\Local\JetBrains\IntelliJIdea2024.3\tomcat\637303c7-005e-4fa5-a411-b0f41081b1ea\jmxremote.password -Dcom.sun.management.jmxremote.access.file=C:\Users\dell\AppData\Local\JetBrains\IntelliJIdea2024.3\tomcat\637303c7-005e-4fa5-a411-b0f41081b1ea\jmxremote.access -Djava.rmi.server.hostname=127.0.0.1 -Dtomee.serialization.class.whitelist= -Dtomee.serialization.class.blacklist=- -Dtomee.remote.support=true -Dopenejb.system.apps=true -Djdk.tls.ephemeralDHKeySize=2048 -Djava.protocol.handler.pkgs=org.apache.catalina.webresources --add-opens=java.base/java.lang=ALL-UNNAMED --add-opens=java.base/java.io=ALL-UNNAMED --add-opens=java.base/java.util=ALL-UNNAMED --add-opens=java.base/java.util.concurrent=ALL-UNNAMED --add-opens=java.rmi/sun.rmi.transport=ALL-UNNAMED -Dcatalina.base=C:\Users\dell\AppData\Local\JetBrains\IntelliJIdea2024.3\tomcat\637303c7-005e-4fa5-a411-b0f41081b1ea -Dcatalina.home=D:\CODE WEB\page-movie-management\apache-tomee-webprofile-10.0.0 -Djava.io.tmpdir=C:\Users\dell\AppData\Local\JetBrains\IntelliJIdea2024.3\tomcat\637303c7-005e-4fa5-a411-b0f41081b1ea\temp 
java_command: org.apache.catalina.startup.Bootstrap start
java_class_path (initial): D:\CODE WEB\page-movie-management\apache-tomee-webprofile-10.0.0\bin\bootstrap.jar;D:\CODE WEB\page-movie-management\apache-tomee-webprofile-10.0.0\bin\tomcat-juli.jar
Launcher Type: SUN_STANDARD

[Global flags]
     intx CICompilerCount                          = 4                                         {product} {ergonomic}
     uint ConcGCThreads                            = 2                                         {product} {ergonomic}
     uint G1ConcRefinementThreads                  = 8                                         {product} {ergonomic}
   size_t G1HeapRegionSize                         = 2097152                                   {product} {ergonomic}
    uintx GCDrainStackTargetSize                   = 64                                        {product} {ergonomic}
   size_t InitialHeapSize                          = 264241152                                 {product} {ergonomic}
     bool ManagementServer                         = true                                      {product} {command line}
   size_t MarkStackSize                            = 4194304                                   {product} {ergonomic}
   size_t MaxHeapSize                              = 4225761280                                {product} {ergonomic}
   size_t MaxNewSize                               = 2535456768                                {product} {ergonomic}
   size_t MinHeapDeltaBytes                        = 2097152                                   {product} {ergonomic}
   size_t MinHeapSize                              = 8388608                                   {product} {ergonomic}
    uintx NonNMethodCodeHeapSize                   = 5839372                                {pd product} {ergonomic}
    uintx NonProfiledCodeHeapSize                  = 122909434                              {pd product} {ergonomic}
    uintx ProfiledCodeHeapSize                     = 122909434                              {pd product} {ergonomic}
    uintx ReservedCodeCacheSize                    = 251658240                              {pd product} {ergonomic}
     bool SegmentedCodeCache                       = true                                      {product} {ergonomic}
   size_t SoftMaxHeapSize                          = 4225761280                             {manageable} {ergonomic}
     bool UseCompressedOops                        = true                           {product lp64_product} {ergonomic}
     bool UseG1GC                                  = true                                      {product} {ergonomic}
     bool UseLargePagesIndividualAllocation        = false                                  {pd product} {ergonomic}

Logging:
Log output configuration:
 #0: stdout all=warning uptime,level,tags foldmultilines=false
 #1: stderr all=off uptime,level,tags foldmultilines=false

Environment Variables:
JAVA_HOME=D:\java\jdk21
CLASSPATH=D:\CODE WEB\page-movie-management\apache-tomee-webprofile-10.0.0\bin\bootstrap.jar;D:\CODE WEB\page-movie-management\apache-tomee-webprofile-10.0.0\bin\tomcat-juli.jar
PATH=C:\Program Files\Microsoft MPI\Bin\;C:\Program Files\Common Files\Oracle\Java\javapath;C:\WINDOWS\system32;C:\WINDOWS;C:\WINDOWS\System32\Wbem;C:\WINDOWS\System32\WindowsPowerShell\v1.0\;C:\WINDOWS\System32\OpenSSH\;C:\Program Files\Microsoft SQL Server\Client SDK\ODBC\170\Tools\Binn\;D:\Install\bin;D:\Git\cmd;D:\XAMPP\php;C:\ProgramData\ComposerSetup\bin;C:\mingw64\bin;C:\TDM-GCC-32\bin;D:\notejs\;D:\XAMPP\mysql\bin;D:\Maven\bin;D:\Maven\apache-maven-3.9.9\bin;C:\Program Files (x86)\Microsoft SQL Server\160\Tools\Binn\;C:\Program Files\Microsoft SQL Server\160\Tools\Binn\;C:\Program Files\Microsoft SQL Server\160\DTS\Binn\;C:\Program Files (x86)\Microsoft SQL Server\160\DTS\Binn\;D:\python\Scripts\;D:\python\;D:\java\jdk21\bin;D:\Microsoft VS Code\bin;C:\Users\dell\AppData\Roaming\Composer\vendor\bin;C:\mingw64\bin;C:\Users\dell\AppData\Roaming\npm;D:\nodejs;D:\PyCharm\PyCharm Community Edition 2024.2.4\bin;;D:\Wireshark;D:\python3.10;D:\python39;D:\JetBrains\IntelliJ IDEA 2024.3.4.1\bin;;D:\Maven\bin;
USERNAME=dell
OS=Windows_NT
PROCESSOR_IDENTIFIER=Intel64 Family 6 Model 140 Stepping 1, GenuineIntel
TMP=C:\Users\dell\AppData\Local\Temp
TEMP=C:\Users\dell\AppData\Local\Temp




Periodic native trim disabled

---------------  S Y S T E M  ---------------

OS:
 Windows 10 , 64 bit Build 19041 (10.0.19041.5438)
OS uptime: 0 days 2:23 hours

CPU: total 8 (initial active 8) (4 cores per cpu, 2 threads per core) family 6 model 140 stepping 1 microcode 0xba, cx8, cmov, fxsr, ht, mmx, 3dnowpref, sse, sse2, sse3, ssse3, sse4.1, sse4.2, popcnt, lzcnt, tsc, tscinvbit, avx, avx2, aes, erms, clmul, bmi1, bmi2, adx, avx512f, avx512dq, avx512cd, avx512bw, avx512vl, sha, fma, vzeroupper, avx512_vpopcntdq, avx512_vpclmulqdq, avx512_vaes, avx512_vnni, clflush, clflushopt, clwb, avx512_vbmi2, avx512_vbmi, rdtscp, rdpid, fsrm, gfni, avx512_bitalg, f16c, pku, cet_ibt, cet_ss, avx512_ifma
Processor Information for all 8 processors :
  Max Mhz: 2419, Current Mhz: 2419, Mhz Limit: 2419

Memory: 4k page, system-wide physical 16118M (5586M free)
TotalPageFile size 17500M (AvailPageFile size 4M)
current process WorkingSet (physical memory assigned to process): 506M, peak: 516M
current process commit charge ("private bytes"): 557M, peak: 566M

vm_info: Java HotSpot(TM) 64-Bit Server VM (21.0.6+8-LTS-188) for windows-amd64 JRE (21.0.6+8-LTS-188), built on 2024-12-03T10:50:54Z by "mach5one" with MS VC++ 17.6 (VS2022)

END.
