#
# There is insufficient memory for the Java Runtime Environment to continue.
# Native memory allocation (malloc) failed to allocate 1350640 bytes for Chunk::new
# Possible reasons:
#   The system is out of physical RAM or swap space
#   The process is running with CompressedOops enabled, and the Java Heap may be blocking the growth of the native heap
# Possible solutions:
#   Reduce memory load on the system
#   Increase physical memory or swap space
#   Check if swap backing store is full
#   Decrease Java heap size (-Xmx/-Xms)
#   Decrease number of Java threads
#   Decrease Java thread stack sizes (-Xss)
#   Set larger code cache with -XX:ReservedCodeCacheSize=
#   JVM is running with Zero Based Compressed Oops mode in which the Java heap is
#     placed in the first 32GB address space. The Java Heap base address is the
#     maximum limit for the native heap growth. Please use -XX:HeapBaseMinAddress
#     to set the Java Heap base and to place the Java Heap above 32GB virtual address.
# This output file may be truncated or incomplete.
#
#  Out of Memory Error (arena.cpp:168), pid=7804, tid=12440
#
# JRE version: Java(TM) SE Runtime Environment (21.0.6+8) (build 21.0.6+8-LTS-188)
# Java VM: Java HotSpot(TM) 64-Bit Server VM (21.0.6+8-LTS-188, mixed mode, sharing, tiered, compressed oops, compressed class ptrs, g1 gc, windows-amd64)
# No core dump will be written. Minidumps are not enabled by default on client versions of Windows
#

---------------  S U M M A R Y ------------

Command Line: -Dclassworlds.conf=D:\Maven\apache-maven-3.9.9\bin\m2.conf -Dmaven.home=D:\Maven\apache-maven-3.9.9 -Dlibrary.jansi.path=D:\Maven\apache-maven-3.9.9\lib\jansi-native -Dmaven.multiModuleProjectDirectory=D:\CODE WEB\page-movie-management\demo org.codehaus.plexus.classworlds.launcher.Launcher clean package

Host: 11th Gen Intel(R) Core(TM) i5-1135G7 @ 2.40GHz, 8 cores, 15G,  Windows 10 , 64 bit Build 19041 (10.0.19041.5438)
Time: Fri Apr  4 00:48:00 2025 SE Asia Standard Time elapsed time: 19.923651 seconds (0d 0h 0m 19s)

---------------  T H R E A D  ---------------

Current thread (0x0000027cf1698800):  JavaThread "C2 CompilerThread0" daemon [_thread_in_native, id=12440, stack(0x000000e260000000,0x000000e260100000) (1024K)]


Current CompileTask:
C2:  19923 7850   !   4       com.google.inject.spi.InjectionPoint::getInjectionPoints (491 bytes)

Stack: [0x000000e260000000,0x000000e260100000]
Native frames: (J=compiled Java code, j=interpreted, Vv=VM code, C=native code)
V  [jvm.dll+0x6ca6d9]
V  [jvm.dll+0x854f51]
V  [jvm.dll+0x85747e]
V  [jvm.dll+0x857b53]
V  [jvm.dll+0x27dcc6]
V  [jvm.dll+0xc4c2d]
V  [jvm.dll+0xc5163]
V  [jvm.dll+0x3b515c]
V  [jvm.dll+0x1df829]
V  [jvm.dll+0x246a72]
V  [jvm.dll+0x245eff]
V  [jvm.dll+0x1c6d2e]
V  [jvm.dll+0x2554f9]
V  [jvm.dll+0x253a8a]
V  [jvm.dll+0x3ee576]
V  [jvm.dll+0x7ff2fb]
V  [jvm.dll+0x6c8dbd]
C  [ucrtbase.dll+0x21bb2]
C  [KERNEL32.DLL+0x17374]
C  [ntdll.dll+0x4cc91]


---------------  P R O C E S S  ---------------

Threads class SMR info:
_java_thread_list=0x0000027cf8c664a0, length=14, elements={
0x0000027cd0531360, 0x0000027cf1690890, 0x0000027cf16915a0, 0x0000027cf1693770,
0x0000027cf16941c0, 0x0000027cf1694c10, 0x0000027cf1697a80, 0x0000027cf1698800,
0x0000027cf16a3650, 0x0000027cf1949640, 0x0000027cf194a9f0, 0x0000027cf194a360,
0x0000027cf7278050, 0x0000027cf64d4be0
}

Java Threads: ( => current thread )
  0x0000027cd0531360 JavaThread "main"                              [_thread_in_native, id=1080, stack(0x000000e25f200000,0x000000e25f300000) (1024K)]
  0x0000027cf1690890 JavaThread "Reference Handler"          daemon [_thread_blocked, id=15268, stack(0x000000e25fa00000,0x000000e25fb00000) (1024K)]
  0x0000027cf16915a0 JavaThread "Finalizer"                  daemon [_thread_blocked, id=20580, stack(0x000000e25fb00000,0x000000e25fc00000) (1024K)]
  0x0000027cf1693770 JavaThread "Signal Dispatcher"          daemon [_thread_blocked, id=16496, stack(0x000000e25fc00000,0x000000e25fd00000) (1024K)]
  0x0000027cf16941c0 JavaThread "Attach Listener"            daemon [_thread_blocked, id=20916, stack(0x000000e25fd00000,0x000000e25fe00000) (1024K)]
  0x0000027cf1694c10 JavaThread "Service Thread"             daemon [_thread_blocked, id=21800, stack(0x000000e25fe00000,0x000000e25ff00000) (1024K)]
  0x0000027cf1697a80 JavaThread "Monitor Deflation Thread"   daemon [_thread_blocked, id=14108, stack(0x000000e25ff00000,0x000000e260000000) (1024K)]
=>0x0000027cf1698800 JavaThread "C2 CompilerThread0"         daemon [_thread_in_native, id=12440, stack(0x000000e260000000,0x000000e260100000) (1024K)]
  0x0000027cf16a3650 JavaThread "C1 CompilerThread0"         daemon [_thread_blocked, id=6972, stack(0x000000e260100000,0x000000e260200000) (1024K)]
  0x0000027cf1949640 JavaThread "Notification Thread"        daemon [_thread_blocked, id=21832, stack(0x000000e260200000,0x000000e260300000) (1024K)]
  0x0000027cf194a9f0 JavaThread "Common-Cleaner"             daemon [_thread_blocked, id=2512, stack(0x000000e260300000,0x000000e260400000) (1024K)]
  0x0000027cf194a360 JavaThread "Thread-1"                   daemon [_thread_blocked, id=11696, stack(0x000000e260d00000,0x000000e260e00000) (1024K)]
  0x0000027cf7278050 JavaThread "C2 CompilerThread1"         daemon [_thread_in_native, id=12596, stack(0x000000e260500000,0x000000e260600000) (1024K)]
  0x0000027cf64d4be0 JavaThread "C2 CompilerThread2"         daemon [_thread_in_native, id=19092, stack(0x000000e260e00000,0x000000e260f00000) (1024K)]
Total: 14

Other Threads:
  0x0000027cf1673890 VMThread "VM Thread"                           [id=19932, stack(0x000000e25f900000,0x000000e25fa00000) (1024K)]
  0x0000027cf1661780 WatcherThread "VM Periodic Task Thread"        [id=20688, stack(0x000000e25f800000,0x000000e25f900000) (1024K)]
  0x0000027cd06a0d40 WorkerThread "GC Thread#0"                     [id=7280, stack(0x000000e25f300000,0x000000e25f400000) (1024K)]
  0x0000027cf6bbe9e0 WorkerThread "GC Thread#1"                     [id=22180, stack(0x000000e260600000,0x000000e260700000) (1024K)]
  0x0000027cf6de6d90 WorkerThread "GC Thread#2"                     [id=3588, stack(0x000000e260700000,0x000000e260800000) (1024K)]
  0x0000027cf6764e00 WorkerThread "GC Thread#3"                     [id=17036, stack(0x000000e260800000,0x000000e260900000) (1024K)]
  0x0000027cf67651a0 WorkerThread "GC Thread#4"                     [id=11076, stack(0x000000e260900000,0x000000e260a00000) (1024K)]
  0x0000027cf6765540 WorkerThread "GC Thread#5"                     [id=22120, stack(0x000000e260a00000,0x000000e260b00000) (1024K)]
  0x0000027cf6a5a0b0 WorkerThread "GC Thread#6"                     [id=18420, stack(0x000000e260b00000,0x000000e260c00000) (1024K)]
  0x0000027cf6944540 WorkerThread "GC Thread#7"                     [id=9156, stack(0x000000e260c00000,0x000000e260d00000) (1024K)]
  0x0000027cd06b3cd0 ConcurrentGCThread "G1 Main Marker"            [id=14544, stack(0x000000e25f400000,0x000000e25f500000) (1024K)]
  0x0000027cd06b45e0 WorkerThread "G1 Conc#0"                       [id=8964, stack(0x000000e25f500000,0x000000e25f600000) (1024K)]
  0x0000027cf6c8a730 WorkerThread "G1 Conc#1"                       [id=19240, stack(0x000000e260400000,0x000000e260500000) (1024K)]
  0x0000027cf1535590 ConcurrentGCThread "G1 Refine#0"               [id=16836, stack(0x000000e25f600000,0x000000e25f700000) (1024K)]
  0x0000027cf1535db0 ConcurrentGCThread "G1 Service"                [id=20116, stack(0x000000e25f700000,0x000000e25f800000) (1024K)]
Total: 15

Threads with active compile tasks:
C2 CompilerThread0    19935 7850   !   4       com.google.inject.spi.InjectionPoint::getInjectionPoints (491 bytes)
C2 CompilerThread1    19935 8048       4       sun.nio.cs.SingleByte$Encoder::encode (32 bytes)
C2 CompilerThread2    19935 8043       4       java.util.HashMap::putMapEntries (170 bytes)
Total: 3

VM state: not at safepoint (normal execution)

VM Mutex/Monitor currently owned by a thread: None

Heap address: 0x0000000704200000, size: 4030 MB, Compressed Oops mode: Zero based, Oop shift amount: 3

CDS archive(s) mapped at: [0x0000027c80000000-0x0000027c80c90000-0x0000027c80c90000), size 13172736, SharedBaseAddress: 0x0000027c80000000, ArchiveRelocationMode: 1.
Compressed class space mapped at: 0x0000027c81000000-0x0000027cc1000000, reserved size: 1073741824
Narrow klass base: 0x0000027c80000000, Narrow klass shift: 0, Narrow klass range: 0x100000000

GC Precious Log:
 CardTable entry size: 512
 Card Set container configuration: InlinePtr #cards 4 size 8 Array Of Cards #cards 16 size 48 Howl #buckets 8 coarsen threshold 3686 Howl Bitmap #cards 512 size 80 coarsen threshold 460 Card regions per heap region 1 cards per card region 4096
 CPUs: 8 total, 8 available
 Memory: 16118M
 Large Page Support: Disabled
 NUMA Support: Disabled
 Compressed Oops: Enabled (Zero based)
 Heap Region Size: 2M
 Heap Min Capacity: 8M
 Heap Initial Capacity: 252M
 Heap Max Capacity: 4030M
 Pre-touch: Disabled
 Parallel Workers: 8
 Concurrent Workers: 2
 Concurrent Refinement Workers: 8
 Periodic GC: Disabled

Heap:
 garbage-first heap   total 81920K, used 47547K [0x0000000704200000, 0x0000000800000000)
  region size 2048K, 14 young (28672K), 3 survivors (6144K)
 Metaspace       used 33728K, committed 34176K, reserved 1114112K
  class space    used 3774K, committed 3968K, reserved 1048576K

Heap Regions: E=young(eden), S=young(survivor), O=old, HS=humongous(starts), HC=humongous(continues), CS=collection set, F=free, TAMS=top-at-mark-start, PB=parsable bottom
|   0|0x0000000704200000, 0x0000000704400000, 0x0000000704400000|100%| O|  |TAMS 0x0000000704200000| PB 0x0000000704200000| Untracked 
|   1|0x0000000704400000, 0x0000000704400000, 0x0000000704600000|  0%| F|  |TAMS 0x0000000704400000| PB 0x0000000704400000| Untracked 
|   2|0x0000000704600000, 0x0000000704800000, 0x0000000704800000|100%| O|  |TAMS 0x0000000704600000| PB 0x0000000704600000| Untracked 
|   3|0x0000000704800000, 0x0000000704a00000, 0x0000000704a00000|100%| O|  |TAMS 0x0000000704800000| PB 0x0000000704800000| Untracked 
|   4|0x0000000704a00000, 0x0000000704c00000, 0x0000000704c00000|100%| O|  |TAMS 0x0000000704a00000| PB 0x0000000704a00000| Untracked 
|   5|0x0000000704c00000, 0x0000000704e00000, 0x0000000704e00000|100%| O|  |TAMS 0x0000000704c00000| PB 0x0000000704c00000| Untracked 
|   6|0x0000000704e00000, 0x0000000705000000, 0x0000000705000000|100%| O|  |TAMS 0x0000000704e00000| PB 0x0000000704e00000| Untracked 
|   7|0x0000000705000000, 0x0000000705200000, 0x0000000705200000|100%| O|  |TAMS 0x0000000705000000| PB 0x0000000705000000| Untracked 
|   8|0x0000000705200000, 0x0000000705400000, 0x0000000705400000|100%| O|  |TAMS 0x0000000705200000| PB 0x0000000705200000| Untracked 
|   9|0x0000000705400000, 0x0000000705400000, 0x0000000705600000|  0%| F|  |TAMS 0x0000000705400000| PB 0x0000000705400000| Untracked 
|  10|0x0000000705600000, 0x0000000705600000, 0x0000000705800000|  0%| F|  |TAMS 0x0000000705600000| PB 0x0000000705600000| Untracked 
|  11|0x0000000705800000, 0x0000000705800000, 0x0000000705a00000|  0%| F|  |TAMS 0x0000000705800000| PB 0x0000000705800000| Untracked 
|  12|0x0000000705a00000, 0x0000000705aff9b0, 0x0000000705c00000| 49%| S|CS|TAMS 0x0000000705a00000| PB 0x0000000705a00000| Complete 
|  13|0x0000000705c00000, 0x0000000705e00000, 0x0000000705e00000|100%| S|CS|TAMS 0x0000000705c00000| PB 0x0000000705c00000| Complete 
|  14|0x0000000705e00000, 0x0000000706000000, 0x0000000706000000|100%| S|CS|TAMS 0x0000000705e00000| PB 0x0000000705e00000| Complete 
|  15|0x0000000706000000, 0x0000000706000000, 0x0000000706200000|  0%| F|  |TAMS 0x0000000706000000| PB 0x0000000706000000| Untracked 
|  16|0x0000000706200000, 0x0000000706200000, 0x0000000706400000|  0%| F|  |TAMS 0x0000000706200000| PB 0x0000000706200000| Untracked 
|  17|0x0000000706400000, 0x0000000706400000, 0x0000000706600000|  0%| F|  |TAMS 0x0000000706400000| PB 0x0000000706400000| Untracked 
|  18|0x0000000706600000, 0x0000000706600000, 0x0000000706800000|  0%| F|  |TAMS 0x0000000706600000| PB 0x0000000706600000| Untracked 
|  19|0x0000000706800000, 0x0000000706800000, 0x0000000706a00000|  0%| F|  |TAMS 0x0000000706800000| PB 0x0000000706800000| Untracked 
|  20|0x0000000706a00000, 0x0000000706c00000, 0x0000000706c00000|100%| O|  |TAMS 0x0000000706a00000| PB 0x0000000706a00000| Untracked 
|  21|0x0000000706c00000, 0x0000000706c00000, 0x0000000706e00000|  0%| F|  |TAMS 0x0000000706c00000| PB 0x0000000706c00000| Untracked 
|  22|0x0000000706e00000, 0x0000000706e00000, 0x0000000707000000|  0%| F|  |TAMS 0x0000000706e00000| PB 0x0000000706e00000| Untracked 
|  23|0x0000000707000000, 0x0000000707000000, 0x0000000707200000|  0%| F|  |TAMS 0x0000000707000000| PB 0x0000000707000000| Untracked 
|  24|0x0000000707200000, 0x0000000707400000, 0x0000000707400000|100%| O|  |TAMS 0x0000000707200000| PB 0x0000000707200000| Untracked 
|  25|0x0000000707400000, 0x000000070756f258, 0x0000000707600000| 71%| O|  |TAMS 0x0000000707400000| PB 0x0000000707400000| Untracked 
|  26|0x0000000707600000, 0x0000000707600000, 0x0000000707800000|  0%| F|  |TAMS 0x0000000707600000| PB 0x0000000707600000| Untracked 
|  27|0x0000000707800000, 0x0000000707800000, 0x0000000707a00000|  0%| F|  |TAMS 0x0000000707800000| PB 0x0000000707800000| Untracked 
|  28|0x0000000707a00000, 0x0000000707a00000, 0x0000000707c00000|  0%| F|  |TAMS 0x0000000707a00000| PB 0x0000000707a00000| Untracked 
|  29|0x0000000707c00000, 0x0000000707dcace0, 0x0000000707e00000| 89%| E|  |TAMS 0x0000000707c00000| PB 0x0000000707c00000| Complete 
|  30|0x0000000707e00000, 0x0000000708000000, 0x0000000708000000|100%| E|CS|TAMS 0x0000000707e00000| PB 0x0000000707e00000| Complete 
|  31|0x0000000708000000, 0x0000000708200000, 0x0000000708200000|100%| E|CS|TAMS 0x0000000708000000| PB 0x0000000708000000| Complete 
|  32|0x0000000708200000, 0x0000000708400000, 0x0000000708400000|100%| E|CS|TAMS 0x0000000708200000| PB 0x0000000708200000| Complete 
|  33|0x0000000708400000, 0x0000000708600000, 0x0000000708600000|100%| E|CS|TAMS 0x0000000708400000| PB 0x0000000708400000| Complete 
|  74|0x000000070d600000, 0x000000070d800000, 0x000000070d800000|100%| E|CS|TAMS 0x000000070d600000| PB 0x000000070d600000| Complete 
|  75|0x000000070d800000, 0x000000070da00000, 0x000000070da00000|100%| E|CS|TAMS 0x000000070d800000| PB 0x000000070d800000| Complete 
|  76|0x000000070da00000, 0x000000070dc00000, 0x000000070dc00000|100%| E|CS|TAMS 0x000000070da00000| PB 0x000000070da00000| Complete 
|  77|0x000000070dc00000, 0x000000070de00000, 0x000000070de00000|100%| E|CS|TAMS 0x000000070dc00000| PB 0x000000070dc00000| Complete 
|  78|0x000000070de00000, 0x000000070e000000, 0x000000070e000000|100%| E|CS|TAMS 0x000000070de00000| PB 0x000000070de00000| Complete 
| 125|0x0000000713c00000, 0x0000000713e00000, 0x0000000713e00000|100%| E|CS|TAMS 0x0000000713c00000| PB 0x0000000713c00000| Complete 

Card table byte_map: [0x0000027cea500000,0x0000027ceace0000] _byte_map_base: 0x0000027ce6cdf000

Marking Bits: (CMBitMap*) 0x0000027cd06a2260
 Bits: [0x0000027ceace0000, 0x0000027ceebd8000)

Polling page: 0x0000027cda280000

Metaspace:

Usage:
  Non-class:     29.25 MB used.
      Class:      3.69 MB used.
       Both:     32.94 MB used.

Virtual space:
  Non-class space:       64.00 MB reserved,      29.50 MB ( 46%) committed,  1 nodes.
      Class space:        1.00 GB reserved,       3.88 MB ( <1%) committed,  1 nodes.
             Both:        1.06 GB reserved,      33.38 MB (  3%) committed. 

Chunk freelists:
   Non-Class:  2.16 MB
       Class:  12.16 MB
        Both:  14.31 MB

MaxMetaspaceSize: unlimited
CompressedClassSpaceSize: 1.00 GB
Initial GC threshold: 21.00 MB
Current GC threshold: 51.56 MB
CDS: on
 - commit_granule_bytes: 65536.
 - commit_granule_words: 8192.
 - virtual_space_node_default_size: 8388608.
 - enlarge_chunks_in_place: 1.
 - use_allocation_guard: 0.


Internal statistics:

num_allocs_failed_limit: 3.
num_arena_births: 276.
num_arena_deaths: 0.
num_vsnodes_births: 2.
num_vsnodes_deaths: 0.
num_space_committed: 534.
num_space_uncommitted: 0.
num_chunks_returned_to_freelist: 3.
num_chunks_taken_from_freelist: 1443.
num_chunk_merges: 3.
num_chunk_splits: 1056.
num_chunks_enlarged: 871.
num_inconsistent_stats: 0.

CodeHeap 'non-profiled nmethods': size=120000Kb used=4274Kb max_used=4274Kb free=115725Kb
 bounds [0x0000027ce1d70000, 0x0000027ce21a0000, 0x0000027ce92a0000]
CodeHeap 'profiled nmethods': size=120000Kb used=16861Kb max_used=16861Kb free=103138Kb
 bounds [0x0000027cda2a0000, 0x0000027cdb320000, 0x0000027ce17d0000]
CodeHeap 'non-nmethods': size=5760Kb used=1657Kb max_used=1700Kb free=4102Kb
 bounds [0x0000027ce17d0000, 0x0000027ce1a40000, 0x0000027ce1d70000]
 total_blobs=7939 nmethods=7369 adapters=474
 compilation: enabled
              stopped_count=0, restarted_count=0
 full_count=0

Compilation events (20 events):
Event: 19.830 Thread 0x0000027cf16a3650 8023       3       java.util.zip.ZipUtils::ENDCOM (7 bytes)
Event: 19.830 Thread 0x0000027cf16a3650 nmethod 8023 0x0000027cdb311890 code [0x0000027cdb311a40, 0x0000027cdb311be0]
Event: 19.830 Thread 0x0000027cf16a3650 8024       3       java.util.zip.ZipUtils::GETSIG (6 bytes)
Event: 19.830 Thread 0x0000027cf16a3650 nmethod 8024 0x0000027cdb311d10 code [0x0000027cdb311ec0, 0x0000027cdb312180]
Event: 19.854 Thread 0x0000027cf64d4be0 8025       4       java.util.HashMap::putIfAbsent (13 bytes)
Event: 19.864 Thread 0x0000027cf64d4be0 nmethod 8025 0x0000027ce2196990 code [0x0000027ce2196ba0, 0x0000027ce2197448]
Event: 19.865 Thread 0x0000027cf7278050 8026   !   4       java.util.zip.ZipFile$Source::readFullyAt (74 bytes)
Event: 19.872 Thread 0x0000027cf7278050 nmethod 8026 0x0000027ce2197990 code [0x0000027ce2197b80, 0x0000027ce2198290]
Event: 19.873 Thread 0x0000027cf64d4be0 8027       4       java.util.zip.ZipFile$Source::checkExtraFields (161 bytes)
Event: 19.876 Thread 0x0000027cf64d4be0 nmethod 8027 0x0000027ce2198890 code [0x0000027ce2198a20, 0x0000027ce2198c68]
Event: 19.893 Thread 0x0000027cf16a3650 8028       3       org.codehaus.plexus.util.MatchPatterns::matches (49 bytes)
Event: 19.893 Thread 0x0000027cf7278050 8029       4       org.codehaus.plexus.util.SelectorUtils::match (520 bytes)
Event: 19.893 Thread 0x0000027cf16a3650 nmethod 8028 0x0000027cdb312310 code [0x0000027cdb312540, 0x0000027cdb312bb0]
Event: 19.901 Thread 0x0000027cf7278050 nmethod 8029 0x0000027ce2198f10 code [0x0000027ce2199100, 0x0000027ce21995b0]
Event: 19.902 Thread 0x0000027cf16a3650 8030       3       sun.nio.fs.AbstractBasicFileAttributeView$AttributesBuilder::match (26 bytes)
Event: 19.902 Thread 0x0000027cf16a3650 nmethod 8030 0x0000027cdb312f10 code [0x0000027cdb3130c0, 0x0000027cdb313328]
Event: 19.902 Thread 0x0000027cf16a3650 8031       3       sun.nio.fs.AbstractBasicFileAttributeView$AttributesBuilder::add (13 bytes)
Event: 19.902 Thread 0x0000027cf16a3650 nmethod 8031 0x0000027cdb313410 code [0x0000027cdb3135c0, 0x0000027cdb3137a0]
Event: 19.903 Thread 0x0000027cf16a3650 8032   !   3       sun.nio.fs.WindowsLinkSupport::getFinalPath (175 bytes)
Event: 19.904 Thread 0x0000027cf16a3650 nmethod 8032 0x0000027cdb313890 code [0x0000027cdb313c20, 0x0000027cdb3150f0]

GC Heap History (18 events):
Event: 4.574 GC heap before
{Heap before GC invocations=0 (full 0):
 garbage-first heap   total 258048K, used 22528K [0x0000000704200000, 0x0000000800000000)
  region size 2048K, 11 young (22528K), 0 survivors (0K)
 Metaspace       used 5637K, committed 5824K, reserved 1114112K
  class space    used 651K, committed 768K, reserved 1048576K
}
Event: 4.578 GC heap after
{Heap after GC invocations=1 (full 0):
 garbage-first heap   total 258048K, used 4067K [0x0000000704200000, 0x0000000800000000)
  region size 2048K, 2 young (4096K), 2 survivors (4096K)
 Metaspace       used 5637K, committed 5824K, reserved 1114112K
  class space    used 651K, committed 768K, reserved 1048576K
}
Event: 5.030 GC heap before
{Heap before GC invocations=1 (full 0):
 garbage-first heap   total 258048K, used 36835K [0x0000000704200000, 0x0000000800000000)
  region size 2048K, 18 young (36864K), 2 survivors (4096K)
 Metaspace       used 10281K, committed 10432K, reserved 1114112K
  class space    used 1216K, committed 1280K, reserved 1048576K
}
Event: 5.033 GC heap after
{Heap after GC invocations=2 (full 0):
 garbage-first heap   total 258048K, used 5654K [0x0000000704200000, 0x0000000800000000)
  region size 2048K, 1 young (2048K), 1 survivors (2048K)
 Metaspace       used 10281K, committed 10432K, reserved 1114112K
  class space    used 1216K, committed 1280K, reserved 1048576K
}
Event: 11.739 GC heap before
{Heap before GC invocations=2 (full 0):
 garbage-first heap   total 258048K, used 95766K [0x0000000704200000, 0x0000000800000000)
  region size 2048K, 47 young (96256K), 1 survivors (2048K)
 Metaspace       used 21254K, committed 21504K, reserved 1114112K
  class space    used 2466K, committed 2560K, reserved 1048576K
}
Event: 11.746 GC heap after
{Heap after GC invocations=3 (full 0):
 garbage-first heap   total 258048K, used 12649K [0x0000000704200000, 0x0000000800000000)
  region size 2048K, 5 young (10240K), 5 survivors (10240K)
 Metaspace       used 21254K, committed 21504K, reserved 1114112K
  class space    used 2466K, committed 2560K, reserved 1048576K
}
Event: 12.239 GC heap before
{Heap before GC invocations=4 (full 0):
 garbage-first heap   total 55296K, used 53609K [0x0000000704200000, 0x0000000800000000)
  region size 2048K, 25 young (51200K), 5 survivors (10240K)
 Metaspace       used 26229K, committed 26560K, reserved 1114112K
  class space    used 2969K, committed 3136K, reserved 1048576K
}
Event: 12.253 GC heap after
{Heap after GC invocations=5 (full 0):
 garbage-first heap   total 75776K, used 24082K [0x0000000704200000, 0x0000000800000000)
  region size 2048K, 10 young (20480K), 10 survivors (20480K)
 Metaspace       used 26229K, committed 26560K, reserved 1114112K
  class space    used 2969K, committed 3136K, reserved 1048576K
}
Event: 12.909 GC heap before
{Heap before GC invocations=5 (full 0):
 garbage-first heap   total 75776K, used 48658K [0x0000000704200000, 0x0000000800000000)
  region size 2048K, 22 young (45056K), 10 survivors (20480K)
 Metaspace       used 28069K, committed 28352K, reserved 1114112K
  class space    used 3143K, committed 3264K, reserved 1048576K
}
Event: 12.920 GC heap after
{Heap after GC invocations=6 (full 0):
 garbage-first heap   total 75776K, used 18830K [0x0000000704200000, 0x0000000800000000)
  region size 2048K, 2 young (4096K), 2 survivors (4096K)
 Metaspace       used 28069K, committed 28352K, reserved 1114112K
  class space    used 3143K, committed 3264K, reserved 1048576K
}
Event: 15.463 GC heap before
{Heap before GC invocations=6 (full 0):
 garbage-first heap   total 75776K, used 55694K [0x0000000704200000, 0x0000000800000000)
  region size 2048K, 20 young (40960K), 2 survivors (4096K)
 Metaspace       used 29379K, committed 29696K, reserved 1114112K
  class space    used 3234K, committed 3392K, reserved 1048576K
}
Event: 15.467 GC heap after
{Heap after GC invocations=7 (full 0):
 garbage-first heap   total 75776K, used 19171K [0x0000000704200000, 0x0000000800000000)
  region size 2048K, 2 young (4096K), 2 survivors (4096K)
 Metaspace       used 29379K, committed 29696K, reserved 1114112K
  class space    used 3234K, committed 3392K, reserved 1048576K
}
Event: 16.759 GC heap before
{Heap before GC invocations=7 (full 0):
 garbage-first heap   total 75776K, used 62179K [0x0000000704200000, 0x0000000800000000)
  region size 2048K, 15 young (30720K), 2 survivors (4096K)
 Metaspace       used 31172K, committed 31552K, reserved 1114112K
  class space    used 3464K, committed 3648K, reserved 1048576K
}
Event: 16.762 GC heap after
{Heap after GC invocations=8 (full 0):
 garbage-first heap   total 75776K, used 38715K [0x0000000704200000, 0x0000000800000000)
  region size 2048K, 3 young (6144K), 3 survivors (6144K)
 Metaspace       used 31172K, committed 31552K, reserved 1114112K
  class space    used 3464K, committed 3648K, reserved 1048576K
}
Event: 17.380 GC heap before
{Heap before GC invocations=9 (full 0):
 garbage-first heap   total 81920K, used 67387K [0x0000000704200000, 0x0000000800000000)
  region size 2048K, 14 young (28672K), 3 survivors (6144K)
 Metaspace       used 31484K, committed 31872K, reserved 1114112K
  class space    used 3487K, committed 3648K, reserved 1048576K
}
Event: 17.384 GC heap after
{Heap after GC invocations=10 (full 0):
 garbage-first heap   total 81920K, used 24664K [0x0000000704200000, 0x0000000800000000)
  region size 2048K, 2 young (4096K), 2 survivors (4096K)
 Metaspace       used 31484K, committed 31872K, reserved 1114112K
  class space    used 3487K, committed 3648K, reserved 1048576K
}
Event: 19.269 GC heap before
{Heap before GC invocations=10 (full 0):
 garbage-first heap   total 81920K, used 63576K [0x0000000704200000, 0x0000000800000000)
  region size 2048K, 22 young (45056K), 2 survivors (4096K)
 Metaspace       used 31801K, committed 32256K, reserved 1114112K
  class space    used 3495K, committed 3712K, reserved 1048576K
}
Event: 19.273 GC heap after
{Heap after GC invocations=11 (full 0):
 garbage-first heap   total 81920K, used 27067K [0x0000000704200000, 0x0000000800000000)
  region size 2048K, 3 young (6144K), 3 survivors (6144K)
 Metaspace       used 31801K, committed 32256K, reserved 1114112K
  class space    used 3495K, committed 3712K, reserved 1048576K
}

Dll operation events (8 events):
Event: 0.004 Loaded shared library D:\java\jdk21\bin\java.dll
Event: 0.026 Loaded shared library D:\java\jdk21\bin\jsvml.dll
Event: 0.037 Loaded shared library D:\java\jdk21\bin\net.dll
Event: 0.037 Loaded shared library D:\java\jdk21\bin\nio.dll
Event: 0.053 Loaded shared library D:\java\jdk21\bin\zip.dll
Event: 3.791 Loaded shared library D:\java\jdk21\bin\jimage.dll
Event: 3.821 Loaded shared library D:\Maven\apache-maven-3.9.9\lib\jansi-native\Windows\x86_64\jansi.dll
Event: 3.831 Loaded shared library D:\java\jdk21\bin\verify.dll

Deoptimization events (20 events):
Event: 19.812 Thread 0x0000027cd0531360 Uncommon trap: trap_request=0xffffffc6 fr.pc=0x0000027ce2179430 relative=0x0000000000001710
Event: 19.812 Thread 0x0000027cd0531360 Uncommon trap: reason=bimorphic_or_optimized_type_check action=maybe_recompile pc=0x0000027ce2179430 method=java.lang.ClassLoader.loadClass(Ljava/lang/String;Z)Ljava/lang/Class; @ 2 c2
Event: 19.812 Thread 0x0000027cd0531360 DEOPT PACKING pc=0x0000027ce2179430 sp=0x000000e25f2fd400
Event: 19.812 Thread 0x0000027cd0531360 DEOPT UNPACKING pc=0x0000027ce1827da2 sp=0x000000e25f2fd408 mode 2
Event: 19.879 Thread 0x0000027cd0531360 Uncommon trap: trap_request=0xffffffc6 fr.pc=0x0000027ce2179430 relative=0x0000000000001710
Event: 19.879 Thread 0x0000027cd0531360 Uncommon trap: reason=bimorphic_or_optimized_type_check action=maybe_recompile pc=0x0000027ce2179430 method=java.lang.ClassLoader.loadClass(Ljava/lang/String;Z)Ljava/lang/Class; @ 2 c2
Event: 19.879 Thread 0x0000027cd0531360 DEOPT PACKING pc=0x0000027ce2179430 sp=0x000000e25f2fd400
Event: 19.879 Thread 0x0000027cd0531360 DEOPT UNPACKING pc=0x0000027ce1827da2 sp=0x000000e25f2fd408 mode 2
Event: 19.880 Thread 0x0000027cd0531360 Uncommon trap: trap_request=0xffffffc6 fr.pc=0x0000027ce2179430 relative=0x0000000000001710
Event: 19.880 Thread 0x0000027cd0531360 Uncommon trap: reason=bimorphic_or_optimized_type_check action=maybe_recompile pc=0x0000027ce2179430 method=java.lang.ClassLoader.loadClass(Ljava/lang/String;Z)Ljava/lang/Class; @ 2 c2
Event: 19.880 Thread 0x0000027cd0531360 DEOPT PACKING pc=0x0000027ce2179430 sp=0x000000e25f2fb820
Event: 19.880 Thread 0x0000027cd0531360 DEOPT UNPACKING pc=0x0000027ce1827da2 sp=0x000000e25f2fb828 mode 2
Event: 19.880 Thread 0x0000027cd0531360 Uncommon trap: trap_request=0xffffffc6 fr.pc=0x0000027ce2179430 relative=0x0000000000001710
Event: 19.880 Thread 0x0000027cd0531360 Uncommon trap: reason=bimorphic_or_optimized_type_check action=maybe_recompile pc=0x0000027ce2179430 method=java.lang.ClassLoader.loadClass(Ljava/lang/String;Z)Ljava/lang/Class; @ 2 c2
Event: 19.880 Thread 0x0000027cd0531360 DEOPT PACKING pc=0x0000027ce2179430 sp=0x000000e25f2fba70
Event: 19.880 Thread 0x0000027cd0531360 DEOPT UNPACKING pc=0x0000027ce1827da2 sp=0x000000e25f2fba78 mode 2
Event: 19.887 Thread 0x0000027cd0531360 Uncommon trap: trap_request=0xffffffbe fr.pc=0x0000027ce1e7b724 relative=0x0000000000001204
Event: 19.887 Thread 0x0000027cd0531360 Uncommon trap: reason=profile_predicate action=maybe_recompile pc=0x0000027ce1e7b724 method=java.util.TimSort.binarySort([Ljava/lang/Object;IIILjava/util/Comparator;)V @ 34 c2
Event: 19.888 Thread 0x0000027cd0531360 DEOPT PACKING pc=0x0000027ce1e7b724 sp=0x000000e25f2fdc00
Event: 19.888 Thread 0x0000027cd0531360 DEOPT UNPACKING pc=0x0000027ce1827da2 sp=0x000000e25f2fdbf8 mode 2

Classes loaded (20 events):
Event: 16.766 Loading class java/util/concurrent/ConcurrentLinkedQueue$Itr
Event: 16.766 Loading class java/util/concurrent/ConcurrentLinkedQueue$Itr done
Event: 16.771 Loading class java/nio/StringCharBuffer
Event: 16.772 Loading class java/nio/StringCharBuffer done
Event: 16.780 Loading class java/util/concurrent/ConcurrentLinkedDeque$Itr
Event: 16.780 Loading class java/util/concurrent/ConcurrentLinkedDeque$AbstractItr
Event: 16.780 Loading class java/util/concurrent/ConcurrentLinkedDeque$AbstractItr done
Event: 16.780 Loading class java/util/concurrent/ConcurrentLinkedDeque$Itr done
Event: 19.359 Loading class java/util/zip/ZipOutputStream
Event: 19.360 Loading class java/util/zip/ZipOutputStream done
Event: 19.510 Loading class sun/nio/fs/WindowsSecurity$Privilege
Event: 19.510 Loading class sun/nio/fs/WindowsSecurity$Privilege done
Event: 19.766 Loading class java/text/ParsePosition
Event: 19.766 Loading class java/text/ParsePosition done
Event: 19.766 Loading class java/time/format/DateTimeParseContext
Event: 19.766 Loading class java/time/format/DateTimeParseContext done
Event: 19.766 Loading class java/time/format/Parsed
Event: 19.766 Loading class java/time/format/Parsed done
Event: 19.808 Loading class sun/nio/fs/AbstractBasicFileAttributeView$AttributesBuilder
Event: 19.808 Loading class sun/nio/fs/AbstractBasicFileAttributeView$AttributesBuilder done

Classes unloaded (0 events):
No events

Classes redefined (0 events):
No events

Internal exceptions (20 events):
Event: 19.707 Thread 0x0000027cd0531360 Exception <a 'sun/nio/fs/WindowsException'{0x00000007080cb060}> (0x00000007080cb060) 
thrown [s\open\src\hotspot\share\prims\jni.cpp, line 520]
Event: 19.711 Thread 0x0000027cd0531360 Exception <a 'sun/nio/fs/WindowsException'{0x00000007080cb558}> (0x00000007080cb558) 
thrown [s\open\src\hotspot\share\prims\jni.cpp, line 520]
Event: 19.714 Thread 0x0000027cd0531360 Exception <a 'sun/nio/fs/WindowsException'{0x00000007080d27d0}> (0x00000007080d27d0) 
thrown [s\open\src\hotspot\share\prims\jni.cpp, line 520]
Event: 19.715 Thread 0x0000027cd0531360 Exception <a 'sun/nio/fs/WindowsException'{0x00000007080d2dc8}> (0x00000007080d2dc8) 
thrown [s\open\src\hotspot\share\prims\jni.cpp, line 520]
Event: 19.718 Thread 0x0000027cd0531360 Exception <a 'sun/nio/fs/WindowsException'{0x00000007080d9e60}> (0x00000007080d9e60) 
thrown [s\open\src\hotspot\share\prims\jni.cpp, line 520]
Event: 19.720 Thread 0x0000027cd0531360 Exception <a 'sun/nio/fs/WindowsException'{0x00000007080da380}> (0x00000007080da380) 
thrown [s\open\src\hotspot\share\prims\jni.cpp, line 520]
Event: 19.722 Thread 0x0000027cd0531360 Exception <a 'sun/nio/fs/WindowsException'{0x00000007080e1208}> (0x00000007080e1208) 
thrown [s\open\src\hotspot\share\prims\jni.cpp, line 520]
Event: 19.724 Thread 0x0000027cd0531360 Exception <a 'sun/nio/fs/WindowsException'{0x00000007080e16d0}> (0x00000007080e16d0) 
thrown [s\open\src\hotspot\share\prims\jni.cpp, line 520]
Event: 19.726 Thread 0x0000027cd0531360 Exception <a 'sun/nio/fs/WindowsException'{0x00000007080e8748}> (0x00000007080e8748) 
thrown [s\open\src\hotspot\share\prims\jni.cpp, line 520]
Event: 19.728 Thread 0x0000027cd0531360 Exception <a 'sun/nio/fs/WindowsException'{0x00000007080e8c90}> (0x00000007080e8c90) 
thrown [s\open\src\hotspot\share\prims\jni.cpp, line 520]
Event: 19.731 Thread 0x0000027cd0531360 Exception <a 'sun/nio/fs/WindowsException'{0x00000007080f0080}> (0x00000007080f0080) 
thrown [s\open\src\hotspot\share\prims\jni.cpp, line 520]
Event: 19.732 Thread 0x0000027cd0531360 Exception <a 'sun/nio/fs/WindowsException'{0x00000007080f05b8}> (0x00000007080f05b8) 
thrown [s\open\src\hotspot\share\prims\jni.cpp, line 520]
Event: 19.735 Thread 0x0000027cd0531360 Exception <a 'sun/nio/fs/WindowsException'{0x00000007080f76e0}> (0x00000007080f76e0) 
thrown [s\open\src\hotspot\share\prims\jni.cpp, line 520]
Event: 19.742 Thread 0x0000027cd0531360 Exception <a 'sun/nio/fs/WindowsException'{0x00000007080f7c68}> (0x00000007080f7c68) 
thrown [s\open\src\hotspot\share\prims\jni.cpp, line 520]
Event: 19.745 Thread 0x0000027cd0531360 Exception <a 'sun/nio/fs/WindowsException'{0x00000007080fec90}> (0x00000007080fec90) 
thrown [s\open\src\hotspot\share\prims\jni.cpp, line 520]
Event: 19.754 Thread 0x0000027cd0531360 Exception <a 'sun/nio/fs/WindowsException'{0x00000007080ff1e0}> (0x00000007080ff1e0) 
thrown [s\open\src\hotspot\share\prims\jni.cpp, line 520]
Event: 19.756 Thread 0x0000027cd0531360 Exception <a 'sun/nio/fs/WindowsException'{0x0000000708106300}> (0x0000000708106300) 
thrown [s\open\src\hotspot\share\prims\jni.cpp, line 520]
Event: 19.758 Thread 0x0000027cd0531360 Exception <a 'sun/nio/fs/WindowsException'{0x0000000708106890}> (0x0000000708106890) 
thrown [s\open\src\hotspot\share\prims\jni.cpp, line 520]
Event: 19.760 Thread 0x0000027cd0531360 Exception <a 'sun/nio/fs/WindowsException'{0x000000070810d7a8}> (0x000000070810d7a8) 
thrown [s\open\src\hotspot\share\prims\jni.cpp, line 520]
Event: 19.762 Thread 0x0000027cd0531360 Exception <a 'sun/nio/fs/WindowsException'{0x000000070810dcb8}> (0x000000070810dcb8) 
thrown [s\open\src\hotspot\share\prims\jni.cpp, line 520]

ZGC Phase Switch (0 events):
No events

VM Operations (20 events):
Event: 16.762 Executing VM operation: G1TryInitiateConcMark (G1 Humongous Allocation)
Event: 16.762 Executing VM operation: G1TryInitiateConcMark (G1 Humongous Allocation) done
Event: 16.772 Executing VM operation: HandshakeAllThreads (Deoptimize)
Event: 16.773 Executing VM operation: HandshakeAllThreads (Deoptimize) done
Event: 16.773 Executing VM operation: HandshakeAllThreads (Deoptimize)
Event: 16.773 Executing VM operation: HandshakeAllThreads (Deoptimize) done
Event: 16.775 Executing VM operation: G1PauseRemark
Event: 16.779 Executing VM operation: G1PauseRemark done
Event: 16.783 Executing VM operation: G1PauseCleanup
Event: 16.783 Executing VM operation: G1PauseCleanup done
Event: 17.377 Executing VM operation: ICBufferFull
Event: 17.377 Executing VM operation: ICBufferFull done
Event: 17.380 Executing VM operation: G1CollectForAllocation (G1 Evacuation Pause)
Event: 17.384 Executing VM operation: G1CollectForAllocation (G1 Evacuation Pause) done
Event: 17.595 Executing VM operation: ICBufferFull
Event: 17.595 Executing VM operation: ICBufferFull done
Event: 18.606 Executing VM operation: Cleanup
Event: 18.606 Executing VM operation: Cleanup done
Event: 19.269 Executing VM operation: G1CollectForAllocation (G1 Evacuation Pause)
Event: 19.273 Executing VM operation: G1CollectForAllocation (G1 Evacuation Pause) done

Events (20 events):
Event: 16.779 Thread 0x0000027cf1673890 flushing nmethod 0x0000027cda918290
Event: 16.779 Thread 0x0000027cf1673890 flushing nmethod 0x0000027cdaa7a690
Event: 16.779 Thread 0x0000027cf1673890 flushing nmethod 0x0000027cdaa7c010
Event: 16.779 Thread 0x0000027cf1673890 flushing nmethod 0x0000027cdaad7d90
Event: 16.780 Thread 0x0000027cf194b080 Thread exited: 0x0000027cf194b080
Event: 16.780 Thread 0x0000027cf1949cd0 Thread exited: 0x0000027cf1949cd0
Event: 16.780 Thread 0x0000027cf90a46d0 Thread exited: 0x0000027cf90a46d0
Event: 16.780 Thread 0x0000027cf1948920 Thread exited: 0x0000027cf1948920
Event: 16.780 Thread 0x0000027cf194b710 Thread exited: 0x0000027cf194b710
Event: 16.780 Thread 0x0000027cf909fea0 Thread exited: 0x0000027cf909fea0
Event: 16.780 Thread 0x0000027cf1948fb0 Thread exited: 0x0000027cf1948fb0
Event: 16.780 Thread 0x0000027cf90a1250 Thread exited: 0x0000027cf90a1250
Event: 17.056 Thread 0x0000027cf84366f0 Thread exited: 0x0000027cf84366f0
Event: 17.056 Thread 0x0000027cf18e2950 Thread exited: 0x0000027cf18e2950
Event: 17.291 Thread 0x0000027cf84366f0 Thread added: 0x0000027cf84366f0
Event: 17.362 Thread 0x0000027cf8798b20 Thread added: 0x0000027cf8798b20
Event: 17.766 Thread 0x0000027cf8798b20 Thread exited: 0x0000027cf8798b20
Event: 17.872 Thread 0x0000027cf84366f0 Thread exited: 0x0000027cf84366f0
Event: 19.314 Thread 0x0000027cf7278050 Thread added: 0x0000027cf7278050
Event: 19.503 Thread 0x0000027cf64d4be0 Thread added: 0x0000027cf64d4be0


Dynamic libraries:
0x00007ff67a2f0000 - 0x00007ff67a300000 	D:\java\jdk21\bin\java.exe
0x00007ffe79c90000 - 0x00007ffe79e88000 	C:\WINDOWS\SYSTEM32\ntdll.dll
0x00007ffe78d10000 - 0x00007ffe78dd2000 	C:\WINDOWS\System32\KERNEL32.DLL
0x00007ffe77330000 - 0x00007ffe7762f000 	C:\WINDOWS\System32\KERNELBASE.dll
0x00007ffe77630000 - 0x00007ffe77730000 	C:\WINDOWS\System32\ucrtbase.dll
0x00007ffe593c0000 - 0x00007ffe593d9000 	D:\java\jdk21\bin\jli.dll
0x00007ffe59270000 - 0x00007ffe5928b000 	D:\java\jdk21\bin\VCRUNTIME140.dll
0x00007ffe780a0000 - 0x00007ffe7814f000 	C:\WINDOWS\System32\ADVAPI32.dll
0x00007ffe78f90000 - 0x00007ffe7902e000 	C:\WINDOWS\System32\msvcrt.dll
0x00007ffe799e0000 - 0x00007ffe79a7f000 	C:\WINDOWS\System32\sechost.dll
0x00007ffe789c0000 - 0x00007ffe78ae3000 	C:\WINDOWS\System32\RPCRT4.dll
0x00007ffe77bf0000 - 0x00007ffe77c17000 	C:\WINDOWS\System32\bcrypt.dll
0x00007ffe77d20000 - 0x00007ffe77ebd000 	C:\WINDOWS\System32\USER32.dll
0x00007ffe777f0000 - 0x00007ffe77812000 	C:\WINDOWS\System32\win32u.dll
0x00007ffe68e00000 - 0x00007ffe6909a000 	C:\WINDOWS\WinSxS\amd64_microsoft.windows.common-controls_6595b64144ccf1df_6.0.19041.4355_none_60b8b9eb71f62e16\COMCTL32.dll
0x00007ffe79560000 - 0x00007ffe7958b000 	C:\WINDOWS\System32\GDI32.dll
0x00007ffe77820000 - 0x00007ffe7793a000 	C:\WINDOWS\System32\gdi32full.dll
0x00007ffe779f0000 - 0x00007ffe77a8d000 	C:\WINDOWS\System32\msvcp_win.dll
0x00007ffe700e0000 - 0x00007ffe700ea000 	C:\WINDOWS\SYSTEM32\VERSION.dll
0x00007ffe77f90000 - 0x00007ffe77fbf000 	C:\WINDOWS\System32\IMM32.DLL
0x00007ffe6df80000 - 0x00007ffe6df8c000 	D:\java\jdk21\bin\vcruntime140_1.dll
0x00007ffe4b340000 - 0x00007ffe4b3ce000 	D:\java\jdk21\bin\msvcp140.dll
0x00007ffdda7d0000 - 0x00007ffddb4ea000 	D:\java\jdk21\bin\server\jvm.dll
0x00007ffe78af0000 - 0x00007ffe78b5b000 	C:\WINDOWS\System32\WS2_32.dll
0x00007ffe76870000 - 0x00007ffe768bb000 	C:\WINDOWS\SYSTEM32\POWRPROF.dll
0x00007ffe6b7a0000 - 0x00007ffe6b7c7000 	C:\WINDOWS\SYSTEM32\WINMM.dll
0x00007ffe76730000 - 0x00007ffe76742000 	C:\WINDOWS\SYSTEM32\UMPDC.dll
0x00007ffe75b50000 - 0x00007ffe75b62000 	C:\WINDOWS\SYSTEM32\kernel.appcore.dll
0x00007ffe6d610000 - 0x00007ffe6d61a000 	D:\java\jdk21\bin\jimage.dll
0x00007ffe75850000 - 0x00007ffe75a34000 	C:\WINDOWS\SYSTEM32\DBGHELP.DLL
0x00007ffe55f60000 - 0x00007ffe55f94000 	C:\WINDOWS\SYSTEM32\dbgcore.DLL
0x00007ffe77c20000 - 0x00007ffe77ca2000 	C:\WINDOWS\System32\bcryptPrimitives.dll
0x00007ffe59250000 - 0x00007ffe5926f000 	D:\java\jdk21\bin\java.dll
0x00007ffe78240000 - 0x00007ffe789ad000 	C:\WINDOWS\System32\SHELL32.dll
0x00007ffe74fd0000 - 0x00007ffe75774000 	C:\WINDOWS\SYSTEM32\windows.storage.dll
0x00007ffe79680000 - 0x00007ffe799d5000 	C:\WINDOWS\System32\combase.dll
0x00007ffe76d60000 - 0x00007ffe76d8b000 	C:\WINDOWS\SYSTEM32\Wldp.dll
0x00007ffe77ec0000 - 0x00007ffe77f8d000 	C:\WINDOWS\System32\OLEAUT32.dll
0x00007ffe79a80000 - 0x00007ffe79b2d000 	C:\WINDOWS\System32\SHCORE.dll
0x00007ffe79590000 - 0x00007ffe795e5000 	C:\WINDOWS\System32\shlwapi.dll
0x00007ffe77260000 - 0x00007ffe77285000 	C:\WINDOWS\SYSTEM32\profapi.dll
0x00007ffe3e860000 - 0x00007ffe3e937000 	D:\java\jdk21\bin\jsvml.dll
0x00007ffe6d5e0000 - 0x00007ffe6d5f0000 	D:\java\jdk21\bin\net.dll
0x00007ffe74300000 - 0x00007ffe7440a000 	C:\WINDOWS\SYSTEM32\WINHTTP.dll
0x00007ffe76ac0000 - 0x00007ffe76b2c000 	C:\WINDOWS\system32\mswsock.dll
0x00007ffe591d0000 - 0x00007ffe591e6000 	D:\java\jdk21\bin\nio.dll
0x00007ffe59160000 - 0x00007ffe59178000 	D:\java\jdk21\bin\zip.dll
0x00007ffe58ef0000 - 0x00007ffe58f14000 	D:\Maven\apache-maven-3.9.9\lib\jansi-native\Windows\x86_64\jansi.dll
0x00007ffe58fd0000 - 0x00007ffe58fe0000 	D:\java\jdk21\bin\verify.dll
0x00007ffe765c0000 - 0x00007ffe765f3000 	C:\WINDOWS\SYSTEM32\ntmarta.dll

dbghelp: loaded successfully - version: 4.0.5 - missing functions: none
symbol engine: initialized successfully - sym options: 0x614 - pdb path: .;D:\java\jdk21\bin;C:\WINDOWS\SYSTEM32;C:\WINDOWS\WinSxS\amd64_microsoft.windows.common-controls_6595b64144ccf1df_6.0.19041.4355_none_60b8b9eb71f62e16;D:\java\jdk21\bin\server;D:\Maven\apache-maven-3.9.9\lib\jansi-native\Windows\x86_64

VM Arguments:
jvm_args: -Dclassworlds.conf=D:\Maven\apache-maven-3.9.9\bin\m2.conf -Dmaven.home=D:\Maven\apache-maven-3.9.9 -Dlibrary.jansi.path=D:\Maven\apache-maven-3.9.9\lib\jansi-native -Dmaven.multiModuleProjectDirectory=D:\CODE WEB\page-movie-management\demo 
java_command: org.codehaus.plexus.classworlds.launcher.Launcher clean package
java_class_path (initial): D:\Maven\apache-maven-3.9.9\boot\plexus-classworlds-2.8.0.jar
Launcher Type: SUN_STANDARD

[Global flags]
     intx CICompilerCount                          = 4                                         {product} {ergonomic}
     uint ConcGCThreads                            = 2                                         {product} {ergonomic}
     uint G1ConcRefinementThreads                  = 8                                         {product} {ergonomic}
   size_t G1HeapRegionSize                         = 2097152                                   {product} {ergonomic}
    uintx GCDrainStackTargetSize                   = 64                                        {product} {ergonomic}
   size_t InitialHeapSize                          = 264241152                                 {product} {ergonomic}
   size_t MarkStackSize                            = 4194304                                   {product} {ergonomic}
   size_t MaxHeapSize                              = 4225761280                                {product} {ergonomic}
   size_t MaxNewSize                               = 2535456768                                {product} {ergonomic}
   size_t MinHeapDeltaBytes                        = 2097152                                   {product} {ergonomic}
   size_t MinHeapSize                              = 8388608                                   {product} {ergonomic}
    uintx NonNMethodCodeHeapSize                   = 5839372                                {pd product} {ergonomic}
    uintx NonProfiledCodeHeapSize                  = 122909434                              {pd product} {ergonomic}
    uintx ProfiledCodeHeapSize                     = 122909434                              {pd product} {ergonomic}
    uintx ReservedCodeCacheSize                    = 251658240                              {pd product} {ergonomic}
     bool SegmentedCodeCache                       = true                                      {product} {ergonomic}
   size_t SoftMaxHeapSize                          = 4225761280                             {manageable} {ergonomic}
     bool UseCompressedOops                        = true                           {product lp64_product} {ergonomic}
     bool UseG1GC                                  = true                                      {product} {ergonomic}
     bool UseLargePagesIndividualAllocation        = false                                  {pd product} {ergonomic}

Logging:
Log output configuration:
 #0: stdout all=warning uptime,level,tags foldmultilines=false
 #1: stderr all=off uptime,level,tags foldmultilines=false

Environment Variables:
JAVA_HOME=D:\java\jdk21
PATH=C:\Program Files\Microsoft MPI\Bin\;C:\Program Files\Common Files\Oracle\Java\javapath;C:\WINDOWS\system32;C:\WINDOWS;C:\WINDOWS\System32\Wbem;C:\WINDOWS\System32\WindowsPowerShell\v1.0\;C:\WINDOWS\System32\OpenSSH\;C:\Program Files\Microsoft SQL Server\Client SDK\ODBC\170\Tools\Binn\;D:\Install\bin;D:\Git\cmd;D:\XAMPP\php;C:\ProgramData\ComposerSetup\bin;C:\mingw64\bin;C:\TDM-GCC-32\bin;D:\notejs\;D:\XAMPP\mysql\bin;D:\Maven\bin;D:\Maven\apache-maven-3.9.9\bin;C:\Program Files (x86)\Microsoft SQL Server\160\Tools\Binn\;C:\Program Files\Microsoft SQL Server\160\Tools\Binn\;C:\Program Files\Microsoft SQL Server\160\DTS\Binn\;C:\Program Files (x86)\Microsoft SQL Server\160\DTS\Binn\;D:\python\Scripts\;D:\python\;D:\java\jdk21\bin;D:\Microsoft VS Code\bin;C:\Users\dell\AppData\Roaming\Composer\vendor\bin;C:\mingw64\bin;C:\Users\dell\AppData\Roaming\npm;D:\nodejs;D:\PyCharm\PyCharm Community Edition 2024.2.4\bin;;D:\Wireshark;D:\python3.10;D:\python39;D:\JetBrains\IntelliJ IDEA 2024.3.4.1\bin;;D:\Maven\bin;
USERNAME=dell
OS=Windows_NT
PROCESSOR_IDENTIFIER=Intel64 Family 6 Model 140 Stepping 1, GenuineIntel
TMP=C:\Users\dell\AppData\Local\Temp
TEMP=C:\Users\dell\AppData\Local\Temp




Periodic native trim disabled

---------------  S Y S T E M  ---------------

OS:
 Windows 10 , 64 bit Build 19041 (10.0.19041.5438)
OS uptime: 0 days 8:42 hours

CPU: total 8 (initial active 8) (4 cores per cpu, 2 threads per core) family 6 model 140 stepping 1 microcode 0xba, cx8, cmov, fxsr, ht, mmx, 3dnowpref, sse, sse2, sse3, ssse3, sse4.1, sse4.2, popcnt, lzcnt, tsc, tscinvbit, avx, avx2, aes, erms, clmul, bmi1, bmi2, adx, avx512f, avx512dq, avx512cd, avx512bw, avx512vl, sha, fma, vzeroupper, avx512_vpopcntdq, avx512_vpclmulqdq, avx512_vaes, avx512_vnni, clflush, clflushopt, clwb, avx512_vbmi2, avx512_vbmi, rdtscp, rdpid, fsrm, gfni, avx512_bitalg, f16c, pku, cet_ibt, cet_ss, avx512_ifma
Processor Information for all 8 processors :
  Max Mhz: 2419, Current Mhz: 2419, Mhz Limit: 2419

Memory: 4k page, system-wide physical 16118M (3986M free)
TotalPageFile size 18130M (AvailPageFile size 10M)
current process WorkingSet (physical memory assigned to process): 240M, peak: 245M
current process commit charge ("private bytes"): 273M, peak: 392M

vm_info: Java HotSpot(TM) 64-Bit Server VM (21.0.6+8-LTS-188) for windows-amd64 JRE (21.0.6+8-LTS-188), built on 2024-12-03T10:50:54Z by "mach5one" with MS VC++ 17.6 (VS2022)

END.
